<?xml version="1.0" encoding="UTF-8"?>
<testsuite name="koin.repositories.pedido.PedidoRepositoryTest" tests="7" skipped="0" failures="0" errors="0" timestamp="2023-02-10T19:54:44" hostname="LOLI-LAPTOP" time="0.807">
  <properties/>
  <testcase name="delete()" classname="koin.repositories.pedido.PedidoRepositoryTest" time="0.189"/>
  <testcase name="findAll()" classname="koin.repositories.pedido.PedidoRepositoryTest" time="0.099"/>
  <testcase name="findById()" classname="koin.repositories.pedido.PedidoRepositoryTest" time="0.092"/>
  <testcase name="findByUuid()" classname="koin.repositories.pedido.PedidoRepositoryTest" time="0.102"/>
  <testcase name="save()" classname="koin.repositories.pedido.PedidoRepositoryTest" time="0.093"/>
  <testcase name="findByIdNotExists()" classname="koin.repositories.pedido.PedidoRepositoryTest" time="0.096"/>
  <testcase name="deleteNotExists()" classname="koin.repositories.pedido.PedidoRepositoryTest" time="0.133"/>
  <system-out><![CDATA[20:54:44.409 [AsyncGetter-5-thread-1] DEBUG org.mongodb.driver.protocol.command - Sending command '{"drop": "pedido", "$db": "practica03mongoIvanLoli", "$clusterTime": {"clusterTime": {"$timestamp": {"t": 1676058880, "i": 6}}, "signature": {"hash": {"$binary": {"base64": "Ohvyg3RoZZ6yoFjFFW309N/7bjg=", "subType": "00"}}, "keyId": 7161871216054108163}}, "lsid": {"id": {"$binary": {"base64": "iaaDCEpQRkC2MlqJ67VcNQ==", "subType": "04"}}}}' with request id 76 to database practica03mongoIvanLoli on connection [connectionId{localValue:7, serverValue:268692}] to server ac-o2suyf6-shard-00-02.7qtbnuz.mongodb.net:27017
20:54:44.448 [async-channel-group-0-handler-executor] DEBUG org.mongodb.driver.protocol.command - Execution of command with request id 76 failed to complete successfully in 39.01 ms on connection [connectionId{localValue:7, serverValue:268692}] to server ac-o2suyf6-shard-00-02.7qtbnuz.mongodb.net:27017
com.mongodb.MongoCommandException: Command failed with error 26 (NamespaceNotFound): 'ns not found' on server ac-o2suyf6-shard-00-02.7qtbnuz.mongodb.net:27017. The full response is {"ok": 0.0, "errmsg": "ns not found", "code": 26, "codeName": "NamespaceNotFound", "$clusterTime": {"clusterTime": {"$timestamp": {"t": 1676058880, "i": 9}}, "signature": {"hash": {"$binary": {"base64": "Ohvyg3RoZZ6yoFjFFW309N/7bjg=", "subType": "00"}}, "keyId": 7161871216054108163}}, "operationTime": {"$timestamp": {"t": 1676058880, "i": 9}}}
	at com.mongodb.internal.connection.ProtocolHelper.getCommandFailureException(ProtocolHelper.java:198)
	at com.mongodb.internal.connection.InternalStreamConnection$2$1.onResult(InternalStreamConnection.java:512)
	at com.mongodb.internal.connection.InternalStreamConnection$2$1.onResult(InternalStreamConnection.java:498)
	at com.mongodb.internal.connection.InternalStreamConnection$MessageHeaderCallback$MessageCallback.onResult(InternalStreamConnection.java:821)
	at com.mongodb.internal.connection.InternalStreamConnection$MessageHeaderCallback$MessageCallback.onResult(InternalStreamConnection.java:785)
	at com.mongodb.internal.connection.InternalStreamConnection$5.completed(InternalStreamConnection.java:645)
	at com.mongodb.internal.connection.InternalStreamConnection$5.completed(InternalStreamConnection.java:642)
	at com.mongodb.internal.connection.AsynchronousChannelStream$BasicCompletionHandler.completed(AsynchronousChannelStream.java:250)
	at com.mongodb.internal.connection.AsynchronousChannelStream$BasicCompletionHandler.completed(AsynchronousChannelStream.java:233)
	at com.mongodb.internal.connection.tlschannel.async.AsynchronousTlsChannel.lambda$read$4(AsynchronousTlsChannel.java:122)
	at java.base/java.util.concurrent.Executors$RunnableAdapter.call(Executors.java:539)
	at java.base/java.util.concurrent.FutureTask.run(FutureTask.java:264)
	at java.base/java.util.concurrent.ThreadPoolExecutor.runWorker(ThreadPoolExecutor.java:1136)
	at java.base/java.util.concurrent.ThreadPoolExecutor$Worker.run(ThreadPoolExecutor.java:635)
	at java.base/java.lang.Thread.run(Thread.java:833)
20:54:44.460 [AsyncGetter-5-thread-1] DEBUG org.mongodb.driver.protocol.command - Sending command '{"update": "pedido", "ordered": true, "txnNumber": 13, "$db": "practica03mongoIvanLoli", "$clusterTime": {"clusterTime": {"$timestamp": {"t": 1676058880, "i": 9}}, "signature": {"hash": {"$binary": {"base64": "Ohvyg3RoZZ6yoFjFFW309N/7bjg=", "subType": "00"}}, "keyId": 7161871216054108163}}, "lsid": {"id": {"$binary": {"base64": "iaaDCEpQRkC2MlqJ67VcNQ==", "subType": "04"}}}, "updates": [{"q": {"_id": {"$oid": "63e6a10461c2a601272c4fff"}}, "u": {"_id": {"$oid": "63e6a10461c2a601272c4fff"}, "uuid": {"$binary": {"base64": "p0gQAGmNqZPMiuqWtQVPsw==", "subType": "03"}}, "userId": {"$binary": {"base64": "p0gGAGmNqZOag+qWtQVPsw==", "subType": "03"}}, "state": "PROCESO", "fechaEntrada": {"$date": "2013-10-10T00:00:00Z"}, "fechaSalida": {"$date": "2023-12-12T00:00:00Z"}, "topeEntrega": {"$date": "2023-12-14T00:00:00Z"}, "precio": 0.0}, "upsert": true}]}' with request id 77 to database practica03mongoIvanLoli on connection [connectionId{localValue:7, serverValue:268692}] to server ac-o2suyf6-shard-00-02.7qtbnuz.mongodb.net:27017
20:54:44.536 [async-channel-group-0-handler-executor] DEBUG org.mongodb.driver.protocol.command - Execution of command with request id 77 completed successfully in 76.36 ms on connection [connectionId{localValue:7, serverValue:268692}] to server ac-o2suyf6-shard-00-02.7qtbnuz.mongodb.net:27017
20:54:44.543 [DefaultDispatcher-worker-2 @coroutine#752] DEBUG koin.repositories.pedido.PedidoRepository - delete(63e6a10461c2a601272c4fff)
20:54:44.544 [AsyncGetter-5-thread-1] DEBUG org.mongodb.driver.protocol.command - Sending command '{"find": "pedido", "filter": {"_id": {"$oid": "63e6a10461c2a601272c4fff"}}, "limit": 1, "singleBatch": true, "$db": "practica03mongoIvanLoli", "$clusterTime": {"clusterTime": {"$timestamp": {"t": 1676058881, "i": 1}}, "signature": {"hash": {"$binary": {"base64": "7OtndwlWjGRd2NA0Hr2YcsormA8=", "subType": "00"}}, "keyId": 7161871216054108163}}, "lsid": {"id": {"$binary": {"base64": "iaaDCEpQRkC2MlqJ67VcNQ==", "subType": "04"}}}}' with request id 78 to database practica03mongoIvanLoli on connection [connectionId{localValue:7, serverValue:268692}] to server ac-o2suyf6-shard-00-02.7qtbnuz.mongodb.net:27017
20:54:44.585 [async-channel-group-0-handler-executor] DEBUG org.mongodb.driver.protocol.command - Execution of command with request id 78 completed successfully in 41.55 ms on connection [connectionId{localValue:7, serverValue:268692}] to server ac-o2suyf6-shard-00-02.7qtbnuz.mongodb.net:27017
20:54:44.588 [async-channel-group-0-handler-executor] DEBUG org.mongodb.driver.operation - Received batch of 1 documents with cursorId 0 from server ac-o2suyf6-shard-00-02.7qtbnuz.mongodb.net:27017
20:54:44.590 [AsyncGetter-5-thread-1] DEBUG org.mongodb.driver.protocol.command - Sending command '{"delete": "pedido", "ordered": true, "txnNumber": 14, "$db": "practica03mongoIvanLoli", "$clusterTime": {"clusterTime": {"$timestamp": {"t": 1676058881, "i": 1}}, "signature": {"hash": {"$binary": {"base64": "7OtndwlWjGRd2NA0Hr2YcsormA8=", "subType": "00"}}, "keyId": 7161871216054108163}}, "lsid": {"id": {"$binary": {"base64": "iaaDCEpQRkC2MlqJ67VcNQ==", "subType": "04"}}}, "deletes": [{"q": {"_id": {"$oid": "63e6a10461c2a601272c4fff"}}, "limit": 1}]}' with request id 79 to database practica03mongoIvanLoli on connection [connectionId{localValue:7, serverValue:268692}] to server ac-o2suyf6-shard-00-02.7qtbnuz.mongodb.net:27017
20:54:44.634 [async-channel-group-0-handler-executor] DEBUG org.mongodb.driver.protocol.command - Execution of command with request id 79 completed successfully in 43.89 ms on connection [connectionId{localValue:7, serverValue:268692}] to server ac-o2suyf6-shard-00-02.7qtbnuz.mongodb.net:27017
20:54:44.639 [AsyncGetter-5-thread-1] DEBUG org.mongodb.driver.protocol.command - Sending command '{"update": "pedido", "ordered": true, "txnNumber": 15, "$db": "practica03mongoIvanLoli", "$clusterTime": {"clusterTime": {"$timestamp": {"t": 1676058881, "i": 2}}, "signature": {"hash": {"$binary": {"base64": "7OtndwlWjGRd2NA0Hr2YcsormA8=", "subType": "00"}}, "keyId": 7161871216054108163}}, "lsid": {"id": {"$binary": {"base64": "iaaDCEpQRkC2MlqJ67VcNQ==", "subType": "04"}}}, "updates": [{"q": {"_id": {"$oid": "63e6a10461c2a601272c4fff"}}, "u": {"_id": {"$oid": "63e6a10461c2a601272c4fff"}, "uuid": {"$binary": {"base64": "p0gQAGmNqZPMiuqWtQVPsw==", "subType": "03"}}, "userId": {"$binary": {"base64": "p0gGAGmNqZOag+qWtQVPsw==", "subType": "03"}}, "state": "PROCESO", "fechaEntrada": {"$date": "2013-10-10T00:00:00Z"}, "fechaSalida": {"$date": "2023-12-12T00:00:00Z"}, "topeEntrega": {"$date": "2023-12-14T00:00:00Z"}, "precio": 0.0}, "upsert": true}]}' with request id 80 to database practica03mongoIvanLoli on connection [connectionId{localValue:7, serverValue:268692}] to server ac-o2suyf6-shard-00-02.7qtbnuz.mongodb.net:27017
20:54:44.684 [async-channel-group-0-handler-executor] DEBUG org.mongodb.driver.protocol.command - Execution of command with request id 80 completed successfully in 45.06 ms on connection [connectionId{localValue:7, serverValue:268692}] to server ac-o2suyf6-shard-00-02.7qtbnuz.mongodb.net:27017
20:54:44.690 [DefaultDispatcher-worker-2 @coroutine#757] DEBUG koin.repositories.pedido.PedidoRepository - findAll()
20:54:44.691 [AsyncGetter-5-thread-1] DEBUG org.mongodb.driver.protocol.command - Sending command '{"find": "pedido", "filter": {}, "batchSize": 64, "$db": "practica03mongoIvanLoli", "$clusterTime": {"clusterTime": {"$timestamp": {"t": 1676058881, "i": 3}}, "signature": {"hash": {"$binary": {"base64": "7OtndwlWjGRd2NA0Hr2YcsormA8=", "subType": "00"}}, "keyId": 7161871216054108163}}, "lsid": {"id": {"$binary": {"base64": "iaaDCEpQRkC2MlqJ67VcNQ==", "subType": "04"}}}}' with request id 81 to database practica03mongoIvanLoli on connection [connectionId{localValue:7, serverValue:268692}] to server ac-o2suyf6-shard-00-02.7qtbnuz.mongodb.net:27017
20:54:44.731 [async-channel-group-0-handler-executor] DEBUG org.mongodb.driver.protocol.command - Execution of command with request id 81 completed successfully in 39.44 ms on connection [connectionId{localValue:7, serverValue:268692}] to server ac-o2suyf6-shard-00-02.7qtbnuz.mongodb.net:27017
20:54:44.732 [async-channel-group-0-handler-executor] DEBUG org.mongodb.driver.operation - Received batch of 1 documents with cursorId 0 from server ac-o2suyf6-shard-00-02.7qtbnuz.mongodb.net:27017
20:54:44.739 [AsyncGetter-5-thread-1] DEBUG org.mongodb.driver.protocol.command - Sending command '{"update": "pedido", "ordered": true, "txnNumber": 16, "$db": "practica03mongoIvanLoli", "$clusterTime": {"clusterTime": {"$timestamp": {"t": 1676058881, "i": 3}}, "signature": {"hash": {"$binary": {"base64": "7OtndwlWjGRd2NA0Hr2YcsormA8=", "subType": "00"}}, "keyId": 7161871216054108163}}, "lsid": {"id": {"$binary": {"base64": "iaaDCEpQRkC2MlqJ67VcNQ==", "subType": "04"}}}, "updates": [{"q": {"_id": {"$oid": "63e6a10461c2a601272c4fff"}}, "u": {"_id": {"$oid": "63e6a10461c2a601272c4fff"}, "uuid": {"$binary": {"base64": "p0gQAGmNqZPMiuqWtQVPsw==", "subType": "03"}}, "userId": {"$binary": {"base64": "p0gGAGmNqZOag+qWtQVPsw==", "subType": "03"}}, "state": "PROCESO", "fechaEntrada": {"$date": "2013-10-10T00:00:00Z"}, "fechaSalida": {"$date": "2023-12-12T00:00:00Z"}, "topeEntrega": {"$date": "2023-12-14T00:00:00Z"}, "precio": 0.0}, "upsert": true}]}' with request id 82 to database practica03mongoIvanLoli on connection [connectionId{localValue:7, serverValue:268692}] to server ac-o2suyf6-shard-00-02.7qtbnuz.mongodb.net:27017
20:54:44.780 [async-channel-group-0-handler-executor] DEBUG org.mongodb.driver.protocol.command - Execution of command with request id 82 completed successfully in 42.02 ms on connection [connectionId{localValue:7, serverValue:268692}] to server ac-o2suyf6-shard-00-02.7qtbnuz.mongodb.net:27017
20:54:44.787 [DefaultDispatcher-worker-2 @coroutine#763] DEBUG koin.repositories.pedido.PedidoRepository - findById(63e6a10461c2a601272c4fff)
20:54:44.789 [AsyncGetter-5-thread-1] DEBUG org.mongodb.driver.protocol.command - Sending command '{"find": "pedido", "filter": {"_id": {"$oid": "63e6a10461c2a601272c4fff"}}, "limit": 1, "singleBatch": true, "$db": "practica03mongoIvanLoli", "$clusterTime": {"clusterTime": {"$timestamp": {"t": 1676058881, "i": 3}}, "signature": {"hash": {"$binary": {"base64": "7OtndwlWjGRd2NA0Hr2YcsormA8=", "subType": "00"}}, "keyId": 7161871216054108163}}, "lsid": {"id": {"$binary": {"base64": "iaaDCEpQRkC2MlqJ67VcNQ==", "subType": "04"}}}}' with request id 83 to database practica03mongoIvanLoli on connection [connectionId{localValue:7, serverValue:268692}] to server ac-o2suyf6-shard-00-02.7qtbnuz.mongodb.net:27017
20:54:44.827 [async-channel-group-0-handler-executor] DEBUG org.mongodb.driver.protocol.command - Execution of command with request id 83 completed successfully in 38.62 ms on connection [connectionId{localValue:7, serverValue:268692}] to server ac-o2suyf6-shard-00-02.7qtbnuz.mongodb.net:27017
20:54:44.827 [async-channel-group-0-handler-executor] DEBUG org.mongodb.driver.operation - Received batch of 1 documents with cursorId 0 from server ac-o2suyf6-shard-00-02.7qtbnuz.mongodb.net:27017
20:54:44.832 [AsyncGetter-5-thread-1] DEBUG org.mongodb.driver.protocol.command - Sending command '{"update": "pedido", "ordered": true, "txnNumber": 17, "$db": "practica03mongoIvanLoli", "$clusterTime": {"clusterTime": {"$timestamp": {"t": 1676058881, "i": 3}}, "signature": {"hash": {"$binary": {"base64": "7OtndwlWjGRd2NA0Hr2YcsormA8=", "subType": "00"}}, "keyId": 7161871216054108163}}, "lsid": {"id": {"$binary": {"base64": "iaaDCEpQRkC2MlqJ67VcNQ==", "subType": "04"}}}, "updates": [{"q": {"_id": {"$oid": "63e6a10461c2a601272c4fff"}}, "u": {"_id": {"$oid": "63e6a10461c2a601272c4fff"}, "uuid": {"$binary": {"base64": "p0gQAGmNqZPMiuqWtQVPsw==", "subType": "03"}}, "userId": {"$binary": {"base64": "p0gGAGmNqZOag+qWtQVPsw==", "subType": "03"}}, "state": "PROCESO", "fechaEntrada": {"$date": "2013-10-10T00:00:00Z"}, "fechaSalida": {"$date": "2023-12-12T00:00:00Z"}, "topeEntrega": {"$date": "2023-12-14T00:00:00Z"}, "precio": 0.0}, "upsert": true}]}' with request id 84 to database practica03mongoIvanLoli on connection [connectionId{localValue:7, serverValue:268692}] to server ac-o2suyf6-shard-00-02.7qtbnuz.mongodb.net:27017
20:54:44.872 [async-channel-group-0-handler-executor] DEBUG org.mongodb.driver.protocol.command - Execution of command with request id 84 completed successfully in 40.83 ms on connection [connectionId{localValue:7, serverValue:268692}] to server ac-o2suyf6-shard-00-02.7qtbnuz.mongodb.net:27017
20:54:44.877 [DefaultDispatcher-worker-2 @coroutine#768] DEBUG koin.repositories.pedido.PedidoRepository - findByUUID(93a98d69-0010-48a7-b34f-05b596ea8acc)
20:54:44.880 [AsyncGetter-5-thread-1] DEBUG org.mongodb.driver.protocol.command - Sending command '{"find": "pedido", "filter": {}, "batchSize": 64, "$db": "practica03mongoIvanLoli", "$clusterTime": {"clusterTime": {"$timestamp": {"t": 1676058881, "i": 4}}, "signature": {"hash": {"$binary": {"base64": "7OtndwlWjGRd2NA0Hr2YcsormA8=", "subType": "00"}}, "keyId": 7161871216054108163}}, "lsid": {"id": {"$binary": {"base64": "iaaDCEpQRkC2MlqJ67VcNQ==", "subType": "04"}}}}' with request id 85 to database practica03mongoIvanLoli on connection [connectionId{localValue:7, serverValue:268692}] to server ac-o2suyf6-shard-00-02.7qtbnuz.mongodb.net:27017
20:54:44.922 [async-channel-group-0-handler-executor] DEBUG org.mongodb.driver.protocol.command - Execution of command with request id 85 completed successfully in 43.75 ms on connection [connectionId{localValue:7, serverValue:268692}] to server ac-o2suyf6-shard-00-02.7qtbnuz.mongodb.net:27017
20:54:44.923 [async-channel-group-0-handler-executor] DEBUG org.mongodb.driver.operation - Received batch of 1 documents with cursorId 0 from server ac-o2suyf6-shard-00-02.7qtbnuz.mongodb.net:27017
20:54:44.934 [AsyncGetter-5-thread-1] DEBUG org.mongodb.driver.protocol.command - Sending command '{"update": "pedido", "ordered": true, "txnNumber": 18, "$db": "practica03mongoIvanLoli", "$clusterTime": {"clusterTime": {"$timestamp": {"t": 1676058881, "i": 4}}, "signature": {"hash": {"$binary": {"base64": "7OtndwlWjGRd2NA0Hr2YcsormA8=", "subType": "00"}}, "keyId": 7161871216054108163}}, "lsid": {"id": {"$binary": {"base64": "iaaDCEpQRkC2MlqJ67VcNQ==", "subType": "04"}}}, "updates": [{"q": {"_id": {"$oid": "63e6a10461c2a601272c4fff"}}, "u": {"_id": {"$oid": "63e6a10461c2a601272c4fff"}, "uuid": {"$binary": {"base64": "p0gQAGmNqZPMiuqWtQVPsw==", "subType": "03"}}, "userId": {"$binary": {"base64": "p0gGAGmNqZOag+qWtQVPsw==", "subType": "03"}}, "state": "PROCESO", "fechaEntrada": {"$date": "2013-10-10T00:00:00Z"}, "fechaSalida": {"$date": "2023-12-12T00:00:00Z"}, "topeEntrega": {"$date": "2023-12-14T00:00:00Z"}, "precio": 0.0}, "upsert": true}]}' with request id 86 to database practica03mongoIvanLoli on connection [connectionId{localValue:7, serverValue:268692}] to server ac-o2suyf6-shard-00-02.7qtbnuz.mongodb.net:27017
20:54:44.973 [async-channel-group-0-handler-executor] DEBUG org.mongodb.driver.protocol.command - Execution of command with request id 86 completed successfully in 40.00 ms on connection [connectionId{localValue:7, serverValue:268692}] to server ac-o2suyf6-shard-00-02.7qtbnuz.mongodb.net:27017
20:54:44.981 [DefaultDispatcher-worker-2 @coroutine#773] DEBUG koin.repositories.pedido.PedidoRepository - save(Pedido(id=63e6a10461c2a601272c4fff, uuid=93a98d69-0010-48a7-b34f-05b596ea8acc, userId=93a98d69-0006-48a7-b34f-05b596ea839a, state=PROCESO, fechaEntrada=2013-10-10, fechaSalida=2023-12-12, topeEntrega=2023-12-14, precio=0.0))
20:54:44.983 [AsyncGetter-5-thread-1] DEBUG org.mongodb.driver.protocol.command - Sending command '{"update": "pedido", "ordered": true, "txnNumber": 19, "$db": "practica03mongoIvanLoli", "$clusterTime": {"clusterTime": {"$timestamp": {"t": 1676058881, "i": 4}}, "signature": {"hash": {"$binary": {"base64": "7OtndwlWjGRd2NA0Hr2YcsormA8=", "subType": "00"}}, "keyId": 7161871216054108163}}, "lsid": {"id": {"$binary": {"base64": "iaaDCEpQRkC2MlqJ67VcNQ==", "subType": "04"}}}, "updates": [{"q": {"_id": {"$oid": "63e6a10461c2a601272c4fff"}}, "u": {"_id": {"$oid": "63e6a10461c2a601272c4fff"}, "uuid": {"$binary": {"base64": "p0gQAGmNqZPMiuqWtQVPsw==", "subType": "03"}}, "userId": {"$binary": {"base64": "p0gGAGmNqZOag+qWtQVPsw==", "subType": "03"}}, "state": "PROCESO", "fechaEntrada": {"$date": "2013-10-10T00:00:00Z"}, "fechaSalida": {"$date": "2023-12-12T00:00:00Z"}, "topeEntrega": {"$date": "2023-12-14T00:00:00Z"}, "precio": 0.0}, "upsert": true}]}' with request id 87 to database practica03mongoIvanLoli on connection [connectionId{localValue:7, serverValue:268692}] to server ac-o2suyf6-shard-00-02.7qtbnuz.mongodb.net:27017
20:54:45.022 [async-channel-group-0-handler-executor] DEBUG org.mongodb.driver.protocol.command - Execution of command with request id 87 completed successfully in 38.88 ms on connection [connectionId{localValue:7, serverValue:268692}] to server ac-o2suyf6-shard-00-02.7qtbnuz.mongodb.net:27017
20:54:45.027 [AsyncGetter-5-thread-1] DEBUG org.mongodb.driver.protocol.command - Sending command '{"update": "pedido", "ordered": true, "txnNumber": 20, "$db": "practica03mongoIvanLoli", "$clusterTime": {"clusterTime": {"$timestamp": {"t": 1676058881, "i": 4}}, "signature": {"hash": {"$binary": {"base64": "7OtndwlWjGRd2NA0Hr2YcsormA8=", "subType": "00"}}, "keyId": 7161871216054108163}}, "lsid": {"id": {"$binary": {"base64": "iaaDCEpQRkC2MlqJ67VcNQ==", "subType": "04"}}}, "updates": [{"q": {"_id": {"$oid": "63e6a10461c2a601272c4fff"}}, "u": {"_id": {"$oid": "63e6a10461c2a601272c4fff"}, "uuid": {"$binary": {"base64": "p0gQAGmNqZPMiuqWtQVPsw==", "subType": "03"}}, "userId": {"$binary": {"base64": "p0gGAGmNqZOag+qWtQVPsw==", "subType": "03"}}, "state": "PROCESO", "fechaEntrada": {"$date": "2013-10-10T00:00:00Z"}, "fechaSalida": {"$date": "2023-12-12T00:00:00Z"}, "topeEntrega": {"$date": "2023-12-14T00:00:00Z"}, "precio": 0.0}, "upsert": true}]}' with request id 88 to database practica03mongoIvanLoli on connection [connectionId{localValue:7, serverValue:268692}] to server ac-o2suyf6-shard-00-02.7qtbnuz.mongodb.net:27017
20:54:45.069 [async-channel-group-0-handler-executor] DEBUG org.mongodb.driver.protocol.command - Execution of command with request id 88 completed successfully in 42.35 ms on connection [connectionId{localValue:7, serverValue:268692}] to server ac-o2suyf6-shard-00-02.7qtbnuz.mongodb.net:27017
20:54:45.073 [DefaultDispatcher-worker-2 @coroutine#778] DEBUG koin.repositories.pedido.PedidoRepository - findById(63e6a10561c2a601272c5000)
20:54:45.074 [AsyncGetter-5-thread-1] DEBUG org.mongodb.driver.protocol.command - Sending command '{"find": "pedido", "filter": {"_id": {"$oid": "63e6a10561c2a601272c5000"}}, "limit": 1, "singleBatch": true, "$db": "practica03mongoIvanLoli", "$clusterTime": {"clusterTime": {"$timestamp": {"t": 1676058881, "i": 4}}, "signature": {"hash": {"$binary": {"base64": "7OtndwlWjGRd2NA0Hr2YcsormA8=", "subType": "00"}}, "keyId": 7161871216054108163}}, "lsid": {"id": {"$binary": {"base64": "iaaDCEpQRkC2MlqJ67VcNQ==", "subType": "04"}}}}' with request id 89 to database practica03mongoIvanLoli on connection [connectionId{localValue:7, serverValue:268692}] to server ac-o2suyf6-shard-00-02.7qtbnuz.mongodb.net:27017
20:54:45.120 [async-channel-group-0-handler-executor] DEBUG org.mongodb.driver.protocol.command - Execution of command with request id 89 completed successfully in 46.08 ms on connection [connectionId{localValue:7, serverValue:268692}] to server ac-o2suyf6-shard-00-02.7qtbnuz.mongodb.net:27017
20:54:45.121 [async-channel-group-0-handler-executor] DEBUG org.mongodb.driver.operation - Received batch of 0 documents with cursorId 0 from server ac-o2suyf6-shard-00-02.7qtbnuz.mongodb.net:27017
20:54:45.124 [AsyncGetter-5-thread-1] DEBUG org.mongodb.driver.protocol.command - Sending command '{"update": "pedido", "ordered": true, "txnNumber": 21, "$db": "practica03mongoIvanLoli", "$clusterTime": {"clusterTime": {"$timestamp": {"t": 1676058881, "i": 6}}, "signature": {"hash": {"$binary": {"base64": "7OtndwlWjGRd2NA0Hr2YcsormA8=", "subType": "00"}}, "keyId": 7161871216054108163}}, "lsid": {"id": {"$binary": {"base64": "iaaDCEpQRkC2MlqJ67VcNQ==", "subType": "04"}}}, "updates": [{"q": {"_id": {"$oid": "63e6a10461c2a601272c4fff"}}, "u": {"_id": {"$oid": "63e6a10461c2a601272c4fff"}, "uuid": {"$binary": {"base64": "p0gQAGmNqZPMiuqWtQVPsw==", "subType": "03"}}, "userId": {"$binary": {"base64": "p0gGAGmNqZOag+qWtQVPsw==", "subType": "03"}}, "state": "PROCESO", "fechaEntrada": {"$date": "2013-10-10T00:00:00Z"}, "fechaSalida": {"$date": "2023-12-12T00:00:00Z"}, "topeEntrega": {"$date": "2023-12-14T00:00:00Z"}, "precio": 0.0}, "upsert": true}]}' with request id 90 to database practica03mongoIvanLoli on connection [connectionId{localValue:7, serverValue:268692}] to server ac-o2suyf6-shard-00-02.7qtbnuz.mongodb.net:27017
20:54:45.165 [async-channel-group-0-handler-executor] DEBUG org.mongodb.driver.protocol.command - Execution of command with request id 90 completed successfully in 41.73 ms on connection [connectionId{localValue:7, serverValue:268692}] to server ac-o2suyf6-shard-00-02.7qtbnuz.mongodb.net:27017
20:54:45.170 [DefaultDispatcher-worker-2 @coroutine#783] DEBUG koin.repositories.pedido.PedidoRepository - delete(63e6a10561c2a601272c5001)
20:54:45.172 [AsyncGetter-5-thread-1] DEBUG org.mongodb.driver.protocol.command - Sending command '{"find": "pedido", "filter": {"_id": {"$oid": "63e6a10561c2a601272c5001"}}, "limit": 1, "singleBatch": true, "$db": "practica03mongoIvanLoli", "$clusterTime": {"clusterTime": {"$timestamp": {"t": 1676058881, "i": 7}}, "signature": {"hash": {"$binary": {"base64": "7OtndwlWjGRd2NA0Hr2YcsormA8=", "subType": "00"}}, "keyId": 7161871216054108163}}, "lsid": {"id": {"$binary": {"base64": "iaaDCEpQRkC2MlqJ67VcNQ==", "subType": "04"}}}}' with request id 91 to database practica03mongoIvanLoli on connection [connectionId{localValue:7, serverValue:268692}] to server ac-o2suyf6-shard-00-02.7qtbnuz.mongodb.net:27017
20:54:45.211 [async-channel-group-0-handler-executor] DEBUG org.mongodb.driver.protocol.command - Execution of command with request id 91 completed successfully in 40.04 ms on connection [connectionId{localValue:7, serverValue:268692}] to server ac-o2suyf6-shard-00-02.7qtbnuz.mongodb.net:27017
20:54:45.211 [async-channel-group-0-handler-executor] DEBUG org.mongodb.driver.operation - Received batch of 0 documents with cursorId 0 from server ac-o2suyf6-shard-00-02.7qtbnuz.mongodb.net:27017
20:54:45.214 [AsyncGetter-5-thread-1] DEBUG org.mongodb.driver.protocol.command - Sending command '{"delete": "pedido", "ordered": true, "txnNumber": 22, "$db": "practica03mongoIvanLoli", "$clusterTime": {"clusterTime": {"$timestamp": {"t": 1676058881, "i": 9}}, "signature": {"hash": {"$binary": {"base64": "7OtndwlWjGRd2NA0Hr2YcsormA8=", "subType": "00"}}, "keyId": 7161871216054108163}}, "lsid": {"id": {"$binary": {"base64": "iaaDCEpQRkC2MlqJ67VcNQ==", "subType": "04"}}}, "deletes": [{"q": {"_id": {"$oid": "63e6a10561c2a601272c5001"}}, "limit": 1}]}' with request id 92 to database practica03mongoIvanLoli on connection [connectionId{localValue:7, serverValue:268692}] to server ac-o2suyf6-shard-00-02.7qtbnuz.mongodb.net:27017
20:54:45.253 [async-channel-group-0-handler-executor] DEBUG org.mongodb.driver.protocol.command - Execution of command with request id 92 completed successfully in 40.33 ms on connection [connectionId{localValue:7, serverValue:268692}] to server ac-o2suyf6-shard-00-02.7qtbnuz.mongodb.net:27017
20:54:45.257 [AsyncGetter-5-thread-1] DEBUG org.mongodb.driver.protocol.command - Sending command '{"drop": "pedido", "$db": "practica03mongoIvanLoli", "$clusterTime": {"clusterTime": {"$timestamp": {"t": 1676058881, "i": 9}}, "signature": {"hash": {"$binary": {"base64": "7OtndwlWjGRd2NA0Hr2YcsormA8=", "subType": "00"}}, "keyId": 7161871216054108163}}, "lsid": {"id": {"$binary": {"base64": "iaaDCEpQRkC2MlqJ67VcNQ==", "subType": "04"}}}}' with request id 93 to database practica03mongoIvanLoli on connection [connectionId{localValue:7, serverValue:268692}] to server ac-o2suyf6-shard-00-02.7qtbnuz.mongodb.net:27017
20:54:45.310 [async-channel-group-0-handler-executor] DEBUG org.mongodb.driver.protocol.command - Execution of command with request id 93 completed successfully in 52.02 ms on connection [connectionId{localValue:7, serverValue:268692}] to server ac-o2suyf6-shard-00-02.7qtbnuz.mongodb.net:27017
]]></system-out>
  <system-err><![CDATA[]]></system-err>
</testsuite>
