<?xml version="1.0" encoding="UTF-8"?>
<testsuite name="koin.repositories.tarea.TareaRepositoryCachedTest" tests="8" skipped="0" failures="0" errors="0" timestamp="2023-02-10T19:54:46" hostname="LOLI-LAPTOP" time="0.956">
  <properties/>
  <testcase name="setFinalizada()" classname="koin.repositories.tarea.TareaRepositoryCachedTest" time="0.011"/>
  <testcase name="delete()" classname="koin.repositories.tarea.TareaRepositoryCachedTest" time="0.012"/>
  <testcase name="findAll()" classname="koin.repositories.tarea.TareaRepositoryCachedTest" time="0.587"/>
  <testcase name="findById()" classname="koin.repositories.tarea.TareaRepositoryCachedTest" time="0.012"/>
  <testcase name="findByUUID()" classname="koin.repositories.tarea.TareaRepositoryCachedTest" time="0.013"/>
  <testcase name="save()" classname="koin.repositories.tarea.TareaRepositoryCachedTest" time="0.303"/>
  <testcase name="findByUUIDNotExists()" classname="koin.repositories.tarea.TareaRepositoryCachedTest" time="0.008"/>
  <testcase name="findByIdNotExists()" classname="koin.repositories.tarea.TareaRepositoryCachedTest" time="0.008"/>
  <system-out><![CDATA[20:54:46.824 [Test worker] DEBUG koin.services.cache.tarea.TareaCache - Initializing TareaCache...
20:54:46.828 [Test worker] DEBUG io.mockk.impl.instantiation.AbstractMockFactory - Creating spyk for TareaCache name=cache#705
20:54:46.856 [Test worker] DEBUG io.mockk.impl.instantiation.AbstractMockFactory - Creating mockk for TareaRepository name=repo#706
20:54:46.891 [DefaultDispatcher-worker-2 @coroutine#886] DEBUG io.mockk.impl.recording.states.AnsweringState - Answering 60000 on TareaCache(cache#705).getRefreshTime()
20:54:46.895 [Test worker @coroutine#887] DEBUG io.mockk.impl.instantiation.AbstractMockFactory - Creating mockk for Tarea name=child of repo#706#707
20:54:46.896 [DefaultDispatcher-worker-2] DEBUG io.mockk.impl.recording.states.AnsweringState - Answering Tarea(id=63e6a10661c2a601272c5007, uuid=93a98d69-0013-48a7-b34f-05b596ea83cc, raquetaId=93a98d69-0001-48a7-b34f-05b596ea83ba, precio=0.0, tipo=ADQUISICION, finalizada=false, pedidoId=93a98d69-0010-48a7-b34f-05b596ea8acc, productoAdquiridoId=93a98d69-0004-48a7-b34f-05b596ea83aa, peso=null, balance=null, rigidez=null, tensionHorizontal=null, cordajeHorizontalId=null, tensionVertical=null, cordajeVerticalId=null, dosNudos=null) on TareaRepository(repo#706).setFinalizada(63e6a10661c2a601272c5007, continuation {})
20:54:46.905 [Test worker @coroutine#893] DEBUG io.mockk.impl.instantiation.AbstractMockFactory - Creating mockk for Tarea name=child of repo#706#708
20:54:46.905 [Test worker @coroutine#893] DEBUG io.mockk.impl.instantiation.AbstractMockFactory - Creating mockk for Tarea name=child of repo#706#709
20:54:46.907 [DefaultDispatcher-worker-2] DEBUG io.mockk.impl.recording.states.AnsweringState - Answering Tarea(id=63e6a10661c2a601272c5007, uuid=93a98d69-0013-48a7-b34f-05b596ea83cc, raquetaId=93a98d69-0001-48a7-b34f-05b596ea83ba, precio=0.0, tipo=ADQUISICION, finalizada=false, pedidoId=93a98d69-0010-48a7-b34f-05b596ea8acc, productoAdquiridoId=93a98d69-0004-48a7-b34f-05b596ea83aa, peso=null, balance=null, rigidez=null, tensionHorizontal=null, cordajeHorizontalId=null, tensionVertical=null, cordajeVerticalId=null, dosNudos=null) on TareaRepository(repo#706).delete(63e6a10661c2a601272c5007, continuation {})
20:54:46.909 [DefaultDispatcher-worker-2] DEBUG io.mockk.impl.recording.states.AnsweringState - Answering io.github.reactivecircus.cache4k.RealCache@2d2540e6 on TareaCache(cache#705).getCache()
20:54:46.918 [Test worker @coroutine#901] DEBUG io.mockk.impl.instantiation.AbstractMockFactory - Creating mockk for Flow name=child of repo#706#710
20:54:46.922 [DefaultDispatcher-worker-2] DEBUG io.mockk.impl.recording.states.AnsweringState - Answering kotlinx.coroutines.flow.FlowKt__BuildersKt$flowOf$$inlined$unsafeFlow$2@4f69a2ad on TareaRepository(repo#706).findAll(continuation {})
20:54:47.503 [Test worker @coroutine#923] DEBUG io.mockk.impl.instantiation.AbstractMockFactory - Creating mockk for Tarea name=child of repo#706#711
20:54:47.505 [DefaultDispatcher-worker-3] DEBUG io.mockk.impl.recording.states.AnsweringState - Answering Tarea(id=63e6a10661c2a601272c5007, uuid=93a98d69-0013-48a7-b34f-05b596ea83cc, raquetaId=93a98d69-0001-48a7-b34f-05b596ea83ba, precio=0.0, tipo=ADQUISICION, finalizada=false, pedidoId=93a98d69-0010-48a7-b34f-05b596ea8acc, productoAdquiridoId=93a98d69-0004-48a7-b34f-05b596ea83aa, peso=null, balance=null, rigidez=null, tensionHorizontal=null, cordajeHorizontalId=null, tensionVertical=null, cordajeVerticalId=null, dosNudos=null) on TareaRepository(repo#706).findById(63e6a10661c2a601272c5007, continuation {})
20:54:47.515 [Test worker @coroutine#929] DEBUG io.mockk.impl.instantiation.AbstractMockFactory - Creating mockk for Tarea name=child of repo#706#712
20:54:47.518 [DefaultDispatcher-worker-3] DEBUG io.mockk.impl.recording.states.AnsweringState - Answering io.github.reactivecircus.cache4k.RealCache@2d2540e6 on TareaCache(cache#705).getCache()
20:54:47.519 [DefaultDispatcher-worker-3] DEBUG io.mockk.impl.recording.states.AnsweringState - Answering Tarea(id=63e6a10661c2a601272c5007, uuid=93a98d69-0013-48a7-b34f-05b596ea83cc, raquetaId=93a98d69-0001-48a7-b34f-05b596ea83ba, precio=0.0, tipo=ADQUISICION, finalizada=false, pedidoId=93a98d69-0010-48a7-b34f-05b596ea8acc, productoAdquiridoId=93a98d69-0004-48a7-b34f-05b596ea83aa, peso=null, balance=null, rigidez=null, tensionHorizontal=null, cordajeHorizontalId=null, tensionVertical=null, cordajeVerticalId=null, dosNudos=null) on TareaRepository(repo#706).findByUUID(93a98d69-0013-48a7-b34f-05b596ea83cc, continuation {})
20:54:47.525 [Test worker @background work runner#932] DEBUG io.mockk.impl.instantiation.AbstractMockFactory - Creating mockk for Tarea name=child of repo#706#713
20:54:47.529 [Test worker @coroutine#935] DEBUG io.mockk.impl.instantiation.AbstractMockFactory - Creating mockk for Tarea name=child of repo#706#714
20:54:47.531 [DefaultDispatcher-worker-3] DEBUG io.mockk.impl.recording.states.AnsweringState - Answering Tarea(id=63e6a10661c2a601272c5007, uuid=93a98d69-0013-48a7-b34f-05b596ea83cc, raquetaId=93a98d69-0001-48a7-b34f-05b596ea83ba, precio=0.0, tipo=ADQUISICION, finalizada=false, pedidoId=93a98d69-0010-48a7-b34f-05b596ea8acc, productoAdquiridoId=93a98d69-0004-48a7-b34f-05b596ea83aa, peso=null, balance=null, rigidez=null, tensionHorizontal=null, cordajeHorizontalId=null, tensionVertical=null, cordajeVerticalId=null, dosNudos=null) on TareaRepository(repo#706).save(Tarea(id=63e6a10661c2a601272c5007, uuid=93a98d69-0013-48a7-b34f-05b596ea83cc, raquetaId=93a98d69-0001-48a7-b34f-05b596ea83ba, precio=0.0, tipo=ADQUISICION, finalizada=false, pedidoId=93a98d69-0010-48a7-b34f-05b596ea8acc, productoAdquiridoId=93a98d69-0004-48a7-b34f-05b596ea83aa, peso=null, balance=null, rigidez=null, tensionHorizontal=null, cordajeHorizontalId=null, tensionVertical=null, cordajeVerticalId=null, dosNudos=null), continuation {})
20:54:47.833 [DefaultDispatcher-worker-2] DEBUG io.mockk.impl.recording.states.AnsweringState - Answering io.github.reactivecircus.cache4k.RealCache@2d2540e6 on TareaCache(cache#705).getCache()
20:54:47.834 [DefaultDispatcher-worker-2] DEBUG io.mockk.impl.recording.states.AnsweringState - Answering null on TareaRepository(repo#706).findByUUID(0cd2c852-479a-4803-b99f-fd1d7371ef93, continuation {})
20:54:47.841 [DefaultDispatcher-worker-4] DEBUG io.mockk.impl.recording.states.AnsweringState - Answering null on TareaRepository(repo#706).findById(63e6a10761c2a601272c50d0, continuation {})
]]></system-out>
  <system-err><![CDATA[]]></system-err>
</testsuite>
