<?xml version="1.0" encoding="UTF-8"?>
<testsuite name="koin.repositories.pedido.PedidoRepositoryTest" tests="7" skipped="0" failures="0" errors="0" timestamp="2023-02-10T19:47:40" hostname="LOLI-LAPTOP" time="0.843">
  <properties/>
  <testcase name="delete()" classname="koin.repositories.pedido.PedidoRepositoryTest" time="0.203"/>
  <testcase name="findAll()" classname="koin.repositories.pedido.PedidoRepositoryTest" time="0.107"/>
  <testcase name="findById()" classname="koin.repositories.pedido.PedidoRepositoryTest" time="0.096"/>
  <testcase name="findByUuid()" classname="koin.repositories.pedido.PedidoRepositoryTest" time="0.098"/>
  <testcase name="save()" classname="koin.repositories.pedido.PedidoRepositoryTest" time="0.099"/>
  <testcase name="findByIdNotExists()" classname="koin.repositories.pedido.PedidoRepositoryTest" time="0.096"/>
  <testcase name="deleteNotExists()" classname="koin.repositories.pedido.PedidoRepositoryTest" time="0.143"/>
  <system-out><![CDATA[20:47:40.912 [AsyncGetter-5-thread-1] DEBUG org.mongodb.driver.protocol.command - Sending command '{"drop": "pedido", "$db": "practica03mongoIvanLoli", "$clusterTime": {"clusterTime": {"$timestamp": {"t": 1676058457, "i": 3}}, "signature": {"hash": {"$binary": {"base64": "5iaSQoPIO9QPFcJ7EN8urKl8pdk=", "subType": "00"}}, "keyId": 7161871216054108163}}, "lsid": {"id": {"$binary": {"base64": "sH556KejSCSwUATTPzPu5w==", "subType": "04"}}}}' with request id 85 to database practica03mongoIvanLoli on connection [connectionId{localValue:11, serverValue:268597}] to server ac-o2suyf6-shard-00-02.7qtbnuz.mongodb.net:27017
20:47:40.965 [async-channel-group-0-handler-executor] DEBUG org.mongodb.driver.protocol.command - Execution of command with request id 85 completed successfully in 53.63 ms on connection [connectionId{localValue:11, serverValue:268597}] to server ac-o2suyf6-shard-00-02.7qtbnuz.mongodb.net:27017
20:47:40.972 [AsyncGetter-5-thread-1] DEBUG org.mongodb.driver.protocol.command - Sending command '{"update": "pedido", "ordered": true, "txnNumber": 13, "$db": "practica03mongoIvanLoli", "$clusterTime": {"clusterTime": {"$timestamp": {"t": 1676058457, "i": 5}}, "signature": {"hash": {"$binary": {"base64": "5iaSQoPIO9QPFcJ7EN8urKl8pdk=", "subType": "00"}}, "keyId": 7161871216054108163}}, "lsid": {"id": {"$binary": {"base64": "sH556KejSCSwUATTPzPu5w==", "subType": "04"}}}, "updates": [{"q": {"_id": {"$oid": "63e69f5c3d878c607c737083"}}, "u": {"_id": {"$oid": "63e69f5c3d878c607c737083"}, "uuid": {"$binary": {"base64": "p0gQAGmNqZPMiuqWtQVPsw==", "subType": "03"}}, "userId": {"$binary": {"base64": "p0gGAGmNqZOag+qWtQVPsw==", "subType": "03"}}, "state": "PROCESO", "fechaEntrada": {"$date": "2013-10-10T00:00:00Z"}, "fechaSalida": {"$date": "2023-12-12T00:00:00Z"}, "topeEntrega": {"$date": "2023-12-14T00:00:00Z"}, "precio": 0.0}, "upsert": true}]}' with request id 86 to database practica03mongoIvanLoli on connection [connectionId{localValue:11, serverValue:268597}] to server ac-o2suyf6-shard-00-02.7qtbnuz.mongodb.net:27017
20:47:41.055 [async-channel-group-0-handler-executor] DEBUG org.mongodb.driver.protocol.command - Execution of command with request id 86 completed successfully in 83.39 ms on connection [connectionId{localValue:11, serverValue:268597}] to server ac-o2suyf6-shard-00-02.7qtbnuz.mongodb.net:27017
20:47:41.067 [DefaultDispatcher-worker-1 @coroutine#752] DEBUG koin.repositories.pedido.PedidoRepository - delete(63e69f5c3d878c607c737083)
20:47:41.069 [AsyncGetter-5-thread-1] DEBUG org.mongodb.driver.protocol.command - Sending command '{"find": "pedido", "filter": {"_id": {"$oid": "63e69f5c3d878c607c737083"}}, "limit": 1, "singleBatch": true, "$db": "practica03mongoIvanLoli", "$clusterTime": {"clusterTime": {"$timestamp": {"t": 1676058457, "i": 7}}, "signature": {"hash": {"$binary": {"base64": "5iaSQoPIO9QPFcJ7EN8urKl8pdk=", "subType": "00"}}, "keyId": 7161871216054108163}}, "lsid": {"id": {"$binary": {"base64": "sH556KejSCSwUATTPzPu5w==", "subType": "04"}}}}' with request id 87 to database practica03mongoIvanLoli on connection [connectionId{localValue:11, serverValue:268597}] to server ac-o2suyf6-shard-00-02.7qtbnuz.mongodb.net:27017
20:47:41.113 [async-channel-group-0-handler-executor] DEBUG org.mongodb.driver.protocol.command - Execution of command with request id 87 completed successfully in 43.81 ms on connection [connectionId{localValue:11, serverValue:268597}] to server ac-o2suyf6-shard-00-02.7qtbnuz.mongodb.net:27017
20:47:41.113 [async-channel-group-0-handler-executor] DEBUG org.mongodb.driver.operation - Received batch of 1 documents with cursorId 0 from server ac-o2suyf6-shard-00-02.7qtbnuz.mongodb.net:27017
20:47:41.115 [AsyncGetter-5-thread-1] DEBUG org.mongodb.driver.protocol.command - Sending command '{"delete": "pedido", "ordered": true, "txnNumber": 14, "$db": "practica03mongoIvanLoli", "$clusterTime": {"clusterTime": {"$timestamp": {"t": 1676058457, "i": 7}}, "signature": {"hash": {"$binary": {"base64": "5iaSQoPIO9QPFcJ7EN8urKl8pdk=", "subType": "00"}}, "keyId": 7161871216054108163}}, "lsid": {"id": {"$binary": {"base64": "sH556KejSCSwUATTPzPu5w==", "subType": "04"}}}, "deletes": [{"q": {"_id": {"$oid": "63e69f5c3d878c607c737083"}}, "limit": 1}]}' with request id 88 to database practica03mongoIvanLoli on connection [connectionId{localValue:11, serverValue:268597}] to server ac-o2suyf6-shard-00-02.7qtbnuz.mongodb.net:27017
20:47:41.165 [async-channel-group-0-handler-executor] DEBUG org.mongodb.driver.protocol.command - Execution of command with request id 88 completed successfully in 49.87 ms on connection [connectionId{localValue:11, serverValue:268597}] to server ac-o2suyf6-shard-00-02.7qtbnuz.mongodb.net:27017
20:47:41.172 [AsyncGetter-5-thread-1] DEBUG org.mongodb.driver.protocol.command - Sending command '{"update": "pedido", "ordered": true, "txnNumber": 15, "$db": "practica03mongoIvanLoli", "$clusterTime": {"clusterTime": {"$timestamp": {"t": 1676058457, "i": 8}}, "signature": {"hash": {"$binary": {"base64": "5iaSQoPIO9QPFcJ7EN8urKl8pdk=", "subType": "00"}}, "keyId": 7161871216054108163}}, "lsid": {"id": {"$binary": {"base64": "sH556KejSCSwUATTPzPu5w==", "subType": "04"}}}, "updates": [{"q": {"_id": {"$oid": "63e69f5c3d878c607c737083"}}, "u": {"_id": {"$oid": "63e69f5c3d878c607c737083"}, "uuid": {"$binary": {"base64": "p0gQAGmNqZPMiuqWtQVPsw==", "subType": "03"}}, "userId": {"$binary": {"base64": "p0gGAGmNqZOag+qWtQVPsw==", "subType": "03"}}, "state": "PROCESO", "fechaEntrada": {"$date": "2013-10-10T00:00:00Z"}, "fechaSalida": {"$date": "2023-12-12T00:00:00Z"}, "topeEntrega": {"$date": "2023-12-14T00:00:00Z"}, "precio": 0.0}, "upsert": true}]}' with request id 89 to database practica03mongoIvanLoli on connection [connectionId{localValue:11, serverValue:268597}] to server ac-o2suyf6-shard-00-02.7qtbnuz.mongodb.net:27017
20:47:41.219 [async-channel-group-0-handler-executor] DEBUG org.mongodb.driver.protocol.command - Execution of command with request id 89 completed successfully in 47.84 ms on connection [connectionId{localValue:11, serverValue:268597}] to server ac-o2suyf6-shard-00-02.7qtbnuz.mongodb.net:27017
20:47:41.225 [DefaultDispatcher-worker-1 @coroutine#757] DEBUG koin.repositories.pedido.PedidoRepository - findAll()
20:47:41.226 [AsyncGetter-5-thread-1] DEBUG org.mongodb.driver.protocol.command - Sending command '{"find": "pedido", "filter": {}, "batchSize": 64, "$db": "practica03mongoIvanLoli", "$clusterTime": {"clusterTime": {"$timestamp": {"t": 1676058457, "i": 10}}, "signature": {"hash": {"$binary": {"base64": "5iaSQoPIO9QPFcJ7EN8urKl8pdk=", "subType": "00"}}, "keyId": 7161871216054108163}}, "lsid": {"id": {"$binary": {"base64": "sH556KejSCSwUATTPzPu5w==", "subType": "04"}}}}' with request id 90 to database practica03mongoIvanLoli on connection [connectionId{localValue:11, serverValue:268597}] to server ac-o2suyf6-shard-00-02.7qtbnuz.mongodb.net:27017
20:47:41.270 [async-channel-group-0-handler-executor] DEBUG org.mongodb.driver.protocol.command - Execution of command with request id 90 completed successfully in 43.83 ms on connection [connectionId{localValue:11, serverValue:268597}] to server ac-o2suyf6-shard-00-02.7qtbnuz.mongodb.net:27017
20:47:41.270 [async-channel-group-0-handler-executor] DEBUG org.mongodb.driver.operation - Received batch of 1 documents with cursorId 0 from server ac-o2suyf6-shard-00-02.7qtbnuz.mongodb.net:27017
20:47:41.278 [AsyncGetter-5-thread-1] DEBUG org.mongodb.driver.protocol.command - Sending command '{"update": "pedido", "ordered": true, "txnNumber": 16, "$db": "practica03mongoIvanLoli", "$clusterTime": {"clusterTime": {"$timestamp": {"t": 1676058457, "i": 10}}, "signature": {"hash": {"$binary": {"base64": "5iaSQoPIO9QPFcJ7EN8urKl8pdk=", "subType": "00"}}, "keyId": 7161871216054108163}}, "lsid": {"id": {"$binary": {"base64": "sH556KejSCSwUATTPzPu5w==", "subType": "04"}}}, "updates": [{"q": {"_id": {"$oid": "63e69f5c3d878c607c737083"}}, "u": {"_id": {"$oid": "63e69f5c3d878c607c737083"}, "uuid": {"$binary": {"base64": "p0gQAGmNqZPMiuqWtQVPsw==", "subType": "03"}}, "userId": {"$binary": {"base64": "p0gGAGmNqZOag+qWtQVPsw==", "subType": "03"}}, "state": "PROCESO", "fechaEntrada": {"$date": "2013-10-10T00:00:00Z"}, "fechaSalida": {"$date": "2023-12-12T00:00:00Z"}, "topeEntrega": {"$date": "2023-12-14T00:00:00Z"}, "precio": 0.0}, "upsert": true}]}' with request id 91 to database practica03mongoIvanLoli on connection [connectionId{localValue:11, serverValue:268597}] to server ac-o2suyf6-shard-00-02.7qtbnuz.mongodb.net:27017
20:47:41.320 [async-channel-group-0-handler-executor] DEBUG org.mongodb.driver.protocol.command - Execution of command with request id 91 completed successfully in 42.54 ms on connection [connectionId{localValue:11, serverValue:268597}] to server ac-o2suyf6-shard-00-02.7qtbnuz.mongodb.net:27017
20:47:41.326 [DefaultDispatcher-worker-1 @coroutine#763] DEBUG koin.repositories.pedido.PedidoRepository - findById(63e69f5c3d878c607c737083)
20:47:41.328 [AsyncGetter-5-thread-1] DEBUG org.mongodb.driver.protocol.command - Sending command '{"find": "pedido", "filter": {"_id": {"$oid": "63e69f5c3d878c607c737083"}}, "limit": 1, "singleBatch": true, "$db": "practica03mongoIvanLoli", "$clusterTime": {"clusterTime": {"$timestamp": {"t": 1676058457, "i": 10}}, "signature": {"hash": {"$binary": {"base64": "5iaSQoPIO9QPFcJ7EN8urKl8pdk=", "subType": "00"}}, "keyId": 7161871216054108163}}, "lsid": {"id": {"$binary": {"base64": "sH556KejSCSwUATTPzPu5w==", "subType": "04"}}}}' with request id 92 to database practica03mongoIvanLoli on connection [connectionId{localValue:11, serverValue:268597}] to server ac-o2suyf6-shard-00-02.7qtbnuz.mongodb.net:27017
20:47:41.371 [async-channel-group-0-handler-executor] DEBUG org.mongodb.driver.protocol.command - Execution of command with request id 92 completed successfully in 43.04 ms on connection [connectionId{localValue:11, serverValue:268597}] to server ac-o2suyf6-shard-00-02.7qtbnuz.mongodb.net:27017
20:47:41.371 [async-channel-group-0-handler-executor] DEBUG org.mongodb.driver.operation - Received batch of 1 documents with cursorId 0 from server ac-o2suyf6-shard-00-02.7qtbnuz.mongodb.net:27017
20:47:41.374 [AsyncGetter-5-thread-1] DEBUG org.mongodb.driver.protocol.command - Sending command '{"update": "pedido", "ordered": true, "txnNumber": 17, "$db": "practica03mongoIvanLoli", "$clusterTime": {"clusterTime": {"$timestamp": {"t": 1676058457, "i": 11}}, "signature": {"hash": {"$binary": {"base64": "5iaSQoPIO9QPFcJ7EN8urKl8pdk=", "subType": "00"}}, "keyId": 7161871216054108163}}, "lsid": {"id": {"$binary": {"base64": "sH556KejSCSwUATTPzPu5w==", "subType": "04"}}}, "updates": [{"q": {"_id": {"$oid": "63e69f5c3d878c607c737083"}}, "u": {"_id": {"$oid": "63e69f5c3d878c607c737083"}, "uuid": {"$binary": {"base64": "p0gQAGmNqZPMiuqWtQVPsw==", "subType": "03"}}, "userId": {"$binary": {"base64": "p0gGAGmNqZOag+qWtQVPsw==", "subType": "03"}}, "state": "PROCESO", "fechaEntrada": {"$date": "2013-10-10T00:00:00Z"}, "fechaSalida": {"$date": "2023-12-12T00:00:00Z"}, "topeEntrega": {"$date": "2023-12-14T00:00:00Z"}, "precio": 0.0}, "upsert": true}]}' with request id 93 to database practica03mongoIvanLoli on connection [connectionId{localValue:11, serverValue:268597}] to server ac-o2suyf6-shard-00-02.7qtbnuz.mongodb.net:27017
20:47:41.416 [async-channel-group-0-handler-executor] DEBUG org.mongodb.driver.protocol.command - Execution of command with request id 93 completed successfully in 42.56 ms on connection [connectionId{localValue:11, serverValue:268597}] to server ac-o2suyf6-shard-00-02.7qtbnuz.mongodb.net:27017
20:47:41.420 [DefaultDispatcher-worker-1 @coroutine#768] DEBUG koin.repositories.pedido.PedidoRepository - findByUUID(93a98d69-0010-48a7-b34f-05b596ea8acc)
20:47:41.421 [AsyncGetter-5-thread-1] DEBUG org.mongodb.driver.protocol.command - Sending command '{"find": "pedido", "filter": {}, "batchSize": 64, "$db": "practica03mongoIvanLoli", "$clusterTime": {"clusterTime": {"$timestamp": {"t": 1676058457, "i": 11}}, "signature": {"hash": {"$binary": {"base64": "5iaSQoPIO9QPFcJ7EN8urKl8pdk=", "subType": "00"}}, "keyId": 7161871216054108163}}, "lsid": {"id": {"$binary": {"base64": "sH556KejSCSwUATTPzPu5w==", "subType": "04"}}}}' with request id 94 to database practica03mongoIvanLoli on connection [connectionId{localValue:11, serverValue:268597}] to server ac-o2suyf6-shard-00-02.7qtbnuz.mongodb.net:27017
20:47:41.464 [async-channel-group-0-handler-executor] DEBUG org.mongodb.driver.protocol.command - Execution of command with request id 94 completed successfully in 42.64 ms on connection [connectionId{localValue:11, serverValue:268597}] to server ac-o2suyf6-shard-00-02.7qtbnuz.mongodb.net:27017
20:47:41.464 [async-channel-group-0-handler-executor] DEBUG org.mongodb.driver.operation - Received batch of 1 documents with cursorId 0 from server ac-o2suyf6-shard-00-02.7qtbnuz.mongodb.net:27017
20:47:41.471 [AsyncGetter-5-thread-1] DEBUG org.mongodb.driver.protocol.command - Sending command '{"update": "pedido", "ordered": true, "txnNumber": 18, "$db": "practica03mongoIvanLoli", "$clusterTime": {"clusterTime": {"$timestamp": {"t": 1676058457, "i": 11}}, "signature": {"hash": {"$binary": {"base64": "5iaSQoPIO9QPFcJ7EN8urKl8pdk=", "subType": "00"}}, "keyId": 7161871216054108163}}, "lsid": {"id": {"$binary": {"base64": "sH556KejSCSwUATTPzPu5w==", "subType": "04"}}}, "updates": [{"q": {"_id": {"$oid": "63e69f5c3d878c607c737083"}}, "u": {"_id": {"$oid": "63e69f5c3d878c607c737083"}, "uuid": {"$binary": {"base64": "p0gQAGmNqZPMiuqWtQVPsw==", "subType": "03"}}, "userId": {"$binary": {"base64": "p0gGAGmNqZOag+qWtQVPsw==", "subType": "03"}}, "state": "PROCESO", "fechaEntrada": {"$date": "2013-10-10T00:00:00Z"}, "fechaSalida": {"$date": "2023-12-12T00:00:00Z"}, "topeEntrega": {"$date": "2023-12-14T00:00:00Z"}, "precio": 0.0}, "upsert": true}]}' with request id 95 to database practica03mongoIvanLoli on connection [connectionId{localValue:11, serverValue:268597}] to server ac-o2suyf6-shard-00-02.7qtbnuz.mongodb.net:27017
20:47:41.515 [async-channel-group-0-handler-executor] DEBUG org.mongodb.driver.protocol.command - Execution of command with request id 95 completed successfully in 43.09 ms on connection [connectionId{localValue:11, serverValue:268597}] to server ac-o2suyf6-shard-00-02.7qtbnuz.mongodb.net:27017
20:47:41.521 [DefaultDispatcher-worker-1 @coroutine#773] DEBUG koin.repositories.pedido.PedidoRepository - save(Pedido(id=63e69f5c3d878c607c737083, uuid=93a98d69-0010-48a7-b34f-05b596ea8acc, userId=93a98d69-0006-48a7-b34f-05b596ea839a, state=PROCESO, fechaEntrada=2013-10-10, fechaSalida=2023-12-12, topeEntrega=2023-12-14, precio=0.0))
20:47:41.523 [AsyncGetter-5-thread-1] DEBUG org.mongodb.driver.protocol.command - Sending command '{"update": "pedido", "ordered": true, "txnNumber": 19, "$db": "practica03mongoIvanLoli", "$clusterTime": {"clusterTime": {"$timestamp": {"t": 1676058457, "i": 11}}, "signature": {"hash": {"$binary": {"base64": "5iaSQoPIO9QPFcJ7EN8urKl8pdk=", "subType": "00"}}, "keyId": 7161871216054108163}}, "lsid": {"id": {"$binary": {"base64": "sH556KejSCSwUATTPzPu5w==", "subType": "04"}}}, "updates": [{"q": {"_id": {"$oid": "63e69f5c3d878c607c737083"}}, "u": {"_id": {"$oid": "63e69f5c3d878c607c737083"}, "uuid": {"$binary": {"base64": "p0gQAGmNqZPMiuqWtQVPsw==", "subType": "03"}}, "userId": {"$binary": {"base64": "p0gGAGmNqZOag+qWtQVPsw==", "subType": "03"}}, "state": "PROCESO", "fechaEntrada": {"$date": "2013-10-10T00:00:00Z"}, "fechaSalida": {"$date": "2023-12-12T00:00:00Z"}, "topeEntrega": {"$date": "2023-12-14T00:00:00Z"}, "precio": 0.0}, "upsert": true}]}' with request id 96 to database practica03mongoIvanLoli on connection [connectionId{localValue:11, serverValue:268597}] to server ac-o2suyf6-shard-00-02.7qtbnuz.mongodb.net:27017
20:47:41.566 [async-channel-group-0-handler-executor] DEBUG org.mongodb.driver.protocol.command - Execution of command with request id 96 completed successfully in 43.42 ms on connection [connectionId{localValue:11, serverValue:268597}] to server ac-o2suyf6-shard-00-02.7qtbnuz.mongodb.net:27017
20:47:41.571 [AsyncGetter-5-thread-1] DEBUG org.mongodb.driver.protocol.command - Sending command '{"update": "pedido", "ordered": true, "txnNumber": 20, "$db": "practica03mongoIvanLoli", "$clusterTime": {"clusterTime": {"$timestamp": {"t": 1676058457, "i": 11}}, "signature": {"hash": {"$binary": {"base64": "5iaSQoPIO9QPFcJ7EN8urKl8pdk=", "subType": "00"}}, "keyId": 7161871216054108163}}, "lsid": {"id": {"$binary": {"base64": "sH556KejSCSwUATTPzPu5w==", "subType": "04"}}}, "updates": [{"q": {"_id": {"$oid": "63e69f5c3d878c607c737083"}}, "u": {"_id": {"$oid": "63e69f5c3d878c607c737083"}, "uuid": {"$binary": {"base64": "p0gQAGmNqZPMiuqWtQVPsw==", "subType": "03"}}, "userId": {"$binary": {"base64": "p0gGAGmNqZOag+qWtQVPsw==", "subType": "03"}}, "state": "PROCESO", "fechaEntrada": {"$date": "2013-10-10T00:00:00Z"}, "fechaSalida": {"$date": "2023-12-12T00:00:00Z"}, "topeEntrega": {"$date": "2023-12-14T00:00:00Z"}, "precio": 0.0}, "upsert": true}]}' with request id 97 to database practica03mongoIvanLoli on connection [connectionId{localValue:11, serverValue:268597}] to server ac-o2suyf6-shard-00-02.7qtbnuz.mongodb.net:27017
20:47:41.615 [async-channel-group-0-handler-executor] DEBUG org.mongodb.driver.protocol.command - Execution of command with request id 97 completed successfully in 43.77 ms on connection [connectionId{localValue:11, serverValue:268597}] to server ac-o2suyf6-shard-00-02.7qtbnuz.mongodb.net:27017
20:47:41.618 [DefaultDispatcher-worker-1 @coroutine#778] DEBUG koin.repositories.pedido.PedidoRepository - findById(63e69f5d3d878c607c737084)
20:47:41.620 [AsyncGetter-5-thread-1] DEBUG org.mongodb.driver.protocol.command - Sending command '{"find": "pedido", "filter": {"_id": {"$oid": "63e69f5d3d878c607c737084"}}, "limit": 1, "singleBatch": true, "$db": "practica03mongoIvanLoli", "$clusterTime": {"clusterTime": {"$timestamp": {"t": 1676058457, "i": 11}}, "signature": {"hash": {"$binary": {"base64": "5iaSQoPIO9QPFcJ7EN8urKl8pdk=", "subType": "00"}}, "keyId": 7161871216054108163}}, "lsid": {"id": {"$binary": {"base64": "sH556KejSCSwUATTPzPu5w==", "subType": "04"}}}}' with request id 98 to database practica03mongoIvanLoli on connection [connectionId{localValue:11, serverValue:268597}] to server ac-o2suyf6-shard-00-02.7qtbnuz.mongodb.net:27017
20:47:41.664 [async-channel-group-0-handler-executor] DEBUG org.mongodb.driver.protocol.command - Execution of command with request id 98 completed successfully in 44.11 ms on connection [connectionId{localValue:11, serverValue:268597}] to server ac-o2suyf6-shard-00-02.7qtbnuz.mongodb.net:27017
20:47:41.665 [async-channel-group-0-handler-executor] DEBUG org.mongodb.driver.operation - Received batch of 0 documents with cursorId 0 from server ac-o2suyf6-shard-00-02.7qtbnuz.mongodb.net:27017
20:47:41.669 [AsyncGetter-5-thread-1] DEBUG org.mongodb.driver.protocol.command - Sending command '{"update": "pedido", "ordered": true, "txnNumber": 21, "$db": "practica03mongoIvanLoli", "$clusterTime": {"clusterTime": {"$timestamp": {"t": 1676058457, "i": 11}}, "signature": {"hash": {"$binary": {"base64": "5iaSQoPIO9QPFcJ7EN8urKl8pdk=", "subType": "00"}}, "keyId": 7161871216054108163}}, "lsid": {"id": {"$binary": {"base64": "sH556KejSCSwUATTPzPu5w==", "subType": "04"}}}, "updates": [{"q": {"_id": {"$oid": "63e69f5c3d878c607c737083"}}, "u": {"_id": {"$oid": "63e69f5c3d878c607c737083"}, "uuid": {"$binary": {"base64": "p0gQAGmNqZPMiuqWtQVPsw==", "subType": "03"}}, "userId": {"$binary": {"base64": "p0gGAGmNqZOag+qWtQVPsw==", "subType": "03"}}, "state": "PROCESO", "fechaEntrada": {"$date": "2013-10-10T00:00:00Z"}, "fechaSalida": {"$date": "2023-12-12T00:00:00Z"}, "topeEntrega": {"$date": "2023-12-14T00:00:00Z"}, "precio": 0.0}, "upsert": true}]}' with request id 99 to database practica03mongoIvanLoli on connection [connectionId{localValue:11, serverValue:268597}] to server ac-o2suyf6-shard-00-02.7qtbnuz.mongodb.net:27017
20:47:41.712 [async-channel-group-0-handler-executor] DEBUG org.mongodb.driver.protocol.command - Execution of command with request id 99 completed successfully in 44.11 ms on connection [connectionId{localValue:11, serverValue:268597}] to server ac-o2suyf6-shard-00-02.7qtbnuz.mongodb.net:27017
20:47:41.718 [DefaultDispatcher-worker-1 @coroutine#783] DEBUG koin.repositories.pedido.PedidoRepository - delete(63e69f5d3d878c607c737085)
20:47:41.719 [AsyncGetter-5-thread-1] DEBUG org.mongodb.driver.protocol.command - Sending command '{"find": "pedido", "filter": {"_id": {"$oid": "63e69f5d3d878c607c737085"}}, "limit": 1, "singleBatch": true, "$db": "practica03mongoIvanLoli", "$clusterTime": {"clusterTime": {"$timestamp": {"t": 1676058457, "i": 11}}, "signature": {"hash": {"$binary": {"base64": "5iaSQoPIO9QPFcJ7EN8urKl8pdk=", "subType": "00"}}, "keyId": 7161871216054108163}}, "lsid": {"id": {"$binary": {"base64": "sH556KejSCSwUATTPzPu5w==", "subType": "04"}}}}' with request id 100 to database practica03mongoIvanLoli on connection [connectionId{localValue:11, serverValue:268597}] to server ac-o2suyf6-shard-00-02.7qtbnuz.mongodb.net:27017
20:47:41.762 [async-channel-group-0-handler-executor] DEBUG org.mongodb.driver.protocol.command - Execution of command with request id 100 completed successfully in 42.83 ms on connection [connectionId{localValue:11, serverValue:268597}] to server ac-o2suyf6-shard-00-02.7qtbnuz.mongodb.net:27017
20:47:41.762 [async-channel-group-0-handler-executor] DEBUG org.mongodb.driver.operation - Received batch of 0 documents with cursorId 0 from server ac-o2suyf6-shard-00-02.7qtbnuz.mongodb.net:27017
20:47:41.763 [AsyncGetter-5-thread-1] DEBUG org.mongodb.driver.protocol.command - Sending command '{"delete": "pedido", "ordered": true, "txnNumber": 22, "$db": "practica03mongoIvanLoli", "$clusterTime": {"clusterTime": {"$timestamp": {"t": 1676058458, "i": 1}}, "signature": {"hash": {"$binary": {"base64": "lKvyaFh+AzyvpXG5Ye8azUCKMO4=", "subType": "00"}}, "keyId": 7161871216054108163}}, "lsid": {"id": {"$binary": {"base64": "sH556KejSCSwUATTPzPu5w==", "subType": "04"}}}, "deletes": [{"q": {"_id": {"$oid": "63e69f5d3d878c607c737085"}}, "limit": 1}]}' with request id 101 to database practica03mongoIvanLoli on connection [connectionId{localValue:11, serverValue:268597}] to server ac-o2suyf6-shard-00-02.7qtbnuz.mongodb.net:27017
20:47:41.809 [async-channel-group-0-handler-executor] DEBUG org.mongodb.driver.protocol.command - Execution of command with request id 101 completed successfully in 44.78 ms on connection [connectionId{localValue:11, serverValue:268597}] to server ac-o2suyf6-shard-00-02.7qtbnuz.mongodb.net:27017
20:47:41.812 [AsyncGetter-5-thread-1] DEBUG org.mongodb.driver.protocol.command - Sending command '{"drop": "pedido", "$db": "practica03mongoIvanLoli", "$clusterTime": {"clusterTime": {"$timestamp": {"t": 1676058458, "i": 1}}, "signature": {"hash": {"$binary": {"base64": "lKvyaFh+AzyvpXG5Ye8azUCKMO4=", "subType": "00"}}, "keyId": 7161871216054108163}}, "lsid": {"id": {"$binary": {"base64": "sH556KejSCSwUATTPzPu5w==", "subType": "04"}}}}' with request id 102 to database practica03mongoIvanLoli on connection [connectionId{localValue:11, serverValue:268597}] to server ac-o2suyf6-shard-00-02.7qtbnuz.mongodb.net:27017
20:47:41.868 [async-channel-group-0-handler-executor] DEBUG org.mongodb.driver.protocol.command - Execution of command with request id 102 completed successfully in 55.95 ms on connection [connectionId{localValue:11, serverValue:268597}] to server ac-o2suyf6-shard-00-02.7qtbnuz.mongodb.net:27017
]]></system-out>
  <system-err><![CDATA[]]></system-err>
</testsuite>
