<?xml version="1.0" encoding="UTF-8"?>
<testsuite name="koin.repositories.producto.ProductoRepositoryTest" tests="9" skipped="0" failures="0" errors="0" timestamp="2023-02-05T12:52:51" hostname="LOLI-LAPTOP" time="1.195">
  <properties/>
  <testcase name="delete()" classname="koin.repositories.producto.ProductoRepositoryTest" time="0.229"/>
  <testcase name="decreaseStockBelow0()" classname="koin.repositories.producto.ProductoRepositoryTest" time="0.162"/>
  <testcase name="findAll()" classname="koin.repositories.producto.ProductoRepositoryTest" time="0.126"/>
  <testcase name="findById()" classname="koin.repositories.producto.ProductoRepositoryTest" time="0.093"/>
  <testcase name="decreaseStock()" classname="koin.repositories.producto.ProductoRepositoryTest" time="0.139"/>
  <testcase name="findByUuid()" classname="koin.repositories.producto.ProductoRepositoryTest" time="0.098"/>
  <testcase name="save()" classname="koin.repositories.producto.ProductoRepositoryTest" time="0.097"/>
  <testcase name="findByIdNotExists()" classname="koin.repositories.producto.ProductoRepositoryTest" time="0.085"/>
  <testcase name="deleteNotExists()" classname="koin.repositories.producto.ProductoRepositoryTest" time="0.162"/>
  <system-out><![CDATA[13:52:51.234 [AsyncGetter-5-thread-1] DEBUG org.mongodb.driver.protocol.command - Sending command '{"drop": "producto", "$db": "practica03mongoIvanLoli", "$clusterTime": {"clusterTime": {"$timestamp": {"t": 1675601569, "i": 10}}, "signature": {"hash": {"$binary": {"base64": "IzK4phwIz7XFLdmBEJihBoBT1go=", "subType": "00"}}, "keyId": 7161871216054108163}}, "lsid": {"id": {"$binary": {"base64": "GufSMHdrQSyEi1m74LkJJA==", "subType": "04"}}}}' with request id 100 to database practica03mongoIvanLoli on connection [connectionId{localValue:7, serverValue:173256}] to server ac-o2suyf6-shard-00-02.7qtbnuz.mongodb.net:27017
13:52:51.285 [async-channel-group-0-handler-executor] DEBUG org.mongodb.driver.protocol.command - Execution of command with request id 100 completed successfully in 51.03 ms on connection [connectionId{localValue:7, serverValue:173256}] to server ac-o2suyf6-shard-00-02.7qtbnuz.mongodb.net:27017
13:52:51.299 [AsyncGetter-5-thread-1] DEBUG org.mongodb.driver.protocol.command - Sending command '{"update": "producto", "ordered": true, "txnNumber": 23, "$db": "practica03mongoIvanLoli", "$clusterTime": {"clusterTime": {"$timestamp": {"t": 1675601570, "i": 4}}, "signature": {"hash": {"$binary": {"base64": "6pIOCZ60Ey8KQnHbCs6RCN7VwUk=", "subType": "00"}}, "keyId": 7161871216054108163}}, "lsid": {"id": {"$binary": {"base64": "GufSMHdrQSyEi1m74LkJJA==", "subType": "04"}}}, "updates": [{"q": {"_id": {"$oid": "63dfa6a345532c417eff8112"}}, "u": {"_id": {"$oid": "63dfa6a345532c417eff8112"}, "uuid": {"$binary": {"base64": "p0imbWmNqZOqg+qWtQVPsw==", "subType": "03"}}, "tipo": "FUNDAS", "marca": "MarcaZ", "modelo": "ModeloZ", "precio": 36.4, "stock": 1}, "upsert": true}]}' with request id 101 to database practica03mongoIvanLoli on connection [connectionId{localValue:7, serverValue:173256}] to server ac-o2suyf6-shard-00-02.7qtbnuz.mongodb.net:27017
13:52:51.416 [async-channel-group-0-handler-executor] DEBUG org.mongodb.driver.protocol.command - Execution of command with request id 101 completed successfully in 117.08 ms on connection [connectionId{localValue:7, serverValue:173256}] to server ac-o2suyf6-shard-00-02.7qtbnuz.mongodb.net:27017
13:52:51.427 [DefaultDispatcher-worker-1 @coroutine#842] DEBUG koin.repositories.producto.ProductoRepository - delete(63dfa6a345532c417eff8112)
13:52:51.430 [AsyncGetter-5-thread-1] DEBUG org.mongodb.driver.protocol.command - Sending command '{"find": "producto", "filter": {"_id": {"$oid": "63dfa6a345532c417eff8112"}}, "limit": 1, "singleBatch": true, "$db": "practica03mongoIvanLoli", "$clusterTime": {"clusterTime": {"$timestamp": {"t": 1675601570, "i": 6}}, "signature": {"hash": {"$binary": {"base64": "6pIOCZ60Ey8KQnHbCs6RCN7VwUk=", "subType": "00"}}, "keyId": 7161871216054108163}}, "lsid": {"id": {"$binary": {"base64": "GufSMHdrQSyEi1m74LkJJA==", "subType": "04"}}}}' with request id 102 to database practica03mongoIvanLoli on connection [connectionId{localValue:7, serverValue:173256}] to server ac-o2suyf6-shard-00-02.7qtbnuz.mongodb.net:27017
13:52:51.466 [async-channel-group-0-handler-executor] DEBUG org.mongodb.driver.protocol.command - Execution of command with request id 102 completed successfully in 37.42 ms on connection [connectionId{localValue:7, serverValue:173256}] to server ac-o2suyf6-shard-00-02.7qtbnuz.mongodb.net:27017
13:52:51.467 [async-channel-group-0-handler-executor] DEBUG org.mongodb.driver.operation - Received batch of 1 documents with cursorId 0 from server ac-o2suyf6-shard-00-02.7qtbnuz.mongodb.net:27017
13:52:51.469 [AsyncGetter-5-thread-1] DEBUG org.mongodb.driver.protocol.command - Sending command '{"delete": "producto", "ordered": true, "txnNumber": 24, "$db": "practica03mongoIvanLoli", "$clusterTime": {"clusterTime": {"$timestamp": {"t": 1675601570, "i": 7}}, "signature": {"hash": {"$binary": {"base64": "6pIOCZ60Ey8KQnHbCs6RCN7VwUk=", "subType": "00"}}, "keyId": 7161871216054108163}}, "lsid": {"id": {"$binary": {"base64": "GufSMHdrQSyEi1m74LkJJA==", "subType": "04"}}}, "deletes": [{"q": {"_id": {"$oid": "63dfa6a345532c417eff8112"}}, "limit": 1}]}' with request id 103 to database practica03mongoIvanLoli on connection [connectionId{localValue:7, serverValue:173256}] to server ac-o2suyf6-shard-00-02.7qtbnuz.mongodb.net:27017
13:52:51.511 [async-channel-group-0-handler-executor] DEBUG org.mongodb.driver.protocol.command - Execution of command with request id 103 completed successfully in 40.60 ms on connection [connectionId{localValue:7, serverValue:173256}] to server ac-o2suyf6-shard-00-02.7qtbnuz.mongodb.net:27017
13:52:51.518 [AsyncGetter-5-thread-1] DEBUG org.mongodb.driver.protocol.command - Sending command '{"update": "producto", "ordered": true, "txnNumber": 25, "$db": "practica03mongoIvanLoli", "$clusterTime": {"clusterTime": {"$timestamp": {"t": 1675601570, "i": 8}}, "signature": {"hash": {"$binary": {"base64": "6pIOCZ60Ey8KQnHbCs6RCN7VwUk=", "subType": "00"}}, "keyId": 7161871216054108163}}, "lsid": {"id": {"$binary": {"base64": "GufSMHdrQSyEi1m74LkJJA==", "subType": "04"}}}, "updates": [{"q": {"_id": {"$oid": "63dfa6a345532c417eff8112"}}, "u": {"_id": {"$oid": "63dfa6a345532c417eff8112"}, "uuid": {"$binary": {"base64": "p0imbWmNqZOqg+qWtQVPsw==", "subType": "03"}}, "tipo": "FUNDAS", "marca": "MarcaZ", "modelo": "ModeloZ", "precio": 36.4, "stock": 1}, "upsert": true}]}' with request id 104 to database practica03mongoIvanLoli on connection [connectionId{localValue:7, serverValue:173256}] to server ac-o2suyf6-shard-00-02.7qtbnuz.mongodb.net:27017
13:52:51.579 [async-channel-group-0-handler-executor] DEBUG org.mongodb.driver.protocol.command - Execution of command with request id 104 completed successfully in 61.97 ms on connection [connectionId{localValue:7, serverValue:173256}] to server ac-o2suyf6-shard-00-02.7qtbnuz.mongodb.net:27017
13:52:51.588 [DefaultDispatcher-worker-1 @coroutine#847] DEBUG koin.repositories.producto.ProductoRepository - decreaseStock(63dfa6a345532c417eff8112)
13:52:51.591 [AsyncGetter-5-thread-1] DEBUG org.mongodb.driver.protocol.command - Sending command '{"find": "producto", "filter": {"_id": {"$oid": "63dfa6a345532c417eff8112"}}, "limit": 1, "singleBatch": true, "$db": "practica03mongoIvanLoli", "$clusterTime": {"clusterTime": {"$timestamp": {"t": 1675601570, "i": 9}}, "signature": {"hash": {"$binary": {"base64": "6pIOCZ60Ey8KQnHbCs6RCN7VwUk=", "subType": "00"}}, "keyId": 7161871216054108163}}, "lsid": {"id": {"$binary": {"base64": "GufSMHdrQSyEi1m74LkJJA==", "subType": "04"}}}}' with request id 105 to database practica03mongoIvanLoli on connection [connectionId{localValue:7, serverValue:173256}] to server ac-o2suyf6-shard-00-02.7qtbnuz.mongodb.net:27017
13:52:51.629 [async-channel-group-0-handler-executor] DEBUG org.mongodb.driver.protocol.command - Execution of command with request id 105 completed successfully in 37.93 ms on connection [connectionId{localValue:7, serverValue:173256}] to server ac-o2suyf6-shard-00-02.7qtbnuz.mongodb.net:27017
13:52:51.630 [async-channel-group-0-handler-executor] DEBUG org.mongodb.driver.operation - Received batch of 1 documents with cursorId 0 from server ac-o2suyf6-shard-00-02.7qtbnuz.mongodb.net:27017
13:52:51.633 [AsyncGetter-5-thread-1] DEBUG org.mongodb.driver.protocol.command - Sending command '{"update": "producto", "ordered": true, "txnNumber": 26, "$db": "practica03mongoIvanLoli", "$clusterTime": {"clusterTime": {"$timestamp": {"t": 1675601570, "i": 9}}, "signature": {"hash": {"$binary": {"base64": "6pIOCZ60Ey8KQnHbCs6RCN7VwUk=", "subType": "00"}}, "keyId": 7161871216054108163}}, "lsid": {"id": {"$binary": {"base64": "GufSMHdrQSyEi1m74LkJJA==", "subType": "04"}}}, "updates": [{"q": {"_id": {"$oid": "63dfa6a345532c417eff8112"}}, "u": {"_id": {"$oid": "63dfa6a345532c417eff8112"}, "uuid": {"$binary": {"base64": "p0imbWmNqZOqg+qWtQVPsw==", "subType": "03"}}, "tipo": "FUNDAS", "marca": "MarcaZ", "modelo": "ModeloZ", "precio": 36.4, "stock": 0}, "upsert": true}]}' with request id 106 to database practica03mongoIvanLoli on connection [connectionId{localValue:7, serverValue:173256}] to server ac-o2suyf6-shard-00-02.7qtbnuz.mongodb.net:27017
13:52:51.674 [async-channel-group-0-handler-executor] DEBUG org.mongodb.driver.protocol.command - Execution of command with request id 106 completed successfully in 40.56 ms on connection [connectionId{localValue:7, serverValue:173256}] to server ac-o2suyf6-shard-00-02.7qtbnuz.mongodb.net:27017
13:52:51.680 [AsyncGetter-5-thread-1] DEBUG org.mongodb.driver.protocol.command - Sending command '{"update": "producto", "ordered": true, "txnNumber": 27, "$db": "practica03mongoIvanLoli", "$clusterTime": {"clusterTime": {"$timestamp": {"t": 1675601570, "i": 10}}, "signature": {"hash": {"$binary": {"base64": "6pIOCZ60Ey8KQnHbCs6RCN7VwUk=", "subType": "00"}}, "keyId": 7161871216054108163}}, "lsid": {"id": {"$binary": {"base64": "GufSMHdrQSyEi1m74LkJJA==", "subType": "04"}}}, "updates": [{"q": {"_id": {"$oid": "63dfa6a345532c417eff8112"}}, "u": {"_id": {"$oid": "63dfa6a345532c417eff8112"}, "uuid": {"$binary": {"base64": "p0imbWmNqZOqg+qWtQVPsw==", "subType": "03"}}, "tipo": "FUNDAS", "marca": "MarcaZ", "modelo": "ModeloZ", "precio": 36.4, "stock": 1}, "upsert": true}]}' with request id 107 to database practica03mongoIvanLoli on connection [connectionId{localValue:7, serverValue:173256}] to server ac-o2suyf6-shard-00-02.7qtbnuz.mongodb.net:27017
13:52:51.720 [async-channel-group-0-handler-executor] DEBUG org.mongodb.driver.protocol.command - Execution of command with request id 107 completed successfully in 40.71 ms on connection [connectionId{localValue:7, serverValue:173256}] to server ac-o2suyf6-shard-00-02.7qtbnuz.mongodb.net:27017
13:52:51.730 [DefaultDispatcher-worker-1 @coroutine#852] DEBUG koin.repositories.producto.ProductoRepository - findAll()
13:52:51.732 [AsyncGetter-5-thread-1] DEBUG org.mongodb.driver.protocol.command - Sending command '{"find": "producto", "filter": {}, "batchSize": 64, "$db": "practica03mongoIvanLoli", "$clusterTime": {"clusterTime": {"$timestamp": {"t": 1675601570, "i": 11}}, "signature": {"hash": {"$binary": {"base64": "6pIOCZ60Ey8KQnHbCs6RCN7VwUk=", "subType": "00"}}, "keyId": 7161871216054108163}}, "lsid": {"id": {"$binary": {"base64": "GufSMHdrQSyEi1m74LkJJA==", "subType": "04"}}}}' with request id 108 to database practica03mongoIvanLoli on connection [connectionId{localValue:7, serverValue:173256}] to server ac-o2suyf6-shard-00-02.7qtbnuz.mongodb.net:27017
13:52:51.799 [async-channel-group-0-handler-executor] DEBUG org.mongodb.driver.protocol.command - Execution of command with request id 108 completed successfully in 66.58 ms on connection [connectionId{localValue:7, serverValue:173256}] to server ac-o2suyf6-shard-00-02.7qtbnuz.mongodb.net:27017
13:52:51.799 [async-channel-group-0-handler-executor] DEBUG org.mongodb.driver.operation - Received batch of 1 documents with cursorId 0 from server ac-o2suyf6-shard-00-02.7qtbnuz.mongodb.net:27017
13:52:51.806 [AsyncGetter-5-thread-1] DEBUG org.mongodb.driver.protocol.command - Sending command '{"update": "producto", "ordered": true, "txnNumber": 28, "$db": "practica03mongoIvanLoli", "$clusterTime": {"clusterTime": {"$timestamp": {"t": 1675601570, "i": 11}}, "signature": {"hash": {"$binary": {"base64": "6pIOCZ60Ey8KQnHbCs6RCN7VwUk=", "subType": "00"}}, "keyId": 7161871216054108163}}, "lsid": {"id": {"$binary": {"base64": "GufSMHdrQSyEi1m74LkJJA==", "subType": "04"}}}, "updates": [{"q": {"_id": {"$oid": "63dfa6a345532c417eff8112"}}, "u": {"_id": {"$oid": "63dfa6a345532c417eff8112"}, "uuid": {"$binary": {"base64": "p0imbWmNqZOqg+qWtQVPsw==", "subType": "03"}}, "tipo": "FUNDAS", "marca": "MarcaZ", "modelo": "ModeloZ", "precio": 36.4, "stock": 1}, "upsert": true}]}' with request id 109 to database practica03mongoIvanLoli on connection [connectionId{localValue:7, serverValue:173256}] to server ac-o2suyf6-shard-00-02.7qtbnuz.mongodb.net:27017
13:52:51.843 [async-channel-group-0-handler-executor] DEBUG org.mongodb.driver.protocol.command - Execution of command with request id 109 completed successfully in 36.65 ms on connection [connectionId{localValue:7, serverValue:173256}] to server ac-o2suyf6-shard-00-02.7qtbnuz.mongodb.net:27017
13:52:51.853 [DefaultDispatcher-worker-1 @coroutine#858] DEBUG koin.repositories.producto.ProductoRepository - findById(63dfa6a345532c417eff8112)
13:52:51.856 [AsyncGetter-5-thread-1] DEBUG org.mongodb.driver.protocol.command - Sending command '{"find": "producto", "filter": {"_id": {"$oid": "63dfa6a345532c417eff8112"}}, "limit": 1, "singleBatch": true, "$db": "practica03mongoIvanLoli", "$clusterTime": {"clusterTime": {"$timestamp": {"t": 1675601570, "i": 11}}, "signature": {"hash": {"$binary": {"base64": "6pIOCZ60Ey8KQnHbCs6RCN7VwUk=", "subType": "00"}}, "keyId": 7161871216054108163}}, "lsid": {"id": {"$binary": {"base64": "GufSMHdrQSyEi1m74LkJJA==", "subType": "04"}}}}' with request id 110 to database practica03mongoIvanLoli on connection [connectionId{localValue:7, serverValue:173256}] to server ac-o2suyf6-shard-00-02.7qtbnuz.mongodb.net:27017
13:52:51.894 [async-channel-group-0-handler-executor] DEBUG org.mongodb.driver.protocol.command - Execution of command with request id 110 completed successfully in 38.25 ms on connection [connectionId{localValue:7, serverValue:173256}] to server ac-o2suyf6-shard-00-02.7qtbnuz.mongodb.net:27017
13:52:51.895 [async-channel-group-0-handler-executor] DEBUG org.mongodb.driver.operation - Received batch of 1 documents with cursorId 0 from server ac-o2suyf6-shard-00-02.7qtbnuz.mongodb.net:27017
13:52:51.902 [AsyncGetter-5-thread-1] DEBUG org.mongodb.driver.protocol.command - Sending command '{"update": "producto", "ordered": true, "txnNumber": 29, "$db": "practica03mongoIvanLoli", "$clusterTime": {"clusterTime": {"$timestamp": {"t": 1675601570, "i": 11}}, "signature": {"hash": {"$binary": {"base64": "6pIOCZ60Ey8KQnHbCs6RCN7VwUk=", "subType": "00"}}, "keyId": 7161871216054108163}}, "lsid": {"id": {"$binary": {"base64": "GufSMHdrQSyEi1m74LkJJA==", "subType": "04"}}}, "updates": [{"q": {"_id": {"$oid": "63dfa6a345532c417eff8112"}}, "u": {"_id": {"$oid": "63dfa6a345532c417eff8112"}, "uuid": {"$binary": {"base64": "p0imbWmNqZOqg+qWtQVPsw==", "subType": "03"}}, "tipo": "FUNDAS", "marca": "MarcaZ", "modelo": "ModeloZ", "precio": 36.4, "stock": 1}, "upsert": true}]}' with request id 111 to database practica03mongoIvanLoli on connection [connectionId{localValue:7, serverValue:173256}] to server ac-o2suyf6-shard-00-02.7qtbnuz.mongodb.net:27017
13:52:51.938 [async-channel-group-0-handler-executor] DEBUG org.mongodb.driver.protocol.command - Execution of command with request id 111 completed successfully in 37.59 ms on connection [connectionId{localValue:7, serverValue:173256}] to server ac-o2suyf6-shard-00-02.7qtbnuz.mongodb.net:27017
13:52:51.945 [DefaultDispatcher-worker-1 @coroutine#863] DEBUG koin.repositories.producto.ProductoRepository - decreaseStock(63dfa6a345532c417eff8112)
13:52:51.948 [AsyncGetter-5-thread-1] DEBUG org.mongodb.driver.protocol.command - Sending command '{"find": "producto", "filter": {"_id": {"$oid": "63dfa6a345532c417eff8112"}}, "limit": 1, "singleBatch": true, "$db": "practica03mongoIvanLoli", "$clusterTime": {"clusterTime": {"$timestamp": {"t": 1675601570, "i": 11}}, "signature": {"hash": {"$binary": {"base64": "6pIOCZ60Ey8KQnHbCs6RCN7VwUk=", "subType": "00"}}, "keyId": 7161871216054108163}}, "lsid": {"id": {"$binary": {"base64": "GufSMHdrQSyEi1m74LkJJA==", "subType": "04"}}}}' with request id 112 to database practica03mongoIvanLoli on connection [connectionId{localValue:7, serverValue:173256}] to server ac-o2suyf6-shard-00-02.7qtbnuz.mongodb.net:27017
13:52:51.986 [async-channel-group-0-handler-executor] DEBUG org.mongodb.driver.protocol.command - Execution of command with request id 112 completed successfully in 37.08 ms on connection [connectionId{localValue:7, serverValue:173256}] to server ac-o2suyf6-shard-00-02.7qtbnuz.mongodb.net:27017
13:52:51.986 [async-channel-group-0-handler-executor] DEBUG org.mongodb.driver.operation - Received batch of 1 documents with cursorId 0 from server ac-o2suyf6-shard-00-02.7qtbnuz.mongodb.net:27017
13:52:51.990 [AsyncGetter-5-thread-1] DEBUG org.mongodb.driver.protocol.command - Sending command '{"update": "producto", "ordered": true, "txnNumber": 30, "$db": "practica03mongoIvanLoli", "$clusterTime": {"clusterTime": {"$timestamp": {"t": 1675601570, "i": 11}}, "signature": {"hash": {"$binary": {"base64": "6pIOCZ60Ey8KQnHbCs6RCN7VwUk=", "subType": "00"}}, "keyId": 7161871216054108163}}, "lsid": {"id": {"$binary": {"base64": "GufSMHdrQSyEi1m74LkJJA==", "subType": "04"}}}, "updates": [{"q": {"_id": {"$oid": "63dfa6a345532c417eff8112"}}, "u": {"_id": {"$oid": "63dfa6a345532c417eff8112"}, "uuid": {"$binary": {"base64": "p0imbWmNqZOqg+qWtQVPsw==", "subType": "03"}}, "tipo": "FUNDAS", "marca": "MarcaZ", "modelo": "ModeloZ", "precio": 36.4, "stock": 0}, "upsert": true}]}' with request id 113 to database practica03mongoIvanLoli on connection [connectionId{localValue:7, serverValue:173256}] to server ac-o2suyf6-shard-00-02.7qtbnuz.mongodb.net:27017
13:52:52.032 [async-channel-group-0-handler-executor] DEBUG org.mongodb.driver.protocol.command - Execution of command with request id 113 completed successfully in 41.93 ms on connection [connectionId{localValue:7, serverValue:173256}] to server ac-o2suyf6-shard-00-02.7qtbnuz.mongodb.net:27017
13:52:52.041 [AsyncGetter-5-thread-1] DEBUG org.mongodb.driver.protocol.command - Sending command '{"update": "producto", "ordered": true, "txnNumber": 31, "$db": "practica03mongoIvanLoli", "$clusterTime": {"clusterTime": {"$timestamp": {"t": 1675601570, "i": 13}}, "signature": {"hash": {"$binary": {"base64": "6pIOCZ60Ey8KQnHbCs6RCN7VwUk=", "subType": "00"}}, "keyId": 7161871216054108163}}, "lsid": {"id": {"$binary": {"base64": "GufSMHdrQSyEi1m74LkJJA==", "subType": "04"}}}, "updates": [{"q": {"_id": {"$oid": "63dfa6a345532c417eff8112"}}, "u": {"_id": {"$oid": "63dfa6a345532c417eff8112"}, "uuid": {"$binary": {"base64": "p0imbWmNqZOqg+qWtQVPsw==", "subType": "03"}}, "tipo": "FUNDAS", "marca": "MarcaZ", "modelo": "ModeloZ", "precio": 36.4, "stock": 1}, "upsert": true}]}' with request id 114 to database practica03mongoIvanLoli on connection [connectionId{localValue:7, serverValue:173256}] to server ac-o2suyf6-shard-00-02.7qtbnuz.mongodb.net:27017
13:52:52.083 [async-channel-group-0-handler-executor] DEBUG org.mongodb.driver.protocol.command - Execution of command with request id 114 completed successfully in 41.97 ms on connection [connectionId{localValue:7, serverValue:173256}] to server ac-o2suyf6-shard-00-02.7qtbnuz.mongodb.net:27017
13:52:52.090 [DefaultDispatcher-worker-1 @coroutine#868] DEBUG koin.repositories.producto.ProductoRepository - findByUUID(93a98d69-6da6-48a7-b34f-05b596ea83aa)
13:52:52.092 [AsyncGetter-5-thread-1] DEBUG org.mongodb.driver.protocol.command - Sending command '{"find": "producto", "filter": {}, "batchSize": 64, "$db": "practica03mongoIvanLoli", "$clusterTime": {"clusterTime": {"$timestamp": {"t": 1675601571, "i": 1}}, "signature": {"hash": {"$binary": {"base64": "YALaiQ09fhG5A82d6ocSj/WA6pw=", "subType": "00"}}, "keyId": 7161871216054108163}}, "lsid": {"id": {"$binary": {"base64": "GufSMHdrQSyEi1m74LkJJA==", "subType": "04"}}}}' with request id 115 to database practica03mongoIvanLoli on connection [connectionId{localValue:7, serverValue:173256}] to server ac-o2suyf6-shard-00-02.7qtbnuz.mongodb.net:27017
13:52:52.128 [async-channel-group-0-handler-executor] DEBUG org.mongodb.driver.protocol.command - Execution of command with request id 115 completed successfully in 36.68 ms on connection [connectionId{localValue:7, serverValue:173256}] to server ac-o2suyf6-shard-00-02.7qtbnuz.mongodb.net:27017
13:52:52.129 [async-channel-group-0-handler-executor] DEBUG org.mongodb.driver.operation - Received batch of 1 documents with cursorId 0 from server ac-o2suyf6-shard-00-02.7qtbnuz.mongodb.net:27017
13:52:52.140 [AsyncGetter-5-thread-1] DEBUG org.mongodb.driver.protocol.command - Sending command '{"update": "producto", "ordered": true, "txnNumber": 32, "$db": "practica03mongoIvanLoli", "$clusterTime": {"clusterTime": {"$timestamp": {"t": 1675601571, "i": 1}}, "signature": {"hash": {"$binary": {"base64": "YALaiQ09fhG5A82d6ocSj/WA6pw=", "subType": "00"}}, "keyId": 7161871216054108163}}, "lsid": {"id": {"$binary": {"base64": "GufSMHdrQSyEi1m74LkJJA==", "subType": "04"}}}, "updates": [{"q": {"_id": {"$oid": "63dfa6a345532c417eff8112"}}, "u": {"_id": {"$oid": "63dfa6a345532c417eff8112"}, "uuid": {"$binary": {"base64": "p0imbWmNqZOqg+qWtQVPsw==", "subType": "03"}}, "tipo": "FUNDAS", "marca": "MarcaZ", "modelo": "ModeloZ", "precio": 36.4, "stock": 1}, "upsert": true}]}' with request id 116 to database practica03mongoIvanLoli on connection [connectionId{localValue:7, serverValue:173256}] to server ac-o2suyf6-shard-00-02.7qtbnuz.mongodb.net:27017
13:52:52.177 [async-channel-group-0-handler-executor] DEBUG org.mongodb.driver.protocol.command - Execution of command with request id 116 completed successfully in 37.70 ms on connection [connectionId{localValue:7, serverValue:173256}] to server ac-o2suyf6-shard-00-02.7qtbnuz.mongodb.net:27017
13:52:52.189 [DefaultDispatcher-worker-1 @coroutine#873] DEBUG koin.repositories.producto.ProductoRepository - save(Producto(id=63dfa6a345532c417eff8112, uuid=93a98d69-6da6-48a7-b34f-05b596ea83aa, tipo=FUNDAS, marca=MarcaZ, modelo=ModeloZ, precio=36.4, stock=1))
13:52:52.192 [AsyncGetter-5-thread-1] DEBUG org.mongodb.driver.protocol.command - Sending command '{"update": "producto", "ordered": true, "txnNumber": 33, "$db": "practica03mongoIvanLoli", "$clusterTime": {"clusterTime": {"$timestamp": {"t": 1675601571, "i": 2}}, "signature": {"hash": {"$binary": {"base64": "YALaiQ09fhG5A82d6ocSj/WA6pw=", "subType": "00"}}, "keyId": 7161871216054108163}}, "lsid": {"id": {"$binary": {"base64": "GufSMHdrQSyEi1m74LkJJA==", "subType": "04"}}}, "updates": [{"q": {"_id": {"$oid": "63dfa6a345532c417eff8112"}}, "u": {"_id": {"$oid": "63dfa6a345532c417eff8112"}, "uuid": {"$binary": {"base64": "p0imbWmNqZOqg+qWtQVPsw==", "subType": "03"}}, "tipo": "FUNDAS", "marca": "MarcaZ", "modelo": "ModeloZ", "precio": 36.4, "stock": 1}, "upsert": true}]}' with request id 117 to database practica03mongoIvanLoli on connection [connectionId{localValue:7, serverValue:173256}] to server ac-o2suyf6-shard-00-02.7qtbnuz.mongodb.net:27017
13:52:52.229 [async-channel-group-0-handler-executor] DEBUG org.mongodb.driver.protocol.command - Execution of command with request id 117 completed successfully in 38.03 ms on connection [connectionId{localValue:7, serverValue:173256}] to server ac-o2suyf6-shard-00-02.7qtbnuz.mongodb.net:27017
13:52:52.235 [AsyncGetter-5-thread-1] DEBUG org.mongodb.driver.protocol.command - Sending command '{"update": "producto", "ordered": true, "txnNumber": 34, "$db": "practica03mongoIvanLoli", "$clusterTime": {"clusterTime": {"$timestamp": {"t": 1675601571, "i": 2}}, "signature": {"hash": {"$binary": {"base64": "YALaiQ09fhG5A82d6ocSj/WA6pw=", "subType": "00"}}, "keyId": 7161871216054108163}}, "lsid": {"id": {"$binary": {"base64": "GufSMHdrQSyEi1m74LkJJA==", "subType": "04"}}}, "updates": [{"q": {"_id": {"$oid": "63dfa6a345532c417eff8112"}}, "u": {"_id": {"$oid": "63dfa6a345532c417eff8112"}, "uuid": {"$binary": {"base64": "p0imbWmNqZOqg+qWtQVPsw==", "subType": "03"}}, "tipo": "FUNDAS", "marca": "MarcaZ", "modelo": "ModeloZ", "precio": 36.4, "stock": 1}, "upsert": true}]}' with request id 118 to database practica03mongoIvanLoli on connection [connectionId{localValue:7, serverValue:173256}] to server ac-o2suyf6-shard-00-02.7qtbnuz.mongodb.net:27017
13:52:52.272 [async-channel-group-0-handler-executor] DEBUG org.mongodb.driver.protocol.command - Execution of command with request id 118 completed successfully in 36.61 ms on connection [connectionId{localValue:7, serverValue:173256}] to server ac-o2suyf6-shard-00-02.7qtbnuz.mongodb.net:27017
13:52:52.278 [DefaultDispatcher-worker-1 @coroutine#878] DEBUG koin.repositories.producto.ProductoRepository - findById(63dfa6a445532c417eff8113)
13:52:52.281 [AsyncGetter-5-thread-1] DEBUG org.mongodb.driver.protocol.command - Sending command '{"find": "producto", "filter": {"_id": {"$oid": "63dfa6a445532c417eff8113"}}, "limit": 1, "singleBatch": true, "$db": "practica03mongoIvanLoli", "$clusterTime": {"clusterTime": {"$timestamp": {"t": 1675601571, "i": 4}}, "signature": {"hash": {"$binary": {"base64": "YALaiQ09fhG5A82d6ocSj/WA6pw=", "subType": "00"}}, "keyId": 7161871216054108163}}, "lsid": {"id": {"$binary": {"base64": "GufSMHdrQSyEi1m74LkJJA==", "subType": "04"}}}}' with request id 119 to database practica03mongoIvanLoli on connection [connectionId{localValue:7, serverValue:173256}] to server ac-o2suyf6-shard-00-02.7qtbnuz.mongodb.net:27017
13:52:52.317 [async-channel-group-0-handler-executor] DEBUG org.mongodb.driver.protocol.command - Execution of command with request id 119 completed successfully in 36.53 ms on connection [connectionId{localValue:7, serverValue:173256}] to server ac-o2suyf6-shard-00-02.7qtbnuz.mongodb.net:27017
13:52:52.317 [async-channel-group-0-handler-executor] DEBUG org.mongodb.driver.operation - Received batch of 0 documents with cursorId 0 from server ac-o2suyf6-shard-00-02.7qtbnuz.mongodb.net:27017
13:52:52.320 [AsyncGetter-5-thread-1] DEBUG org.mongodb.driver.protocol.command - Sending command '{"update": "producto", "ordered": true, "txnNumber": 35, "$db": "practica03mongoIvanLoli", "$clusterTime": {"clusterTime": {"$timestamp": {"t": 1675601571, "i": 4}}, "signature": {"hash": {"$binary": {"base64": "YALaiQ09fhG5A82d6ocSj/WA6pw=", "subType": "00"}}, "keyId": 7161871216054108163}}, "lsid": {"id": {"$binary": {"base64": "GufSMHdrQSyEi1m74LkJJA==", "subType": "04"}}}, "updates": [{"q": {"_id": {"$oid": "63dfa6a345532c417eff8112"}}, "u": {"_id": {"$oid": "63dfa6a345532c417eff8112"}, "uuid": {"$binary": {"base64": "p0imbWmNqZOqg+qWtQVPsw==", "subType": "03"}}, "tipo": "FUNDAS", "marca": "MarcaZ", "modelo": "ModeloZ", "precio": 36.4, "stock": 1}, "upsert": true}]}' with request id 120 to database practica03mongoIvanLoli on connection [connectionId{localValue:7, serverValue:173256}] to server ac-o2suyf6-shard-00-02.7qtbnuz.mongodb.net:27017
13:52:52.378 [async-channel-group-0-handler-executor] DEBUG org.mongodb.driver.protocol.command - Execution of command with request id 120 completed successfully in 58.22 ms on connection [connectionId{localValue:7, serverValue:173256}] to server ac-o2suyf6-shard-00-02.7qtbnuz.mongodb.net:27017
13:52:52.384 [DefaultDispatcher-worker-1 @coroutine#883] DEBUG koin.repositories.producto.ProductoRepository - delete(63dfa6a445532c417eff8114)
13:52:52.389 [AsyncGetter-5-thread-1] DEBUG org.mongodb.driver.protocol.command - Sending command '{"find": "producto", "filter": {"_id": {"$oid": "63dfa6a445532c417eff8114"}}, "limit": 1, "singleBatch": true, "$db": "practica03mongoIvanLoli", "$clusterTime": {"clusterTime": {"$timestamp": {"t": 1675601571, "i": 4}}, "signature": {"hash": {"$binary": {"base64": "YALaiQ09fhG5A82d6ocSj/WA6pw=", "subType": "00"}}, "keyId": 7161871216054108163}}, "lsid": {"id": {"$binary": {"base64": "GufSMHdrQSyEi1m74LkJJA==", "subType": "04"}}}}' with request id 121 to database practica03mongoIvanLoli on connection [connectionId{localValue:7, serverValue:173256}] to server ac-o2suyf6-shard-00-02.7qtbnuz.mongodb.net:27017
13:52:52.428 [async-channel-group-0-handler-executor] DEBUG org.mongodb.driver.protocol.command - Execution of command with request id 121 completed successfully in 40.82 ms on connection [connectionId{localValue:7, serverValue:173256}] to server ac-o2suyf6-shard-00-02.7qtbnuz.mongodb.net:27017
13:52:52.429 [async-channel-group-0-handler-executor] DEBUG org.mongodb.driver.operation - Received batch of 0 documents with cursorId 0 from server ac-o2suyf6-shard-00-02.7qtbnuz.mongodb.net:27017
13:52:52.432 [AsyncGetter-5-thread-1] DEBUG org.mongodb.driver.protocol.command - Sending command '{"delete": "producto", "ordered": true, "txnNumber": 36, "$db": "practica03mongoIvanLoli", "$clusterTime": {"clusterTime": {"$timestamp": {"t": 1675601571, "i": 4}}, "signature": {"hash": {"$binary": {"base64": "YALaiQ09fhG5A82d6ocSj/WA6pw=", "subType": "00"}}, "keyId": 7161871216054108163}}, "lsid": {"id": {"$binary": {"base64": "GufSMHdrQSyEi1m74LkJJA==", "subType": "04"}}}, "deletes": [{"q": {"_id": {"$oid": "63dfa6a445532c417eff8114"}}, "limit": 1}]}' with request id 122 to database practica03mongoIvanLoli on connection [connectionId{localValue:7, serverValue:173256}] to server ac-o2suyf6-shard-00-02.7qtbnuz.mongodb.net:27017
13:52:52.479 [async-channel-group-0-handler-executor] DEBUG org.mongodb.driver.protocol.command - Execution of command with request id 122 completed successfully in 46.58 ms on connection [connectionId{localValue:7, serverValue:173256}] to server ac-o2suyf6-shard-00-02.7qtbnuz.mongodb.net:27017
13:52:52.482 [AsyncGetter-5-thread-1] DEBUG org.mongodb.driver.protocol.command - Sending command '{"drop": "producto", "$db": "practica03mongoIvanLoli", "$clusterTime": {"clusterTime": {"$timestamp": {"t": 1675601571, "i": 5}}, "signature": {"hash": {"$binary": {"base64": "YALaiQ09fhG5A82d6ocSj/WA6pw=", "subType": "00"}}, "keyId": 7161871216054108163}}, "lsid": {"id": {"$binary": {"base64": "GufSMHdrQSyEi1m74LkJJA==", "subType": "04"}}}}' with request id 123 to database practica03mongoIvanLoli on connection [connectionId{localValue:7, serverValue:173256}] to server ac-o2suyf6-shard-00-02.7qtbnuz.mongodb.net:27017
13:52:52.528 [async-channel-group-0-handler-executor] DEBUG org.mongodb.driver.protocol.command - Execution of command with request id 123 completed successfully in 45.54 ms on connection [connectionId{localValue:7, serverValue:173256}] to server ac-o2suyf6-shard-00-02.7qtbnuz.mongodb.net:27017
]]></system-out>
  <system-err><![CDATA[]]></system-err>
</testsuite>
