<?xml version="1.0" encoding="UTF-8"?>
<testsuite name="koin.repositories.pedido.PedidoRepositoryTest" tests="7" skipped="0" failures="0" errors="0" timestamp="2023-02-07T21:49:31" hostname="LOLI-LAPTOP" time="0.829">
  <properties/>
  <testcase name="delete()" classname="koin.repositories.pedido.PedidoRepositoryTest" time="0.185"/>
  <testcase name="findAll()" classname="koin.repositories.pedido.PedidoRepositoryTest" time="0.124"/>
  <testcase name="findById()" classname="koin.repositories.pedido.PedidoRepositoryTest" time="0.094"/>
  <testcase name="findByUuid()" classname="koin.repositories.pedido.PedidoRepositoryTest" time="0.093"/>
  <testcase name="save()" classname="koin.repositories.pedido.PedidoRepositoryTest" time="0.118"/>
  <testcase name="findByIdNotExists()" classname="koin.repositories.pedido.PedidoRepositoryTest" time="0.088"/>
  <testcase name="deleteNotExists()" classname="koin.repositories.pedido.PedidoRepositoryTest" time="0.127"/>
  <system-out><![CDATA[22:49:31.791 [AsyncGetter-5-thread-1] DEBUG org.mongodb.driver.protocol.command - Sending command '{"drop": "pedido", "$db": "practica03mongoIvanLoli", "$clusterTime": {"clusterTime": {"$timestamp": {"t": 1675806569, "i": 6}}, "signature": {"hash": {"$binary": {"base64": "XpAYQdEDL3STBZ0o0aG/b0/FX6c=", "subType": "00"}}, "keyId": 7161871216054108163}}, "lsid": {"id": {"$binary": {"base64": "xbe9yt96RfCuB/EkkSIjyQ==", "subType": "04"}}}}' with request id 85 to database practica03mongoIvanLoli on connection [connectionId{localValue:11, serverValue:216638}] to server ac-o2suyf6-shard-00-02.7qtbnuz.mongodb.net:27017
22:49:31.838 [async-channel-group-0-handler-executor] DEBUG org.mongodb.driver.protocol.command - Execution of command with request id 85 completed successfully in 47.55 ms on connection [connectionId{localValue:11, serverValue:216638}] to server ac-o2suyf6-shard-00-02.7qtbnuz.mongodb.net:27017
22:49:31.845 [AsyncGetter-5-thread-1] DEBUG org.mongodb.driver.protocol.command - Sending command '{"update": "pedido", "ordered": true, "txnNumber": 13, "$db": "practica03mongoIvanLoli", "$clusterTime": {"clusterTime": {"$timestamp": {"t": 1675806569, "i": 8}}, "signature": {"hash": {"$binary": {"base64": "XpAYQdEDL3STBZ0o0aG/b0/FX6c=", "subType": "00"}}, "keyId": 7161871216054108163}}, "lsid": {"id": {"$binary": {"base64": "xbe9yt96RfCuB/EkkSIjyQ==", "subType": "04"}}}, "updates": [{"q": {"_id": {"$oid": "63e2c76b285de2538ba4e322"}}, "u": {"_id": {"$oid": "63e2c76b285de2538ba4e322"}, "uuid": {"$binary": {"base64": "p0gQAGmNqZPMiuqWtQVPsw==", "subType": "03"}}, "userId": {"$binary": {"base64": "p0gGAGmNqZOag+qWtQVPsw==", "subType": "03"}}, "state": "PROCESO", "fechaEntrada": {"$date": "2013-10-10T00:00:00Z"}, "fechaSalida": {"$date": "2023-12-12T00:00:00Z"}, "topeEntrega": {"$date": "2023-12-14T00:00:00Z"}, "precio": 0.0}, "upsert": true}]}' with request id 86 to database practica03mongoIvanLoli on connection [connectionId{localValue:11, serverValue:216638}] to server ac-o2suyf6-shard-00-02.7qtbnuz.mongodb.net:27017
22:49:31.925 [async-channel-group-0-handler-executor] DEBUG org.mongodb.driver.protocol.command - Execution of command with request id 86 completed successfully in 79.56 ms on connection [connectionId{localValue:11, serverValue:216638}] to server ac-o2suyf6-shard-00-02.7qtbnuz.mongodb.net:27017
22:49:31.935 [DefaultDispatcher-worker-2 @coroutine#754] DEBUG koin.repositories.pedido.PedidoRepository - delete(63e2c76b285de2538ba4e322)
22:49:31.936 [AsyncGetter-5-thread-1] DEBUG org.mongodb.driver.protocol.command - Sending command '{"find": "pedido", "filter": {"_id": {"$oid": "63e2c76b285de2538ba4e322"}}, "limit": 1, "singleBatch": true, "$db": "practica03mongoIvanLoli", "$clusterTime": {"clusterTime": {"$timestamp": {"t": 1675806569, "i": 10}}, "signature": {"hash": {"$binary": {"base64": "XpAYQdEDL3STBZ0o0aG/b0/FX6c=", "subType": "00"}}, "keyId": 7161871216054108163}}, "lsid": {"id": {"$binary": {"base64": "xbe9yt96RfCuB/EkkSIjyQ==", "subType": "04"}}}}' with request id 87 to database practica03mongoIvanLoli on connection [connectionId{localValue:11, serverValue:216638}] to server ac-o2suyf6-shard-00-02.7qtbnuz.mongodb.net:27017
22:49:31.975 [async-channel-group-0-handler-executor] DEBUG org.mongodb.driver.protocol.command - Execution of command with request id 87 completed successfully in 38.62 ms on connection [connectionId{localValue:11, serverValue:216638}] to server ac-o2suyf6-shard-00-02.7qtbnuz.mongodb.net:27017
22:49:31.975 [async-channel-group-0-handler-executor] DEBUG org.mongodb.driver.operation - Received batch of 1 documents with cursorId 0 from server ac-o2suyf6-shard-00-02.7qtbnuz.mongodb.net:27017
22:49:31.977 [AsyncGetter-5-thread-1] DEBUG org.mongodb.driver.protocol.command - Sending command '{"delete": "pedido", "ordered": true, "txnNumber": 14, "$db": "practica03mongoIvanLoli", "$clusterTime": {"clusterTime": {"$timestamp": {"t": 1675806569, "i": 10}}, "signature": {"hash": {"$binary": {"base64": "XpAYQdEDL3STBZ0o0aG/b0/FX6c=", "subType": "00"}}, "keyId": 7161871216054108163}}, "lsid": {"id": {"$binary": {"base64": "xbe9yt96RfCuB/EkkSIjyQ==", "subType": "04"}}}, "deletes": [{"q": {"_id": {"$oid": "63e2c76b285de2538ba4e322"}}, "limit": 1}]}' with request id 88 to database practica03mongoIvanLoli on connection [connectionId{localValue:11, serverValue:216638}] to server ac-o2suyf6-shard-00-02.7qtbnuz.mongodb.net:27017
22:49:32.021 [async-channel-group-0-handler-executor] DEBUG org.mongodb.driver.protocol.command - Execution of command with request id 88 completed successfully in 44.59 ms on connection [connectionId{localValue:11, serverValue:216638}] to server ac-o2suyf6-shard-00-02.7qtbnuz.mongodb.net:27017
22:49:32.027 [AsyncGetter-5-thread-1] DEBUG org.mongodb.driver.protocol.command - Sending command '{"update": "pedido", "ordered": true, "txnNumber": 15, "$db": "practica03mongoIvanLoli", "$clusterTime": {"clusterTime": {"$timestamp": {"t": 1675806569, "i": 11}}, "signature": {"hash": {"$binary": {"base64": "XpAYQdEDL3STBZ0o0aG/b0/FX6c=", "subType": "00"}}, "keyId": 7161871216054108163}}, "lsid": {"id": {"$binary": {"base64": "xbe9yt96RfCuB/EkkSIjyQ==", "subType": "04"}}}, "updates": [{"q": {"_id": {"$oid": "63e2c76b285de2538ba4e322"}}, "u": {"_id": {"$oid": "63e2c76b285de2538ba4e322"}, "uuid": {"$binary": {"base64": "p0gQAGmNqZPMiuqWtQVPsw==", "subType": "03"}}, "userId": {"$binary": {"base64": "p0gGAGmNqZOag+qWtQVPsw==", "subType": "03"}}, "state": "PROCESO", "fechaEntrada": {"$date": "2013-10-10T00:00:00Z"}, "fechaSalida": {"$date": "2023-12-12T00:00:00Z"}, "topeEntrega": {"$date": "2023-12-14T00:00:00Z"}, "precio": 0.0}, "upsert": true}]}' with request id 89 to database practica03mongoIvanLoli on connection [connectionId{localValue:11, serverValue:216638}] to server ac-o2suyf6-shard-00-02.7qtbnuz.mongodb.net:27017
22:49:32.070 [async-channel-group-0-handler-executor] DEBUG org.mongodb.driver.protocol.command - Execution of command with request id 89 completed successfully in 43.17 ms on connection [connectionId{localValue:11, serverValue:216638}] to server ac-o2suyf6-shard-00-02.7qtbnuz.mongodb.net:27017
22:49:32.079 [DefaultDispatcher-worker-2 @coroutine#759] DEBUG koin.repositories.pedido.PedidoRepository - findAll()
22:49:32.080 [AsyncGetter-5-thread-1] DEBUG org.mongodb.driver.protocol.command - Sending command '{"find": "pedido", "filter": {}, "batchSize": 64, "$db": "practica03mongoIvanLoli", "$clusterTime": {"clusterTime": {"$timestamp": {"t": 1675806569, "i": 12}}, "signature": {"hash": {"$binary": {"base64": "XpAYQdEDL3STBZ0o0aG/b0/FX6c=", "subType": "00"}}, "keyId": 7161871216054108163}}, "lsid": {"id": {"$binary": {"base64": "xbe9yt96RfCuB/EkkSIjyQ==", "subType": "04"}}}}' with request id 90 to database practica03mongoIvanLoli on connection [connectionId{localValue:11, serverValue:216638}] to server ac-o2suyf6-shard-00-02.7qtbnuz.mongodb.net:27017
22:49:32.143 [async-channel-group-0-handler-executor] DEBUG org.mongodb.driver.protocol.command - Execution of command with request id 90 completed successfully in 62.63 ms on connection [connectionId{localValue:11, serverValue:216638}] to server ac-o2suyf6-shard-00-02.7qtbnuz.mongodb.net:27017
22:49:32.143 [async-channel-group-0-handler-executor] DEBUG org.mongodb.driver.operation - Received batch of 1 documents with cursorId 0 from server ac-o2suyf6-shard-00-02.7qtbnuz.mongodb.net:27017
22:49:32.151 [AsyncGetter-5-thread-1] DEBUG org.mongodb.driver.protocol.command - Sending command '{"update": "pedido", "ordered": true, "txnNumber": 16, "$db": "practica03mongoIvanLoli", "$clusterTime": {"clusterTime": {"$timestamp": {"t": 1675806569, "i": 12}}, "signature": {"hash": {"$binary": {"base64": "XpAYQdEDL3STBZ0o0aG/b0/FX6c=", "subType": "00"}}, "keyId": 7161871216054108163}}, "lsid": {"id": {"$binary": {"base64": "xbe9yt96RfCuB/EkkSIjyQ==", "subType": "04"}}}, "updates": [{"q": {"_id": {"$oid": "63e2c76b285de2538ba4e322"}}, "u": {"_id": {"$oid": "63e2c76b285de2538ba4e322"}, "uuid": {"$binary": {"base64": "p0gQAGmNqZPMiuqWtQVPsw==", "subType": "03"}}, "userId": {"$binary": {"base64": "p0gGAGmNqZOag+qWtQVPsw==", "subType": "03"}}, "state": "PROCESO", "fechaEntrada": {"$date": "2013-10-10T00:00:00Z"}, "fechaSalida": {"$date": "2023-12-12T00:00:00Z"}, "topeEntrega": {"$date": "2023-12-14T00:00:00Z"}, "precio": 0.0}, "upsert": true}]}' with request id 91 to database practica03mongoIvanLoli on connection [connectionId{localValue:11, serverValue:216638}] to server ac-o2suyf6-shard-00-02.7qtbnuz.mongodb.net:27017
22:49:32.191 [async-channel-group-0-handler-executor] DEBUG org.mongodb.driver.protocol.command - Execution of command with request id 91 completed successfully in 40.53 ms on connection [connectionId{localValue:11, serverValue:216638}] to server ac-o2suyf6-shard-00-02.7qtbnuz.mongodb.net:27017
22:49:32.201 [DefaultDispatcher-worker-2 @coroutine#765] DEBUG koin.repositories.pedido.PedidoRepository - findById(63e2c76b285de2538ba4e322)
22:49:32.202 [AsyncGetter-5-thread-1] DEBUG org.mongodb.driver.protocol.command - Sending command '{"find": "pedido", "filter": {"_id": {"$oid": "63e2c76b285de2538ba4e322"}}, "limit": 1, "singleBatch": true, "$db": "practica03mongoIvanLoli", "$clusterTime": {"clusterTime": {"$timestamp": {"t": 1675806570, "i": 2}}, "signature": {"hash": {"$binary": {"base64": "8rw5UtnLbWiJbBCSjhN0HegAWlM=", "subType": "00"}}, "keyId": 7161871216054108163}}, "lsid": {"id": {"$binary": {"base64": "xbe9yt96RfCuB/EkkSIjyQ==", "subType": "04"}}}}' with request id 92 to database practica03mongoIvanLoli on connection [connectionId{localValue:11, serverValue:216638}] to server ac-o2suyf6-shard-00-02.7qtbnuz.mongodb.net:27017
22:49:32.240 [async-channel-group-0-handler-executor] DEBUG org.mongodb.driver.protocol.command - Execution of command with request id 92 completed successfully in 38.58 ms on connection [connectionId{localValue:11, serverValue:216638}] to server ac-o2suyf6-shard-00-02.7qtbnuz.mongodb.net:27017
22:49:32.241 [async-channel-group-0-handler-executor] DEBUG org.mongodb.driver.operation - Received batch of 1 documents with cursorId 0 from server ac-o2suyf6-shard-00-02.7qtbnuz.mongodb.net:27017
22:49:32.245 [AsyncGetter-5-thread-1] DEBUG org.mongodb.driver.protocol.command - Sending command '{"update": "pedido", "ordered": true, "txnNumber": 17, "$db": "practica03mongoIvanLoli", "$clusterTime": {"clusterTime": {"$timestamp": {"t": 1675806570, "i": 2}}, "signature": {"hash": {"$binary": {"base64": "8rw5UtnLbWiJbBCSjhN0HegAWlM=", "subType": "00"}}, "keyId": 7161871216054108163}}, "lsid": {"id": {"$binary": {"base64": "xbe9yt96RfCuB/EkkSIjyQ==", "subType": "04"}}}, "updates": [{"q": {"_id": {"$oid": "63e2c76b285de2538ba4e322"}}, "u": {"_id": {"$oid": "63e2c76b285de2538ba4e322"}, "uuid": {"$binary": {"base64": "p0gQAGmNqZPMiuqWtQVPsw==", "subType": "03"}}, "userId": {"$binary": {"base64": "p0gGAGmNqZOag+qWtQVPsw==", "subType": "03"}}, "state": "PROCESO", "fechaEntrada": {"$date": "2013-10-10T00:00:00Z"}, "fechaSalida": {"$date": "2023-12-12T00:00:00Z"}, "topeEntrega": {"$date": "2023-12-14T00:00:00Z"}, "precio": 0.0}, "upsert": true}]}' with request id 93 to database practica03mongoIvanLoli on connection [connectionId{localValue:11, serverValue:216638}] to server ac-o2suyf6-shard-00-02.7qtbnuz.mongodb.net:27017
22:49:32.285 [async-channel-group-0-handler-executor] DEBUG org.mongodb.driver.protocol.command - Execution of command with request id 93 completed successfully in 40.15 ms on connection [connectionId{localValue:11, serverValue:216638}] to server ac-o2suyf6-shard-00-02.7qtbnuz.mongodb.net:27017
22:49:32.290 [DefaultDispatcher-worker-2 @coroutine#770] DEBUG koin.repositories.pedido.PedidoRepository - findByUUID(93a98d69-0010-48a7-b34f-05b596ea8acc)
22:49:32.291 [AsyncGetter-5-thread-1] DEBUG org.mongodb.driver.protocol.command - Sending command '{"find": "pedido", "filter": {}, "batchSize": 64, "$db": "practica03mongoIvanLoli", "$clusterTime": {"clusterTime": {"$timestamp": {"t": 1675806570, "i": 2}}, "signature": {"hash": {"$binary": {"base64": "8rw5UtnLbWiJbBCSjhN0HegAWlM=", "subType": "00"}}, "keyId": 7161871216054108163}}, "lsid": {"id": {"$binary": {"base64": "xbe9yt96RfCuB/EkkSIjyQ==", "subType": "04"}}}}' with request id 94 to database practica03mongoIvanLoli on connection [connectionId{localValue:11, serverValue:216638}] to server ac-o2suyf6-shard-00-02.7qtbnuz.mongodb.net:27017
22:49:32.330 [async-channel-group-0-handler-executor] DEBUG org.mongodb.driver.protocol.command - Execution of command with request id 94 completed successfully in 38.90 ms on connection [connectionId{localValue:11, serverValue:216638}] to server ac-o2suyf6-shard-00-02.7qtbnuz.mongodb.net:27017
22:49:32.331 [async-channel-group-0-handler-executor] DEBUG org.mongodb.driver.operation - Received batch of 1 documents with cursorId 0 from server ac-o2suyf6-shard-00-02.7qtbnuz.mongodb.net:27017
22:49:32.338 [AsyncGetter-5-thread-1] DEBUG org.mongodb.driver.protocol.command - Sending command '{"update": "pedido", "ordered": true, "txnNumber": 18, "$db": "practica03mongoIvanLoli", "$clusterTime": {"clusterTime": {"$timestamp": {"t": 1675806570, "i": 4}}, "signature": {"hash": {"$binary": {"base64": "8rw5UtnLbWiJbBCSjhN0HegAWlM=", "subType": "00"}}, "keyId": 7161871216054108163}}, "lsid": {"id": {"$binary": {"base64": "xbe9yt96RfCuB/EkkSIjyQ==", "subType": "04"}}}, "updates": [{"q": {"_id": {"$oid": "63e2c76b285de2538ba4e322"}}, "u": {"_id": {"$oid": "63e2c76b285de2538ba4e322"}, "uuid": {"$binary": {"base64": "p0gQAGmNqZPMiuqWtQVPsw==", "subType": "03"}}, "userId": {"$binary": {"base64": "p0gGAGmNqZOag+qWtQVPsw==", "subType": "03"}}, "state": "PROCESO", "fechaEntrada": {"$date": "2013-10-10T00:00:00Z"}, "fechaSalida": {"$date": "2023-12-12T00:00:00Z"}, "topeEntrega": {"$date": "2023-12-14T00:00:00Z"}, "precio": 0.0}, "upsert": true}]}' with request id 95 to database practica03mongoIvanLoli on connection [connectionId{localValue:11, serverValue:216638}] to server ac-o2suyf6-shard-00-02.7qtbnuz.mongodb.net:27017
22:49:32.402 [async-channel-group-0-handler-executor] DEBUG org.mongodb.driver.protocol.command - Execution of command with request id 95 completed successfully in 64.21 ms on connection [connectionId{localValue:11, serverValue:216638}] to server ac-o2suyf6-shard-00-02.7qtbnuz.mongodb.net:27017
22:49:32.409 [DefaultDispatcher-worker-2 @coroutine#775] DEBUG koin.repositories.pedido.PedidoRepository - save(Pedido(id=63e2c76b285de2538ba4e322, uuid=93a98d69-0010-48a7-b34f-05b596ea8acc, userId=93a98d69-0006-48a7-b34f-05b596ea839a, state=PROCESO, fechaEntrada=2013-10-10, fechaSalida=2023-12-12, topeEntrega=2023-12-14, precio=0.0))
22:49:32.411 [AsyncGetter-5-thread-1] DEBUG org.mongodb.driver.protocol.command - Sending command '{"update": "pedido", "ordered": true, "txnNumber": 19, "$db": "practica03mongoIvanLoli", "$clusterTime": {"clusterTime": {"$timestamp": {"t": 1675806570, "i": 5}}, "signature": {"hash": {"$binary": {"base64": "8rw5UtnLbWiJbBCSjhN0HegAWlM=", "subType": "00"}}, "keyId": 7161871216054108163}}, "lsid": {"id": {"$binary": {"base64": "xbe9yt96RfCuB/EkkSIjyQ==", "subType": "04"}}}, "updates": [{"q": {"_id": {"$oid": "63e2c76b285de2538ba4e322"}}, "u": {"_id": {"$oid": "63e2c76b285de2538ba4e322"}, "uuid": {"$binary": {"base64": "p0gQAGmNqZPMiuqWtQVPsw==", "subType": "03"}}, "userId": {"$binary": {"base64": "p0gGAGmNqZOag+qWtQVPsw==", "subType": "03"}}, "state": "PROCESO", "fechaEntrada": {"$date": "2013-10-10T00:00:00Z"}, "fechaSalida": {"$date": "2023-12-12T00:00:00Z"}, "topeEntrega": {"$date": "2023-12-14T00:00:00Z"}, "precio": 0.0}, "upsert": true}]}' with request id 96 to database practica03mongoIvanLoli on connection [connectionId{localValue:11, serverValue:216638}] to server ac-o2suyf6-shard-00-02.7qtbnuz.mongodb.net:27017
22:49:32.450 [async-channel-group-0-handler-executor] DEBUG org.mongodb.driver.protocol.command - Execution of command with request id 96 completed successfully in 39.56 ms on connection [connectionId{localValue:11, serverValue:216638}] to server ac-o2suyf6-shard-00-02.7qtbnuz.mongodb.net:27017
22:49:32.455 [AsyncGetter-5-thread-1] DEBUG org.mongodb.driver.protocol.command - Sending command '{"update": "pedido", "ordered": true, "txnNumber": 20, "$db": "practica03mongoIvanLoli", "$clusterTime": {"clusterTime": {"$timestamp": {"t": 1675806570, "i": 5}}, "signature": {"hash": {"$binary": {"base64": "8rw5UtnLbWiJbBCSjhN0HegAWlM=", "subType": "00"}}, "keyId": 7161871216054108163}}, "lsid": {"id": {"$binary": {"base64": "xbe9yt96RfCuB/EkkSIjyQ==", "subType": "04"}}}, "updates": [{"q": {"_id": {"$oid": "63e2c76b285de2538ba4e322"}}, "u": {"_id": {"$oid": "63e2c76b285de2538ba4e322"}, "uuid": {"$binary": {"base64": "p0gQAGmNqZPMiuqWtQVPsw==", "subType": "03"}}, "userId": {"$binary": {"base64": "p0gGAGmNqZOag+qWtQVPsw==", "subType": "03"}}, "state": "PROCESO", "fechaEntrada": {"$date": "2013-10-10T00:00:00Z"}, "fechaSalida": {"$date": "2023-12-12T00:00:00Z"}, "topeEntrega": {"$date": "2023-12-14T00:00:00Z"}, "precio": 0.0}, "upsert": true}]}' with request id 97 to database practica03mongoIvanLoli on connection [connectionId{localValue:11, serverValue:216638}] to server ac-o2suyf6-shard-00-02.7qtbnuz.mongodb.net:27017
22:49:32.495 [async-channel-group-0-handler-executor] DEBUG org.mongodb.driver.protocol.command - Execution of command with request id 97 completed successfully in 40.20 ms on connection [connectionId{localValue:11, serverValue:216638}] to server ac-o2suyf6-shard-00-02.7qtbnuz.mongodb.net:27017
22:49:32.500 [DefaultDispatcher-worker-2 @coroutine#780] DEBUG koin.repositories.pedido.PedidoRepository - findById(63e2c76c285de2538ba4e323)
22:49:32.502 [AsyncGetter-5-thread-1] DEBUG org.mongodb.driver.protocol.command - Sending command '{"find": "pedido", "filter": {"_id": {"$oid": "63e2c76c285de2538ba4e323"}}, "limit": 1, "singleBatch": true, "$db": "practica03mongoIvanLoli", "$clusterTime": {"clusterTime": {"$timestamp": {"t": 1675806570, "i": 5}}, "signature": {"hash": {"$binary": {"base64": "8rw5UtnLbWiJbBCSjhN0HegAWlM=", "subType": "00"}}, "keyId": 7161871216054108163}}, "lsid": {"id": {"$binary": {"base64": "xbe9yt96RfCuB/EkkSIjyQ==", "subType": "04"}}}}' with request id 98 to database practica03mongoIvanLoli on connection [connectionId{localValue:11, serverValue:216638}] to server ac-o2suyf6-shard-00-02.7qtbnuz.mongodb.net:27017
22:49:32.540 [async-channel-group-0-handler-executor] DEBUG org.mongodb.driver.protocol.command - Execution of command with request id 98 completed successfully in 38.11 ms on connection [connectionId{localValue:11, serverValue:216638}] to server ac-o2suyf6-shard-00-02.7qtbnuz.mongodb.net:27017
22:49:32.540 [async-channel-group-0-handler-executor] DEBUG org.mongodb.driver.operation - Received batch of 0 documents with cursorId 0 from server ac-o2suyf6-shard-00-02.7qtbnuz.mongodb.net:27017
22:49:32.544 [AsyncGetter-5-thread-1] DEBUG org.mongodb.driver.protocol.command - Sending command '{"update": "pedido", "ordered": true, "txnNumber": 21, "$db": "practica03mongoIvanLoli", "$clusterTime": {"clusterTime": {"$timestamp": {"t": 1675806570, "i": 5}}, "signature": {"hash": {"$binary": {"base64": "8rw5UtnLbWiJbBCSjhN0HegAWlM=", "subType": "00"}}, "keyId": 7161871216054108163}}, "lsid": {"id": {"$binary": {"base64": "xbe9yt96RfCuB/EkkSIjyQ==", "subType": "04"}}}, "updates": [{"q": {"_id": {"$oid": "63e2c76b285de2538ba4e322"}}, "u": {"_id": {"$oid": "63e2c76b285de2538ba4e322"}, "uuid": {"$binary": {"base64": "p0gQAGmNqZPMiuqWtQVPsw==", "subType": "03"}}, "userId": {"$binary": {"base64": "p0gGAGmNqZOag+qWtQVPsw==", "subType": "03"}}, "state": "PROCESO", "fechaEntrada": {"$date": "2013-10-10T00:00:00Z"}, "fechaSalida": {"$date": "2023-12-12T00:00:00Z"}, "topeEntrega": {"$date": "2023-12-14T00:00:00Z"}, "precio": 0.0}, "upsert": true}]}' with request id 99 to database practica03mongoIvanLoli on connection [connectionId{localValue:11, serverValue:216638}] to server ac-o2suyf6-shard-00-02.7qtbnuz.mongodb.net:27017
22:49:32.584 [async-channel-group-0-handler-executor] DEBUG org.mongodb.driver.protocol.command - Execution of command with request id 99 completed successfully in 38.88 ms on connection [connectionId{localValue:11, serverValue:216638}] to server ac-o2suyf6-shard-00-02.7qtbnuz.mongodb.net:27017
22:49:32.588 [DefaultDispatcher-worker-2 @coroutine#785] DEBUG koin.repositories.pedido.PedidoRepository - delete(63e2c76c285de2538ba4e324)
22:49:32.590 [AsyncGetter-5-thread-1] DEBUG org.mongodb.driver.protocol.command - Sending command '{"find": "pedido", "filter": {"_id": {"$oid": "63e2c76c285de2538ba4e324"}}, "limit": 1, "singleBatch": true, "$db": "practica03mongoIvanLoli", "$clusterTime": {"clusterTime": {"$timestamp": {"t": 1675806570, "i": 5}}, "signature": {"hash": {"$binary": {"base64": "8rw5UtnLbWiJbBCSjhN0HegAWlM=", "subType": "00"}}, "keyId": 7161871216054108163}}, "lsid": {"id": {"$binary": {"base64": "xbe9yt96RfCuB/EkkSIjyQ==", "subType": "04"}}}}' with request id 100 to database practica03mongoIvanLoli on connection [connectionId{localValue:11, serverValue:216638}] to server ac-o2suyf6-shard-00-02.7qtbnuz.mongodb.net:27017
22:49:32.627 [async-channel-group-0-handler-executor] DEBUG org.mongodb.driver.protocol.command - Execution of command with request id 100 completed successfully in 37.80 ms on connection [connectionId{localValue:11, serverValue:216638}] to server ac-o2suyf6-shard-00-02.7qtbnuz.mongodb.net:27017
22:49:32.628 [async-channel-group-0-handler-executor] DEBUG org.mongodb.driver.operation - Received batch of 0 documents with cursorId 0 from server ac-o2suyf6-shard-00-02.7qtbnuz.mongodb.net:27017
22:49:32.629 [AsyncGetter-5-thread-1] DEBUG org.mongodb.driver.protocol.command - Sending command '{"delete": "pedido", "ordered": true, "txnNumber": 22, "$db": "practica03mongoIvanLoli", "$clusterTime": {"clusterTime": {"$timestamp": {"t": 1675806570, "i": 6}}, "signature": {"hash": {"$binary": {"base64": "8rw5UtnLbWiJbBCSjhN0HegAWlM=", "subType": "00"}}, "keyId": 7161871216054108163}}, "lsid": {"id": {"$binary": {"base64": "xbe9yt96RfCuB/EkkSIjyQ==", "subType": "04"}}}, "deletes": [{"q": {"_id": {"$oid": "63e2c76c285de2538ba4e324"}}, "limit": 1}]}' with request id 101 to database practica03mongoIvanLoli on connection [connectionId{localValue:11, serverValue:216638}] to server ac-o2suyf6-shard-00-02.7qtbnuz.mongodb.net:27017
22:49:32.668 [async-channel-group-0-handler-executor] DEBUG org.mongodb.driver.protocol.command - Execution of command with request id 101 completed successfully in 38.49 ms on connection [connectionId{localValue:11, serverValue:216638}] to server ac-o2suyf6-shard-00-02.7qtbnuz.mongodb.net:27017
22:49:32.671 [AsyncGetter-5-thread-1] DEBUG org.mongodb.driver.protocol.command - Sending command '{"drop": "pedido", "$db": "practica03mongoIvanLoli", "$clusterTime": {"clusterTime": {"$timestamp": {"t": 1675806570, "i": 6}}, "signature": {"hash": {"$binary": {"base64": "8rw5UtnLbWiJbBCSjhN0HegAWlM=", "subType": "00"}}, "keyId": 7161871216054108163}}, "lsid": {"id": {"$binary": {"base64": "xbe9yt96RfCuB/EkkSIjyQ==", "subType": "04"}}}}' with request id 102 to database practica03mongoIvanLoli on connection [connectionId{localValue:11, serverValue:216638}] to server ac-o2suyf6-shard-00-02.7qtbnuz.mongodb.net:27017
22:49:32.723 [async-channel-group-0-handler-executor] DEBUG org.mongodb.driver.protocol.command - Execution of command with request id 102 completed successfully in 52.72 ms on connection [connectionId{localValue:11, serverValue:216638}] to server ac-o2suyf6-shard-00-02.7qtbnuz.mongodb.net:27017
]]></system-out>
  <system-err><![CDATA[]]></system-err>
</testsuite>
