<?xml version="1.0" encoding="UTF-8"?>
<testsuite name="koin.repositories.turno.TurnoRepositoryCachedTest" tests="8" skipped="0" failures="0" errors="0" timestamp="2023-02-07T21:49:36" hostname="LOLI-LAPTOP" time="0.096">
  <properties/>
  <testcase name="setFinalizado()" classname="koin.repositories.turno.TurnoRepositoryCachedTest" time="0.016"/>
  <testcase name="delete()" classname="koin.repositories.turno.TurnoRepositoryCachedTest" time="0.013"/>
  <testcase name="findAll()" classname="koin.repositories.turno.TurnoRepositoryCachedTest" time="0.013"/>
  <testcase name="findById()" classname="koin.repositories.turno.TurnoRepositoryCachedTest" time="0.011"/>
  <testcase name="findByUUID()" classname="koin.repositories.turno.TurnoRepositoryCachedTest" time="0.017"/>
  <testcase name="save()" classname="koin.repositories.turno.TurnoRepositoryCachedTest" time="0.011"/>
  <testcase name="findByUUIDNotExists()" classname="koin.repositories.turno.TurnoRepositoryCachedTest" time="0.008"/>
  <testcase name="findByIdNotExists()" classname="koin.repositories.turno.TurnoRepositoryCachedTest" time="0.005"/>
  <system-out><![CDATA[22:49:36.142 [Test worker] DEBUG koin.services.cache.turno.TurnoCache - Initializing TurnoCache...
22:49:36.146 [Test worker] DEBUG io.mockk.impl.instantiation.AbstractMockFactory - Creating spyk for TurnoCache name=cache#715
22:49:36.171 [Test worker] DEBUG io.mockk.impl.instantiation.AbstractMockFactory - Creating mockk for TurnoRepository name=repo#716
22:49:36.203 [DefaultDispatcher-worker-4 @coroutine#1012] DEBUG io.mockk.impl.recording.states.AnsweringState - Answering 60000 on TurnoCache(cache#715).getRefreshTime()
22:49:36.209 [Test worker @coroutine#1013] DEBUG io.mockk.impl.instantiation.AbstractMockFactory - Creating mockk for Turno name=child of repo#716#717
22:49:36.211 [DefaultDispatcher-worker-4] DEBUG io.mockk.impl.recording.states.AnsweringState - Answering Turno(id=63e2c770285de2538ba4e3f7, uuid=93a98d69-0019-48a7-b34f-05b596ea8abc, workerId=93a98d69-0007-48a7-b34f-05b596ea839c, maquinaId=93a98d69-0008-48a7-b34f-05b596ea83bb, horaInicio=2002-10-14T10:09, horaFin=2002-10-14T16:49, numPedidosActivos=2, tarea1Id=93a98d69-0015-48a7-b34f-05b596ea8aab, tarea2Id=93a98d69-0011-48a7-b34f-05b596ea83ca, finalizado=false) on TurnoRepository(repo#716).setFinalizado(63e2c770285de2538ba4e3f7, continuation {})
22:49:36.221 [Test worker @coroutine#1019] DEBUG io.mockk.impl.instantiation.AbstractMockFactory - Creating mockk for Turno name=child of repo#716#718
22:49:36.223 [Test worker @coroutine#1019] DEBUG io.mockk.impl.instantiation.AbstractMockFactory - Creating mockk for Turno name=child of repo#716#719
22:49:36.225 [DefaultDispatcher-worker-4] DEBUG io.mockk.impl.recording.states.AnsweringState - Answering Turno(id=63e2c770285de2538ba4e3f7, uuid=93a98d69-0019-48a7-b34f-05b596ea8abc, workerId=93a98d69-0007-48a7-b34f-05b596ea839c, maquinaId=93a98d69-0008-48a7-b34f-05b596ea83bb, horaInicio=2002-10-14T10:09, horaFin=2002-10-14T16:49, numPedidosActivos=2, tarea1Id=93a98d69-0015-48a7-b34f-05b596ea8aab, tarea2Id=93a98d69-0011-48a7-b34f-05b596ea83ca, finalizado=false) on TurnoRepository(repo#716).delete(63e2c770285de2538ba4e3f7, continuation {})
22:49:36.227 [DefaultDispatcher-worker-4] DEBUG io.mockk.impl.recording.states.AnsweringState - Answering io.github.reactivecircus.cache4k.RealCache@3f558c73 on TurnoCache(cache#715).getCache()
22:49:36.235 [Test worker @coroutine#1027] DEBUG io.mockk.impl.instantiation.AbstractMockFactory - Creating mockk for Flow name=child of repo#716#720
22:49:36.237 [DefaultDispatcher-worker-4] DEBUG io.mockk.impl.recording.states.AnsweringState - Answering kotlinx.coroutines.flow.FlowKt__BuildersKt$flowOf$$inlined$unsafeFlow$2@3ed23b6a on TurnoRepository(repo#716).findAll(continuation {})
22:49:36.249 [Test worker @coroutine#1033] DEBUG io.mockk.impl.instantiation.AbstractMockFactory - Creating mockk for Turno name=child of repo#716#721
22:49:36.251 [DefaultDispatcher-worker-4] DEBUG io.mockk.impl.recording.states.AnsweringState - Answering Turno(id=63e2c770285de2538ba4e3f7, uuid=93a98d69-0019-48a7-b34f-05b596ea8abc, workerId=93a98d69-0007-48a7-b34f-05b596ea839c, maquinaId=93a98d69-0008-48a7-b34f-05b596ea83bb, horaInicio=2002-10-14T10:09, horaFin=2002-10-14T16:49, numPedidosActivos=2, tarea1Id=93a98d69-0015-48a7-b34f-05b596ea8aab, tarea2Id=93a98d69-0011-48a7-b34f-05b596ea83ca, finalizado=false) on TurnoRepository(repo#716).findById(63e2c770285de2538ba4e3f7, continuation {})
22:49:36.261 [Test worker @coroutine#1039] DEBUG io.mockk.impl.instantiation.AbstractMockFactory - Creating mockk for Turno name=child of repo#716#722
22:49:36.264 [DefaultDispatcher-worker-4] DEBUG io.mockk.impl.recording.states.AnsweringState - Answering io.github.reactivecircus.cache4k.RealCache@3f558c73 on TurnoCache(cache#715).getCache()
22:49:36.265 [DefaultDispatcher-worker-4] DEBUG io.mockk.impl.recording.states.AnsweringState - Answering Turno(id=63e2c770285de2538ba4e3f7, uuid=93a98d69-0019-48a7-b34f-05b596ea8abc, workerId=93a98d69-0007-48a7-b34f-05b596ea839c, maquinaId=93a98d69-0008-48a7-b34f-05b596ea83bb, horaInicio=2002-10-14T10:09, horaFin=2002-10-14T16:49, numPedidosActivos=2, tarea1Id=93a98d69-0015-48a7-b34f-05b596ea8aab, tarea2Id=93a98d69-0011-48a7-b34f-05b596ea83ca, finalizado=false) on TurnoRepository(repo#716).findByUUID(93a98d69-0019-48a7-b34f-05b596ea8abc, continuation {})
22:49:36.270 [Test worker @background work runner#1042] DEBUG io.mockk.impl.instantiation.AbstractMockFactory - Creating mockk for Turno name=child of repo#716#723
22:49:36.276 [Test worker @coroutine#1045] DEBUG io.mockk.impl.instantiation.AbstractMockFactory - Creating mockk for Turno name=child of repo#716#724
22:49:36.278 [DefaultDispatcher-worker-4] DEBUG io.mockk.impl.recording.states.AnsweringState - Answering Turno(id=63e2c770285de2538ba4e3f7, uuid=93a98d69-0019-48a7-b34f-05b596ea8abc, workerId=93a98d69-0007-48a7-b34f-05b596ea839c, maquinaId=93a98d69-0008-48a7-b34f-05b596ea83bb, horaInicio=2002-10-14T10:09, horaFin=2002-10-14T16:49, numPedidosActivos=2, tarea1Id=93a98d69-0015-48a7-b34f-05b596ea8aab, tarea2Id=93a98d69-0011-48a7-b34f-05b596ea83ca, finalizado=false) on TurnoRepository(repo#716).save(Turno(id=63e2c770285de2538ba4e3f7, uuid=93a98d69-0019-48a7-b34f-05b596ea8abc, workerId=93a98d69-0007-48a7-b34f-05b596ea839c, maquinaId=93a98d69-0008-48a7-b34f-05b596ea83bb, horaInicio=2002-10-14T10:09, horaFin=2002-10-14T16:49, numPedidosActivos=2, tarea1Id=93a98d69-0015-48a7-b34f-05b596ea8aab, tarea2Id=93a98d69-0011-48a7-b34f-05b596ea83ca, finalizado=false), continuation {})
22:49:36.286 [DefaultDispatcher-worker-4] DEBUG io.mockk.impl.recording.states.AnsweringState - Answering io.github.reactivecircus.cache4k.RealCache@3f558c73 on TurnoCache(cache#715).getCache()
22:49:36.287 [DefaultDispatcher-worker-4] DEBUG io.mockk.impl.recording.states.AnsweringState - Answering null on TurnoRepository(repo#716).findByUUID(a56e1407-3456-49b7-9a1e-bf6c4d9bdd9f, continuation {})
22:49:36.294 [DefaultDispatcher-worker-4] DEBUG io.mockk.impl.recording.states.AnsweringState - Answering null on TurnoRepository(repo#716).findById(63e2c770285de2538ba4e3f8, continuation {})
]]></system-out>
  <system-err><![CDATA[]]></system-err>
</testsuite>
