<?xml version="1.0" encoding="UTF-8"?>
<testsuite name="koin.repositories.turno.TurnoRepositoryTest" tests="8" skipped="0" failures="0" errors="0" timestamp="2023-02-10T19:54:49" hostname="LOLI-LAPTOP" time="1.017">
  <properties/>
  <testcase name="setFinalizado()" classname="koin.repositories.turno.TurnoRepositoryTest" time="0.224"/>
  <testcase name="delete()" classname="koin.repositories.turno.TurnoRepositoryTest" time="0.171"/>
  <testcase name="findAll()" classname="koin.repositories.turno.TurnoRepositoryTest" time="0.1"/>
  <testcase name="findById()" classname="koin.repositories.turno.TurnoRepositoryTest" time="0.093"/>
  <testcase name="findByUuid()" classname="koin.repositories.turno.TurnoRepositoryTest" time="0.098"/>
  <testcase name="save()" classname="koin.repositories.turno.TurnoRepositoryTest" time="0.1"/>
  <testcase name="findByIdNotExists()" classname="koin.repositories.turno.TurnoRepositoryTest" time="0.092"/>
  <testcase name="deleteNotExists()" classname="koin.repositories.turno.TurnoRepositoryTest" time="0.138"/>
  <system-out><![CDATA[20:54:49.076 [AsyncGetter-5-thread-1] DEBUG org.mongodb.driver.protocol.command - Sending command '{"drop": "turno", "$db": "practica03mongoIvanLoli", "$clusterTime": {"clusterTime": {"$timestamp": {"t": 1676058885, "i": 3}}, "signature": {"hash": {"$binary": {"base64": "7ZfCTbpDyvFfaAaCZ3zymXhb/R8=", "subType": "00"}}, "keyId": 7161871216054108163}}, "lsid": {"id": {"$binary": {"base64": "iaaDCEpQRkC2MlqJ67VcNQ==", "subType": "04"}}}}' with request id 139 to database practica03mongoIvanLoli on connection [connectionId{localValue:7, serverValue:268692}] to server ac-o2suyf6-shard-00-02.7qtbnuz.mongodb.net:27017
20:54:49.117 [async-channel-group-0-handler-executor] DEBUG org.mongodb.driver.protocol.command - Execution of command with request id 139 failed to complete successfully in 41.70 ms on connection [connectionId{localValue:7, serverValue:268692}] to server ac-o2suyf6-shard-00-02.7qtbnuz.mongodb.net:27017
com.mongodb.MongoCommandException: Command failed with error 26 (NamespaceNotFound): 'ns not found' on server ac-o2suyf6-shard-00-02.7qtbnuz.mongodb.net:27017. The full response is {"ok": 0.0, "errmsg": "ns not found", "code": 26, "codeName": "NamespaceNotFound", "$clusterTime": {"clusterTime": {"$timestamp": {"t": 1676058885, "i": 3}}, "signature": {"hash": {"$binary": {"base64": "7ZfCTbpDyvFfaAaCZ3zymXhb/R8=", "subType": "00"}}, "keyId": 7161871216054108163}}, "operationTime": {"$timestamp": {"t": 1676058885, "i": 3}}}
	at com.mongodb.internal.connection.ProtocolHelper.getCommandFailureException(ProtocolHelper.java:198)
	at com.mongodb.internal.connection.InternalStreamConnection$2$1.onResult(InternalStreamConnection.java:512)
	at com.mongodb.internal.connection.InternalStreamConnection$2$1.onResult(InternalStreamConnection.java:498)
	at com.mongodb.internal.connection.InternalStreamConnection$MessageHeaderCallback$MessageCallback.onResult(InternalStreamConnection.java:821)
	at com.mongodb.internal.connection.InternalStreamConnection$MessageHeaderCallback$MessageCallback.onResult(InternalStreamConnection.java:785)
	at com.mongodb.internal.connection.InternalStreamConnection$5.completed(InternalStreamConnection.java:645)
	at com.mongodb.internal.connection.InternalStreamConnection$5.completed(InternalStreamConnection.java:642)
	at com.mongodb.internal.connection.AsynchronousChannelStream$BasicCompletionHandler.completed(AsynchronousChannelStream.java:250)
	at com.mongodb.internal.connection.AsynchronousChannelStream$BasicCompletionHandler.completed(AsynchronousChannelStream.java:233)
	at com.mongodb.internal.connection.tlschannel.async.AsynchronousTlsChannel.lambda$read$4(AsynchronousTlsChannel.java:122)
	at java.base/java.util.concurrent.Executors$RunnableAdapter.call(Executors.java:539)
	at java.base/java.util.concurrent.FutureTask.run(FutureTask.java:264)
	at java.base/java.util.concurrent.ThreadPoolExecutor.runWorker(ThreadPoolExecutor.java:1136)
	at java.base/java.util.concurrent.ThreadPoolExecutor$Worker.run(ThreadPoolExecutor.java:635)
	at java.base/java.lang.Thread.run(Thread.java:833)
20:54:49.135 [AsyncGetter-5-thread-1] DEBUG org.mongodb.driver.protocol.command - Sending command '{"update": "turno", "ordered": true, "txnNumber": 49, "$db": "practica03mongoIvanLoli", "$clusterTime": {"clusterTime": {"$timestamp": {"t": 1676058885, "i": 3}}, "signature": {"hash": {"$binary": {"base64": "7ZfCTbpDyvFfaAaCZ3zymXhb/R8=", "subType": "00"}}, "keyId": 7161871216054108163}}, "lsid": {"id": {"$binary": {"base64": "iaaDCEpQRkC2MlqJ67VcNQ==", "subType": "04"}}}, "updates": [{"q": {"_id": {"$oid": "63e6a10961c2a601272c50d6"}}, "u": {"_id": {"$oid": "63e6a10961c2a601272c50d6"}, "uuid": {"$binary": {"base64": "p0gZAGmNqZO8iuqWtQVPsw==", "subType": "03"}}, "workerId": {"$binary": {"base64": "p0gHAGmNqZOcg+qWtQVPsw==", "subType": "03"}}, "maquinaId": {"$binary": {"base64": "p0gIAGmNqZO7g+qWtQVPsw==", "subType": "03"}}, "horaInicio": {"$date": "2002-10-14T10:09:00Z"}, "horaFin": {"$date": "2002-10-14T16:49:00Z"}, "numPedidosActivos": 2, "tarea1Id": {"$binary": {"base64": "p0gVAGmNqZOriuqWtQVPsw==", "subType": "03"}}, "tarea2Id": {"$binary": {"base64": "p0gRAGmNqZPKg+qWtQVPsw==",  ...' with request id 140 to database practica03mongoIvanLoli on connection [connectionId{localValue:7, serverValue:268692}] to server ac-o2suyf6-shard-00-02.7qtbnuz.mongodb.net:27017
20:54:49.240 [async-channel-group-0-handler-executor] DEBUG org.mongodb.driver.protocol.command - Execution of command with request id 140 completed successfully in 104.90 ms on connection [connectionId{localValue:7, serverValue:268692}] to server ac-o2suyf6-shard-00-02.7qtbnuz.mongodb.net:27017
20:54:49.248 [DefaultDispatcher-worker-6 @coroutine#1064] DEBUG koin.repositories.turno.TurnoRepository - setFinalizado(63e6a10961c2a601272c50d6)
20:54:49.250 [AsyncGetter-5-thread-1] DEBUG org.mongodb.driver.protocol.command - Sending command '{"find": "turno", "filter": {"_id": {"$oid": "63e6a10961c2a601272c50d6"}}, "limit": 1, "singleBatch": true, "$db": "practica03mongoIvanLoli", "$clusterTime": {"clusterTime": {"$timestamp": {"t": 1676058885, "i": 6}}, "signature": {"hash": {"$binary": {"base64": "7ZfCTbpDyvFfaAaCZ3zymXhb/R8=", "subType": "00"}}, "keyId": 7161871216054108163}}, "lsid": {"id": {"$binary": {"base64": "iaaDCEpQRkC2MlqJ67VcNQ==", "subType": "04"}}}}' with request id 141 to database practica03mongoIvanLoli on connection [connectionId{localValue:7, serverValue:268692}] to server ac-o2suyf6-shard-00-02.7qtbnuz.mongodb.net:27017
20:54:49.289 [async-channel-group-0-handler-executor] DEBUG org.mongodb.driver.protocol.command - Execution of command with request id 141 completed successfully in 40.04 ms on connection [connectionId{localValue:7, serverValue:268692}] to server ac-o2suyf6-shard-00-02.7qtbnuz.mongodb.net:27017
20:54:49.292 [async-channel-group-0-handler-executor] DEBUG org.mongodb.driver.operation - Received batch of 1 documents with cursorId 0 from server ac-o2suyf6-shard-00-02.7qtbnuz.mongodb.net:27017
20:54:49.294 [AsyncGetter-5-thread-1] DEBUG org.mongodb.driver.protocol.command - Sending command '{"update": "turno", "ordered": true, "txnNumber": 50, "$db": "practica03mongoIvanLoli", "$clusterTime": {"clusterTime": {"$timestamp": {"t": 1676058885, "i": 6}}, "signature": {"hash": {"$binary": {"base64": "7ZfCTbpDyvFfaAaCZ3zymXhb/R8=", "subType": "00"}}, "keyId": 7161871216054108163}}, "lsid": {"id": {"$binary": {"base64": "iaaDCEpQRkC2MlqJ67VcNQ==", "subType": "04"}}}, "updates": [{"q": {"_id": {"$oid": "63e6a10961c2a601272c50d6"}}, "u": {"_id": {"$oid": "63e6a10961c2a601272c50d6"}, "uuid": {"$binary": {"base64": "p0gZAGmNqZO8iuqWtQVPsw==", "subType": "03"}}, "workerId": {"$binary": {"base64": "p0gHAGmNqZOcg+qWtQVPsw==", "subType": "03"}}, "maquinaId": {"$binary": {"base64": "p0gIAGmNqZO7g+qWtQVPsw==", "subType": "03"}}, "horaInicio": {"$date": "2002-10-14T10:09:00Z"}, "horaFin": {"$date": "2002-10-14T16:49:00Z"}, "numPedidosActivos": 2, "tarea1Id": {"$binary": {"base64": "p0gVAGmNqZOriuqWtQVPsw==", "subType": "03"}}, "tarea2Id": {"$binary": {"base64": "p0gRAGmNqZPKg+qWtQVPsw==",  ...' with request id 142 to database practica03mongoIvanLoli on connection [connectionId{localValue:7, serverValue:268692}] to server ac-o2suyf6-shard-00-02.7qtbnuz.mongodb.net:27017
20:54:49.339 [async-channel-group-0-handler-executor] DEBUG org.mongodb.driver.protocol.command - Execution of command with request id 142 completed successfully in 44.40 ms on connection [connectionId{localValue:7, serverValue:268692}] to server ac-o2suyf6-shard-00-02.7qtbnuz.mongodb.net:27017
20:54:49.344 [AsyncGetter-5-thread-1] DEBUG org.mongodb.driver.protocol.command - Sending command '{"update": "turno", "ordered": true, "txnNumber": 51, "$db": "practica03mongoIvanLoli", "$clusterTime": {"clusterTime": {"$timestamp": {"t": 1676058885, "i": 7}}, "signature": {"hash": {"$binary": {"base64": "7ZfCTbpDyvFfaAaCZ3zymXhb/R8=", "subType": "00"}}, "keyId": 7161871216054108163}}, "lsid": {"id": {"$binary": {"base64": "iaaDCEpQRkC2MlqJ67VcNQ==", "subType": "04"}}}, "updates": [{"q": {"_id": {"$oid": "63e6a10961c2a601272c50d6"}}, "u": {"_id": {"$oid": "63e6a10961c2a601272c50d6"}, "uuid": {"$binary": {"base64": "p0gZAGmNqZO8iuqWtQVPsw==", "subType": "03"}}, "workerId": {"$binary": {"base64": "p0gHAGmNqZOcg+qWtQVPsw==", "subType": "03"}}, "maquinaId": {"$binary": {"base64": "p0gIAGmNqZO7g+qWtQVPsw==", "subType": "03"}}, "horaInicio": {"$date": "2002-10-14T10:09:00Z"}, "horaFin": {"$date": "2002-10-14T16:49:00Z"}, "numPedidosActivos": 2, "tarea1Id": {"$binary": {"base64": "p0gVAGmNqZOriuqWtQVPsw==", "subType": "03"}}, "tarea2Id": {"$binary": {"base64": "p0gRAGmNqZPKg+qWtQVPsw==",  ...' with request id 143 to database practica03mongoIvanLoli on connection [connectionId{localValue:7, serverValue:268692}] to server ac-o2suyf6-shard-00-02.7qtbnuz.mongodb.net:27017
20:54:49.388 [async-channel-group-0-handler-executor] DEBUG org.mongodb.driver.protocol.command - Execution of command with request id 143 completed successfully in 44.26 ms on connection [connectionId{localValue:7, serverValue:268692}] to server ac-o2suyf6-shard-00-02.7qtbnuz.mongodb.net:27017
20:54:49.389 [cluster-ClusterId{value='63e6a0d661c2a601272c4cef', description='null'}-ac-o2suyf6-shard-00-02.7qtbnuz.mongodb.net:27017] DEBUG org.mongodb.driver.cluster - Updating cluster description to  {type=REPLICA_SET, servers=[{address=ac-o2suyf6-shard-00-00.7qtbnuz.mongodb.net:27017, type=REPLICA_SET_SECONDARY, TagSet{[Tag{name='nodeType', value='ELECTABLE'}, Tag{name='provider', value='AWS'}, Tag{name='region', value='EU_WEST_3'}, Tag{name='workloadType', value='OPERATIONAL'}]}, roundTripTime=179.1 ms, state=CONNECTED}, {address=ac-o2suyf6-shard-00-02.7qtbnuz.mongodb.net:27017, type=REPLICA_SET_PRIMARY, TagSet{[Tag{name='nodeType', value='ELECTABLE'}, Tag{name='provider', value='AWS'}, Tag{name='region', value='EU_WEST_3'}, Tag{name='workloadType', value='OPERATIONAL'}]}, roundTripTime=148.7 ms, state=CONNECTED}, {address=ac-o2suyf6-shard-00-01.7qtbnuz.mongodb.net:27017, type=REPLICA_SET_SECONDARY, TagSet{[Tag{name='nodeType', value='ELECTABLE'}, Tag{name='provider', value='AWS'}, Tag{name='region', value='EU_WEST_3'}, Tag{name='workloadType', value='OPERATIONAL'}]}, roundTripTime=177.5 ms, state=CONNECTED}]
20:54:49.389 [cluster-ClusterId{value='63e6a0d661c2a601272c4cef', description='null'}-ac-o2suyf6-shard-00-02.7qtbnuz.mongodb.net:27017] DEBUG org.mongodb.driver.cluster - Checking status of ac-o2suyf6-shard-00-02.7qtbnuz.mongodb.net:27017
20:54:49.396 [DefaultDispatcher-worker-4 @coroutine#1069] DEBUG koin.repositories.turno.TurnoRepository - delete(63e6a10961c2a601272c50d6)
20:54:49.398 [AsyncGetter-5-thread-1] DEBUG org.mongodb.driver.protocol.command - Sending command '{"find": "turno", "filter": {"_id": {"$oid": "63e6a10961c2a601272c50d6"}}, "limit": 1, "singleBatch": true, "$db": "practica03mongoIvanLoli", "$clusterTime": {"clusterTime": {"$timestamp": {"t": 1676058885, "i": 8}}, "signature": {"hash": {"$binary": {"base64": "7ZfCTbpDyvFfaAaCZ3zymXhb/R8=", "subType": "00"}}, "keyId": 7161871216054108163}}, "lsid": {"id": {"$binary": {"base64": "iaaDCEpQRkC2MlqJ67VcNQ==", "subType": "04"}}}}' with request id 144 to database practica03mongoIvanLoli on connection [connectionId{localValue:7, serverValue:268692}] to server ac-o2suyf6-shard-00-02.7qtbnuz.mongodb.net:27017
20:54:49.401 [cluster-ClusterId{value='63e6a0d661c2a601272c4cef', description='null'}-ac-o2suyf6-shard-00-01.7qtbnuz.mongodb.net:27017] DEBUG org.mongodb.driver.cluster - Updating cluster description to  {type=REPLICA_SET, servers=[{address=ac-o2suyf6-shard-00-00.7qtbnuz.mongodb.net:27017, type=REPLICA_SET_SECONDARY, TagSet{[Tag{name='nodeType', value='ELECTABLE'}, Tag{name='provider', value='AWS'}, Tag{name='region', value='EU_WEST_3'}, Tag{name='workloadType', value='OPERATIONAL'}]}, roundTripTime=179.1 ms, state=CONNECTED}, {address=ac-o2suyf6-shard-00-02.7qtbnuz.mongodb.net:27017, type=REPLICA_SET_PRIMARY, TagSet{[Tag{name='nodeType', value='ELECTABLE'}, Tag{name='provider', value='AWS'}, Tag{name='region', value='EU_WEST_3'}, Tag{name='workloadType', value='OPERATIONAL'}]}, roundTripTime=148.7 ms, state=CONNECTED}, {address=ac-o2suyf6-shard-00-01.7qtbnuz.mongodb.net:27017, type=REPLICA_SET_SECONDARY, TagSet{[Tag{name='nodeType', value='ELECTABLE'}, Tag{name='provider', value='AWS'}, Tag{name='region', value='EU_WEST_3'}, Tag{name='workloadType', value='OPERATIONAL'}]}, roundTripTime=148.8 ms, state=CONNECTED}]
20:54:49.401 [cluster-ClusterId{value='63e6a0d661c2a601272c4cef', description='null'}-ac-o2suyf6-shard-00-01.7qtbnuz.mongodb.net:27017] DEBUG org.mongodb.driver.cluster - Checking status of ac-o2suyf6-shard-00-01.7qtbnuz.mongodb.net:27017
20:54:49.401 [cluster-ClusterId{value='63e6a0d661c2a601272c4cef', description='null'}-ac-o2suyf6-shard-00-00.7qtbnuz.mongodb.net:27017] DEBUG org.mongodb.driver.cluster - Updating cluster description to  {type=REPLICA_SET, servers=[{address=ac-o2suyf6-shard-00-00.7qtbnuz.mongodb.net:27017, type=REPLICA_SET_SECONDARY, TagSet{[Tag{name='nodeType', value='ELECTABLE'}, Tag{name='provider', value='AWS'}, Tag{name='region', value='EU_WEST_3'}, Tag{name='workloadType', value='OPERATIONAL'}]}, roundTripTime=150.1 ms, state=CONNECTED}, {address=ac-o2suyf6-shard-00-02.7qtbnuz.mongodb.net:27017, type=REPLICA_SET_PRIMARY, TagSet{[Tag{name='nodeType', value='ELECTABLE'}, Tag{name='provider', value='AWS'}, Tag{name='region', value='EU_WEST_3'}, Tag{name='workloadType', value='OPERATIONAL'}]}, roundTripTime=148.7 ms, state=CONNECTED}, {address=ac-o2suyf6-shard-00-01.7qtbnuz.mongodb.net:27017, type=REPLICA_SET_SECONDARY, TagSet{[Tag{name='nodeType', value='ELECTABLE'}, Tag{name='provider', value='AWS'}, Tag{name='region', value='EU_WEST_3'}, Tag{name='workloadType', value='OPERATIONAL'}]}, roundTripTime=148.8 ms, state=CONNECTED}]
20:54:49.401 [cluster-ClusterId{value='63e6a0d661c2a601272c4cef', description='null'}-ac-o2suyf6-shard-00-00.7qtbnuz.mongodb.net:27017] DEBUG org.mongodb.driver.cluster - Checking status of ac-o2suyf6-shard-00-00.7qtbnuz.mongodb.net:27017
20:54:49.460 [async-channel-group-0-handler-executor] DEBUG org.mongodb.driver.protocol.command - Execution of command with request id 144 completed successfully in 62.12 ms on connection [connectionId{localValue:7, serverValue:268692}] to server ac-o2suyf6-shard-00-02.7qtbnuz.mongodb.net:27017
20:54:49.460 [async-channel-group-0-handler-executor] DEBUG org.mongodb.driver.operation - Received batch of 1 documents with cursorId 0 from server ac-o2suyf6-shard-00-02.7qtbnuz.mongodb.net:27017
20:54:49.462 [AsyncGetter-5-thread-1] DEBUG org.mongodb.driver.protocol.command - Sending command '{"delete": "turno", "ordered": true, "txnNumber": 52, "$db": "practica03mongoIvanLoli", "$clusterTime": {"clusterTime": {"$timestamp": {"t": 1676058885, "i": 8}}, "signature": {"hash": {"$binary": {"base64": "7ZfCTbpDyvFfaAaCZ3zymXhb/R8=", "subType": "00"}}, "keyId": 7161871216054108163}}, "lsid": {"id": {"$binary": {"base64": "iaaDCEpQRkC2MlqJ67VcNQ==", "subType": "04"}}}, "deletes": [{"q": {"_id": {"$oid": "63e6a10961c2a601272c50d6"}}, "limit": 1}]}' with request id 145 to database practica03mongoIvanLoli on connection [connectionId{localValue:7, serverValue:268692}] to server ac-o2suyf6-shard-00-02.7qtbnuz.mongodb.net:27017
20:54:49.511 [async-channel-group-0-handler-executor] DEBUG org.mongodb.driver.protocol.command - Execution of command with request id 145 completed successfully in 48.99 ms on connection [connectionId{localValue:7, serverValue:268692}] to server ac-o2suyf6-shard-00-02.7qtbnuz.mongodb.net:27017
20:54:49.516 [AsyncGetter-5-thread-1] DEBUG org.mongodb.driver.protocol.command - Sending command '{"update": "turno", "ordered": true, "txnNumber": 53, "$db": "practica03mongoIvanLoli", "$clusterTime": {"clusterTime": {"$timestamp": {"t": 1676058885, "i": 10}}, "signature": {"hash": {"$binary": {"base64": "7ZfCTbpDyvFfaAaCZ3zymXhb/R8=", "subType": "00"}}, "keyId": 7161871216054108163}}, "lsid": {"id": {"$binary": {"base64": "iaaDCEpQRkC2MlqJ67VcNQ==", "subType": "04"}}}, "updates": [{"q": {"_id": {"$oid": "63e6a10961c2a601272c50d6"}}, "u": {"_id": {"$oid": "63e6a10961c2a601272c50d6"}, "uuid": {"$binary": {"base64": "p0gZAGmNqZO8iuqWtQVPsw==", "subType": "03"}}, "workerId": {"$binary": {"base64": "p0gHAGmNqZOcg+qWtQVPsw==", "subType": "03"}}, "maquinaId": {"$binary": {"base64": "p0gIAGmNqZO7g+qWtQVPsw==", "subType": "03"}}, "horaInicio": {"$date": "2002-10-14T10:09:00Z"}, "horaFin": {"$date": "2002-10-14T16:49:00Z"}, "numPedidosActivos": 2, "tarea1Id": {"$binary": {"base64": "p0gVAGmNqZOriuqWtQVPsw==", "subType": "03"}}, "tarea2Id": {"$binary": {"base64": "p0gRAGmNqZPKg+qWtQVPsw==", ...' with request id 146 to database practica03mongoIvanLoli on connection [connectionId{localValue:7, serverValue:268692}] to server ac-o2suyf6-shard-00-02.7qtbnuz.mongodb.net:27017
20:54:49.520 [cluster-rtt-ClusterId{value='63e6a0d661c2a601272c4cef', description='null'}-ac-o2suyf6-shard-00-02.7qtbnuz.mongodb.net:27017] DEBUG org.mongodb.driver.protocol.command - Sending command '{"hello": 1, "$db": "admin", "$clusterTime": {"clusterTime": {"$timestamp": {"t": 1676058885, "i": 10}}, "signature": {"hash": {"$binary": {"base64": "7ZfCTbpDyvFfaAaCZ3zymXhb/R8=", "subType": "00"}}, "keyId": 7161871216054108163}}}' with request id 147 to database admin on connection [connectionId{localValue:3, serverValue:268695}] to server ac-o2suyf6-shard-00-02.7qtbnuz.mongodb.net:27017
20:54:49.520 [cluster-rtt-ClusterId{value='63e6a0d661c2a601272c4cef', description='null'}-ac-o2suyf6-shard-00-00.7qtbnuz.mongodb.net:27017] DEBUG org.mongodb.driver.protocol.command - Sending command '{"hello": 1, "$db": "admin", "$clusterTime": {"clusterTime": {"$timestamp": {"t": 1676058885, "i": 10}}, "signature": {"hash": {"$binary": {"base64": "7ZfCTbpDyvFfaAaCZ3zymXhb/R8=", "subType": "00"}}, "keyId": 7161871216054108163}}}' with request id 148 to database admin on connection [connectionId{localValue:4, serverValue:269285}] to server ac-o2suyf6-shard-00-00.7qtbnuz.mongodb.net:27017
20:54:49.520 [cluster-rtt-ClusterId{value='63e6a0d661c2a601272c4cef', description='null'}-ac-o2suyf6-shard-00-01.7qtbnuz.mongodb.net:27017] DEBUG org.mongodb.driver.protocol.command - Sending command '{"hello": 1, "$db": "admin", "$clusterTime": {"clusterTime": {"$timestamp": {"t": 1676058885, "i": 10}}, "signature": {"hash": {"$binary": {"base64": "7ZfCTbpDyvFfaAaCZ3zymXhb/R8=", "subType": "00"}}, "keyId": 7161871216054108163}}}' with request id 149 to database admin on connection [connectionId{localValue:1, serverValue:264752}] to server ac-o2suyf6-shard-00-01.7qtbnuz.mongodb.net:27017
20:54:49.554 [cluster-rtt-ClusterId{value='63e6a0d661c2a601272c4cef', description='null'}-ac-o2suyf6-shard-00-02.7qtbnuz.mongodb.net:27017] DEBUG org.mongodb.driver.protocol.command - Execution of command with request id 147 completed successfully in 33.92 ms on connection [connectionId{localValue:3, serverValue:268695}] to server ac-o2suyf6-shard-00-02.7qtbnuz.mongodb.net:27017
20:54:49.554 [cluster-rtt-ClusterId{value='63e6a0d661c2a601272c4cef', description='null'}-ac-o2suyf6-shard-00-00.7qtbnuz.mongodb.net:27017] DEBUG org.mongodb.driver.protocol.command - Execution of command with request id 148 completed successfully in 33.92 ms on connection [connectionId{localValue:4, serverValue:269285}] to server ac-o2suyf6-shard-00-00.7qtbnuz.mongodb.net:27017
20:54:49.554 [cluster-rtt-ClusterId{value='63e6a0d661c2a601272c4cef', description='null'}-ac-o2suyf6-shard-00-01.7qtbnuz.mongodb.net:27017] DEBUG org.mongodb.driver.protocol.command - Execution of command with request id 149 completed successfully in 33.88 ms on connection [connectionId{localValue:1, serverValue:264752}] to server ac-o2suyf6-shard-00-01.7qtbnuz.mongodb.net:27017
20:54:49.560 [async-channel-group-0-handler-executor] DEBUG org.mongodb.driver.protocol.command - Execution of command with request id 146 completed successfully in 44.64 ms on connection [connectionId{localValue:7, serverValue:268692}] to server ac-o2suyf6-shard-00-02.7qtbnuz.mongodb.net:27017
20:54:49.566 [DefaultDispatcher-worker-4 @coroutine#1074] DEBUG koin.repositories.turno.TurnoRepository - findAll()
20:54:49.567 [AsyncGetter-5-thread-1] DEBUG org.mongodb.driver.protocol.command - Sending command '{"find": "turno", "filter": {}, "batchSize": 64, "$db": "practica03mongoIvanLoli", "$clusterTime": {"clusterTime": {"$timestamp": {"t": 1676058886, "i": 1}}, "signature": {"hash": {"$binary": {"base64": "oTVXx5icB9oi9Jy/568dagVmmdQ=", "subType": "00"}}, "keyId": 7161871216054108163}}, "lsid": {"id": {"$binary": {"base64": "iaaDCEpQRkC2MlqJ67VcNQ==", "subType": "04"}}}}' with request id 150 to database practica03mongoIvanLoli on connection [connectionId{localValue:7, serverValue:268692}] to server ac-o2suyf6-shard-00-02.7qtbnuz.mongodb.net:27017
20:54:49.607 [async-channel-group-0-handler-executor] DEBUG org.mongodb.driver.protocol.command - Execution of command with request id 150 completed successfully in 39.50 ms on connection [connectionId{localValue:7, serverValue:268692}] to server ac-o2suyf6-shard-00-02.7qtbnuz.mongodb.net:27017
20:54:49.608 [async-channel-group-0-handler-executor] DEBUG org.mongodb.driver.operation - Received batch of 1 documents with cursorId 0 from server ac-o2suyf6-shard-00-02.7qtbnuz.mongodb.net:27017
20:54:49.616 [AsyncGetter-5-thread-1] DEBUG org.mongodb.driver.protocol.command - Sending command '{"update": "turno", "ordered": true, "txnNumber": 54, "$db": "practica03mongoIvanLoli", "$clusterTime": {"clusterTime": {"$timestamp": {"t": 1676058886, "i": 2}}, "signature": {"hash": {"$binary": {"base64": "oTVXx5icB9oi9Jy/568dagVmmdQ=", "subType": "00"}}, "keyId": 7161871216054108163}}, "lsid": {"id": {"$binary": {"base64": "iaaDCEpQRkC2MlqJ67VcNQ==", "subType": "04"}}}, "updates": [{"q": {"_id": {"$oid": "63e6a10961c2a601272c50d6"}}, "u": {"_id": {"$oid": "63e6a10961c2a601272c50d6"}, "uuid": {"$binary": {"base64": "p0gZAGmNqZO8iuqWtQVPsw==", "subType": "03"}}, "workerId": {"$binary": {"base64": "p0gHAGmNqZOcg+qWtQVPsw==", "subType": "03"}}, "maquinaId": {"$binary": {"base64": "p0gIAGmNqZO7g+qWtQVPsw==", "subType": "03"}}, "horaInicio": {"$date": "2002-10-14T10:09:00Z"}, "horaFin": {"$date": "2002-10-14T16:49:00Z"}, "numPedidosActivos": 2, "tarea1Id": {"$binary": {"base64": "p0gVAGmNqZOriuqWtQVPsw==", "subType": "03"}}, "tarea2Id": {"$binary": {"base64": "p0gRAGmNqZPKg+qWtQVPsw==",  ...' with request id 151 to database practica03mongoIvanLoli on connection [connectionId{localValue:7, serverValue:268692}] to server ac-o2suyf6-shard-00-02.7qtbnuz.mongodb.net:27017
20:54:49.656 [async-channel-group-0-handler-executor] DEBUG org.mongodb.driver.protocol.command - Execution of command with request id 151 completed successfully in 40.10 ms on connection [connectionId{localValue:7, serverValue:268692}] to server ac-o2suyf6-shard-00-02.7qtbnuz.mongodb.net:27017
20:54:49.664 [DefaultDispatcher-worker-4 @coroutine#1080] DEBUG koin.repositories.turno.TurnoRepository - findById(63e6a10961c2a601272c50d6)
20:54:49.666 [AsyncGetter-5-thread-1] DEBUG org.mongodb.driver.protocol.command - Sending command '{"find": "turno", "filter": {"_id": {"$oid": "63e6a10961c2a601272c50d6"}}, "limit": 1, "singleBatch": true, "$db": "practica03mongoIvanLoli", "$clusterTime": {"clusterTime": {"$timestamp": {"t": 1676058886, "i": 2}}, "signature": {"hash": {"$binary": {"base64": "oTVXx5icB9oi9Jy/568dagVmmdQ=", "subType": "00"}}, "keyId": 7161871216054108163}}, "lsid": {"id": {"$binary": {"base64": "iaaDCEpQRkC2MlqJ67VcNQ==", "subType": "04"}}}}' with request id 152 to database practica03mongoIvanLoli on connection [connectionId{localValue:7, serverValue:268692}] to server ac-o2suyf6-shard-00-02.7qtbnuz.mongodb.net:27017
20:54:49.705 [async-channel-group-0-handler-executor] DEBUG org.mongodb.driver.protocol.command - Execution of command with request id 152 completed successfully in 39.82 ms on connection [connectionId{localValue:7, serverValue:268692}] to server ac-o2suyf6-shard-00-02.7qtbnuz.mongodb.net:27017
20:54:49.705 [async-channel-group-0-handler-executor] DEBUG org.mongodb.driver.operation - Received batch of 1 documents with cursorId 0 from server ac-o2suyf6-shard-00-02.7qtbnuz.mongodb.net:27017
20:54:49.710 [AsyncGetter-5-thread-1] DEBUG org.mongodb.driver.protocol.command - Sending command '{"update": "turno", "ordered": true, "txnNumber": 55, "$db": "practica03mongoIvanLoli", "$clusterTime": {"clusterTime": {"$timestamp": {"t": 1676058886, "i": 2}}, "signature": {"hash": {"$binary": {"base64": "oTVXx5icB9oi9Jy/568dagVmmdQ=", "subType": "00"}}, "keyId": 7161871216054108163}}, "lsid": {"id": {"$binary": {"base64": "iaaDCEpQRkC2MlqJ67VcNQ==", "subType": "04"}}}, "updates": [{"q": {"_id": {"$oid": "63e6a10961c2a601272c50d6"}}, "u": {"_id": {"$oid": "63e6a10961c2a601272c50d6"}, "uuid": {"$binary": {"base64": "p0gZAGmNqZO8iuqWtQVPsw==", "subType": "03"}}, "workerId": {"$binary": {"base64": "p0gHAGmNqZOcg+qWtQVPsw==", "subType": "03"}}, "maquinaId": {"$binary": {"base64": "p0gIAGmNqZO7g+qWtQVPsw==", "subType": "03"}}, "horaInicio": {"$date": "2002-10-14T10:09:00Z"}, "horaFin": {"$date": "2002-10-14T16:49:00Z"}, "numPedidosActivos": 2, "tarea1Id": {"$binary": {"base64": "p0gVAGmNqZOriuqWtQVPsw==", "subType": "03"}}, "tarea2Id": {"$binary": {"base64": "p0gRAGmNqZPKg+qWtQVPsw==",  ...' with request id 153 to database practica03mongoIvanLoli on connection [connectionId{localValue:7, serverValue:268692}] to server ac-o2suyf6-shard-00-02.7qtbnuz.mongodb.net:27017
20:54:49.750 [async-channel-group-0-handler-executor] DEBUG org.mongodb.driver.protocol.command - Execution of command with request id 153 completed successfully in 41.13 ms on connection [connectionId{localValue:7, serverValue:268692}] to server ac-o2suyf6-shard-00-02.7qtbnuz.mongodb.net:27017
20:54:49.757 [DefaultDispatcher-worker-4 @coroutine#1085] DEBUG koin.repositories.turno.TurnoRepository - findByUUID(93a98d69-0019-48a7-b34f-05b596ea8abc)
20:54:49.761 [AsyncGetter-5-thread-1] DEBUG org.mongodb.driver.protocol.command - Sending command '{"find": "turno", "filter": {}, "batchSize": 64, "$db": "practica03mongoIvanLoli", "$clusterTime": {"clusterTime": {"$timestamp": {"t": 1676058886, "i": 3}}, "signature": {"hash": {"$binary": {"base64": "oTVXx5icB9oi9Jy/568dagVmmdQ=", "subType": "00"}}, "keyId": 7161871216054108163}}, "lsid": {"id": {"$binary": {"base64": "iaaDCEpQRkC2MlqJ67VcNQ==", "subType": "04"}}}}' with request id 154 to database practica03mongoIvanLoli on connection [connectionId{localValue:7, serverValue:268692}] to server ac-o2suyf6-shard-00-02.7qtbnuz.mongodb.net:27017
20:54:49.799 [async-channel-group-0-handler-executor] DEBUG org.mongodb.driver.protocol.command - Execution of command with request id 154 completed successfully in 38.91 ms on connection [connectionId{localValue:7, serverValue:268692}] to server ac-o2suyf6-shard-00-02.7qtbnuz.mongodb.net:27017
20:54:49.800 [async-channel-group-0-handler-executor] DEBUG org.mongodb.driver.operation - Received batch of 1 documents with cursorId 0 from server ac-o2suyf6-shard-00-02.7qtbnuz.mongodb.net:27017
20:54:49.807 [AsyncGetter-5-thread-1] DEBUG org.mongodb.driver.protocol.command - Sending command '{"update": "turno", "ordered": true, "txnNumber": 56, "$db": "practica03mongoIvanLoli", "$clusterTime": {"clusterTime": {"$timestamp": {"t": 1676058886, "i": 3}}, "signature": {"hash": {"$binary": {"base64": "oTVXx5icB9oi9Jy/568dagVmmdQ=", "subType": "00"}}, "keyId": 7161871216054108163}}, "lsid": {"id": {"$binary": {"base64": "iaaDCEpQRkC2MlqJ67VcNQ==", "subType": "04"}}}, "updates": [{"q": {"_id": {"$oid": "63e6a10961c2a601272c50d6"}}, "u": {"_id": {"$oid": "63e6a10961c2a601272c50d6"}, "uuid": {"$binary": {"base64": "p0gZAGmNqZO8iuqWtQVPsw==", "subType": "03"}}, "workerId": {"$binary": {"base64": "p0gHAGmNqZOcg+qWtQVPsw==", "subType": "03"}}, "maquinaId": {"$binary": {"base64": "p0gIAGmNqZO7g+qWtQVPsw==", "subType": "03"}}, "horaInicio": {"$date": "2002-10-14T10:09:00Z"}, "horaFin": {"$date": "2002-10-14T16:49:00Z"}, "numPedidosActivos": 2, "tarea1Id": {"$binary": {"base64": "p0gVAGmNqZOriuqWtQVPsw==", "subType": "03"}}, "tarea2Id": {"$binary": {"base64": "p0gRAGmNqZPKg+qWtQVPsw==",  ...' with request id 155 to database practica03mongoIvanLoli on connection [connectionId{localValue:7, serverValue:268692}] to server ac-o2suyf6-shard-00-02.7qtbnuz.mongodb.net:27017
20:54:49.853 [async-channel-group-0-handler-executor] DEBUG org.mongodb.driver.protocol.command - Execution of command with request id 155 completed successfully in 46.18 ms on connection [connectionId{localValue:7, serverValue:268692}] to server ac-o2suyf6-shard-00-02.7qtbnuz.mongodb.net:27017
20:54:49.861 [DefaultDispatcher-worker-4 @coroutine#1090] DEBUG koin.repositories.turno.TurnoRepository - save(Turno(id=63e6a10961c2a601272c50d6, uuid=93a98d69-0019-48a7-b34f-05b596ea8abc, workerId=93a98d69-0007-48a7-b34f-05b596ea839c, maquinaId=93a98d69-0008-48a7-b34f-05b596ea83bb, horaInicio=2002-10-14T10:09, horaFin=2002-10-14T16:49, numPedidosActivos=2, tarea1Id=93a98d69-0015-48a7-b34f-05b596ea8aab, tarea2Id=93a98d69-0011-48a7-b34f-05b596ea83ca, finalizado=false))
20:54:49.863 [AsyncGetter-5-thread-1] DEBUG org.mongodb.driver.protocol.command - Sending command '{"update": "turno", "ordered": true, "txnNumber": 57, "$db": "practica03mongoIvanLoli", "$clusterTime": {"clusterTime": {"$timestamp": {"t": 1676058886, "i": 3}}, "signature": {"hash": {"$binary": {"base64": "oTVXx5icB9oi9Jy/568dagVmmdQ=", "subType": "00"}}, "keyId": 7161871216054108163}}, "lsid": {"id": {"$binary": {"base64": "iaaDCEpQRkC2MlqJ67VcNQ==", "subType": "04"}}}, "updates": [{"q": {"_id": {"$oid": "63e6a10961c2a601272c50d6"}}, "u": {"_id": {"$oid": "63e6a10961c2a601272c50d6"}, "uuid": {"$binary": {"base64": "p0gZAGmNqZO8iuqWtQVPsw==", "subType": "03"}}, "workerId": {"$binary": {"base64": "p0gHAGmNqZOcg+qWtQVPsw==", "subType": "03"}}, "maquinaId": {"$binary": {"base64": "p0gIAGmNqZO7g+qWtQVPsw==", "subType": "03"}}, "horaInicio": {"$date": "2002-10-14T10:09:00Z"}, "horaFin": {"$date": "2002-10-14T16:49:00Z"}, "numPedidosActivos": 2, "tarea1Id": {"$binary": {"base64": "p0gVAGmNqZOriuqWtQVPsw==", "subType": "03"}}, "tarea2Id": {"$binary": {"base64": "p0gRAGmNqZPKg+qWtQVPsw==",  ...' with request id 156 to database practica03mongoIvanLoli on connection [connectionId{localValue:7, serverValue:268692}] to server ac-o2suyf6-shard-00-02.7qtbnuz.mongodb.net:27017
20:54:49.902 [async-channel-group-0-handler-executor] DEBUG org.mongodb.driver.protocol.command - Execution of command with request id 156 completed successfully in 39.23 ms on connection [connectionId{localValue:7, serverValue:268692}] to server ac-o2suyf6-shard-00-02.7qtbnuz.mongodb.net:27017
20:54:49.908 [AsyncGetter-5-thread-1] DEBUG org.mongodb.driver.protocol.command - Sending command '{"update": "turno", "ordered": true, "txnNumber": 58, "$db": "practica03mongoIvanLoli", "$clusterTime": {"clusterTime": {"$timestamp": {"t": 1676058886, "i": 3}}, "signature": {"hash": {"$binary": {"base64": "oTVXx5icB9oi9Jy/568dagVmmdQ=", "subType": "00"}}, "keyId": 7161871216054108163}}, "lsid": {"id": {"$binary": {"base64": "iaaDCEpQRkC2MlqJ67VcNQ==", "subType": "04"}}}, "updates": [{"q": {"_id": {"$oid": "63e6a10961c2a601272c50d6"}}, "u": {"_id": {"$oid": "63e6a10961c2a601272c50d6"}, "uuid": {"$binary": {"base64": "p0gZAGmNqZO8iuqWtQVPsw==", "subType": "03"}}, "workerId": {"$binary": {"base64": "p0gHAGmNqZOcg+qWtQVPsw==", "subType": "03"}}, "maquinaId": {"$binary": {"base64": "p0gIAGmNqZO7g+qWtQVPsw==", "subType": "03"}}, "horaInicio": {"$date": "2002-10-14T10:09:00Z"}, "horaFin": {"$date": "2002-10-14T16:49:00Z"}, "numPedidosActivos": 2, "tarea1Id": {"$binary": {"base64": "p0gVAGmNqZOriuqWtQVPsw==", "subType": "03"}}, "tarea2Id": {"$binary": {"base64": "p0gRAGmNqZPKg+qWtQVPsw==",  ...' with request id 157 to database practica03mongoIvanLoli on connection [connectionId{localValue:7, serverValue:268692}] to server ac-o2suyf6-shard-00-02.7qtbnuz.mongodb.net:27017
20:54:49.948 [async-channel-group-0-handler-executor] DEBUG org.mongodb.driver.protocol.command - Execution of command with request id 157 completed successfully in 40.92 ms on connection [connectionId{localValue:7, serverValue:268692}] to server ac-o2suyf6-shard-00-02.7qtbnuz.mongodb.net:27017
20:54:49.953 [DefaultDispatcher-worker-4 @coroutine#1095] DEBUG koin.repositories.turno.TurnoRepository - findById(63e6a10961c2a601272c50d7)
20:54:49.954 [AsyncGetter-5-thread-1] DEBUG org.mongodb.driver.protocol.command - Sending command '{"find": "turno", "filter": {"_id": {"$oid": "63e6a10961c2a601272c50d7"}}, "limit": 1, "singleBatch": true, "$db": "practica03mongoIvanLoli", "$clusterTime": {"clusterTime": {"$timestamp": {"t": 1676058886, "i": 3}}, "signature": {"hash": {"$binary": {"base64": "oTVXx5icB9oi9Jy/568dagVmmdQ=", "subType": "00"}}, "keyId": 7161871216054108163}}, "lsid": {"id": {"$binary": {"base64": "iaaDCEpQRkC2MlqJ67VcNQ==", "subType": "04"}}}}' with request id 158 to database practica03mongoIvanLoli on connection [connectionId{localValue:7, serverValue:268692}] to server ac-o2suyf6-shard-00-02.7qtbnuz.mongodb.net:27017
20:54:49.996 [async-channel-group-0-handler-executor] DEBUG org.mongodb.driver.protocol.command - Execution of command with request id 158 completed successfully in 42.14 ms on connection [connectionId{localValue:7, serverValue:268692}] to server ac-o2suyf6-shard-00-02.7qtbnuz.mongodb.net:27017
20:54:49.996 [async-channel-group-0-handler-executor] DEBUG org.mongodb.driver.operation - Received batch of 0 documents with cursorId 0 from server ac-o2suyf6-shard-00-02.7qtbnuz.mongodb.net:27017
20:54:49.999 [AsyncGetter-5-thread-1] DEBUG org.mongodb.driver.protocol.command - Sending command '{"update": "turno", "ordered": true, "txnNumber": 59, "$db": "practica03mongoIvanLoli", "$clusterTime": {"clusterTime": {"$timestamp": {"t": 1676058886, "i": 4}}, "signature": {"hash": {"$binary": {"base64": "oTVXx5icB9oi9Jy/568dagVmmdQ=", "subType": "00"}}, "keyId": 7161871216054108163}}, "lsid": {"id": {"$binary": {"base64": "iaaDCEpQRkC2MlqJ67VcNQ==", "subType": "04"}}}, "updates": [{"q": {"_id": {"$oid": "63e6a10961c2a601272c50d6"}}, "u": {"_id": {"$oid": "63e6a10961c2a601272c50d6"}, "uuid": {"$binary": {"base64": "p0gZAGmNqZO8iuqWtQVPsw==", "subType": "03"}}, "workerId": {"$binary": {"base64": "p0gHAGmNqZOcg+qWtQVPsw==", "subType": "03"}}, "maquinaId": {"$binary": {"base64": "p0gIAGmNqZO7g+qWtQVPsw==", "subType": "03"}}, "horaInicio": {"$date": "2002-10-14T10:09:00Z"}, "horaFin": {"$date": "2002-10-14T16:49:00Z"}, "numPedidosActivos": 2, "tarea1Id": {"$binary": {"base64": "p0gVAGmNqZOriuqWtQVPsw==", "subType": "03"}}, "tarea2Id": {"$binary": {"base64": "p0gRAGmNqZPKg+qWtQVPsw==",  ...' with request id 159 to database practica03mongoIvanLoli on connection [connectionId{localValue:7, serverValue:268692}] to server ac-o2suyf6-shard-00-02.7qtbnuz.mongodb.net:27017
20:54:50.039 [async-channel-group-0-handler-executor] DEBUG org.mongodb.driver.protocol.command - Execution of command with request id 159 completed successfully in 39.35 ms on connection [connectionId{localValue:7, serverValue:268692}] to server ac-o2suyf6-shard-00-02.7qtbnuz.mongodb.net:27017
20:54:50.042 [DefaultDispatcher-worker-4 @coroutine#1100] DEBUG koin.repositories.turno.TurnoRepository - delete(63e6a10a61c2a601272c50d8)
20:54:50.043 [AsyncGetter-5-thread-1] DEBUG org.mongodb.driver.protocol.command - Sending command '{"find": "turno", "filter": {"_id": {"$oid": "63e6a10a61c2a601272c50d8"}}, "limit": 1, "singleBatch": true, "$db": "practica03mongoIvanLoli", "$clusterTime": {"clusterTime": {"$timestamp": {"t": 1676058886, "i": 4}}, "signature": {"hash": {"$binary": {"base64": "oTVXx5icB9oi9Jy/568dagVmmdQ=", "subType": "00"}}, "keyId": 7161871216054108163}}, "lsid": {"id": {"$binary": {"base64": "iaaDCEpQRkC2MlqJ67VcNQ==", "subType": "04"}}}}' with request id 160 to database practica03mongoIvanLoli on connection [connectionId{localValue:7, serverValue:268692}] to server ac-o2suyf6-shard-00-02.7qtbnuz.mongodb.net:27017
20:54:50.081 [async-channel-group-0-handler-executor] DEBUG org.mongodb.driver.protocol.command - Execution of command with request id 160 completed successfully in 38.49 ms on connection [connectionId{localValue:7, serverValue:268692}] to server ac-o2suyf6-shard-00-02.7qtbnuz.mongodb.net:27017
20:54:50.081 [async-channel-group-0-handler-executor] DEBUG org.mongodb.driver.operation - Received batch of 0 documents with cursorId 0 from server ac-o2suyf6-shard-00-02.7qtbnuz.mongodb.net:27017
20:54:50.083 [AsyncGetter-5-thread-1] DEBUG org.mongodb.driver.protocol.command - Sending command '{"delete": "turno", "ordered": true, "txnNumber": 60, "$db": "practica03mongoIvanLoli", "$clusterTime": {"clusterTime": {"$timestamp": {"t": 1676058886, "i": 4}}, "signature": {"hash": {"$binary": {"base64": "oTVXx5icB9oi9Jy/568dagVmmdQ=", "subType": "00"}}, "keyId": 7161871216054108163}}, "lsid": {"id": {"$binary": {"base64": "iaaDCEpQRkC2MlqJ67VcNQ==", "subType": "04"}}}, "deletes": [{"q": {"_id": {"$oid": "63e6a10a61c2a601272c50d8"}}, "limit": 1}]}' with request id 161 to database practica03mongoIvanLoli on connection [connectionId{localValue:7, serverValue:268692}] to server ac-o2suyf6-shard-00-02.7qtbnuz.mongodb.net:27017
20:54:50.134 [async-channel-group-0-handler-executor] DEBUG org.mongodb.driver.protocol.command - Execution of command with request id 161 completed successfully in 51.99 ms on connection [connectionId{localValue:7, serverValue:268692}] to server ac-o2suyf6-shard-00-02.7qtbnuz.mongodb.net:27017
20:54:50.138 [AsyncGetter-5-thread-1] DEBUG org.mongodb.driver.protocol.command - Sending command '{"drop": "turno", "$db": "practica03mongoIvanLoli", "$clusterTime": {"clusterTime": {"$timestamp": {"t": 1676058886, "i": 4}}, "signature": {"hash": {"$binary": {"base64": "oTVXx5icB9oi9Jy/568dagVmmdQ=", "subType": "00"}}, "keyId": 7161871216054108163}}, "lsid": {"id": {"$binary": {"base64": "iaaDCEpQRkC2MlqJ67VcNQ==", "subType": "04"}}}}' with request id 162 to database practica03mongoIvanLoli on connection [connectionId{localValue:7, serverValue:268692}] to server ac-o2suyf6-shard-00-02.7qtbnuz.mongodb.net:27017
20:54:50.190 [async-channel-group-0-handler-executor] DEBUG org.mongodb.driver.protocol.command - Execution of command with request id 162 completed successfully in 51.47 ms on connection [connectionId{localValue:7, serverValue:268692}] to server ac-o2suyf6-shard-00-02.7qtbnuz.mongodb.net:27017
]]></system-out>
  <system-err><![CDATA[]]></system-err>
</testsuite>
