<?xml version="1.0" encoding="UTF-8"?>
<testsuite name="koin.repositories.user.UserRepositoryTest" tests="8" skipped="0" failures="0" errors="0" timestamp="2023-02-10T19:47:56" hostname="LOLI-LAPTOP" time="1.06">
  <properties/>
  <testcase name="delete()" classname="koin.repositories.user.UserRepositoryTest" time="0.213"/>
  <testcase name="findAll()" classname="koin.repositories.user.UserRepositoryTest" time="0.134"/>
  <testcase name="findById()" classname="koin.repositories.user.UserRepositoryTest" time="0.097"/>
  <testcase name="findByUuid()" classname="koin.repositories.user.UserRepositoryTest" time="0.094"/>
  <testcase name="save()" classname="koin.repositories.user.UserRepositoryTest" time="0.116"/>
  <testcase name="findByIdNotExists()" classname="koin.repositories.user.UserRepositoryTest" time="0.096"/>
  <testcase name="deleteNotExists()" classname="koin.repositories.user.UserRepositoryTest" time="0.158"/>
  <testcase name="setInactive()" classname="koin.repositories.user.UserRepositoryTest" time="0.151"/>
  <system-out><![CDATA[20:47:56.678 [AsyncGetter-5-thread-1] DEBUG org.mongodb.driver.protocol.command - Sending command '{"drop": "user", "$db": "practica03mongoIvanLoli", "$clusterTime": {"clusterTime": {"$timestamp": {"t": 1676058472, "i": 1}}, "signature": {"hash": {"$binary": {"base64": "r3995P89UMJP33r0nOMT5JGEnag=", "subType": "00"}}, "keyId": 7161871216054108163}}, "lsid": {"id": {"$binary": {"base64": "sH556KejSCSwUATTPzPu5w==", "subType": "04"}}}}' with request id 175 to database practica03mongoIvanLoli on connection [connectionId{localValue:11, serverValue:268597}] to server ac-o2suyf6-shard-00-02.7qtbnuz.mongodb.net:27017
20:47:56.732 [async-channel-group-0-handler-executor] DEBUG org.mongodb.driver.protocol.command - Execution of command with request id 175 completed successfully in 54.20 ms on connection [connectionId{localValue:11, serverValue:268597}] to server ac-o2suyf6-shard-00-02.7qtbnuz.mongodb.net:27017
20:47:56.742 [AsyncGetter-5-thread-1] DEBUG org.mongodb.driver.protocol.command - Sending command '{"update": "user", "ordered": true, "txnNumber": 61, "$db": "practica03mongoIvanLoli", "$clusterTime": {"clusterTime": {"$timestamp": {"t": 1676058473, "i": 4}}, "signature": {"hash": {"$binary": {"base64": "NtpBWDd2NCa4FZLnWEK+exn7azQ=", "subType": "00"}}, "keyId": 7161871216054108163}}, "lsid": {"id": {"$binary": {"base64": "sH556KejSCSwUATTPzPu5w==", "subType": "04"}}}, "updates": [{"q": {"_id": {"$oid": "63e69f6c3d878c607c73717e"}}, "u": {"_id": {"$oid": "63e69f6c3d878c607c73717e"}, "uuid": {"$binary": {"base64": "EREAAGmNqZO6g+qWtQUAAA==", "subType": "03"}}, "nombre": "loli", "apellido": "test", "telefono": "123456789", "email": "loli@test.com", "password": "lolitest", "perfil": "ADMIN", "activo": true}, "upsert": true}]}' with request id 176 to database practica03mongoIvanLoli on connection [connectionId{localValue:11, serverValue:268597}] to server ac-o2suyf6-shard-00-02.7qtbnuz.mongodb.net:27017
20:47:56.824 [async-channel-group-0-handler-executor] DEBUG org.mongodb.driver.protocol.command - Execution of command with request id 176 completed successfully in 82.24 ms on connection [connectionId{localValue:11, serverValue:268597}] to server ac-o2suyf6-shard-00-02.7qtbnuz.mongodb.net:27017
20:47:56.830 [DefaultDispatcher-worker-8 @coroutine#1224] DEBUG koin.repositories.user.UserRepository - delete(63e69f6c3d878c607c73717e)
20:47:56.831 [AsyncGetter-5-thread-1] DEBUG org.mongodb.driver.protocol.command - Sending command '{"find": "user", "filter": {"_id": {"$oid": "63e69f6c3d878c607c73717e"}}, "limit": 1, "singleBatch": true, "$db": "practica03mongoIvanLoli", "$clusterTime": {"clusterTime": {"$timestamp": {"t": 1676058473, "i": 7}}, "signature": {"hash": {"$binary": {"base64": "NtpBWDd2NCa4FZLnWEK+exn7azQ=", "subType": "00"}}, "keyId": 7161871216054108163}}, "lsid": {"id": {"$binary": {"base64": "sH556KejSCSwUATTPzPu5w==", "subType": "04"}}}}' with request id 177 to database practica03mongoIvanLoli on connection [connectionId{localValue:11, serverValue:268597}] to server ac-o2suyf6-shard-00-02.7qtbnuz.mongodb.net:27017
20:47:56.875 [async-channel-group-0-handler-executor] DEBUG org.mongodb.driver.protocol.command - Execution of command with request id 177 completed successfully in 44.26 ms on connection [connectionId{localValue:11, serverValue:268597}] to server ac-o2suyf6-shard-00-02.7qtbnuz.mongodb.net:27017
20:47:56.876 [async-channel-group-0-handler-executor] DEBUG org.mongodb.driver.operation - Received batch of 1 documents with cursorId 0 from server ac-o2suyf6-shard-00-02.7qtbnuz.mongodb.net:27017
20:47:56.877 [AsyncGetter-5-thread-1] DEBUG org.mongodb.driver.protocol.command - Sending command '{"delete": "user", "ordered": true, "txnNumber": 62, "$db": "practica03mongoIvanLoli", "$clusterTime": {"clusterTime": {"$timestamp": {"t": 1676058473, "i": 7}}, "signature": {"hash": {"$binary": {"base64": "NtpBWDd2NCa4FZLnWEK+exn7azQ=", "subType": "00"}}, "keyId": 7161871216054108163}}, "lsid": {"id": {"$binary": {"base64": "sH556KejSCSwUATTPzPu5w==", "subType": "04"}}}, "deletes": [{"q": {"_id": {"$oid": "63e69f6c3d878c607c73717e"}}, "limit": 1}]}' with request id 178 to database practica03mongoIvanLoli on connection [connectionId{localValue:11, serverValue:268597}] to server ac-o2suyf6-shard-00-02.7qtbnuz.mongodb.net:27017
20:47:56.944 [async-channel-group-0-handler-executor] DEBUG org.mongodb.driver.protocol.command - Execution of command with request id 178 completed successfully in 66.21 ms on connection [connectionId{localValue:11, serverValue:268597}] to server ac-o2suyf6-shard-00-02.7qtbnuz.mongodb.net:27017
20:47:56.948 [AsyncGetter-5-thread-1] DEBUG org.mongodb.driver.protocol.command - Sending command '{"update": "user", "ordered": true, "txnNumber": 63, "$db": "practica03mongoIvanLoli", "$clusterTime": {"clusterTime": {"$timestamp": {"t": 1676058473, "i": 8}}, "signature": {"hash": {"$binary": {"base64": "NtpBWDd2NCa4FZLnWEK+exn7azQ=", "subType": "00"}}, "keyId": 7161871216054108163}}, "lsid": {"id": {"$binary": {"base64": "sH556KejSCSwUATTPzPu5w==", "subType": "04"}}}, "updates": [{"q": {"_id": {"$oid": "63e69f6c3d878c607c73717e"}}, "u": {"_id": {"$oid": "63e69f6c3d878c607c73717e"}, "uuid": {"$binary": {"base64": "EREAAGmNqZO6g+qWtQUAAA==", "subType": "03"}}, "nombre": "loli", "apellido": "test", "telefono": "123456789", "email": "loli@test.com", "password": "lolitest", "perfil": "ADMIN", "activo": true}, "upsert": true}]}' with request id 179 to database practica03mongoIvanLoli on connection [connectionId{localValue:11, serverValue:268597}] to server ac-o2suyf6-shard-00-02.7qtbnuz.mongodb.net:27017
20:47:57.025 [async-channel-group-0-handler-executor] DEBUG org.mongodb.driver.protocol.command - Execution of command with request id 179 completed successfully in 76.88 ms on connection [connectionId{localValue:11, serverValue:268597}] to server ac-o2suyf6-shard-00-02.7qtbnuz.mongodb.net:27017
20:47:57.031 [DefaultDispatcher-worker-8 @coroutine#1229] DEBUG koin.repositories.user.UserRepository - findAll()
20:47:57.032 [AsyncGetter-5-thread-1] DEBUG org.mongodb.driver.protocol.command - Sending command '{"find": "user", "filter": {}, "batchSize": 64, "$db": "practica03mongoIvanLoli", "$clusterTime": {"clusterTime": {"$timestamp": {"t": 1676058473, "i": 9}}, "signature": {"hash": {"$binary": {"base64": "NtpBWDd2NCa4FZLnWEK+exn7azQ=", "subType": "00"}}, "keyId": 7161871216054108163}}, "lsid": {"id": {"$binary": {"base64": "sH556KejSCSwUATTPzPu5w==", "subType": "04"}}}}' with request id 180 to database practica03mongoIvanLoli on connection [connectionId{localValue:11, serverValue:268597}] to server ac-o2suyf6-shard-00-02.7qtbnuz.mongodb.net:27017
20:47:57.074 [async-channel-group-0-handler-executor] DEBUG org.mongodb.driver.protocol.command - Execution of command with request id 180 completed successfully in 42.61 ms on connection [connectionId{localValue:11, serverValue:268597}] to server ac-o2suyf6-shard-00-02.7qtbnuz.mongodb.net:27017
20:47:57.075 [async-channel-group-0-handler-executor] DEBUG org.mongodb.driver.operation - Received batch of 1 documents with cursorId 0 from server ac-o2suyf6-shard-00-02.7qtbnuz.mongodb.net:27017
20:47:57.081 [AsyncGetter-5-thread-1] DEBUG org.mongodb.driver.protocol.command - Sending command '{"update": "user", "ordered": true, "txnNumber": 64, "$db": "practica03mongoIvanLoli", "$clusterTime": {"clusterTime": {"$timestamp": {"t": 1676058473, "i": 11}}, "signature": {"hash": {"$binary": {"base64": "NtpBWDd2NCa4FZLnWEK+exn7azQ=", "subType": "00"}}, "keyId": 7161871216054108163}}, "lsid": {"id": {"$binary": {"base64": "sH556KejSCSwUATTPzPu5w==", "subType": "04"}}}, "updates": [{"q": {"_id": {"$oid": "63e69f6c3d878c607c73717e"}}, "u": {"_id": {"$oid": "63e69f6c3d878c607c73717e"}, "uuid": {"$binary": {"base64": "EREAAGmNqZO6g+qWtQUAAA==", "subType": "03"}}, "nombre": "loli", "apellido": "test", "telefono": "123456789", "email": "loli@test.com", "password": "lolitest", "perfil": "ADMIN", "activo": true}, "upsert": true}]}' with request id 181 to database practica03mongoIvanLoli on connection [connectionId{localValue:11, serverValue:268597}] to server ac-o2suyf6-shard-00-02.7qtbnuz.mongodb.net:27017
20:47:57.125 [async-channel-group-0-handler-executor] DEBUG org.mongodb.driver.protocol.command - Execution of command with request id 181 completed successfully in 44.08 ms on connection [connectionId{localValue:11, serverValue:268597}] to server ac-o2suyf6-shard-00-02.7qtbnuz.mongodb.net:27017
20:47:57.131 [DefaultDispatcher-worker-8 @coroutine#1235] DEBUG koin.repositories.user.UserRepository - findById(63e69f6c3d878c607c73717e)
20:47:57.133 [AsyncGetter-5-thread-1] DEBUG org.mongodb.driver.protocol.command - Sending command '{"find": "user", "filter": {"_id": {"$oid": "63e69f6c3d878c607c73717e"}}, "limit": 1, "singleBatch": true, "$db": "practica03mongoIvanLoli", "$clusterTime": {"clusterTime": {"$timestamp": {"t": 1676058473, "i": 11}}, "signature": {"hash": {"$binary": {"base64": "NtpBWDd2NCa4FZLnWEK+exn7azQ=", "subType": "00"}}, "keyId": 7161871216054108163}}, "lsid": {"id": {"$binary": {"base64": "sH556KejSCSwUATTPzPu5w==", "subType": "04"}}}}' with request id 182 to database practica03mongoIvanLoli on connection [connectionId{localValue:11, serverValue:268597}] to server ac-o2suyf6-shard-00-02.7qtbnuz.mongodb.net:27017
20:47:57.175 [async-channel-group-0-handler-executor] DEBUG org.mongodb.driver.protocol.command - Execution of command with request id 182 completed successfully in 42.72 ms on connection [connectionId{localValue:11, serverValue:268597}] to server ac-o2suyf6-shard-00-02.7qtbnuz.mongodb.net:27017
20:47:57.175 [async-channel-group-0-handler-executor] DEBUG org.mongodb.driver.operation - Received batch of 1 documents with cursorId 0 from server ac-o2suyf6-shard-00-02.7qtbnuz.mongodb.net:27017
20:47:57.178 [AsyncGetter-5-thread-1] DEBUG org.mongodb.driver.protocol.command - Sending command '{"update": "user", "ordered": true, "txnNumber": 65, "$db": "practica03mongoIvanLoli", "$clusterTime": {"clusterTime": {"$timestamp": {"t": 1676058473, "i": 13}}, "signature": {"hash": {"$binary": {"base64": "NtpBWDd2NCa4FZLnWEK+exn7azQ=", "subType": "00"}}, "keyId": 7161871216054108163}}, "lsid": {"id": {"$binary": {"base64": "sH556KejSCSwUATTPzPu5w==", "subType": "04"}}}, "updates": [{"q": {"_id": {"$oid": "63e69f6c3d878c607c73717e"}}, "u": {"_id": {"$oid": "63e69f6c3d878c607c73717e"}, "uuid": {"$binary": {"base64": "EREAAGmNqZO6g+qWtQUAAA==", "subType": "03"}}, "nombre": "loli", "apellido": "test", "telefono": "123456789", "email": "loli@test.com", "password": "lolitest", "perfil": "ADMIN", "activo": true}, "upsert": true}]}' with request id 183 to database practica03mongoIvanLoli on connection [connectionId{localValue:11, serverValue:268597}] to server ac-o2suyf6-shard-00-02.7qtbnuz.mongodb.net:27017
20:47:57.221 [async-channel-group-0-handler-executor] DEBUG org.mongodb.driver.protocol.command - Execution of command with request id 183 completed successfully in 42.58 ms on connection [connectionId{localValue:11, serverValue:268597}] to server ac-o2suyf6-shard-00-02.7qtbnuz.mongodb.net:27017
20:47:57.223 [DefaultDispatcher-worker-8 @coroutine#1240] DEBUG koin.repositories.user.UserRepository - findByUUID(93a98d69-0000-1111-0000-05b596ea83ba)
20:47:57.224 [AsyncGetter-5-thread-1] DEBUG org.mongodb.driver.protocol.command - Sending command '{"find": "user", "filter": {}, "batchSize": 64, "$db": "practica03mongoIvanLoli", "$clusterTime": {"clusterTime": {"$timestamp": {"t": 1676058473, "i": 13}}, "signature": {"hash": {"$binary": {"base64": "NtpBWDd2NCa4FZLnWEK+exn7azQ=", "subType": "00"}}, "keyId": 7161871216054108163}}, "lsid": {"id": {"$binary": {"base64": "sH556KejSCSwUATTPzPu5w==", "subType": "04"}}}}' with request id 184 to database practica03mongoIvanLoli on connection [connectionId{localValue:11, serverValue:268597}] to server ac-o2suyf6-shard-00-02.7qtbnuz.mongodb.net:27017
20:47:57.266 [async-channel-group-0-handler-executor] DEBUG org.mongodb.driver.protocol.command - Execution of command with request id 184 completed successfully in 41.98 ms on connection [connectionId{localValue:11, serverValue:268597}] to server ac-o2suyf6-shard-00-02.7qtbnuz.mongodb.net:27017
20:47:57.267 [async-channel-group-0-handler-executor] DEBUG org.mongodb.driver.operation - Received batch of 1 documents with cursorId 0 from server ac-o2suyf6-shard-00-02.7qtbnuz.mongodb.net:27017
20:47:57.273 [AsyncGetter-5-thread-1] DEBUG org.mongodb.driver.protocol.command - Sending command '{"update": "user", "ordered": true, "txnNumber": 66, "$db": "practica03mongoIvanLoli", "$clusterTime": {"clusterTime": {"$timestamp": {"t": 1676058473, "i": 14}}, "signature": {"hash": {"$binary": {"base64": "NtpBWDd2NCa4FZLnWEK+exn7azQ=", "subType": "00"}}, "keyId": 7161871216054108163}}, "lsid": {"id": {"$binary": {"base64": "sH556KejSCSwUATTPzPu5w==", "subType": "04"}}}, "updates": [{"q": {"_id": {"$oid": "63e69f6c3d878c607c73717e"}}, "u": {"_id": {"$oid": "63e69f6c3d878c607c73717e"}, "uuid": {"$binary": {"base64": "EREAAGmNqZO6g+qWtQUAAA==", "subType": "03"}}, "nombre": "loli", "apellido": "test", "telefono": "123456789", "email": "loli@test.com", "password": "lolitest", "perfil": "ADMIN", "activo": true}, "upsert": true}]}' with request id 185 to database practica03mongoIvanLoli on connection [connectionId{localValue:11, serverValue:268597}] to server ac-o2suyf6-shard-00-02.7qtbnuz.mongodb.net:27017
20:47:57.318 [async-channel-group-0-handler-executor] DEBUG org.mongodb.driver.protocol.command - Execution of command with request id 185 completed successfully in 45.20 ms on connection [connectionId{localValue:11, serverValue:268597}] to server ac-o2suyf6-shard-00-02.7qtbnuz.mongodb.net:27017
20:47:57.323 [DefaultDispatcher-worker-8 @coroutine#1245] DEBUG koin.repositories.user.UserRepository - save(User(id=63e69f6c3d878c607c73717e, uuid=93a98d69-0000-1111-0000-05b596ea83ba, nombre=loli, apellido=test, telefono=123456789, email=loli@test.com, password=lolitest, perfil=ADMIN, activo=true))
20:47:57.325 [AsyncGetter-5-thread-1] DEBUG org.mongodb.driver.protocol.command - Sending command '{"update": "user", "ordered": true, "txnNumber": 67, "$db": "practica03mongoIvanLoli", "$clusterTime": {"clusterTime": {"$timestamp": {"t": 1676058473, "i": 14}}, "signature": {"hash": {"$binary": {"base64": "NtpBWDd2NCa4FZLnWEK+exn7azQ=", "subType": "00"}}, "keyId": 7161871216054108163}}, "lsid": {"id": {"$binary": {"base64": "sH556KejSCSwUATTPzPu5w==", "subType": "04"}}}, "updates": [{"q": {"_id": {"$oid": "63e69f6c3d878c607c73717e"}}, "u": {"_id": {"$oid": "63e69f6c3d878c607c73717e"}, "uuid": {"$binary": {"base64": "EREAAGmNqZO6g+qWtQUAAA==", "subType": "03"}}, "nombre": "loli", "apellido": "test", "telefono": "123456789", "email": "loli@test.com", "password": "lolitest", "perfil": "ADMIN", "activo": true}, "upsert": true}]}' with request id 186 to database practica03mongoIvanLoli on connection [connectionId{localValue:11, serverValue:268597}] to server ac-o2suyf6-shard-00-02.7qtbnuz.mongodb.net:27017
20:47:57.385 [async-channel-group-0-handler-executor] DEBUG org.mongodb.driver.protocol.command - Execution of command with request id 186 completed successfully in 59.95 ms on connection [connectionId{localValue:11, serverValue:268597}] to server ac-o2suyf6-shard-00-02.7qtbnuz.mongodb.net:27017
20:47:57.390 [AsyncGetter-5-thread-1] DEBUG org.mongodb.driver.protocol.command - Sending command '{"update": "user", "ordered": true, "txnNumber": 68, "$db": "practica03mongoIvanLoli", "$clusterTime": {"clusterTime": {"$timestamp": {"t": 1676058473, "i": 14}}, "signature": {"hash": {"$binary": {"base64": "NtpBWDd2NCa4FZLnWEK+exn7azQ=", "subType": "00"}}, "keyId": 7161871216054108163}}, "lsid": {"id": {"$binary": {"base64": "sH556KejSCSwUATTPzPu5w==", "subType": "04"}}}, "updates": [{"q": {"_id": {"$oid": "63e69f6c3d878c607c73717e"}}, "u": {"_id": {"$oid": "63e69f6c3d878c607c73717e"}, "uuid": {"$binary": {"base64": "EREAAGmNqZO6g+qWtQUAAA==", "subType": "03"}}, "nombre": "loli", "apellido": "test", "telefono": "123456789", "email": "loli@test.com", "password": "lolitest", "perfil": "ADMIN", "activo": true}, "upsert": true}]}' with request id 187 to database practica03mongoIvanLoli on connection [connectionId{localValue:11, serverValue:268597}] to server ac-o2suyf6-shard-00-02.7qtbnuz.mongodb.net:27017
20:47:57.435 [async-channel-group-0-handler-executor] DEBUG org.mongodb.driver.protocol.command - Execution of command with request id 187 completed successfully in 44.78 ms on connection [connectionId{localValue:11, serverValue:268597}] to server ac-o2suyf6-shard-00-02.7qtbnuz.mongodb.net:27017
20:47:57.438 [DefaultDispatcher-worker-8 @coroutine#1250] DEBUG koin.repositories.user.UserRepository - findById(63e69f6d3d878c607c73717f)
20:47:57.439 [AsyncGetter-5-thread-1] DEBUG org.mongodb.driver.protocol.command - Sending command '{"find": "user", "filter": {"_id": {"$oid": "63e69f6d3d878c607c73717f"}}, "limit": 1, "singleBatch": true, "$db": "practica03mongoIvanLoli", "$clusterTime": {"clusterTime": {"$timestamp": {"t": 1676058473, "i": 14}}, "signature": {"hash": {"$binary": {"base64": "NtpBWDd2NCa4FZLnWEK+exn7azQ=", "subType": "00"}}, "keyId": 7161871216054108163}}, "lsid": {"id": {"$binary": {"base64": "sH556KejSCSwUATTPzPu5w==", "subType": "04"}}}}' with request id 188 to database practica03mongoIvanLoli on connection [connectionId{localValue:11, serverValue:268597}] to server ac-o2suyf6-shard-00-02.7qtbnuz.mongodb.net:27017
20:47:57.482 [async-channel-group-0-handler-executor] DEBUG org.mongodb.driver.protocol.command - Execution of command with request id 188 completed successfully in 43.40 ms on connection [connectionId{localValue:11, serverValue:268597}] to server ac-o2suyf6-shard-00-02.7qtbnuz.mongodb.net:27017
20:47:57.482 [async-channel-group-0-handler-executor] DEBUG org.mongodb.driver.operation - Received batch of 0 documents with cursorId 0 from server ac-o2suyf6-shard-00-02.7qtbnuz.mongodb.net:27017
20:47:57.486 [AsyncGetter-5-thread-1] DEBUG org.mongodb.driver.protocol.command - Sending command '{"update": "user", "ordered": true, "txnNumber": 69, "$db": "practica03mongoIvanLoli", "$clusterTime": {"clusterTime": {"$timestamp": {"t": 1676058473, "i": 14}}, "signature": {"hash": {"$binary": {"base64": "NtpBWDd2NCa4FZLnWEK+exn7azQ=", "subType": "00"}}, "keyId": 7161871216054108163}}, "lsid": {"id": {"$binary": {"base64": "sH556KejSCSwUATTPzPu5w==", "subType": "04"}}}, "updates": [{"q": {"_id": {"$oid": "63e69f6c3d878c607c73717e"}}, "u": {"_id": {"$oid": "63e69f6c3d878c607c73717e"}, "uuid": {"$binary": {"base64": "EREAAGmNqZO6g+qWtQUAAA==", "subType": "03"}}, "nombre": "loli", "apellido": "test", "telefono": "123456789", "email": "loli@test.com", "password": "lolitest", "perfil": "ADMIN", "activo": true}, "upsert": true}]}' with request id 189 to database practica03mongoIvanLoli on connection [connectionId{localValue:11, serverValue:268597}] to server ac-o2suyf6-shard-00-02.7qtbnuz.mongodb.net:27017
20:47:57.529 [async-channel-group-0-handler-executor] DEBUG org.mongodb.driver.protocol.command - Execution of command with request id 189 completed successfully in 43.38 ms on connection [connectionId{localValue:11, serverValue:268597}] to server ac-o2suyf6-shard-00-02.7qtbnuz.mongodb.net:27017
20:47:57.532 [DefaultDispatcher-worker-8 @coroutine#1255] DEBUG koin.repositories.user.UserRepository - delete(63e69f6d3d878c607c737180)
20:47:57.533 [AsyncGetter-5-thread-1] DEBUG org.mongodb.driver.protocol.command - Sending command '{"find": "user", "filter": {"_id": {"$oid": "63e69f6d3d878c607c737180"}}, "limit": 1, "singleBatch": true, "$db": "practica03mongoIvanLoli", "$clusterTime": {"clusterTime": {"$timestamp": {"t": 1676058473, "i": 14}}, "signature": {"hash": {"$binary": {"base64": "NtpBWDd2NCa4FZLnWEK+exn7azQ=", "subType": "00"}}, "keyId": 7161871216054108163}}, "lsid": {"id": {"$binary": {"base64": "sH556KejSCSwUATTPzPu5w==", "subType": "04"}}}}' with request id 190 to database practica03mongoIvanLoli on connection [connectionId{localValue:11, serverValue:268597}] to server ac-o2suyf6-shard-00-02.7qtbnuz.mongodb.net:27017
20:47:57.595 [async-channel-group-0-handler-executor] DEBUG org.mongodb.driver.protocol.command - Execution of command with request id 190 completed successfully in 61.13 ms on connection [connectionId{localValue:11, serverValue:268597}] to server ac-o2suyf6-shard-00-02.7qtbnuz.mongodb.net:27017
20:47:57.595 [async-channel-group-0-handler-executor] DEBUG org.mongodb.driver.operation - Received batch of 0 documents with cursorId 0 from server ac-o2suyf6-shard-00-02.7qtbnuz.mongodb.net:27017
20:47:57.597 [AsyncGetter-5-thread-1] DEBUG org.mongodb.driver.protocol.command - Sending command '{"delete": "user", "ordered": true, "txnNumber": 70, "$db": "practica03mongoIvanLoli", "$clusterTime": {"clusterTime": {"$timestamp": {"t": 1676058473, "i": 14}}, "signature": {"hash": {"$binary": {"base64": "NtpBWDd2NCa4FZLnWEK+exn7azQ=", "subType": "00"}}, "keyId": 7161871216054108163}}, "lsid": {"id": {"$binary": {"base64": "sH556KejSCSwUATTPzPu5w==", "subType": "04"}}}, "deletes": [{"q": {"_id": {"$oid": "63e69f6d3d878c607c737180"}}, "limit": 1}]}' with request id 191 to database practica03mongoIvanLoli on connection [connectionId{localValue:11, serverValue:268597}] to server ac-o2suyf6-shard-00-02.7qtbnuz.mongodb.net:27017
20:47:57.641 [async-channel-group-0-handler-executor] DEBUG org.mongodb.driver.protocol.command - Execution of command with request id 191 completed successfully in 44.24 ms on connection [connectionId{localValue:11, serverValue:268597}] to server ac-o2suyf6-shard-00-02.7qtbnuz.mongodb.net:27017
20:47:57.644 [AsyncGetter-5-thread-1] DEBUG org.mongodb.driver.protocol.command - Sending command '{"update": "user", "ordered": true, "txnNumber": 71, "$db": "practica03mongoIvanLoli", "$clusterTime": {"clusterTime": {"$timestamp": {"t": 1676058474, "i": 1}}, "signature": {"hash": {"$binary": {"base64": "gCRNcj71efTDKuCznrqIdM6Rr+o=", "subType": "00"}}, "keyId": 7161871216054108163}}, "lsid": {"id": {"$binary": {"base64": "sH556KejSCSwUATTPzPu5w==", "subType": "04"}}}, "updates": [{"q": {"_id": {"$oid": "63e69f6c3d878c607c73717e"}}, "u": {"_id": {"$oid": "63e69f6c3d878c607c73717e"}, "uuid": {"$binary": {"base64": "EREAAGmNqZO6g+qWtQUAAA==", "subType": "03"}}, "nombre": "loli", "apellido": "test", "telefono": "123456789", "email": "loli@test.com", "password": "lolitest", "perfil": "ADMIN", "activo": true}, "upsert": true}]}' with request id 192 to database practica03mongoIvanLoli on connection [connectionId{localValue:11, serverValue:268597}] to server ac-o2suyf6-shard-00-02.7qtbnuz.mongodb.net:27017
20:47:57.690 [async-channel-group-0-handler-executor] DEBUG org.mongodb.driver.protocol.command - Execution of command with request id 192 completed successfully in 45.84 ms on connection [connectionId{localValue:11, serverValue:268597}] to server ac-o2suyf6-shard-00-02.7qtbnuz.mongodb.net:27017
20:47:57.695 [DefaultDispatcher-worker-8 @coroutine#1260] DEBUG koin.repositories.user.UserRepository - setInactive(63e69f6c3d878c607c73717e)
20:47:57.696 [AsyncGetter-5-thread-1] DEBUG org.mongodb.driver.protocol.command - Sending command '{"find": "user", "filter": {"_id": {"$oid": "63e69f6c3d878c607c73717e"}}, "limit": 1, "singleBatch": true, "$db": "practica03mongoIvanLoli", "$clusterTime": {"clusterTime": {"$timestamp": {"t": 1676058474, "i": 1}}, "signature": {"hash": {"$binary": {"base64": "gCRNcj71efTDKuCznrqIdM6Rr+o=", "subType": "00"}}, "keyId": 7161871216054108163}}, "lsid": {"id": {"$binary": {"base64": "sH556KejSCSwUATTPzPu5w==", "subType": "04"}}}}' with request id 193 to database practica03mongoIvanLoli on connection [connectionId{localValue:11, serverValue:268597}] to server ac-o2suyf6-shard-00-02.7qtbnuz.mongodb.net:27017
20:47:57.739 [async-channel-group-0-handler-executor] DEBUG org.mongodb.driver.protocol.command - Execution of command with request id 193 completed successfully in 43.40 ms on connection [connectionId{localValue:11, serverValue:268597}] to server ac-o2suyf6-shard-00-02.7qtbnuz.mongodb.net:27017
20:47:57.739 [async-channel-group-0-handler-executor] DEBUG org.mongodb.driver.operation - Received batch of 1 documents with cursorId 0 from server ac-o2suyf6-shard-00-02.7qtbnuz.mongodb.net:27017
20:47:57.742 [AsyncGetter-5-thread-1] DEBUG org.mongodb.driver.protocol.command - Sending command '{"update": "user", "ordered": true, "txnNumber": 72, "$db": "practica03mongoIvanLoli", "$clusterTime": {"clusterTime": {"$timestamp": {"t": 1676058474, "i": 1}}, "signature": {"hash": {"$binary": {"base64": "gCRNcj71efTDKuCznrqIdM6Rr+o=", "subType": "00"}}, "keyId": 7161871216054108163}}, "lsid": {"id": {"$binary": {"base64": "sH556KejSCSwUATTPzPu5w==", "subType": "04"}}}, "updates": [{"q": {"_id": {"$oid": "63e69f6c3d878c607c73717e"}}, "u": {"_id": {"$oid": "63e69f6c3d878c607c73717e"}, "uuid": {"$binary": {"base64": "EREAAGmNqZO6g+qWtQUAAA==", "subType": "03"}}, "nombre": "loli", "apellido": "test", "telefono": "123456789", "email": "loli@test.com", "password": "lolitest", "perfil": "ADMIN", "activo": false}, "upsert": true}]}' with request id 194 to database practica03mongoIvanLoli on connection [connectionId{localValue:11, serverValue:268597}] to server ac-o2suyf6-shard-00-02.7qtbnuz.mongodb.net:27017
20:47:57.790 [async-channel-group-0-handler-executor] DEBUG org.mongodb.driver.protocol.command - Execution of command with request id 194 completed successfully in 48.39 ms on connection [connectionId{localValue:11, serverValue:268597}] to server ac-o2suyf6-shard-00-02.7qtbnuz.mongodb.net:27017
20:47:57.795 [AsyncGetter-5-thread-1] DEBUG org.mongodb.driver.protocol.command - Sending command '{"drop": "user", "$db": "practica03mongoIvanLoli", "$clusterTime": {"clusterTime": {"$timestamp": {"t": 1676058474, "i": 2}}, "signature": {"hash": {"$binary": {"base64": "gCRNcj71efTDKuCznrqIdM6Rr+o=", "subType": "00"}}, "keyId": 7161871216054108163}}, "lsid": {"id": {"$binary": {"base64": "sH556KejSCSwUATTPzPu5w==", "subType": "04"}}}}' with request id 195 to database practica03mongoIvanLoli on connection [connectionId{localValue:11, serverValue:268597}] to server ac-o2suyf6-shard-00-02.7qtbnuz.mongodb.net:27017
20:47:57.849 [async-channel-group-0-handler-executor] DEBUG org.mongodb.driver.protocol.command - Execution of command with request id 195 completed successfully in 54.10 ms on connection [connectionId{localValue:11, serverValue:268597}] to server ac-o2suyf6-shard-00-02.7qtbnuz.mongodb.net:27017
]]></system-out>
  <system-err><![CDATA[]]></system-err>
</testsuite>
