<?xml version="1.0" encoding="UTF-8"?>
<testsuite name="koin.repositories.maquina.MaquinaRepositoryTest" tests="8" skipped="0" failures="0" errors="0" timestamp="2023-02-05T12:52:48" hostname="LOLI-LAPTOP" time="1.136">
  <properties/>
  <testcase name="delete()" classname="koin.repositories.maquina.MaquinaRepositoryTest" time="0.362"/>
  <testcase name="findAll()" classname="koin.repositories.maquina.MaquinaRepositoryTest" time="0.107"/>
  <testcase name="findById()" classname="koin.repositories.maquina.MaquinaRepositoryTest" time="0.085"/>
  <testcase name="findByUuid()" classname="koin.repositories.maquina.MaquinaRepositoryTest" time="0.11"/>
  <testcase name="save()" classname="koin.repositories.maquina.MaquinaRepositoryTest" time="0.088"/>
  <testcase name="findByIdNotExists()" classname="koin.repositories.maquina.MaquinaRepositoryTest" time="0.083"/>
  <testcase name="deleteNotExists()" classname="koin.repositories.maquina.MaquinaRepositoryTest" time="0.127"/>
  <testcase name="setInactive()" classname="koin.repositories.maquina.MaquinaRepositoryTest" time="0.173"/>
  <system-out><![CDATA[13:52:48.640 [AsyncGetter-5-thread-1] DEBUG org.mongodb.driver.protocol.command - Sending command '{"drop": "maquina", "$db": "practica03mongoIvanLoli", "$clusterTime": {"clusterTime": {"$timestamp": {"t": 1675601561, "i": 7}}, "signature": {"hash": {"$binary": {"base64": "aLLT6bOxEqGe5uFgaSnBch0q1mU=", "subType": "00"}}, "keyId": 7161871216054108163}}, "lsid": {"id": {"$binary": {"base64": "GufSMHdrQSyEi1m74LkJJA==", "subType": "04"}}}}' with request id 58 to database practica03mongoIvanLoli on connection [connectionId{localValue:7, serverValue:173256}] to server ac-o2suyf6-shard-00-02.7qtbnuz.mongodb.net:27017
13:52:48.710 [async-channel-group-0-handler-executor] DEBUG org.mongodb.driver.protocol.command - Execution of command with request id 58 completed successfully in 70.86 ms on connection [connectionId{localValue:7, serverValue:173256}] to server ac-o2suyf6-shard-00-02.7qtbnuz.mongodb.net:27017
13:52:48.872 [AsyncGetter-5-thread-1] DEBUG org.mongodb.driver.protocol.command - Sending command '{"update": "maquina", "ordered": true, "txnNumber": 1, "$db": "practica03mongoIvanLoli", "$clusterTime": {"clusterTime": {"$timestamp": {"t": 1675601567, "i": 3}}, "signature": {"hash": {"$binary": {"base64": "8ONOOvbEKflhMuZDist1uZW5Oe4=", "subType": "00"}}, "keyId": 7161871216054108163}}, "lsid": {"id": {"$binary": {"base64": "GufSMHdrQSyEi1m74LkJJA==", "subType": "04"}}}, "updates": [{"q": {"_id": {"$oid": "63dfa6a045532c417eff8108"}}, "u": {"_id": {"$oid": "63dfa6a045532c417eff8108"}, "uuid": {"$binary": {"base64": "p0imbWmNqZO8g+qWtQVPsw==", "subType": "03"}}, "modelo": "RTX-3080TI", "marca": "Nvidia", "fechaAdquisicion": {"$date": "2022-11-10T00:00:00Z"}, "numeroSerie": "123456789X", "tipo": "PERSONALIZADORA", "activa": true, "isManual": null, "maxTension": null, "minTension": null, "measuresManeuverability": true, "measuresRigidity": false, "measuresBalance": true}, "upsert": true}]}' with request id 59 to database practica03mongoIvanLoli on connection [connectionId{localValue:7, serverValue:173256}] to server ac-o2suyf6-shard-00-02.7qtbnuz.mongodb.net:27017
13:52:48.949 [async-channel-group-0-handler-executor] DEBUG org.mongodb.driver.protocol.command - Execution of command with request id 59 completed successfully in 79.17 ms on connection [connectionId{localValue:7, serverValue:173256}] to server ac-o2suyf6-shard-00-02.7qtbnuz.mongodb.net:27017
13:52:48.971 [DefaultDispatcher-worker-1 @coroutine#665] DEBUG koin.repositories.maquina.MaquinaRepository - delete(63dfa6a045532c417eff8108)
13:52:48.975 [AsyncGetter-5-thread-1] DEBUG org.mongodb.driver.protocol.command - Sending command '{"find": "maquina", "filter": {"_id": {"$oid": "63dfa6a045532c417eff8108"}}, "limit": 1, "singleBatch": true, "$db": "practica03mongoIvanLoli", "$clusterTime": {"clusterTime": {"$timestamp": {"t": 1675601567, "i": 7}}, "signature": {"hash": {"$binary": {"base64": "8ONOOvbEKflhMuZDist1uZW5Oe4=", "subType": "00"}}, "keyId": 7161871216054108163}}, "lsid": {"id": {"$binary": {"base64": "GufSMHdrQSyEi1m74LkJJA==", "subType": "04"}}}}' with request id 60 to database practica03mongoIvanLoli on connection [connectionId{localValue:7, serverValue:173256}] to server ac-o2suyf6-shard-00-02.7qtbnuz.mongodb.net:27017
13:52:49.013 [async-channel-group-0-handler-executor] DEBUG org.mongodb.driver.protocol.command - Execution of command with request id 60 completed successfully in 39.32 ms on connection [connectionId{localValue:7, serverValue:173256}] to server ac-o2suyf6-shard-00-02.7qtbnuz.mongodb.net:27017
13:52:49.014 [async-channel-group-0-handler-executor] DEBUG org.mongodb.driver.operation - Received batch of 1 documents with cursorId 0 from server ac-o2suyf6-shard-00-02.7qtbnuz.mongodb.net:27017
13:52:49.023 [AsyncGetter-5-thread-1] DEBUG org.mongodb.driver.protocol.command - Sending command '{"delete": "maquina", "ordered": true, "txnNumber": 2, "$db": "practica03mongoIvanLoli", "$clusterTime": {"clusterTime": {"$timestamp": {"t": 1675601567, "i": 8}}, "signature": {"hash": {"$binary": {"base64": "8ONOOvbEKflhMuZDist1uZW5Oe4=", "subType": "00"}}, "keyId": 7161871216054108163}}, "lsid": {"id": {"$binary": {"base64": "GufSMHdrQSyEi1m74LkJJA==", "subType": "04"}}}, "deletes": [{"q": {"_id": {"$oid": "63dfa6a045532c417eff8108"}}, "limit": 1}]}' with request id 61 to database practica03mongoIvanLoli on connection [connectionId{localValue:7, serverValue:173256}] to server ac-o2suyf6-shard-00-02.7qtbnuz.mongodb.net:27017
13:52:49.066 [async-channel-group-0-handler-executor] DEBUG org.mongodb.driver.protocol.command - Execution of command with request id 61 completed successfully in 43.51 ms on connection [connectionId{localValue:7, serverValue:173256}] to server ac-o2suyf6-shard-00-02.7qtbnuz.mongodb.net:27017
13:52:49.083 [AsyncGetter-5-thread-1] DEBUG org.mongodb.driver.protocol.command - Sending command '{"update": "maquina", "ordered": true, "txnNumber": 3, "$db": "practica03mongoIvanLoli", "$clusterTime": {"clusterTime": {"$timestamp": {"t": 1675601567, "i": 9}}, "signature": {"hash": {"$binary": {"base64": "8ONOOvbEKflhMuZDist1uZW5Oe4=", "subType": "00"}}, "keyId": 7161871216054108163}}, "lsid": {"id": {"$binary": {"base64": "GufSMHdrQSyEi1m74LkJJA==", "subType": "04"}}}, "updates": [{"q": {"_id": {"$oid": "63dfa6a045532c417eff8108"}}, "u": {"_id": {"$oid": "63dfa6a045532c417eff8108"}, "uuid": {"$binary": {"base64": "p0imbWmNqZO8g+qWtQVPsw==", "subType": "03"}}, "modelo": "RTX-3080TI", "marca": "Nvidia", "fechaAdquisicion": {"$date": "2022-11-10T00:00:00Z"}, "numeroSerie": "123456789X", "tipo": "PERSONALIZADORA", "activa": true, "isManual": null, "maxTension": null, "minTension": null, "measuresManeuverability": true, "measuresRigidity": false, "measuresBalance": true}, "upsert": true}]}' with request id 62 to database practica03mongoIvanLoli on connection [connectionId{localValue:7, serverValue:173256}] to server ac-o2suyf6-shard-00-02.7qtbnuz.mongodb.net:27017
13:52:49.129 [async-channel-group-0-handler-executor] DEBUG org.mongodb.driver.protocol.command - Execution of command with request id 62 completed successfully in 46.07 ms on connection [connectionId{localValue:7, serverValue:173256}] to server ac-o2suyf6-shard-00-02.7qtbnuz.mongodb.net:27017
13:52:49.137 [DefaultDispatcher-worker-1 @coroutine#670] DEBUG koin.repositories.maquina.MaquinaRepository - findAll()
13:52:49.138 [AsyncGetter-5-thread-1] DEBUG org.mongodb.driver.protocol.command - Sending command '{"find": "maquina", "filter": {}, "batchSize": 64, "$db": "practica03mongoIvanLoli", "$clusterTime": {"clusterTime": {"$timestamp": {"t": 1675601568, "i": 1}}, "signature": {"hash": {"$binary": {"base64": "+/2BS4ep3CPTVbx9tMS1TLNwj9M=", "subType": "00"}}, "keyId": 7161871216054108163}}, "lsid": {"id": {"$binary": {"base64": "GufSMHdrQSyEi1m74LkJJA==", "subType": "04"}}}}' with request id 63 to database practica03mongoIvanLoli on connection [connectionId{localValue:7, serverValue:173256}] to server ac-o2suyf6-shard-00-02.7qtbnuz.mongodb.net:27017
13:52:49.175 [async-channel-group-0-handler-executor] DEBUG org.mongodb.driver.protocol.command - Execution of command with request id 63 completed successfully in 36.89 ms on connection [connectionId{localValue:7, serverValue:173256}] to server ac-o2suyf6-shard-00-02.7qtbnuz.mongodb.net:27017
13:52:49.176 [async-channel-group-0-handler-executor] DEBUG org.mongodb.driver.operation - Received batch of 1 documents with cursorId 0 from server ac-o2suyf6-shard-00-02.7qtbnuz.mongodb.net:27017
13:52:49.183 [AsyncGetter-5-thread-1] DEBUG org.mongodb.driver.protocol.command - Sending command '{"update": "maquina", "ordered": true, "txnNumber": 4, "$db": "practica03mongoIvanLoli", "$clusterTime": {"clusterTime": {"$timestamp": {"t": 1675601568, "i": 2}}, "signature": {"hash": {"$binary": {"base64": "+/2BS4ep3CPTVbx9tMS1TLNwj9M=", "subType": "00"}}, "keyId": 7161871216054108163}}, "lsid": {"id": {"$binary": {"base64": "GufSMHdrQSyEi1m74LkJJA==", "subType": "04"}}}, "updates": [{"q": {"_id": {"$oid": "63dfa6a045532c417eff8108"}}, "u": {"_id": {"$oid": "63dfa6a045532c417eff8108"}, "uuid": {"$binary": {"base64": "p0imbWmNqZO8g+qWtQVPsw==", "subType": "03"}}, "modelo": "RTX-3080TI", "marca": "Nvidia", "fechaAdquisicion": {"$date": "2022-11-10T00:00:00Z"}, "numeroSerie": "123456789X", "tipo": "PERSONALIZADORA", "activa": true, "isManual": null, "maxTension": null, "minTension": null, "measuresManeuverability": true, "measuresRigidity": false, "measuresBalance": true}, "upsert": true}]}' with request id 64 to database practica03mongoIvanLoli on connection [connectionId{localValue:7, serverValue:173256}] to server ac-o2suyf6-shard-00-02.7qtbnuz.mongodb.net:27017
13:52:49.220 [async-channel-group-0-handler-executor] DEBUG org.mongodb.driver.protocol.command - Execution of command with request id 64 completed successfully in 37.16 ms on connection [connectionId{localValue:7, serverValue:173256}] to server ac-o2suyf6-shard-00-02.7qtbnuz.mongodb.net:27017
13:52:49.226 [DefaultDispatcher-worker-1 @coroutine#676] DEBUG koin.repositories.maquina.MaquinaRepository - findById(63dfa6a045532c417eff8108)
13:52:49.227 [AsyncGetter-5-thread-1] DEBUG org.mongodb.driver.protocol.command - Sending command '{"find": "maquina", "filter": {"_id": {"$oid": "63dfa6a045532c417eff8108"}}, "limit": 1, "singleBatch": true, "$db": "practica03mongoIvanLoli", "$clusterTime": {"clusterTime": {"$timestamp": {"t": 1675601568, "i": 2}}, "signature": {"hash": {"$binary": {"base64": "+/2BS4ep3CPTVbx9tMS1TLNwj9M=", "subType": "00"}}, "keyId": 7161871216054108163}}, "lsid": {"id": {"$binary": {"base64": "GufSMHdrQSyEi1m74LkJJA==", "subType": "04"}}}}' with request id 65 to database practica03mongoIvanLoli on connection [connectionId{localValue:7, serverValue:173256}] to server ac-o2suyf6-shard-00-02.7qtbnuz.mongodb.net:27017
13:52:49.264 [async-channel-group-0-handler-executor] DEBUG org.mongodb.driver.protocol.command - Execution of command with request id 65 completed successfully in 36.47 ms on connection [connectionId{localValue:7, serverValue:173256}] to server ac-o2suyf6-shard-00-02.7qtbnuz.mongodb.net:27017
13:52:49.264 [async-channel-group-0-handler-executor] DEBUG org.mongodb.driver.operation - Received batch of 1 documents with cursorId 0 from server ac-o2suyf6-shard-00-02.7qtbnuz.mongodb.net:27017
13:52:49.268 [AsyncGetter-5-thread-1] DEBUG org.mongodb.driver.protocol.command - Sending command '{"update": "maquina", "ordered": true, "txnNumber": 5, "$db": "practica03mongoIvanLoli", "$clusterTime": {"clusterTime": {"$timestamp": {"t": 1675601568, "i": 2}}, "signature": {"hash": {"$binary": {"base64": "+/2BS4ep3CPTVbx9tMS1TLNwj9M=", "subType": "00"}}, "keyId": 7161871216054108163}}, "lsid": {"id": {"$binary": {"base64": "GufSMHdrQSyEi1m74LkJJA==", "subType": "04"}}}, "updates": [{"q": {"_id": {"$oid": "63dfa6a045532c417eff8108"}}, "u": {"_id": {"$oid": "63dfa6a045532c417eff8108"}, "uuid": {"$binary": {"base64": "p0imbWmNqZO8g+qWtQVPsw==", "subType": "03"}}, "modelo": "RTX-3080TI", "marca": "Nvidia", "fechaAdquisicion": {"$date": "2022-11-10T00:00:00Z"}, "numeroSerie": "123456789X", "tipo": "PERSONALIZADORA", "activa": true, "isManual": null, "maxTension": null, "minTension": null, "measuresManeuverability": true, "measuresRigidity": false, "measuresBalance": true}, "upsert": true}]}' with request id 66 to database practica03mongoIvanLoli on connection [connectionId{localValue:7, serverValue:173256}] to server ac-o2suyf6-shard-00-02.7qtbnuz.mongodb.net:27017
13:52:49.303 [async-channel-group-0-handler-executor] DEBUG org.mongodb.driver.protocol.command - Execution of command with request id 66 completed successfully in 35.99 ms on connection [connectionId{localValue:7, serverValue:173256}] to server ac-o2suyf6-shard-00-02.7qtbnuz.mongodb.net:27017
13:52:49.308 [DefaultDispatcher-worker-1 @coroutine#681] DEBUG koin.repositories.maquina.MaquinaRepository - findByUUID(93a98d69-6da6-48a7-b34f-05b596ea83bc)
13:52:49.309 [AsyncGetter-5-thread-1] DEBUG org.mongodb.driver.protocol.command - Sending command '{"find": "maquina", "filter": {}, "batchSize": 64, "$db": "practica03mongoIvanLoli", "$clusterTime": {"clusterTime": {"$timestamp": {"t": 1675601568, "i": 2}}, "signature": {"hash": {"$binary": {"base64": "+/2BS4ep3CPTVbx9tMS1TLNwj9M=", "subType": "00"}}, "keyId": 7161871216054108163}}, "lsid": {"id": {"$binary": {"base64": "GufSMHdrQSyEi1m74LkJJA==", "subType": "04"}}}}' with request id 67 to database practica03mongoIvanLoli on connection [connectionId{localValue:7, serverValue:173256}] to server ac-o2suyf6-shard-00-02.7qtbnuz.mongodb.net:27017
13:52:49.371 [async-channel-group-0-handler-executor] DEBUG org.mongodb.driver.protocol.command - Execution of command with request id 67 completed successfully in 61.40 ms on connection [connectionId{localValue:7, serverValue:173256}] to server ac-o2suyf6-shard-00-02.7qtbnuz.mongodb.net:27017
13:52:49.372 [async-channel-group-0-handler-executor] DEBUG org.mongodb.driver.operation - Received batch of 1 documents with cursorId 0 from server ac-o2suyf6-shard-00-02.7qtbnuz.mongodb.net:27017
13:52:49.379 [AsyncGetter-5-thread-1] DEBUG org.mongodb.driver.protocol.command - Sending command '{"update": "maquina", "ordered": true, "txnNumber": 6, "$db": "practica03mongoIvanLoli", "$clusterTime": {"clusterTime": {"$timestamp": {"t": 1675601568, "i": 2}}, "signature": {"hash": {"$binary": {"base64": "+/2BS4ep3CPTVbx9tMS1TLNwj9M=", "subType": "00"}}, "keyId": 7161871216054108163}}, "lsid": {"id": {"$binary": {"base64": "GufSMHdrQSyEi1m74LkJJA==", "subType": "04"}}}, "updates": [{"q": {"_id": {"$oid": "63dfa6a045532c417eff8108"}}, "u": {"_id": {"$oid": "63dfa6a045532c417eff8108"}, "uuid": {"$binary": {"base64": "p0imbWmNqZO8g+qWtQVPsw==", "subType": "03"}}, "modelo": "RTX-3080TI", "marca": "Nvidia", "fechaAdquisicion": {"$date": "2022-11-10T00:00:00Z"}, "numeroSerie": "123456789X", "tipo": "PERSONALIZADORA", "activa": true, "isManual": null, "maxTension": null, "minTension": null, "measuresManeuverability": true, "measuresRigidity": false, "measuresBalance": true}, "upsert": true}]}' with request id 68 to database practica03mongoIvanLoli on connection [connectionId{localValue:7, serverValue:173256}] to server ac-o2suyf6-shard-00-02.7qtbnuz.mongodb.net:27017
13:52:49.415 [async-channel-group-0-handler-executor] DEBUG org.mongodb.driver.protocol.command - Execution of command with request id 68 completed successfully in 37.53 ms on connection [connectionId{localValue:7, serverValue:173256}] to server ac-o2suyf6-shard-00-02.7qtbnuz.mongodb.net:27017
13:52:49.421 [DefaultDispatcher-worker-1 @coroutine#686] DEBUG koin.repositories.maquina.MaquinaRepository - save(Maquina(id=63dfa6a045532c417eff8108, uuid=93a98d69-6da6-48a7-b34f-05b596ea83bc, modelo=RTX-3080TI, marca=Nvidia, fechaAdquisicion=2022-11-10, numeroSerie=123456789X, tipo=PERSONALIZADORA, activa=true, isManual=null, maxTension=null, minTension=null, measuresManeuverability=true, measuresRigidity=false, measuresBalance=true))
13:52:49.423 [AsyncGetter-5-thread-1] DEBUG org.mongodb.driver.protocol.command - Sending command '{"update": "maquina", "ordered": true, "txnNumber": 7, "$db": "practica03mongoIvanLoli", "$clusterTime": {"clusterTime": {"$timestamp": {"t": 1675601568, "i": 3}}, "signature": {"hash": {"$binary": {"base64": "+/2BS4ep3CPTVbx9tMS1TLNwj9M=", "subType": "00"}}, "keyId": 7161871216054108163}}, "lsid": {"id": {"$binary": {"base64": "GufSMHdrQSyEi1m74LkJJA==", "subType": "04"}}}, "updates": [{"q": {"_id": {"$oid": "63dfa6a045532c417eff8108"}}, "u": {"_id": {"$oid": "63dfa6a045532c417eff8108"}, "uuid": {"$binary": {"base64": "p0imbWmNqZO8g+qWtQVPsw==", "subType": "03"}}, "modelo": "RTX-3080TI", "marca": "Nvidia", "fechaAdquisicion": {"$date": "2022-11-10T00:00:00Z"}, "numeroSerie": "123456789X", "tipo": "PERSONALIZADORA", "activa": true, "isManual": null, "maxTension": null, "minTension": null, "measuresManeuverability": true, "measuresRigidity": false, "measuresBalance": true}, "upsert": true}]}' with request id 69 to database practica03mongoIvanLoli on connection [connectionId{localValue:7, serverValue:173256}] to server ac-o2suyf6-shard-00-02.7qtbnuz.mongodb.net:27017
13:52:49.459 [async-channel-group-0-handler-executor] DEBUG org.mongodb.driver.protocol.command - Execution of command with request id 69 completed successfully in 36.34 ms on connection [connectionId{localValue:7, serverValue:173256}] to server ac-o2suyf6-shard-00-02.7qtbnuz.mongodb.net:27017
13:52:49.466 [AsyncGetter-5-thread-1] DEBUG org.mongodb.driver.protocol.command - Sending command '{"update": "maquina", "ordered": true, "txnNumber": 8, "$db": "practica03mongoIvanLoli", "$clusterTime": {"clusterTime": {"$timestamp": {"t": 1675601568, "i": 3}}, "signature": {"hash": {"$binary": {"base64": "+/2BS4ep3CPTVbx9tMS1TLNwj9M=", "subType": "00"}}, "keyId": 7161871216054108163}}, "lsid": {"id": {"$binary": {"base64": "GufSMHdrQSyEi1m74LkJJA==", "subType": "04"}}}, "updates": [{"q": {"_id": {"$oid": "63dfa6a045532c417eff8108"}}, "u": {"_id": {"$oid": "63dfa6a045532c417eff8108"}, "uuid": {"$binary": {"base64": "p0imbWmNqZO8g+qWtQVPsw==", "subType": "03"}}, "modelo": "RTX-3080TI", "marca": "Nvidia", "fechaAdquisicion": {"$date": "2022-11-10T00:00:00Z"}, "numeroSerie": "123456789X", "tipo": "PERSONALIZADORA", "activa": true, "isManual": null, "maxTension": null, "minTension": null, "measuresManeuverability": true, "measuresRigidity": false, "measuresBalance": true}, "upsert": true}]}' with request id 70 to database practica03mongoIvanLoli on connection [connectionId{localValue:7, serverValue:173256}] to server ac-o2suyf6-shard-00-02.7qtbnuz.mongodb.net:27017
13:52:49.504 [async-channel-group-0-handler-executor] DEBUG org.mongodb.driver.protocol.command - Execution of command with request id 70 completed successfully in 38.62 ms on connection [connectionId{localValue:7, serverValue:173256}] to server ac-o2suyf6-shard-00-02.7qtbnuz.mongodb.net:27017
13:52:49.508 [DefaultDispatcher-worker-1 @coroutine#691] DEBUG koin.repositories.maquina.MaquinaRepository - findById(63dfa6a145532c417eff8109)
13:52:49.509 [AsyncGetter-5-thread-1] DEBUG org.mongodb.driver.protocol.command - Sending command '{"find": "maquina", "filter": {"_id": {"$oid": "63dfa6a145532c417eff8109"}}, "limit": 1, "singleBatch": true, "$db": "practica03mongoIvanLoli", "$clusterTime": {"clusterTime": {"$timestamp": {"t": 1675601568, "i": 3}}, "signature": {"hash": {"$binary": {"base64": "+/2BS4ep3CPTVbx9tMS1TLNwj9M=", "subType": "00"}}, "keyId": 7161871216054108163}}, "lsid": {"id": {"$binary": {"base64": "GufSMHdrQSyEi1m74LkJJA==", "subType": "04"}}}}' with request id 71 to database practica03mongoIvanLoli on connection [connectionId{localValue:7, serverValue:173256}] to server ac-o2suyf6-shard-00-02.7qtbnuz.mongodb.net:27017
13:52:49.511 [MaintenanceTimer-4-thread-1] DEBUG org.mongodb.driver.connection - Pruning pooled connections to ac-o2suyf6-shard-00-02.7qtbnuz.mongodb.net:27017
13:52:49.513 [MaintenanceTimer-2-thread-1] DEBUG org.mongodb.driver.connection - Pruning pooled connections to ac-o2suyf6-shard-00-00.7qtbnuz.mongodb.net:27017
13:52:49.514 [MaintenanceTimer-6-thread-1] DEBUG org.mongodb.driver.connection - Pruning pooled connections to ac-o2suyf6-shard-00-01.7qtbnuz.mongodb.net:27017
13:52:49.545 [async-channel-group-0-handler-executor] DEBUG org.mongodb.driver.protocol.command - Execution of command with request id 71 completed successfully in 35.68 ms on connection [connectionId{localValue:7, serverValue:173256}] to server ac-o2suyf6-shard-00-02.7qtbnuz.mongodb.net:27017
13:52:49.545 [async-channel-group-0-handler-executor] DEBUG org.mongodb.driver.operation - Received batch of 0 documents with cursorId 0 from server ac-o2suyf6-shard-00-02.7qtbnuz.mongodb.net:27017
13:52:49.550 [AsyncGetter-5-thread-1] DEBUG org.mongodb.driver.protocol.command - Sending command '{"update": "maquina", "ordered": true, "txnNumber": 9, "$db": "practica03mongoIvanLoli", "$clusterTime": {"clusterTime": {"$timestamp": {"t": 1675601568, "i": 3}}, "signature": {"hash": {"$binary": {"base64": "+/2BS4ep3CPTVbx9tMS1TLNwj9M=", "subType": "00"}}, "keyId": 7161871216054108163}}, "lsid": {"id": {"$binary": {"base64": "GufSMHdrQSyEi1m74LkJJA==", "subType": "04"}}}, "updates": [{"q": {"_id": {"$oid": "63dfa6a045532c417eff8108"}}, "u": {"_id": {"$oid": "63dfa6a045532c417eff8108"}, "uuid": {"$binary": {"base64": "p0imbWmNqZO8g+qWtQVPsw==", "subType": "03"}}, "modelo": "RTX-3080TI", "marca": "Nvidia", "fechaAdquisicion": {"$date": "2022-11-10T00:00:00Z"}, "numeroSerie": "123456789X", "tipo": "PERSONALIZADORA", "activa": true, "isManual": null, "maxTension": null, "minTension": null, "measuresManeuverability": true, "measuresRigidity": false, "measuresBalance": true}, "upsert": true}]}' with request id 72 to database practica03mongoIvanLoli on connection [connectionId{localValue:7, serverValue:173256}] to server ac-o2suyf6-shard-00-02.7qtbnuz.mongodb.net:27017
13:52:49.588 [async-channel-group-0-handler-executor] DEBUG org.mongodb.driver.protocol.command - Execution of command with request id 72 completed successfully in 37.77 ms on connection [connectionId{localValue:7, serverValue:173256}] to server ac-o2suyf6-shard-00-02.7qtbnuz.mongodb.net:27017
13:52:49.589 [cluster-ClusterId{value='63dfa66445532c417eff7dfd', description='null'}-ac-o2suyf6-shard-00-00.7qtbnuz.mongodb.net:27017] DEBUG org.mongodb.driver.cluster - Updating cluster description to  {type=REPLICA_SET, servers=[{address=ac-o2suyf6-shard-00-00.7qtbnuz.mongodb.net:27017, type=REPLICA_SET_SECONDARY, TagSet{[Tag{name='nodeType', value='ELECTABLE'}, Tag{name='provider', value='AWS'}, Tag{name='region', value='EU_WEST_3'}, Tag{name='workloadType', value='OPERATIONAL'}]}, roundTripTime=134.0 ms, state=CONNECTED}, {address=ac-o2suyf6-shard-00-02.7qtbnuz.mongodb.net:27017, type=REPLICA_SET_PRIMARY, TagSet{[Tag{name='nodeType', value='ELECTABLE'}, Tag{name='provider', value='AWS'}, Tag{name='region', value='EU_WEST_3'}, Tag{name='workloadType', value='OPERATIONAL'}]}, roundTripTime=159.5 ms, state=CONNECTED}, {address=ac-o2suyf6-shard-00-01.7qtbnuz.mongodb.net:27017, type=REPLICA_SET_SECONDARY, TagSet{[Tag{name='nodeType', value='ELECTABLE'}, Tag{name='provider', value='AWS'}, Tag{name='region', value='EU_WEST_3'}, Tag{name='workloadType', value='OPERATIONAL'}]}, roundTripTime=160.1 ms, state=CONNECTED}]
13:52:49.589 [cluster-ClusterId{value='63dfa66445532c417eff7dfd', description='null'}-ac-o2suyf6-shard-00-00.7qtbnuz.mongodb.net:27017] DEBUG org.mongodb.driver.cluster - Checking status of ac-o2suyf6-shard-00-00.7qtbnuz.mongodb.net:27017
13:52:49.593 [DefaultDispatcher-worker-3 @coroutine#696] DEBUG koin.repositories.maquina.MaquinaRepository - delete(63dfa6a145532c417eff810a)
13:52:49.595 [AsyncGetter-5-thread-1] DEBUG org.mongodb.driver.protocol.command - Sending command '{"find": "maquina", "filter": {"_id": {"$oid": "63dfa6a145532c417eff810a"}}, "limit": 1, "singleBatch": true, "$db": "practica03mongoIvanLoli", "$clusterTime": {"clusterTime": {"$timestamp": {"t": 1675601568, "i": 3}}, "signature": {"hash": {"$binary": {"base64": "+/2BS4ep3CPTVbx9tMS1TLNwj9M=", "subType": "00"}}, "keyId": 7161871216054108163}}, "lsid": {"id": {"$binary": {"base64": "GufSMHdrQSyEi1m74LkJJA==", "subType": "04"}}}}' with request id 73 to database practica03mongoIvanLoli on connection [connectionId{localValue:7, serverValue:173256}] to server ac-o2suyf6-shard-00-02.7qtbnuz.mongodb.net:27017
13:52:49.630 [async-channel-group-0-handler-executor] DEBUG org.mongodb.driver.protocol.command - Execution of command with request id 73 completed successfully in 35.96 ms on connection [connectionId{localValue:7, serverValue:173256}] to server ac-o2suyf6-shard-00-02.7qtbnuz.mongodb.net:27017
13:52:49.631 [async-channel-group-0-handler-executor] DEBUG org.mongodb.driver.operation - Received batch of 0 documents with cursorId 0 from server ac-o2suyf6-shard-00-02.7qtbnuz.mongodb.net:27017
13:52:49.631 [cluster-ClusterId{value='63dfa66445532c417eff7dfd', description='null'}-ac-o2suyf6-shard-00-01.7qtbnuz.mongodb.net:27017] DEBUG org.mongodb.driver.cluster - Updating cluster description to  {type=REPLICA_SET, servers=[{address=ac-o2suyf6-shard-00-00.7qtbnuz.mongodb.net:27017, type=REPLICA_SET_SECONDARY, TagSet{[Tag{name='nodeType', value='ELECTABLE'}, Tag{name='provider', value='AWS'}, Tag{name='region', value='EU_WEST_3'}, Tag{name='workloadType', value='OPERATIONAL'}]}, roundTripTime=134.0 ms, state=CONNECTED}, {address=ac-o2suyf6-shard-00-02.7qtbnuz.mongodb.net:27017, type=REPLICA_SET_PRIMARY, TagSet{[Tag{name='nodeType', value='ELECTABLE'}, Tag{name='provider', value='AWS'}, Tag{name='region', value='EU_WEST_3'}, Tag{name='workloadType', value='OPERATIONAL'}]}, roundTripTime=159.5 ms, state=CONNECTED}, {address=ac-o2suyf6-shard-00-01.7qtbnuz.mongodb.net:27017, type=REPLICA_SET_SECONDARY, TagSet{[Tag{name='nodeType', value='ELECTABLE'}, Tag{name='provider', value='AWS'}, Tag{name='region', value='EU_WEST_3'}, Tag{name='workloadType', value='OPERATIONAL'}]}, roundTripTime=135.6 ms, state=CONNECTED}]
13:52:49.631 [cluster-ClusterId{value='63dfa66445532c417eff7dfd', description='null'}-ac-o2suyf6-shard-00-01.7qtbnuz.mongodb.net:27017] DEBUG org.mongodb.driver.cluster - Checking status of ac-o2suyf6-shard-00-01.7qtbnuz.mongodb.net:27017
13:52:49.631 [cluster-ClusterId{value='63dfa66445532c417eff7dfd', description='null'}-ac-o2suyf6-shard-00-02.7qtbnuz.mongodb.net:27017] DEBUG org.mongodb.driver.cluster - Updating cluster description to  {type=REPLICA_SET, servers=[{address=ac-o2suyf6-shard-00-00.7qtbnuz.mongodb.net:27017, type=REPLICA_SET_SECONDARY, TagSet{[Tag{name='nodeType', value='ELECTABLE'}, Tag{name='provider', value='AWS'}, Tag{name='region', value='EU_WEST_3'}, Tag{name='workloadType', value='OPERATIONAL'}]}, roundTripTime=134.0 ms, state=CONNECTED}, {address=ac-o2suyf6-shard-00-02.7qtbnuz.mongodb.net:27017, type=REPLICA_SET_PRIMARY, TagSet{[Tag{name='nodeType', value='ELECTABLE'}, Tag{name='provider', value='AWS'}, Tag{name='region', value='EU_WEST_3'}, Tag{name='workloadType', value='OPERATIONAL'}]}, roundTripTime=136.3 ms, state=CONNECTED}, {address=ac-o2suyf6-shard-00-01.7qtbnuz.mongodb.net:27017, type=REPLICA_SET_SECONDARY, TagSet{[Tag{name='nodeType', value='ELECTABLE'}, Tag{name='provider', value='AWS'}, Tag{name='region', value='EU_WEST_3'}, Tag{name='workloadType', value='OPERATIONAL'}]}, roundTripTime=135.6 ms, state=CONNECTED}]
13:52:49.631 [cluster-ClusterId{value='63dfa66445532c417eff7dfd', description='null'}-ac-o2suyf6-shard-00-02.7qtbnuz.mongodb.net:27017] DEBUG org.mongodb.driver.cluster - Checking status of ac-o2suyf6-shard-00-02.7qtbnuz.mongodb.net:27017
13:52:49.633 [AsyncGetter-5-thread-1] DEBUG org.mongodb.driver.protocol.command - Sending command '{"delete": "maquina", "ordered": true, "txnNumber": 10, "$db": "practica03mongoIvanLoli", "$clusterTime": {"clusterTime": {"$timestamp": {"t": 1675601568, "i": 3}}, "signature": {"hash": {"$binary": {"base64": "+/2BS4ep3CPTVbx9tMS1TLNwj9M=", "subType": "00"}}, "keyId": 7161871216054108163}}, "lsid": {"id": {"$binary": {"base64": "GufSMHdrQSyEi1m74LkJJA==", "subType": "04"}}}, "deletes": [{"q": {"_id": {"$oid": "63dfa6a145532c417eff810a"}}, "limit": 1}]}' with request id 74 to database practica03mongoIvanLoli on connection [connectionId{localValue:7, serverValue:173256}] to server ac-o2suyf6-shard-00-02.7qtbnuz.mongodb.net:27017
13:52:49.673 [async-channel-group-0-handler-executor] DEBUG org.mongodb.driver.protocol.command - Execution of command with request id 74 completed successfully in 40.01 ms on connection [connectionId{localValue:7, serverValue:173256}] to server ac-o2suyf6-shard-00-02.7qtbnuz.mongodb.net:27017
13:52:49.676 [AsyncGetter-5-thread-1] DEBUG org.mongodb.driver.protocol.command - Sending command '{"update": "maquina", "ordered": true, "txnNumber": 11, "$db": "practica03mongoIvanLoli", "$clusterTime": {"clusterTime": {"$timestamp": {"t": 1675601568, "i": 3}}, "signature": {"hash": {"$binary": {"base64": "+/2BS4ep3CPTVbx9tMS1TLNwj9M=", "subType": "00"}}, "keyId": 7161871216054108163}}, "lsid": {"id": {"$binary": {"base64": "GufSMHdrQSyEi1m74LkJJA==", "subType": "04"}}}, "updates": [{"q": {"_id": {"$oid": "63dfa6a045532c417eff8108"}}, "u": {"_id": {"$oid": "63dfa6a045532c417eff8108"}, "uuid": {"$binary": {"base64": "p0imbWmNqZO8g+qWtQVPsw==", "subType": "03"}}, "modelo": "RTX-3080TI", "marca": "Nvidia", "fechaAdquisicion": {"$date": "2022-11-10T00:00:00Z"}, "numeroSerie": "123456789X", "tipo": "PERSONALIZADORA", "activa": true, "isManual": null, "maxTension": null, "minTension": null, "measuresManeuverability": true, "measuresRigidity": false, "measuresBalance": true}, "upsert": true}]}' with request id 75 to database practica03mongoIvanLoli on connection [connectionId{localValue:7, serverValue:173256}] to server ac-o2suyf6-shard-00-02.7qtbnuz.mongodb.net:27017
13:52:49.713 [async-channel-group-0-handler-executor] DEBUG org.mongodb.driver.protocol.command - Execution of command with request id 75 completed successfully in 37.24 ms on connection [connectionId{localValue:7, serverValue:173256}] to server ac-o2suyf6-shard-00-02.7qtbnuz.mongodb.net:27017
13:52:49.719 [DefaultDispatcher-worker-1 @coroutine#701] DEBUG koin.repositories.maquina.MaquinaRepository - setInactive(63dfa6a045532c417eff8108)
13:52:49.721 [AsyncGetter-5-thread-1] DEBUG org.mongodb.driver.protocol.command - Sending command '{"find": "maquina", "filter": {"_id": {"$oid": "63dfa6a045532c417eff8108"}}, "limit": 1, "singleBatch": true, "$db": "practica03mongoIvanLoli", "$clusterTime": {"clusterTime": {"$timestamp": {"t": 1675601568, "i": 3}}, "signature": {"hash": {"$binary": {"base64": "+/2BS4ep3CPTVbx9tMS1TLNwj9M=", "subType": "00"}}, "keyId": 7161871216054108163}}, "lsid": {"id": {"$binary": {"base64": "GufSMHdrQSyEi1m74LkJJA==", "subType": "04"}}}}' with request id 76 to database practica03mongoIvanLoli on connection [connectionId{localValue:7, serverValue:173256}] to server ac-o2suyf6-shard-00-02.7qtbnuz.mongodb.net:27017
13:52:49.761 [cluster-rtt-ClusterId{value='63dfa66445532c417eff7dfd', description='null'}-ac-o2suyf6-shard-00-00.7qtbnuz.mongodb.net:27017] DEBUG org.mongodb.driver.protocol.command - Sending command '{"hello": 1, "$db": "admin", "$clusterTime": {"clusterTime": {"$timestamp": {"t": 1675601568, "i": 3}}, "signature": {"hash": {"$binary": {"base64": "+/2BS4ep3CPTVbx9tMS1TLNwj9M=", "subType": "00"}}, "keyId": 7161871216054108163}}}' with request id 78 to database admin on connection [connectionId{localValue:2, serverValue:174158}] to server ac-o2suyf6-shard-00-00.7qtbnuz.mongodb.net:27017
13:52:49.761 [cluster-rtt-ClusterId{value='63dfa66445532c417eff7dfd', description='null'}-ac-o2suyf6-shard-00-01.7qtbnuz.mongodb.net:27017] DEBUG org.mongodb.driver.protocol.command - Sending command '{"hello": 1, "$db": "admin", "$clusterTime": {"clusterTime": {"$timestamp": {"t": 1675601568, "i": 3}}, "signature": {"hash": {"$binary": {"base64": "+/2BS4ep3CPTVbx9tMS1TLNwj9M=", "subType": "00"}}, "keyId": 7161871216054108163}}}' with request id 77 to database admin on connection [connectionId{localValue:5, serverValue:169860}] to server ac-o2suyf6-shard-00-01.7qtbnuz.mongodb.net:27017
13:52:49.776 [cluster-rtt-ClusterId{value='63dfa66445532c417eff7dfd', description='null'}-ac-o2suyf6-shard-00-02.7qtbnuz.mongodb.net:27017] DEBUG org.mongodb.driver.protocol.command - Sending command '{"hello": 1, "$db": "admin", "$clusterTime": {"clusterTime": {"$timestamp": {"t": 1675601568, "i": 3}}, "signature": {"hash": {"$binary": {"base64": "+/2BS4ep3CPTVbx9tMS1TLNwj9M=", "subType": "00"}}, "keyId": 7161871216054108163}}}' with request id 79 to database admin on connection [connectionId{localValue:4, serverValue:173256}] to server ac-o2suyf6-shard-00-02.7qtbnuz.mongodb.net:27017
13:52:49.782 [async-channel-group-0-handler-executor] DEBUG org.mongodb.driver.protocol.command - Execution of command with request id 76 completed successfully in 60.43 ms on connection [connectionId{localValue:7, serverValue:173256}] to server ac-o2suyf6-shard-00-02.7qtbnuz.mongodb.net:27017
13:52:49.783 [async-channel-group-0-handler-executor] DEBUG org.mongodb.driver.operation - Received batch of 1 documents with cursorId 0 from server ac-o2suyf6-shard-00-02.7qtbnuz.mongodb.net:27017
13:52:49.786 [AsyncGetter-5-thread-1] DEBUG org.mongodb.driver.protocol.command - Sending command '{"update": "maquina", "ordered": true, "txnNumber": 12, "$db": "practica03mongoIvanLoli", "$clusterTime": {"clusterTime": {"$timestamp": {"t": 1675601568, "i": 3}}, "signature": {"hash": {"$binary": {"base64": "+/2BS4ep3CPTVbx9tMS1TLNwj9M=", "subType": "00"}}, "keyId": 7161871216054108163}}, "lsid": {"id": {"$binary": {"base64": "GufSMHdrQSyEi1m74LkJJA==", "subType": "04"}}}, "updates": [{"q": {"_id": {"$oid": "63dfa6a045532c417eff8108"}}, "u": {"_id": {"$oid": "63dfa6a045532c417eff8108"}, "uuid": {"$binary": {"base64": "p0imbWmNqZO8g+qWtQVPsw==", "subType": "03"}}, "modelo": "RTX-3080TI", "marca": "Nvidia", "fechaAdquisicion": {"$date": "2022-11-10T00:00:00Z"}, "numeroSerie": "123456789X", "tipo": "PERSONALIZADORA", "activa": false, "isManual": null, "maxTension": null, "minTension": null, "measuresManeuverability": true, "measuresRigidity": false, "measuresBalance": true}, "upsert": true}]}' with request id 80 to database practica03mongoIvanLoli on connection [connectionId{localValue:7, serverValue:173256}] to server ac-o2suyf6-shard-00-02.7qtbnuz.mongodb.net:27017
13:52:49.816 [cluster-rtt-ClusterId{value='63dfa66445532c417eff7dfd', description='null'}-ac-o2suyf6-shard-00-01.7qtbnuz.mongodb.net:27017] DEBUG org.mongodb.driver.protocol.command - Execution of command with request id 77 completed successfully in 55.32 ms on connection [connectionId{localValue:5, serverValue:169860}] to server ac-o2suyf6-shard-00-01.7qtbnuz.mongodb.net:27017
13:52:49.816 [cluster-rtt-ClusterId{value='63dfa66445532c417eff7dfd', description='null'}-ac-o2suyf6-shard-00-00.7qtbnuz.mongodb.net:27017] DEBUG org.mongodb.driver.protocol.command - Execution of command with request id 78 completed successfully in 55.31 ms on connection [connectionId{localValue:2, serverValue:174158}] to server ac-o2suyf6-shard-00-00.7qtbnuz.mongodb.net:27017
13:52:49.842 [async-channel-group-0-handler-executor] DEBUG org.mongodb.driver.protocol.command - Execution of command with request id 80 completed successfully in 57.64 ms on connection [connectionId{localValue:7, serverValue:173256}] to server ac-o2suyf6-shard-00-02.7qtbnuz.mongodb.net:27017
13:52:49.842 [cluster-rtt-ClusterId{value='63dfa66445532c417eff7dfd', description='null'}-ac-o2suyf6-shard-00-02.7qtbnuz.mongodb.net:27017] DEBUG org.mongodb.driver.protocol.command - Execution of command with request id 79 completed successfully in 67.12 ms on connection [connectionId{localValue:4, serverValue:173256}] to server ac-o2suyf6-shard-00-02.7qtbnuz.mongodb.net:27017
13:52:49.850 [AsyncGetter-5-thread-1] DEBUG org.mongodb.driver.protocol.command - Sending command '{"drop": "maquina", "$db": "practica03mongoIvanLoli", "$clusterTime": {"clusterTime": {"$timestamp": {"t": 1675601568, "i": 5}}, "signature": {"hash": {"$binary": {"base64": "+/2BS4ep3CPTVbx9tMS1TLNwj9M=", "subType": "00"}}, "keyId": 7161871216054108163}}, "lsid": {"id": {"$binary": {"base64": "GufSMHdrQSyEi1m74LkJJA==", "subType": "04"}}}}' with request id 81 to database practica03mongoIvanLoli on connection [connectionId{localValue:7, serverValue:173256}] to server ac-o2suyf6-shard-00-02.7qtbnuz.mongodb.net:27017
13:52:49.897 [async-channel-group-0-handler-executor] DEBUG org.mongodb.driver.protocol.command - Execution of command with request id 81 completed successfully in 46.33 ms on connection [connectionId{localValue:7, serverValue:173256}] to server ac-o2suyf6-shard-00-02.7qtbnuz.mongodb.net:27017
]]></system-out>
  <system-err><![CDATA[]]></system-err>
</testsuite>
