<?xml version="1.0" encoding="UTF-8"?>
<testsuite name="koin.repositories.producto.ProductoRepositoryTest" tests="9" skipped="0" failures="0" errors="0" timestamp="2023-02-02T22:41:52" hostname="LOLI-LAPTOP" time="1.136">
  <properties/>
  <testcase name="delete()" classname="koin.repositories.producto.ProductoRepositoryTest" time="0.189"/>
  <testcase name="decreaseStockBelow0()" classname="koin.repositories.producto.ProductoRepositoryTest" time="0.152"/>
  <testcase name="findAll()" classname="koin.repositories.producto.ProductoRepositoryTest" time="0.102"/>
  <testcase name="findById()" classname="koin.repositories.producto.ProductoRepositoryTest" time="0.1"/>
  <testcase name="decreaseStock()" classname="koin.repositories.producto.ProductoRepositoryTest" time="0.151"/>
  <testcase name="findByUuid()" classname="koin.repositories.producto.ProductoRepositoryTest" time="0.1"/>
  <testcase name="save()" classname="koin.repositories.producto.ProductoRepositoryTest" time="0.112"/>
  <testcase name="findByIdNotExists()" classname="koin.repositories.producto.ProductoRepositoryTest" time="0.091"/>
  <testcase name="deleteNotExists()" classname="koin.repositories.producto.ProductoRepositoryTest" time="0.137"/>
  <system-out><![CDATA[23:41:52.603 [AsyncGetter-5-thread-1] DEBUG org.mongodb.driver.protocol.command - Sending command '{"drop": "producto", "$db": "practica03mongoIvanLoli", "$clusterTime": {"clusterTime": {"$timestamp": {"t": 1675377712, "i": 2}}, "signature": {"hash": {"$binary": {"base64": "jscmVWj+guqlqqNjL6EX6J3M1P4=", "subType": "00"}}, "keyId": 7161871216054108163}}, "lsid": {"id": {"$binary": {"base64": "nuXtmKpPQPG6K0CQKaFtYQ==", "subType": "04"}}}}' with request id 109 to database practica03mongoIvanLoli on connection [connectionId{localValue:34, serverValue:127384}] to server ac-o2suyf6-shard-00-02.7qtbnuz.mongodb.net:27017
23:41:52.655 [async-channel-group-0-handler-executor] DEBUG org.mongodb.driver.protocol.command - Execution of command with request id 109 completed successfully in 51.90 ms on connection [connectionId{localValue:34, serverValue:127384}] to server ac-o2suyf6-shard-00-02.7qtbnuz.mongodb.net:27017
23:41:52.662 [AsyncGetter-5-thread-1] DEBUG org.mongodb.driver.protocol.command - Sending command '{"update": "producto", "ordered": true, "txnNumber": 23, "$db": "practica03mongoIvanLoli", "$clusterTime": {"clusterTime": {"$timestamp": {"t": 1675377712, "i": 5}}, "signature": {"hash": {"$binary": {"base64": "jscmVWj+guqlqqNjL6EX6J3M1P4=", "subType": "00"}}, "keyId": 7161871216054108163}}, "lsid": {"id": {"$binary": {"base64": "nuXtmKpPQPG6K0CQKaFtYQ==", "subType": "04"}}}, "updates": [{"q": {"_id": {"$oid": "63dc3c301b23f96d9c83986e"}}, "u": {"_id": {"$oid": "63dc3c301b23f96d9c83986e"}, "uuid": {"$binary": {"base64": "p0imbWmNqZOqg+qWtQVPsw==", "subType": "03"}}, "tipo": "FUNDAS", "marca": "MarcaZ", "modelo": "ModeloZ", "precio": 36.4, "stock": 1}, "upsert": true}]}' with request id 110 to database practica03mongoIvanLoli on connection [connectionId{localValue:34, serverValue:127384}] to server ac-o2suyf6-shard-00-02.7qtbnuz.mongodb.net:27017
23:41:52.741 [async-channel-group-0-handler-executor] DEBUG org.mongodb.driver.protocol.command - Execution of command with request id 110 completed successfully in 79.53 ms on connection [connectionId{localValue:34, serverValue:127384}] to server ac-o2suyf6-shard-00-02.7qtbnuz.mongodb.net:27017
23:41:52.747 [DefaultDispatcher-worker-1 @coroutine#843] DEBUG koin.repositories.producto.ProductoRepository - delete(63dc3c301b23f96d9c83986e)
23:41:52.748 [AsyncGetter-5-thread-1] DEBUG org.mongodb.driver.protocol.command - Sending command '{"find": "producto", "filter": {"_id": {"$oid": "63dc3c301b23f96d9c83986e"}}, "limit": 1, "singleBatch": true, "$db": "practica03mongoIvanLoli", "$clusterTime": {"clusterTime": {"$timestamp": {"t": 1675377712, "i": 7}}, "signature": {"hash": {"$binary": {"base64": "jscmVWj+guqlqqNjL6EX6J3M1P4=", "subType": "00"}}, "keyId": 7161871216054108163}}, "lsid": {"id": {"$binary": {"base64": "nuXtmKpPQPG6K0CQKaFtYQ==", "subType": "04"}}}}' with request id 111 to database practica03mongoIvanLoli on connection [connectionId{localValue:34, serverValue:127384}] to server ac-o2suyf6-shard-00-02.7qtbnuz.mongodb.net:27017
23:41:52.791 [async-channel-group-0-handler-executor] DEBUG org.mongodb.driver.protocol.command - Execution of command with request id 111 completed successfully in 43.05 ms on connection [connectionId{localValue:34, serverValue:127384}] to server ac-o2suyf6-shard-00-02.7qtbnuz.mongodb.net:27017
23:41:52.792 [async-channel-group-0-handler-executor] DEBUG org.mongodb.driver.operation - Received batch of 1 documents with cursorId 0 from server ac-o2suyf6-shard-00-02.7qtbnuz.mongodb.net:27017
23:41:52.794 [AsyncGetter-5-thread-1] DEBUG org.mongodb.driver.protocol.command - Sending command '{"delete": "producto", "ordered": true, "txnNumber": 24, "$db": "practica03mongoIvanLoli", "$clusterTime": {"clusterTime": {"$timestamp": {"t": 1675377712, "i": 7}}, "signature": {"hash": {"$binary": {"base64": "jscmVWj+guqlqqNjL6EX6J3M1P4=", "subType": "00"}}, "keyId": 7161871216054108163}}, "lsid": {"id": {"$binary": {"base64": "nuXtmKpPQPG6K0CQKaFtYQ==", "subType": "04"}}}, "deletes": [{"q": {"_id": {"$oid": "63dc3c301b23f96d9c83986e"}}, "limit": 1}]}' with request id 112 to database practica03mongoIvanLoli on connection [connectionId{localValue:34, serverValue:127384}] to server ac-o2suyf6-shard-00-02.7qtbnuz.mongodb.net:27017
23:41:52.841 [async-channel-group-0-handler-executor] DEBUG org.mongodb.driver.protocol.command - Execution of command with request id 112 completed successfully in 47.21 ms on connection [connectionId{localValue:34, serverValue:127384}] to server ac-o2suyf6-shard-00-02.7qtbnuz.mongodb.net:27017
23:41:52.846 [AsyncGetter-5-thread-1] DEBUG org.mongodb.driver.protocol.command - Sending command '{"update": "producto", "ordered": true, "txnNumber": 25, "$db": "practica03mongoIvanLoli", "$clusterTime": {"clusterTime": {"$timestamp": {"t": 1675377712, "i": 9}}, "signature": {"hash": {"$binary": {"base64": "jscmVWj+guqlqqNjL6EX6J3M1P4=", "subType": "00"}}, "keyId": 7161871216054108163}}, "lsid": {"id": {"$binary": {"base64": "nuXtmKpPQPG6K0CQKaFtYQ==", "subType": "04"}}}, "updates": [{"q": {"_id": {"$oid": "63dc3c301b23f96d9c83986e"}}, "u": {"_id": {"$oid": "63dc3c301b23f96d9c83986e"}, "uuid": {"$binary": {"base64": "p0imbWmNqZOqg+qWtQVPsw==", "subType": "03"}}, "tipo": "FUNDAS", "marca": "MarcaZ", "modelo": "ModeloZ", "precio": 36.4, "stock": 1}, "upsert": true}]}' with request id 113 to database practica03mongoIvanLoli on connection [connectionId{localValue:34, serverValue:127384}] to server ac-o2suyf6-shard-00-02.7qtbnuz.mongodb.net:27017
23:41:52.892 [async-channel-group-0-handler-executor] DEBUG org.mongodb.driver.protocol.command - Execution of command with request id 113 completed successfully in 45.83 ms on connection [connectionId{localValue:34, serverValue:127384}] to server ac-o2suyf6-shard-00-02.7qtbnuz.mongodb.net:27017
23:41:52.899 [DefaultDispatcher-worker-1 @coroutine#848] DEBUG koin.repositories.producto.ProductoRepository - decreaseStock(63dc3c301b23f96d9c83986e)
23:41:52.900 [AsyncGetter-5-thread-1] DEBUG org.mongodb.driver.protocol.command - Sending command '{"find": "producto", "filter": {"_id": {"$oid": "63dc3c301b23f96d9c83986e"}}, "limit": 1, "singleBatch": true, "$db": "practica03mongoIvanLoli", "$clusterTime": {"clusterTime": {"$timestamp": {"t": 1675377712, "i": 10}}, "signature": {"hash": {"$binary": {"base64": "jscmVWj+guqlqqNjL6EX6J3M1P4=", "subType": "00"}}, "keyId": 7161871216054108163}}, "lsid": {"id": {"$binary": {"base64": "nuXtmKpPQPG6K0CQKaFtYQ==", "subType": "04"}}}}' with request id 114 to database practica03mongoIvanLoli on connection [connectionId{localValue:34, serverValue:127384}] to server ac-o2suyf6-shard-00-02.7qtbnuz.mongodb.net:27017
23:41:52.941 [async-channel-group-0-handler-executor] DEBUG org.mongodb.driver.protocol.command - Execution of command with request id 114 completed successfully in 41.36 ms on connection [connectionId{localValue:34, serverValue:127384}] to server ac-o2suyf6-shard-00-02.7qtbnuz.mongodb.net:27017
23:41:52.942 [async-channel-group-0-handler-executor] DEBUG org.mongodb.driver.operation - Received batch of 1 documents with cursorId 0 from server ac-o2suyf6-shard-00-02.7qtbnuz.mongodb.net:27017
23:41:52.944 [AsyncGetter-5-thread-1] DEBUG org.mongodb.driver.protocol.command - Sending command '{"update": "producto", "ordered": true, "txnNumber": 26, "$db": "practica03mongoIvanLoli", "$clusterTime": {"clusterTime": {"$timestamp": {"t": 1675377712, "i": 11}}, "signature": {"hash": {"$binary": {"base64": "jscmVWj+guqlqqNjL6EX6J3M1P4=", "subType": "00"}}, "keyId": 7161871216054108163}}, "lsid": {"id": {"$binary": {"base64": "nuXtmKpPQPG6K0CQKaFtYQ==", "subType": "04"}}}, "updates": [{"q": {"_id": {"$oid": "63dc3c301b23f96d9c83986e"}}, "u": {"_id": {"$oid": "63dc3c301b23f96d9c83986e"}, "uuid": {"$binary": {"base64": "p0imbWmNqZOqg+qWtQVPsw==", "subType": "03"}}, "tipo": "FUNDAS", "marca": "MarcaZ", "modelo": "ModeloZ", "precio": 36.4, "stock": 0}, "upsert": true}]}' with request id 115 to database practica03mongoIvanLoli on connection [connectionId{localValue:34, serverValue:127384}] to server ac-o2suyf6-shard-00-02.7qtbnuz.mongodb.net:27017
23:41:52.992 [async-channel-group-0-handler-executor] DEBUG org.mongodb.driver.protocol.command - Execution of command with request id 115 completed successfully in 48.41 ms on connection [connectionId{localValue:34, serverValue:127384}] to server ac-o2suyf6-shard-00-02.7qtbnuz.mongodb.net:27017
23:41:52.999 [AsyncGetter-5-thread-1] DEBUG org.mongodb.driver.protocol.command - Sending command '{"update": "producto", "ordered": true, "txnNumber": 27, "$db": "practica03mongoIvanLoli", "$clusterTime": {"clusterTime": {"$timestamp": {"t": 1675377712, "i": 12}}, "signature": {"hash": {"$binary": {"base64": "jscmVWj+guqlqqNjL6EX6J3M1P4=", "subType": "00"}}, "keyId": 7161871216054108163}}, "lsid": {"id": {"$binary": {"base64": "nuXtmKpPQPG6K0CQKaFtYQ==", "subType": "04"}}}, "updates": [{"q": {"_id": {"$oid": "63dc3c301b23f96d9c83986e"}}, "u": {"_id": {"$oid": "63dc3c301b23f96d9c83986e"}, "uuid": {"$binary": {"base64": "p0imbWmNqZOqg+qWtQVPsw==", "subType": "03"}}, "tipo": "FUNDAS", "marca": "MarcaZ", "modelo": "ModeloZ", "precio": 36.4, "stock": 1}, "upsert": true}]}' with request id 116 to database practica03mongoIvanLoli on connection [connectionId{localValue:34, serverValue:127384}] to server ac-o2suyf6-shard-00-02.7qtbnuz.mongodb.net:27017
23:41:53.046 [async-channel-group-0-handler-executor] DEBUG org.mongodb.driver.protocol.command - Execution of command with request id 116 completed successfully in 46.53 ms on connection [connectionId{localValue:34, serverValue:127384}] to server ac-o2suyf6-shard-00-02.7qtbnuz.mongodb.net:27017
23:41:53.053 [DefaultDispatcher-worker-1 @coroutine#853] DEBUG koin.repositories.producto.ProductoRepository - findAll()
23:41:53.054 [AsyncGetter-5-thread-1] DEBUG org.mongodb.driver.protocol.command - Sending command '{"find": "producto", "filter": {}, "batchSize": 64, "$db": "practica03mongoIvanLoli", "$clusterTime": {"clusterTime": {"$timestamp": {"t": 1675377713, "i": 1}}, "signature": {"hash": {"$binary": {"base64": "w6XfVVYMXOvFAWYYOMTq6iSchWA=", "subType": "00"}}, "keyId": 7161871216054108163}}, "lsid": {"id": {"$binary": {"base64": "nuXtmKpPQPG6K0CQKaFtYQ==", "subType": "04"}}}}' with request id 117 to database practica03mongoIvanLoli on connection [connectionId{localValue:34, serverValue:127384}] to server ac-o2suyf6-shard-00-02.7qtbnuz.mongodb.net:27017
23:41:53.095 [async-channel-group-0-handler-executor] DEBUG org.mongodb.driver.protocol.command - Execution of command with request id 117 completed successfully in 41.01 ms on connection [connectionId{localValue:34, serverValue:127384}] to server ac-o2suyf6-shard-00-02.7qtbnuz.mongodb.net:27017
23:41:53.096 [async-channel-group-0-handler-executor] DEBUG org.mongodb.driver.operation - Received batch of 1 documents with cursorId 0 from server ac-o2suyf6-shard-00-02.7qtbnuz.mongodb.net:27017
23:41:53.103 [AsyncGetter-5-thread-1] DEBUG org.mongodb.driver.protocol.command - Sending command '{"update": "producto", "ordered": true, "txnNumber": 28, "$db": "practica03mongoIvanLoli", "$clusterTime": {"clusterTime": {"$timestamp": {"t": 1675377713, "i": 1}}, "signature": {"hash": {"$binary": {"base64": "w6XfVVYMXOvFAWYYOMTq6iSchWA=", "subType": "00"}}, "keyId": 7161871216054108163}}, "lsid": {"id": {"$binary": {"base64": "nuXtmKpPQPG6K0CQKaFtYQ==", "subType": "04"}}}, "updates": [{"q": {"_id": {"$oid": "63dc3c301b23f96d9c83986e"}}, "u": {"_id": {"$oid": "63dc3c301b23f96d9c83986e"}, "uuid": {"$binary": {"base64": "p0imbWmNqZOqg+qWtQVPsw==", "subType": "03"}}, "tipo": "FUNDAS", "marca": "MarcaZ", "modelo": "ModeloZ", "precio": 36.4, "stock": 1}, "upsert": true}]}' with request id 118 to database practica03mongoIvanLoli on connection [connectionId{localValue:34, serverValue:127384}] to server ac-o2suyf6-shard-00-02.7qtbnuz.mongodb.net:27017
23:41:53.145 [async-channel-group-0-handler-executor] DEBUG org.mongodb.driver.protocol.command - Execution of command with request id 118 completed successfully in 42.33 ms on connection [connectionId{localValue:34, serverValue:127384}] to server ac-o2suyf6-shard-00-02.7qtbnuz.mongodb.net:27017
23:41:53.155 [DefaultDispatcher-worker-1 @coroutine#859] DEBUG koin.repositories.producto.ProductoRepository - findById(63dc3c301b23f96d9c83986e)
23:41:53.156 [AsyncGetter-5-thread-1] DEBUG org.mongodb.driver.protocol.command - Sending command '{"find": "producto", "filter": {"_id": {"$oid": "63dc3c301b23f96d9c83986e"}}, "limit": 1, "singleBatch": true, "$db": "practica03mongoIvanLoli", "$clusterTime": {"clusterTime": {"$timestamp": {"t": 1675377713, "i": 1}}, "signature": {"hash": {"$binary": {"base64": "w6XfVVYMXOvFAWYYOMTq6iSchWA=", "subType": "00"}}, "keyId": 7161871216054108163}}, "lsid": {"id": {"$binary": {"base64": "nuXtmKpPQPG6K0CQKaFtYQ==", "subType": "04"}}}}' with request id 119 to database practica03mongoIvanLoli on connection [connectionId{localValue:34, serverValue:127384}] to server ac-o2suyf6-shard-00-02.7qtbnuz.mongodb.net:27017
23:41:53.198 [async-channel-group-0-handler-executor] DEBUG org.mongodb.driver.protocol.command - Execution of command with request id 119 completed successfully in 42.27 ms on connection [connectionId{localValue:34, serverValue:127384}] to server ac-o2suyf6-shard-00-02.7qtbnuz.mongodb.net:27017
23:41:53.199 [async-channel-group-0-handler-executor] DEBUG org.mongodb.driver.operation - Received batch of 1 documents with cursorId 0 from server ac-o2suyf6-shard-00-02.7qtbnuz.mongodb.net:27017
23:41:53.202 [AsyncGetter-5-thread-1] DEBUG org.mongodb.driver.protocol.command - Sending command '{"update": "producto", "ordered": true, "txnNumber": 29, "$db": "practica03mongoIvanLoli", "$clusterTime": {"clusterTime": {"$timestamp": {"t": 1675377713, "i": 1}}, "signature": {"hash": {"$binary": {"base64": "w6XfVVYMXOvFAWYYOMTq6iSchWA=", "subType": "00"}}, "keyId": 7161871216054108163}}, "lsid": {"id": {"$binary": {"base64": "nuXtmKpPQPG6K0CQKaFtYQ==", "subType": "04"}}}, "updates": [{"q": {"_id": {"$oid": "63dc3c301b23f96d9c83986e"}}, "u": {"_id": {"$oid": "63dc3c301b23f96d9c83986e"}, "uuid": {"$binary": {"base64": "p0imbWmNqZOqg+qWtQVPsw==", "subType": "03"}}, "tipo": "FUNDAS", "marca": "MarcaZ", "modelo": "ModeloZ", "precio": 36.4, "stock": 1}, "upsert": true}]}' with request id 120 to database practica03mongoIvanLoli on connection [connectionId{localValue:34, serverValue:127384}] to server ac-o2suyf6-shard-00-02.7qtbnuz.mongodb.net:27017
23:41:53.239 [cluster-ClusterId{value='63dc3bd41b23f96d9c839559', description='null'}-ac-o2suyf6-shard-00-01.7qtbnuz.mongodb.net:27017] DEBUG org.mongodb.driver.cluster - Updating cluster description to  {type=REPLICA_SET, servers=[{address=ac-o2suyf6-shard-00-00.7qtbnuz.mongodb.net:27017, type=REPLICA_SET_SECONDARY, TagSet{[Tag{name='nodeType', value='ELECTABLE'}, Tag{name='provider', value='AWS'}, Tag{name='region', value='EU_WEST_3'}, Tag{name='workloadType', value='OPERATIONAL'}]}, roundTripTime=70.9 ms, state=CONNECTED}, {address=ac-o2suyf6-shard-00-02.7qtbnuz.mongodb.net:27017, type=REPLICA_SET_PRIMARY, TagSet{[Tag{name='nodeType', value='ELECTABLE'}, Tag{name='provider', value='AWS'}, Tag{name='region', value='EU_WEST_3'}, Tag{name='workloadType', value='OPERATIONAL'}]}, roundTripTime=67.5 ms, state=CONNECTED}, {address=ac-o2suyf6-shard-00-01.7qtbnuz.mongodb.net:27017, type=REPLICA_SET_SECONDARY, TagSet{[Tag{name='nodeType', value='ELECTABLE'}, Tag{name='provider', value='AWS'}, Tag{name='region', value='EU_WEST_3'}, Tag{name='workloadType', value='OPERATIONAL'}]}, roundTripTime=68.8 ms, state=CONNECTED}]
23:41:53.239 [cluster-ClusterId{value='63dc3bd41b23f96d9c839559', description='null'}-ac-o2suyf6-shard-00-01.7qtbnuz.mongodb.net:27017] DEBUG org.mongodb.driver.cluster - Checking status of ac-o2suyf6-shard-00-01.7qtbnuz.mongodb.net:27017
23:41:53.246 [async-channel-group-0-handler-executor] DEBUG org.mongodb.driver.protocol.command - Execution of command with request id 120 completed successfully in 44.11 ms on connection [connectionId{localValue:34, serverValue:127384}] to server ac-o2suyf6-shard-00-02.7qtbnuz.mongodb.net:27017
23:41:53.250 [DefaultDispatcher-worker-1 @coroutine#864] DEBUG koin.repositories.producto.ProductoRepository - decreaseStock(63dc3c301b23f96d9c83986e)
23:41:53.251 [AsyncGetter-5-thread-1] DEBUG org.mongodb.driver.protocol.command - Sending command '{"find": "producto", "filter": {"_id": {"$oid": "63dc3c301b23f96d9c83986e"}}, "limit": 1, "singleBatch": true, "$db": "practica03mongoIvanLoli", "$clusterTime": {"clusterTime": {"$timestamp": {"t": 1675377713, "i": 1}}, "signature": {"hash": {"$binary": {"base64": "w6XfVVYMXOvFAWYYOMTq6iSchWA=", "subType": "00"}}, "keyId": 7161871216054108163}}, "lsid": {"id": {"$binary": {"base64": "nuXtmKpPQPG6K0CQKaFtYQ==", "subType": "04"}}}}' with request id 121 to database practica03mongoIvanLoli on connection [connectionId{localValue:34, serverValue:127384}] to server ac-o2suyf6-shard-00-02.7qtbnuz.mongodb.net:27017
23:41:53.259 [cluster-ClusterId{value='63dc3bd41b23f96d9c839559', description='null'}-ac-o2suyf6-shard-00-00.7qtbnuz.mongodb.net:27017] DEBUG org.mongodb.driver.cluster - Updating cluster description to  {type=REPLICA_SET, servers=[{address=ac-o2suyf6-shard-00-00.7qtbnuz.mongodb.net:27017, type=REPLICA_SET_SECONDARY, TagSet{[Tag{name='nodeType', value='ELECTABLE'}, Tag{name='provider', value='AWS'}, Tag{name='region', value='EU_WEST_3'}, Tag{name='workloadType', value='OPERATIONAL'}]}, roundTripTime=68.3 ms, state=CONNECTED}, {address=ac-o2suyf6-shard-00-02.7qtbnuz.mongodb.net:27017, type=REPLICA_SET_PRIMARY, TagSet{[Tag{name='nodeType', value='ELECTABLE'}, Tag{name='provider', value='AWS'}, Tag{name='region', value='EU_WEST_3'}, Tag{name='workloadType', value='OPERATIONAL'}]}, roundTripTime=67.5 ms, state=CONNECTED}, {address=ac-o2suyf6-shard-00-01.7qtbnuz.mongodb.net:27017, type=REPLICA_SET_SECONDARY, TagSet{[Tag{name='nodeType', value='ELECTABLE'}, Tag{name='provider', value='AWS'}, Tag{name='region', value='EU_WEST_3'}, Tag{name='workloadType', value='OPERATIONAL'}]}, roundTripTime=68.8 ms, state=CONNECTED}]
23:41:53.259 [cluster-ClusterId{value='63dc3bd41b23f96d9c839559', description='null'}-ac-o2suyf6-shard-00-00.7qtbnuz.mongodb.net:27017] DEBUG org.mongodb.driver.cluster - Checking status of ac-o2suyf6-shard-00-00.7qtbnuz.mongodb.net:27017
23:41:53.292 [async-channel-group-0-handler-executor] DEBUG org.mongodb.driver.protocol.command - Execution of command with request id 121 completed successfully in 40.70 ms on connection [connectionId{localValue:34, serverValue:127384}] to server ac-o2suyf6-shard-00-02.7qtbnuz.mongodb.net:27017
23:41:53.292 [async-channel-group-0-handler-executor] DEBUG org.mongodb.driver.operation - Received batch of 1 documents with cursorId 0 from server ac-o2suyf6-shard-00-02.7qtbnuz.mongodb.net:27017
23:41:53.295 [AsyncGetter-5-thread-1] DEBUG org.mongodb.driver.protocol.command - Sending command '{"update": "producto", "ordered": true, "txnNumber": 30, "$db": "practica03mongoIvanLoli", "$clusterTime": {"clusterTime": {"$timestamp": {"t": 1675377713, "i": 1}}, "signature": {"hash": {"$binary": {"base64": "w6XfVVYMXOvFAWYYOMTq6iSchWA=", "subType": "00"}}, "keyId": 7161871216054108163}}, "lsid": {"id": {"$binary": {"base64": "nuXtmKpPQPG6K0CQKaFtYQ==", "subType": "04"}}}, "updates": [{"q": {"_id": {"$oid": "63dc3c301b23f96d9c83986e"}}, "u": {"_id": {"$oid": "63dc3c301b23f96d9c83986e"}, "uuid": {"$binary": {"base64": "p0imbWmNqZOqg+qWtQVPsw==", "subType": "03"}}, "tipo": "FUNDAS", "marca": "MarcaZ", "modelo": "ModeloZ", "precio": 36.4, "stock": 0}, "upsert": true}]}' with request id 122 to database practica03mongoIvanLoli on connection [connectionId{localValue:34, serverValue:127384}] to server ac-o2suyf6-shard-00-02.7qtbnuz.mongodb.net:27017
23:41:53.345 [async-channel-group-0-handler-executor] DEBUG org.mongodb.driver.protocol.command - Execution of command with request id 122 completed successfully in 50.81 ms on connection [connectionId{localValue:34, serverValue:127384}] to server ac-o2suyf6-shard-00-02.7qtbnuz.mongodb.net:27017
23:41:53.355 [AsyncGetter-5-thread-1] DEBUG org.mongodb.driver.protocol.command - Sending command '{"update": "producto", "ordered": true, "txnNumber": 31, "$db": "practica03mongoIvanLoli", "$clusterTime": {"clusterTime": {"$timestamp": {"t": 1675377713, "i": 2}}, "signature": {"hash": {"$binary": {"base64": "w6XfVVYMXOvFAWYYOMTq6iSchWA=", "subType": "00"}}, "keyId": 7161871216054108163}}, "lsid": {"id": {"$binary": {"base64": "nuXtmKpPQPG6K0CQKaFtYQ==", "subType": "04"}}}, "updates": [{"q": {"_id": {"$oid": "63dc3c301b23f96d9c83986e"}}, "u": {"_id": {"$oid": "63dc3c301b23f96d9c83986e"}, "uuid": {"$binary": {"base64": "p0imbWmNqZOqg+qWtQVPsw==", "subType": "03"}}, "tipo": "FUNDAS", "marca": "MarcaZ", "modelo": "ModeloZ", "precio": 36.4, "stock": 1}, "upsert": true}]}' with request id 123 to database practica03mongoIvanLoli on connection [connectionId{localValue:34, serverValue:127384}] to server ac-o2suyf6-shard-00-02.7qtbnuz.mongodb.net:27017
23:41:53.367 [cluster-rtt-ClusterId{value='63dc3bd41b23f96d9c839559', description='null'}-ac-o2suyf6-shard-00-02.7qtbnuz.mongodb.net:27017] DEBUG org.mongodb.driver.protocol.command - Sending command '{"hello": 1, "$db": "admin", "$clusterTime": {"clusterTime": {"$timestamp": {"t": 1675377713, "i": 2}}, "signature": {"hash": {"$binary": {"base64": "w6XfVVYMXOvFAWYYOMTq6iSchWA=", "subType": "00"}}, "keyId": 7161871216054108163}}}' with request id 125 to database admin on connection [connectionId{localValue:35, serverValue:127417}] to server ac-o2suyf6-shard-00-02.7qtbnuz.mongodb.net:27017
23:41:53.367 [cluster-rtt-ClusterId{value='63dc3bd41b23f96d9c839559', description='null'}-ac-o2suyf6-shard-00-00.7qtbnuz.mongodb.net:27017] DEBUG org.mongodb.driver.protocol.command - Sending command '{"hello": 1, "$db": "admin", "$clusterTime": {"clusterTime": {"$timestamp": {"t": 1675377713, "i": 2}}, "signature": {"hash": {"$binary": {"base64": "w6XfVVYMXOvFAWYYOMTq6iSchWA=", "subType": "00"}}, "keyId": 7161871216054108163}}}' with request id 124 to database admin on connection [connectionId{localValue:28, serverValue:128486}] to server ac-o2suyf6-shard-00-00.7qtbnuz.mongodb.net:27017
23:41:53.393 [cluster-rtt-ClusterId{value='63dc3bd41b23f96d9c839559', description='null'}-ac-o2suyf6-shard-00-01.7qtbnuz.mongodb.net:27017] DEBUG org.mongodb.driver.protocol.command - Sending command '{"hello": 1, "$db": "admin", "$clusterTime": {"clusterTime": {"$timestamp": {"t": 1675377713, "i": 2}}, "signature": {"hash": {"$binary": {"base64": "w6XfVVYMXOvFAWYYOMTq6iSchWA=", "subType": "00"}}, "keyId": 7161871216054108163}}}' with request id 126 to database admin on connection [connectionId{localValue:32, serverValue:124410}] to server ac-o2suyf6-shard-00-01.7qtbnuz.mongodb.net:27017
23:41:53.401 [async-channel-group-0-handler-executor] DEBUG org.mongodb.driver.protocol.command - Execution of command with request id 123 completed successfully in 46.55 ms on connection [connectionId{localValue:34, serverValue:127384}] to server ac-o2suyf6-shard-00-02.7qtbnuz.mongodb.net:27017
23:41:53.401 [cluster-rtt-ClusterId{value='63dc3bd41b23f96d9c839559', description='null'}-ac-o2suyf6-shard-00-02.7qtbnuz.mongodb.net:27017] DEBUG org.mongodb.driver.protocol.command - Execution of command with request id 125 completed successfully in 35.00 ms on connection [connectionId{localValue:35, serverValue:127417}] to server ac-o2suyf6-shard-00-02.7qtbnuz.mongodb.net:27017
23:41:53.401 [cluster-rtt-ClusterId{value='63dc3bd41b23f96d9c839559', description='null'}-ac-o2suyf6-shard-00-00.7qtbnuz.mongodb.net:27017] DEBUG org.mongodb.driver.protocol.command - Execution of command with request id 124 completed successfully in 35.03 ms on connection [connectionId{localValue:28, serverValue:128486}] to server ac-o2suyf6-shard-00-00.7qtbnuz.mongodb.net:27017
23:41:53.405 [DefaultDispatcher-worker-1 @coroutine#869] DEBUG koin.repositories.producto.ProductoRepository - findByUUID(93a98d69-6da6-48a7-b34f-05b596ea83aa)
23:41:53.406 [AsyncGetter-5-thread-1] DEBUG org.mongodb.driver.protocol.command - Sending command '{"find": "producto", "filter": {}, "batchSize": 64, "$db": "practica03mongoIvanLoli", "$clusterTime": {"clusterTime": {"$timestamp": {"t": 1675377713, "i": 4}}, "signature": {"hash": {"$binary": {"base64": "w6XfVVYMXOvFAWYYOMTq6iSchWA=", "subType": "00"}}, "keyId": 7161871216054108163}}, "lsid": {"id": {"$binary": {"base64": "nuXtmKpPQPG6K0CQKaFtYQ==", "subType": "04"}}}}' with request id 127 to database practica03mongoIvanLoli on connection [connectionId{localValue:34, serverValue:127384}] to server ac-o2suyf6-shard-00-02.7qtbnuz.mongodb.net:27017
23:41:53.433 [cluster-rtt-ClusterId{value='63dc3bd41b23f96d9c839559', description='null'}-ac-o2suyf6-shard-00-01.7qtbnuz.mongodb.net:27017] DEBUG org.mongodb.driver.protocol.command - Execution of command with request id 126 completed successfully in 40.32 ms on connection [connectionId{localValue:32, serverValue:124410}] to server ac-o2suyf6-shard-00-01.7qtbnuz.mongodb.net:27017
23:41:53.447 [async-channel-group-0-handler-executor] DEBUG org.mongodb.driver.protocol.command - Execution of command with request id 127 completed successfully in 41.30 ms on connection [connectionId{localValue:34, serverValue:127384}] to server ac-o2suyf6-shard-00-02.7qtbnuz.mongodb.net:27017
23:41:53.448 [async-channel-group-0-handler-executor] DEBUG org.mongodb.driver.operation - Received batch of 1 documents with cursorId 0 from server ac-o2suyf6-shard-00-02.7qtbnuz.mongodb.net:27017
23:41:53.454 [AsyncGetter-5-thread-1] DEBUG org.mongodb.driver.protocol.command - Sending command '{"update": "producto", "ordered": true, "txnNumber": 32, "$db": "practica03mongoIvanLoli", "$clusterTime": {"clusterTime": {"$timestamp": {"t": 1675377713, "i": 4}}, "signature": {"hash": {"$binary": {"base64": "w6XfVVYMXOvFAWYYOMTq6iSchWA=", "subType": "00"}}, "keyId": 7161871216054108163}}, "lsid": {"id": {"$binary": {"base64": "nuXtmKpPQPG6K0CQKaFtYQ==", "subType": "04"}}}, "updates": [{"q": {"_id": {"$oid": "63dc3c301b23f96d9c83986e"}}, "u": {"_id": {"$oid": "63dc3c301b23f96d9c83986e"}, "uuid": {"$binary": {"base64": "p0imbWmNqZOqg+qWtQVPsw==", "subType": "03"}}, "tipo": "FUNDAS", "marca": "MarcaZ", "modelo": "ModeloZ", "precio": 36.4, "stock": 1}, "upsert": true}]}' with request id 128 to database practica03mongoIvanLoli on connection [connectionId{localValue:34, serverValue:127384}] to server ac-o2suyf6-shard-00-02.7qtbnuz.mongodb.net:27017
23:41:53.496 [async-channel-group-0-handler-executor] DEBUG org.mongodb.driver.protocol.command - Execution of command with request id 128 completed successfully in 42.42 ms on connection [connectionId{localValue:34, serverValue:127384}] to server ac-o2suyf6-shard-00-02.7qtbnuz.mongodb.net:27017
23:41:53.501 [DefaultDispatcher-worker-1 @coroutine#874] DEBUG koin.repositories.producto.ProductoRepository - save(Producto(id=63dc3c301b23f96d9c83986e, uuid=93a98d69-6da6-48a7-b34f-05b596ea83aa, tipo=FUNDAS, marca=MarcaZ, modelo=ModeloZ, precio=36.4, stock=1))
23:41:53.503 [AsyncGetter-5-thread-1] DEBUG org.mongodb.driver.protocol.command - Sending command '{"update": "producto", "ordered": true, "txnNumber": 33, "$db": "practica03mongoIvanLoli", "$clusterTime": {"clusterTime": {"$timestamp": {"t": 1675377713, "i": 4}}, "signature": {"hash": {"$binary": {"base64": "w6XfVVYMXOvFAWYYOMTq6iSchWA=", "subType": "00"}}, "keyId": 7161871216054108163}}, "lsid": {"id": {"$binary": {"base64": "nuXtmKpPQPG6K0CQKaFtYQ==", "subType": "04"}}}, "updates": [{"q": {"_id": {"$oid": "63dc3c301b23f96d9c83986e"}}, "u": {"_id": {"$oid": "63dc3c301b23f96d9c83986e"}, "uuid": {"$binary": {"base64": "p0imbWmNqZOqg+qWtQVPsw==", "subType": "03"}}, "tipo": "FUNDAS", "marca": "MarcaZ", "modelo": "ModeloZ", "precio": 36.4, "stock": 1}, "upsert": true}]}' with request id 129 to database practica03mongoIvanLoli on connection [connectionId{localValue:34, serverValue:127384}] to server ac-o2suyf6-shard-00-02.7qtbnuz.mongodb.net:27017
23:41:53.560 [async-channel-group-0-handler-executor] DEBUG org.mongodb.driver.protocol.command - Execution of command with request id 129 completed successfully in 56.79 ms on connection [connectionId{localValue:34, serverValue:127384}] to server ac-o2suyf6-shard-00-02.7qtbnuz.mongodb.net:27017
23:41:53.565 [AsyncGetter-5-thread-1] DEBUG org.mongodb.driver.protocol.command - Sending command '{"update": "producto", "ordered": true, "txnNumber": 34, "$db": "practica03mongoIvanLoli", "$clusterTime": {"clusterTime": {"$timestamp": {"t": 1675377713, "i": 5}}, "signature": {"hash": {"$binary": {"base64": "w6XfVVYMXOvFAWYYOMTq6iSchWA=", "subType": "00"}}, "keyId": 7161871216054108163}}, "lsid": {"id": {"$binary": {"base64": "nuXtmKpPQPG6K0CQKaFtYQ==", "subType": "04"}}}, "updates": [{"q": {"_id": {"$oid": "63dc3c301b23f96d9c83986e"}}, "u": {"_id": {"$oid": "63dc3c301b23f96d9c83986e"}, "uuid": {"$binary": {"base64": "p0imbWmNqZOqg+qWtQVPsw==", "subType": "03"}}, "tipo": "FUNDAS", "marca": "MarcaZ", "modelo": "ModeloZ", "precio": 36.4, "stock": 1}, "upsert": true}]}' with request id 130 to database practica03mongoIvanLoli on connection [connectionId{localValue:34, serverValue:127384}] to server ac-o2suyf6-shard-00-02.7qtbnuz.mongodb.net:27017
23:41:53.606 [async-channel-group-0-handler-executor] DEBUG org.mongodb.driver.protocol.command - Execution of command with request id 130 completed successfully in 40.64 ms on connection [connectionId{localValue:34, serverValue:127384}] to server ac-o2suyf6-shard-00-02.7qtbnuz.mongodb.net:27017
23:41:53.610 [DefaultDispatcher-worker-1 @coroutine#879] DEBUG koin.repositories.producto.ProductoRepository - findById(63dc3c311b23f96d9c83986f)
23:41:53.611 [AsyncGetter-5-thread-1] DEBUG org.mongodb.driver.protocol.command - Sending command '{"find": "producto", "filter": {"_id": {"$oid": "63dc3c311b23f96d9c83986f"}}, "limit": 1, "singleBatch": true, "$db": "practica03mongoIvanLoli", "$clusterTime": {"clusterTime": {"$timestamp": {"t": 1675377713, "i": 5}}, "signature": {"hash": {"$binary": {"base64": "w6XfVVYMXOvFAWYYOMTq6iSchWA=", "subType": "00"}}, "keyId": 7161871216054108163}}, "lsid": {"id": {"$binary": {"base64": "nuXtmKpPQPG6K0CQKaFtYQ==", "subType": "04"}}}}' with request id 131 to database practica03mongoIvanLoli on connection [connectionId{localValue:34, serverValue:127384}] to server ac-o2suyf6-shard-00-02.7qtbnuz.mongodb.net:27017
23:41:53.653 [async-channel-group-0-handler-executor] DEBUG org.mongodb.driver.protocol.command - Execution of command with request id 131 completed successfully in 42.27 ms on connection [connectionId{localValue:34, serverValue:127384}] to server ac-o2suyf6-shard-00-02.7qtbnuz.mongodb.net:27017
23:41:53.654 [async-channel-group-0-handler-executor] DEBUG org.mongodb.driver.operation - Received batch of 0 documents with cursorId 0 from server ac-o2suyf6-shard-00-02.7qtbnuz.mongodb.net:27017
23:41:53.658 [AsyncGetter-5-thread-1] DEBUG org.mongodb.driver.protocol.command - Sending command '{"update": "producto", "ordered": true, "txnNumber": 35, "$db": "practica03mongoIvanLoli", "$clusterTime": {"clusterTime": {"$timestamp": {"t": 1675377713, "i": 5}}, "signature": {"hash": {"$binary": {"base64": "w6XfVVYMXOvFAWYYOMTq6iSchWA=", "subType": "00"}}, "keyId": 7161871216054108163}}, "lsid": {"id": {"$binary": {"base64": "nuXtmKpPQPG6K0CQKaFtYQ==", "subType": "04"}}}, "updates": [{"q": {"_id": {"$oid": "63dc3c301b23f96d9c83986e"}}, "u": {"_id": {"$oid": "63dc3c301b23f96d9c83986e"}, "uuid": {"$binary": {"base64": "p0imbWmNqZOqg+qWtQVPsw==", "subType": "03"}}, "tipo": "FUNDAS", "marca": "MarcaZ", "modelo": "ModeloZ", "precio": 36.4, "stock": 1}, "upsert": true}]}' with request id 132 to database practica03mongoIvanLoli on connection [connectionId{localValue:34, serverValue:127384}] to server ac-o2suyf6-shard-00-02.7qtbnuz.mongodb.net:27017
23:41:53.687 [cluster-ClusterId{value='63dc3bd41b23f96d9c839559', description='null'}-ac-o2suyf6-shard-00-02.7qtbnuz.mongodb.net:27017] DEBUG org.mongodb.driver.cluster - Updating cluster description to  {type=REPLICA_SET, servers=[{address=ac-o2suyf6-shard-00-00.7qtbnuz.mongodb.net:27017, type=REPLICA_SET_SECONDARY, TagSet{[Tag{name='nodeType', value='ELECTABLE'}, Tag{name='provider', value='AWS'}, Tag{name='region', value='EU_WEST_3'}, Tag{name='workloadType', value='OPERATIONAL'}]}, roundTripTime=68.3 ms, state=CONNECTED}, {address=ac-o2suyf6-shard-00-02.7qtbnuz.mongodb.net:27017, type=REPLICA_SET_PRIMARY, TagSet{[Tag{name='nodeType', value='ELECTABLE'}, Tag{name='provider', value='AWS'}, Tag{name='region', value='EU_WEST_3'}, Tag{name='workloadType', value='OPERATIONAL'}]}, roundTripTime=61.0 ms, state=CONNECTED}, {address=ac-o2suyf6-shard-00-01.7qtbnuz.mongodb.net:27017, type=REPLICA_SET_SECONDARY, TagSet{[Tag{name='nodeType', value='ELECTABLE'}, Tag{name='provider', value='AWS'}, Tag{name='region', value='EU_WEST_3'}, Tag{name='workloadType', value='OPERATIONAL'}]}, roundTripTime=68.8 ms, state=CONNECTED}]
23:41:53.687 [cluster-ClusterId{value='63dc3bd41b23f96d9c839559', description='null'}-ac-o2suyf6-shard-00-02.7qtbnuz.mongodb.net:27017] DEBUG org.mongodb.driver.cluster - Checking status of ac-o2suyf6-shard-00-02.7qtbnuz.mongodb.net:27017
23:41:53.700 [async-channel-group-0-handler-executor] DEBUG org.mongodb.driver.protocol.command - Execution of command with request id 132 completed successfully in 42.54 ms on connection [connectionId{localValue:34, serverValue:127384}] to server ac-o2suyf6-shard-00-02.7qtbnuz.mongodb.net:27017
23:41:53.704 [DefaultDispatcher-worker-1 @coroutine#884] DEBUG koin.repositories.producto.ProductoRepository - delete(63dc3c311b23f96d9c839870)
23:41:53.705 [AsyncGetter-5-thread-1] DEBUG org.mongodb.driver.protocol.command - Sending command '{"find": "producto", "filter": {"_id": {"$oid": "63dc3c311b23f96d9c839870"}}, "limit": 1, "singleBatch": true, "$db": "practica03mongoIvanLoli", "$clusterTime": {"clusterTime": {"$timestamp": {"t": 1675377713, "i": 6}}, "signature": {"hash": {"$binary": {"base64": "w6XfVVYMXOvFAWYYOMTq6iSchWA=", "subType": "00"}}, "keyId": 7161871216054108163}}, "lsid": {"id": {"$binary": {"base64": "nuXtmKpPQPG6K0CQKaFtYQ==", "subType": "04"}}}}' with request id 133 to database practica03mongoIvanLoli on connection [connectionId{localValue:34, serverValue:127384}] to server ac-o2suyf6-shard-00-02.7qtbnuz.mongodb.net:27017
23:41:53.746 [async-channel-group-0-handler-executor] DEBUG org.mongodb.driver.protocol.command - Execution of command with request id 133 completed successfully in 40.55 ms on connection [connectionId{localValue:34, serverValue:127384}] to server ac-o2suyf6-shard-00-02.7qtbnuz.mongodb.net:27017
23:41:53.746 [async-channel-group-0-handler-executor] DEBUG org.mongodb.driver.operation - Received batch of 0 documents with cursorId 0 from server ac-o2suyf6-shard-00-02.7qtbnuz.mongodb.net:27017
23:41:53.748 [AsyncGetter-5-thread-1] DEBUG org.mongodb.driver.protocol.command - Sending command '{"delete": "producto", "ordered": true, "txnNumber": 36, "$db": "practica03mongoIvanLoli", "$clusterTime": {"clusterTime": {"$timestamp": {"t": 1675377713, "i": 6}}, "signature": {"hash": {"$binary": {"base64": "w6XfVVYMXOvFAWYYOMTq6iSchWA=", "subType": "00"}}, "keyId": 7161871216054108163}}, "lsid": {"id": {"$binary": {"base64": "nuXtmKpPQPG6K0CQKaFtYQ==", "subType": "04"}}}, "deletes": [{"q": {"_id": {"$oid": "63dc3c311b23f96d9c839870"}}, "limit": 1}]}' with request id 134 to database practica03mongoIvanLoli on connection [connectionId{localValue:34, serverValue:127384}] to server ac-o2suyf6-shard-00-02.7qtbnuz.mongodb.net:27017
23:41:53.790 [async-channel-group-0-handler-executor] DEBUG org.mongodb.driver.protocol.command - Execution of command with request id 134 completed successfully in 41.95 ms on connection [connectionId{localValue:34, serverValue:127384}] to server ac-o2suyf6-shard-00-02.7qtbnuz.mongodb.net:27017
23:41:53.795 [AsyncGetter-5-thread-1] DEBUG org.mongodb.driver.protocol.command - Sending command '{"drop": "producto", "$db": "practica03mongoIvanLoli", "$clusterTime": {"clusterTime": {"$timestamp": {"t": 1675377713, "i": 6}}, "signature": {"hash": {"$binary": {"base64": "w6XfVVYMXOvFAWYYOMTq6iSchWA=", "subType": "00"}}, "keyId": 7161871216054108163}}, "lsid": {"id": {"$binary": {"base64": "nuXtmKpPQPG6K0CQKaFtYQ==", "subType": "04"}}}}' with request id 135 to database practica03mongoIvanLoli on connection [connectionId{localValue:34, serverValue:127384}] to server ac-o2suyf6-shard-00-02.7qtbnuz.mongodb.net:27017
23:41:53.847 [async-channel-group-0-handler-executor] DEBUG org.mongodb.driver.protocol.command - Execution of command with request id 135 completed successfully in 52.63 ms on connection [connectionId{localValue:34, serverValue:127384}] to server ac-o2suyf6-shard-00-02.7qtbnuz.mongodb.net:27017
]]></system-out>
  <system-err><![CDATA[]]></system-err>
</testsuite>
