<?xml version="1.0" encoding="UTF-8"?>
<testsuite name="koin.repositories.pedido.PedidoRepositoryCachedTest" tests="7" skipped="0" failures="0" errors="0" timestamp="2023-02-02T22:41:51" hostname="LOLI-LAPTOP" time="0.081">
  <properties/>
  <testcase name="delete()" classname="koin.repositories.pedido.PedidoRepositoryCachedTest" time="0.017"/>
  <testcase name="findAll()" classname="koin.repositories.pedido.PedidoRepositoryCachedTest" time="0.01"/>
  <testcase name="findById()" classname="koin.repositories.pedido.PedidoRepositoryCachedTest" time="0.01"/>
  <testcase name="findByUUID()" classname="koin.repositories.pedido.PedidoRepositoryCachedTest" time="0.012"/>
  <testcase name="save()" classname="koin.repositories.pedido.PedidoRepositoryCachedTest" time="0.013"/>
  <testcase name="findByUUIDNotExists()" classname="koin.repositories.pedido.PedidoRepositoryCachedTest" time="0.009"/>
  <testcase name="findByIdNotExists()" classname="koin.repositories.pedido.PedidoRepositoryCachedTest" time="0.008"/>
  <system-out><![CDATA[23:41:51.330 [Test worker] DEBUG koin.services.cache.pedido.PedidoCache - Initializing PedidoCache...
23:41:51.336 [Test worker] DEBUG io.mockk.impl.instantiation.AbstractMockFactory - Creating spyk for PedidoCache name=cache#686
23:41:51.370 [Test worker] DEBUG io.mockk.impl.instantiation.AbstractMockFactory - Creating mockk for PedidoRepository name=repo#687
23:41:51.411 [DefaultDispatcher-worker-1 @coroutine#706] DEBUG io.mockk.impl.recording.states.AnsweringState - Answering 60000 on PedidoCache(cache#686).getRefreshTime()
23:41:51.416 [Test worker @coroutine#707] DEBUG io.mockk.impl.instantiation.AbstractMockFactory - Creating mockk for Pedido name=child of repo#687#688
23:41:51.418 [Test worker @coroutine#707] DEBUG io.mockk.impl.instantiation.AbstractMockFactory - Creating mockk for Pedido name=child of repo#687#689
23:41:51.421 [DefaultDispatcher-worker-1] DEBUG io.mockk.impl.recording.states.AnsweringState - Answering Pedido(id=63dc3c2f1b23f96d9c839867, uuid=93a98d69-0010-48a7-b34f-05b596ea8acc, userId=93a98d69-0006-48a7-b34f-05b596ea839a, state=PROCESO, fechaEntrada=2013-10-10, fechaSalida=2023-12-12, topeEntrega=2023-12-14, precio=0.0) on PedidoRepository(repo#687).delete(63dc3c2f1b23f96d9c839867, continuation {})
23:41:51.422 [DefaultDispatcher-worker-1] DEBUG io.mockk.impl.recording.states.AnsweringState - Answering io.github.reactivecircus.cache4k.RealCache@71545f8 on PedidoCache(cache#686).getCache()
23:41:51.430 [Test worker @coroutine#715] DEBUG io.mockk.impl.instantiation.AbstractMockFactory - Creating mockk for Flow name=child of repo#687#690
23:41:51.432 [DefaultDispatcher-worker-1] DEBUG io.mockk.impl.recording.states.AnsweringState - Answering kotlinx.coroutines.flow.FlowKt__BuildersKt$flowOf$$inlined$unsafeFlow$2@3c3549ba on PedidoRepository(repo#687).findAll(continuation {})
23:41:51.440 [Test worker @coroutine#721] DEBUG io.mockk.impl.instantiation.AbstractMockFactory - Creating mockk for Pedido name=child of repo#687#691
23:41:51.442 [DefaultDispatcher-worker-1] DEBUG io.mockk.impl.recording.states.AnsweringState - Answering Pedido(id=63dc3c2f1b23f96d9c839867, uuid=93a98d69-0010-48a7-b34f-05b596ea8acc, userId=93a98d69-0006-48a7-b34f-05b596ea839a, state=PROCESO, fechaEntrada=2013-10-10, fechaSalida=2023-12-12, topeEntrega=2023-12-14, precio=0.0) on PedidoRepository(repo#687).findById(63dc3c2f1b23f96d9c839867, continuation {})
23:41:51.451 [Test worker @coroutine#727] DEBUG io.mockk.impl.instantiation.AbstractMockFactory - Creating mockk for Pedido name=child of repo#687#692
23:41:51.453 [DefaultDispatcher-worker-1] DEBUG io.mockk.impl.recording.states.AnsweringState - Answering io.github.reactivecircus.cache4k.RealCache@71545f8 on PedidoCache(cache#686).getCache()
23:41:51.454 [DefaultDispatcher-worker-1] DEBUG io.mockk.impl.recording.states.AnsweringState - Answering Pedido(id=63dc3c2f1b23f96d9c839867, uuid=93a98d69-0010-48a7-b34f-05b596ea8acc, userId=93a98d69-0006-48a7-b34f-05b596ea839a, state=PROCESO, fechaEntrada=2013-10-10, fechaSalida=2023-12-12, topeEntrega=2023-12-14, precio=0.0) on PedidoRepository(repo#687).findByUUID(93a98d69-0010-48a7-b34f-05b596ea8acc, continuation {})
23:41:51.458 [Test worker @background work runner#730] DEBUG io.mockk.impl.instantiation.AbstractMockFactory - Creating mockk for Pedido name=child of repo#687#693
23:41:51.467 [Test worker @coroutine#733] DEBUG io.mockk.impl.instantiation.AbstractMockFactory - Creating mockk for Pedido name=child of repo#687#694
23:41:51.469 [DefaultDispatcher-worker-1] DEBUG io.mockk.impl.recording.states.AnsweringState - Answering Pedido(id=63dc3c2f1b23f96d9c839867, uuid=93a98d69-0010-48a7-b34f-05b596ea8acc, userId=93a98d69-0006-48a7-b34f-05b596ea839a, state=PROCESO, fechaEntrada=2013-10-10, fechaSalida=2023-12-12, topeEntrega=2023-12-14, precio=0.0) on PedidoRepository(repo#687).save(Pedido(id=63dc3c2f1b23f96d9c839867, uuid=93a98d69-0010-48a7-b34f-05b596ea8acc, userId=93a98d69-0006-48a7-b34f-05b596ea839a, state=PROCESO, fechaEntrada=2013-10-10, fechaSalida=2023-12-12, topeEntrega=2023-12-14, precio=0.0), continuation {})
23:41:51.478 [DefaultDispatcher-worker-1] DEBUG io.mockk.impl.recording.states.AnsweringState - Answering io.github.reactivecircus.cache4k.RealCache@71545f8 on PedidoCache(cache#686).getCache()
23:41:51.478 [DefaultDispatcher-worker-1] DEBUG io.mockk.impl.recording.states.AnsweringState - Answering null on PedidoRepository(repo#687).findByUUID(b799ac04-46b0-47ec-8aec-9817ae6d47ee, continuation {})
23:41:51.486 [DefaultDispatcher-worker-1] DEBUG io.mockk.impl.recording.states.AnsweringState - Answering null on PedidoRepository(repo#687).findById(63dc3c2f1b23f96d9c839868, continuation {})
]]></system-out>
  <system-err><![CDATA[]]></system-err>
</testsuite>
