<?xml version="1.0" encoding="UTF-8"?>
<testsuite name="koin.repositories.user.UserRepositoryTest" tests="8" skipped="0" failures="0" errors="0" timestamp="2023-02-02T22:42:09" hostname="LOLI-LAPTOP" time="0.945">
  <properties/>
  <testcase name="delete()" classname="koin.repositories.user.UserRepositoryTest" time="0.186"/>
  <testcase name="findAll()" classname="koin.repositories.user.UserRepositoryTest" time="0.104"/>
  <testcase name="findById()" classname="koin.repositories.user.UserRepositoryTest" time="0.093"/>
  <testcase name="findByUuid()" classname="koin.repositories.user.UserRepositoryTest" time="0.096"/>
  <testcase name="save()" classname="koin.repositories.user.UserRepositoryTest" time="0.098"/>
  <testcase name="findByIdNotExists()" classname="koin.repositories.user.UserRepositoryTest" time="0.09"/>
  <testcase name="deleteNotExists()" classname="koin.repositories.user.UserRepositoryTest" time="0.132"/>
  <testcase name="setInactive()" classname="koin.repositories.user.UserRepositoryTest" time="0.142"/>
  <system-out><![CDATA[23:42:09.217 [AsyncGetter-5-thread-1] DEBUG org.mongodb.driver.protocol.command - Sending command '{"drop": "user", "$db": "practica03mongoIvanLoli", "$clusterTime": {"clusterTime": {"$timestamp": {"t": 1675377723, "i": 2}}, "signature": {"hash": {"$binary": {"base64": "aAdXlP7OchmNqowMzaPY4ScRZ3E=", "subType": "00"}}, "keyId": 7161871216054108163}}, "lsid": {"id": {"$binary": {"base64": "nuXtmKpPQPG6K0CQKaFtYQ==", "subType": "04"}}}}' with request id 181 to database practica03mongoIvanLoli on connection [connectionId{localValue:34, serverValue:127384}] to server ac-o2suyf6-shard-00-02.7qtbnuz.mongodb.net:27017
23:42:09.294 [async-channel-group-0-handler-executor] DEBUG org.mongodb.driver.protocol.command - Execution of command with request id 181 completed successfully in 76.42 ms on connection [connectionId{localValue:34, serverValue:127384}] to server ac-o2suyf6-shard-00-02.7qtbnuz.mongodb.net:27017
23:42:09.300 [AsyncGetter-5-thread-1] DEBUG org.mongodb.driver.protocol.command - Sending command '{"update": "user", "ordered": true, "txnNumber": 61, "$db": "practica03mongoIvanLoli", "$clusterTime": {"clusterTime": {"$timestamp": {"t": 1675377729, "i": 3}}, "signature": {"hash": {"$binary": {"base64": "T6LV8bS2L/l6XyDzGNMLDwflBvY=", "subType": "00"}}, "keyId": 7161871216054108163}}, "lsid": {"id": {"$binary": {"base64": "nuXtmKpPQPG6K0CQKaFtYQ==", "subType": "04"}}}, "updates": [{"q": {"_id": {"$oid": "63dc3c411b23f96d9c839964"}}, "u": {"_id": {"$oid": "63dc3c411b23f96d9c839964"}, "uuid": {"$binary": {"base64": "EREAAGmNqZO6g+qWtQUAAA==", "subType": "03"}}, "nombre": "loli", "apellido": "test", "telefono": "123456789", "email": "loli@test.com", "password": "lolitest", "perfil": "ADMIN", "activo": true}, "upsert": true}]}' with request id 182 to database practica03mongoIvanLoli on connection [connectionId{localValue:34, serverValue:127384}] to server ac-o2suyf6-shard-00-02.7qtbnuz.mongodb.net:27017
23:42:09.382 [async-channel-group-0-handler-executor] DEBUG org.mongodb.driver.protocol.command - Execution of command with request id 182 completed successfully in 81.54 ms on connection [connectionId{localValue:34, serverValue:127384}] to server ac-o2suyf6-shard-00-02.7qtbnuz.mongodb.net:27017
23:42:09.388 [DefaultDispatcher-worker-1 @coroutine#1226] DEBUG koin.repositories.user.UserRepository - delete(63dc3c411b23f96d9c839964)
23:42:09.389 [AsyncGetter-5-thread-1] DEBUG org.mongodb.driver.protocol.command - Sending command '{"find": "user", "filter": {"_id": {"$oid": "63dc3c411b23f96d9c839964"}}, "limit": 1, "singleBatch": true, "$db": "practica03mongoIvanLoli", "$clusterTime": {"clusterTime": {"$timestamp": {"t": 1675377729, "i": 5}}, "signature": {"hash": {"$binary": {"base64": "T6LV8bS2L/l6XyDzGNMLDwflBvY=", "subType": "00"}}, "keyId": 7161871216054108163}}, "lsid": {"id": {"$binary": {"base64": "nuXtmKpPQPG6K0CQKaFtYQ==", "subType": "04"}}}}' with request id 183 to database practica03mongoIvanLoli on connection [connectionId{localValue:34, serverValue:127384}] to server ac-o2suyf6-shard-00-02.7qtbnuz.mongodb.net:27017
23:42:09.430 [async-channel-group-0-handler-executor] DEBUG org.mongodb.driver.protocol.command - Execution of command with request id 183 completed successfully in 41.66 ms on connection [connectionId{localValue:34, serverValue:127384}] to server ac-o2suyf6-shard-00-02.7qtbnuz.mongodb.net:27017
23:42:09.431 [async-channel-group-0-handler-executor] DEBUG org.mongodb.driver.operation - Received batch of 1 documents with cursorId 0 from server ac-o2suyf6-shard-00-02.7qtbnuz.mongodb.net:27017
23:42:09.432 [AsyncGetter-5-thread-1] DEBUG org.mongodb.driver.protocol.command - Sending command '{"delete": "user", "ordered": true, "txnNumber": 62, "$db": "practica03mongoIvanLoli", "$clusterTime": {"clusterTime": {"$timestamp": {"t": 1675377729, "i": 5}}, "signature": {"hash": {"$binary": {"base64": "T6LV8bS2L/l6XyDzGNMLDwflBvY=", "subType": "00"}}, "keyId": 7161871216054108163}}, "lsid": {"id": {"$binary": {"base64": "nuXtmKpPQPG6K0CQKaFtYQ==", "subType": "04"}}}, "deletes": [{"q": {"_id": {"$oid": "63dc3c411b23f96d9c839964"}}, "limit": 1}]}' with request id 184 to database practica03mongoIvanLoli on connection [connectionId{localValue:34, serverValue:127384}] to server ac-o2suyf6-shard-00-02.7qtbnuz.mongodb.net:27017
23:42:09.477 [async-channel-group-0-handler-executor] DEBUG org.mongodb.driver.protocol.command - Execution of command with request id 184 completed successfully in 44.98 ms on connection [connectionId{localValue:34, serverValue:127384}] to server ac-o2suyf6-shard-00-02.7qtbnuz.mongodb.net:27017
23:42:09.483 [AsyncGetter-5-thread-1] DEBUG org.mongodb.driver.protocol.command - Sending command '{"update": "user", "ordered": true, "txnNumber": 63, "$db": "practica03mongoIvanLoli", "$clusterTime": {"clusterTime": {"$timestamp": {"t": 1675377729, "i": 6}}, "signature": {"hash": {"$binary": {"base64": "T6LV8bS2L/l6XyDzGNMLDwflBvY=", "subType": "00"}}, "keyId": 7161871216054108163}}, "lsid": {"id": {"$binary": {"base64": "nuXtmKpPQPG6K0CQKaFtYQ==", "subType": "04"}}}, "updates": [{"q": {"_id": {"$oid": "63dc3c411b23f96d9c839964"}}, "u": {"_id": {"$oid": "63dc3c411b23f96d9c839964"}, "uuid": {"$binary": {"base64": "EREAAGmNqZO6g+qWtQUAAA==", "subType": "03"}}, "nombre": "loli", "apellido": "test", "telefono": "123456789", "email": "loli@test.com", "password": "lolitest", "perfil": "ADMIN", "activo": true}, "upsert": true}]}' with request id 185 to database practica03mongoIvanLoli on connection [connectionId{localValue:34, serverValue:127384}] to server ac-o2suyf6-shard-00-02.7qtbnuz.mongodb.net:27017
23:42:09.531 [async-channel-group-0-handler-executor] DEBUG org.mongodb.driver.protocol.command - Execution of command with request id 185 completed successfully in 48.07 ms on connection [connectionId{localValue:34, serverValue:127384}] to server ac-o2suyf6-shard-00-02.7qtbnuz.mongodb.net:27017
23:42:09.537 [DefaultDispatcher-worker-1 @coroutine#1231] DEBUG koin.repositories.user.UserRepository - findAll()
23:42:09.538 [AsyncGetter-5-thread-1] DEBUG org.mongodb.driver.protocol.command - Sending command '{"find": "user", "filter": {}, "batchSize": 64, "$db": "practica03mongoIvanLoli", "$clusterTime": {"clusterTime": {"$timestamp": {"t": 1675377729, "i": 7}}, "signature": {"hash": {"$binary": {"base64": "T6LV8bS2L/l6XyDzGNMLDwflBvY=", "subType": "00"}}, "keyId": 7161871216054108163}}, "lsid": {"id": {"$binary": {"base64": "nuXtmKpPQPG6K0CQKaFtYQ==", "subType": "04"}}}}' with request id 186 to database practica03mongoIvanLoli on connection [connectionId{localValue:34, serverValue:127384}] to server ac-o2suyf6-shard-00-02.7qtbnuz.mongodb.net:27017
23:42:09.580 [async-channel-group-0-handler-executor] DEBUG org.mongodb.driver.protocol.command - Execution of command with request id 186 completed successfully in 42.32 ms on connection [connectionId{localValue:34, serverValue:127384}] to server ac-o2suyf6-shard-00-02.7qtbnuz.mongodb.net:27017
23:42:09.580 [async-channel-group-0-handler-executor] DEBUG org.mongodb.driver.operation - Received batch of 1 documents with cursorId 0 from server ac-o2suyf6-shard-00-02.7qtbnuz.mongodb.net:27017
23:42:09.588 [AsyncGetter-5-thread-1] DEBUG org.mongodb.driver.protocol.command - Sending command '{"update": "user", "ordered": true, "txnNumber": 64, "$db": "practica03mongoIvanLoli", "$clusterTime": {"clusterTime": {"$timestamp": {"t": 1675377729, "i": 7}}, "signature": {"hash": {"$binary": {"base64": "T6LV8bS2L/l6XyDzGNMLDwflBvY=", "subType": "00"}}, "keyId": 7161871216054108163}}, "lsid": {"id": {"$binary": {"base64": "nuXtmKpPQPG6K0CQKaFtYQ==", "subType": "04"}}}, "updates": [{"q": {"_id": {"$oid": "63dc3c411b23f96d9c839964"}}, "u": {"_id": {"$oid": "63dc3c411b23f96d9c839964"}, "uuid": {"$binary": {"base64": "EREAAGmNqZO6g+qWtQUAAA==", "subType": "03"}}, "nombre": "loli", "apellido": "test", "telefono": "123456789", "email": "loli@test.com", "password": "lolitest", "perfil": "ADMIN", "activo": true}, "upsert": true}]}' with request id 187 to database practica03mongoIvanLoli on connection [connectionId{localValue:34, serverValue:127384}] to server ac-o2suyf6-shard-00-02.7qtbnuz.mongodb.net:27017
23:42:09.630 [async-channel-group-0-handler-executor] DEBUG org.mongodb.driver.protocol.command - Execution of command with request id 187 completed successfully in 42.77 ms on connection [connectionId{localValue:34, serverValue:127384}] to server ac-o2suyf6-shard-00-02.7qtbnuz.mongodb.net:27017
23:42:09.637 [DefaultDispatcher-worker-1 @coroutine#1237] DEBUG koin.repositories.user.UserRepository - findById(63dc3c411b23f96d9c839964)
23:42:09.638 [AsyncGetter-5-thread-1] DEBUG org.mongodb.driver.protocol.command - Sending command '{"find": "user", "filter": {"_id": {"$oid": "63dc3c411b23f96d9c839964"}}, "limit": 1, "singleBatch": true, "$db": "practica03mongoIvanLoli", "$clusterTime": {"clusterTime": {"$timestamp": {"t": 1675377729, "i": 8}}, "signature": {"hash": {"$binary": {"base64": "T6LV8bS2L/l6XyDzGNMLDwflBvY=", "subType": "00"}}, "keyId": 7161871216054108163}}, "lsid": {"id": {"$binary": {"base64": "nuXtmKpPQPG6K0CQKaFtYQ==", "subType": "04"}}}}' with request id 188 to database practica03mongoIvanLoli on connection [connectionId{localValue:34, serverValue:127384}] to server ac-o2suyf6-shard-00-02.7qtbnuz.mongodb.net:27017
23:42:09.679 [async-channel-group-0-handler-executor] DEBUG org.mongodb.driver.protocol.command - Execution of command with request id 188 completed successfully in 40.90 ms on connection [connectionId{localValue:34, serverValue:127384}] to server ac-o2suyf6-shard-00-02.7qtbnuz.mongodb.net:27017
23:42:09.679 [async-channel-group-0-handler-executor] DEBUG org.mongodb.driver.operation - Received batch of 1 documents with cursorId 0 from server ac-o2suyf6-shard-00-02.7qtbnuz.mongodb.net:27017
23:42:09.682 [AsyncGetter-5-thread-1] DEBUG org.mongodb.driver.protocol.command - Sending command '{"update": "user", "ordered": true, "txnNumber": 65, "$db": "practica03mongoIvanLoli", "$clusterTime": {"clusterTime": {"$timestamp": {"t": 1675377729, "i": 8}}, "signature": {"hash": {"$binary": {"base64": "T6LV8bS2L/l6XyDzGNMLDwflBvY=", "subType": "00"}}, "keyId": 7161871216054108163}}, "lsid": {"id": {"$binary": {"base64": "nuXtmKpPQPG6K0CQKaFtYQ==", "subType": "04"}}}, "updates": [{"q": {"_id": {"$oid": "63dc3c411b23f96d9c839964"}}, "u": {"_id": {"$oid": "63dc3c411b23f96d9c839964"}, "uuid": {"$binary": {"base64": "EREAAGmNqZO6g+qWtQUAAA==", "subType": "03"}}, "nombre": "loli", "apellido": "test", "telefono": "123456789", "email": "loli@test.com", "password": "lolitest", "perfil": "ADMIN", "activo": true}, "upsert": true}]}' with request id 189 to database practica03mongoIvanLoli on connection [connectionId{localValue:34, serverValue:127384}] to server ac-o2suyf6-shard-00-02.7qtbnuz.mongodb.net:27017
23:42:09.728 [async-channel-group-0-handler-executor] DEBUG org.mongodb.driver.protocol.command - Execution of command with request id 189 completed successfully in 46.33 ms on connection [connectionId{localValue:34, serverValue:127384}] to server ac-o2suyf6-shard-00-02.7qtbnuz.mongodb.net:27017
23:42:09.732 [DefaultDispatcher-worker-1 @coroutine#1242] DEBUG koin.repositories.user.UserRepository - findByUUID(93a98d69-0000-1111-0000-05b596ea83ba)
23:42:09.733 [AsyncGetter-5-thread-1] DEBUG org.mongodb.driver.protocol.command - Sending command '{"find": "user", "filter": {}, "batchSize": 64, "$db": "practica03mongoIvanLoli", "$clusterTime": {"clusterTime": {"$timestamp": {"t": 1675377729, "i": 8}}, "signature": {"hash": {"$binary": {"base64": "T6LV8bS2L/l6XyDzGNMLDwflBvY=", "subType": "00"}}, "keyId": 7161871216054108163}}, "lsid": {"id": {"$binary": {"base64": "nuXtmKpPQPG6K0CQKaFtYQ==", "subType": "04"}}}}' with request id 190 to database practica03mongoIvanLoli on connection [connectionId{localValue:34, serverValue:127384}] to server ac-o2suyf6-shard-00-02.7qtbnuz.mongodb.net:27017
23:42:09.772 [async-channel-group-0-handler-executor] DEBUG org.mongodb.driver.protocol.command - Execution of command with request id 190 completed successfully in 39.85 ms on connection [connectionId{localValue:34, serverValue:127384}] to server ac-o2suyf6-shard-00-02.7qtbnuz.mongodb.net:27017
23:42:09.772 [async-channel-group-0-handler-executor] DEBUG org.mongodb.driver.operation - Received batch of 1 documents with cursorId 0 from server ac-o2suyf6-shard-00-02.7qtbnuz.mongodb.net:27017
23:42:09.779 [AsyncGetter-5-thread-1] DEBUG org.mongodb.driver.protocol.command - Sending command '{"update": "user", "ordered": true, "txnNumber": 66, "$db": "practica03mongoIvanLoli", "$clusterTime": {"clusterTime": {"$timestamp": {"t": 1675377729, "i": 8}}, "signature": {"hash": {"$binary": {"base64": "T6LV8bS2L/l6XyDzGNMLDwflBvY=", "subType": "00"}}, "keyId": 7161871216054108163}}, "lsid": {"id": {"$binary": {"base64": "nuXtmKpPQPG6K0CQKaFtYQ==", "subType": "04"}}}, "updates": [{"q": {"_id": {"$oid": "63dc3c411b23f96d9c839964"}}, "u": {"_id": {"$oid": "63dc3c411b23f96d9c839964"}, "uuid": {"$binary": {"base64": "EREAAGmNqZO6g+qWtQUAAA==", "subType": "03"}}, "nombre": "loli", "apellido": "test", "telefono": "123456789", "email": "loli@test.com", "password": "lolitest", "perfil": "ADMIN", "activo": true}, "upsert": true}]}' with request id 191 to database practica03mongoIvanLoli on connection [connectionId{localValue:34, serverValue:127384}] to server ac-o2suyf6-shard-00-02.7qtbnuz.mongodb.net:27017
23:42:09.821 [async-channel-group-0-handler-executor] DEBUG org.mongodb.driver.protocol.command - Execution of command with request id 191 completed successfully in 42.27 ms on connection [connectionId{localValue:34, serverValue:127384}] to server ac-o2suyf6-shard-00-02.7qtbnuz.mongodb.net:27017
23:42:09.828 [DefaultDispatcher-worker-1 @coroutine#1247] DEBUG koin.repositories.user.UserRepository - save(User(id=63dc3c411b23f96d9c839964, uuid=93a98d69-0000-1111-0000-05b596ea83ba, nombre=loli, apellido=test, telefono=123456789, email=loli@test.com, password=lolitest, perfil=ADMIN, activo=true))
23:42:09.829 [AsyncGetter-5-thread-1] DEBUG org.mongodb.driver.protocol.command - Sending command '{"update": "user", "ordered": true, "txnNumber": 67, "$db": "practica03mongoIvanLoli", "$clusterTime": {"clusterTime": {"$timestamp": {"t": 1675377729, "i": 8}}, "signature": {"hash": {"$binary": {"base64": "T6LV8bS2L/l6XyDzGNMLDwflBvY=", "subType": "00"}}, "keyId": 7161871216054108163}}, "lsid": {"id": {"$binary": {"base64": "nuXtmKpPQPG6K0CQKaFtYQ==", "subType": "04"}}}, "updates": [{"q": {"_id": {"$oid": "63dc3c411b23f96d9c839964"}}, "u": {"_id": {"$oid": "63dc3c411b23f96d9c839964"}, "uuid": {"$binary": {"base64": "EREAAGmNqZO6g+qWtQUAAA==", "subType": "03"}}, "nombre": "loli", "apellido": "test", "telefono": "123456789", "email": "loli@test.com", "password": "lolitest", "perfil": "ADMIN", "activo": true}, "upsert": true}]}' with request id 192 to database practica03mongoIvanLoli on connection [connectionId{localValue:34, serverValue:127384}] to server ac-o2suyf6-shard-00-02.7qtbnuz.mongodb.net:27017
23:42:09.871 [async-channel-group-0-handler-executor] DEBUG org.mongodb.driver.protocol.command - Execution of command with request id 192 completed successfully in 41.67 ms on connection [connectionId{localValue:34, serverValue:127384}] to server ac-o2suyf6-shard-00-02.7qtbnuz.mongodb.net:27017
23:42:09.877 [AsyncGetter-5-thread-1] DEBUG org.mongodb.driver.protocol.command - Sending command '{"update": "user", "ordered": true, "txnNumber": 68, "$db": "practica03mongoIvanLoli", "$clusterTime": {"clusterTime": {"$timestamp": {"t": 1675377729, "i": 8}}, "signature": {"hash": {"$binary": {"base64": "T6LV8bS2L/l6XyDzGNMLDwflBvY=", "subType": "00"}}, "keyId": 7161871216054108163}}, "lsid": {"id": {"$binary": {"base64": "nuXtmKpPQPG6K0CQKaFtYQ==", "subType": "04"}}}, "updates": [{"q": {"_id": {"$oid": "63dc3c411b23f96d9c839964"}}, "u": {"_id": {"$oid": "63dc3c411b23f96d9c839964"}, "uuid": {"$binary": {"base64": "EREAAGmNqZO6g+qWtQUAAA==", "subType": "03"}}, "nombre": "loli", "apellido": "test", "telefono": "123456789", "email": "loli@test.com", "password": "lolitest", "perfil": "ADMIN", "activo": true}, "upsert": true}]}' with request id 193 to database practica03mongoIvanLoli on connection [connectionId{localValue:34, serverValue:127384}] to server ac-o2suyf6-shard-00-02.7qtbnuz.mongodb.net:27017
23:42:09.919 [async-channel-group-0-handler-executor] DEBUG org.mongodb.driver.protocol.command - Execution of command with request id 193 completed successfully in 42.86 ms on connection [connectionId{localValue:34, serverValue:127384}] to server ac-o2suyf6-shard-00-02.7qtbnuz.mongodb.net:27017
23:42:09.923 [DefaultDispatcher-worker-1 @coroutine#1252] DEBUG koin.repositories.user.UserRepository - findById(63dc3c411b23f96d9c839965)
23:42:09.924 [AsyncGetter-5-thread-1] DEBUG org.mongodb.driver.protocol.command - Sending command '{"find": "user", "filter": {"_id": {"$oid": "63dc3c411b23f96d9c839965"}}, "limit": 1, "singleBatch": true, "$db": "practica03mongoIvanLoli", "$clusterTime": {"clusterTime": {"$timestamp": {"t": 1675377729, "i": 8}}, "signature": {"hash": {"$binary": {"base64": "T6LV8bS2L/l6XyDzGNMLDwflBvY=", "subType": "00"}}, "keyId": 7161871216054108163}}, "lsid": {"id": {"$binary": {"base64": "nuXtmKpPQPG6K0CQKaFtYQ==", "subType": "04"}}}}' with request id 194 to database practica03mongoIvanLoli on connection [connectionId{localValue:34, serverValue:127384}] to server ac-o2suyf6-shard-00-02.7qtbnuz.mongodb.net:27017
23:42:09.964 [async-channel-group-0-handler-executor] DEBUG org.mongodb.driver.protocol.command - Execution of command with request id 194 completed successfully in 40.36 ms on connection [connectionId{localValue:34, serverValue:127384}] to server ac-o2suyf6-shard-00-02.7qtbnuz.mongodb.net:27017
23:42:09.964 [async-channel-group-0-handler-executor] DEBUG org.mongodb.driver.operation - Received batch of 0 documents with cursorId 0 from server ac-o2suyf6-shard-00-02.7qtbnuz.mongodb.net:27017
23:42:09.967 [AsyncGetter-5-thread-1] DEBUG org.mongodb.driver.protocol.command - Sending command '{"update": "user", "ordered": true, "txnNumber": 69, "$db": "practica03mongoIvanLoli", "$clusterTime": {"clusterTime": {"$timestamp": {"t": 1675377729, "i": 8}}, "signature": {"hash": {"$binary": {"base64": "T6LV8bS2L/l6XyDzGNMLDwflBvY=", "subType": "00"}}, "keyId": 7161871216054108163}}, "lsid": {"id": {"$binary": {"base64": "nuXtmKpPQPG6K0CQKaFtYQ==", "subType": "04"}}}, "updates": [{"q": {"_id": {"$oid": "63dc3c411b23f96d9c839964"}}, "u": {"_id": {"$oid": "63dc3c411b23f96d9c839964"}, "uuid": {"$binary": {"base64": "EREAAGmNqZO6g+qWtQUAAA==", "subType": "03"}}, "nombre": "loli", "apellido": "test", "telefono": "123456789", "email": "loli@test.com", "password": "lolitest", "perfil": "ADMIN", "activo": true}, "upsert": true}]}' with request id 195 to database practica03mongoIvanLoli on connection [connectionId{localValue:34, serverValue:127384}] to server ac-o2suyf6-shard-00-02.7qtbnuz.mongodb.net:27017
23:42:10.009 [async-channel-group-0-handler-executor] DEBUG org.mongodb.driver.protocol.command - Execution of command with request id 195 completed successfully in 41.68 ms on connection [connectionId{localValue:34, serverValue:127384}] to server ac-o2suyf6-shard-00-02.7qtbnuz.mongodb.net:27017
23:42:10.012 [DefaultDispatcher-worker-1 @coroutine#1257] DEBUG koin.repositories.user.UserRepository - delete(63dc3c421b23f96d9c839966)
23:42:10.013 [AsyncGetter-5-thread-1] DEBUG org.mongodb.driver.protocol.command - Sending command '{"find": "user", "filter": {"_id": {"$oid": "63dc3c421b23f96d9c839966"}}, "limit": 1, "singleBatch": true, "$db": "practica03mongoIvanLoli", "$clusterTime": {"clusterTime": {"$timestamp": {"t": 1675377729, "i": 9}}, "signature": {"hash": {"$binary": {"base64": "T6LV8bS2L/l6XyDzGNMLDwflBvY=", "subType": "00"}}, "keyId": 7161871216054108163}}, "lsid": {"id": {"$binary": {"base64": "nuXtmKpPQPG6K0CQKaFtYQ==", "subType": "04"}}}}' with request id 196 to database practica03mongoIvanLoli on connection [connectionId{localValue:34, serverValue:127384}] to server ac-o2suyf6-shard-00-02.7qtbnuz.mongodb.net:27017
23:42:10.054 [async-channel-group-0-handler-executor] DEBUG org.mongodb.driver.protocol.command - Execution of command with request id 196 completed successfully in 41.14 ms on connection [connectionId{localValue:34, serverValue:127384}] to server ac-o2suyf6-shard-00-02.7qtbnuz.mongodb.net:27017
23:42:10.055 [async-channel-group-0-handler-executor] DEBUG org.mongodb.driver.operation - Received batch of 0 documents with cursorId 0 from server ac-o2suyf6-shard-00-02.7qtbnuz.mongodb.net:27017
23:42:10.056 [AsyncGetter-5-thread-1] DEBUG org.mongodb.driver.protocol.command - Sending command '{"delete": "user", "ordered": true, "txnNumber": 70, "$db": "practica03mongoIvanLoli", "$clusterTime": {"clusterTime": {"$timestamp": {"t": 1675377729, "i": 10}}, "signature": {"hash": {"$binary": {"base64": "T6LV8bS2L/l6XyDzGNMLDwflBvY=", "subType": "00"}}, "keyId": 7161871216054108163}}, "lsid": {"id": {"$binary": {"base64": "nuXtmKpPQPG6K0CQKaFtYQ==", "subType": "04"}}}, "deletes": [{"q": {"_id": {"$oid": "63dc3c421b23f96d9c839966"}}, "limit": 1}]}' with request id 197 to database practica03mongoIvanLoli on connection [connectionId{localValue:34, serverValue:127384}] to server ac-o2suyf6-shard-00-02.7qtbnuz.mongodb.net:27017
23:42:10.096 [async-channel-group-0-handler-executor] DEBUG org.mongodb.driver.protocol.command - Execution of command with request id 197 completed successfully in 40.35 ms on connection [connectionId{localValue:34, serverValue:127384}] to server ac-o2suyf6-shard-00-02.7qtbnuz.mongodb.net:27017
23:42:10.099 [AsyncGetter-5-thread-1] DEBUG org.mongodb.driver.protocol.command - Sending command '{"update": "user", "ordered": true, "txnNumber": 71, "$db": "practica03mongoIvanLoli", "$clusterTime": {"clusterTime": {"$timestamp": {"t": 1675377729, "i": 10}}, "signature": {"hash": {"$binary": {"base64": "T6LV8bS2L/l6XyDzGNMLDwflBvY=", "subType": "00"}}, "keyId": 7161871216054108163}}, "lsid": {"id": {"$binary": {"base64": "nuXtmKpPQPG6K0CQKaFtYQ==", "subType": "04"}}}, "updates": [{"q": {"_id": {"$oid": "63dc3c411b23f96d9c839964"}}, "u": {"_id": {"$oid": "63dc3c411b23f96d9c839964"}, "uuid": {"$binary": {"base64": "EREAAGmNqZO6g+qWtQUAAA==", "subType": "03"}}, "nombre": "loli", "apellido": "test", "telefono": "123456789", "email": "loli@test.com", "password": "lolitest", "perfil": "ADMIN", "activo": true}, "upsert": true}]}' with request id 198 to database practica03mongoIvanLoli on connection [connectionId{localValue:34, serverValue:127384}] to server ac-o2suyf6-shard-00-02.7qtbnuz.mongodb.net:27017
23:42:10.141 [async-channel-group-0-handler-executor] DEBUG org.mongodb.driver.protocol.command - Execution of command with request id 198 completed successfully in 41.66 ms on connection [connectionId{localValue:34, serverValue:127384}] to server ac-o2suyf6-shard-00-02.7qtbnuz.mongodb.net:27017
23:42:10.146 [DefaultDispatcher-worker-1 @coroutine#1262] DEBUG koin.repositories.user.UserRepository - setInactive(63dc3c411b23f96d9c839964)
23:42:10.147 [AsyncGetter-5-thread-1] DEBUG org.mongodb.driver.protocol.command - Sending command '{"find": "user", "filter": {"_id": {"$oid": "63dc3c411b23f96d9c839964"}}, "limit": 1, "singleBatch": true, "$db": "practica03mongoIvanLoli", "$clusterTime": {"clusterTime": {"$timestamp": {"t": 1675377729, "i": 10}}, "signature": {"hash": {"$binary": {"base64": "T6LV8bS2L/l6XyDzGNMLDwflBvY=", "subType": "00"}}, "keyId": 7161871216054108163}}, "lsid": {"id": {"$binary": {"base64": "nuXtmKpPQPG6K0CQKaFtYQ==", "subType": "04"}}}}' with request id 199 to database practica03mongoIvanLoli on connection [connectionId{localValue:34, serverValue:127384}] to server ac-o2suyf6-shard-00-02.7qtbnuz.mongodb.net:27017
23:42:10.188 [async-channel-group-0-handler-executor] DEBUG org.mongodb.driver.protocol.command - Execution of command with request id 199 completed successfully in 41.20 ms on connection [connectionId{localValue:34, serverValue:127384}] to server ac-o2suyf6-shard-00-02.7qtbnuz.mongodb.net:27017
23:42:10.189 [async-channel-group-0-handler-executor] DEBUG org.mongodb.driver.operation - Received batch of 1 documents with cursorId 0 from server ac-o2suyf6-shard-00-02.7qtbnuz.mongodb.net:27017
23:42:10.190 [AsyncGetter-5-thread-1] DEBUG org.mongodb.driver.protocol.command - Sending command '{"update": "user", "ordered": true, "txnNumber": 72, "$db": "practica03mongoIvanLoli", "$clusterTime": {"clusterTime": {"$timestamp": {"t": 1675377729, "i": 10}}, "signature": {"hash": {"$binary": {"base64": "T6LV8bS2L/l6XyDzGNMLDwflBvY=", "subType": "00"}}, "keyId": 7161871216054108163}}, "lsid": {"id": {"$binary": {"base64": "nuXtmKpPQPG6K0CQKaFtYQ==", "subType": "04"}}}, "updates": [{"q": {"_id": {"$oid": "63dc3c411b23f96d9c839964"}}, "u": {"_id": {"$oid": "63dc3c411b23f96d9c839964"}, "uuid": {"$binary": {"base64": "EREAAGmNqZO6g+qWtQUAAA==", "subType": "03"}}, "nombre": "loli", "apellido": "test", "telefono": "123456789", "email": "loli@test.com", "password": "lolitest", "perfil": "ADMIN", "activo": false}, "upsert": true}]}' with request id 200 to database practica03mongoIvanLoli on connection [connectionId{localValue:34, serverValue:127384}] to server ac-o2suyf6-shard-00-02.7qtbnuz.mongodb.net:27017
23:42:10.236 [async-channel-group-0-handler-executor] DEBUG org.mongodb.driver.protocol.command - Execution of command with request id 200 completed successfully in 45.83 ms on connection [connectionId{localValue:34, serverValue:127384}] to server ac-o2suyf6-shard-00-02.7qtbnuz.mongodb.net:27017
23:42:10.242 [AsyncGetter-5-thread-1] DEBUG org.mongodb.driver.protocol.command - Sending command '{"drop": "user", "$db": "practica03mongoIvanLoli", "$clusterTime": {"clusterTime": {"$timestamp": {"t": 1675377730, "i": 1}}, "signature": {"hash": {"$binary": {"base64": "dKTJX3Dr3r0tbK9q+/07GMdIUHU=", "subType": "00"}}, "keyId": 7161871216054108163}}, "lsid": {"id": {"$binary": {"base64": "nuXtmKpPQPG6K0CQKaFtYQ==", "subType": "04"}}}}' with request id 201 to database practica03mongoIvanLoli on connection [connectionId{localValue:34, serverValue:127384}] to server ac-o2suyf6-shard-00-02.7qtbnuz.mongodb.net:27017
23:42:10.293 [async-channel-group-0-handler-executor] DEBUG org.mongodb.driver.protocol.command - Execution of command with request id 201 completed successfully in 51.25 ms on connection [connectionId{localValue:34, serverValue:127384}] to server ac-o2suyf6-shard-00-02.7qtbnuz.mongodb.net:27017
]]></system-out>
  <system-err><![CDATA[]]></system-err>
</testsuite>
