<?xml version="1.0" encoding="UTF-8"?>
<testsuite name="koin.repositories.pedido.PedidoRepositoryCachedTest" tests="7" skipped="0" failures="0" errors="0" timestamp="2023-02-07T21:49:31" hostname="LOLI-LAPTOP" time="0.086">
  <properties/>
  <testcase name="delete()" classname="koin.repositories.pedido.PedidoRepositoryCachedTest" time="0.018"/>
  <testcase name="findAll()" classname="koin.repositories.pedido.PedidoRepositoryCachedTest" time="0.013"/>
  <testcase name="findById()" classname="koin.repositories.pedido.PedidoRepositoryCachedTest" time="0.012"/>
  <testcase name="findByUUID()" classname="koin.repositories.pedido.PedidoRepositoryCachedTest" time="0.013"/>
  <testcase name="save()" classname="koin.repositories.pedido.PedidoRepositoryCachedTest" time="0.013"/>
  <testcase name="findByUUIDNotExists()" classname="koin.repositories.pedido.PedidoRepositoryCachedTest" time="0.008"/>
  <testcase name="findByIdNotExists()" classname="koin.repositories.pedido.PedidoRepositoryCachedTest" time="0.008"/>
  <system-out><![CDATA[22:49:31.639 [Test worker] DEBUG koin.services.cache.pedido.PedidoCache - Initializing PedidoCache...
22:49:31.642 [Test worker] DEBUG io.mockk.impl.instantiation.AbstractMockFactory - Creating spyk for PedidoCache name=cache#686
22:49:31.668 [Test worker] DEBUG io.mockk.impl.instantiation.AbstractMockFactory - Creating mockk for PedidoRepository name=repo#687
22:49:31.702 [DefaultDispatcher-worker-2 @coroutine#706] DEBUG io.mockk.impl.recording.states.AnsweringState - Answering 60000 on PedidoCache(cache#686).getRefreshTime()
22:49:31.707 [Test worker @coroutine#707] DEBUG io.mockk.impl.instantiation.AbstractMockFactory - Creating mockk for Pedido name=child of repo#687#688
22:49:31.710 [Test worker @coroutine#707] DEBUG io.mockk.impl.instantiation.AbstractMockFactory - Creating mockk for Pedido name=child of repo#687#689
22:49:31.713 [DefaultDispatcher-worker-2] DEBUG io.mockk.impl.recording.states.AnsweringState - Answering Pedido(id=63e2c76b285de2538ba4e320, uuid=93a98d69-0010-48a7-b34f-05b596ea8acc, userId=93a98d69-0006-48a7-b34f-05b596ea839a, state=PROCESO, fechaEntrada=2013-10-10, fechaSalida=2023-12-12, topeEntrega=2023-12-14, precio=0.0) on PedidoRepository(repo#687).delete(63e2c76b285de2538ba4e320, continuation {})
22:49:31.715 [DefaultDispatcher-worker-2] DEBUG io.mockk.impl.recording.states.AnsweringState - Answering io.github.reactivecircus.cache4k.RealCache@2e746004 on PedidoCache(cache#686).getCache()
22:49:31.724 [Test worker @coroutine#715] DEBUG io.mockk.impl.instantiation.AbstractMockFactory - Creating mockk for Flow name=child of repo#687#690
22:49:31.726 [DefaultDispatcher-worker-2] DEBUG io.mockk.impl.recording.states.AnsweringState - Answering kotlinx.coroutines.flow.FlowKt__BuildersKt$flowOf$$inlined$unsafeFlow$2@7338aa8c on PedidoRepository(repo#687).findAll(continuation {})
22:49:31.737 [Test worker @coroutine#721] DEBUG io.mockk.impl.instantiation.AbstractMockFactory - Creating mockk for Pedido name=child of repo#687#691
22:49:31.739 [DefaultDispatcher-worker-2] DEBUG io.mockk.impl.recording.states.AnsweringState - Answering Pedido(id=63e2c76b285de2538ba4e320, uuid=93a98d69-0010-48a7-b34f-05b596ea8acc, userId=93a98d69-0006-48a7-b34f-05b596ea839a, state=PROCESO, fechaEntrada=2013-10-10, fechaSalida=2023-12-12, topeEntrega=2023-12-14, precio=0.0) on PedidoRepository(repo#687).findById(63e2c76b285de2538ba4e320, continuation {})
22:49:31.750 [Test worker @coroutine#727] DEBUG io.mockk.impl.instantiation.AbstractMockFactory - Creating mockk for Pedido name=child of repo#687#692
22:49:31.752 [DefaultDispatcher-worker-2] DEBUG io.mockk.impl.recording.states.AnsweringState - Answering io.github.reactivecircus.cache4k.RealCache@2e746004 on PedidoCache(cache#686).getCache()
22:49:31.753 [DefaultDispatcher-worker-2] DEBUG io.mockk.impl.recording.states.AnsweringState - Answering Pedido(id=63e2c76b285de2538ba4e320, uuid=93a98d69-0010-48a7-b34f-05b596ea8acc, userId=93a98d69-0006-48a7-b34f-05b596ea839a, state=PROCESO, fechaEntrada=2013-10-10, fechaSalida=2023-12-12, topeEntrega=2023-12-14, precio=0.0) on PedidoRepository(repo#687).findByUUID(93a98d69-0010-48a7-b34f-05b596ea8acc, continuation {})
22:49:31.757 [Test worker @background work runner#730] DEBUG io.mockk.impl.instantiation.AbstractMockFactory - Creating mockk for Pedido name=child of repo#687#693
22:49:31.764 [Test worker @coroutine#733] DEBUG io.mockk.impl.instantiation.AbstractMockFactory - Creating mockk for Pedido name=child of repo#687#694
22:49:31.767 [DefaultDispatcher-worker-2] DEBUG io.mockk.impl.recording.states.AnsweringState - Answering Pedido(id=63e2c76b285de2538ba4e320, uuid=93a98d69-0010-48a7-b34f-05b596ea8acc, userId=93a98d69-0006-48a7-b34f-05b596ea839a, state=PROCESO, fechaEntrada=2013-10-10, fechaSalida=2023-12-12, topeEntrega=2023-12-14, precio=0.0) on PedidoRepository(repo#687).save(Pedido(id=63e2c76b285de2538ba4e320, uuid=93a98d69-0010-48a7-b34f-05b596ea8acc, userId=93a98d69-0006-48a7-b34f-05b596ea839a, state=PROCESO, fechaEntrada=2013-10-10, fechaSalida=2023-12-12, topeEntrega=2023-12-14, precio=0.0), continuation {})
22:49:31.775 [DefaultDispatcher-worker-2] DEBUG io.mockk.impl.recording.states.AnsweringState - Answering io.github.reactivecircus.cache4k.RealCache@2e746004 on PedidoCache(cache#686).getCache()
22:49:31.776 [DefaultDispatcher-worker-2] DEBUG io.mockk.impl.recording.states.AnsweringState - Answering null on PedidoRepository(repo#687).findByUUID(50ba8636-7fa9-4b86-960c-cc8eace1bb1f, continuation {})
22:49:31.783 [DefaultDispatcher-worker-2] DEBUG io.mockk.impl.recording.states.AnsweringState - Answering null on PedidoRepository(repo#687).findById(63e2c76b285de2538ba4e321, continuation {})
]]></system-out>
  <system-err><![CDATA[]]></system-err>
</testsuite>
