<?xml version="1.0" encoding="UTF-8"?>
<testsuite name="koin.repositories.turno.TurnoRepositoryCachedTest" tests="8" skipped="0" failures="0" errors="0" timestamp="2023-02-10T19:54:48" hostname="LOLI-LAPTOP" time="0.089">
  <properties/>
  <testcase name="setFinalizado()" classname="koin.repositories.turno.TurnoRepositoryCachedTest" time="0.015"/>
  <testcase name="delete()" classname="koin.repositories.turno.TurnoRepositoryCachedTest" time="0.011"/>
  <testcase name="findAll()" classname="koin.repositories.turno.TurnoRepositoryCachedTest" time="0.01"/>
  <testcase name="findById()" classname="koin.repositories.turno.TurnoRepositoryCachedTest" time="0.009"/>
  <testcase name="findByUUID()" classname="koin.repositories.turno.TurnoRepositoryCachedTest" time="0.014"/>
  <testcase name="save()" classname="koin.repositories.turno.TurnoRepositoryCachedTest" time="0.01"/>
  <testcase name="findByUUIDNotExists()" classname="koin.repositories.turno.TurnoRepositoryCachedTest" time="0.008"/>
  <testcase name="findByIdNotExists()" classname="koin.repositories.turno.TurnoRepositoryCachedTest" time="0.008"/>
  <system-out><![CDATA[20:54:48.907 [Test worker] DEBUG koin.services.cache.turno.TurnoCache - Initializing TurnoCache...
20:54:48.911 [Test worker] DEBUG io.mockk.impl.instantiation.AbstractMockFactory - Creating spyk for TurnoCache name=cache#715
20:54:48.950 [Test worker] DEBUG io.mockk.impl.instantiation.AbstractMockFactory - Creating mockk for TurnoRepository name=repo#716
20:54:48.984 [DefaultDispatcher-worker-6 @coroutine#1010] DEBUG io.mockk.impl.recording.states.AnsweringState - Answering 60000 on TurnoCache(cache#715).getRefreshTime()
20:54:48.993 [Test worker @coroutine#1011] DEBUG io.mockk.impl.instantiation.AbstractMockFactory - Creating mockk for Turno name=child of repo#716#717
20:54:48.995 [DefaultDispatcher-worker-6] DEBUG io.mockk.impl.recording.states.AnsweringState - Answering Turno(id=63e6a10861c2a601272c50d4, uuid=93a98d69-0019-48a7-b34f-05b596ea8abc, workerId=93a98d69-0007-48a7-b34f-05b596ea839c, maquinaId=93a98d69-0008-48a7-b34f-05b596ea83bb, horaInicio=2002-10-14T10:09, horaFin=2002-10-14T16:49, numPedidosActivos=2, tarea1Id=93a98d69-0015-48a7-b34f-05b596ea8aab, tarea2Id=93a98d69-0011-48a7-b34f-05b596ea83ca, finalizado=false) on TurnoRepository(repo#716).setFinalizado(63e6a10861c2a601272c50d4, continuation {})
20:54:49.001 [Test worker @coroutine#1017] DEBUG io.mockk.impl.instantiation.AbstractMockFactory - Creating mockk for Turno name=child of repo#716#718
20:54:49.003 [Test worker @coroutine#1017] DEBUG io.mockk.impl.instantiation.AbstractMockFactory - Creating mockk for Turno name=child of repo#716#719
20:54:49.005 [DefaultDispatcher-worker-6] DEBUG io.mockk.impl.recording.states.AnsweringState - Answering Turno(id=63e6a10861c2a601272c50d4, uuid=93a98d69-0019-48a7-b34f-05b596ea8abc, workerId=93a98d69-0007-48a7-b34f-05b596ea839c, maquinaId=93a98d69-0008-48a7-b34f-05b596ea83bb, horaInicio=2002-10-14T10:09, horaFin=2002-10-14T16:49, numPedidosActivos=2, tarea1Id=93a98d69-0015-48a7-b34f-05b596ea8aab, tarea2Id=93a98d69-0011-48a7-b34f-05b596ea83ca, finalizado=false) on TurnoRepository(repo#716).delete(63e6a10861c2a601272c50d4, continuation {})
20:54:49.006 [DefaultDispatcher-worker-6] DEBUG io.mockk.impl.recording.states.AnsweringState - Answering io.github.reactivecircus.cache4k.RealCache@16b28c7c on TurnoCache(cache#715).getCache()
20:54:49.014 [Test worker @coroutine#1025] DEBUG io.mockk.impl.instantiation.AbstractMockFactory - Creating mockk for Flow name=child of repo#716#720
20:54:49.015 [DefaultDispatcher-worker-6] DEBUG io.mockk.impl.recording.states.AnsweringState - Answering kotlinx.coroutines.flow.FlowKt__BuildersKt$flowOf$$inlined$unsafeFlow$2@16f0dece on TurnoRepository(repo#716).findAll(continuation {})
20:54:49.024 [Test worker @coroutine#1031] DEBUG io.mockk.impl.instantiation.AbstractMockFactory - Creating mockk for Turno name=child of repo#716#721
20:54:49.026 [DefaultDispatcher-worker-6] DEBUG io.mockk.impl.recording.states.AnsweringState - Answering Turno(id=63e6a10861c2a601272c50d4, uuid=93a98d69-0019-48a7-b34f-05b596ea8abc, workerId=93a98d69-0007-48a7-b34f-05b596ea839c, maquinaId=93a98d69-0008-48a7-b34f-05b596ea83bb, horaInicio=2002-10-14T10:09, horaFin=2002-10-14T16:49, numPedidosActivos=2, tarea1Id=93a98d69-0015-48a7-b34f-05b596ea8aab, tarea2Id=93a98d69-0011-48a7-b34f-05b596ea83ca, finalizado=false) on TurnoRepository(repo#716).findById(63e6a10861c2a601272c50d4, continuation {})
20:54:49.034 [Test worker @coroutine#1037] DEBUG io.mockk.impl.instantiation.AbstractMockFactory - Creating mockk for Turno name=child of repo#716#722
20:54:49.037 [DefaultDispatcher-worker-6] DEBUG io.mockk.impl.recording.states.AnsweringState - Answering io.github.reactivecircus.cache4k.RealCache@16b28c7c on TurnoCache(cache#715).getCache()
20:54:49.037 [DefaultDispatcher-worker-6] DEBUG io.mockk.impl.recording.states.AnsweringState - Answering Turno(id=63e6a10861c2a601272c50d4, uuid=93a98d69-0019-48a7-b34f-05b596ea8abc, workerId=93a98d69-0007-48a7-b34f-05b596ea839c, maquinaId=93a98d69-0008-48a7-b34f-05b596ea83bb, horaInicio=2002-10-14T10:09, horaFin=2002-10-14T16:49, numPedidosActivos=2, tarea1Id=93a98d69-0015-48a7-b34f-05b596ea8aab, tarea2Id=93a98d69-0011-48a7-b34f-05b596ea83ca, finalizado=false) on TurnoRepository(repo#716).findByUUID(93a98d69-0019-48a7-b34f-05b596ea8abc, continuation {})
20:54:49.044 [Test worker @background work runner#1040] DEBUG io.mockk.impl.instantiation.AbstractMockFactory - Creating mockk for Turno name=child of repo#716#723
20:54:49.050 [Test worker @coroutine#1043] DEBUG io.mockk.impl.instantiation.AbstractMockFactory - Creating mockk for Turno name=child of repo#716#724
20:54:49.052 [DefaultDispatcher-worker-6] DEBUG io.mockk.impl.recording.states.AnsweringState - Answering Turno(id=63e6a10861c2a601272c50d4, uuid=93a98d69-0019-48a7-b34f-05b596ea8abc, workerId=93a98d69-0007-48a7-b34f-05b596ea839c, maquinaId=93a98d69-0008-48a7-b34f-05b596ea83bb, horaInicio=2002-10-14T10:09, horaFin=2002-10-14T16:49, numPedidosActivos=2, tarea1Id=93a98d69-0015-48a7-b34f-05b596ea8aab, tarea2Id=93a98d69-0011-48a7-b34f-05b596ea83ca, finalizado=false) on TurnoRepository(repo#716).save(Turno(id=63e6a10861c2a601272c50d4, uuid=93a98d69-0019-48a7-b34f-05b596ea8abc, workerId=93a98d69-0007-48a7-b34f-05b596ea839c, maquinaId=93a98d69-0008-48a7-b34f-05b596ea83bb, horaInicio=2002-10-14T10:09, horaFin=2002-10-14T16:49, numPedidosActivos=2, tarea1Id=93a98d69-0015-48a7-b34f-05b596ea8aab, tarea2Id=93a98d69-0011-48a7-b34f-05b596ea83ca, finalizado=false), continuation {})
20:54:49.060 [DefaultDispatcher-worker-6] DEBUG io.mockk.impl.recording.states.AnsweringState - Answering io.github.reactivecircus.cache4k.RealCache@16b28c7c on TurnoCache(cache#715).getCache()
20:54:49.061 [DefaultDispatcher-worker-6] DEBUG io.mockk.impl.recording.states.AnsweringState - Answering null on TurnoRepository(repo#716).findByUUID(98849233-cdc9-43a0-aea0-13bd82ebd88c, continuation {})
20:54:49.070 [DefaultDispatcher-worker-6] DEBUG io.mockk.impl.recording.states.AnsweringState - Answering null on TurnoRepository(repo#716).findById(63e6a10961c2a601272c50d5, continuation {})
]]></system-out>
  <system-err><![CDATA[]]></system-err>
</testsuite>
