<?xml version="1.0" encoding="UTF-8"?>
<testsuite name="koin.repositories.turno.TurnoRepositoryTest" tests="8" skipped="0" failures="0" errors="0" timestamp="2023-02-07T21:49:36" hostname="LOLI-LAPTOP" time="0.989">
  <properties/>
  <testcase name="setFinalizado()" classname="koin.repositories.turno.TurnoRepositoryTest" time="0.197"/>
  <testcase name="delete()" classname="koin.repositories.turno.TurnoRepositoryTest" time="0.14"/>
  <testcase name="findAll()" classname="koin.repositories.turno.TurnoRepositoryTest" time="0.098"/>
  <testcase name="findById()" classname="koin.repositories.turno.TurnoRepositoryTest" time="0.087"/>
  <testcase name="findByUuid()" classname="koin.repositories.turno.TurnoRepositoryTest" time="0.149"/>
  <testcase name="save()" classname="koin.repositories.turno.TurnoRepositoryTest" time="0.09"/>
  <testcase name="findByIdNotExists()" classname="koin.repositories.turno.TurnoRepositoryTest" time="0.097"/>
  <testcase name="deleteNotExists()" classname="koin.repositories.turno.TurnoRepositoryTest" time="0.131"/>
  <system-out><![CDATA[22:49:36.300 [AsyncGetter-5-thread-1] DEBUG org.mongodb.driver.protocol.command - Sending command '{"drop": "turno", "$db": "practica03mongoIvanLoli", "$clusterTime": {"clusterTime": {"$timestamp": {"t": 1675806574, "i": 1}}, "signature": {"hash": {"$binary": {"base64": "sP9E6YLzgFLlvmsNJ+3KA9IFU5A=", "subType": "00"}}, "keyId": 7161871216054108163}}, "lsid": {"id": {"$binary": {"base64": "xbe9yt96RfCuB/EkkSIjyQ==", "subType": "04"}}}}' with request id 148 to database practica03mongoIvanLoli on connection [connectionId{localValue:11, serverValue:216638}] to server ac-o2suyf6-shard-00-02.7qtbnuz.mongodb.net:27017
22:49:36.351 [async-channel-group-0-handler-executor] DEBUG org.mongodb.driver.protocol.command - Execution of command with request id 148 completed successfully in 51.69 ms on connection [connectionId{localValue:11, serverValue:216638}] to server ac-o2suyf6-shard-00-02.7qtbnuz.mongodb.net:27017
22:49:36.365 [AsyncGetter-5-thread-1] DEBUG org.mongodb.driver.protocol.command - Sending command '{"update": "turno", "ordered": true, "txnNumber": 49, "$db": "practica03mongoIvanLoli", "$clusterTime": {"clusterTime": {"$timestamp": {"t": 1675806574, "i": 3}}, "signature": {"hash": {"$binary": {"base64": "sP9E6YLzgFLlvmsNJ+3KA9IFU5A=", "subType": "00"}}, "keyId": 7161871216054108163}}, "lsid": {"id": {"$binary": {"base64": "xbe9yt96RfCuB/EkkSIjyQ==", "subType": "04"}}}, "updates": [{"q": {"_id": {"$oid": "63e2c770285de2538ba4e3f9"}}, "u": {"_id": {"$oid": "63e2c770285de2538ba4e3f9"}, "uuid": {"$binary": {"base64": "p0gZAGmNqZO8iuqWtQVPsw==", "subType": "03"}}, "workerId": {"$binary": {"base64": "p0gHAGmNqZOcg+qWtQVPsw==", "subType": "03"}}, "maquinaId": {"$binary": {"base64": "p0gIAGmNqZO7g+qWtQVPsw==", "subType": "03"}}, "horaInicio": {"$date": "2002-10-14T10:09:00Z"}, "horaFin": {"$date": "2002-10-14T16:49:00Z"}, "numPedidosActivos": 2, "tarea1Id": {"$binary": {"base64": "p0gVAGmNqZOriuqWtQVPsw==", "subType": "03"}}, "tarea2Id": {"$binary": {"base64": "p0gRAGmNqZPKg+qWtQVPsw==",  ...' with request id 149 to database practica03mongoIvanLoli on connection [connectionId{localValue:11, serverValue:216638}] to server ac-o2suyf6-shard-00-02.7qtbnuz.mongodb.net:27017
22:49:36.443 [async-channel-group-0-handler-executor] DEBUG org.mongodb.driver.protocol.command - Execution of command with request id 149 completed successfully in 78.55 ms on connection [connectionId{localValue:11, serverValue:216638}] to server ac-o2suyf6-shard-00-02.7qtbnuz.mongodb.net:27017
22:49:36.458 [DefaultDispatcher-worker-4 @coroutine#1066] DEBUG koin.repositories.turno.TurnoRepository - setFinalizado(63e2c770285de2538ba4e3f9)
22:49:36.460 [AsyncGetter-5-thread-1] DEBUG org.mongodb.driver.protocol.command - Sending command '{"find": "turno", "filter": {"_id": {"$oid": "63e2c770285de2538ba4e3f9"}}, "limit": 1, "singleBatch": true, "$db": "practica03mongoIvanLoli", "$clusterTime": {"clusterTime": {"$timestamp": {"t": 1675806574, "i": 6}}, "signature": {"hash": {"$binary": {"base64": "sP9E6YLzgFLlvmsNJ+3KA9IFU5A=", "subType": "00"}}, "keyId": 7161871216054108163}}, "lsid": {"id": {"$binary": {"base64": "xbe9yt96RfCuB/EkkSIjyQ==", "subType": "04"}}}}' with request id 150 to database practica03mongoIvanLoli on connection [connectionId{localValue:11, serverValue:216638}] to server ac-o2suyf6-shard-00-02.7qtbnuz.mongodb.net:27017
22:49:36.496 [async-channel-group-0-handler-executor] DEBUG org.mongodb.driver.protocol.command - Execution of command with request id 150 completed successfully in 36.48 ms on connection [connectionId{localValue:11, serverValue:216638}] to server ac-o2suyf6-shard-00-02.7qtbnuz.mongodb.net:27017
22:49:36.500 [async-channel-group-0-handler-executor] DEBUG org.mongodb.driver.operation - Received batch of 1 documents with cursorId 0 from server ac-o2suyf6-shard-00-02.7qtbnuz.mongodb.net:27017
22:49:36.503 [AsyncGetter-5-thread-1] DEBUG org.mongodb.driver.protocol.command - Sending command '{"update": "turno", "ordered": true, "txnNumber": 50, "$db": "practica03mongoIvanLoli", "$clusterTime": {"clusterTime": {"$timestamp": {"t": 1675806574, "i": 6}}, "signature": {"hash": {"$binary": {"base64": "sP9E6YLzgFLlvmsNJ+3KA9IFU5A=", "subType": "00"}}, "keyId": 7161871216054108163}}, "lsid": {"id": {"$binary": {"base64": "xbe9yt96RfCuB/EkkSIjyQ==", "subType": "04"}}}, "updates": [{"q": {"_id": {"$oid": "63e2c770285de2538ba4e3f9"}}, "u": {"_id": {"$oid": "63e2c770285de2538ba4e3f9"}, "uuid": {"$binary": {"base64": "p0gZAGmNqZO8iuqWtQVPsw==", "subType": "03"}}, "workerId": {"$binary": {"base64": "p0gHAGmNqZOcg+qWtQVPsw==", "subType": "03"}}, "maquinaId": {"$binary": {"base64": "p0gIAGmNqZO7g+qWtQVPsw==", "subType": "03"}}, "horaInicio": {"$date": "2002-10-14T10:09:00Z"}, "horaFin": {"$date": "2002-10-14T16:49:00Z"}, "numPedidosActivos": 2, "tarea1Id": {"$binary": {"base64": "p0gVAGmNqZOriuqWtQVPsw==", "subType": "03"}}, "tarea2Id": {"$binary": {"base64": "p0gRAGmNqZPKg+qWtQVPsw==",  ...' with request id 151 to database practica03mongoIvanLoli on connection [connectionId{localValue:11, serverValue:216638}] to server ac-o2suyf6-shard-00-02.7qtbnuz.mongodb.net:27017
22:49:36.546 [async-channel-group-0-handler-executor] DEBUG org.mongodb.driver.protocol.command - Execution of command with request id 151 completed successfully in 43.47 ms on connection [connectionId{localValue:11, serverValue:216638}] to server ac-o2suyf6-shard-00-02.7qtbnuz.mongodb.net:27017
22:49:36.551 [AsyncGetter-5-thread-1] DEBUG org.mongodb.driver.protocol.command - Sending command '{"update": "turno", "ordered": true, "txnNumber": 51, "$db": "practica03mongoIvanLoli", "$clusterTime": {"clusterTime": {"$timestamp": {"t": 1675806574, "i": 7}}, "signature": {"hash": {"$binary": {"base64": "sP9E6YLzgFLlvmsNJ+3KA9IFU5A=", "subType": "00"}}, "keyId": 7161871216054108163}}, "lsid": {"id": {"$binary": {"base64": "xbe9yt96RfCuB/EkkSIjyQ==", "subType": "04"}}}, "updates": [{"q": {"_id": {"$oid": "63e2c770285de2538ba4e3f9"}}, "u": {"_id": {"$oid": "63e2c770285de2538ba4e3f9"}, "uuid": {"$binary": {"base64": "p0gZAGmNqZO8iuqWtQVPsw==", "subType": "03"}}, "workerId": {"$binary": {"base64": "p0gHAGmNqZOcg+qWtQVPsw==", "subType": "03"}}, "maquinaId": {"$binary": {"base64": "p0gIAGmNqZO7g+qWtQVPsw==", "subType": "03"}}, "horaInicio": {"$date": "2002-10-14T10:09:00Z"}, "horaFin": {"$date": "2002-10-14T16:49:00Z"}, "numPedidosActivos": 2, "tarea1Id": {"$binary": {"base64": "p0gVAGmNqZOriuqWtQVPsw==", "subType": "03"}}, "tarea2Id": {"$binary": {"base64": "p0gRAGmNqZPKg+qWtQVPsw==",  ...' with request id 152 to database practica03mongoIvanLoli on connection [connectionId{localValue:11, serverValue:216638}] to server ac-o2suyf6-shard-00-02.7qtbnuz.mongodb.net:27017
22:49:36.593 [async-channel-group-0-handler-executor] DEBUG org.mongodb.driver.protocol.command - Execution of command with request id 152 completed successfully in 42.66 ms on connection [connectionId{localValue:11, serverValue:216638}] to server ac-o2suyf6-shard-00-02.7qtbnuz.mongodb.net:27017
22:49:36.600 [DefaultDispatcher-worker-4 @coroutine#1071] DEBUG koin.repositories.turno.TurnoRepository - delete(63e2c770285de2538ba4e3f9)
22:49:36.601 [AsyncGetter-5-thread-1] DEBUG org.mongodb.driver.protocol.command - Sending command '{"find": "turno", "filter": {"_id": {"$oid": "63e2c770285de2538ba4e3f9"}}, "limit": 1, "singleBatch": true, "$db": "practica03mongoIvanLoli", "$clusterTime": {"clusterTime": {"$timestamp": {"t": 1675806574, "i": 8}}, "signature": {"hash": {"$binary": {"base64": "sP9E6YLzgFLlvmsNJ+3KA9IFU5A=", "subType": "00"}}, "keyId": 7161871216054108163}}, "lsid": {"id": {"$binary": {"base64": "xbe9yt96RfCuB/EkkSIjyQ==", "subType": "04"}}}}' with request id 153 to database practica03mongoIvanLoli on connection [connectionId{localValue:11, serverValue:216638}] to server ac-o2suyf6-shard-00-02.7qtbnuz.mongodb.net:27017
22:49:36.641 [async-channel-group-0-handler-executor] DEBUG org.mongodb.driver.protocol.command - Execution of command with request id 153 completed successfully in 39.58 ms on connection [connectionId{localValue:11, serverValue:216638}] to server ac-o2suyf6-shard-00-02.7qtbnuz.mongodb.net:27017
22:49:36.641 [async-channel-group-0-handler-executor] DEBUG org.mongodb.driver.operation - Received batch of 1 documents with cursorId 0 from server ac-o2suyf6-shard-00-02.7qtbnuz.mongodb.net:27017
22:49:36.643 [AsyncGetter-5-thread-1] DEBUG org.mongodb.driver.protocol.command - Sending command '{"delete": "turno", "ordered": true, "txnNumber": 52, "$db": "practica03mongoIvanLoli", "$clusterTime": {"clusterTime": {"$timestamp": {"t": 1675806574, "i": 8}}, "signature": {"hash": {"$binary": {"base64": "sP9E6YLzgFLlvmsNJ+3KA9IFU5A=", "subType": "00"}}, "keyId": 7161871216054108163}}, "lsid": {"id": {"$binary": {"base64": "xbe9yt96RfCuB/EkkSIjyQ==", "subType": "04"}}}, "deletes": [{"q": {"_id": {"$oid": "63e2c770285de2538ba4e3f9"}}, "limit": 1}]}' with request id 154 to database practica03mongoIvanLoli on connection [connectionId{localValue:11, serverValue:216638}] to server ac-o2suyf6-shard-00-02.7qtbnuz.mongodb.net:27017
22:49:36.686 [async-channel-group-0-handler-executor] DEBUG org.mongodb.driver.protocol.command - Execution of command with request id 154 completed successfully in 43.33 ms on connection [connectionId{localValue:11, serverValue:216638}] to server ac-o2suyf6-shard-00-02.7qtbnuz.mongodb.net:27017
22:49:36.690 [AsyncGetter-5-thread-1] DEBUG org.mongodb.driver.protocol.command - Sending command '{"update": "turno", "ordered": true, "txnNumber": 53, "$db": "practica03mongoIvanLoli", "$clusterTime": {"clusterTime": {"$timestamp": {"t": 1675806574, "i": 9}}, "signature": {"hash": {"$binary": {"base64": "sP9E6YLzgFLlvmsNJ+3KA9IFU5A=", "subType": "00"}}, "keyId": 7161871216054108163}}, "lsid": {"id": {"$binary": {"base64": "xbe9yt96RfCuB/EkkSIjyQ==", "subType": "04"}}}, "updates": [{"q": {"_id": {"$oid": "63e2c770285de2538ba4e3f9"}}, "u": {"_id": {"$oid": "63e2c770285de2538ba4e3f9"}, "uuid": {"$binary": {"base64": "p0gZAGmNqZO8iuqWtQVPsw==", "subType": "03"}}, "workerId": {"$binary": {"base64": "p0gHAGmNqZOcg+qWtQVPsw==", "subType": "03"}}, "maquinaId": {"$binary": {"base64": "p0gIAGmNqZO7g+qWtQVPsw==", "subType": "03"}}, "horaInicio": {"$date": "2002-10-14T10:09:00Z"}, "horaFin": {"$date": "2002-10-14T16:49:00Z"}, "numPedidosActivos": 2, "tarea1Id": {"$binary": {"base64": "p0gVAGmNqZOriuqWtQVPsw==", "subType": "03"}}, "tarea2Id": {"$binary": {"base64": "p0gRAGmNqZPKg+qWtQVPsw==",  ...' with request id 155 to database practica03mongoIvanLoli on connection [connectionId{localValue:11, serverValue:216638}] to server ac-o2suyf6-shard-00-02.7qtbnuz.mongodb.net:27017
22:49:36.733 [async-channel-group-0-handler-executor] DEBUG org.mongodb.driver.protocol.command - Execution of command with request id 155 completed successfully in 42.96 ms on connection [connectionId{localValue:11, serverValue:216638}] to server ac-o2suyf6-shard-00-02.7qtbnuz.mongodb.net:27017
22:49:36.742 [DefaultDispatcher-worker-5 @coroutine#1076] DEBUG koin.repositories.turno.TurnoRepository - findAll()
22:49:36.743 [AsyncGetter-5-thread-1] DEBUG org.mongodb.driver.protocol.command - Sending command '{"find": "turno", "filter": {}, "batchSize": 64, "$db": "practica03mongoIvanLoli", "$clusterTime": {"clusterTime": {"$timestamp": {"t": 1675806574, "i": 13}}, "signature": {"hash": {"$binary": {"base64": "sP9E6YLzgFLlvmsNJ+3KA9IFU5A=", "subType": "00"}}, "keyId": 7161871216054108163}}, "lsid": {"id": {"$binary": {"base64": "xbe9yt96RfCuB/EkkSIjyQ==", "subType": "04"}}}}' with request id 156 to database practica03mongoIvanLoli on connection [connectionId{localValue:11, serverValue:216638}] to server ac-o2suyf6-shard-00-02.7qtbnuz.mongodb.net:27017
22:49:36.781 [async-channel-group-0-handler-executor] DEBUG org.mongodb.driver.protocol.command - Execution of command with request id 156 completed successfully in 37.92 ms on connection [connectionId{localValue:11, serverValue:216638}] to server ac-o2suyf6-shard-00-02.7qtbnuz.mongodb.net:27017
22:49:36.782 [async-channel-group-0-handler-executor] DEBUG org.mongodb.driver.operation - Received batch of 1 documents with cursorId 0 from server ac-o2suyf6-shard-00-02.7qtbnuz.mongodb.net:27017
22:49:36.789 [AsyncGetter-5-thread-1] DEBUG org.mongodb.driver.protocol.command - Sending command '{"update": "turno", "ordered": true, "txnNumber": 54, "$db": "practica03mongoIvanLoli", "$clusterTime": {"clusterTime": {"$timestamp": {"t": 1675806574, "i": 13}}, "signature": {"hash": {"$binary": {"base64": "sP9E6YLzgFLlvmsNJ+3KA9IFU5A=", "subType": "00"}}, "keyId": 7161871216054108163}}, "lsid": {"id": {"$binary": {"base64": "xbe9yt96RfCuB/EkkSIjyQ==", "subType": "04"}}}, "updates": [{"q": {"_id": {"$oid": "63e2c770285de2538ba4e3f9"}}, "u": {"_id": {"$oid": "63e2c770285de2538ba4e3f9"}, "uuid": {"$binary": {"base64": "p0gZAGmNqZO8iuqWtQVPsw==", "subType": "03"}}, "workerId": {"$binary": {"base64": "p0gHAGmNqZOcg+qWtQVPsw==", "subType": "03"}}, "maquinaId": {"$binary": {"base64": "p0gIAGmNqZO7g+qWtQVPsw==", "subType": "03"}}, "horaInicio": {"$date": "2002-10-14T10:09:00Z"}, "horaFin": {"$date": "2002-10-14T16:49:00Z"}, "numPedidosActivos": 2, "tarea1Id": {"$binary": {"base64": "p0gVAGmNqZOriuqWtQVPsw==", "subType": "03"}}, "tarea2Id": {"$binary": {"base64": "p0gRAGmNqZPKg+qWtQVPsw==", ...' with request id 157 to database practica03mongoIvanLoli on connection [connectionId{localValue:11, serverValue:216638}] to server ac-o2suyf6-shard-00-02.7qtbnuz.mongodb.net:27017
22:49:36.827 [async-channel-group-0-handler-executor] DEBUG org.mongodb.driver.protocol.command - Execution of command with request id 157 completed successfully in 38.62 ms on connection [connectionId{localValue:11, serverValue:216638}] to server ac-o2suyf6-shard-00-02.7qtbnuz.mongodb.net:27017
22:49:36.834 [DefaultDispatcher-worker-5 @coroutine#1082] DEBUG koin.repositories.turno.TurnoRepository - findById(63e2c770285de2538ba4e3f9)
22:49:36.835 [AsyncGetter-5-thread-1] DEBUG org.mongodb.driver.protocol.command - Sending command '{"find": "turno", "filter": {"_id": {"$oid": "63e2c770285de2538ba4e3f9"}}, "limit": 1, "singleBatch": true, "$db": "practica03mongoIvanLoli", "$clusterTime": {"clusterTime": {"$timestamp": {"t": 1675806574, "i": 13}}, "signature": {"hash": {"$binary": {"base64": "sP9E6YLzgFLlvmsNJ+3KA9IFU5A=", "subType": "00"}}, "keyId": 7161871216054108163}}, "lsid": {"id": {"$binary": {"base64": "xbe9yt96RfCuB/EkkSIjyQ==", "subType": "04"}}}}' with request id 158 to database practica03mongoIvanLoli on connection [connectionId{localValue:11, serverValue:216638}] to server ac-o2suyf6-shard-00-02.7qtbnuz.mongodb.net:27017
22:49:36.872 [async-channel-group-0-handler-executor] DEBUG org.mongodb.driver.protocol.command - Execution of command with request id 158 completed successfully in 37.80 ms on connection [connectionId{localValue:11, serverValue:216638}] to server ac-o2suyf6-shard-00-02.7qtbnuz.mongodb.net:27017
22:49:36.873 [async-channel-group-0-handler-executor] DEBUG org.mongodb.driver.operation - Received batch of 1 documents with cursorId 0 from server ac-o2suyf6-shard-00-02.7qtbnuz.mongodb.net:27017
22:49:36.878 [AsyncGetter-5-thread-1] DEBUG org.mongodb.driver.protocol.command - Sending command '{"update": "turno", "ordered": true, "txnNumber": 55, "$db": "practica03mongoIvanLoli", "$clusterTime": {"clusterTime": {"$timestamp": {"t": 1675806574, "i": 13}}, "signature": {"hash": {"$binary": {"base64": "sP9E6YLzgFLlvmsNJ+3KA9IFU5A=", "subType": "00"}}, "keyId": 7161871216054108163}}, "lsid": {"id": {"$binary": {"base64": "xbe9yt96RfCuB/EkkSIjyQ==", "subType": "04"}}}, "updates": [{"q": {"_id": {"$oid": "63e2c770285de2538ba4e3f9"}}, "u": {"_id": {"$oid": "63e2c770285de2538ba4e3f9"}, "uuid": {"$binary": {"base64": "p0gZAGmNqZO8iuqWtQVPsw==", "subType": "03"}}, "workerId": {"$binary": {"base64": "p0gHAGmNqZOcg+qWtQVPsw==", "subType": "03"}}, "maquinaId": {"$binary": {"base64": "p0gIAGmNqZO7g+qWtQVPsw==", "subType": "03"}}, "horaInicio": {"$date": "2002-10-14T10:09:00Z"}, "horaFin": {"$date": "2002-10-14T16:49:00Z"}, "numPedidosActivos": 2, "tarea1Id": {"$binary": {"base64": "p0gVAGmNqZOriuqWtQVPsw==", "subType": "03"}}, "tarea2Id": {"$binary": {"base64": "p0gRAGmNqZPKg+qWtQVPsw==", ...' with request id 159 to database practica03mongoIvanLoli on connection [connectionId{localValue:11, serverValue:216638}] to server ac-o2suyf6-shard-00-02.7qtbnuz.mongodb.net:27017
22:49:36.942 [async-channel-group-0-handler-executor] DEBUG org.mongodb.driver.protocol.command - Execution of command with request id 159 completed successfully in 63.87 ms on connection [connectionId{localValue:11, serverValue:216638}] to server ac-o2suyf6-shard-00-02.7qtbnuz.mongodb.net:27017
22:49:36.951 [DefaultDispatcher-worker-5 @coroutine#1087] DEBUG koin.repositories.turno.TurnoRepository - findByUUID(93a98d69-0019-48a7-b34f-05b596ea8abc)
22:49:36.955 [AsyncGetter-5-thread-1] DEBUG org.mongodb.driver.protocol.command - Sending command '{"find": "turno", "filter": {}, "batchSize": 64, "$db": "practica03mongoIvanLoli", "$clusterTime": {"clusterTime": {"$timestamp": {"t": 1675806574, "i": 13}}, "signature": {"hash": {"$binary": {"base64": "sP9E6YLzgFLlvmsNJ+3KA9IFU5A=", "subType": "00"}}, "keyId": 7161871216054108163}}, "lsid": {"id": {"$binary": {"base64": "xbe9yt96RfCuB/EkkSIjyQ==", "subType": "04"}}}}' with request id 160 to database practica03mongoIvanLoli on connection [connectionId{localValue:11, serverValue:216638}] to server ac-o2suyf6-shard-00-02.7qtbnuz.mongodb.net:27017
22:49:37.017 [async-channel-group-0-handler-executor] DEBUG org.mongodb.driver.protocol.command - Execution of command with request id 160 completed successfully in 62.39 ms on connection [connectionId{localValue:11, serverValue:216638}] to server ac-o2suyf6-shard-00-02.7qtbnuz.mongodb.net:27017
22:49:37.017 [async-channel-group-0-handler-executor] DEBUG org.mongodb.driver.operation - Received batch of 1 documents with cursorId 0 from server ac-o2suyf6-shard-00-02.7qtbnuz.mongodb.net:27017
22:49:37.025 [AsyncGetter-5-thread-1] DEBUG org.mongodb.driver.protocol.command - Sending command '{"update": "turno", "ordered": true, "txnNumber": 56, "$db": "practica03mongoIvanLoli", "$clusterTime": {"clusterTime": {"$timestamp": {"t": 1675806574, "i": 13}}, "signature": {"hash": {"$binary": {"base64": "sP9E6YLzgFLlvmsNJ+3KA9IFU5A=", "subType": "00"}}, "keyId": 7161871216054108163}}, "lsid": {"id": {"$binary": {"base64": "xbe9yt96RfCuB/EkkSIjyQ==", "subType": "04"}}}, "updates": [{"q": {"_id": {"$oid": "63e2c770285de2538ba4e3f9"}}, "u": {"_id": {"$oid": "63e2c770285de2538ba4e3f9"}, "uuid": {"$binary": {"base64": "p0gZAGmNqZO8iuqWtQVPsw==", "subType": "03"}}, "workerId": {"$binary": {"base64": "p0gHAGmNqZOcg+qWtQVPsw==", "subType": "03"}}, "maquinaId": {"$binary": {"base64": "p0gIAGmNqZO7g+qWtQVPsw==", "subType": "03"}}, "horaInicio": {"$date": "2002-10-14T10:09:00Z"}, "horaFin": {"$date": "2002-10-14T16:49:00Z"}, "numPedidosActivos": 2, "tarea1Id": {"$binary": {"base64": "p0gVAGmNqZOriuqWtQVPsw==", "subType": "03"}}, "tarea2Id": {"$binary": {"base64": "p0gRAGmNqZPKg+qWtQVPsw==", ...' with request id 161 to database practica03mongoIvanLoli on connection [connectionId{localValue:11, serverValue:216638}] to server ac-o2suyf6-shard-00-02.7qtbnuz.mongodb.net:27017
22:49:37.052 [cluster-rtt-ClusterId{value='63e2c73e285de2538ba4e012', description='null'}-ac-o2suyf6-shard-00-02.7qtbnuz.mongodb.net:27017] DEBUG org.mongodb.driver.protocol.command - Sending command '{"hello": 1, "$db": "admin", "$clusterTime": {"clusterTime": {"$timestamp": {"t": 1675806574, "i": 13}}, "signature": {"hash": {"$binary": {"base64": "sP9E6YLzgFLlvmsNJ+3KA9IFU5A=", "subType": "00"}}, "keyId": 7161871216054108163}}}' with request id 162 to database admin on connection [connectionId{localValue:5, serverValue:216574}] to server ac-o2suyf6-shard-00-02.7qtbnuz.mongodb.net:27017
22:49:37.052 [cluster-rtt-ClusterId{value='63e2c73e285de2538ba4e012', description='null'}-ac-o2suyf6-shard-00-00.7qtbnuz.mongodb.net:27017] DEBUG org.mongodb.driver.protocol.command - Sending command '{"hello": 1, "$db": "admin", "$clusterTime": {"clusterTime": {"$timestamp": {"t": 1675806574, "i": 13}}, "signature": {"hash": {"$binary": {"base64": "sP9E6YLzgFLlvmsNJ+3KA9IFU5A=", "subType": "00"}}, "keyId": 7161871216054108163}}}' with request id 163 to database admin on connection [connectionId{localValue:6, serverValue:217233}] to server ac-o2suyf6-shard-00-00.7qtbnuz.mongodb.net:27017
22:49:37.053 [cluster-rtt-ClusterId{value='63e2c73e285de2538ba4e012', description='null'}-ac-o2suyf6-shard-00-01.7qtbnuz.mongodb.net:27017] DEBUG org.mongodb.driver.protocol.command - Sending command '{"hello": 1, "$db": "admin", "$clusterTime": {"clusterTime": {"$timestamp": {"t": 1675806574, "i": 13}}, "signature": {"hash": {"$binary": {"base64": "sP9E6YLzgFLlvmsNJ+3KA9IFU5A=", "subType": "00"}}, "keyId": 7161871216054108163}}}' with request id 164 to database admin on connection [connectionId{localValue:4, serverValue:212769}] to server ac-o2suyf6-shard-00-01.7qtbnuz.mongodb.net:27017
22:49:37.063 [async-channel-group-0-handler-executor] DEBUG org.mongodb.driver.protocol.command - Execution of command with request id 161 completed successfully in 38.67 ms on connection [connectionId{localValue:11, serverValue:216638}] to server ac-o2suyf6-shard-00-02.7qtbnuz.mongodb.net:27017
22:49:37.069 [DefaultDispatcher-worker-5 @coroutine#1092] DEBUG koin.repositories.turno.TurnoRepository - save(Turno(id=63e2c770285de2538ba4e3f9, uuid=93a98d69-0019-48a7-b34f-05b596ea8abc, workerId=93a98d69-0007-48a7-b34f-05b596ea839c, maquinaId=93a98d69-0008-48a7-b34f-05b596ea83bb, horaInicio=2002-10-14T10:09, horaFin=2002-10-14T16:49, numPedidosActivos=2, tarea1Id=93a98d69-0015-48a7-b34f-05b596ea8aab, tarea2Id=93a98d69-0011-48a7-b34f-05b596ea83ca, finalizado=false))
22:49:37.071 [AsyncGetter-5-thread-1] DEBUG org.mongodb.driver.protocol.command - Sending command '{"update": "turno", "ordered": true, "txnNumber": 57, "$db": "practica03mongoIvanLoli", "$clusterTime": {"clusterTime": {"$timestamp": {"t": 1675806574, "i": 13}}, "signature": {"hash": {"$binary": {"base64": "sP9E6YLzgFLlvmsNJ+3KA9IFU5A=", "subType": "00"}}, "keyId": 7161871216054108163}}, "lsid": {"id": {"$binary": {"base64": "xbe9yt96RfCuB/EkkSIjyQ==", "subType": "04"}}}, "updates": [{"q": {"_id": {"$oid": "63e2c770285de2538ba4e3f9"}}, "u": {"_id": {"$oid": "63e2c770285de2538ba4e3f9"}, "uuid": {"$binary": {"base64": "p0gZAGmNqZO8iuqWtQVPsw==", "subType": "03"}}, "workerId": {"$binary": {"base64": "p0gHAGmNqZOcg+qWtQVPsw==", "subType": "03"}}, "maquinaId": {"$binary": {"base64": "p0gIAGmNqZO7g+qWtQVPsw==", "subType": "03"}}, "horaInicio": {"$date": "2002-10-14T10:09:00Z"}, "horaFin": {"$date": "2002-10-14T16:49:00Z"}, "numPedidosActivos": 2, "tarea1Id": {"$binary": {"base64": "p0gVAGmNqZOriuqWtQVPsw==", "subType": "03"}}, "tarea2Id": {"$binary": {"base64": "p0gRAGmNqZPKg+qWtQVPsw==", ...' with request id 165 to database practica03mongoIvanLoli on connection [connectionId{localValue:11, serverValue:216638}] to server ac-o2suyf6-shard-00-02.7qtbnuz.mongodb.net:27017
22:49:37.090 [cluster-rtt-ClusterId{value='63e2c73e285de2538ba4e012', description='null'}-ac-o2suyf6-shard-00-02.7qtbnuz.mongodb.net:27017] DEBUG org.mongodb.driver.protocol.command - Execution of command with request id 162 completed successfully in 38.41 ms on connection [connectionId{localValue:5, serverValue:216574}] to server ac-o2suyf6-shard-00-02.7qtbnuz.mongodb.net:27017
22:49:37.090 [cluster-rtt-ClusterId{value='63e2c73e285de2538ba4e012', description='null'}-ac-o2suyf6-shard-00-01.7qtbnuz.mongodb.net:27017] DEBUG org.mongodb.driver.protocol.command - Execution of command with request id 164 completed successfully in 37.89 ms on connection [connectionId{localValue:4, serverValue:212769}] to server ac-o2suyf6-shard-00-01.7qtbnuz.mongodb.net:27017
22:49:37.090 [cluster-rtt-ClusterId{value='63e2c73e285de2538ba4e012', description='null'}-ac-o2suyf6-shard-00-00.7qtbnuz.mongodb.net:27017] DEBUG org.mongodb.driver.protocol.command - Execution of command with request id 163 completed successfully in 38.41 ms on connection [connectionId{localValue:6, serverValue:217233}] to server ac-o2suyf6-shard-00-00.7qtbnuz.mongodb.net:27017
22:49:37.109 [async-channel-group-0-handler-executor] DEBUG org.mongodb.driver.protocol.command - Execution of command with request id 165 completed successfully in 38.49 ms on connection [connectionId{localValue:11, serverValue:216638}] to server ac-o2suyf6-shard-00-02.7qtbnuz.mongodb.net:27017
22:49:37.114 [AsyncGetter-5-thread-1] DEBUG org.mongodb.driver.protocol.command - Sending command '{"update": "turno", "ordered": true, "txnNumber": 58, "$db": "practica03mongoIvanLoli", "$clusterTime": {"clusterTime": {"$timestamp": {"t": 1675806574, "i": 13}}, "signature": {"hash": {"$binary": {"base64": "sP9E6YLzgFLlvmsNJ+3KA9IFU5A=", "subType": "00"}}, "keyId": 7161871216054108163}}, "lsid": {"id": {"$binary": {"base64": "xbe9yt96RfCuB/EkkSIjyQ==", "subType": "04"}}}, "updates": [{"q": {"_id": {"$oid": "63e2c770285de2538ba4e3f9"}}, "u": {"_id": {"$oid": "63e2c770285de2538ba4e3f9"}, "uuid": {"$binary": {"base64": "p0gZAGmNqZO8iuqWtQVPsw==", "subType": "03"}}, "workerId": {"$binary": {"base64": "p0gHAGmNqZOcg+qWtQVPsw==", "subType": "03"}}, "maquinaId": {"$binary": {"base64": "p0gIAGmNqZO7g+qWtQVPsw==", "subType": "03"}}, "horaInicio": {"$date": "2002-10-14T10:09:00Z"}, "horaFin": {"$date": "2002-10-14T16:49:00Z"}, "numPedidosActivos": 2, "tarea1Id": {"$binary": {"base64": "p0gVAGmNqZOriuqWtQVPsw==", "subType": "03"}}, "tarea2Id": {"$binary": {"base64": "p0gRAGmNqZPKg+qWtQVPsw==", ...' with request id 166 to database practica03mongoIvanLoli on connection [connectionId{localValue:11, serverValue:216638}] to server ac-o2suyf6-shard-00-02.7qtbnuz.mongodb.net:27017
22:49:37.164 [cluster-ClusterId{value='63e2c73e285de2538ba4e012', description='null'}-ac-o2suyf6-shard-00-02.7qtbnuz.mongodb.net:27017] DEBUG org.mongodb.driver.cluster - Updating cluster description to  {type=REPLICA_SET, servers=[{address=ac-o2suyf6-shard-00-00.7qtbnuz.mongodb.net:27017, type=REPLICA_SET_SECONDARY, TagSet{[Tag{name='nodeType', value='ELECTABLE'}, Tag{name='provider', value='AWS'}, Tag{name='region', value='EU_WEST_3'}, Tag{name='workloadType', value='OPERATIONAL'}]}, roundTripTime=53.9 ms, state=CONNECTED}, {address=ac-o2suyf6-shard-00-02.7qtbnuz.mongodb.net:27017, type=REPLICA_SET_PRIMARY, TagSet{[Tag{name='nodeType', value='ELECTABLE'}, Tag{name='provider', value='AWS'}, Tag{name='region', value='EU_WEST_3'}, Tag{name='workloadType', value='OPERATIONAL'}]}, roundTripTime=50.9 ms, state=CONNECTED}, {address=ac-o2suyf6-shard-00-01.7qtbnuz.mongodb.net:27017, type=REPLICA_SET_SECONDARY, TagSet{[Tag{name='nodeType', value='ELECTABLE'}, Tag{name='provider', value='AWS'}, Tag{name='region', value='EU_WEST_3'}, Tag{name='workloadType', value='OPERATIONAL'}]}, roundTripTime=53.9 ms, state=CONNECTED}]
22:49:37.164 [cluster-ClusterId{value='63e2c73e285de2538ba4e012', description='null'}-ac-o2suyf6-shard-00-02.7qtbnuz.mongodb.net:27017] DEBUG org.mongodb.driver.cluster - Checking status of ac-o2suyf6-shard-00-02.7qtbnuz.mongodb.net:27017
22:49:37.164 [async-channel-group-0-handler-executor] DEBUG org.mongodb.driver.protocol.command - Execution of command with request id 166 completed successfully in 50.09 ms on connection [connectionId{localValue:11, serverValue:216638}] to server ac-o2suyf6-shard-00-02.7qtbnuz.mongodb.net:27017
22:49:37.165 [cluster-ClusterId{value='63e2c73e285de2538ba4e012', description='null'}-ac-o2suyf6-shard-00-01.7qtbnuz.mongodb.net:27017] DEBUG org.mongodb.driver.cluster - Updating cluster description to  {type=REPLICA_SET, servers=[{address=ac-o2suyf6-shard-00-00.7qtbnuz.mongodb.net:27017, type=REPLICA_SET_SECONDARY, TagSet{[Tag{name='nodeType', value='ELECTABLE'}, Tag{name='provider', value='AWS'}, Tag{name='region', value='EU_WEST_3'}, Tag{name='workloadType', value='OPERATIONAL'}]}, roundTripTime=53.9 ms, state=CONNECTED}, {address=ac-o2suyf6-shard-00-02.7qtbnuz.mongodb.net:27017, type=REPLICA_SET_PRIMARY, TagSet{[Tag{name='nodeType', value='ELECTABLE'}, Tag{name='provider', value='AWS'}, Tag{name='region', value='EU_WEST_3'}, Tag{name='workloadType', value='OPERATIONAL'}]}, roundTripTime=50.9 ms, state=CONNECTED}, {address=ac-o2suyf6-shard-00-01.7qtbnuz.mongodb.net:27017, type=REPLICA_SET_SECONDARY, TagSet{[Tag{name='nodeType', value='ELECTABLE'}, Tag{name='provider', value='AWS'}, Tag{name='region', value='EU_WEST_3'}, Tag{name='workloadType', value='OPERATIONAL'}]}, roundTripTime=50.9 ms, state=CONNECTED}]
22:49:37.165 [cluster-ClusterId{value='63e2c73e285de2538ba4e012', description='null'}-ac-o2suyf6-shard-00-01.7qtbnuz.mongodb.net:27017] DEBUG org.mongodb.driver.cluster - Checking status of ac-o2suyf6-shard-00-01.7qtbnuz.mongodb.net:27017
22:49:37.165 [cluster-ClusterId{value='63e2c73e285de2538ba4e012', description='null'}-ac-o2suyf6-shard-00-00.7qtbnuz.mongodb.net:27017] DEBUG org.mongodb.driver.cluster - Updating cluster description to  {type=REPLICA_SET, servers=[{address=ac-o2suyf6-shard-00-00.7qtbnuz.mongodb.net:27017, type=REPLICA_SET_SECONDARY, TagSet{[Tag{name='nodeType', value='ELECTABLE'}, Tag{name='provider', value='AWS'}, Tag{name='region', value='EU_WEST_3'}, Tag{name='workloadType', value='OPERATIONAL'}]}, roundTripTime=50.9 ms, state=CONNECTED}, {address=ac-o2suyf6-shard-00-02.7qtbnuz.mongodb.net:27017, type=REPLICA_SET_PRIMARY, TagSet{[Tag{name='nodeType', value='ELECTABLE'}, Tag{name='provider', value='AWS'}, Tag{name='region', value='EU_WEST_3'}, Tag{name='workloadType', value='OPERATIONAL'}]}, roundTripTime=50.9 ms, state=CONNECTED}, {address=ac-o2suyf6-shard-00-01.7qtbnuz.mongodb.net:27017, type=REPLICA_SET_SECONDARY, TagSet{[Tag{name='nodeType', value='ELECTABLE'}, Tag{name='provider', value='AWS'}, Tag{name='region', value='EU_WEST_3'}, Tag{name='workloadType', value='OPERATIONAL'}]}, roundTripTime=50.9 ms, state=CONNECTED}]
22:49:37.165 [cluster-ClusterId{value='63e2c73e285de2538ba4e012', description='null'}-ac-o2suyf6-shard-00-00.7qtbnuz.mongodb.net:27017] DEBUG org.mongodb.driver.cluster - Checking status of ac-o2suyf6-shard-00-00.7qtbnuz.mongodb.net:27017
22:49:37.169 [DefaultDispatcher-worker-5 @coroutine#1097] DEBUG koin.repositories.turno.TurnoRepository - findById(63e2c771285de2538ba4e3fa)
22:49:37.170 [AsyncGetter-5-thread-1] DEBUG org.mongodb.driver.protocol.command - Sending command '{"find": "turno", "filter": {"_id": {"$oid": "63e2c771285de2538ba4e3fa"}}, "limit": 1, "singleBatch": true, "$db": "practica03mongoIvanLoli", "$clusterTime": {"clusterTime": {"$timestamp": {"t": 1675806575, "i": 15}}, "signature": {"hash": {"$binary": {"base64": "+JBPArXVhDr68lLtPhXdCI1BGT4=", "subType": "00"}}, "keyId": 7161871216054108163}}, "lsid": {"id": {"$binary": {"base64": "xbe9yt96RfCuB/EkkSIjyQ==", "subType": "04"}}}}' with request id 167 to database practica03mongoIvanLoli on connection [connectionId{localValue:11, serverValue:216638}] to server ac-o2suyf6-shard-00-02.7qtbnuz.mongodb.net:27017
22:49:37.209 [async-channel-group-0-handler-executor] DEBUG org.mongodb.driver.protocol.command - Execution of command with request id 167 completed successfully in 39.01 ms on connection [connectionId{localValue:11, serverValue:216638}] to server ac-o2suyf6-shard-00-02.7qtbnuz.mongodb.net:27017
22:49:37.209 [async-channel-group-0-handler-executor] DEBUG org.mongodb.driver.operation - Received batch of 0 documents with cursorId 0 from server ac-o2suyf6-shard-00-02.7qtbnuz.mongodb.net:27017
22:49:37.212 [AsyncGetter-5-thread-1] DEBUG org.mongodb.driver.protocol.command - Sending command '{"update": "turno", "ordered": true, "txnNumber": 59, "$db": "practica03mongoIvanLoli", "$clusterTime": {"clusterTime": {"$timestamp": {"t": 1675806575, "i": 16}}, "signature": {"hash": {"$binary": {"base64": "+JBPArXVhDr68lLtPhXdCI1BGT4=", "subType": "00"}}, "keyId": 7161871216054108163}}, "lsid": {"id": {"$binary": {"base64": "xbe9yt96RfCuB/EkkSIjyQ==", "subType": "04"}}}, "updates": [{"q": {"_id": {"$oid": "63e2c770285de2538ba4e3f9"}}, "u": {"_id": {"$oid": "63e2c770285de2538ba4e3f9"}, "uuid": {"$binary": {"base64": "p0gZAGmNqZO8iuqWtQVPsw==", "subType": "03"}}, "workerId": {"$binary": {"base64": "p0gHAGmNqZOcg+qWtQVPsw==", "subType": "03"}}, "maquinaId": {"$binary": {"base64": "p0gIAGmNqZO7g+qWtQVPsw==", "subType": "03"}}, "horaInicio": {"$date": "2002-10-14T10:09:00Z"}, "horaFin": {"$date": "2002-10-14T16:49:00Z"}, "numPedidosActivos": 2, "tarea1Id": {"$binary": {"base64": "p0gVAGmNqZOriuqWtQVPsw==", "subType": "03"}}, "tarea2Id": {"$binary": {"base64": "p0gRAGmNqZPKg+qWtQVPsw==", ...' with request id 168 to database practica03mongoIvanLoli on connection [connectionId{localValue:11, serverValue:216638}] to server ac-o2suyf6-shard-00-02.7qtbnuz.mongodb.net:27017
22:49:37.253 [async-channel-group-0-handler-executor] DEBUG org.mongodb.driver.protocol.command - Execution of command with request id 168 completed successfully in 41.41 ms on connection [connectionId{localValue:11, serverValue:216638}] to server ac-o2suyf6-shard-00-02.7qtbnuz.mongodb.net:27017
22:49:37.257 [DefaultDispatcher-worker-5 @coroutine#1102] DEBUG koin.repositories.turno.TurnoRepository - delete(63e2c771285de2538ba4e3fb)
22:49:37.259 [AsyncGetter-5-thread-1] DEBUG org.mongodb.driver.protocol.command - Sending command '{"find": "turno", "filter": {"_id": {"$oid": "63e2c771285de2538ba4e3fb"}}, "limit": 1, "singleBatch": true, "$db": "practica03mongoIvanLoli", "$clusterTime": {"clusterTime": {"$timestamp": {"t": 1675806575, "i": 16}}, "signature": {"hash": {"$binary": {"base64": "+JBPArXVhDr68lLtPhXdCI1BGT4=", "subType": "00"}}, "keyId": 7161871216054108163}}, "lsid": {"id": {"$binary": {"base64": "xbe9yt96RfCuB/EkkSIjyQ==", "subType": "04"}}}}' with request id 169 to database practica03mongoIvanLoli on connection [connectionId{localValue:11, serverValue:216638}] to server ac-o2suyf6-shard-00-02.7qtbnuz.mongodb.net:27017
22:49:37.298 [async-channel-group-0-handler-executor] DEBUG org.mongodb.driver.protocol.command - Execution of command with request id 169 completed successfully in 39.39 ms on connection [connectionId{localValue:11, serverValue:216638}] to server ac-o2suyf6-shard-00-02.7qtbnuz.mongodb.net:27017
22:49:37.299 [async-channel-group-0-handler-executor] DEBUG org.mongodb.driver.operation - Received batch of 0 documents with cursorId 0 from server ac-o2suyf6-shard-00-02.7qtbnuz.mongodb.net:27017
22:49:37.300 [AsyncGetter-5-thread-1] DEBUG org.mongodb.driver.protocol.command - Sending command '{"delete": "turno", "ordered": true, "txnNumber": 60, "$db": "practica03mongoIvanLoli", "$clusterTime": {"clusterTime": {"$timestamp": {"t": 1675806575, "i": 17}}, "signature": {"hash": {"$binary": {"base64": "+JBPArXVhDr68lLtPhXdCI1BGT4=", "subType": "00"}}, "keyId": 7161871216054108163}}, "lsid": {"id": {"$binary": {"base64": "xbe9yt96RfCuB/EkkSIjyQ==", "subType": "04"}}}, "deletes": [{"q": {"_id": {"$oid": "63e2c771285de2538ba4e3fb"}}, "limit": 1}]}' with request id 170 to database practica03mongoIvanLoli on connection [connectionId{localValue:11, serverValue:216638}] to server ac-o2suyf6-shard-00-02.7qtbnuz.mongodb.net:27017
22:49:37.339 [async-channel-group-0-handler-executor] DEBUG org.mongodb.driver.protocol.command - Execution of command with request id 170 completed successfully in 38.50 ms on connection [connectionId{localValue:11, serverValue:216638}] to server ac-o2suyf6-shard-00-02.7qtbnuz.mongodb.net:27017
22:49:37.343 [AsyncGetter-5-thread-1] DEBUG org.mongodb.driver.protocol.command - Sending command '{"drop": "turno", "$db": "practica03mongoIvanLoli", "$clusterTime": {"clusterTime": {"$timestamp": {"t": 1675806575, "i": 17}}, "signature": {"hash": {"$binary": {"base64": "+JBPArXVhDr68lLtPhXdCI1BGT4=", "subType": "00"}}, "keyId": 7161871216054108163}}, "lsid": {"id": {"$binary": {"base64": "xbe9yt96RfCuB/EkkSIjyQ==", "subType": "04"}}}}' with request id 171 to database practica03mongoIvanLoli on connection [connectionId{localValue:11, serverValue:216638}] to server ac-o2suyf6-shard-00-02.7qtbnuz.mongodb.net:27017
22:49:37.398 [async-channel-group-0-handler-executor] DEBUG org.mongodb.driver.protocol.command - Execution of command with request id 171 completed successfully in 55.33 ms on connection [connectionId{localValue:11, serverValue:216638}] to server ac-o2suyf6-shard-00-02.7qtbnuz.mongodb.net:27017
]]></system-out>
  <system-err><![CDATA[]]></system-err>
</testsuite>
