<?xml version="1.0" encoding="UTF-8"?>
<testsuite name="koin.repositories.user.UserRepositoryCachedTest" tests="11" skipped="0" failures="0" errors="0" timestamp="2023-02-07T21:49:37" hostname="LOLI-LAPTOP" time="10.758">
  <properties/>
  <testcase name="delete()" classname="koin.repositories.user.UserRepositoryCachedTest" time="0.017"/>
  <testcase name="findAll()" classname="koin.repositories.user.UserRepositoryCachedTest" time="3.399"/>
  <testcase name="findById()" classname="koin.repositories.user.UserRepositoryCachedTest" time="0.009"/>
  <testcase name="findByUUID()" classname="koin.repositories.user.UserRepositoryCachedTest" time="0.009"/>
  <testcase name="save()" classname="koin.repositories.user.UserRepositoryCachedTest" time="0.009"/>
  <testcase name="findByUUIDNotExists()" classname="koin.repositories.user.UserRepositoryCachedTest" time="0.007"/>
  <testcase name="findByIdNotExists()" classname="koin.repositories.user.UserRepositoryCachedTest" time="0.006"/>
  <testcase name="findByEmail()" classname="koin.repositories.user.UserRepositoryCachedTest" time="3.396"/>
  <testcase name="findByPhone()" classname="koin.repositories.user.UserRepositoryCachedTest" time="3.416"/>
  <testcase name="findByIdNumerical()" classname="koin.repositories.user.UserRepositoryCachedTest" time="0.482"/>
  <testcase name="setInactive()" classname="koin.repositories.user.UserRepositoryCachedTest" time="0.008"/>
  <system-out><![CDATA[22:49:37.403 [Test worker] DEBUG koin.services.cache.user.UserCache - Initializing UserCache...
22:49:37.406 [Test worker] DEBUG io.mockk.impl.instantiation.AbstractMockFactory - Creating spyk for UserCache name=cache#725
22:49:37.436 [Test worker] DEBUG io.mockk.impl.instantiation.AbstractMockFactory - Creating mockk for UserRepository name=repo#726
22:49:37.473 [DefaultDispatcher-worker-5 @coroutine#1106] DEBUG io.mockk.impl.recording.states.AnsweringState - Answering 60000 on UserCache(cache#725).getRefreshTime()
22:49:37.478 [Test worker @coroutine#1107] DEBUG io.mockk.impl.instantiation.AbstractMockFactory - Creating mockk for User name=child of repo#726#727
22:49:37.482 [Test worker @coroutine#1107] DEBUG io.mockk.impl.instantiation.AbstractMockFactory - Creating mockk for User name=child of repo#726#728
22:49:37.484 [DefaultDispatcher-worker-5] DEBUG io.mockk.impl.recording.states.AnsweringState - Answering User(id=63e2c771285de2538ba4e3fc, uuid=93a98d69-0000-1111-0000-05b596ea83ba, nombre=loli, apellido=test, telefono=123456789, email=loli@test.com, password=lolitest, perfil=ADMIN, activo=true) on UserRepository(repo#726).delete(63e2c771285de2538ba4e3fc, continuation {})
22:49:37.485 [DefaultDispatcher-worker-5] DEBUG io.mockk.impl.recording.states.AnsweringState - Answering io.github.reactivecircus.cache4k.RealCache@25334132 on UserCache(cache#725).getCache()
22:49:37.493 [Test worker @coroutine#1115] DEBUG io.mockk.impl.instantiation.AbstractMockFactory - Creating mockk for Flow name=child of repo#726#729
22:49:37.496 [DefaultDispatcher-worker-5] DEBUG io.mockk.impl.recording.states.AnsweringState - Answering kotlinx.coroutines.flow.FlowKt__BuildersKt$flowOf$$inlined$unsafeFlow$2@1c1e336c on UserRepository(repo#726).findAll(continuation {})
22:49:40.892 [Test worker @coroutine#1134] DEBUG io.mockk.impl.instantiation.AbstractMockFactory - Creating mockk for User name=child of repo#726#730
22:49:40.894 [DefaultDispatcher-worker-12] DEBUG io.mockk.impl.recording.states.AnsweringState - Answering User(id=63e2c771285de2538ba4e3fc, uuid=93a98d69-0000-1111-0000-05b596ea83ba, nombre=loli, apellido=test, telefono=123456789, email=loli@test.com, password=lolitest, perfil=ADMIN, activo=true) on UserRepository(repo#726).findById(63e2c771285de2538ba4e3fc, continuation {})
22:49:40.902 [Test worker @coroutine#1140] DEBUG io.mockk.impl.instantiation.AbstractMockFactory - Creating mockk for User name=child of repo#726#731
22:49:40.903 [DefaultDispatcher-worker-12] DEBUG io.mockk.impl.recording.states.AnsweringState - Answering io.github.reactivecircus.cache4k.RealCache@25334132 on UserCache(cache#725).getCache()
22:49:40.904 [DefaultDispatcher-worker-12] DEBUG io.mockk.impl.recording.states.AnsweringState - Answering User(id=63e2c771285de2538ba4e3fc, uuid=93a98d69-0000-1111-0000-05b596ea83ba, nombre=loli, apellido=test, telefono=123456789, email=loli@test.com, password=lolitest, perfil=ADMIN, activo=true) on UserRepository(repo#726).findByUUID(93a98d69-0000-1111-0000-05b596ea83ba, continuation {})
22:49:40.908 [Test worker @background work runner#1143] DEBUG io.mockk.impl.instantiation.AbstractMockFactory - Creating mockk for User name=child of repo#726#732
22:49:40.912 [Test worker @coroutine#1146] DEBUG io.mockk.impl.instantiation.AbstractMockFactory - Creating mockk for User name=child of repo#726#733
22:49:40.913 [DefaultDispatcher-worker-12] DEBUG io.mockk.impl.recording.states.AnsweringState - Answering User(id=63e2c771285de2538ba4e3fc, uuid=93a98d69-0000-1111-0000-05b596ea83ba, nombre=loli, apellido=test, telefono=123456789, email=loli@test.com, password=lolitest, perfil=ADMIN, activo=true) on UserRepository(repo#726).save(User(id=63e2c771285de2538ba4e3fc, uuid=93a98d69-0000-1111-0000-05b596ea83ba, nombre=loli, apellido=test, telefono=123456789, email=loli@test.com, password=lolitest, perfil=ADMIN, activo=true), continuation {})
22:49:40.921 [DefaultDispatcher-worker-12] DEBUG io.mockk.impl.recording.states.AnsweringState - Answering io.github.reactivecircus.cache4k.RealCache@25334132 on UserCache(cache#725).getCache()
22:49:40.922 [DefaultDispatcher-worker-12] DEBUG io.mockk.impl.recording.states.AnsweringState - Answering null on UserRepository(repo#726).findByUUID(ddbe9e3a-b667-467f-9f36-8bc703d7baa0, continuation {})
22:49:40.928 [DefaultDispatcher-worker-12] DEBUG io.mockk.impl.recording.states.AnsweringState - Answering null on UserRepository(repo#726).findById(63e2c774285de2538ba4e407, continuation {})
22:49:40.935 [DefaultDispatcher-worker-12] DEBUG io.mockk.impl.recording.states.AnsweringState - Answering kotlinx.coroutines.flow.FlowKt__BuildersKt$flowOf$$inlined$unsafeFlow$2@79a52d84 on UserRepository(repo#726).findAll(continuation {})
22:49:44.330 [DefaultDispatcher-worker-9] DEBUG io.mockk.impl.recording.states.AnsweringState - Answering kotlinx.coroutines.flow.FlowKt__BuildersKt$flowOf$$inlined$unsafeFlow$2@767d741f on UserRepository(repo#726).findAll(continuation {})
22:49:47.102 [cluster-rtt-ClusterId{value='63e2c73e285de2538ba4e012', description='null'}-ac-o2suyf6-shard-00-01.7qtbnuz.mongodb.net:27017] DEBUG org.mongodb.driver.protocol.command - Sending command '{"hello": 1, "$db": "admin", "$clusterTime": {"clusterTime": {"$timestamp": {"t": 1675806575, "i": 19}}, "signature": {"hash": {"$binary": {"base64": "+JBPArXVhDr68lLtPhXdCI1BGT4=", "subType": "00"}}, "keyId": 7161871216054108163}}}' with request id 172 to database admin on connection [connectionId{localValue:4, serverValue:212769}] to server ac-o2suyf6-shard-00-01.7qtbnuz.mongodb.net:27017
22:49:47.102 [cluster-rtt-ClusterId{value='63e2c73e285de2538ba4e012', description='null'}-ac-o2suyf6-shard-00-00.7qtbnuz.mongodb.net:27017] DEBUG org.mongodb.driver.protocol.command - Sending command '{"hello": 1, "$db": "admin", "$clusterTime": {"clusterTime": {"$timestamp": {"t": 1675806575, "i": 19}}, "signature": {"hash": {"$binary": {"base64": "+JBPArXVhDr68lLtPhXdCI1BGT4=", "subType": "00"}}, "keyId": 7161871216054108163}}}' with request id 174 to database admin on connection [connectionId{localValue:6, serverValue:217233}] to server ac-o2suyf6-shard-00-00.7qtbnuz.mongodb.net:27017
22:49:47.102 [cluster-rtt-ClusterId{value='63e2c73e285de2538ba4e012', description='null'}-ac-o2suyf6-shard-00-02.7qtbnuz.mongodb.net:27017] DEBUG org.mongodb.driver.protocol.command - Sending command '{"hello": 1, "$db": "admin", "$clusterTime": {"clusterTime": {"$timestamp": {"t": 1675806575, "i": 19}}, "signature": {"hash": {"$binary": {"base64": "+JBPArXVhDr68lLtPhXdCI1BGT4=", "subType": "00"}}, "keyId": 7161871216054108163}}}' with request id 173 to database admin on connection [connectionId{localValue:5, serverValue:216574}] to server ac-o2suyf6-shard-00-02.7qtbnuz.mongodb.net:27017
22:49:47.141 [cluster-rtt-ClusterId{value='63e2c73e285de2538ba4e012', description='null'}-ac-o2suyf6-shard-00-02.7qtbnuz.mongodb.net:27017] DEBUG org.mongodb.driver.protocol.command - Execution of command with request id 173 completed successfully in 38.47 ms on connection [connectionId{localValue:5, serverValue:216574}] to server ac-o2suyf6-shard-00-02.7qtbnuz.mongodb.net:27017
22:49:47.141 [cluster-rtt-ClusterId{value='63e2c73e285de2538ba4e012', description='null'}-ac-o2suyf6-shard-00-00.7qtbnuz.mongodb.net:27017] DEBUG org.mongodb.driver.protocol.command - Execution of command with request id 174 completed successfully in 38.48 ms on connection [connectionId{localValue:6, serverValue:217233}] to server ac-o2suyf6-shard-00-00.7qtbnuz.mongodb.net:27017
22:49:47.141 [cluster-rtt-ClusterId{value='63e2c73e285de2538ba4e012', description='null'}-ac-o2suyf6-shard-00-01.7qtbnuz.mongodb.net:27017] DEBUG org.mongodb.driver.protocol.command - Execution of command with request id 172 completed successfully in 38.47 ms on connection [connectionId{localValue:4, serverValue:212769}] to server ac-o2suyf6-shard-00-01.7qtbnuz.mongodb.net:27017
22:49:47.141 [cluster-ClusterId{value='63e2c73e285de2538ba4e012', description='null'}-ac-o2suyf6-shard-00-02.7qtbnuz.mongodb.net:27017] DEBUG org.mongodb.driver.cluster - Updating cluster description to  {type=REPLICA_SET, servers=[{address=ac-o2suyf6-shard-00-00.7qtbnuz.mongodb.net:27017, type=REPLICA_SET_SECONDARY, TagSet{[Tag{name='nodeType', value='ELECTABLE'}, Tag{name='provider', value='AWS'}, Tag{name='region', value='EU_WEST_3'}, Tag{name='workloadType', value='OPERATIONAL'}]}, roundTripTime=50.9 ms, state=CONNECTED}, {address=ac-o2suyf6-shard-00-02.7qtbnuz.mongodb.net:27017, type=REPLICA_SET_PRIMARY, TagSet{[Tag{name='nodeType', value='ELECTABLE'}, Tag{name='provider', value='AWS'}, Tag{name='region', value='EU_WEST_3'}, Tag{name='workloadType', value='OPERATIONAL'}]}, roundTripTime=50.9 ms, state=CONNECTED}, {address=ac-o2suyf6-shard-00-01.7qtbnuz.mongodb.net:27017, type=REPLICA_SET_SECONDARY, TagSet{[Tag{name='nodeType', value='ELECTABLE'}, Tag{name='provider', value='AWS'}, Tag{name='region', value='EU_WEST_3'}, Tag{name='workloadType', value='OPERATIONAL'}]}, roundTripTime=50.9 ms, state=CONNECTED}]
22:49:47.141 [cluster-ClusterId{value='63e2c73e285de2538ba4e012', description='null'}-ac-o2suyf6-shard-00-02.7qtbnuz.mongodb.net:27017] DEBUG org.mongodb.driver.cluster - Checking status of ac-o2suyf6-shard-00-02.7qtbnuz.mongodb.net:27017
22:49:47.141 [cluster-ClusterId{value='63e2c73e285de2538ba4e012', description='null'}-ac-o2suyf6-shard-00-01.7qtbnuz.mongodb.net:27017] DEBUG org.mongodb.driver.cluster - Updating cluster description to  {type=REPLICA_SET, servers=[{address=ac-o2suyf6-shard-00-00.7qtbnuz.mongodb.net:27017, type=REPLICA_SET_SECONDARY, TagSet{[Tag{name='nodeType', value='ELECTABLE'}, Tag{name='provider', value='AWS'}, Tag{name='region', value='EU_WEST_3'}, Tag{name='workloadType', value='OPERATIONAL'}]}, roundTripTime=50.9 ms, state=CONNECTED}, {address=ac-o2suyf6-shard-00-02.7qtbnuz.mongodb.net:27017, type=REPLICA_SET_PRIMARY, TagSet{[Tag{name='nodeType', value='ELECTABLE'}, Tag{name='provider', value='AWS'}, Tag{name='region', value='EU_WEST_3'}, Tag{name='workloadType', value='OPERATIONAL'}]}, roundTripTime=50.9 ms, state=CONNECTED}, {address=ac-o2suyf6-shard-00-01.7qtbnuz.mongodb.net:27017, type=REPLICA_SET_SECONDARY, TagSet{[Tag{name='nodeType', value='ELECTABLE'}, Tag{name='provider', value='AWS'}, Tag{name='region', value='EU_WEST_3'}, Tag{name='workloadType', value='OPERATIONAL'}]}, roundTripTime=50.9 ms, state=CONNECTED}]
22:49:47.141 [cluster-ClusterId{value='63e2c73e285de2538ba4e012', description='null'}-ac-o2suyf6-shard-00-01.7qtbnuz.mongodb.net:27017] DEBUG org.mongodb.driver.cluster - Checking status of ac-o2suyf6-shard-00-01.7qtbnuz.mongodb.net:27017
22:49:47.153 [cluster-ClusterId{value='63e2c73e285de2538ba4e012', description='null'}-ac-o2suyf6-shard-00-00.7qtbnuz.mongodb.net:27017] DEBUG org.mongodb.driver.cluster - Updating cluster description to  {type=REPLICA_SET, servers=[{address=ac-o2suyf6-shard-00-00.7qtbnuz.mongodb.net:27017, type=REPLICA_SET_SECONDARY, TagSet{[Tag{name='nodeType', value='ELECTABLE'}, Tag{name='provider', value='AWS'}, Tag{name='region', value='EU_WEST_3'}, Tag{name='workloadType', value='OPERATIONAL'}]}, roundTripTime=48.5 ms, state=CONNECTED}, {address=ac-o2suyf6-shard-00-02.7qtbnuz.mongodb.net:27017, type=REPLICA_SET_PRIMARY, TagSet{[Tag{name='nodeType', value='ELECTABLE'}, Tag{name='provider', value='AWS'}, Tag{name='region', value='EU_WEST_3'}, Tag{name='workloadType', value='OPERATIONAL'}]}, roundTripTime=50.9 ms, state=CONNECTED}, {address=ac-o2suyf6-shard-00-01.7qtbnuz.mongodb.net:27017, type=REPLICA_SET_SECONDARY, TagSet{[Tag{name='nodeType', value='ELECTABLE'}, Tag{name='provider', value='AWS'}, Tag{name='region', value='EU_WEST_3'}, Tag{name='workloadType', value='OPERATIONAL'}]}, roundTripTime=50.9 ms, state=CONNECTED}]
22:49:47.153 [cluster-ClusterId{value='63e2c73e285de2538ba4e012', description='null'}-ac-o2suyf6-shard-00-00.7qtbnuz.mongodb.net:27017] DEBUG org.mongodb.driver.cluster - Checking status of ac-o2suyf6-shard-00-00.7qtbnuz.mongodb.net:27017
22:49:48.227 [Test worker @coroutine#1217] DEBUG io.mockk.impl.instantiation.AbstractMockFactory - Creating mockk for User name=child of repo#726#734
22:49:48.228 [DefaultDispatcher-worker-8] DEBUG io.mockk.impl.recording.states.AnsweringState - Answering User(id=63e2c771285de2538ba4e3fc, uuid=93a98d69-0000-1111-0000-05b596ea83ba, nombre=loli, apellido=test, telefono=123456789, email=loli@test.com, password=lolitest, perfil=ADMIN, activo=true) on UserRepository(repo#726).setInactive(63e2c771285de2538ba4e3fc, continuation {})
]]></system-out>
  <system-err><![CDATA[]]></system-err>
</testsuite>
