<?xml version="1.0" encoding="UTF-8"?>
<testsuite name="koin.repositories.turno.TurnoRepositoryTest" tests="8" skipped="0" failures="0" errors="0" timestamp="2023-02-05T12:52:55" hostname="LOLI-LAPTOP" time="0.962">
  <properties/>
  <testcase name="setFinalizado()" classname="koin.repositories.turno.TurnoRepositoryTest" time="0.213"/>
  <testcase name="delete()" classname="koin.repositories.turno.TurnoRepositoryTest" time="0.147"/>
  <testcase name="findAll()" classname="koin.repositories.turno.TurnoRepositoryTest" time="0.124"/>
  <testcase name="findById()" classname="koin.repositories.turno.TurnoRepositoryTest" time="0.09"/>
  <testcase name="findByUuid()" classname="koin.repositories.turno.TurnoRepositoryTest" time="0.091"/>
  <testcase name="save()" classname="koin.repositories.turno.TurnoRepositoryTest" time="0.088"/>
  <testcase name="findByIdNotExists()" classname="koin.repositories.turno.TurnoRepositoryTest" time="0.08"/>
  <testcase name="deleteNotExists()" classname="koin.repositories.turno.TurnoRepositoryTest" time="0.126"/>
  <system-out><![CDATA[13:52:55.056 [AsyncGetter-5-thread-1] DEBUG org.mongodb.driver.protocol.command - Sending command '{"drop": "turno", "$db": "practica03mongoIvanLoli", "$clusterTime": {"clusterTime": {"$timestamp": {"t": 1675601573, "i": 9}}, "signature": {"hash": {"$binary": {"base64": "okOIP5Br1uW89Rh2ELMMiWf6tHQ=", "subType": "00"}}, "keyId": 7161871216054108163}}, "lsid": {"id": {"$binary": {"base64": "GufSMHdrQSyEi1m74LkJJA==", "subType": "04"}}}}' with request id 145 to database practica03mongoIvanLoli on connection [connectionId{localValue:7, serverValue:173256}] to server ac-o2suyf6-shard-00-02.7qtbnuz.mongodb.net:27017
13:52:55.106 [async-channel-group-0-handler-executor] DEBUG org.mongodb.driver.protocol.command - Execution of command with request id 145 completed successfully in 49.71 ms on connection [connectionId{localValue:7, serverValue:173256}] to server ac-o2suyf6-shard-00-02.7qtbnuz.mongodb.net:27017
13:52:55.135 [AsyncGetter-5-thread-1] DEBUG org.mongodb.driver.protocol.command - Sending command '{"update": "turno", "ordered": true, "txnNumber": 49, "$db": "practica03mongoIvanLoli", "$clusterTime": {"clusterTime": {"$timestamp": {"t": 1675601574, "i": 1}}, "signature": {"hash": {"$binary": {"base64": "WEIn0uFaDdiihpkCwexmI0IECIk=", "subType": "00"}}, "keyId": 7161871216054108163}}, "lsid": {"id": {"$binary": {"base64": "GufSMHdrQSyEi1m74LkJJA==", "subType": "04"}}}, "updates": [{"q": {"_id": {"$oid": "63dfa6a745532c417eff81e4"}}, "u": {"_id": {"$oid": "63dfa6a745532c417eff81e4"}, "uuid": {"$binary": {"base64": "p0gZAGmNqZO8iuqWtQVPsw==", "subType": "03"}}, "workerId": {"$binary": {"base64": "p0gHAGmNqZOcg+qWtQVPsw==", "subType": "03"}}, "maquinaId": {"$binary": {"base64": "p0gIAGmNqZO7g+qWtQVPsw==", "subType": "03"}}, "horaInicio": {"$date": "2002-10-14T10:09:00Z"}, "horaFin": {"$date": "2002-10-14T16:49:00Z"}, "numPedidosActivos": 2, "tarea1Id": {"$binary": {"base64": "p0gVAGmNqZOriuqWtQVPsw==", "subType": "03"}}, "tarea2Id": {"$binary": {"base64": "p0gRAGmNqZPKg+qWtQVPsw==",  ...' with request id 146 to database practica03mongoIvanLoli on connection [connectionId{localValue:7, serverValue:173256}] to server ac-o2suyf6-shard-00-02.7qtbnuz.mongodb.net:27017
13:52:55.211 [async-channel-group-0-handler-executor] DEBUG org.mongodb.driver.protocol.command - Execution of command with request id 146 completed successfully in 76.40 ms on connection [connectionId{localValue:7, serverValue:173256}] to server ac-o2suyf6-shard-00-02.7qtbnuz.mongodb.net:27017
13:52:55.220 [DefaultDispatcher-worker-7 @coroutine#1065] DEBUG koin.repositories.turno.TurnoRepository - setFinalizado(63dfa6a745532c417eff81e4)
13:52:55.221 [AsyncGetter-5-thread-1] DEBUG org.mongodb.driver.protocol.command - Sending command '{"find": "turno", "filter": {"_id": {"$oid": "63dfa6a745532c417eff81e4"}}, "limit": 1, "singleBatch": true, "$db": "practica03mongoIvanLoli", "$clusterTime": {"clusterTime": {"$timestamp": {"t": 1675601574, "i": 3}}, "signature": {"hash": {"$binary": {"base64": "WEIn0uFaDdiihpkCwexmI0IECIk=", "subType": "00"}}, "keyId": 7161871216054108163}}, "lsid": {"id": {"$binary": {"base64": "GufSMHdrQSyEi1m74LkJJA==", "subType": "04"}}}}' with request id 147 to database practica03mongoIvanLoli on connection [connectionId{localValue:7, serverValue:173256}] to server ac-o2suyf6-shard-00-02.7qtbnuz.mongodb.net:27017
13:52:55.257 [async-channel-group-0-handler-executor] DEBUG org.mongodb.driver.protocol.command - Execution of command with request id 147 completed successfully in 35.83 ms on connection [connectionId{localValue:7, serverValue:173256}] to server ac-o2suyf6-shard-00-02.7qtbnuz.mongodb.net:27017
13:52:55.260 [async-channel-group-0-handler-executor] DEBUG org.mongodb.driver.operation - Received batch of 1 documents with cursorId 0 from server ac-o2suyf6-shard-00-02.7qtbnuz.mongodb.net:27017
13:52:55.262 [AsyncGetter-5-thread-1] DEBUG org.mongodb.driver.protocol.command - Sending command '{"update": "turno", "ordered": true, "txnNumber": 50, "$db": "practica03mongoIvanLoli", "$clusterTime": {"clusterTime": {"$timestamp": {"t": 1675601574, "i": 3}}, "signature": {"hash": {"$binary": {"base64": "WEIn0uFaDdiihpkCwexmI0IECIk=", "subType": "00"}}, "keyId": 7161871216054108163}}, "lsid": {"id": {"$binary": {"base64": "GufSMHdrQSyEi1m74LkJJA==", "subType": "04"}}}, "updates": [{"q": {"_id": {"$oid": "63dfa6a745532c417eff81e4"}}, "u": {"_id": {"$oid": "63dfa6a745532c417eff81e4"}, "uuid": {"$binary": {"base64": "p0gZAGmNqZO8iuqWtQVPsw==", "subType": "03"}}, "workerId": {"$binary": {"base64": "p0gHAGmNqZOcg+qWtQVPsw==", "subType": "03"}}, "maquinaId": {"$binary": {"base64": "p0gIAGmNqZO7g+qWtQVPsw==", "subType": "03"}}, "horaInicio": {"$date": "2002-10-14T10:09:00Z"}, "horaFin": {"$date": "2002-10-14T16:49:00Z"}, "numPedidosActivos": 2, "tarea1Id": {"$binary": {"base64": "p0gVAGmNqZOriuqWtQVPsw==", "subType": "03"}}, "tarea2Id": {"$binary": {"base64": "p0gRAGmNqZPKg+qWtQVPsw==",  ...' with request id 148 to database practica03mongoIvanLoli on connection [connectionId{localValue:7, serverValue:173256}] to server ac-o2suyf6-shard-00-02.7qtbnuz.mongodb.net:27017
13:52:55.315 [async-channel-group-0-handler-executor] DEBUG org.mongodb.driver.protocol.command - Execution of command with request id 148 completed successfully in 53.11 ms on connection [connectionId{localValue:7, serverValue:173256}] to server ac-o2suyf6-shard-00-02.7qtbnuz.mongodb.net:27017
13:52:55.322 [AsyncGetter-5-thread-1] DEBUG org.mongodb.driver.protocol.command - Sending command '{"update": "turno", "ordered": true, "txnNumber": 51, "$db": "practica03mongoIvanLoli", "$clusterTime": {"clusterTime": {"$timestamp": {"t": 1675601574, "i": 5}}, "signature": {"hash": {"$binary": {"base64": "WEIn0uFaDdiihpkCwexmI0IECIk=", "subType": "00"}}, "keyId": 7161871216054108163}}, "lsid": {"id": {"$binary": {"base64": "GufSMHdrQSyEi1m74LkJJA==", "subType": "04"}}}, "updates": [{"q": {"_id": {"$oid": "63dfa6a745532c417eff81e4"}}, "u": {"_id": {"$oid": "63dfa6a745532c417eff81e4"}, "uuid": {"$binary": {"base64": "p0gZAGmNqZO8iuqWtQVPsw==", "subType": "03"}}, "workerId": {"$binary": {"base64": "p0gHAGmNqZOcg+qWtQVPsw==", "subType": "03"}}, "maquinaId": {"$binary": {"base64": "p0gIAGmNqZO7g+qWtQVPsw==", "subType": "03"}}, "horaInicio": {"$date": "2002-10-14T10:09:00Z"}, "horaFin": {"$date": "2002-10-14T16:49:00Z"}, "numPedidosActivos": 2, "tarea1Id": {"$binary": {"base64": "p0gVAGmNqZOriuqWtQVPsw==", "subType": "03"}}, "tarea2Id": {"$binary": {"base64": "p0gRAGmNqZPKg+qWtQVPsw==",  ...' with request id 149 to database practica03mongoIvanLoli on connection [connectionId{localValue:7, serverValue:173256}] to server ac-o2suyf6-shard-00-02.7qtbnuz.mongodb.net:27017
13:52:55.363 [async-channel-group-0-handler-executor] DEBUG org.mongodb.driver.protocol.command - Execution of command with request id 149 completed successfully in 41.72 ms on connection [connectionId{localValue:7, serverValue:173256}] to server ac-o2suyf6-shard-00-02.7qtbnuz.mongodb.net:27017
13:52:55.374 [DefaultDispatcher-worker-7 @coroutine#1070] DEBUG koin.repositories.turno.TurnoRepository - delete(63dfa6a745532c417eff81e4)
13:52:55.377 [AsyncGetter-5-thread-1] DEBUG org.mongodb.driver.protocol.command - Sending command '{"find": "turno", "filter": {"_id": {"$oid": "63dfa6a745532c417eff81e4"}}, "limit": 1, "singleBatch": true, "$db": "practica03mongoIvanLoli", "$clusterTime": {"clusterTime": {"$timestamp": {"t": 1675601574, "i": 7}}, "signature": {"hash": {"$binary": {"base64": "WEIn0uFaDdiihpkCwexmI0IECIk=", "subType": "00"}}, "keyId": 7161871216054108163}}, "lsid": {"id": {"$binary": {"base64": "GufSMHdrQSyEi1m74LkJJA==", "subType": "04"}}}}' with request id 150 to database practica03mongoIvanLoli on connection [connectionId{localValue:7, serverValue:173256}] to server ac-o2suyf6-shard-00-02.7qtbnuz.mongodb.net:27017
13:52:55.413 [async-channel-group-0-handler-executor] DEBUG org.mongodb.driver.protocol.command - Execution of command with request id 150 completed successfully in 36.99 ms on connection [connectionId{localValue:7, serverValue:173256}] to server ac-o2suyf6-shard-00-02.7qtbnuz.mongodb.net:27017
13:52:55.414 [async-channel-group-0-handler-executor] DEBUG org.mongodb.driver.operation - Received batch of 1 documents with cursorId 0 from server ac-o2suyf6-shard-00-02.7qtbnuz.mongodb.net:27017
13:52:55.415 [AsyncGetter-5-thread-1] DEBUG org.mongodb.driver.protocol.command - Sending command '{"delete": "turno", "ordered": true, "txnNumber": 52, "$db": "practica03mongoIvanLoli", "$clusterTime": {"clusterTime": {"$timestamp": {"t": 1675601574, "i": 7}}, "signature": {"hash": {"$binary": {"base64": "WEIn0uFaDdiihpkCwexmI0IECIk=", "subType": "00"}}, "keyId": 7161871216054108163}}, "lsid": {"id": {"$binary": {"base64": "GufSMHdrQSyEi1m74LkJJA==", "subType": "04"}}}, "deletes": [{"q": {"_id": {"$oid": "63dfa6a745532c417eff81e4"}}, "limit": 1}]}' with request id 151 to database practica03mongoIvanLoli on connection [connectionId{localValue:7, serverValue:173256}] to server ac-o2suyf6-shard-00-02.7qtbnuz.mongodb.net:27017
13:52:55.464 [async-channel-group-0-handler-executor] DEBUG org.mongodb.driver.protocol.command - Execution of command with request id 151 completed successfully in 47.47 ms on connection [connectionId{localValue:7, serverValue:173256}] to server ac-o2suyf6-shard-00-02.7qtbnuz.mongodb.net:27017
13:52:55.469 [AsyncGetter-5-thread-1] DEBUG org.mongodb.driver.protocol.command - Sending command '{"update": "turno", "ordered": true, "txnNumber": 53, "$db": "practica03mongoIvanLoli", "$clusterTime": {"clusterTime": {"$timestamp": {"t": 1675601574, "i": 8}}, "signature": {"hash": {"$binary": {"base64": "WEIn0uFaDdiihpkCwexmI0IECIk=", "subType": "00"}}, "keyId": 7161871216054108163}}, "lsid": {"id": {"$binary": {"base64": "GufSMHdrQSyEi1m74LkJJA==", "subType": "04"}}}, "updates": [{"q": {"_id": {"$oid": "63dfa6a745532c417eff81e4"}}, "u": {"_id": {"$oid": "63dfa6a745532c417eff81e4"}, "uuid": {"$binary": {"base64": "p0gZAGmNqZO8iuqWtQVPsw==", "subType": "03"}}, "workerId": {"$binary": {"base64": "p0gHAGmNqZOcg+qWtQVPsw==", "subType": "03"}}, "maquinaId": {"$binary": {"base64": "p0gIAGmNqZO7g+qWtQVPsw==", "subType": "03"}}, "horaInicio": {"$date": "2002-10-14T10:09:00Z"}, "horaFin": {"$date": "2002-10-14T16:49:00Z"}, "numPedidosActivos": 2, "tarea1Id": {"$binary": {"base64": "p0gVAGmNqZOriuqWtQVPsw==", "subType": "03"}}, "tarea2Id": {"$binary": {"base64": "p0gRAGmNqZPKg+qWtQVPsw==",  ...' with request id 152 to database practica03mongoIvanLoli on connection [connectionId{localValue:7, serverValue:173256}] to server ac-o2suyf6-shard-00-02.7qtbnuz.mongodb.net:27017
13:52:55.535 [async-channel-group-0-handler-executor] DEBUG org.mongodb.driver.protocol.command - Execution of command with request id 152 completed successfully in 66.37 ms on connection [connectionId{localValue:7, serverValue:173256}] to server ac-o2suyf6-shard-00-02.7qtbnuz.mongodb.net:27017
13:52:55.544 [DefaultDispatcher-worker-7 @coroutine#1075] DEBUG koin.repositories.turno.TurnoRepository - findAll()
13:52:55.546 [AsyncGetter-5-thread-1] DEBUG org.mongodb.driver.protocol.command - Sending command '{"find": "turno", "filter": {}, "batchSize": 64, "$db": "practica03mongoIvanLoli", "$clusterTime": {"clusterTime": {"$timestamp": {"t": 1675601574, "i": 10}}, "signature": {"hash": {"$binary": {"base64": "WEIn0uFaDdiihpkCwexmI0IECIk=", "subType": "00"}}, "keyId": 7161871216054108163}}, "lsid": {"id": {"$binary": {"base64": "GufSMHdrQSyEi1m74LkJJA==", "subType": "04"}}}}' with request id 153 to database practica03mongoIvanLoli on connection [connectionId{localValue:7, serverValue:173256}] to server ac-o2suyf6-shard-00-02.7qtbnuz.mongodb.net:27017
13:52:55.584 [async-channel-group-0-handler-executor] DEBUG org.mongodb.driver.protocol.command - Execution of command with request id 153 completed successfully in 38.86 ms on connection [connectionId{localValue:7, serverValue:173256}] to server ac-o2suyf6-shard-00-02.7qtbnuz.mongodb.net:27017
13:52:55.585 [async-channel-group-0-handler-executor] DEBUG org.mongodb.driver.operation - Received batch of 1 documents with cursorId 0 from server ac-o2suyf6-shard-00-02.7qtbnuz.mongodb.net:27017
13:52:55.592 [AsyncGetter-5-thread-1] DEBUG org.mongodb.driver.protocol.command - Sending command '{"update": "turno", "ordered": true, "txnNumber": 54, "$db": "practica03mongoIvanLoli", "$clusterTime": {"clusterTime": {"$timestamp": {"t": 1675601574, "i": 12}}, "signature": {"hash": {"$binary": {"base64": "WEIn0uFaDdiihpkCwexmI0IECIk=", "subType": "00"}}, "keyId": 7161871216054108163}}, "lsid": {"id": {"$binary": {"base64": "GufSMHdrQSyEi1m74LkJJA==", "subType": "04"}}}, "updates": [{"q": {"_id": {"$oid": "63dfa6a745532c417eff81e4"}}, "u": {"_id": {"$oid": "63dfa6a745532c417eff81e4"}, "uuid": {"$binary": {"base64": "p0gZAGmNqZO8iuqWtQVPsw==", "subType": "03"}}, "workerId": {"$binary": {"base64": "p0gHAGmNqZOcg+qWtQVPsw==", "subType": "03"}}, "maquinaId": {"$binary": {"base64": "p0gIAGmNqZO7g+qWtQVPsw==", "subType": "03"}}, "horaInicio": {"$date": "2002-10-14T10:09:00Z"}, "horaFin": {"$date": "2002-10-14T16:49:00Z"}, "numPedidosActivos": 2, "tarea1Id": {"$binary": {"base64": "p0gVAGmNqZOriuqWtQVPsw==", "subType": "03"}}, "tarea2Id": {"$binary": {"base64": "p0gRAGmNqZPKg+qWtQVPsw==", ...' with request id 154 to database practica03mongoIvanLoli on connection [connectionId{localValue:7, serverValue:173256}] to server ac-o2suyf6-shard-00-02.7qtbnuz.mongodb.net:27017
13:52:55.634 [async-channel-group-0-handler-executor] DEBUG org.mongodb.driver.protocol.command - Execution of command with request id 154 completed successfully in 41.32 ms on connection [connectionId{localValue:7, serverValue:173256}] to server ac-o2suyf6-shard-00-02.7qtbnuz.mongodb.net:27017
13:52:55.640 [DefaultDispatcher-worker-7 @coroutine#1081] DEBUG koin.repositories.turno.TurnoRepository - findById(63dfa6a745532c417eff81e4)
13:52:55.641 [AsyncGetter-5-thread-1] DEBUG org.mongodb.driver.protocol.command - Sending command '{"find": "turno", "filter": {"_id": {"$oid": "63dfa6a745532c417eff81e4"}}, "limit": 1, "singleBatch": true, "$db": "practica03mongoIvanLoli", "$clusterTime": {"clusterTime": {"$timestamp": {"t": 1675601574, "i": 12}}, "signature": {"hash": {"$binary": {"base64": "WEIn0uFaDdiihpkCwexmI0IECIk=", "subType": "00"}}, "keyId": 7161871216054108163}}, "lsid": {"id": {"$binary": {"base64": "GufSMHdrQSyEi1m74LkJJA==", "subType": "04"}}}}' with request id 155 to database practica03mongoIvanLoli on connection [connectionId{localValue:7, serverValue:173256}] to server ac-o2suyf6-shard-00-02.7qtbnuz.mongodb.net:27017
13:52:55.679 [async-channel-group-0-handler-executor] DEBUG org.mongodb.driver.protocol.command - Execution of command with request id 155 completed successfully in 38.53 ms on connection [connectionId{localValue:7, serverValue:173256}] to server ac-o2suyf6-shard-00-02.7qtbnuz.mongodb.net:27017
13:52:55.680 [async-channel-group-0-handler-executor] DEBUG org.mongodb.driver.operation - Received batch of 1 documents with cursorId 0 from server ac-o2suyf6-shard-00-02.7qtbnuz.mongodb.net:27017
13:52:55.683 [AsyncGetter-5-thread-1] DEBUG org.mongodb.driver.protocol.command - Sending command '{"update": "turno", "ordered": true, "txnNumber": 55, "$db": "practica03mongoIvanLoli", "$clusterTime": {"clusterTime": {"$timestamp": {"t": 1675601574, "i": 12}}, "signature": {"hash": {"$binary": {"base64": "WEIn0uFaDdiihpkCwexmI0IECIk=", "subType": "00"}}, "keyId": 7161871216054108163}}, "lsid": {"id": {"$binary": {"base64": "GufSMHdrQSyEi1m74LkJJA==", "subType": "04"}}}, "updates": [{"q": {"_id": {"$oid": "63dfa6a745532c417eff81e4"}}, "u": {"_id": {"$oid": "63dfa6a745532c417eff81e4"}, "uuid": {"$binary": {"base64": "p0gZAGmNqZO8iuqWtQVPsw==", "subType": "03"}}, "workerId": {"$binary": {"base64": "p0gHAGmNqZOcg+qWtQVPsw==", "subType": "03"}}, "maquinaId": {"$binary": {"base64": "p0gIAGmNqZO7g+qWtQVPsw==", "subType": "03"}}, "horaInicio": {"$date": "2002-10-14T10:09:00Z"}, "horaFin": {"$date": "2002-10-14T16:49:00Z"}, "numPedidosActivos": 2, "tarea1Id": {"$binary": {"base64": "p0gVAGmNqZOriuqWtQVPsw==", "subType": "03"}}, "tarea2Id": {"$binary": {"base64": "p0gRAGmNqZPKg+qWtQVPsw==", ...' with request id 156 to database practica03mongoIvanLoli on connection [connectionId{localValue:7, serverValue:173256}] to server ac-o2suyf6-shard-00-02.7qtbnuz.mongodb.net:27017
13:52:55.721 [async-channel-group-0-handler-executor] DEBUG org.mongodb.driver.protocol.command - Execution of command with request id 156 completed successfully in 37.23 ms on connection [connectionId{localValue:7, serverValue:173256}] to server ac-o2suyf6-shard-00-02.7qtbnuz.mongodb.net:27017
13:52:55.728 [DefaultDispatcher-worker-7 @coroutine#1086] DEBUG koin.repositories.turno.TurnoRepository - findByUUID(93a98d69-0019-48a7-b34f-05b596ea8abc)
13:52:55.731 [AsyncGetter-5-thread-1] DEBUG org.mongodb.driver.protocol.command - Sending command '{"find": "turno", "filter": {}, "batchSize": 64, "$db": "practica03mongoIvanLoli", "$clusterTime": {"clusterTime": {"$timestamp": {"t": 1675601574, "i": 12}}, "signature": {"hash": {"$binary": {"base64": "WEIn0uFaDdiihpkCwexmI0IECIk=", "subType": "00"}}, "keyId": 7161871216054108163}}, "lsid": {"id": {"$binary": {"base64": "GufSMHdrQSyEi1m74LkJJA==", "subType": "04"}}}}' with request id 157 to database practica03mongoIvanLoli on connection [connectionId{localValue:7, serverValue:173256}] to server ac-o2suyf6-shard-00-02.7qtbnuz.mongodb.net:27017
13:52:55.766 [async-channel-group-0-handler-executor] DEBUG org.mongodb.driver.protocol.command - Execution of command with request id 157 completed successfully in 36.37 ms on connection [connectionId{localValue:7, serverValue:173256}] to server ac-o2suyf6-shard-00-02.7qtbnuz.mongodb.net:27017
13:52:55.768 [async-channel-group-0-handler-executor] DEBUG org.mongodb.driver.operation - Received batch of 1 documents with cursorId 0 from server ac-o2suyf6-shard-00-02.7qtbnuz.mongodb.net:27017
13:52:55.776 [AsyncGetter-5-thread-1] DEBUG org.mongodb.driver.protocol.command - Sending command '{"update": "turno", "ordered": true, "txnNumber": 56, "$db": "practica03mongoIvanLoli", "$clusterTime": {"clusterTime": {"$timestamp": {"t": 1675601574, "i": 12}}, "signature": {"hash": {"$binary": {"base64": "WEIn0uFaDdiihpkCwexmI0IECIk=", "subType": "00"}}, "keyId": 7161871216054108163}}, "lsid": {"id": {"$binary": {"base64": "GufSMHdrQSyEi1m74LkJJA==", "subType": "04"}}}, "updates": [{"q": {"_id": {"$oid": "63dfa6a745532c417eff81e4"}}, "u": {"_id": {"$oid": "63dfa6a745532c417eff81e4"}, "uuid": {"$binary": {"base64": "p0gZAGmNqZO8iuqWtQVPsw==", "subType": "03"}}, "workerId": {"$binary": {"base64": "p0gHAGmNqZOcg+qWtQVPsw==", "subType": "03"}}, "maquinaId": {"$binary": {"base64": "p0gIAGmNqZO7g+qWtQVPsw==", "subType": "03"}}, "horaInicio": {"$date": "2002-10-14T10:09:00Z"}, "horaFin": {"$date": "2002-10-14T16:49:00Z"}, "numPedidosActivos": 2, "tarea1Id": {"$binary": {"base64": "p0gVAGmNqZOriuqWtQVPsw==", "subType": "03"}}, "tarea2Id": {"$binary": {"base64": "p0gRAGmNqZPKg+qWtQVPsw==", ...' with request id 158 to database practica03mongoIvanLoli on connection [connectionId{localValue:7, serverValue:173256}] to server ac-o2suyf6-shard-00-02.7qtbnuz.mongodb.net:27017
13:52:55.813 [async-channel-group-0-handler-executor] DEBUG org.mongodb.driver.protocol.command - Execution of command with request id 158 completed successfully in 38.13 ms on connection [connectionId{localValue:7, serverValue:173256}] to server ac-o2suyf6-shard-00-02.7qtbnuz.mongodb.net:27017
13:52:55.819 [DefaultDispatcher-worker-7 @coroutine#1091] DEBUG koin.repositories.turno.TurnoRepository - save(Turno(id=63dfa6a745532c417eff81e4, uuid=93a98d69-0019-48a7-b34f-05b596ea8abc, workerId=93a98d69-0007-48a7-b34f-05b596ea839c, maquinaId=93a98d69-0008-48a7-b34f-05b596ea83bb, horaInicio=2002-10-14T10:09, horaFin=2002-10-14T16:49, numPedidosActivos=2, tarea1Id=93a98d69-0015-48a7-b34f-05b596ea8aab, tarea2Id=93a98d69-0011-48a7-b34f-05b596ea83ca, finalizado=false))
13:52:55.821 [AsyncGetter-5-thread-1] DEBUG org.mongodb.driver.protocol.command - Sending command '{"update": "turno", "ordered": true, "txnNumber": 57, "$db": "practica03mongoIvanLoli", "$clusterTime": {"clusterTime": {"$timestamp": {"t": 1675601574, "i": 12}}, "signature": {"hash": {"$binary": {"base64": "WEIn0uFaDdiihpkCwexmI0IECIk=", "subType": "00"}}, "keyId": 7161871216054108163}}, "lsid": {"id": {"$binary": {"base64": "GufSMHdrQSyEi1m74LkJJA==", "subType": "04"}}}, "updates": [{"q": {"_id": {"$oid": "63dfa6a745532c417eff81e4"}}, "u": {"_id": {"$oid": "63dfa6a745532c417eff81e4"}, "uuid": {"$binary": {"base64": "p0gZAGmNqZO8iuqWtQVPsw==", "subType": "03"}}, "workerId": {"$binary": {"base64": "p0gHAGmNqZOcg+qWtQVPsw==", "subType": "03"}}, "maquinaId": {"$binary": {"base64": "p0gIAGmNqZO7g+qWtQVPsw==", "subType": "03"}}, "horaInicio": {"$date": "2002-10-14T10:09:00Z"}, "horaFin": {"$date": "2002-10-14T16:49:00Z"}, "numPedidosActivos": 2, "tarea1Id": {"$binary": {"base64": "p0gVAGmNqZOriuqWtQVPsw==", "subType": "03"}}, "tarea2Id": {"$binary": {"base64": "p0gRAGmNqZPKg+qWtQVPsw==", ...' with request id 159 to database practica03mongoIvanLoli on connection [connectionId{localValue:7, serverValue:173256}] to server ac-o2suyf6-shard-00-02.7qtbnuz.mongodb.net:27017
13:52:55.858 [async-channel-group-0-handler-executor] DEBUG org.mongodb.driver.protocol.command - Execution of command with request id 159 completed successfully in 36.96 ms on connection [connectionId{localValue:7, serverValue:173256}] to server ac-o2suyf6-shard-00-02.7qtbnuz.mongodb.net:27017
13:52:55.864 [AsyncGetter-5-thread-1] DEBUG org.mongodb.driver.protocol.command - Sending command '{"update": "turno", "ordered": true, "txnNumber": 58, "$db": "practica03mongoIvanLoli", "$clusterTime": {"clusterTime": {"$timestamp": {"t": 1675601574, "i": 12}}, "signature": {"hash": {"$binary": {"base64": "WEIn0uFaDdiihpkCwexmI0IECIk=", "subType": "00"}}, "keyId": 7161871216054108163}}, "lsid": {"id": {"$binary": {"base64": "GufSMHdrQSyEi1m74LkJJA==", "subType": "04"}}}, "updates": [{"q": {"_id": {"$oid": "63dfa6a745532c417eff81e4"}}, "u": {"_id": {"$oid": "63dfa6a745532c417eff81e4"}, "uuid": {"$binary": {"base64": "p0gZAGmNqZO8iuqWtQVPsw==", "subType": "03"}}, "workerId": {"$binary": {"base64": "p0gHAGmNqZOcg+qWtQVPsw==", "subType": "03"}}, "maquinaId": {"$binary": {"base64": "p0gIAGmNqZO7g+qWtQVPsw==", "subType": "03"}}, "horaInicio": {"$date": "2002-10-14T10:09:00Z"}, "horaFin": {"$date": "2002-10-14T16:49:00Z"}, "numPedidosActivos": 2, "tarea1Id": {"$binary": {"base64": "p0gVAGmNqZOriuqWtQVPsw==", "subType": "03"}}, "tarea2Id": {"$binary": {"base64": "p0gRAGmNqZPKg+qWtQVPsw==", ...' with request id 160 to database practica03mongoIvanLoli on connection [connectionId{localValue:7, serverValue:173256}] to server ac-o2suyf6-shard-00-02.7qtbnuz.mongodb.net:27017
13:52:55.900 [async-channel-group-0-handler-executor] DEBUG org.mongodb.driver.protocol.command - Execution of command with request id 160 completed successfully in 36.81 ms on connection [connectionId{localValue:7, serverValue:173256}] to server ac-o2suyf6-shard-00-02.7qtbnuz.mongodb.net:27017
13:52:55.904 [DefaultDispatcher-worker-7 @coroutine#1096] DEBUG koin.repositories.turno.TurnoRepository - findById(63dfa6a745532c417eff81e5)
13:52:55.905 [AsyncGetter-5-thread-1] DEBUG org.mongodb.driver.protocol.command - Sending command '{"find": "turno", "filter": {"_id": {"$oid": "63dfa6a745532c417eff81e5"}}, "limit": 1, "singleBatch": true, "$db": "practica03mongoIvanLoli", "$clusterTime": {"clusterTime": {"$timestamp": {"t": 1675601574, "i": 12}}, "signature": {"hash": {"$binary": {"base64": "WEIn0uFaDdiihpkCwexmI0IECIk=", "subType": "00"}}, "keyId": 7161871216054108163}}, "lsid": {"id": {"$binary": {"base64": "GufSMHdrQSyEi1m74LkJJA==", "subType": "04"}}}}' with request id 161 to database practica03mongoIvanLoli on connection [connectionId{localValue:7, serverValue:173256}] to server ac-o2suyf6-shard-00-02.7qtbnuz.mongodb.net:27017
13:52:55.941 [async-channel-group-0-handler-executor] DEBUG org.mongodb.driver.protocol.command - Execution of command with request id 161 completed successfully in 36.61 ms on connection [connectionId{localValue:7, serverValue:173256}] to server ac-o2suyf6-shard-00-02.7qtbnuz.mongodb.net:27017
13:52:55.942 [async-channel-group-0-handler-executor] DEBUG org.mongodb.driver.operation - Received batch of 0 documents with cursorId 0 from server ac-o2suyf6-shard-00-02.7qtbnuz.mongodb.net:27017
13:52:55.944 [AsyncGetter-5-thread-1] DEBUG org.mongodb.driver.protocol.command - Sending command '{"update": "turno", "ordered": true, "txnNumber": 59, "$db": "practica03mongoIvanLoli", "$clusterTime": {"clusterTime": {"$timestamp": {"t": 1675601574, "i": 12}}, "signature": {"hash": {"$binary": {"base64": "WEIn0uFaDdiihpkCwexmI0IECIk=", "subType": "00"}}, "keyId": 7161871216054108163}}, "lsid": {"id": {"$binary": {"base64": "GufSMHdrQSyEi1m74LkJJA==", "subType": "04"}}}, "updates": [{"q": {"_id": {"$oid": "63dfa6a745532c417eff81e4"}}, "u": {"_id": {"$oid": "63dfa6a745532c417eff81e4"}, "uuid": {"$binary": {"base64": "p0gZAGmNqZO8iuqWtQVPsw==", "subType": "03"}}, "workerId": {"$binary": {"base64": "p0gHAGmNqZOcg+qWtQVPsw==", "subType": "03"}}, "maquinaId": {"$binary": {"base64": "p0gIAGmNqZO7g+qWtQVPsw==", "subType": "03"}}, "horaInicio": {"$date": "2002-10-14T10:09:00Z"}, "horaFin": {"$date": "2002-10-14T16:49:00Z"}, "numPedidosActivos": 2, "tarea1Id": {"$binary": {"base64": "p0gVAGmNqZOriuqWtQVPsw==", "subType": "03"}}, "tarea2Id": {"$binary": {"base64": "p0gRAGmNqZPKg+qWtQVPsw==", ...' with request id 162 to database practica03mongoIvanLoli on connection [connectionId{localValue:7, serverValue:173256}] to server ac-o2suyf6-shard-00-02.7qtbnuz.mongodb.net:27017
13:52:55.989 [async-channel-group-0-handler-executor] DEBUG org.mongodb.driver.protocol.command - Execution of command with request id 162 completed successfully in 44.36 ms on connection [connectionId{localValue:7, serverValue:173256}] to server ac-o2suyf6-shard-00-02.7qtbnuz.mongodb.net:27017
13:52:55.992 [DefaultDispatcher-worker-7 @coroutine#1101] DEBUG koin.repositories.turno.TurnoRepository - delete(63dfa6a745532c417eff81e6)
13:52:55.994 [AsyncGetter-5-thread-1] DEBUG org.mongodb.driver.protocol.command - Sending command '{"find": "turno", "filter": {"_id": {"$oid": "63dfa6a745532c417eff81e6"}}, "limit": 1, "singleBatch": true, "$db": "practica03mongoIvanLoli", "$clusterTime": {"clusterTime": {"$timestamp": {"t": 1675601574, "i": 12}}, "signature": {"hash": {"$binary": {"base64": "WEIn0uFaDdiihpkCwexmI0IECIk=", "subType": "00"}}, "keyId": 7161871216054108163}}, "lsid": {"id": {"$binary": {"base64": "GufSMHdrQSyEi1m74LkJJA==", "subType": "04"}}}}' with request id 163 to database practica03mongoIvanLoli on connection [connectionId{localValue:7, serverValue:173256}] to server ac-o2suyf6-shard-00-02.7qtbnuz.mongodb.net:27017
13:52:56.030 [async-channel-group-0-handler-executor] DEBUG org.mongodb.driver.protocol.command - Execution of command with request id 163 completed successfully in 35.89 ms on connection [connectionId{localValue:7, serverValue:173256}] to server ac-o2suyf6-shard-00-02.7qtbnuz.mongodb.net:27017
13:52:56.030 [async-channel-group-0-handler-executor] DEBUG org.mongodb.driver.operation - Received batch of 0 documents with cursorId 0 from server ac-o2suyf6-shard-00-02.7qtbnuz.mongodb.net:27017
13:52:56.031 [AsyncGetter-5-thread-1] DEBUG org.mongodb.driver.protocol.command - Sending command '{"delete": "turno", "ordered": true, "txnNumber": 60, "$db": "practica03mongoIvanLoli", "$clusterTime": {"clusterTime": {"$timestamp": {"t": 1675601574, "i": 12}}, "signature": {"hash": {"$binary": {"base64": "WEIn0uFaDdiihpkCwexmI0IECIk=", "subType": "00"}}, "keyId": 7161871216054108163}}, "lsid": {"id": {"$binary": {"base64": "GufSMHdrQSyEi1m74LkJJA==", "subType": "04"}}}, "deletes": [{"q": {"_id": {"$oid": "63dfa6a745532c417eff81e6"}}, "limit": 1}]}' with request id 164 to database practica03mongoIvanLoli on connection [connectionId{localValue:7, serverValue:173256}] to server ac-o2suyf6-shard-00-02.7qtbnuz.mongodb.net:27017
13:52:56.067 [async-channel-group-0-handler-executor] DEBUG org.mongodb.driver.protocol.command - Execution of command with request id 164 completed successfully in 36.29 ms on connection [connectionId{localValue:7, serverValue:173256}] to server ac-o2suyf6-shard-00-02.7qtbnuz.mongodb.net:27017
13:52:56.083 [AsyncGetter-5-thread-1] DEBUG org.mongodb.driver.protocol.command - Sending command '{"drop": "turno", "$db": "practica03mongoIvanLoli", "$clusterTime": {"clusterTime": {"$timestamp": {"t": 1675601574, "i": 12}}, "signature": {"hash": {"$binary": {"base64": "WEIn0uFaDdiihpkCwexmI0IECIk=", "subType": "00"}}, "keyId": 7161871216054108163}}, "lsid": {"id": {"$binary": {"base64": "GufSMHdrQSyEi1m74LkJJA==", "subType": "04"}}}}' with request id 165 to database practica03mongoIvanLoli on connection [connectionId{localValue:7, serverValue:173256}] to server ac-o2suyf6-shard-00-02.7qtbnuz.mongodb.net:27017
13:52:56.131 [async-channel-group-0-handler-executor] DEBUG org.mongodb.driver.protocol.command - Execution of command with request id 165 completed successfully in 47.21 ms on connection [connectionId{localValue:7, serverValue:173256}] to server ac-o2suyf6-shard-00-02.7qtbnuz.mongodb.net:27017
]]></system-out>
  <system-err><![CDATA[]]></system-err>
</testsuite>
