<?xml version="1.0" encoding="UTF-8"?>
<testsuite name="koin.repositories.maquina.MaquinaRepositoryCachedTest" tests="8" skipped="0" failures="0" errors="0" timestamp="2023-02-10T19:47:38" hostname="LOLI-LAPTOP" time="0.108">
  <properties/>
  <testcase name="delete()" classname="koin.repositories.maquina.MaquinaRepositoryCachedTest" time="0.032"/>
  <testcase name="findAll()" classname="koin.repositories.maquina.MaquinaRepositoryCachedTest" time="0.014"/>
  <testcase name="findById()" classname="koin.repositories.maquina.MaquinaRepositoryCachedTest" time="0.013"/>
  <testcase name="findByUUID()" classname="koin.repositories.maquina.MaquinaRepositoryCachedTest" time="0.014"/>
  <testcase name="save()" classname="koin.repositories.maquina.MaquinaRepositoryCachedTest" time="0.009"/>
  <testcase name="findByUUIDNotExists()" classname="koin.repositories.maquina.MaquinaRepositoryCachedTest" time="0.007"/>
  <testcase name="findByIdNotExists()" classname="koin.repositories.maquina.MaquinaRepositoryCachedTest" time="0.008"/>
  <testcase name="setInactive()" classname="koin.repositories.maquina.MaquinaRepositoryCachedTest" time="0.009"/>
  <system-out><![CDATA[20:47:38.915 [Test worker] DEBUG koin.services.cache.maquina.MaquinaCache - Initializing MaquinaCache...
20:47:38.919 [Test worker] DEBUG io.mockk.impl.instantiation.AbstractMockFactory - Creating spyk for MaquinaCache name=cache#676
20:47:38.952 [Test worker] DEBUG io.mockk.impl.instantiation.AbstractMockFactory - Creating mockk for MaquinaRepository name=repo#677
20:47:38.990 [DefaultDispatcher-worker-2 @coroutine#610] DEBUG io.mockk.impl.recording.states.AnsweringState - Answering 60000 on MaquinaCache(cache#676).getRefreshTime()
20:47:38.998 [Test worker @coroutine#611] DEBUG io.mockk.impl.instantiation.AbstractMockFactory - Creating mockk for Maquina name=child of repo#677#678
20:47:39.001 [Test worker @coroutine#611] DEBUG io.mockk.impl.instantiation.AbstractMockFactory - Creating mockk for Maquina name=child of repo#677#679
20:47:39.003 [DefaultDispatcher-worker-2] DEBUG io.mockk.impl.recording.states.AnsweringState - Answering Maquina(id=63e69f5a3d878c607c73707c, uuid=93a98d69-6da6-48a7-b34f-05b596ea83bc, modelo=RTX-3080TI, marca=Nvidia, fechaAdquisicion=2022-11-10, numeroSerie=123456789X, tipo=PERSONALIZADORA, activa=true, isManual=null, maxTension=null, minTension=null, measuresManeuverability=true, measuresRigidity=false, measuresBalance=true) on MaquinaRepository(repo#677).delete(63e69f5a3d878c607c73707c, continuation {})
20:47:39.008 [DefaultDispatcher-worker-2] DEBUG io.mockk.impl.recording.states.AnsweringState - Answering io.github.reactivecircus.cache4k.RealCache@9548aa2 on MaquinaCache(cache#676).getCache()
20:47:39.028 [Test worker @coroutine#619] DEBUG io.mockk.impl.instantiation.AbstractMockFactory - Creating mockk for Flow name=child of repo#677#680
20:47:39.030 [DefaultDispatcher-worker-2] DEBUG io.mockk.impl.recording.states.AnsweringState - Answering kotlinx.coroutines.flow.FlowKt__BuildersKt$flowOf$$inlined$unsafeFlow$2@172569a5 on MaquinaRepository(repo#677).findAll(continuation {})
20:47:39.044 [Test worker @coroutine#625] DEBUG io.mockk.impl.instantiation.AbstractMockFactory - Creating mockk for Maquina name=child of repo#677#681
20:47:39.046 [DefaultDispatcher-worker-2] DEBUG io.mockk.impl.recording.states.AnsweringState - Answering Maquina(id=63e69f5a3d878c607c73707c, uuid=93a98d69-6da6-48a7-b34f-05b596ea83bc, modelo=RTX-3080TI, marca=Nvidia, fechaAdquisicion=2022-11-10, numeroSerie=123456789X, tipo=PERSONALIZADORA, activa=true, isManual=null, maxTension=null, minTension=null, measuresManeuverability=true, measuresRigidity=false, measuresBalance=true) on MaquinaRepository(repo#677).findById(63e69f5a3d878c607c73707c, continuation {})
20:47:39.054 [Test worker @coroutine#631] DEBUG io.mockk.impl.instantiation.AbstractMockFactory - Creating mockk for Maquina name=child of repo#677#682
20:47:39.058 [DefaultDispatcher-worker-2] DEBUG io.mockk.impl.recording.states.AnsweringState - Answering io.github.reactivecircus.cache4k.RealCache@9548aa2 on MaquinaCache(cache#676).getCache()
20:47:39.060 [DefaultDispatcher-worker-2] DEBUG io.mockk.impl.recording.states.AnsweringState - Answering Maquina(id=63e69f5a3d878c607c73707c, uuid=93a98d69-6da6-48a7-b34f-05b596ea83bc, modelo=RTX-3080TI, marca=Nvidia, fechaAdquisicion=2022-11-10, numeroSerie=123456789X, tipo=PERSONALIZADORA, activa=true, isManual=null, maxTension=null, minTension=null, measuresManeuverability=true, measuresRigidity=false, measuresBalance=true) on MaquinaRepository(repo#677).findByUUID(93a98d69-6da6-48a7-b34f-05b596ea83bc, continuation {})
20:47:39.064 [Test worker @background work runner#634] DEBUG io.mockk.impl.instantiation.AbstractMockFactory - Creating mockk for Maquina name=child of repo#677#683
20:47:39.068 [Test worker @coroutine#637] DEBUG io.mockk.impl.instantiation.AbstractMockFactory - Creating mockk for Maquina name=child of repo#677#684
20:47:39.070 [DefaultDispatcher-worker-2] DEBUG io.mockk.impl.recording.states.AnsweringState - Answering Maquina(id=63e69f5a3d878c607c73707c, uuid=93a98d69-6da6-48a7-b34f-05b596ea83bc, modelo=RTX-3080TI, marca=Nvidia, fechaAdquisicion=2022-11-10, numeroSerie=123456789X, tipo=PERSONALIZADORA, activa=true, isManual=null, maxTension=null, minTension=null, measuresManeuverability=true, measuresRigidity=false, measuresBalance=true) on MaquinaRepository(repo#677).save(Maquina(id=63e69f5a3d878c607c73707c, uuid=93a98d69-6da6-48a7-b34f-05b596ea83bc, modelo=RTX-3080TI, marca=Nvidia, fechaAdquisicion=2022-11-10, numeroSerie=123456789X, tipo=PERSONALIZADORA, activa=true, isManual=null, maxTension=null, minTension=null, measuresManeuverability=true, measuresRigidity=false, measuresBalance=true), continuation {})
20:47:39.077 [DefaultDispatcher-worker-2] DEBUG io.mockk.impl.recording.states.AnsweringState - Answering io.github.reactivecircus.cache4k.RealCache@9548aa2 on MaquinaCache(cache#676).getCache()
20:47:39.077 [DefaultDispatcher-worker-2] DEBUG io.mockk.impl.recording.states.AnsweringState - Answering null on MaquinaRepository(repo#677).findByUUID(c4c561d3-fc0b-4b68-a1f8-c6fe7a681f2b, continuation {})
20:47:39.085 [DefaultDispatcher-worker-2] DEBUG io.mockk.impl.recording.states.AnsweringState - Answering null on MaquinaRepository(repo#677).findById(63e69f5b3d878c607c73707d, continuation {})
20:47:39.094 [Test worker @coroutine#655] DEBUG io.mockk.impl.instantiation.AbstractMockFactory - Creating mockk for Maquina name=child of repo#677#685
20:47:39.095 [DefaultDispatcher-worker-2] DEBUG io.mockk.impl.recording.states.AnsweringState - Answering Maquina(id=63e69f5a3d878c607c73707c, uuid=93a98d69-6da6-48a7-b34f-05b596ea83bc, modelo=RTX-3080TI, marca=Nvidia, fechaAdquisicion=2022-11-10, numeroSerie=123456789X, tipo=PERSONALIZADORA, activa=true, isManual=null, maxTension=null, minTension=null, measuresManeuverability=true, measuresRigidity=false, measuresBalance=true) on MaquinaRepository(repo#677).setInactive(63e69f5a3d878c607c73707c, continuation {})
]]></system-out>
  <system-err><![CDATA[]]></system-err>
</testsuite>
