<?xml version="1.0" encoding="UTF-8"?>
<testsuite name="koin.repositories.tarea.TareaRepositoryTest" tests="8" skipped="0" failures="0" errors="0" timestamp="2023-02-02T22:41:55" hostname="LOLI-LAPTOP" time="1.014">
  <properties/>
  <testcase name="setFinalizada()" classname="koin.repositories.tarea.TareaRepositoryTest" time="0.191"/>
  <testcase name="delete()" classname="koin.repositories.tarea.TareaRepositoryTest" time="0.153"/>
  <testcase name="findAll()" classname="koin.repositories.tarea.TareaRepositoryTest" time="0.109"/>
  <testcase name="findById()" classname="koin.repositories.tarea.TareaRepositoryTest" time="0.101"/>
  <testcase name="findByUuid()" classname="koin.repositories.tarea.TareaRepositoryTest" time="0.144"/>
  <testcase name="save()" classname="koin.repositories.tarea.TareaRepositoryTest" time="0.095"/>
  <testcase name="findByIdNotExists()" classname="koin.repositories.tarea.TareaRepositoryTest" time="0.09"/>
  <testcase name="deleteNotExists()" classname="koin.repositories.tarea.TareaRepositoryTest" time="0.131"/>
  <system-out><![CDATA[23:41:55.069 [AsyncGetter-5-thread-1] DEBUG org.mongodb.driver.protocol.command - Sending command '{"drop": "tarea", "$db": "practica03mongoIvanLoli", "$clusterTime": {"clusterTime": {"$timestamp": {"t": 1675377713, "i": 7}}, "signature": {"hash": {"$binary": {"base64": "w6XfVVYMXOvFAWYYOMTq6iSchWA=", "subType": "00"}}, "keyId": 7161871216054108163}}, "lsid": {"id": {"$binary": {"base64": "nuXtmKpPQPG6K0CQKaFtYQ==", "subType": "04"}}}}' with request id 136 to database practica03mongoIvanLoli on connection [connectionId{localValue:34, serverValue:127384}] to server ac-o2suyf6-shard-00-02.7qtbnuz.mongodb.net:27017
23:41:55.126 [async-channel-group-0-handler-executor] DEBUG org.mongodb.driver.protocol.command - Execution of command with request id 136 completed successfully in 57.01 ms on connection [connectionId{localValue:34, serverValue:127384}] to server ac-o2suyf6-shard-00-02.7qtbnuz.mongodb.net:27017
23:41:55.137 [AsyncGetter-5-thread-1] DEBUG org.mongodb.driver.protocol.command - Sending command '{"update": "tarea", "ordered": true, "txnNumber": 37, "$db": "practica03mongoIvanLoli", "$clusterTime": {"clusterTime": {"$timestamp": {"t": 1675377715, "i": 2}}, "signature": {"hash": {"$binary": {"base64": "4Ugny+D4wo1UrX0Xtk90o/ZNEF8=", "subType": "00"}}, "keyId": 7161871216054108163}}, "lsid": {"id": {"$binary": {"base64": "nuXtmKpPQPG6K0CQKaFtYQ==", "subType": "04"}}}, "updates": [{"q": {"_id": {"$oid": "63dc3c331b23f96d9c83993b"}}, "u": {"_id": {"$oid": "63dc3c331b23f96d9c83993b"}, "uuid": {"$binary": {"base64": "p0gTAGmNqZPMg+qWtQVPsw==", "subType": "03"}}, "raquetaId": {"$binary": {"base64": "p0gBAGmNqZO6g+qWtQVPsw==", "subType": "03"}}, "precio": 0.0, "tipo": "ADQUISICION", "finalizada": false, "pedidoId": {"$binary": {"base64": "p0gQAGmNqZPMiuqWtQVPsw==", "subType": "03"}}, "productoAdquiridoId": {"$binary": {"base64": "p0gEAGmNqZOqg+qWtQVPsw==", "subType": "03"}}, "peso": null, "balance": null, "rigidez": null, "tensionHorizontal": null, "cordajeHorizontalId": null, "tension ...' with request id 137 to database practica03mongoIvanLoli on connection [connectionId{localValue:34, serverValue:127384}] to server ac-o2suyf6-shard-00-02.7qtbnuz.mongodb.net:27017
23:41:55.217 [async-channel-group-0-handler-executor] DEBUG org.mongodb.driver.protocol.command - Execution of command with request id 137 completed successfully in 80.61 ms on connection [connectionId{localValue:34, serverValue:127384}] to server ac-o2suyf6-shard-00-02.7qtbnuz.mongodb.net:27017
23:41:55.223 [DefaultDispatcher-worker-14 @coroutine#972] DEBUG koin.repositories.tarea.TareaRepository - setFinalizada(63dc3c331b23f96d9c83993b)
23:41:55.225 [AsyncGetter-5-thread-1] DEBUG org.mongodb.driver.protocol.command - Sending command '{"find": "tarea", "filter": {"_id": {"$oid": "63dc3c331b23f96d9c83993b"}}, "limit": 1, "singleBatch": true, "$db": "practica03mongoIvanLoli", "$clusterTime": {"clusterTime": {"$timestamp": {"t": 1675377715, "i": 4}}, "signature": {"hash": {"$binary": {"base64": "4Ugny+D4wo1UrX0Xtk90o/ZNEF8=", "subType": "00"}}, "keyId": 7161871216054108163}}, "lsid": {"id": {"$binary": {"base64": "nuXtmKpPQPG6K0CQKaFtYQ==", "subType": "04"}}}}' with request id 138 to database practica03mongoIvanLoli on connection [connectionId{localValue:34, serverValue:127384}] to server ac-o2suyf6-shard-00-02.7qtbnuz.mongodb.net:27017
23:41:55.266 [async-channel-group-0-handler-executor] DEBUG org.mongodb.driver.protocol.command - Execution of command with request id 138 completed successfully in 41.24 ms on connection [connectionId{localValue:34, serverValue:127384}] to server ac-o2suyf6-shard-00-02.7qtbnuz.mongodb.net:27017
23:41:55.267 [async-channel-group-0-handler-executor] DEBUG org.mongodb.driver.operation - Received batch of 1 documents with cursorId 0 from server ac-o2suyf6-shard-00-02.7qtbnuz.mongodb.net:27017
23:41:55.270 [AsyncGetter-5-thread-1] DEBUG org.mongodb.driver.protocol.command - Sending command '{"update": "tarea", "ordered": true, "txnNumber": 38, "$db": "practica03mongoIvanLoli", "$clusterTime": {"clusterTime": {"$timestamp": {"t": 1675377715, "i": 4}}, "signature": {"hash": {"$binary": {"base64": "4Ugny+D4wo1UrX0Xtk90o/ZNEF8=", "subType": "00"}}, "keyId": 7161871216054108163}}, "lsid": {"id": {"$binary": {"base64": "nuXtmKpPQPG6K0CQKaFtYQ==", "subType": "04"}}}, "updates": [{"q": {"_id": {"$oid": "63dc3c331b23f96d9c83993b"}}, "u": {"_id": {"$oid": "63dc3c331b23f96d9c83993b"}, "uuid": {"$binary": {"base64": "p0gTAGmNqZPMg+qWtQVPsw==", "subType": "03"}}, "raquetaId": {"$binary": {"base64": "p0gBAGmNqZO6g+qWtQVPsw==", "subType": "03"}}, "precio": 0.0, "tipo": "ADQUISICION", "finalizada": true, "pedidoId": {"$binary": {"base64": "p0gQAGmNqZPMiuqWtQVPsw==", "subType": "03"}}, "productoAdquiridoId": {"$binary": {"base64": "p0gEAGmNqZOqg+qWtQVPsw==", "subType": "03"}}, "peso": null, "balance": null, "rigidez": null, "tensionHorizontal": null, "cordajeHorizontalId": null, "tensionV ...' with request id 139 to database practica03mongoIvanLoli on connection [connectionId{localValue:34, serverValue:127384}] to server ac-o2suyf6-shard-00-02.7qtbnuz.mongodb.net:27017
23:41:55.314 [async-channel-group-0-handler-executor] DEBUG org.mongodb.driver.protocol.command - Execution of command with request id 139 completed successfully in 44.97 ms on connection [connectionId{localValue:34, serverValue:127384}] to server ac-o2suyf6-shard-00-02.7qtbnuz.mongodb.net:27017
23:41:55.321 [AsyncGetter-5-thread-1] DEBUG org.mongodb.driver.protocol.command - Sending command '{"update": "tarea", "ordered": true, "txnNumber": 39, "$db": "practica03mongoIvanLoli", "$clusterTime": {"clusterTime": {"$timestamp": {"t": 1675377715, "i": 5}}, "signature": {"hash": {"$binary": {"base64": "4Ugny+D4wo1UrX0Xtk90o/ZNEF8=", "subType": "00"}}, "keyId": 7161871216054108163}}, "lsid": {"id": {"$binary": {"base64": "nuXtmKpPQPG6K0CQKaFtYQ==", "subType": "04"}}}, "updates": [{"q": {"_id": {"$oid": "63dc3c331b23f96d9c83993b"}}, "u": {"_id": {"$oid": "63dc3c331b23f96d9c83993b"}, "uuid": {"$binary": {"base64": "p0gTAGmNqZPMg+qWtQVPsw==", "subType": "03"}}, "raquetaId": {"$binary": {"base64": "p0gBAGmNqZO6g+qWtQVPsw==", "subType": "03"}}, "precio": 0.0, "tipo": "ADQUISICION", "finalizada": false, "pedidoId": {"$binary": {"base64": "p0gQAGmNqZPMiuqWtQVPsw==", "subType": "03"}}, "productoAdquiridoId": {"$binary": {"base64": "p0gEAGmNqZOqg+qWtQVPsw==", "subType": "03"}}, "peso": null, "balance": null, "rigidez": null, "tensionHorizontal": null, "cordajeHorizontalId": null, "tension ...' with request id 140 to database practica03mongoIvanLoli on connection [connectionId{localValue:34, serverValue:127384}] to server ac-o2suyf6-shard-00-02.7qtbnuz.mongodb.net:27017
23:41:55.370 [async-channel-group-0-handler-executor] DEBUG org.mongodb.driver.protocol.command - Execution of command with request id 140 completed successfully in 49.97 ms on connection [connectionId{localValue:34, serverValue:127384}] to server ac-o2suyf6-shard-00-02.7qtbnuz.mongodb.net:27017
23:41:55.376 [DefaultDispatcher-worker-14 @coroutine#977] DEBUG koin.repositories.tarea.TareaRepository - delete(63dc3c331b23f96d9c83993b)
23:41:55.378 [AsyncGetter-5-thread-1] DEBUG org.mongodb.driver.protocol.command - Sending command '{"find": "tarea", "filter": {"_id": {"$oid": "63dc3c331b23f96d9c83993b"}}, "limit": 1, "singleBatch": true, "$db": "practica03mongoIvanLoli", "$clusterTime": {"clusterTime": {"$timestamp": {"t": 1675377715, "i": 6}}, "signature": {"hash": {"$binary": {"base64": "4Ugny+D4wo1UrX0Xtk90o/ZNEF8=", "subType": "00"}}, "keyId": 7161871216054108163}}, "lsid": {"id": {"$binary": {"base64": "nuXtmKpPQPG6K0CQKaFtYQ==", "subType": "04"}}}}' with request id 141 to database practica03mongoIvanLoli on connection [connectionId{localValue:34, serverValue:127384}] to server ac-o2suyf6-shard-00-02.7qtbnuz.mongodb.net:27017
23:41:55.418 [async-channel-group-0-handler-executor] DEBUG org.mongodb.driver.protocol.command - Execution of command with request id 141 completed successfully in 40.57 ms on connection [connectionId{localValue:34, serverValue:127384}] to server ac-o2suyf6-shard-00-02.7qtbnuz.mongodb.net:27017
23:41:55.419 [async-channel-group-0-handler-executor] DEBUG org.mongodb.driver.operation - Received batch of 1 documents with cursorId 0 from server ac-o2suyf6-shard-00-02.7qtbnuz.mongodb.net:27017
23:41:55.421 [AsyncGetter-5-thread-1] DEBUG org.mongodb.driver.protocol.command - Sending command '{"delete": "tarea", "ordered": true, "txnNumber": 40, "$db": "practica03mongoIvanLoli", "$clusterTime": {"clusterTime": {"$timestamp": {"t": 1675377715, "i": 7}}, "signature": {"hash": {"$binary": {"base64": "4Ugny+D4wo1UrX0Xtk90o/ZNEF8=", "subType": "00"}}, "keyId": 7161871216054108163}}, "lsid": {"id": {"$binary": {"base64": "nuXtmKpPQPG6K0CQKaFtYQ==", "subType": "04"}}}, "deletes": [{"q": {"_id": {"$oid": "63dc3c331b23f96d9c83993b"}}, "limit": 1}]}' with request id 142 to database practica03mongoIvanLoli on connection [connectionId{localValue:34, serverValue:127384}] to server ac-o2suyf6-shard-00-02.7qtbnuz.mongodb.net:27017
23:41:55.468 [async-channel-group-0-handler-executor] DEBUG org.mongodb.driver.protocol.command - Execution of command with request id 142 completed successfully in 47.21 ms on connection [connectionId{localValue:34, serverValue:127384}] to server ac-o2suyf6-shard-00-02.7qtbnuz.mongodb.net:27017
23:41:55.474 [AsyncGetter-5-thread-1] DEBUG org.mongodb.driver.protocol.command - Sending command '{"update": "tarea", "ordered": true, "txnNumber": 41, "$db": "practica03mongoIvanLoli", "$clusterTime": {"clusterTime": {"$timestamp": {"t": 1675377715, "i": 10}}, "signature": {"hash": {"$binary": {"base64": "4Ugny+D4wo1UrX0Xtk90o/ZNEF8=", "subType": "00"}}, "keyId": 7161871216054108163}}, "lsid": {"id": {"$binary": {"base64": "nuXtmKpPQPG6K0CQKaFtYQ==", "subType": "04"}}}, "updates": [{"q": {"_id": {"$oid": "63dc3c331b23f96d9c83993b"}}, "u": {"_id": {"$oid": "63dc3c331b23f96d9c83993b"}, "uuid": {"$binary": {"base64": "p0gTAGmNqZPMg+qWtQVPsw==", "subType": "03"}}, "raquetaId": {"$binary": {"base64": "p0gBAGmNqZO6g+qWtQVPsw==", "subType": "03"}}, "precio": 0.0, "tipo": "ADQUISICION", "finalizada": false, "pedidoId": {"$binary": {"base64": "p0gQAGmNqZPMiuqWtQVPsw==", "subType": "03"}}, "productoAdquiridoId": {"$binary": {"base64": "p0gEAGmNqZOqg+qWtQVPsw==", "subType": "03"}}, "peso": null, "balance": null, "rigidez": null, "tensionHorizontal": null, "cordajeHorizontalId": null, "tensio ...' with request id 143 to database practica03mongoIvanLoli on connection [connectionId{localValue:34, serverValue:127384}] to server ac-o2suyf6-shard-00-02.7qtbnuz.mongodb.net:27017
23:41:55.518 [async-channel-group-0-handler-executor] DEBUG org.mongodb.driver.protocol.command - Execution of command with request id 143 completed successfully in 44.64 ms on connection [connectionId{localValue:34, serverValue:127384}] to server ac-o2suyf6-shard-00-02.7qtbnuz.mongodb.net:27017
23:41:55.522 [DefaultDispatcher-worker-14 @coroutine#982] DEBUG koin.repositories.tarea.TareaRepository - findAll()
23:41:55.524 [AsyncGetter-5-thread-1] DEBUG org.mongodb.driver.protocol.command - Sending command '{"find": "tarea", "filter": {}, "batchSize": 64, "$db": "practica03mongoIvanLoli", "$clusterTime": {"clusterTime": {"$timestamp": {"t": 1675377715, "i": 11}}, "signature": {"hash": {"$binary": {"base64": "4Ugny+D4wo1UrX0Xtk90o/ZNEF8=", "subType": "00"}}, "keyId": 7161871216054108163}}, "lsid": {"id": {"$binary": {"base64": "nuXtmKpPQPG6K0CQKaFtYQ==", "subType": "04"}}}}' with request id 144 to database practica03mongoIvanLoli on connection [connectionId{localValue:34, serverValue:127384}] to server ac-o2suyf6-shard-00-02.7qtbnuz.mongodb.net:27017
23:41:55.575 [async-channel-group-0-handler-executor] DEBUG org.mongodb.driver.protocol.command - Execution of command with request id 144 completed successfully in 51.98 ms on connection [connectionId{localValue:34, serverValue:127384}] to server ac-o2suyf6-shard-00-02.7qtbnuz.mongodb.net:27017
23:41:55.576 [async-channel-group-0-handler-executor] DEBUG org.mongodb.driver.operation - Received batch of 1 documents with cursorId 0 from server ac-o2suyf6-shard-00-02.7qtbnuz.mongodb.net:27017
23:41:55.583 [AsyncGetter-5-thread-1] DEBUG org.mongodb.driver.protocol.command - Sending command '{"update": "tarea", "ordered": true, "txnNumber": 42, "$db": "practica03mongoIvanLoli", "$clusterTime": {"clusterTime": {"$timestamp": {"t": 1675377715, "i": 12}}, "signature": {"hash": {"$binary": {"base64": "4Ugny+D4wo1UrX0Xtk90o/ZNEF8=", "subType": "00"}}, "keyId": 7161871216054108163}}, "lsid": {"id": {"$binary": {"base64": "nuXtmKpPQPG6K0CQKaFtYQ==", "subType": "04"}}}, "updates": [{"q": {"_id": {"$oid": "63dc3c331b23f96d9c83993b"}}, "u": {"_id": {"$oid": "63dc3c331b23f96d9c83993b"}, "uuid": {"$binary": {"base64": "p0gTAGmNqZPMg+qWtQVPsw==", "subType": "03"}}, "raquetaId": {"$binary": {"base64": "p0gBAGmNqZO6g+qWtQVPsw==", "subType": "03"}}, "precio": 0.0, "tipo": "ADQUISICION", "finalizada": false, "pedidoId": {"$binary": {"base64": "p0gQAGmNqZPMiuqWtQVPsw==", "subType": "03"}}, "productoAdquiridoId": {"$binary": {"base64": "p0gEAGmNqZOqg+qWtQVPsw==", "subType": "03"}}, "peso": null, "balance": null, "rigidez": null, "tensionHorizontal": null, "cordajeHorizontalId": null, "tensio ...' with request id 145 to database practica03mongoIvanLoli on connection [connectionId{localValue:34, serverValue:127384}] to server ac-o2suyf6-shard-00-02.7qtbnuz.mongodb.net:27017
23:41:55.626 [async-channel-group-0-handler-executor] DEBUG org.mongodb.driver.protocol.command - Execution of command with request id 145 completed successfully in 43.64 ms on connection [connectionId{localValue:34, serverValue:127384}] to server ac-o2suyf6-shard-00-02.7qtbnuz.mongodb.net:27017
23:41:55.632 [DefaultDispatcher-worker-14 @coroutine#988] DEBUG koin.repositories.tarea.TareaRepository - findById(63dc3c331b23f96d9c83993b)
23:41:55.634 [AsyncGetter-5-thread-1] DEBUG org.mongodb.driver.protocol.command - Sending command '{"find": "tarea", "filter": {"_id": {"$oid": "63dc3c331b23f96d9c83993b"}}, "limit": 1, "singleBatch": true, "$db": "practica03mongoIvanLoli", "$clusterTime": {"clusterTime": {"$timestamp": {"t": 1675377715, "i": 12}}, "signature": {"hash": {"$binary": {"base64": "4Ugny+D4wo1UrX0Xtk90o/ZNEF8=", "subType": "00"}}, "keyId": 7161871216054108163}}, "lsid": {"id": {"$binary": {"base64": "nuXtmKpPQPG6K0CQKaFtYQ==", "subType": "04"}}}}' with request id 146 to database practica03mongoIvanLoli on connection [connectionId{localValue:34, serverValue:127384}] to server ac-o2suyf6-shard-00-02.7qtbnuz.mongodb.net:27017
23:41:55.678 [async-channel-group-0-handler-executor] DEBUG org.mongodb.driver.protocol.command - Execution of command with request id 146 completed successfully in 44.48 ms on connection [connectionId{localValue:34, serverValue:127384}] to server ac-o2suyf6-shard-00-02.7qtbnuz.mongodb.net:27017
23:41:55.679 [async-channel-group-0-handler-executor] DEBUG org.mongodb.driver.operation - Received batch of 1 documents with cursorId 0 from server ac-o2suyf6-shard-00-02.7qtbnuz.mongodb.net:27017
23:41:55.684 [AsyncGetter-5-thread-1] DEBUG org.mongodb.driver.protocol.command - Sending command '{"update": "tarea", "ordered": true, "txnNumber": 43, "$db": "practica03mongoIvanLoli", "$clusterTime": {"clusterTime": {"$timestamp": {"t": 1675377715, "i": 12}}, "signature": {"hash": {"$binary": {"base64": "4Ugny+D4wo1UrX0Xtk90o/ZNEF8=", "subType": "00"}}, "keyId": 7161871216054108163}}, "lsid": {"id": {"$binary": {"base64": "nuXtmKpPQPG6K0CQKaFtYQ==", "subType": "04"}}}, "updates": [{"q": {"_id": {"$oid": "63dc3c331b23f96d9c83993b"}}, "u": {"_id": {"$oid": "63dc3c331b23f96d9c83993b"}, "uuid": {"$binary": {"base64": "p0gTAGmNqZPMg+qWtQVPsw==", "subType": "03"}}, "raquetaId": {"$binary": {"base64": "p0gBAGmNqZO6g+qWtQVPsw==", "subType": "03"}}, "precio": 0.0, "tipo": "ADQUISICION", "finalizada": false, "pedidoId": {"$binary": {"base64": "p0gQAGmNqZPMiuqWtQVPsw==", "subType": "03"}}, "productoAdquiridoId": {"$binary": {"base64": "p0gEAGmNqZOqg+qWtQVPsw==", "subType": "03"}}, "peso": null, "balance": null, "rigidez": null, "tensionHorizontal": null, "cordajeHorizontalId": null, "tensio ...' with request id 147 to database practica03mongoIvanLoli on connection [connectionId{localValue:34, serverValue:127384}] to server ac-o2suyf6-shard-00-02.7qtbnuz.mongodb.net:27017
23:41:55.761 [async-channel-group-0-handler-executor] DEBUG org.mongodb.driver.protocol.command - Execution of command with request id 147 completed successfully in 78.21 ms on connection [connectionId{localValue:34, serverValue:127384}] to server ac-o2suyf6-shard-00-02.7qtbnuz.mongodb.net:27017
23:41:55.765 [DefaultDispatcher-worker-14 @coroutine#993] DEBUG koin.repositories.tarea.TareaRepository - findByUUID(93a98d69-0013-48a7-b34f-05b596ea83cc)
23:41:55.766 [AsyncGetter-5-thread-1] DEBUG org.mongodb.driver.protocol.command - Sending command '{"find": "tarea", "filter": {}, "batchSize": 64, "$db": "practica03mongoIvanLoli", "$clusterTime": {"clusterTime": {"$timestamp": {"t": 1675377715, "i": 14}}, "signature": {"hash": {"$binary": {"base64": "4Ugny+D4wo1UrX0Xtk90o/ZNEF8=", "subType": "00"}}, "keyId": 7161871216054108163}}, "lsid": {"id": {"$binary": {"base64": "nuXtmKpPQPG6K0CQKaFtYQ==", "subType": "04"}}}}' with request id 148 to database practica03mongoIvanLoli on connection [connectionId{localValue:34, serverValue:127384}] to server ac-o2suyf6-shard-00-02.7qtbnuz.mongodb.net:27017
23:41:55.820 [async-channel-group-0-handler-executor] DEBUG org.mongodb.driver.protocol.command - Execution of command with request id 148 completed successfully in 54.35 ms on connection [connectionId{localValue:34, serverValue:127384}] to server ac-o2suyf6-shard-00-02.7qtbnuz.mongodb.net:27017
23:41:55.820 [async-channel-group-0-handler-executor] DEBUG org.mongodb.driver.operation - Received batch of 1 documents with cursorId 0 from server ac-o2suyf6-shard-00-02.7qtbnuz.mongodb.net:27017
23:41:55.827 [AsyncGetter-5-thread-1] DEBUG org.mongodb.driver.protocol.command - Sending command '{"update": "tarea", "ordered": true, "txnNumber": 44, "$db": "practica03mongoIvanLoli", "$clusterTime": {"clusterTime": {"$timestamp": {"t": 1675377715, "i": 14}}, "signature": {"hash": {"$binary": {"base64": "4Ugny+D4wo1UrX0Xtk90o/ZNEF8=", "subType": "00"}}, "keyId": 7161871216054108163}}, "lsid": {"id": {"$binary": {"base64": "nuXtmKpPQPG6K0CQKaFtYQ==", "subType": "04"}}}, "updates": [{"q": {"_id": {"$oid": "63dc3c331b23f96d9c83993b"}}, "u": {"_id": {"$oid": "63dc3c331b23f96d9c83993b"}, "uuid": {"$binary": {"base64": "p0gTAGmNqZPMg+qWtQVPsw==", "subType": "03"}}, "raquetaId": {"$binary": {"base64": "p0gBAGmNqZO6g+qWtQVPsw==", "subType": "03"}}, "precio": 0.0, "tipo": "ADQUISICION", "finalizada": false, "pedidoId": {"$binary": {"base64": "p0gQAGmNqZPMiuqWtQVPsw==", "subType": "03"}}, "productoAdquiridoId": {"$binary": {"base64": "p0gEAGmNqZOqg+qWtQVPsw==", "subType": "03"}}, "peso": null, "balance": null, "rigidez": null, "tensionHorizontal": null, "cordajeHorizontalId": null, "tensio ...' with request id 149 to database practica03mongoIvanLoli on connection [connectionId{localValue:34, serverValue:127384}] to server ac-o2suyf6-shard-00-02.7qtbnuz.mongodb.net:27017
23:41:55.869 [async-channel-group-0-handler-executor] DEBUG org.mongodb.driver.protocol.command - Execution of command with request id 149 completed successfully in 41.84 ms on connection [connectionId{localValue:34, serverValue:127384}] to server ac-o2suyf6-shard-00-02.7qtbnuz.mongodb.net:27017
23:41:55.874 [DefaultDispatcher-worker-14 @coroutine#998] DEBUG koin.repositories.tarea.TareaRepository - save(Tarea(id=63dc3c331b23f96d9c83993b, uuid=93a98d69-0013-48a7-b34f-05b596ea83cc, raquetaId=93a98d69-0001-48a7-b34f-05b596ea83ba, precio=0.0, tipo=ADQUISICION, finalizada=false, pedidoId=93a98d69-0010-48a7-b34f-05b596ea8acc, productoAdquiridoId=93a98d69-0004-48a7-b34f-05b596ea83aa, peso=null, balance=null, rigidez=null, tensionHorizontal=null, cordajeHorizontalId=null, tensionVertical=null, cordajeVerticalId=null, dosNudos=null))
23:41:55.876 [AsyncGetter-5-thread-1] DEBUG org.mongodb.driver.protocol.command - Sending command '{"update": "tarea", "ordered": true, "txnNumber": 45, "$db": "practica03mongoIvanLoli", "$clusterTime": {"clusterTime": {"$timestamp": {"t": 1675377715, "i": 15}}, "signature": {"hash": {"$binary": {"base64": "4Ugny+D4wo1UrX0Xtk90o/ZNEF8=", "subType": "00"}}, "keyId": 7161871216054108163}}, "lsid": {"id": {"$binary": {"base64": "nuXtmKpPQPG6K0CQKaFtYQ==", "subType": "04"}}}, "updates": [{"q": {"_id": {"$oid": "63dc3c331b23f96d9c83993b"}}, "u": {"_id": {"$oid": "63dc3c331b23f96d9c83993b"}, "uuid": {"$binary": {"base64": "p0gTAGmNqZPMg+qWtQVPsw==", "subType": "03"}}, "raquetaId": {"$binary": {"base64": "p0gBAGmNqZO6g+qWtQVPsw==", "subType": "03"}}, "precio": 0.0, "tipo": "ADQUISICION", "finalizada": false, "pedidoId": {"$binary": {"base64": "p0gQAGmNqZPMiuqWtQVPsw==", "subType": "03"}}, "productoAdquiridoId": {"$binary": {"base64": "p0gEAGmNqZOqg+qWtQVPsw==", "subType": "03"}}, "peso": null, "balance": null, "rigidez": null, "tensionHorizontal": null, "cordajeHorizontalId": null, "tensio ...' with request id 150 to database practica03mongoIvanLoli on connection [connectionId{localValue:34, serverValue:127384}] to server ac-o2suyf6-shard-00-02.7qtbnuz.mongodb.net:27017
23:41:55.916 [async-channel-group-0-handler-executor] DEBUG org.mongodb.driver.protocol.command - Execution of command with request id 150 completed successfully in 40.69 ms on connection [connectionId{localValue:34, serverValue:127384}] to server ac-o2suyf6-shard-00-02.7qtbnuz.mongodb.net:27017
23:41:55.921 [AsyncGetter-5-thread-1] DEBUG org.mongodb.driver.protocol.command - Sending command '{"update": "tarea", "ordered": true, "txnNumber": 46, "$db": "practica03mongoIvanLoli", "$clusterTime": {"clusterTime": {"$timestamp": {"t": 1675377715, "i": 15}}, "signature": {"hash": {"$binary": {"base64": "4Ugny+D4wo1UrX0Xtk90o/ZNEF8=", "subType": "00"}}, "keyId": 7161871216054108163}}, "lsid": {"id": {"$binary": {"base64": "nuXtmKpPQPG6K0CQKaFtYQ==", "subType": "04"}}}, "updates": [{"q": {"_id": {"$oid": "63dc3c331b23f96d9c83993b"}}, "u": {"_id": {"$oid": "63dc3c331b23f96d9c83993b"}, "uuid": {"$binary": {"base64": "p0gTAGmNqZPMg+qWtQVPsw==", "subType": "03"}}, "raquetaId": {"$binary": {"base64": "p0gBAGmNqZO6g+qWtQVPsw==", "subType": "03"}}, "precio": 0.0, "tipo": "ADQUISICION", "finalizada": false, "pedidoId": {"$binary": {"base64": "p0gQAGmNqZPMiuqWtQVPsw==", "subType": "03"}}, "productoAdquiridoId": {"$binary": {"base64": "p0gEAGmNqZOqg+qWtQVPsw==", "subType": "03"}}, "peso": null, "balance": null, "rigidez": null, "tensionHorizontal": null, "cordajeHorizontalId": null, "tensio ...' with request id 151 to database practica03mongoIvanLoli on connection [connectionId{localValue:34, serverValue:127384}] to server ac-o2suyf6-shard-00-02.7qtbnuz.mongodb.net:27017
23:41:55.962 [async-channel-group-0-handler-executor] DEBUG org.mongodb.driver.protocol.command - Execution of command with request id 151 completed successfully in 41.31 ms on connection [connectionId{localValue:34, serverValue:127384}] to server ac-o2suyf6-shard-00-02.7qtbnuz.mongodb.net:27017
23:41:55.966 [DefaultDispatcher-worker-14 @coroutine#1003] DEBUG koin.repositories.tarea.TareaRepository - findById(63dc3c331b23f96d9c83993c)
23:41:55.967 [AsyncGetter-5-thread-1] DEBUG org.mongodb.driver.protocol.command - Sending command '{"find": "tarea", "filter": {"_id": {"$oid": "63dc3c331b23f96d9c83993c"}}, "limit": 1, "singleBatch": true, "$db": "practica03mongoIvanLoli", "$clusterTime": {"clusterTime": {"$timestamp": {"t": 1675377715, "i": 15}}, "signature": {"hash": {"$binary": {"base64": "4Ugny+D4wo1UrX0Xtk90o/ZNEF8=", "subType": "00"}}, "keyId": 7161871216054108163}}, "lsid": {"id": {"$binary": {"base64": "nuXtmKpPQPG6K0CQKaFtYQ==", "subType": "04"}}}}' with request id 152 to database practica03mongoIvanLoli on connection [connectionId{localValue:34, serverValue:127384}] to server ac-o2suyf6-shard-00-02.7qtbnuz.mongodb.net:27017
23:41:56.008 [async-channel-group-0-handler-executor] DEBUG org.mongodb.driver.protocol.command - Execution of command with request id 152 completed successfully in 40.96 ms on connection [connectionId{localValue:34, serverValue:127384}] to server ac-o2suyf6-shard-00-02.7qtbnuz.mongodb.net:27017
23:41:56.008 [async-channel-group-0-handler-executor] DEBUG org.mongodb.driver.operation - Received batch of 0 documents with cursorId 0 from server ac-o2suyf6-shard-00-02.7qtbnuz.mongodb.net:27017
23:41:56.011 [AsyncGetter-5-thread-1] DEBUG org.mongodb.driver.protocol.command - Sending command '{"update": "tarea", "ordered": true, "txnNumber": 47, "$db": "practica03mongoIvanLoli", "$clusterTime": {"clusterTime": {"$timestamp": {"t": 1675377715, "i": 15}}, "signature": {"hash": {"$binary": {"base64": "4Ugny+D4wo1UrX0Xtk90o/ZNEF8=", "subType": "00"}}, "keyId": 7161871216054108163}}, "lsid": {"id": {"$binary": {"base64": "nuXtmKpPQPG6K0CQKaFtYQ==", "subType": "04"}}}, "updates": [{"q": {"_id": {"$oid": "63dc3c331b23f96d9c83993b"}}, "u": {"_id": {"$oid": "63dc3c331b23f96d9c83993b"}, "uuid": {"$binary": {"base64": "p0gTAGmNqZPMg+qWtQVPsw==", "subType": "03"}}, "raquetaId": {"$binary": {"base64": "p0gBAGmNqZO6g+qWtQVPsw==", "subType": "03"}}, "precio": 0.0, "tipo": "ADQUISICION", "finalizada": false, "pedidoId": {"$binary": {"base64": "p0gQAGmNqZPMiuqWtQVPsw==", "subType": "03"}}, "productoAdquiridoId": {"$binary": {"base64": "p0gEAGmNqZOqg+qWtQVPsw==", "subType": "03"}}, "peso": null, "balance": null, "rigidez": null, "tensionHorizontal": null, "cordajeHorizontalId": null, "tensio ...' with request id 153 to database practica03mongoIvanLoli on connection [connectionId{localValue:34, serverValue:127384}] to server ac-o2suyf6-shard-00-02.7qtbnuz.mongodb.net:27017
23:41:56.052 [async-channel-group-0-handler-executor] DEBUG org.mongodb.driver.protocol.command - Execution of command with request id 153 completed successfully in 41.31 ms on connection [connectionId{localValue:34, serverValue:127384}] to server ac-o2suyf6-shard-00-02.7qtbnuz.mongodb.net:27017
23:41:56.056 [DefaultDispatcher-worker-14 @coroutine#1008] DEBUG koin.repositories.tarea.TareaRepository - delete(63dc3c341b23f96d9c83993d)
23:41:56.057 [AsyncGetter-5-thread-1] DEBUG org.mongodb.driver.protocol.command - Sending command '{"find": "tarea", "filter": {"_id": {"$oid": "63dc3c341b23f96d9c83993d"}}, "limit": 1, "singleBatch": true, "$db": "practica03mongoIvanLoli", "$clusterTime": {"clusterTime": {"$timestamp": {"t": 1675377715, "i": 15}}, "signature": {"hash": {"$binary": {"base64": "4Ugny+D4wo1UrX0Xtk90o/ZNEF8=", "subType": "00"}}, "keyId": 7161871216054108163}}, "lsid": {"id": {"$binary": {"base64": "nuXtmKpPQPG6K0CQKaFtYQ==", "subType": "04"}}}}' with request id 154 to database practica03mongoIvanLoli on connection [connectionId{localValue:34, serverValue:127384}] to server ac-o2suyf6-shard-00-02.7qtbnuz.mongodb.net:27017
23:41:56.097 [async-channel-group-0-handler-executor] DEBUG org.mongodb.driver.protocol.command - Execution of command with request id 154 completed successfully in 40.17 ms on connection [connectionId{localValue:34, serverValue:127384}] to server ac-o2suyf6-shard-00-02.7qtbnuz.mongodb.net:27017
23:41:56.098 [async-channel-group-0-handler-executor] DEBUG org.mongodb.driver.operation - Received batch of 0 documents with cursorId 0 from server ac-o2suyf6-shard-00-02.7qtbnuz.mongodb.net:27017
23:41:56.099 [AsyncGetter-5-thread-1] DEBUG org.mongodb.driver.protocol.command - Sending command '{"delete": "tarea", "ordered": true, "txnNumber": 48, "$db": "practica03mongoIvanLoli", "$clusterTime": {"clusterTime": {"$timestamp": {"t": 1675377715, "i": 15}}, "signature": {"hash": {"$binary": {"base64": "4Ugny+D4wo1UrX0Xtk90o/ZNEF8=", "subType": "00"}}, "keyId": 7161871216054108163}}, "lsid": {"id": {"$binary": {"base64": "nuXtmKpPQPG6K0CQKaFtYQ==", "subType": "04"}}}, "deletes": [{"q": {"_id": {"$oid": "63dc3c341b23f96d9c83993d"}}, "limit": 1}]}' with request id 155 to database practica03mongoIvanLoli on connection [connectionId{localValue:34, serverValue:127384}] to server ac-o2suyf6-shard-00-02.7qtbnuz.mongodb.net:27017
23:41:56.140 [async-channel-group-0-handler-executor] DEBUG org.mongodb.driver.protocol.command - Execution of command with request id 155 completed successfully in 40.95 ms on connection [connectionId{localValue:34, serverValue:127384}] to server ac-o2suyf6-shard-00-02.7qtbnuz.mongodb.net:27017
23:41:56.143 [AsyncGetter-5-thread-1] DEBUG org.mongodb.driver.protocol.command - Sending command '{"drop": "tarea", "$db": "practica03mongoIvanLoli", "$clusterTime": {"clusterTime": {"$timestamp": {"t": 1675377716, "i": 1}}, "signature": {"hash": {"$binary": {"base64": "W8VdB4LIfLn6mgtO2wksoPw/NQs=", "subType": "00"}}, "keyId": 7161871216054108163}}, "lsid": {"id": {"$binary": {"base64": "nuXtmKpPQPG6K0CQKaFtYQ==", "subType": "04"}}}}' with request id 156 to database practica03mongoIvanLoli on connection [connectionId{localValue:34, serverValue:127384}] to server ac-o2suyf6-shard-00-02.7qtbnuz.mongodb.net:27017
23:41:56.195 [async-channel-group-0-handler-executor] DEBUG org.mongodb.driver.protocol.command - Execution of command with request id 156 completed successfully in 51.62 ms on connection [connectionId{localValue:34, serverValue:127384}] to server ac-o2suyf6-shard-00-02.7qtbnuz.mongodb.net:27017
]]></system-out>
  <system-err><![CDATA[]]></system-err>
</testsuite>
