<?xml version="1.0" encoding="UTF-8"?>
<testsuite name="koin.repositories.turno.TurnoRepositoryCachedTest" tests="8" skipped="0" failures="0" errors="0" timestamp="2023-02-10T19:47:45" hostname="LOLI-LAPTOP" time="0.093">
  <properties/>
  <testcase name="setFinalizado()" classname="koin.repositories.turno.TurnoRepositoryCachedTest" time="0.014"/>
  <testcase name="delete()" classname="koin.repositories.turno.TurnoRepositoryCachedTest" time="0.017"/>
  <testcase name="findAll()" classname="koin.repositories.turno.TurnoRepositoryCachedTest" time="0.011"/>
  <testcase name="findById()" classname="koin.repositories.turno.TurnoRepositoryCachedTest" time="0.014"/>
  <testcase name="findByUUID()" classname="koin.repositories.turno.TurnoRepositoryCachedTest" time="0.012"/>
  <testcase name="save()" classname="koin.repositories.turno.TurnoRepositoryCachedTest" time="0.009"/>
  <testcase name="findByUUIDNotExists()" classname="koin.repositories.turno.TurnoRepositoryCachedTest" time="0.005"/>
  <testcase name="findByIdNotExists()" classname="koin.repositories.turno.TurnoRepositoryCachedTest" time="0.008"/>
  <system-out><![CDATA[20:47:45.615 [Test worker] DEBUG koin.services.cache.turno.TurnoCache - Initializing TurnoCache...
20:47:45.618 [Test worker] DEBUG io.mockk.impl.instantiation.AbstractMockFactory - Creating spyk for TurnoCache name=cache#715
20:47:45.650 [Test worker] DEBUG io.mockk.impl.instantiation.AbstractMockFactory - Creating mockk for TurnoRepository name=repo#716
20:47:45.687 [DefaultDispatcher-worker-10 @coroutine#1010] DEBUG io.mockk.impl.recording.states.AnsweringState - Answering 60000 on TurnoCache(cache#715).getRefreshTime()
20:47:45.692 [Test worker @coroutine#1011] DEBUG io.mockk.impl.instantiation.AbstractMockFactory - Creating mockk for Turno name=child of repo#716#717
20:47:45.695 [DefaultDispatcher-worker-10] DEBUG io.mockk.impl.recording.states.AnsweringState - Answering Turno(id=63e69f613d878c607c737158, uuid=93a98d69-0019-48a7-b34f-05b596ea8abc, workerId=93a98d69-0007-48a7-b34f-05b596ea839c, maquinaId=93a98d69-0008-48a7-b34f-05b596ea83bb, horaInicio=2002-10-14T10:09, horaFin=2002-10-14T16:49, numPedidosActivos=2, tarea1Id=93a98d69-0015-48a7-b34f-05b596ea8aab, tarea2Id=93a98d69-0011-48a7-b34f-05b596ea83ca, finalizado=false) on TurnoRepository(repo#716).setFinalizado(63e69f613d878c607c737158, continuation {})
20:47:45.705 [Test worker @coroutine#1017] DEBUG io.mockk.impl.instantiation.AbstractMockFactory - Creating mockk for Turno name=child of repo#716#718
20:47:45.708 [Test worker @coroutine#1017] DEBUG io.mockk.impl.instantiation.AbstractMockFactory - Creating mockk for Turno name=child of repo#716#719
20:47:45.709 [DefaultDispatcher-worker-11] DEBUG io.mockk.impl.recording.states.AnsweringState - Answering Turno(id=63e69f613d878c607c737158, uuid=93a98d69-0019-48a7-b34f-05b596ea8abc, workerId=93a98d69-0007-48a7-b34f-05b596ea839c, maquinaId=93a98d69-0008-48a7-b34f-05b596ea83bb, horaInicio=2002-10-14T10:09, horaFin=2002-10-14T16:49, numPedidosActivos=2, tarea1Id=93a98d69-0015-48a7-b34f-05b596ea8aab, tarea2Id=93a98d69-0011-48a7-b34f-05b596ea83ca, finalizado=false) on TurnoRepository(repo#716).delete(63e69f613d878c607c737158, continuation {})
20:47:45.712 [DefaultDispatcher-worker-11] DEBUG io.mockk.impl.recording.states.AnsweringState - Answering io.github.reactivecircus.cache4k.RealCache@18355f4d on TurnoCache(cache#715).getCache()
20:47:45.721 [Test worker @coroutine#1025] DEBUG io.mockk.impl.instantiation.AbstractMockFactory - Creating mockk for Flow name=child of repo#716#720
20:47:45.723 [DefaultDispatcher-worker-11] DEBUG io.mockk.impl.recording.states.AnsweringState - Answering kotlinx.coroutines.flow.FlowKt__BuildersKt$flowOf$$inlined$unsafeFlow$2@7e9375c2 on TurnoRepository(repo#716).findAll(continuation {})
20:47:45.732 [Test worker @coroutine#1031] DEBUG io.mockk.impl.instantiation.AbstractMockFactory - Creating mockk for Turno name=child of repo#716#721
20:47:45.737 [DefaultDispatcher-worker-11] DEBUG io.mockk.impl.recording.states.AnsweringState - Answering Turno(id=63e69f613d878c607c737158, uuid=93a98d69-0019-48a7-b34f-05b596ea8abc, workerId=93a98d69-0007-48a7-b34f-05b596ea839c, maquinaId=93a98d69-0008-48a7-b34f-05b596ea83bb, horaInicio=2002-10-14T10:09, horaFin=2002-10-14T16:49, numPedidosActivos=2, tarea1Id=93a98d69-0015-48a7-b34f-05b596ea8aab, tarea2Id=93a98d69-0011-48a7-b34f-05b596ea83ca, finalizado=false) on TurnoRepository(repo#716).findById(63e69f613d878c607c737158, continuation {})
20:47:45.747 [Test worker @coroutine#1037] DEBUG io.mockk.impl.instantiation.AbstractMockFactory - Creating mockk for Turno name=child of repo#716#722
20:47:45.749 [DefaultDispatcher-worker-11] DEBUG io.mockk.impl.recording.states.AnsweringState - Answering io.github.reactivecircus.cache4k.RealCache@18355f4d on TurnoCache(cache#715).getCache()
20:47:45.750 [DefaultDispatcher-worker-11] DEBUG io.mockk.impl.recording.states.AnsweringState - Answering Turno(id=63e69f613d878c607c737158, uuid=93a98d69-0019-48a7-b34f-05b596ea8abc, workerId=93a98d69-0007-48a7-b34f-05b596ea839c, maquinaId=93a98d69-0008-48a7-b34f-05b596ea83bb, horaInicio=2002-10-14T10:09, horaFin=2002-10-14T16:49, numPedidosActivos=2, tarea1Id=93a98d69-0015-48a7-b34f-05b596ea8aab, tarea2Id=93a98d69-0011-48a7-b34f-05b596ea83ca, finalizado=false) on TurnoRepository(repo#716).findByUUID(93a98d69-0019-48a7-b34f-05b596ea8abc, continuation {})
20:47:45.754 [Test worker @background work runner#1040] DEBUG io.mockk.impl.instantiation.AbstractMockFactory - Creating mockk for Turno name=child of repo#716#723
20:47:45.758 [Test worker @coroutine#1043] DEBUG io.mockk.impl.instantiation.AbstractMockFactory - Creating mockk for Turno name=child of repo#716#724
20:47:45.759 [DefaultDispatcher-worker-11] DEBUG io.mockk.impl.recording.states.AnsweringState - Answering Turno(id=63e69f613d878c607c737158, uuid=93a98d69-0019-48a7-b34f-05b596ea8abc, workerId=93a98d69-0007-48a7-b34f-05b596ea839c, maquinaId=93a98d69-0008-48a7-b34f-05b596ea83bb, horaInicio=2002-10-14T10:09, horaFin=2002-10-14T16:49, numPedidosActivos=2, tarea1Id=93a98d69-0015-48a7-b34f-05b596ea8aab, tarea2Id=93a98d69-0011-48a7-b34f-05b596ea83ca, finalizado=false) on TurnoRepository(repo#716).save(Turno(id=63e69f613d878c607c737158, uuid=93a98d69-0019-48a7-b34f-05b596ea8abc, workerId=93a98d69-0007-48a7-b34f-05b596ea839c, maquinaId=93a98d69-0008-48a7-b34f-05b596ea83bb, horaInicio=2002-10-14T10:09, horaFin=2002-10-14T16:49, numPedidosActivos=2, tarea1Id=93a98d69-0015-48a7-b34f-05b596ea8aab, tarea2Id=93a98d69-0011-48a7-b34f-05b596ea83ca, finalizado=false), continuation {})
20:47:45.767 [DefaultDispatcher-worker-11] DEBUG io.mockk.impl.recording.states.AnsweringState - Answering io.github.reactivecircus.cache4k.RealCache@18355f4d on TurnoCache(cache#715).getCache()
20:47:45.767 [DefaultDispatcher-worker-11] DEBUG io.mockk.impl.recording.states.AnsweringState - Answering null on TurnoRepository(repo#716).findByUUID(28deeaee-5953-43ab-9445-01fae7578692, continuation {})
20:47:45.774 [DefaultDispatcher-worker-11] DEBUG io.mockk.impl.recording.states.AnsweringState - Answering null on TurnoRepository(repo#716).findById(63e69f613d878c607c737159, continuation {})
]]></system-out>
  <system-err><![CDATA[]]></system-err>
</testsuite>
