<?xml version="1.0" encoding="UTF-8"?>
<testsuite name="koin.repositories.producto.ProductoRepositoryTest" tests="9" skipped="0" failures="0" errors="0" timestamp="2023-02-07T21:49:32" hostname="LOLI-LAPTOP" time="1.086">
  <properties/>
  <testcase name="delete()" classname="koin.repositories.producto.ProductoRepositoryTest" time="0.184"/>
  <testcase name="decreaseStockBelow0()" classname="koin.repositories.producto.ProductoRepositoryTest" time="0.147"/>
  <testcase name="findAll()" classname="koin.repositories.producto.ProductoRepositoryTest" time="0.099"/>
  <testcase name="findById()" classname="koin.repositories.producto.ProductoRepositoryTest" time="0.093"/>
  <testcase name="decreaseStock()" classname="koin.repositories.producto.ProductoRepositoryTest" time="0.138"/>
  <testcase name="findByUuid()" classname="koin.repositories.producto.ProductoRepositoryTest" time="0.117"/>
  <testcase name="save()" classname="koin.repositories.producto.ProductoRepositoryTest" time="0.094"/>
  <testcase name="findByIdNotExists()" classname="koin.repositories.producto.ProductoRepositoryTest" time="0.086"/>
  <testcase name="deleteNotExists()" classname="koin.repositories.producto.ProductoRepositoryTest" time="0.127"/>
  <system-out><![CDATA[22:49:32.884 [AsyncGetter-5-thread-1] DEBUG org.mongodb.driver.protocol.command - Sending command '{"drop": "producto", "$db": "practica03mongoIvanLoli", "$clusterTime": {"clusterTime": {"$timestamp": {"t": 1675806570, "i": 7}}, "signature": {"hash": {"$binary": {"base64": "8rw5UtnLbWiJbBCSjhN0HegAWlM=", "subType": "00"}}, "keyId": 7161871216054108163}}, "lsid": {"id": {"$binary": {"base64": "xbe9yt96RfCuB/EkkSIjyQ==", "subType": "04"}}}}' with request id 103 to database practica03mongoIvanLoli on connection [connectionId{localValue:11, serverValue:216638}] to server ac-o2suyf6-shard-00-02.7qtbnuz.mongodb.net:27017
22:49:32.933 [async-channel-group-0-handler-executor] DEBUG org.mongodb.driver.protocol.command - Execution of command with request id 103 completed successfully in 48.77 ms on connection [connectionId{localValue:11, serverValue:216638}] to server ac-o2suyf6-shard-00-02.7qtbnuz.mongodb.net:27017
22:49:32.939 [AsyncGetter-5-thread-1] DEBUG org.mongodb.driver.protocol.command - Sending command '{"update": "producto", "ordered": true, "txnNumber": 23, "$db": "practica03mongoIvanLoli", "$clusterTime": {"clusterTime": {"$timestamp": {"t": 1675806570, "i": 9}}, "signature": {"hash": {"$binary": {"base64": "8rw5UtnLbWiJbBCSjhN0HegAWlM=", "subType": "00"}}, "keyId": 7161871216054108163}}, "lsid": {"id": {"$binary": {"base64": "xbe9yt96RfCuB/EkkSIjyQ==", "subType": "04"}}}, "updates": [{"q": {"_id": {"$oid": "63e2c76c285de2538ba4e327"}}, "u": {"_id": {"$oid": "63e2c76c285de2538ba4e327"}, "uuid": {"$binary": {"base64": "p0imbWmNqZOqg+qWtQVPsw==", "subType": "03"}}, "tipo": "FUNDAS", "marca": "MarcaZ", "modelo": "ModeloZ", "precio": 36.4, "stock": 1}, "upsert": true}]}' with request id 104 to database practica03mongoIvanLoli on connection [connectionId{localValue:11, serverValue:216638}] to server ac-o2suyf6-shard-00-02.7qtbnuz.mongodb.net:27017
22:49:33.021 [async-channel-group-0-handler-executor] DEBUG org.mongodb.driver.protocol.command - Execution of command with request id 104 completed successfully in 82.89 ms on connection [connectionId{localValue:11, serverValue:216638}] to server ac-o2suyf6-shard-00-02.7qtbnuz.mongodb.net:27017
22:49:33.029 [DefaultDispatcher-worker-2 @coroutine#843] DEBUG koin.repositories.producto.ProductoRepository - delete(63e2c76c285de2538ba4e327)
22:49:33.031 [AsyncGetter-5-thread-1] DEBUG org.mongodb.driver.protocol.command - Sending command '{"find": "producto", "filter": {"_id": {"$oid": "63e2c76c285de2538ba4e327"}}, "limit": 1, "singleBatch": true, "$db": "practica03mongoIvanLoli", "$clusterTime": {"clusterTime": {"$timestamp": {"t": 1675806570, "i": 11}}, "signature": {"hash": {"$binary": {"base64": "8rw5UtnLbWiJbBCSjhN0HegAWlM=", "subType": "00"}}, "keyId": 7161871216054108163}}, "lsid": {"id": {"$binary": {"base64": "xbe9yt96RfCuB/EkkSIjyQ==", "subType": "04"}}}}' with request id 105 to database practica03mongoIvanLoli on connection [connectionId{localValue:11, serverValue:216638}] to server ac-o2suyf6-shard-00-02.7qtbnuz.mongodb.net:27017
22:49:33.068 [async-channel-group-0-handler-executor] DEBUG org.mongodb.driver.protocol.command - Execution of command with request id 105 completed successfully in 37.78 ms on connection [connectionId{localValue:11, serverValue:216638}] to server ac-o2suyf6-shard-00-02.7qtbnuz.mongodb.net:27017
22:49:33.069 [async-channel-group-0-handler-executor] DEBUG org.mongodb.driver.operation - Received batch of 1 documents with cursorId 0 from server ac-o2suyf6-shard-00-02.7qtbnuz.mongodb.net:27017
22:49:33.070 [AsyncGetter-5-thread-1] DEBUG org.mongodb.driver.protocol.command - Sending command '{"delete": "producto", "ordered": true, "txnNumber": 24, "$db": "practica03mongoIvanLoli", "$clusterTime": {"clusterTime": {"$timestamp": {"t": 1675806570, "i": 11}}, "signature": {"hash": {"$binary": {"base64": "8rw5UtnLbWiJbBCSjhN0HegAWlM=", "subType": "00"}}, "keyId": 7161871216054108163}}, "lsid": {"id": {"$binary": {"base64": "xbe9yt96RfCuB/EkkSIjyQ==", "subType": "04"}}}, "deletes": [{"q": {"_id": {"$oid": "63e2c76c285de2538ba4e327"}}, "limit": 1}]}' with request id 106 to database practica03mongoIvanLoli on connection [connectionId{localValue:11, serverValue:216638}] to server ac-o2suyf6-shard-00-02.7qtbnuz.mongodb.net:27017
22:49:33.114 [async-channel-group-0-handler-executor] DEBUG org.mongodb.driver.protocol.command - Execution of command with request id 106 completed successfully in 43.71 ms on connection [connectionId{localValue:11, serverValue:216638}] to server ac-o2suyf6-shard-00-02.7qtbnuz.mongodb.net:27017
22:49:33.119 [AsyncGetter-5-thread-1] DEBUG org.mongodb.driver.protocol.command - Sending command '{"update": "producto", "ordered": true, "txnNumber": 25, "$db": "practica03mongoIvanLoli", "$clusterTime": {"clusterTime": {"$timestamp": {"t": 1675806571, "i": 1}}, "signature": {"hash": {"$binary": {"base64": "TlYfbTbDz4NXHHv7s0pUoE9wWJM=", "subType": "00"}}, "keyId": 7161871216054108163}}, "lsid": {"id": {"$binary": {"base64": "xbe9yt96RfCuB/EkkSIjyQ==", "subType": "04"}}}, "updates": [{"q": {"_id": {"$oid": "63e2c76c285de2538ba4e327"}}, "u": {"_id": {"$oid": "63e2c76c285de2538ba4e327"}, "uuid": {"$binary": {"base64": "p0imbWmNqZOqg+qWtQVPsw==", "subType": "03"}}, "tipo": "FUNDAS", "marca": "MarcaZ", "modelo": "ModeloZ", "precio": 36.4, "stock": 1}, "upsert": true}]}' with request id 107 to database practica03mongoIvanLoli on connection [connectionId{localValue:11, serverValue:216638}] to server ac-o2suyf6-shard-00-02.7qtbnuz.mongodb.net:27017
22:49:33.164 [async-channel-group-0-handler-executor] DEBUG org.mongodb.driver.protocol.command - Execution of command with request id 107 completed successfully in 44.60 ms on connection [connectionId{localValue:11, serverValue:216638}] to server ac-o2suyf6-shard-00-02.7qtbnuz.mongodb.net:27017
22:49:33.173 [DefaultDispatcher-worker-2 @coroutine#848] DEBUG koin.repositories.producto.ProductoRepository - decreaseStock(63e2c76c285de2538ba4e327)
22:49:33.175 [AsyncGetter-5-thread-1] DEBUG org.mongodb.driver.protocol.command - Sending command '{"find": "producto", "filter": {"_id": {"$oid": "63e2c76c285de2538ba4e327"}}, "limit": 1, "singleBatch": true, "$db": "practica03mongoIvanLoli", "$clusterTime": {"clusterTime": {"$timestamp": {"t": 1675806571, "i": 2}}, "signature": {"hash": {"$binary": {"base64": "TlYfbTbDz4NXHHv7s0pUoE9wWJM=", "subType": "00"}}, "keyId": 7161871216054108163}}, "lsid": {"id": {"$binary": {"base64": "xbe9yt96RfCuB/EkkSIjyQ==", "subType": "04"}}}}' with request id 108 to database practica03mongoIvanLoli on connection [connectionId{localValue:11, serverValue:216638}] to server ac-o2suyf6-shard-00-02.7qtbnuz.mongodb.net:27017
22:49:33.216 [async-channel-group-0-handler-executor] DEBUG org.mongodb.driver.protocol.command - Execution of command with request id 108 completed successfully in 41.24 ms on connection [connectionId{localValue:11, serverValue:216638}] to server ac-o2suyf6-shard-00-02.7qtbnuz.mongodb.net:27017
22:49:33.216 [async-channel-group-0-handler-executor] DEBUG org.mongodb.driver.operation - Received batch of 1 documents with cursorId 0 from server ac-o2suyf6-shard-00-02.7qtbnuz.mongodb.net:27017
22:49:33.218 [AsyncGetter-5-thread-1] DEBUG org.mongodb.driver.protocol.command - Sending command '{"update": "producto", "ordered": true, "txnNumber": 26, "$db": "practica03mongoIvanLoli", "$clusterTime": {"clusterTime": {"$timestamp": {"t": 1675806571, "i": 2}}, "signature": {"hash": {"$binary": {"base64": "TlYfbTbDz4NXHHv7s0pUoE9wWJM=", "subType": "00"}}, "keyId": 7161871216054108163}}, "lsid": {"id": {"$binary": {"base64": "xbe9yt96RfCuB/EkkSIjyQ==", "subType": "04"}}}, "updates": [{"q": {"_id": {"$oid": "63e2c76c285de2538ba4e327"}}, "u": {"_id": {"$oid": "63e2c76c285de2538ba4e327"}, "uuid": {"$binary": {"base64": "p0imbWmNqZOqg+qWtQVPsw==", "subType": "03"}}, "tipo": "FUNDAS", "marca": "MarcaZ", "modelo": "ModeloZ", "precio": 36.4, "stock": 0}, "upsert": true}]}' with request id 109 to database practica03mongoIvanLoli on connection [connectionId{localValue:11, serverValue:216638}] to server ac-o2suyf6-shard-00-02.7qtbnuz.mongodb.net:27017
22:49:33.262 [async-channel-group-0-handler-executor] DEBUG org.mongodb.driver.protocol.command - Execution of command with request id 109 completed successfully in 44.00 ms on connection [connectionId{localValue:11, serverValue:216638}] to server ac-o2suyf6-shard-00-02.7qtbnuz.mongodb.net:27017
22:49:33.267 [AsyncGetter-5-thread-1] DEBUG org.mongodb.driver.protocol.command - Sending command '{"update": "producto", "ordered": true, "txnNumber": 27, "$db": "practica03mongoIvanLoli", "$clusterTime": {"clusterTime": {"$timestamp": {"t": 1675806571, "i": 3}}, "signature": {"hash": {"$binary": {"base64": "TlYfbTbDz4NXHHv7s0pUoE9wWJM=", "subType": "00"}}, "keyId": 7161871216054108163}}, "lsid": {"id": {"$binary": {"base64": "xbe9yt96RfCuB/EkkSIjyQ==", "subType": "04"}}}, "updates": [{"q": {"_id": {"$oid": "63e2c76c285de2538ba4e327"}}, "u": {"_id": {"$oid": "63e2c76c285de2538ba4e327"}, "uuid": {"$binary": {"base64": "p0imbWmNqZOqg+qWtQVPsw==", "subType": "03"}}, "tipo": "FUNDAS", "marca": "MarcaZ", "modelo": "ModeloZ", "precio": 36.4, "stock": 1}, "upsert": true}]}' with request id 110 to database practica03mongoIvanLoli on connection [connectionId{localValue:11, serverValue:216638}] to server ac-o2suyf6-shard-00-02.7qtbnuz.mongodb.net:27017
22:49:33.311 [async-channel-group-0-handler-executor] DEBUG org.mongodb.driver.protocol.command - Execution of command with request id 110 completed successfully in 43.57 ms on connection [connectionId{localValue:11, serverValue:216638}] to server ac-o2suyf6-shard-00-02.7qtbnuz.mongodb.net:27017
22:49:33.319 [DefaultDispatcher-worker-2 @coroutine#853] DEBUG koin.repositories.producto.ProductoRepository - findAll()
22:49:33.320 [AsyncGetter-5-thread-1] DEBUG org.mongodb.driver.protocol.command - Sending command '{"find": "producto", "filter": {}, "batchSize": 64, "$db": "practica03mongoIvanLoli", "$clusterTime": {"clusterTime": {"$timestamp": {"t": 1675806571, "i": 5}}, "signature": {"hash": {"$binary": {"base64": "TlYfbTbDz4NXHHv7s0pUoE9wWJM=", "subType": "00"}}, "keyId": 7161871216054108163}}, "lsid": {"id": {"$binary": {"base64": "xbe9yt96RfCuB/EkkSIjyQ==", "subType": "04"}}}}' with request id 111 to database practica03mongoIvanLoli on connection [connectionId{localValue:11, serverValue:216638}] to server ac-o2suyf6-shard-00-02.7qtbnuz.mongodb.net:27017
22:49:33.359 [async-channel-group-0-handler-executor] DEBUG org.mongodb.driver.protocol.command - Execution of command with request id 111 completed successfully in 38.91 ms on connection [connectionId{localValue:11, serverValue:216638}] to server ac-o2suyf6-shard-00-02.7qtbnuz.mongodb.net:27017
22:49:33.359 [async-channel-group-0-handler-executor] DEBUG org.mongodb.driver.operation - Received batch of 1 documents with cursorId 0 from server ac-o2suyf6-shard-00-02.7qtbnuz.mongodb.net:27017
22:49:33.367 [AsyncGetter-5-thread-1] DEBUG org.mongodb.driver.protocol.command - Sending command '{"update": "producto", "ordered": true, "txnNumber": 28, "$db": "practica03mongoIvanLoli", "$clusterTime": {"clusterTime": {"$timestamp": {"t": 1675806571, "i": 5}}, "signature": {"hash": {"$binary": {"base64": "TlYfbTbDz4NXHHv7s0pUoE9wWJM=", "subType": "00"}}, "keyId": 7161871216054108163}}, "lsid": {"id": {"$binary": {"base64": "xbe9yt96RfCuB/EkkSIjyQ==", "subType": "04"}}}, "updates": [{"q": {"_id": {"$oid": "63e2c76c285de2538ba4e327"}}, "u": {"_id": {"$oid": "63e2c76c285de2538ba4e327"}, "uuid": {"$binary": {"base64": "p0imbWmNqZOqg+qWtQVPsw==", "subType": "03"}}, "tipo": "FUNDAS", "marca": "MarcaZ", "modelo": "ModeloZ", "precio": 36.4, "stock": 1}, "upsert": true}]}' with request id 112 to database practica03mongoIvanLoli on connection [connectionId{localValue:11, serverValue:216638}] to server ac-o2suyf6-shard-00-02.7qtbnuz.mongodb.net:27017
22:49:33.407 [async-channel-group-0-handler-executor] DEBUG org.mongodb.driver.protocol.command - Execution of command with request id 112 completed successfully in 41.36 ms on connection [connectionId{localValue:11, serverValue:216638}] to server ac-o2suyf6-shard-00-02.7qtbnuz.mongodb.net:27017
22:49:33.418 [DefaultDispatcher-worker-2 @coroutine#859] DEBUG koin.repositories.producto.ProductoRepository - findById(63e2c76c285de2538ba4e327)
22:49:33.419 [AsyncGetter-5-thread-1] DEBUG org.mongodb.driver.protocol.command - Sending command '{"find": "producto", "filter": {"_id": {"$oid": "63e2c76c285de2538ba4e327"}}, "limit": 1, "singleBatch": true, "$db": "practica03mongoIvanLoli", "$clusterTime": {"clusterTime": {"$timestamp": {"t": 1675806571, "i": 5}}, "signature": {"hash": {"$binary": {"base64": "TlYfbTbDz4NXHHv7s0pUoE9wWJM=", "subType": "00"}}, "keyId": 7161871216054108163}}, "lsid": {"id": {"$binary": {"base64": "xbe9yt96RfCuB/EkkSIjyQ==", "subType": "04"}}}}' with request id 113 to database practica03mongoIvanLoli on connection [connectionId{localValue:11, serverValue:216638}] to server ac-o2suyf6-shard-00-02.7qtbnuz.mongodb.net:27017
22:49:33.456 [async-channel-group-0-handler-executor] DEBUG org.mongodb.driver.protocol.command - Execution of command with request id 113 completed successfully in 37.88 ms on connection [connectionId{localValue:11, serverValue:216638}] to server ac-o2suyf6-shard-00-02.7qtbnuz.mongodb.net:27017
22:49:33.456 [async-channel-group-0-handler-executor] DEBUG org.mongodb.driver.operation - Received batch of 1 documents with cursorId 0 from server ac-o2suyf6-shard-00-02.7qtbnuz.mongodb.net:27017
22:49:33.460 [AsyncGetter-5-thread-1] DEBUG org.mongodb.driver.protocol.command - Sending command '{"update": "producto", "ordered": true, "txnNumber": 29, "$db": "practica03mongoIvanLoli", "$clusterTime": {"clusterTime": {"$timestamp": {"t": 1675806571, "i": 7}}, "signature": {"hash": {"$binary": {"base64": "TlYfbTbDz4NXHHv7s0pUoE9wWJM=", "subType": "00"}}, "keyId": 7161871216054108163}}, "lsid": {"id": {"$binary": {"base64": "xbe9yt96RfCuB/EkkSIjyQ==", "subType": "04"}}}, "updates": [{"q": {"_id": {"$oid": "63e2c76c285de2538ba4e327"}}, "u": {"_id": {"$oid": "63e2c76c285de2538ba4e327"}, "uuid": {"$binary": {"base64": "p0imbWmNqZOqg+qWtQVPsw==", "subType": "03"}}, "tipo": "FUNDAS", "marca": "MarcaZ", "modelo": "ModeloZ", "precio": 36.4, "stock": 1}, "upsert": true}]}' with request id 114 to database practica03mongoIvanLoli on connection [connectionId{localValue:11, serverValue:216638}] to server ac-o2suyf6-shard-00-02.7qtbnuz.mongodb.net:27017
22:49:33.499 [async-channel-group-0-handler-executor] DEBUG org.mongodb.driver.protocol.command - Execution of command with request id 114 completed successfully in 39.16 ms on connection [connectionId{localValue:11, serverValue:216638}] to server ac-o2suyf6-shard-00-02.7qtbnuz.mongodb.net:27017
22:49:33.506 [DefaultDispatcher-worker-2 @coroutine#864] DEBUG koin.repositories.producto.ProductoRepository - decreaseStock(63e2c76c285de2538ba4e327)
22:49:33.507 [AsyncGetter-5-thread-1] DEBUG org.mongodb.driver.protocol.command - Sending command '{"find": "producto", "filter": {"_id": {"$oid": "63e2c76c285de2538ba4e327"}}, "limit": 1, "singleBatch": true, "$db": "practica03mongoIvanLoli", "$clusterTime": {"clusterTime": {"$timestamp": {"t": 1675806571, "i": 7}}, "signature": {"hash": {"$binary": {"base64": "TlYfbTbDz4NXHHv7s0pUoE9wWJM=", "subType": "00"}}, "keyId": 7161871216054108163}}, "lsid": {"id": {"$binary": {"base64": "xbe9yt96RfCuB/EkkSIjyQ==", "subType": "04"}}}}' with request id 115 to database practica03mongoIvanLoli on connection [connectionId{localValue:11, serverValue:216638}] to server ac-o2suyf6-shard-00-02.7qtbnuz.mongodb.net:27017
22:49:33.546 [async-channel-group-0-handler-executor] DEBUG org.mongodb.driver.protocol.command - Execution of command with request id 115 completed successfully in 39.19 ms on connection [connectionId{localValue:11, serverValue:216638}] to server ac-o2suyf6-shard-00-02.7qtbnuz.mongodb.net:27017
22:49:33.546 [async-channel-group-0-handler-executor] DEBUG org.mongodb.driver.operation - Received batch of 1 documents with cursorId 0 from server ac-o2suyf6-shard-00-02.7qtbnuz.mongodb.net:27017
22:49:33.548 [AsyncGetter-5-thread-1] DEBUG org.mongodb.driver.protocol.command - Sending command '{"update": "producto", "ordered": true, "txnNumber": 30, "$db": "practica03mongoIvanLoli", "$clusterTime": {"clusterTime": {"$timestamp": {"t": 1675806571, "i": 7}}, "signature": {"hash": {"$binary": {"base64": "TlYfbTbDz4NXHHv7s0pUoE9wWJM=", "subType": "00"}}, "keyId": 7161871216054108163}}, "lsid": {"id": {"$binary": {"base64": "xbe9yt96RfCuB/EkkSIjyQ==", "subType": "04"}}}, "updates": [{"q": {"_id": {"$oid": "63e2c76c285de2538ba4e327"}}, "u": {"_id": {"$oid": "63e2c76c285de2538ba4e327"}, "uuid": {"$binary": {"base64": "p0imbWmNqZOqg+qWtQVPsw==", "subType": "03"}}, "tipo": "FUNDAS", "marca": "MarcaZ", "modelo": "ModeloZ", "precio": 36.4, "stock": 0}, "upsert": true}]}' with request id 116 to database practica03mongoIvanLoli on connection [connectionId{localValue:11, serverValue:216638}] to server ac-o2suyf6-shard-00-02.7qtbnuz.mongodb.net:27017
22:49:33.592 [async-channel-group-0-handler-executor] DEBUG org.mongodb.driver.protocol.command - Execution of command with request id 116 completed successfully in 43.84 ms on connection [connectionId{localValue:11, serverValue:216638}] to server ac-o2suyf6-shard-00-02.7qtbnuz.mongodb.net:27017
22:49:33.598 [AsyncGetter-5-thread-1] DEBUG org.mongodb.driver.protocol.command - Sending command '{"update": "producto", "ordered": true, "txnNumber": 31, "$db": "practica03mongoIvanLoli", "$clusterTime": {"clusterTime": {"$timestamp": {"t": 1675806571, "i": 8}}, "signature": {"hash": {"$binary": {"base64": "TlYfbTbDz4NXHHv7s0pUoE9wWJM=", "subType": "00"}}, "keyId": 7161871216054108163}}, "lsid": {"id": {"$binary": {"base64": "xbe9yt96RfCuB/EkkSIjyQ==", "subType": "04"}}}, "updates": [{"q": {"_id": {"$oid": "63e2c76c285de2538ba4e327"}}, "u": {"_id": {"$oid": "63e2c76c285de2538ba4e327"}, "uuid": {"$binary": {"base64": "p0imbWmNqZOqg+qWtQVPsw==", "subType": "03"}}, "tipo": "FUNDAS", "marca": "MarcaZ", "modelo": "ModeloZ", "precio": 36.4, "stock": 1}, "upsert": true}]}' with request id 117 to database practica03mongoIvanLoli on connection [connectionId{localValue:11, serverValue:216638}] to server ac-o2suyf6-shard-00-02.7qtbnuz.mongodb.net:27017
22:49:33.642 [async-channel-group-0-handler-executor] DEBUG org.mongodb.driver.protocol.command - Execution of command with request id 117 completed successfully in 44.57 ms on connection [connectionId{localValue:11, serverValue:216638}] to server ac-o2suyf6-shard-00-02.7qtbnuz.mongodb.net:27017
22:49:33.648 [DefaultDispatcher-worker-2 @coroutine#869] DEBUG koin.repositories.producto.ProductoRepository - findByUUID(93a98d69-6da6-48a7-b34f-05b596ea83aa)
22:49:33.649 [AsyncGetter-5-thread-1] DEBUG org.mongodb.driver.protocol.command - Sending command '{"find": "producto", "filter": {}, "batchSize": 64, "$db": "practica03mongoIvanLoli", "$clusterTime": {"clusterTime": {"$timestamp": {"t": 1675806571, "i": 10}}, "signature": {"hash": {"$binary": {"base64": "TlYfbTbDz4NXHHv7s0pUoE9wWJM=", "subType": "00"}}, "keyId": 7161871216054108163}}, "lsid": {"id": {"$binary": {"base64": "xbe9yt96RfCuB/EkkSIjyQ==", "subType": "04"}}}}' with request id 118 to database practica03mongoIvanLoli on connection [connectionId{localValue:11, serverValue:216638}] to server ac-o2suyf6-shard-00-02.7qtbnuz.mongodb.net:27017
22:49:33.708 [async-channel-group-0-handler-executor] DEBUG org.mongodb.driver.protocol.command - Execution of command with request id 118 completed successfully in 59.47 ms on connection [connectionId{localValue:11, serverValue:216638}] to server ac-o2suyf6-shard-00-02.7qtbnuz.mongodb.net:27017
22:49:33.708 [async-channel-group-0-handler-executor] DEBUG org.mongodb.driver.operation - Received batch of 1 documents with cursorId 0 from server ac-o2suyf6-shard-00-02.7qtbnuz.mongodb.net:27017
22:49:33.714 [AsyncGetter-5-thread-1] DEBUG org.mongodb.driver.protocol.command - Sending command '{"update": "producto", "ordered": true, "txnNumber": 32, "$db": "practica03mongoIvanLoli", "$clusterTime": {"clusterTime": {"$timestamp": {"t": 1675806571, "i": 10}}, "signature": {"hash": {"$binary": {"base64": "TlYfbTbDz4NXHHv7s0pUoE9wWJM=", "subType": "00"}}, "keyId": 7161871216054108163}}, "lsid": {"id": {"$binary": {"base64": "xbe9yt96RfCuB/EkkSIjyQ==", "subType": "04"}}}, "updates": [{"q": {"_id": {"$oid": "63e2c76c285de2538ba4e327"}}, "u": {"_id": {"$oid": "63e2c76c285de2538ba4e327"}, "uuid": {"$binary": {"base64": "p0imbWmNqZOqg+qWtQVPsw==", "subType": "03"}}, "tipo": "FUNDAS", "marca": "MarcaZ", "modelo": "ModeloZ", "precio": 36.4, "stock": 1}, "upsert": true}]}' with request id 119 to database practica03mongoIvanLoli on connection [connectionId{localValue:11, serverValue:216638}] to server ac-o2suyf6-shard-00-02.7qtbnuz.mongodb.net:27017
22:49:33.754 [async-channel-group-0-handler-executor] DEBUG org.mongodb.driver.protocol.command - Execution of command with request id 119 completed successfully in 39.59 ms on connection [connectionId{localValue:11, serverValue:216638}] to server ac-o2suyf6-shard-00-02.7qtbnuz.mongodb.net:27017
22:49:33.763 [DefaultDispatcher-worker-2 @coroutine#874] DEBUG koin.repositories.producto.ProductoRepository - save(Producto(id=63e2c76c285de2538ba4e327, uuid=93a98d69-6da6-48a7-b34f-05b596ea83aa, tipo=FUNDAS, marca=MarcaZ, modelo=ModeloZ, precio=36.4, stock=1))
22:49:33.764 [AsyncGetter-5-thread-1] DEBUG org.mongodb.driver.protocol.command - Sending command '{"update": "producto", "ordered": true, "txnNumber": 33, "$db": "practica03mongoIvanLoli", "$clusterTime": {"clusterTime": {"$timestamp": {"t": 1675806571, "i": 10}}, "signature": {"hash": {"$binary": {"base64": "TlYfbTbDz4NXHHv7s0pUoE9wWJM=", "subType": "00"}}, "keyId": 7161871216054108163}}, "lsid": {"id": {"$binary": {"base64": "xbe9yt96RfCuB/EkkSIjyQ==", "subType": "04"}}}, "updates": [{"q": {"_id": {"$oid": "63e2c76c285de2538ba4e327"}}, "u": {"_id": {"$oid": "63e2c76c285de2538ba4e327"}, "uuid": {"$binary": {"base64": "p0imbWmNqZOqg+qWtQVPsw==", "subType": "03"}}, "tipo": "FUNDAS", "marca": "MarcaZ", "modelo": "ModeloZ", "precio": 36.4, "stock": 1}, "upsert": true}]}' with request id 120 to database practica03mongoIvanLoli on connection [connectionId{localValue:11, serverValue:216638}] to server ac-o2suyf6-shard-00-02.7qtbnuz.mongodb.net:27017
22:49:33.803 [async-channel-group-0-handler-executor] DEBUG org.mongodb.driver.protocol.command - Execution of command with request id 120 completed successfully in 38.56 ms on connection [connectionId{localValue:11, serverValue:216638}] to server ac-o2suyf6-shard-00-02.7qtbnuz.mongodb.net:27017
22:49:33.811 [AsyncGetter-5-thread-1] DEBUG org.mongodb.driver.protocol.command - Sending command '{"update": "producto", "ordered": true, "txnNumber": 34, "$db": "practica03mongoIvanLoli", "$clusterTime": {"clusterTime": {"$timestamp": {"t": 1675806571, "i": 10}}, "signature": {"hash": {"$binary": {"base64": "TlYfbTbDz4NXHHv7s0pUoE9wWJM=", "subType": "00"}}, "keyId": 7161871216054108163}}, "lsid": {"id": {"$binary": {"base64": "xbe9yt96RfCuB/EkkSIjyQ==", "subType": "04"}}}, "updates": [{"q": {"_id": {"$oid": "63e2c76c285de2538ba4e327"}}, "u": {"_id": {"$oid": "63e2c76c285de2538ba4e327"}, "uuid": {"$binary": {"base64": "p0imbWmNqZOqg+qWtQVPsw==", "subType": "03"}}, "tipo": "FUNDAS", "marca": "MarcaZ", "modelo": "ModeloZ", "precio": 36.4, "stock": 1}, "upsert": true}]}' with request id 121 to database practica03mongoIvanLoli on connection [connectionId{localValue:11, serverValue:216638}] to server ac-o2suyf6-shard-00-02.7qtbnuz.mongodb.net:27017
22:49:33.849 [async-channel-group-0-handler-executor] DEBUG org.mongodb.driver.protocol.command - Execution of command with request id 121 completed successfully in 37.94 ms on connection [connectionId{localValue:11, serverValue:216638}] to server ac-o2suyf6-shard-00-02.7qtbnuz.mongodb.net:27017
22:49:33.853 [DefaultDispatcher-worker-2 @coroutine#879] DEBUG koin.repositories.producto.ProductoRepository - findById(63e2c76d285de2538ba4e328)
22:49:33.854 [AsyncGetter-5-thread-1] DEBUG org.mongodb.driver.protocol.command - Sending command '{"find": "producto", "filter": {"_id": {"$oid": "63e2c76d285de2538ba4e328"}}, "limit": 1, "singleBatch": true, "$db": "practica03mongoIvanLoli", "$clusterTime": {"clusterTime": {"$timestamp": {"t": 1675806571, "i": 10}}, "signature": {"hash": {"$binary": {"base64": "TlYfbTbDz4NXHHv7s0pUoE9wWJM=", "subType": "00"}}, "keyId": 7161871216054108163}}, "lsid": {"id": {"$binary": {"base64": "xbe9yt96RfCuB/EkkSIjyQ==", "subType": "04"}}}}' with request id 122 to database practica03mongoIvanLoli on connection [connectionId{localValue:11, serverValue:216638}] to server ac-o2suyf6-shard-00-02.7qtbnuz.mongodb.net:27017
22:49:33.892 [async-channel-group-0-handler-executor] DEBUG org.mongodb.driver.protocol.command - Execution of command with request id 122 completed successfully in 38.07 ms on connection [connectionId{localValue:11, serverValue:216638}] to server ac-o2suyf6-shard-00-02.7qtbnuz.mongodb.net:27017
22:49:33.892 [async-channel-group-0-handler-executor] DEBUG org.mongodb.driver.operation - Received batch of 0 documents with cursorId 0 from server ac-o2suyf6-shard-00-02.7qtbnuz.mongodb.net:27017
22:49:33.896 [AsyncGetter-5-thread-1] DEBUG org.mongodb.driver.protocol.command - Sending command '{"update": "producto", "ordered": true, "txnNumber": 35, "$db": "practica03mongoIvanLoli", "$clusterTime": {"clusterTime": {"$timestamp": {"t": 1675806571, "i": 10}}, "signature": {"hash": {"$binary": {"base64": "TlYfbTbDz4NXHHv7s0pUoE9wWJM=", "subType": "00"}}, "keyId": 7161871216054108163}}, "lsid": {"id": {"$binary": {"base64": "xbe9yt96RfCuB/EkkSIjyQ==", "subType": "04"}}}, "updates": [{"q": {"_id": {"$oid": "63e2c76c285de2538ba4e327"}}, "u": {"_id": {"$oid": "63e2c76c285de2538ba4e327"}, "uuid": {"$binary": {"base64": "p0imbWmNqZOqg+qWtQVPsw==", "subType": "03"}}, "tipo": "FUNDAS", "marca": "MarcaZ", "modelo": "ModeloZ", "precio": 36.4, "stock": 1}, "upsert": true}]}' with request id 123 to database practica03mongoIvanLoli on connection [connectionId{localValue:11, serverValue:216638}] to server ac-o2suyf6-shard-00-02.7qtbnuz.mongodb.net:27017
22:49:33.935 [async-channel-group-0-handler-executor] DEBUG org.mongodb.driver.protocol.command - Execution of command with request id 123 completed successfully in 39.58 ms on connection [connectionId{localValue:11, serverValue:216638}] to server ac-o2suyf6-shard-00-02.7qtbnuz.mongodb.net:27017
22:49:33.939 [DefaultDispatcher-worker-2 @coroutine#884] DEBUG koin.repositories.producto.ProductoRepository - delete(63e2c76d285de2538ba4e329)
22:49:33.941 [AsyncGetter-5-thread-1] DEBUG org.mongodb.driver.protocol.command - Sending command '{"find": "producto", "filter": {"_id": {"$oid": "63e2c76d285de2538ba4e329"}}, "limit": 1, "singleBatch": true, "$db": "practica03mongoIvanLoli", "$clusterTime": {"clusterTime": {"$timestamp": {"t": 1675806571, "i": 10}}, "signature": {"hash": {"$binary": {"base64": "TlYfbTbDz4NXHHv7s0pUoE9wWJM=", "subType": "00"}}, "keyId": 7161871216054108163}}, "lsid": {"id": {"$binary": {"base64": "xbe9yt96RfCuB/EkkSIjyQ==", "subType": "04"}}}}' with request id 124 to database practica03mongoIvanLoli on connection [connectionId{localValue:11, serverValue:216638}] to server ac-o2suyf6-shard-00-02.7qtbnuz.mongodb.net:27017
22:49:33.980 [async-channel-group-0-handler-executor] DEBUG org.mongodb.driver.protocol.command - Execution of command with request id 124 completed successfully in 39.65 ms on connection [connectionId{localValue:11, serverValue:216638}] to server ac-o2suyf6-shard-00-02.7qtbnuz.mongodb.net:27017
22:49:33.981 [async-channel-group-0-handler-executor] DEBUG org.mongodb.driver.operation - Received batch of 0 documents with cursorId 0 from server ac-o2suyf6-shard-00-02.7qtbnuz.mongodb.net:27017
22:49:33.982 [AsyncGetter-5-thread-1] DEBUG org.mongodb.driver.protocol.command - Sending command '{"delete": "producto", "ordered": true, "txnNumber": 36, "$db": "practica03mongoIvanLoli", "$clusterTime": {"clusterTime": {"$timestamp": {"t": 1675806571, "i": 10}}, "signature": {"hash": {"$binary": {"base64": "TlYfbTbDz4NXHHv7s0pUoE9wWJM=", "subType": "00"}}, "keyId": 7161871216054108163}}, "lsid": {"id": {"$binary": {"base64": "xbe9yt96RfCuB/EkkSIjyQ==", "subType": "04"}}}, "deletes": [{"q": {"_id": {"$oid": "63e2c76d285de2538ba4e329"}}, "limit": 1}]}' with request id 125 to database practica03mongoIvanLoli on connection [connectionId{localValue:11, serverValue:216638}] to server ac-o2suyf6-shard-00-02.7qtbnuz.mongodb.net:27017
22:49:34.020 [async-channel-group-0-handler-executor] DEBUG org.mongodb.driver.protocol.command - Execution of command with request id 125 completed successfully in 38.26 ms on connection [connectionId{localValue:11, serverValue:216638}] to server ac-o2suyf6-shard-00-02.7qtbnuz.mongodb.net:27017
22:49:34.024 [AsyncGetter-5-thread-1] DEBUG org.mongodb.driver.protocol.command - Sending command '{"drop": "producto", "$db": "practica03mongoIvanLoli", "$clusterTime": {"clusterTime": {"$timestamp": {"t": 1675806571, "i": 11}}, "signature": {"hash": {"$binary": {"base64": "TlYfbTbDz4NXHHv7s0pUoE9wWJM=", "subType": "00"}}, "keyId": 7161871216054108163}}, "lsid": {"id": {"$binary": {"base64": "xbe9yt96RfCuB/EkkSIjyQ==", "subType": "04"}}}}' with request id 126 to database practica03mongoIvanLoli on connection [connectionId{localValue:11, serverValue:216638}] to server ac-o2suyf6-shard-00-02.7qtbnuz.mongodb.net:27017
22:49:34.073 [async-channel-group-0-handler-executor] DEBUG org.mongodb.driver.protocol.command - Execution of command with request id 126 completed successfully in 49.64 ms on connection [connectionId{localValue:11, serverValue:216638}] to server ac-o2suyf6-shard-00-02.7qtbnuz.mongodb.net:27017
]]></system-out>
  <system-err><![CDATA[]]></system-err>
</testsuite>
