<?xml version="1.0" encoding="UTF-8"?>
<testsuite name="koin.repositories.tarea.TareaRepositoryCachedTest" tests="8" skipped="0" failures="0" errors="0" timestamp="2023-02-07T21:49:34" hostname="LOLI-LAPTOP" time="0.968">
  <properties/>
  <testcase name="setFinalizada()" classname="koin.repositories.tarea.TareaRepositoryCachedTest" time="0.012"/>
  <testcase name="delete()" classname="koin.repositories.tarea.TareaRepositoryCachedTest" time="0.014"/>
  <testcase name="findAll()" classname="koin.repositories.tarea.TareaRepositoryCachedTest" time="0.536"/>
  <testcase name="findById()" classname="koin.repositories.tarea.TareaRepositoryCachedTest" time="0.01"/>
  <testcase name="findByUUID()" classname="koin.repositories.tarea.TareaRepositoryCachedTest" time="0.011"/>
  <testcase name="save()" classname="koin.repositories.tarea.TareaRepositoryCachedTest" time="0.371"/>
  <testcase name="findByUUIDNotExists()" classname="koin.repositories.tarea.TareaRepositoryCachedTest" time="0.008"/>
  <testcase name="findByIdNotExists()" classname="koin.repositories.tarea.TareaRepositoryCachedTest" time="0.005"/>
  <system-out><![CDATA[22:49:34.080 [Test worker] DEBUG koin.services.cache.tarea.TareaCache - Initializing TareaCache...
22:49:34.084 [Test worker] DEBUG io.mockk.impl.instantiation.AbstractMockFactory - Creating spyk for TareaCache name=cache#705
22:49:34.120 [Test worker] DEBUG io.mockk.impl.instantiation.AbstractMockFactory - Creating mockk for TareaRepository name=repo#706
22:49:34.154 [DefaultDispatcher-worker-2 @coroutine#888] DEBUG io.mockk.impl.recording.states.AnsweringState - Answering 60000 on TareaCache(cache#705).getRefreshTime()
22:49:34.158 [Test worker @coroutine#889] DEBUG io.mockk.impl.instantiation.AbstractMockFactory - Creating mockk for Tarea name=child of repo#706#707
22:49:34.160 [DefaultDispatcher-worker-2] DEBUG io.mockk.impl.recording.states.AnsweringState - Answering Tarea(id=63e2c76e285de2538ba4e32a, uuid=93a98d69-0013-48a7-b34f-05b596ea83cc, raquetaId=93a98d69-0001-48a7-b34f-05b596ea83ba, precio=0.0, tipo=ADQUISICION, finalizada=false, pedidoId=93a98d69-0010-48a7-b34f-05b596ea8acc, productoAdquiridoId=93a98d69-0004-48a7-b34f-05b596ea83aa, peso=null, balance=null, rigidez=null, tensionHorizontal=null, cordajeHorizontalId=null, tensionVertical=null, cordajeVerticalId=null, dosNudos=null) on TareaRepository(repo#706).setFinalizada(63e2c76e285de2538ba4e32a, continuation {})
22:49:34.169 [Test worker @coroutine#895] DEBUG io.mockk.impl.instantiation.AbstractMockFactory - Creating mockk for Tarea name=child of repo#706#708
22:49:34.171 [Test worker @coroutine#895] DEBUG io.mockk.impl.instantiation.AbstractMockFactory - Creating mockk for Tarea name=child of repo#706#709
22:49:34.173 [DefaultDispatcher-worker-2] DEBUG io.mockk.impl.recording.states.AnsweringState - Answering Tarea(id=63e2c76e285de2538ba4e32a, uuid=93a98d69-0013-48a7-b34f-05b596ea83cc, raquetaId=93a98d69-0001-48a7-b34f-05b596ea83ba, precio=0.0, tipo=ADQUISICION, finalizada=false, pedidoId=93a98d69-0010-48a7-b34f-05b596ea8acc, productoAdquiridoId=93a98d69-0004-48a7-b34f-05b596ea83aa, peso=null, balance=null, rigidez=null, tensionHorizontal=null, cordajeHorizontalId=null, tensionVertical=null, cordajeVerticalId=null, dosNudos=null) on TareaRepository(repo#706).delete(63e2c76e285de2538ba4e32a, continuation {})
22:49:34.174 [DefaultDispatcher-worker-2] DEBUG io.mockk.impl.recording.states.AnsweringState - Answering io.github.reactivecircus.cache4k.RealCache@67c29f85 on TareaCache(cache#705).getCache()
22:49:34.181 [Test worker @coroutine#903] DEBUG io.mockk.impl.instantiation.AbstractMockFactory - Creating mockk for Flow name=child of repo#706#710
22:49:34.183 [DefaultDispatcher-worker-2] DEBUG io.mockk.impl.recording.states.AnsweringState - Answering kotlinx.coroutines.flow.FlowKt__BuildersKt$flowOf$$inlined$unsafeFlow$2@6376909d on TareaRepository(repo#706).findAll(continuation {})
22:49:34.717 [Test worker @coroutine#925] DEBUG io.mockk.impl.instantiation.AbstractMockFactory - Creating mockk for Tarea name=child of repo#706#711
22:49:34.719 [DefaultDispatcher-worker-2] DEBUG io.mockk.impl.recording.states.AnsweringState - Answering Tarea(id=63e2c76e285de2538ba4e32a, uuid=93a98d69-0013-48a7-b34f-05b596ea83cc, raquetaId=93a98d69-0001-48a7-b34f-05b596ea83ba, precio=0.0, tipo=ADQUISICION, finalizada=false, pedidoId=93a98d69-0010-48a7-b34f-05b596ea8acc, productoAdquiridoId=93a98d69-0004-48a7-b34f-05b596ea83aa, peso=null, balance=null, rigidez=null, tensionHorizontal=null, cordajeHorizontalId=null, tensionVertical=null, cordajeVerticalId=null, dosNudos=null) on TareaRepository(repo#706).findById(63e2c76e285de2538ba4e32a, continuation {})
22:49:34.728 [Test worker @coroutine#931] DEBUG io.mockk.impl.instantiation.AbstractMockFactory - Creating mockk for Tarea name=child of repo#706#712
22:49:34.730 [DefaultDispatcher-worker-2] DEBUG io.mockk.impl.recording.states.AnsweringState - Answering io.github.reactivecircus.cache4k.RealCache@67c29f85 on TareaCache(cache#705).getCache()
22:49:34.731 [DefaultDispatcher-worker-2] DEBUG io.mockk.impl.recording.states.AnsweringState - Answering Tarea(id=63e2c76e285de2538ba4e32a, uuid=93a98d69-0013-48a7-b34f-05b596ea83cc, raquetaId=93a98d69-0001-48a7-b34f-05b596ea83ba, precio=0.0, tipo=ADQUISICION, finalizada=false, pedidoId=93a98d69-0010-48a7-b34f-05b596ea8acc, productoAdquiridoId=93a98d69-0004-48a7-b34f-05b596ea83aa, peso=null, balance=null, rigidez=null, tensionHorizontal=null, cordajeHorizontalId=null, tensionVertical=null, cordajeVerticalId=null, dosNudos=null) on TareaRepository(repo#706).findByUUID(93a98d69-0013-48a7-b34f-05b596ea83cc, continuation {})
22:49:34.734 [Test worker @background work runner#934] DEBUG io.mockk.impl.instantiation.AbstractMockFactory - Creating mockk for Tarea name=child of repo#706#713
22:49:34.738 [Test worker @coroutine#937] DEBUG io.mockk.impl.instantiation.AbstractMockFactory - Creating mockk for Tarea name=child of repo#706#714
22:49:34.740 [DefaultDispatcher-worker-2] DEBUG io.mockk.impl.recording.states.AnsweringState - Answering Tarea(id=63e2c76e285de2538ba4e32a, uuid=93a98d69-0013-48a7-b34f-05b596ea83cc, raquetaId=93a98d69-0001-48a7-b34f-05b596ea83ba, precio=0.0, tipo=ADQUISICION, finalizada=false, pedidoId=93a98d69-0010-48a7-b34f-05b596ea8acc, productoAdquiridoId=93a98d69-0004-48a7-b34f-05b596ea83aa, peso=null, balance=null, rigidez=null, tensionHorizontal=null, cordajeHorizontalId=null, tensionVertical=null, cordajeVerticalId=null, dosNudos=null) on TareaRepository(repo#706).save(Tarea(id=63e2c76e285de2538ba4e32a, uuid=93a98d69-0013-48a7-b34f-05b596ea83cc, raquetaId=93a98d69-0001-48a7-b34f-05b596ea83ba, precio=0.0, tipo=ADQUISICION, finalizada=false, pedidoId=93a98d69-0010-48a7-b34f-05b596ea8acc, productoAdquiridoId=93a98d69-0004-48a7-b34f-05b596ea83aa, peso=null, balance=null, rigidez=null, tensionHorizontal=null, cordajeHorizontalId=null, tensionVertical=null, cordajeVerticalId=null, dosNudos=null), continuation {})
22:49:35.111 [DefaultDispatcher-worker-10] DEBUG io.mockk.impl.recording.states.AnsweringState - Answering io.github.reactivecircus.cache4k.RealCache@67c29f85 on TareaCache(cache#705).getCache()
22:49:35.111 [DefaultDispatcher-worker-10] DEBUG io.mockk.impl.recording.states.AnsweringState - Answering null on TareaRepository(repo#706).findByUUID(8c7ac211-b5fb-4481-b3b5-34e17b949886, continuation {})
22:49:35.118 [DefaultDispatcher-worker-4] DEBUG io.mockk.impl.recording.states.AnsweringState - Answering null on TareaRepository(repo#706).findById(63e2c76f285de2538ba4e3f3, continuation {})
]]></system-out>
  <system-err><![CDATA[]]></system-err>
</testsuite>
