<?xml version="1.0" encoding="UTF-8"?>
<testsuite name="koin.repositories.maquina.MaquinaRepositoryTest" tests="8" skipped="0" failures="0" errors="0" timestamp="2023-02-10T19:54:42" hostname="LOLI-LAPTOP" time="1.372">
  <properties/>
  <testcase name="delete()" classname="koin.repositories.maquina.MaquinaRepositoryTest" time="0.574"/>
  <testcase name="findAll()" classname="koin.repositories.maquina.MaquinaRepositoryTest" time="0.103"/>
  <testcase name="findById()" classname="koin.repositories.maquina.MaquinaRepositoryTest" time="0.107"/>
  <testcase name="findByUuid()" classname="koin.repositories.maquina.MaquinaRepositoryTest" time="0.099"/>
  <testcase name="save()" classname="koin.repositories.maquina.MaquinaRepositoryTest" time="0.095"/>
  <testcase name="findByIdNotExists()" classname="koin.repositories.maquina.MaquinaRepositoryTest" time="0.092"/>
  <testcase name="deleteNotExists()" classname="koin.repositories.maquina.MaquinaRepositoryTest" time="0.151"/>
  <testcase name="setInactive()" classname="koin.repositories.maquina.MaquinaRepositoryTest" time="0.15"/>
  <system-out><![CDATA[20:54:42.754 [AsyncGetter-5-thread-1] DEBUG org.mongodb.driver.protocol.command - Sending command '{"drop": "maquina", "$db": "practica03mongoIvanLoli", "$clusterTime": {"clusterTime": {"$timestamp": {"t": 1676058875, "i": 20}}, "signature": {"hash": {"$binary": {"base64": "Zwcv3a4JbTjFhZ33lOhO/WCPuu4=", "subType": "00"}}, "keyId": 7161871216054108163}}, "lsid": {"id": {"$binary": {"base64": "iaaDCEpQRkC2MlqJ67VcNQ==", "subType": "04"}}}}' with request id 55 to database practica03mongoIvanLoli on connection [connectionId{localValue:7, serverValue:268692}] to server ac-o2suyf6-shard-00-02.7qtbnuz.mongodb.net:27017
20:54:42.817 [async-channel-group-0-handler-executor] DEBUG org.mongodb.driver.protocol.command - Execution of command with request id 55 failed to complete successfully in 62.66 ms on connection [connectionId{localValue:7, serverValue:268692}] to server ac-o2suyf6-shard-00-02.7qtbnuz.mongodb.net:27017
com.mongodb.MongoCommandException: Command failed with error 26 (NamespaceNotFound): 'ns not found' on server ac-o2suyf6-shard-00-02.7qtbnuz.mongodb.net:27017. The full response is {"ok": 0.0, "errmsg": "ns not found", "code": 26, "codeName": "NamespaceNotFound", "$clusterTime": {"clusterTime": {"$timestamp": {"t": 1676058878, "i": 5}}, "signature": {"hash": {"$binary": {"base64": "LBnxlYQs1Hs7XlCYxPWpoGVLwlM=", "subType": "00"}}, "keyId": 7161871216054108163}}, "operationTime": {"$timestamp": {"t": 1676058878, "i": 5}}}
	at com.mongodb.internal.connection.ProtocolHelper.getCommandFailureException(ProtocolHelper.java:198)
	at com.mongodb.internal.connection.InternalStreamConnection$2$1.onResult(InternalStreamConnection.java:512)
	at com.mongodb.internal.connection.InternalStreamConnection$2$1.onResult(InternalStreamConnection.java:498)
	at com.mongodb.internal.connection.InternalStreamConnection$MessageHeaderCallback$MessageCallback.onResult(InternalStreamConnection.java:821)
	at com.mongodb.internal.connection.InternalStreamConnection$MessageHeaderCallback$MessageCallback.onResult(InternalStreamConnection.java:785)
	at com.mongodb.internal.connection.InternalStreamConnection$5.completed(InternalStreamConnection.java:645)
	at com.mongodb.internal.connection.InternalStreamConnection$5.completed(InternalStreamConnection.java:642)
	at com.mongodb.internal.connection.AsynchronousChannelStream$BasicCompletionHandler.completed(AsynchronousChannelStream.java:250)
	at com.mongodb.internal.connection.AsynchronousChannelStream$BasicCompletionHandler.completed(AsynchronousChannelStream.java:233)
	at com.mongodb.internal.connection.tlschannel.async.AsynchronousTlsChannel.lambda$read$4(AsynchronousTlsChannel.java:122)
	at java.base/java.util.concurrent.Executors$RunnableAdapter.call(Executors.java:539)
	at java.base/java.util.concurrent.FutureTask.run(FutureTask.java:264)
	at java.base/java.util.concurrent.ThreadPoolExecutor.runWorker(ThreadPoolExecutor.java:1136)
	at java.base/java.util.concurrent.ThreadPoolExecutor$Worker.run(ThreadPoolExecutor.java:635)
	at java.base/java.lang.Thread.run(Thread.java:833)
20:54:43.128 [AsyncGetter-5-thread-1] DEBUG org.mongodb.driver.protocol.command - Sending command '{"update": "maquina", "ordered": true, "txnNumber": 1, "$db": "practica03mongoIvanLoli", "$clusterTime": {"clusterTime": {"$timestamp": {"t": 1676058878, "i": 5}}, "signature": {"hash": {"$binary": {"base64": "LBnxlYQs1Hs7XlCYxPWpoGVLwlM=", "subType": "00"}}, "keyId": 7161871216054108163}}, "lsid": {"id": {"$binary": {"base64": "iaaDCEpQRkC2MlqJ67VcNQ==", "subType": "04"}}}, "updates": [{"q": {"_id": {"$oid": "63e6a10261c2a601272c4ffa"}}, "u": {"_id": {"$oid": "63e6a10261c2a601272c4ffa"}, "uuid": {"$binary": {"base64": "p0imbWmNqZO8g+qWtQVPsw==", "subType": "03"}}, "modelo": "RTX-3080TI", "marca": "Nvidia", "fechaAdquisicion": {"$date": "2022-11-10T00:00:00Z"}, "numeroSerie": "123456789X", "tipo": "PERSONALIZADORA", "activa": true, "isManual": null, "maxTension": null, "minTension": null, "measuresManeuverability": true, "measuresRigidity": false, "measuresBalance": true}, "upsert": true}]}' with request id 56 to database practica03mongoIvanLoli on connection [connectionId{localValue:7, serverValue:268692}] to server ac-o2suyf6-shard-00-02.7qtbnuz.mongodb.net:27017
20:54:43.208 [async-channel-group-0-handler-executor] DEBUG org.mongodb.driver.protocol.command - Execution of command with request id 56 completed successfully in 82.51 ms on connection [connectionId{localValue:7, serverValue:268692}] to server ac-o2suyf6-shard-00-02.7qtbnuz.mongodb.net:27017
20:54:43.221 [DefaultDispatcher-worker-2 @coroutine#664] DEBUG koin.repositories.maquina.MaquinaRepository - delete(63e6a10261c2a601272c4ffa)
20:54:43.229 [AsyncGetter-5-thread-1] DEBUG org.mongodb.driver.protocol.command - Sending command '{"find": "maquina", "filter": {"_id": {"$oid": "63e6a10261c2a601272c4ffa"}}, "limit": 1, "singleBatch": true, "$db": "practica03mongoIvanLoli", "$clusterTime": {"clusterTime": {"$timestamp": {"t": 1676058879, "i": 6}}, "signature": {"hash": {"$binary": {"base64": "xWxkbOeAa+hq54LWaYFKdUogeEY=", "subType": "00"}}, "keyId": 7161871216054108163}}, "lsid": {"id": {"$binary": {"base64": "iaaDCEpQRkC2MlqJ67VcNQ==", "subType": "04"}}}}' with request id 57 to database practica03mongoIvanLoli on connection [connectionId{localValue:7, serverValue:268692}] to server ac-o2suyf6-shard-00-02.7qtbnuz.mongodb.net:27017
20:54:43.272 [async-channel-group-0-handler-executor] DEBUG org.mongodb.driver.protocol.command - Execution of command with request id 57 completed successfully in 47.59 ms on connection [connectionId{localValue:7, serverValue:268692}] to server ac-o2suyf6-shard-00-02.7qtbnuz.mongodb.net:27017
20:54:43.334 [async-channel-group-0-handler-executor] DEBUG org.mongodb.driver.operation - Received batch of 1 documents with cursorId 0 from server ac-o2suyf6-shard-00-02.7qtbnuz.mongodb.net:27017
20:54:43.341 [AsyncGetter-5-thread-1] DEBUG org.mongodb.driver.protocol.command - Sending command '{"delete": "maquina", "ordered": true, "txnNumber": 2, "$db": "practica03mongoIvanLoli", "$clusterTime": {"clusterTime": {"$timestamp": {"t": 1676058879, "i": 6}}, "signature": {"hash": {"$binary": {"base64": "xWxkbOeAa+hq54LWaYFKdUogeEY=", "subType": "00"}}, "keyId": 7161871216054108163}}, "lsid": {"id": {"$binary": {"base64": "iaaDCEpQRkC2MlqJ67VcNQ==", "subType": "04"}}}, "deletes": [{"q": {"_id": {"$oid": "63e6a10261c2a601272c4ffa"}}, "limit": 1}]}' with request id 58 to database practica03mongoIvanLoli on connection [connectionId{localValue:7, serverValue:268692}] to server ac-o2suyf6-shard-00-02.7qtbnuz.mongodb.net:27017
20:54:43.389 [async-channel-group-0-handler-executor] DEBUG org.mongodb.driver.protocol.command - Execution of command with request id 58 completed successfully in 48.51 ms on connection [connectionId{localValue:7, serverValue:268692}] to server ac-o2suyf6-shard-00-02.7qtbnuz.mongodb.net:27017
20:54:43.402 [AsyncGetter-5-thread-1] DEBUG org.mongodb.driver.protocol.command - Sending command '{"update": "maquina", "ordered": true, "txnNumber": 3, "$db": "practica03mongoIvanLoli", "$clusterTime": {"clusterTime": {"$timestamp": {"t": 1676058879, "i": 10}}, "signature": {"hash": {"$binary": {"base64": "xWxkbOeAa+hq54LWaYFKdUogeEY=", "subType": "00"}}, "keyId": 7161871216054108163}}, "lsid": {"id": {"$binary": {"base64": "iaaDCEpQRkC2MlqJ67VcNQ==", "subType": "04"}}}, "updates": [{"q": {"_id": {"$oid": "63e6a10261c2a601272c4ffa"}}, "u": {"_id": {"$oid": "63e6a10261c2a601272c4ffa"}, "uuid": {"$binary": {"base64": "p0imbWmNqZO8g+qWtQVPsw==", "subType": "03"}}, "modelo": "RTX-3080TI", "marca": "Nvidia", "fechaAdquisicion": {"$date": "2022-11-10T00:00:00Z"}, "numeroSerie": "123456789X", "tipo": "PERSONALIZADORA", "activa": true, "isManual": null, "maxTension": null, "minTension": null, "measuresManeuverability": true, "measuresRigidity": false, "measuresBalance": true}, "upsert": true}]}' with request id 59 to database practica03mongoIvanLoli on connection [connectionId{localValue:7, serverValue:268692}] to server ac-o2suyf6-shard-00-02.7qtbnuz.mongodb.net:27017
20:54:43.443 [async-channel-group-0-handler-executor] DEBUG org.mongodb.driver.protocol.command - Execution of command with request id 59 completed successfully in 43.38 ms on connection [connectionId{localValue:7, serverValue:268692}] to server ac-o2suyf6-shard-00-02.7qtbnuz.mongodb.net:27017
20:54:43.450 [DefaultDispatcher-worker-2 @coroutine#669] DEBUG koin.repositories.maquina.MaquinaRepository - findAll()
20:54:43.452 [AsyncGetter-5-thread-1] DEBUG org.mongodb.driver.protocol.command - Sending command '{"find": "maquina", "filter": {}, "batchSize": 64, "$db": "practica03mongoIvanLoli", "$clusterTime": {"clusterTime": {"$timestamp": {"t": 1676058879, "i": 11}}, "signature": {"hash": {"$binary": {"base64": "xWxkbOeAa+hq54LWaYFKdUogeEY=", "subType": "00"}}, "keyId": 7161871216054108163}}, "lsid": {"id": {"$binary": {"base64": "iaaDCEpQRkC2MlqJ67VcNQ==", "subType": "04"}}}}' with request id 60 to database practica03mongoIvanLoli on connection [connectionId{localValue:7, serverValue:268692}] to server ac-o2suyf6-shard-00-02.7qtbnuz.mongodb.net:27017
20:54:43.489 [async-channel-group-0-handler-executor] DEBUG org.mongodb.driver.protocol.command - Execution of command with request id 60 completed successfully in 38.15 ms on connection [connectionId{localValue:7, serverValue:268692}] to server ac-o2suyf6-shard-00-02.7qtbnuz.mongodb.net:27017
20:54:43.490 [async-channel-group-0-handler-executor] DEBUG org.mongodb.driver.operation - Received batch of 1 documents with cursorId 0 from server ac-o2suyf6-shard-00-02.7qtbnuz.mongodb.net:27017
20:54:43.502 [AsyncGetter-5-thread-1] DEBUG org.mongodb.driver.protocol.command - Sending command '{"update": "maquina", "ordered": true, "txnNumber": 4, "$db": "practica03mongoIvanLoli", "$clusterTime": {"clusterTime": {"$timestamp": {"t": 1676058879, "i": 11}}, "signature": {"hash": {"$binary": {"base64": "xWxkbOeAa+hq54LWaYFKdUogeEY=", "subType": "00"}}, "keyId": 7161871216054108163}}, "lsid": {"id": {"$binary": {"base64": "iaaDCEpQRkC2MlqJ67VcNQ==", "subType": "04"}}}, "updates": [{"q": {"_id": {"$oid": "63e6a10261c2a601272c4ffa"}}, "u": {"_id": {"$oid": "63e6a10261c2a601272c4ffa"}, "uuid": {"$binary": {"base64": "p0imbWmNqZO8g+qWtQVPsw==", "subType": "03"}}, "modelo": "RTX-3080TI", "marca": "Nvidia", "fechaAdquisicion": {"$date": "2022-11-10T00:00:00Z"}, "numeroSerie": "123456789X", "tipo": "PERSONALIZADORA", "activa": true, "isManual": null, "maxTension": null, "minTension": null, "measuresManeuverability": true, "measuresRigidity": false, "measuresBalance": true}, "upsert": true}]}' with request id 61 to database practica03mongoIvanLoli on connection [connectionId{localValue:7, serverValue:268692}] to server ac-o2suyf6-shard-00-02.7qtbnuz.mongodb.net:27017
20:54:43.556 [async-channel-group-0-handler-executor] DEBUG org.mongodb.driver.protocol.command - Execution of command with request id 61 completed successfully in 54.69 ms on connection [connectionId{localValue:7, serverValue:268692}] to server ac-o2suyf6-shard-00-02.7qtbnuz.mongodb.net:27017
20:54:43.562 [DefaultDispatcher-worker-2 @coroutine#675] DEBUG koin.repositories.maquina.MaquinaRepository - findById(63e6a10261c2a601272c4ffa)
20:54:43.564 [AsyncGetter-5-thread-1] DEBUG org.mongodb.driver.protocol.command - Sending command '{"find": "maquina", "filter": {"_id": {"$oid": "63e6a10261c2a601272c4ffa"}}, "limit": 1, "singleBatch": true, "$db": "practica03mongoIvanLoli", "$clusterTime": {"clusterTime": {"$timestamp": {"t": 1676058879, "i": 11}}, "signature": {"hash": {"$binary": {"base64": "xWxkbOeAa+hq54LWaYFKdUogeEY=", "subType": "00"}}, "keyId": 7161871216054108163}}, "lsid": {"id": {"$binary": {"base64": "iaaDCEpQRkC2MlqJ67VcNQ==", "subType": "04"}}}}' with request id 62 to database practica03mongoIvanLoli on connection [connectionId{localValue:7, serverValue:268692}] to server ac-o2suyf6-shard-00-02.7qtbnuz.mongodb.net:27017
20:54:43.603 [async-channel-group-0-handler-executor] DEBUG org.mongodb.driver.protocol.command - Execution of command with request id 62 completed successfully in 39.90 ms on connection [connectionId{localValue:7, serverValue:268692}] to server ac-o2suyf6-shard-00-02.7qtbnuz.mongodb.net:27017
20:54:43.604 [async-channel-group-0-handler-executor] DEBUG org.mongodb.driver.operation - Received batch of 1 documents with cursorId 0 from server ac-o2suyf6-shard-00-02.7qtbnuz.mongodb.net:27017
20:54:43.608 [AsyncGetter-5-thread-1] DEBUG org.mongodb.driver.protocol.command - Sending command '{"update": "maquina", "ordered": true, "txnNumber": 5, "$db": "practica03mongoIvanLoli", "$clusterTime": {"clusterTime": {"$timestamp": {"t": 1676058879, "i": 11}}, "signature": {"hash": {"$binary": {"base64": "xWxkbOeAa+hq54LWaYFKdUogeEY=", "subType": "00"}}, "keyId": 7161871216054108163}}, "lsid": {"id": {"$binary": {"base64": "iaaDCEpQRkC2MlqJ67VcNQ==", "subType": "04"}}}, "updates": [{"q": {"_id": {"$oid": "63e6a10261c2a601272c4ffa"}}, "u": {"_id": {"$oid": "63e6a10261c2a601272c4ffa"}, "uuid": {"$binary": {"base64": "p0imbWmNqZO8g+qWtQVPsw==", "subType": "03"}}, "modelo": "RTX-3080TI", "marca": "Nvidia", "fechaAdquisicion": {"$date": "2022-11-10T00:00:00Z"}, "numeroSerie": "123456789X", "tipo": "PERSONALIZADORA", "activa": true, "isManual": null, "maxTension": null, "minTension": null, "measuresManeuverability": true, "measuresRigidity": false, "measuresBalance": true}, "upsert": true}]}' with request id 63 to database practica03mongoIvanLoli on connection [connectionId{localValue:7, serverValue:268692}] to server ac-o2suyf6-shard-00-02.7qtbnuz.mongodb.net:27017
20:54:43.648 [async-channel-group-0-handler-executor] DEBUG org.mongodb.driver.protocol.command - Execution of command with request id 63 completed successfully in 40.81 ms on connection [connectionId{localValue:7, serverValue:268692}] to server ac-o2suyf6-shard-00-02.7qtbnuz.mongodb.net:27017
20:54:43.652 [DefaultDispatcher-worker-2 @coroutine#680] DEBUG koin.repositories.maquina.MaquinaRepository - findByUUID(93a98d69-6da6-48a7-b34f-05b596ea83bc)
20:54:43.653 [AsyncGetter-5-thread-1] DEBUG org.mongodb.driver.protocol.command - Sending command '{"find": "maquina", "filter": {}, "batchSize": 64, "$db": "practica03mongoIvanLoli", "$clusterTime": {"clusterTime": {"$timestamp": {"t": 1676058879, "i": 11}}, "signature": {"hash": {"$binary": {"base64": "xWxkbOeAa+hq54LWaYFKdUogeEY=", "subType": "00"}}, "keyId": 7161871216054108163}}, "lsid": {"id": {"$binary": {"base64": "iaaDCEpQRkC2MlqJ67VcNQ==", "subType": "04"}}}}' with request id 64 to database practica03mongoIvanLoli on connection [connectionId{localValue:7, serverValue:268692}] to server ac-o2suyf6-shard-00-02.7qtbnuz.mongodb.net:27017
20:54:43.698 [async-channel-group-0-handler-executor] DEBUG org.mongodb.driver.protocol.command - Execution of command with request id 64 completed successfully in 45.36 ms on connection [connectionId{localValue:7, serverValue:268692}] to server ac-o2suyf6-shard-00-02.7qtbnuz.mongodb.net:27017
20:54:43.699 [async-channel-group-0-handler-executor] DEBUG org.mongodb.driver.operation - Received batch of 1 documents with cursorId 0 from server ac-o2suyf6-shard-00-02.7qtbnuz.mongodb.net:27017
20:54:43.706 [AsyncGetter-5-thread-1] DEBUG org.mongodb.driver.protocol.command - Sending command '{"update": "maquina", "ordered": true, "txnNumber": 6, "$db": "practica03mongoIvanLoli", "$clusterTime": {"clusterTime": {"$timestamp": {"t": 1676058880, "i": 1}}, "signature": {"hash": {"$binary": {"base64": "Ohvyg3RoZZ6yoFjFFW309N/7bjg=", "subType": "00"}}, "keyId": 7161871216054108163}}, "lsid": {"id": {"$binary": {"base64": "iaaDCEpQRkC2MlqJ67VcNQ==", "subType": "04"}}}, "updates": [{"q": {"_id": {"$oid": "63e6a10261c2a601272c4ffa"}}, "u": {"_id": {"$oid": "63e6a10261c2a601272c4ffa"}, "uuid": {"$binary": {"base64": "p0imbWmNqZO8g+qWtQVPsw==", "subType": "03"}}, "modelo": "RTX-3080TI", "marca": "Nvidia", "fechaAdquisicion": {"$date": "2022-11-10T00:00:00Z"}, "numeroSerie": "123456789X", "tipo": "PERSONALIZADORA", "activa": true, "isManual": null, "maxTension": null, "minTension": null, "measuresManeuverability": true, "measuresRigidity": false, "measuresBalance": true}, "upsert": true}]}' with request id 65 to database practica03mongoIvanLoli on connection [connectionId{localValue:7, serverValue:268692}] to server ac-o2suyf6-shard-00-02.7qtbnuz.mongodb.net:27017
20:54:43.746 [async-channel-group-0-handler-executor] DEBUG org.mongodb.driver.protocol.command - Execution of command with request id 65 completed successfully in 40.12 ms on connection [connectionId{localValue:7, serverValue:268692}] to server ac-o2suyf6-shard-00-02.7qtbnuz.mongodb.net:27017
20:54:43.753 [DefaultDispatcher-worker-2 @coroutine#685] DEBUG koin.repositories.maquina.MaquinaRepository - save(Maquina(id=63e6a10261c2a601272c4ffa, uuid=93a98d69-6da6-48a7-b34f-05b596ea83bc, modelo=RTX-3080TI, marca=Nvidia, fechaAdquisicion=2022-11-10, numeroSerie=123456789X, tipo=PERSONALIZADORA, activa=true, isManual=null, maxTension=null, minTension=null, measuresManeuverability=true, measuresRigidity=false, measuresBalance=true))
20:54:43.755 [AsyncGetter-5-thread-1] DEBUG org.mongodb.driver.protocol.command - Sending command '{"update": "maquina", "ordered": true, "txnNumber": 7, "$db": "practica03mongoIvanLoli", "$clusterTime": {"clusterTime": {"$timestamp": {"t": 1676058880, "i": 1}}, "signature": {"hash": {"$binary": {"base64": "Ohvyg3RoZZ6yoFjFFW309N/7bjg=", "subType": "00"}}, "keyId": 7161871216054108163}}, "lsid": {"id": {"$binary": {"base64": "iaaDCEpQRkC2MlqJ67VcNQ==", "subType": "04"}}}, "updates": [{"q": {"_id": {"$oid": "63e6a10261c2a601272c4ffa"}}, "u": {"_id": {"$oid": "63e6a10261c2a601272c4ffa"}, "uuid": {"$binary": {"base64": "p0imbWmNqZO8g+qWtQVPsw==", "subType": "03"}}, "modelo": "RTX-3080TI", "marca": "Nvidia", "fechaAdquisicion": {"$date": "2022-11-10T00:00:00Z"}, "numeroSerie": "123456789X", "tipo": "PERSONALIZADORA", "activa": true, "isManual": null, "maxTension": null, "minTension": null, "measuresManeuverability": true, "measuresRigidity": false, "measuresBalance": true}, "upsert": true}]}' with request id 66 to database practica03mongoIvanLoli on connection [connectionId{localValue:7, serverValue:268692}] to server ac-o2suyf6-shard-00-02.7qtbnuz.mongodb.net:27017
20:54:43.796 [async-channel-group-0-handler-executor] DEBUG org.mongodb.driver.protocol.command - Execution of command with request id 66 completed successfully in 40.60 ms on connection [connectionId{localValue:7, serverValue:268692}] to server ac-o2suyf6-shard-00-02.7qtbnuz.mongodb.net:27017
20:54:43.802 [AsyncGetter-5-thread-1] DEBUG org.mongodb.driver.protocol.command - Sending command '{"update": "maquina", "ordered": true, "txnNumber": 8, "$db": "practica03mongoIvanLoli", "$clusterTime": {"clusterTime": {"$timestamp": {"t": 1676058880, "i": 1}}, "signature": {"hash": {"$binary": {"base64": "Ohvyg3RoZZ6yoFjFFW309N/7bjg=", "subType": "00"}}, "keyId": 7161871216054108163}}, "lsid": {"id": {"$binary": {"base64": "iaaDCEpQRkC2MlqJ67VcNQ==", "subType": "04"}}}, "updates": [{"q": {"_id": {"$oid": "63e6a10261c2a601272c4ffa"}}, "u": {"_id": {"$oid": "63e6a10261c2a601272c4ffa"}, "uuid": {"$binary": {"base64": "p0imbWmNqZO8g+qWtQVPsw==", "subType": "03"}}, "modelo": "RTX-3080TI", "marca": "Nvidia", "fechaAdquisicion": {"$date": "2022-11-10T00:00:00Z"}, "numeroSerie": "123456789X", "tipo": "PERSONALIZADORA", "activa": true, "isManual": null, "maxTension": null, "minTension": null, "measuresManeuverability": true, "measuresRigidity": false, "measuresBalance": true}, "upsert": true}]}' with request id 67 to database practica03mongoIvanLoli on connection [connectionId{localValue:7, serverValue:268692}] to server ac-o2suyf6-shard-00-02.7qtbnuz.mongodb.net:27017
20:54:43.842 [async-channel-group-0-handler-executor] DEBUG org.mongodb.driver.protocol.command - Execution of command with request id 67 completed successfully in 40.65 ms on connection [connectionId{localValue:7, serverValue:268692}] to server ac-o2suyf6-shard-00-02.7qtbnuz.mongodb.net:27017
20:54:43.849 [DefaultDispatcher-worker-2 @coroutine#690] DEBUG koin.repositories.maquina.MaquinaRepository - findById(63e6a10361c2a601272c4ffb)
20:54:43.852 [AsyncGetter-5-thread-1] DEBUG org.mongodb.driver.protocol.command - Sending command '{"find": "maquina", "filter": {"_id": {"$oid": "63e6a10361c2a601272c4ffb"}}, "limit": 1, "singleBatch": true, "$db": "practica03mongoIvanLoli", "$clusterTime": {"clusterTime": {"$timestamp": {"t": 1676058880, "i": 1}}, "signature": {"hash": {"$binary": {"base64": "Ohvyg3RoZZ6yoFjFFW309N/7bjg=", "subType": "00"}}, "keyId": 7161871216054108163}}, "lsid": {"id": {"$binary": {"base64": "iaaDCEpQRkC2MlqJ67VcNQ==", "subType": "04"}}}}' with request id 68 to database practica03mongoIvanLoli on connection [connectionId{localValue:7, serverValue:268692}] to server ac-o2suyf6-shard-00-02.7qtbnuz.mongodb.net:27017
20:54:43.891 [async-channel-group-0-handler-executor] DEBUG org.mongodb.driver.protocol.command - Execution of command with request id 68 completed successfully in 39.45 ms on connection [connectionId{localValue:7, serverValue:268692}] to server ac-o2suyf6-shard-00-02.7qtbnuz.mongodb.net:27017
20:54:43.891 [async-channel-group-0-handler-executor] DEBUG org.mongodb.driver.operation - Received batch of 0 documents with cursorId 0 from server ac-o2suyf6-shard-00-02.7qtbnuz.mongodb.net:27017
20:54:43.895 [AsyncGetter-5-thread-1] DEBUG org.mongodb.driver.protocol.command - Sending command '{"update": "maquina", "ordered": true, "txnNumber": 9, "$db": "practica03mongoIvanLoli", "$clusterTime": {"clusterTime": {"$timestamp": {"t": 1676058880, "i": 1}}, "signature": {"hash": {"$binary": {"base64": "Ohvyg3RoZZ6yoFjFFW309N/7bjg=", "subType": "00"}}, "keyId": 7161871216054108163}}, "lsid": {"id": {"$binary": {"base64": "iaaDCEpQRkC2MlqJ67VcNQ==", "subType": "04"}}}, "updates": [{"q": {"_id": {"$oid": "63e6a10261c2a601272c4ffa"}}, "u": {"_id": {"$oid": "63e6a10261c2a601272c4ffa"}, "uuid": {"$binary": {"base64": "p0imbWmNqZO8g+qWtQVPsw==", "subType": "03"}}, "modelo": "RTX-3080TI", "marca": "Nvidia", "fechaAdquisicion": {"$date": "2022-11-10T00:00:00Z"}, "numeroSerie": "123456789X", "tipo": "PERSONALIZADORA", "activa": true, "isManual": null, "maxTension": null, "minTension": null, "measuresManeuverability": true, "measuresRigidity": false, "measuresBalance": true}, "upsert": true}]}' with request id 69 to database practica03mongoIvanLoli on connection [connectionId{localValue:7, serverValue:268692}] to server ac-o2suyf6-shard-00-02.7qtbnuz.mongodb.net:27017
20:54:43.934 [async-channel-group-0-handler-executor] DEBUG org.mongodb.driver.protocol.command - Execution of command with request id 69 completed successfully in 39.37 ms on connection [connectionId{localValue:7, serverValue:268692}] to server ac-o2suyf6-shard-00-02.7qtbnuz.mongodb.net:27017
20:54:43.939 [DefaultDispatcher-worker-2 @coroutine#695] DEBUG koin.repositories.maquina.MaquinaRepository - delete(63e6a10361c2a601272c4ffc)
20:54:43.940 [AsyncGetter-5-thread-1] DEBUG org.mongodb.driver.protocol.command - Sending command '{"find": "maquina", "filter": {"_id": {"$oid": "63e6a10361c2a601272c4ffc"}}, "limit": 1, "singleBatch": true, "$db": "practica03mongoIvanLoli", "$clusterTime": {"clusterTime": {"$timestamp": {"t": 1676058880, "i": 1}}, "signature": {"hash": {"$binary": {"base64": "Ohvyg3RoZZ6yoFjFFW309N/7bjg=", "subType": "00"}}, "keyId": 7161871216054108163}}, "lsid": {"id": {"$binary": {"base64": "iaaDCEpQRkC2MlqJ67VcNQ==", "subType": "04"}}}}' with request id 70 to database practica03mongoIvanLoli on connection [connectionId{localValue:7, serverValue:268692}] to server ac-o2suyf6-shard-00-02.7qtbnuz.mongodb.net:27017
20:54:44.000 [async-channel-group-0-handler-executor] DEBUG org.mongodb.driver.protocol.command - Execution of command with request id 70 completed successfully in 59.74 ms on connection [connectionId{localValue:7, serverValue:268692}] to server ac-o2suyf6-shard-00-02.7qtbnuz.mongodb.net:27017
20:54:44.000 [async-channel-group-0-handler-executor] DEBUG org.mongodb.driver.operation - Received batch of 0 documents with cursorId 0 from server ac-o2suyf6-shard-00-02.7qtbnuz.mongodb.net:27017
20:54:44.002 [AsyncGetter-5-thread-1] DEBUG org.mongodb.driver.protocol.command - Sending command '{"delete": "maquina", "ordered": true, "txnNumber": 10, "$db": "practica03mongoIvanLoli", "$clusterTime": {"clusterTime": {"$timestamp": {"t": 1676058880, "i": 2}}, "signature": {"hash": {"$binary": {"base64": "Ohvyg3RoZZ6yoFjFFW309N/7bjg=", "subType": "00"}}, "keyId": 7161871216054108163}}, "lsid": {"id": {"$binary": {"base64": "iaaDCEpQRkC2MlqJ67VcNQ==", "subType": "04"}}}, "deletes": [{"q": {"_id": {"$oid": "63e6a10361c2a601272c4ffc"}}, "limit": 1}]}' with request id 71 to database practica03mongoIvanLoli on connection [connectionId{localValue:7, serverValue:268692}] to server ac-o2suyf6-shard-00-02.7qtbnuz.mongodb.net:27017
20:54:44.042 [async-channel-group-0-handler-executor] DEBUG org.mongodb.driver.protocol.command - Execution of command with request id 71 completed successfully in 40.12 ms on connection [connectionId{localValue:7, serverValue:268692}] to server ac-o2suyf6-shard-00-02.7qtbnuz.mongodb.net:27017
20:54:44.045 [AsyncGetter-5-thread-1] DEBUG org.mongodb.driver.protocol.command - Sending command '{"update": "maquina", "ordered": true, "txnNumber": 11, "$db": "practica03mongoIvanLoli", "$clusterTime": {"clusterTime": {"$timestamp": {"t": 1676058880, "i": 2}}, "signature": {"hash": {"$binary": {"base64": "Ohvyg3RoZZ6yoFjFFW309N/7bjg=", "subType": "00"}}, "keyId": 7161871216054108163}}, "lsid": {"id": {"$binary": {"base64": "iaaDCEpQRkC2MlqJ67VcNQ==", "subType": "04"}}}, "updates": [{"q": {"_id": {"$oid": "63e6a10261c2a601272c4ffa"}}, "u": {"_id": {"$oid": "63e6a10261c2a601272c4ffa"}, "uuid": {"$binary": {"base64": "p0imbWmNqZO8g+qWtQVPsw==", "subType": "03"}}, "modelo": "RTX-3080TI", "marca": "Nvidia", "fechaAdquisicion": {"$date": "2022-11-10T00:00:00Z"}, "numeroSerie": "123456789X", "tipo": "PERSONALIZADORA", "activa": true, "isManual": null, "maxTension": null, "minTension": null, "measuresManeuverability": true, "measuresRigidity": false, "measuresBalance": true}, "upsert": true}]}' with request id 72 to database practica03mongoIvanLoli on connection [connectionId{localValue:7, serverValue:268692}] to server ac-o2suyf6-shard-00-02.7qtbnuz.mongodb.net:27017
20:54:44.092 [async-channel-group-0-handler-executor] DEBUG org.mongodb.driver.protocol.command - Execution of command with request id 72 completed successfully in 47.40 ms on connection [connectionId{localValue:7, serverValue:268692}] to server ac-o2suyf6-shard-00-02.7qtbnuz.mongodb.net:27017
20:54:44.101 [DefaultDispatcher-worker-2 @coroutine#700] DEBUG koin.repositories.maquina.MaquinaRepository - setInactive(63e6a10261c2a601272c4ffa)
20:54:44.103 [AsyncGetter-5-thread-1] DEBUG org.mongodb.driver.protocol.command - Sending command '{"find": "maquina", "filter": {"_id": {"$oid": "63e6a10261c2a601272c4ffa"}}, "limit": 1, "singleBatch": true, "$db": "practica03mongoIvanLoli", "$clusterTime": {"clusterTime": {"$timestamp": {"t": 1676058880, "i": 2}}, "signature": {"hash": {"$binary": {"base64": "Ohvyg3RoZZ6yoFjFFW309N/7bjg=", "subType": "00"}}, "keyId": 7161871216054108163}}, "lsid": {"id": {"$binary": {"base64": "iaaDCEpQRkC2MlqJ67VcNQ==", "subType": "04"}}}}' with request id 73 to database practica03mongoIvanLoli on connection [connectionId{localValue:7, serverValue:268692}] to server ac-o2suyf6-shard-00-02.7qtbnuz.mongodb.net:27017
20:54:44.142 [async-channel-group-0-handler-executor] DEBUG org.mongodb.driver.protocol.command - Execution of command with request id 73 completed successfully in 39.06 ms on connection [connectionId{localValue:7, serverValue:268692}] to server ac-o2suyf6-shard-00-02.7qtbnuz.mongodb.net:27017
20:54:44.142 [async-channel-group-0-handler-executor] DEBUG org.mongodb.driver.operation - Received batch of 1 documents with cursorId 0 from server ac-o2suyf6-shard-00-02.7qtbnuz.mongodb.net:27017
20:54:44.144 [AsyncGetter-5-thread-1] DEBUG org.mongodb.driver.protocol.command - Sending command '{"update": "maquina", "ordered": true, "txnNumber": 12, "$db": "practica03mongoIvanLoli", "$clusterTime": {"clusterTime": {"$timestamp": {"t": 1676058880, "i": 4}}, "signature": {"hash": {"$binary": {"base64": "Ohvyg3RoZZ6yoFjFFW309N/7bjg=", "subType": "00"}}, "keyId": 7161871216054108163}}, "lsid": {"id": {"$binary": {"base64": "iaaDCEpQRkC2MlqJ67VcNQ==", "subType": "04"}}}, "updates": [{"q": {"_id": {"$oid": "63e6a10261c2a601272c4ffa"}}, "u": {"_id": {"$oid": "63e6a10261c2a601272c4ffa"}, "uuid": {"$binary": {"base64": "p0imbWmNqZO8g+qWtQVPsw==", "subType": "03"}}, "modelo": "RTX-3080TI", "marca": "Nvidia", "fechaAdquisicion": {"$date": "2022-11-10T00:00:00Z"}, "numeroSerie": "123456789X", "tipo": "PERSONALIZADORA", "activa": false, "isManual": null, "maxTension": null, "minTension": null, "measuresManeuverability": true, "measuresRigidity": false, "measuresBalance": true}, "upsert": true}]}' with request id 74 to database practica03mongoIvanLoli on connection [connectionId{localValue:7, serverValue:268692}] to server ac-o2suyf6-shard-00-02.7qtbnuz.mongodb.net:27017
20:54:44.189 [async-channel-group-0-handler-executor] DEBUG org.mongodb.driver.protocol.command - Execution of command with request id 74 completed successfully in 44.95 ms on connection [connectionId{localValue:7, serverValue:268692}] to server ac-o2suyf6-shard-00-02.7qtbnuz.mongodb.net:27017
20:54:44.197 [AsyncGetter-5-thread-1] DEBUG org.mongodb.driver.protocol.command - Sending command '{"drop": "maquina", "$db": "practica03mongoIvanLoli", "$clusterTime": {"clusterTime": {"$timestamp": {"t": 1676058880, "i": 5}}, "signature": {"hash": {"$binary": {"base64": "Ohvyg3RoZZ6yoFjFFW309N/7bjg=", "subType": "00"}}, "keyId": 7161871216054108163}}, "lsid": {"id": {"$binary": {"base64": "iaaDCEpQRkC2MlqJ67VcNQ==", "subType": "04"}}}}' with request id 75 to database practica03mongoIvanLoli on connection [connectionId{localValue:7, serverValue:268692}] to server ac-o2suyf6-shard-00-02.7qtbnuz.mongodb.net:27017
20:54:44.250 [async-channel-group-0-handler-executor] DEBUG org.mongodb.driver.protocol.command - Execution of command with request id 75 completed successfully in 52.57 ms on connection [connectionId{localValue:7, serverValue:268692}] to server ac-o2suyf6-shard-00-02.7qtbnuz.mongodb.net:27017
]]></system-out>
  <system-err><![CDATA[]]></system-err>
</testsuite>
