<?xml version="1.0" encoding="UTF-8"?>
<testsuite name="koin.repositories.tarea.TareaRepositoryTest" tests="8" skipped="0" failures="0" errors="0" timestamp="2023-02-07T21:49:35" hostname="LOLI-LAPTOP" time="0.913">
  <properties/>
  <testcase name="setFinalizada()" classname="koin.repositories.tarea.TareaRepositoryTest" time="0.186"/>
  <testcase name="delete()" classname="koin.repositories.tarea.TareaRepositoryTest" time="0.142"/>
  <testcase name="findAll()" classname="koin.repositories.tarea.TareaRepositoryTest" time="0.099"/>
  <testcase name="findById()" classname="koin.repositories.tarea.TareaRepositoryTest" time="0.089"/>
  <testcase name="findByUuid()" classname="koin.repositories.tarea.TareaRepositoryTest" time="0.087"/>
  <testcase name="save()" classname="koin.repositories.tarea.TareaRepositoryTest" time="0.093"/>
  <testcase name="findByIdNotExists()" classname="koin.repositories.tarea.TareaRepositoryTest" time="0.085"/>
  <testcase name="deleteNotExists()" classname="koin.repositories.tarea.TareaRepositoryTest" time="0.13"/>
  <system-out><![CDATA[22:49:35.123 [AsyncGetter-5-thread-1] DEBUG org.mongodb.driver.protocol.command - Sending command '{"drop": "tarea", "$db": "practica03mongoIvanLoli", "$clusterTime": {"clusterTime": {"$timestamp": {"t": 1675806571, "i": 12}}, "signature": {"hash": {"$binary": {"base64": "TlYfbTbDz4NXHHv7s0pUoE9wWJM=", "subType": "00"}}, "keyId": 7161871216054108163}}, "lsid": {"id": {"$binary": {"base64": "xbe9yt96RfCuB/EkkSIjyQ==", "subType": "04"}}}}' with request id 127 to database practica03mongoIvanLoli on connection [connectionId{localValue:11, serverValue:216638}] to server ac-o2suyf6-shard-00-02.7qtbnuz.mongodb.net:27017
22:49:35.170 [async-channel-group-0-handler-executor] DEBUG org.mongodb.driver.protocol.command - Execution of command with request id 127 completed successfully in 47.85 ms on connection [connectionId{localValue:11, serverValue:216638}] to server ac-o2suyf6-shard-00-02.7qtbnuz.mongodb.net:27017
22:49:35.182 [AsyncGetter-5-thread-1] DEBUG org.mongodb.driver.protocol.command - Sending command '{"update": "tarea", "ordered": true, "txnNumber": 37, "$db": "practica03mongoIvanLoli", "$clusterTime": {"clusterTime": {"$timestamp": {"t": 1675806573, "i": 1}}, "signature": {"hash": {"$binary": {"base64": "pa2vb3IUkV1h3ftq2zsH/i0Rcws=", "subType": "00"}}, "keyId": 7161871216054108163}}, "lsid": {"id": {"$binary": {"base64": "xbe9yt96RfCuB/EkkSIjyQ==", "subType": "04"}}}, "updates": [{"q": {"_id": {"$oid": "63e2c76f285de2538ba4e3f4"}}, "u": {"_id": {"$oid": "63e2c76f285de2538ba4e3f4"}, "uuid": {"$binary": {"base64": "p0gTAGmNqZPMg+qWtQVPsw==", "subType": "03"}}, "raquetaId": {"$binary": {"base64": "p0gBAGmNqZO6g+qWtQVPsw==", "subType": "03"}}, "precio": 0.0, "tipo": "ADQUISICION", "finalizada": false, "pedidoId": {"$binary": {"base64": "p0gQAGmNqZPMiuqWtQVPsw==", "subType": "03"}}, "productoAdquiridoId": {"$binary": {"base64": "p0gEAGmNqZOqg+qWtQVPsw==", "subType": "03"}}, "peso": null, "balance": null, "rigidez": null, "tensionHorizontal": null, "cordajeHorizontalId": null, "tension ...' with request id 128 to database practica03mongoIvanLoli on connection [connectionId{localValue:11, serverValue:216638}] to server ac-o2suyf6-shard-00-02.7qtbnuz.mongodb.net:27017
22:49:35.255 [async-channel-group-0-handler-executor] DEBUG org.mongodb.driver.protocol.command - Execution of command with request id 128 completed successfully in 74.18 ms on connection [connectionId{localValue:11, serverValue:216638}] to server ac-o2suyf6-shard-00-02.7qtbnuz.mongodb.net:27017
22:49:35.266 [DefaultDispatcher-worker-4 @coroutine#972] DEBUG koin.repositories.tarea.TareaRepository - setFinalizada(63e2c76f285de2538ba4e3f4)
22:49:35.268 [AsyncGetter-5-thread-1] DEBUG org.mongodb.driver.protocol.command - Sending command '{"find": "tarea", "filter": {"_id": {"$oid": "63e2c76f285de2538ba4e3f4"}}, "limit": 1, "singleBatch": true, "$db": "practica03mongoIvanLoli", "$clusterTime": {"clusterTime": {"$timestamp": {"t": 1675806573, "i": 5}}, "signature": {"hash": {"$binary": {"base64": "pa2vb3IUkV1h3ftq2zsH/i0Rcws=", "subType": "00"}}, "keyId": 7161871216054108163}}, "lsid": {"id": {"$binary": {"base64": "xbe9yt96RfCuB/EkkSIjyQ==", "subType": "04"}}}}' with request id 129 to database practica03mongoIvanLoli on connection [connectionId{localValue:11, serverValue:216638}] to server ac-o2suyf6-shard-00-02.7qtbnuz.mongodb.net:27017
22:49:35.307 [async-channel-group-0-handler-executor] DEBUG org.mongodb.driver.protocol.command - Execution of command with request id 129 completed successfully in 38.82 ms on connection [connectionId{localValue:11, serverValue:216638}] to server ac-o2suyf6-shard-00-02.7qtbnuz.mongodb.net:27017
22:49:35.308 [async-channel-group-0-handler-executor] DEBUG org.mongodb.driver.operation - Received batch of 1 documents with cursorId 0 from server ac-o2suyf6-shard-00-02.7qtbnuz.mongodb.net:27017
22:49:35.311 [AsyncGetter-5-thread-1] DEBUG org.mongodb.driver.protocol.command - Sending command '{"update": "tarea", "ordered": true, "txnNumber": 38, "$db": "practica03mongoIvanLoli", "$clusterTime": {"clusterTime": {"$timestamp": {"t": 1675806573, "i": 5}}, "signature": {"hash": {"$binary": {"base64": "pa2vb3IUkV1h3ftq2zsH/i0Rcws=", "subType": "00"}}, "keyId": 7161871216054108163}}, "lsid": {"id": {"$binary": {"base64": "xbe9yt96RfCuB/EkkSIjyQ==", "subType": "04"}}}, "updates": [{"q": {"_id": {"$oid": "63e2c76f285de2538ba4e3f4"}}, "u": {"_id": {"$oid": "63e2c76f285de2538ba4e3f4"}, "uuid": {"$binary": {"base64": "p0gTAGmNqZPMg+qWtQVPsw==", "subType": "03"}}, "raquetaId": {"$binary": {"base64": "p0gBAGmNqZO6g+qWtQVPsw==", "subType": "03"}}, "precio": 0.0, "tipo": "ADQUISICION", "finalizada": true, "pedidoId": {"$binary": {"base64": "p0gQAGmNqZPMiuqWtQVPsw==", "subType": "03"}}, "productoAdquiridoId": {"$binary": {"base64": "p0gEAGmNqZOqg+qWtQVPsw==", "subType": "03"}}, "peso": null, "balance": null, "rigidez": null, "tensionHorizontal": null, "cordajeHorizontalId": null, "tensionV ...' with request id 130 to database practica03mongoIvanLoli on connection [connectionId{localValue:11, serverValue:216638}] to server ac-o2suyf6-shard-00-02.7qtbnuz.mongodb.net:27017
22:49:35.353 [async-channel-group-0-handler-executor] DEBUG org.mongodb.driver.protocol.command - Execution of command with request id 130 completed successfully in 43.31 ms on connection [connectionId{localValue:11, serverValue:216638}] to server ac-o2suyf6-shard-00-02.7qtbnuz.mongodb.net:27017
22:49:35.359 [AsyncGetter-5-thread-1] DEBUG org.mongodb.driver.protocol.command - Sending command '{"update": "tarea", "ordered": true, "txnNumber": 39, "$db": "practica03mongoIvanLoli", "$clusterTime": {"clusterTime": {"$timestamp": {"t": 1675806573, "i": 7}}, "signature": {"hash": {"$binary": {"base64": "pa2vb3IUkV1h3ftq2zsH/i0Rcws=", "subType": "00"}}, "keyId": 7161871216054108163}}, "lsid": {"id": {"$binary": {"base64": "xbe9yt96RfCuB/EkkSIjyQ==", "subType": "04"}}}, "updates": [{"q": {"_id": {"$oid": "63e2c76f285de2538ba4e3f4"}}, "u": {"_id": {"$oid": "63e2c76f285de2538ba4e3f4"}, "uuid": {"$binary": {"base64": "p0gTAGmNqZPMg+qWtQVPsw==", "subType": "03"}}, "raquetaId": {"$binary": {"base64": "p0gBAGmNqZO6g+qWtQVPsw==", "subType": "03"}}, "precio": 0.0, "tipo": "ADQUISICION", "finalizada": false, "pedidoId": {"$binary": {"base64": "p0gQAGmNqZPMiuqWtQVPsw==", "subType": "03"}}, "productoAdquiridoId": {"$binary": {"base64": "p0gEAGmNqZOqg+qWtQVPsw==", "subType": "03"}}, "peso": null, "balance": null, "rigidez": null, "tensionHorizontal": null, "cordajeHorizontalId": null, "tension ...' with request id 131 to database practica03mongoIvanLoli on connection [connectionId{localValue:11, serverValue:216638}] to server ac-o2suyf6-shard-00-02.7qtbnuz.mongodb.net:27017
22:49:35.402 [async-channel-group-0-handler-executor] DEBUG org.mongodb.driver.protocol.command - Execution of command with request id 131 completed successfully in 42.77 ms on connection [connectionId{localValue:11, serverValue:216638}] to server ac-o2suyf6-shard-00-02.7qtbnuz.mongodb.net:27017
22:49:35.411 [DefaultDispatcher-worker-4 @coroutine#977] DEBUG koin.repositories.tarea.TareaRepository - delete(63e2c76f285de2538ba4e3f4)
22:49:35.413 [AsyncGetter-5-thread-1] DEBUG org.mongodb.driver.protocol.command - Sending command '{"find": "tarea", "filter": {"_id": {"$oid": "63e2c76f285de2538ba4e3f4"}}, "limit": 1, "singleBatch": true, "$db": "practica03mongoIvanLoli", "$clusterTime": {"clusterTime": {"$timestamp": {"t": 1675806573, "i": 8}}, "signature": {"hash": {"$binary": {"base64": "pa2vb3IUkV1h3ftq2zsH/i0Rcws=", "subType": "00"}}, "keyId": 7161871216054108163}}, "lsid": {"id": {"$binary": {"base64": "xbe9yt96RfCuB/EkkSIjyQ==", "subType": "04"}}}}' with request id 132 to database practica03mongoIvanLoli on connection [connectionId{localValue:11, serverValue:216638}] to server ac-o2suyf6-shard-00-02.7qtbnuz.mongodb.net:27017
22:49:35.451 [async-channel-group-0-handler-executor] DEBUG org.mongodb.driver.protocol.command - Execution of command with request id 132 completed successfully in 38.01 ms on connection [connectionId{localValue:11, serverValue:216638}] to server ac-o2suyf6-shard-00-02.7qtbnuz.mongodb.net:27017
22:49:35.451 [async-channel-group-0-handler-executor] DEBUG org.mongodb.driver.operation - Received batch of 1 documents with cursorId 0 from server ac-o2suyf6-shard-00-02.7qtbnuz.mongodb.net:27017
22:49:35.453 [AsyncGetter-5-thread-1] DEBUG org.mongodb.driver.protocol.command - Sending command '{"delete": "tarea", "ordered": true, "txnNumber": 40, "$db": "practica03mongoIvanLoli", "$clusterTime": {"clusterTime": {"$timestamp": {"t": 1675806573, "i": 8}}, "signature": {"hash": {"$binary": {"base64": "pa2vb3IUkV1h3ftq2zsH/i0Rcws=", "subType": "00"}}, "keyId": 7161871216054108163}}, "lsid": {"id": {"$binary": {"base64": "xbe9yt96RfCuB/EkkSIjyQ==", "subType": "04"}}}, "deletes": [{"q": {"_id": {"$oid": "63e2c76f285de2538ba4e3f4"}}, "limit": 1}]}' with request id 133 to database practica03mongoIvanLoli on connection [connectionId{localValue:11, serverValue:216638}] to server ac-o2suyf6-shard-00-02.7qtbnuz.mongodb.net:27017
22:49:35.495 [async-channel-group-0-handler-executor] DEBUG org.mongodb.driver.protocol.command - Execution of command with request id 133 completed successfully in 42.02 ms on connection [connectionId{localValue:11, serverValue:216638}] to server ac-o2suyf6-shard-00-02.7qtbnuz.mongodb.net:27017
22:49:35.502 [AsyncGetter-5-thread-1] DEBUG org.mongodb.driver.protocol.command - Sending command '{"update": "tarea", "ordered": true, "txnNumber": 41, "$db": "practica03mongoIvanLoli", "$clusterTime": {"clusterTime": {"$timestamp": {"t": 1675806573, "i": 9}}, "signature": {"hash": {"$binary": {"base64": "pa2vb3IUkV1h3ftq2zsH/i0Rcws=", "subType": "00"}}, "keyId": 7161871216054108163}}, "lsid": {"id": {"$binary": {"base64": "xbe9yt96RfCuB/EkkSIjyQ==", "subType": "04"}}}, "updates": [{"q": {"_id": {"$oid": "63e2c76f285de2538ba4e3f4"}}, "u": {"_id": {"$oid": "63e2c76f285de2538ba4e3f4"}, "uuid": {"$binary": {"base64": "p0gTAGmNqZPMg+qWtQVPsw==", "subType": "03"}}, "raquetaId": {"$binary": {"base64": "p0gBAGmNqZO6g+qWtQVPsw==", "subType": "03"}}, "precio": 0.0, "tipo": "ADQUISICION", "finalizada": false, "pedidoId": {"$binary": {"base64": "p0gQAGmNqZPMiuqWtQVPsw==", "subType": "03"}}, "productoAdquiridoId": {"$binary": {"base64": "p0gEAGmNqZOqg+qWtQVPsw==", "subType": "03"}}, "peso": null, "balance": null, "rigidez": null, "tensionHorizontal": null, "cordajeHorizontalId": null, "tension ...' with request id 134 to database practica03mongoIvanLoli on connection [connectionId{localValue:11, serverValue:216638}] to server ac-o2suyf6-shard-00-02.7qtbnuz.mongodb.net:27017
22:49:35.546 [async-channel-group-0-handler-executor] DEBUG org.mongodb.driver.protocol.command - Execution of command with request id 134 completed successfully in 45.16 ms on connection [connectionId{localValue:11, serverValue:216638}] to server ac-o2suyf6-shard-00-02.7qtbnuz.mongodb.net:27017
22:49:35.553 [DefaultDispatcher-worker-4 @coroutine#982] DEBUG koin.repositories.tarea.TareaRepository - findAll()
22:49:35.555 [AsyncGetter-5-thread-1] DEBUG org.mongodb.driver.protocol.command - Sending command '{"find": "tarea", "filter": {}, "batchSize": 64, "$db": "practica03mongoIvanLoli", "$clusterTime": {"clusterTime": {"$timestamp": {"t": 1675806573, "i": 10}}, "signature": {"hash": {"$binary": {"base64": "pa2vb3IUkV1h3ftq2zsH/i0Rcws=", "subType": "00"}}, "keyId": 7161871216054108163}}, "lsid": {"id": {"$binary": {"base64": "xbe9yt96RfCuB/EkkSIjyQ==", "subType": "04"}}}}' with request id 135 to database practica03mongoIvanLoli on connection [connectionId{localValue:11, serverValue:216638}] to server ac-o2suyf6-shard-00-02.7qtbnuz.mongodb.net:27017
22:49:35.593 [async-channel-group-0-handler-executor] DEBUG org.mongodb.driver.protocol.command - Execution of command with request id 135 completed successfully in 38.61 ms on connection [connectionId{localValue:11, serverValue:216638}] to server ac-o2suyf6-shard-00-02.7qtbnuz.mongodb.net:27017
22:49:35.593 [async-channel-group-0-handler-executor] DEBUG org.mongodb.driver.operation - Received batch of 1 documents with cursorId 0 from server ac-o2suyf6-shard-00-02.7qtbnuz.mongodb.net:27017
22:49:35.601 [AsyncGetter-5-thread-1] DEBUG org.mongodb.driver.protocol.command - Sending command '{"update": "tarea", "ordered": true, "txnNumber": 42, "$db": "practica03mongoIvanLoli", "$clusterTime": {"clusterTime": {"$timestamp": {"t": 1675806573, "i": 10}}, "signature": {"hash": {"$binary": {"base64": "pa2vb3IUkV1h3ftq2zsH/i0Rcws=", "subType": "00"}}, "keyId": 7161871216054108163}}, "lsid": {"id": {"$binary": {"base64": "xbe9yt96RfCuB/EkkSIjyQ==", "subType": "04"}}}, "updates": [{"q": {"_id": {"$oid": "63e2c76f285de2538ba4e3f4"}}, "u": {"_id": {"$oid": "63e2c76f285de2538ba4e3f4"}, "uuid": {"$binary": {"base64": "p0gTAGmNqZPMg+qWtQVPsw==", "subType": "03"}}, "raquetaId": {"$binary": {"base64": "p0gBAGmNqZO6g+qWtQVPsw==", "subType": "03"}}, "precio": 0.0, "tipo": "ADQUISICION", "finalizada": false, "pedidoId": {"$binary": {"base64": "p0gQAGmNqZPMiuqWtQVPsw==", "subType": "03"}}, "productoAdquiridoId": {"$binary": {"base64": "p0gEAGmNqZOqg+qWtQVPsw==", "subType": "03"}}, "peso": null, "balance": null, "rigidez": null, "tensionHorizontal": null, "cordajeHorizontalId": null, "tensio ...' with request id 136 to database practica03mongoIvanLoli on connection [connectionId{localValue:11, serverValue:216638}] to server ac-o2suyf6-shard-00-02.7qtbnuz.mongodb.net:27017
22:49:35.640 [async-channel-group-0-handler-executor] DEBUG org.mongodb.driver.protocol.command - Execution of command with request id 136 completed successfully in 38.67 ms on connection [connectionId{localValue:11, serverValue:216638}] to server ac-o2suyf6-shard-00-02.7qtbnuz.mongodb.net:27017
22:49:35.648 [DefaultDispatcher-worker-4 @coroutine#988] DEBUG koin.repositories.tarea.TareaRepository - findById(63e2c76f285de2538ba4e3f4)
22:49:35.649 [AsyncGetter-5-thread-1] DEBUG org.mongodb.driver.protocol.command - Sending command '{"find": "tarea", "filter": {"_id": {"$oid": "63e2c76f285de2538ba4e3f4"}}, "limit": 1, "singleBatch": true, "$db": "practica03mongoIvanLoli", "$clusterTime": {"clusterTime": {"$timestamp": {"t": 1675806573, "i": 12}}, "signature": {"hash": {"$binary": {"base64": "pa2vb3IUkV1h3ftq2zsH/i0Rcws=", "subType": "00"}}, "keyId": 7161871216054108163}}, "lsid": {"id": {"$binary": {"base64": "xbe9yt96RfCuB/EkkSIjyQ==", "subType": "04"}}}}' with request id 137 to database practica03mongoIvanLoli on connection [connectionId{localValue:11, serverValue:216638}] to server ac-o2suyf6-shard-00-02.7qtbnuz.mongodb.net:27017
22:49:35.687 [async-channel-group-0-handler-executor] DEBUG org.mongodb.driver.protocol.command - Execution of command with request id 137 completed successfully in 37.75 ms on connection [connectionId{localValue:11, serverValue:216638}] to server ac-o2suyf6-shard-00-02.7qtbnuz.mongodb.net:27017
22:49:35.687 [async-channel-group-0-handler-executor] DEBUG org.mongodb.driver.operation - Received batch of 1 documents with cursorId 0 from server ac-o2suyf6-shard-00-02.7qtbnuz.mongodb.net:27017
22:49:35.690 [AsyncGetter-5-thread-1] DEBUG org.mongodb.driver.protocol.command - Sending command '{"update": "tarea", "ordered": true, "txnNumber": 43, "$db": "practica03mongoIvanLoli", "$clusterTime": {"clusterTime": {"$timestamp": {"t": 1675806573, "i": 13}}, "signature": {"hash": {"$binary": {"base64": "pa2vb3IUkV1h3ftq2zsH/i0Rcws=", "subType": "00"}}, "keyId": 7161871216054108163}}, "lsid": {"id": {"$binary": {"base64": "xbe9yt96RfCuB/EkkSIjyQ==", "subType": "04"}}}, "updates": [{"q": {"_id": {"$oid": "63e2c76f285de2538ba4e3f4"}}, "u": {"_id": {"$oid": "63e2c76f285de2538ba4e3f4"}, "uuid": {"$binary": {"base64": "p0gTAGmNqZPMg+qWtQVPsw==", "subType": "03"}}, "raquetaId": {"$binary": {"base64": "p0gBAGmNqZO6g+qWtQVPsw==", "subType": "03"}}, "precio": 0.0, "tipo": "ADQUISICION", "finalizada": false, "pedidoId": {"$binary": {"base64": "p0gQAGmNqZPMiuqWtQVPsw==", "subType": "03"}}, "productoAdquiridoId": {"$binary": {"base64": "p0gEAGmNqZOqg+qWtQVPsw==", "subType": "03"}}, "peso": null, "balance": null, "rigidez": null, "tensionHorizontal": null, "cordajeHorizontalId": null, "tensio ...' with request id 138 to database practica03mongoIvanLoli on connection [connectionId{localValue:11, serverValue:216638}] to server ac-o2suyf6-shard-00-02.7qtbnuz.mongodb.net:27017
22:49:35.728 [async-channel-group-0-handler-executor] DEBUG org.mongodb.driver.protocol.command - Execution of command with request id 138 completed successfully in 38.71 ms on connection [connectionId{localValue:11, serverValue:216638}] to server ac-o2suyf6-shard-00-02.7qtbnuz.mongodb.net:27017
22:49:35.732 [DefaultDispatcher-worker-4 @coroutine#993] DEBUG koin.repositories.tarea.TareaRepository - findByUUID(93a98d69-0013-48a7-b34f-05b596ea83cc)
22:49:35.733 [AsyncGetter-5-thread-1] DEBUG org.mongodb.driver.protocol.command - Sending command '{"find": "tarea", "filter": {}, "batchSize": 64, "$db": "practica03mongoIvanLoli", "$clusterTime": {"clusterTime": {"$timestamp": {"t": 1675806573, "i": 13}}, "signature": {"hash": {"$binary": {"base64": "pa2vb3IUkV1h3ftq2zsH/i0Rcws=", "subType": "00"}}, "keyId": 7161871216054108163}}, "lsid": {"id": {"$binary": {"base64": "xbe9yt96RfCuB/EkkSIjyQ==", "subType": "04"}}}}' with request id 139 to database practica03mongoIvanLoli on connection [connectionId{localValue:11, serverValue:216638}] to server ac-o2suyf6-shard-00-02.7qtbnuz.mongodb.net:27017
22:49:35.771 [async-channel-group-0-handler-executor] DEBUG org.mongodb.driver.protocol.command - Execution of command with request id 139 completed successfully in 37.56 ms on connection [connectionId{localValue:11, serverValue:216638}] to server ac-o2suyf6-shard-00-02.7qtbnuz.mongodb.net:27017
22:49:35.771 [async-channel-group-0-handler-executor] DEBUG org.mongodb.driver.operation - Received batch of 1 documents with cursorId 0 from server ac-o2suyf6-shard-00-02.7qtbnuz.mongodb.net:27017
22:49:35.777 [AsyncGetter-5-thread-1] DEBUG org.mongodb.driver.protocol.command - Sending command '{"update": "tarea", "ordered": true, "txnNumber": 44, "$db": "practica03mongoIvanLoli", "$clusterTime": {"clusterTime": {"$timestamp": {"t": 1675806573, "i": 13}}, "signature": {"hash": {"$binary": {"base64": "pa2vb3IUkV1h3ftq2zsH/i0Rcws=", "subType": "00"}}, "keyId": 7161871216054108163}}, "lsid": {"id": {"$binary": {"base64": "xbe9yt96RfCuB/EkkSIjyQ==", "subType": "04"}}}, "updates": [{"q": {"_id": {"$oid": "63e2c76f285de2538ba4e3f4"}}, "u": {"_id": {"$oid": "63e2c76f285de2538ba4e3f4"}, "uuid": {"$binary": {"base64": "p0gTAGmNqZPMg+qWtQVPsw==", "subType": "03"}}, "raquetaId": {"$binary": {"base64": "p0gBAGmNqZO6g+qWtQVPsw==", "subType": "03"}}, "precio": 0.0, "tipo": "ADQUISICION", "finalizada": false, "pedidoId": {"$binary": {"base64": "p0gQAGmNqZPMiuqWtQVPsw==", "subType": "03"}}, "productoAdquiridoId": {"$binary": {"base64": "p0gEAGmNqZOqg+qWtQVPsw==", "subType": "03"}}, "peso": null, "balance": null, "rigidez": null, "tensionHorizontal": null, "cordajeHorizontalId": null, "tensio ...' with request id 140 to database practica03mongoIvanLoli on connection [connectionId{localValue:11, serverValue:216638}] to server ac-o2suyf6-shard-00-02.7qtbnuz.mongodb.net:27017
22:49:35.817 [async-channel-group-0-handler-executor] DEBUG org.mongodb.driver.protocol.command - Execution of command with request id 140 completed successfully in 40.04 ms on connection [connectionId{localValue:11, serverValue:216638}] to server ac-o2suyf6-shard-00-02.7qtbnuz.mongodb.net:27017
22:49:35.823 [DefaultDispatcher-worker-4 @coroutine#998] DEBUG koin.repositories.tarea.TareaRepository - save(Tarea(id=63e2c76f285de2538ba4e3f4, uuid=93a98d69-0013-48a7-b34f-05b596ea83cc, raquetaId=93a98d69-0001-48a7-b34f-05b596ea83ba, precio=0.0, tipo=ADQUISICION, finalizada=false, pedidoId=93a98d69-0010-48a7-b34f-05b596ea8acc, productoAdquiridoId=93a98d69-0004-48a7-b34f-05b596ea83aa, peso=null, balance=null, rigidez=null, tensionHorizontal=null, cordajeHorizontalId=null, tensionVertical=null, cordajeVerticalId=null, dosNudos=null))
22:49:35.826 [AsyncGetter-5-thread-1] DEBUG org.mongodb.driver.protocol.command - Sending command '{"update": "tarea", "ordered": true, "txnNumber": 45, "$db": "practica03mongoIvanLoli", "$clusterTime": {"clusterTime": {"$timestamp": {"t": 1675806573, "i": 13}}, "signature": {"hash": {"$binary": {"base64": "pa2vb3IUkV1h3ftq2zsH/i0Rcws=", "subType": "00"}}, "keyId": 7161871216054108163}}, "lsid": {"id": {"$binary": {"base64": "xbe9yt96RfCuB/EkkSIjyQ==", "subType": "04"}}}, "updates": [{"q": {"_id": {"$oid": "63e2c76f285de2538ba4e3f4"}}, "u": {"_id": {"$oid": "63e2c76f285de2538ba4e3f4"}, "uuid": {"$binary": {"base64": "p0gTAGmNqZPMg+qWtQVPsw==", "subType": "03"}}, "raquetaId": {"$binary": {"base64": "p0gBAGmNqZO6g+qWtQVPsw==", "subType": "03"}}, "precio": 0.0, "tipo": "ADQUISICION", "finalizada": false, "pedidoId": {"$binary": {"base64": "p0gQAGmNqZPMiuqWtQVPsw==", "subType": "03"}}, "productoAdquiridoId": {"$binary": {"base64": "p0gEAGmNqZOqg+qWtQVPsw==", "subType": "03"}}, "peso": null, "balance": null, "rigidez": null, "tensionHorizontal": null, "cordajeHorizontalId": null, "tensio ...' with request id 141 to database practica03mongoIvanLoli on connection [connectionId{localValue:11, serverValue:216638}] to server ac-o2suyf6-shard-00-02.7qtbnuz.mongodb.net:27017
22:49:35.865 [async-channel-group-0-handler-executor] DEBUG org.mongodb.driver.protocol.command - Execution of command with request id 141 completed successfully in 39.91 ms on connection [connectionId{localValue:11, serverValue:216638}] to server ac-o2suyf6-shard-00-02.7qtbnuz.mongodb.net:27017
22:49:35.870 [AsyncGetter-5-thread-1] DEBUG org.mongodb.driver.protocol.command - Sending command '{"update": "tarea", "ordered": true, "txnNumber": 46, "$db": "practica03mongoIvanLoli", "$clusterTime": {"clusterTime": {"$timestamp": {"t": 1675806573, "i": 13}}, "signature": {"hash": {"$binary": {"base64": "pa2vb3IUkV1h3ftq2zsH/i0Rcws=", "subType": "00"}}, "keyId": 7161871216054108163}}, "lsid": {"id": {"$binary": {"base64": "xbe9yt96RfCuB/EkkSIjyQ==", "subType": "04"}}}, "updates": [{"q": {"_id": {"$oid": "63e2c76f285de2538ba4e3f4"}}, "u": {"_id": {"$oid": "63e2c76f285de2538ba4e3f4"}, "uuid": {"$binary": {"base64": "p0gTAGmNqZPMg+qWtQVPsw==", "subType": "03"}}, "raquetaId": {"$binary": {"base64": "p0gBAGmNqZO6g+qWtQVPsw==", "subType": "03"}}, "precio": 0.0, "tipo": "ADQUISICION", "finalizada": false, "pedidoId": {"$binary": {"base64": "p0gQAGmNqZPMiuqWtQVPsw==", "subType": "03"}}, "productoAdquiridoId": {"$binary": {"base64": "p0gEAGmNqZOqg+qWtQVPsw==", "subType": "03"}}, "peso": null, "balance": null, "rigidez": null, "tensionHorizontal": null, "cordajeHorizontalId": null, "tensio ...' with request id 142 to database practica03mongoIvanLoli on connection [connectionId{localValue:11, serverValue:216638}] to server ac-o2suyf6-shard-00-02.7qtbnuz.mongodb.net:27017
22:49:35.909 [async-channel-group-0-handler-executor] DEBUG org.mongodb.driver.protocol.command - Execution of command with request id 142 completed successfully in 38.71 ms on connection [connectionId{localValue:11, serverValue:216638}] to server ac-o2suyf6-shard-00-02.7qtbnuz.mongodb.net:27017
22:49:35.913 [DefaultDispatcher-worker-4 @coroutine#1003] DEBUG koin.repositories.tarea.TareaRepository - findById(63e2c76f285de2538ba4e3f5)
22:49:35.914 [AsyncGetter-5-thread-1] DEBUG org.mongodb.driver.protocol.command - Sending command '{"find": "tarea", "filter": {"_id": {"$oid": "63e2c76f285de2538ba4e3f5"}}, "limit": 1, "singleBatch": true, "$db": "practica03mongoIvanLoli", "$clusterTime": {"clusterTime": {"$timestamp": {"t": 1675806573, "i": 13}}, "signature": {"hash": {"$binary": {"base64": "pa2vb3IUkV1h3ftq2zsH/i0Rcws=", "subType": "00"}}, "keyId": 7161871216054108163}}, "lsid": {"id": {"$binary": {"base64": "xbe9yt96RfCuB/EkkSIjyQ==", "subType": "04"}}}}' with request id 143 to database practica03mongoIvanLoli on connection [connectionId{localValue:11, serverValue:216638}] to server ac-o2suyf6-shard-00-02.7qtbnuz.mongodb.net:27017
22:49:35.953 [async-channel-group-0-handler-executor] DEBUG org.mongodb.driver.protocol.command - Execution of command with request id 143 completed successfully in 38.66 ms on connection [connectionId{localValue:11, serverValue:216638}] to server ac-o2suyf6-shard-00-02.7qtbnuz.mongodb.net:27017
22:49:35.953 [async-channel-group-0-handler-executor] DEBUG org.mongodb.driver.operation - Received batch of 0 documents with cursorId 0 from server ac-o2suyf6-shard-00-02.7qtbnuz.mongodb.net:27017
22:49:35.956 [AsyncGetter-5-thread-1] DEBUG org.mongodb.driver.protocol.command - Sending command '{"update": "tarea", "ordered": true, "txnNumber": 47, "$db": "practica03mongoIvanLoli", "$clusterTime": {"clusterTime": {"$timestamp": {"t": 1675806573, "i": 13}}, "signature": {"hash": {"$binary": {"base64": "pa2vb3IUkV1h3ftq2zsH/i0Rcws=", "subType": "00"}}, "keyId": 7161871216054108163}}, "lsid": {"id": {"$binary": {"base64": "xbe9yt96RfCuB/EkkSIjyQ==", "subType": "04"}}}, "updates": [{"q": {"_id": {"$oid": "63e2c76f285de2538ba4e3f4"}}, "u": {"_id": {"$oid": "63e2c76f285de2538ba4e3f4"}, "uuid": {"$binary": {"base64": "p0gTAGmNqZPMg+qWtQVPsw==", "subType": "03"}}, "raquetaId": {"$binary": {"base64": "p0gBAGmNqZO6g+qWtQVPsw==", "subType": "03"}}, "precio": 0.0, "tipo": "ADQUISICION", "finalizada": false, "pedidoId": {"$binary": {"base64": "p0gQAGmNqZPMiuqWtQVPsw==", "subType": "03"}}, "productoAdquiridoId": {"$binary": {"base64": "p0gEAGmNqZOqg+qWtQVPsw==", "subType": "03"}}, "peso": null, "balance": null, "rigidez": null, "tensionHorizontal": null, "cordajeHorizontalId": null, "tensio ...' with request id 144 to database practica03mongoIvanLoli on connection [connectionId{localValue:11, serverValue:216638}] to server ac-o2suyf6-shard-00-02.7qtbnuz.mongodb.net:27017
22:49:35.995 [async-channel-group-0-handler-executor] DEBUG org.mongodb.driver.protocol.command - Execution of command with request id 144 completed successfully in 39.90 ms on connection [connectionId{localValue:11, serverValue:216638}] to server ac-o2suyf6-shard-00-02.7qtbnuz.mongodb.net:27017
22:49:36.001 [DefaultDispatcher-worker-4 @coroutine#1008] DEBUG koin.repositories.tarea.TareaRepository - delete(63e2c770285de2538ba4e3f6)
22:49:36.002 [AsyncGetter-5-thread-1] DEBUG org.mongodb.driver.protocol.command - Sending command '{"find": "tarea", "filter": {"_id": {"$oid": "63e2c770285de2538ba4e3f6"}}, "limit": 1, "singleBatch": true, "$db": "practica03mongoIvanLoli", "$clusterTime": {"clusterTime": {"$timestamp": {"t": 1675806573, "i": 13}}, "signature": {"hash": {"$binary": {"base64": "pa2vb3IUkV1h3ftq2zsH/i0Rcws=", "subType": "00"}}, "keyId": 7161871216054108163}}, "lsid": {"id": {"$binary": {"base64": "xbe9yt96RfCuB/EkkSIjyQ==", "subType": "04"}}}}' with request id 145 to database practica03mongoIvanLoli on connection [connectionId{localValue:11, serverValue:216638}] to server ac-o2suyf6-shard-00-02.7qtbnuz.mongodb.net:27017
22:49:36.040 [async-channel-group-0-handler-executor] DEBUG org.mongodb.driver.protocol.command - Execution of command with request id 145 completed successfully in 38.15 ms on connection [connectionId{localValue:11, serverValue:216638}] to server ac-o2suyf6-shard-00-02.7qtbnuz.mongodb.net:27017
22:49:36.040 [async-channel-group-0-handler-executor] DEBUG org.mongodb.driver.operation - Received batch of 0 documents with cursorId 0 from server ac-o2suyf6-shard-00-02.7qtbnuz.mongodb.net:27017
22:49:36.042 [AsyncGetter-5-thread-1] DEBUG org.mongodb.driver.protocol.command - Sending command '{"delete": "tarea", "ordered": true, "txnNumber": 48, "$db": "practica03mongoIvanLoli", "$clusterTime": {"clusterTime": {"$timestamp": {"t": 1675806573, "i": 13}}, "signature": {"hash": {"$binary": {"base64": "pa2vb3IUkV1h3ftq2zsH/i0Rcws=", "subType": "00"}}, "keyId": 7161871216054108163}}, "lsid": {"id": {"$binary": {"base64": "xbe9yt96RfCuB/EkkSIjyQ==", "subType": "04"}}}, "deletes": [{"q": {"_id": {"$oid": "63e2c770285de2538ba4e3f6"}}, "limit": 1}]}' with request id 146 to database practica03mongoIvanLoli on connection [connectionId{localValue:11, serverValue:216638}] to server ac-o2suyf6-shard-00-02.7qtbnuz.mongodb.net:27017
22:49:36.083 [async-channel-group-0-handler-executor] DEBUG org.mongodb.driver.protocol.command - Execution of command with request id 146 completed successfully in 41.20 ms on connection [connectionId{localValue:11, serverValue:216638}] to server ac-o2suyf6-shard-00-02.7qtbnuz.mongodb.net:27017
22:49:36.086 [AsyncGetter-5-thread-1] DEBUG org.mongodb.driver.protocol.command - Sending command '{"drop": "tarea", "$db": "practica03mongoIvanLoli", "$clusterTime": {"clusterTime": {"$timestamp": {"t": 1675806573, "i": 13}}, "signature": {"hash": {"$binary": {"base64": "pa2vb3IUkV1h3ftq2zsH/i0Rcws=", "subType": "00"}}, "keyId": 7161871216054108163}}, "lsid": {"id": {"$binary": {"base64": "xbe9yt96RfCuB/EkkSIjyQ==", "subType": "04"}}}}' with request id 147 to database practica03mongoIvanLoli on connection [connectionId{localValue:11, serverValue:216638}] to server ac-o2suyf6-shard-00-02.7qtbnuz.mongodb.net:27017
22:49:36.134 [async-channel-group-0-handler-executor] DEBUG org.mongodb.driver.protocol.command - Execution of command with request id 147 completed successfully in 47.82 ms on connection [connectionId{localValue:11, serverValue:216638}] to server ac-o2suyf6-shard-00-02.7qtbnuz.mongodb.net:27017
]]></system-out>
  <system-err><![CDATA[]]></system-err>
</testsuite>
