<?xml version="1.0" encoding="UTF-8"?>
<testsuite name="koin.repositories.producto.ProductoRepositoryTest" tests="9" skipped="0" failures="0" errors="0" timestamp="2023-02-10T19:54:45" hostname="LOLI-LAPTOP" time="1.244">
  <properties/>
  <testcase name="delete()" classname="koin.repositories.producto.ProductoRepositoryTest" time="0.264"/>
  <testcase name="decreaseStockBelow0()" classname="koin.repositories.producto.ProductoRepositoryTest" time="0.172"/>
  <testcase name="findAll()" classname="koin.repositories.producto.ProductoRepositoryTest" time="0.099"/>
  <testcase name="findById()" classname="koin.repositories.producto.ProductoRepositoryTest" time="0.109"/>
  <testcase name="decreaseStock()" classname="koin.repositories.producto.ProductoRepositoryTest" time="0.157"/>
  <testcase name="findByUuid()" classname="koin.repositories.producto.ProductoRepositoryTest" time="0.123"/>
  <testcase name="save()" classname="koin.repositories.producto.ProductoRepositoryTest" time="0.098"/>
  <testcase name="findByIdNotExists()" classname="koin.repositories.producto.ProductoRepositoryTest" time="0.088"/>
  <testcase name="deleteNotExists()" classname="koin.repositories.producto.ProductoRepositoryTest" time="0.129"/>
  <system-out><![CDATA[20:54:45.481 [AsyncGetter-5-thread-1] DEBUG org.mongodb.driver.protocol.command - Sending command '{"drop": "producto", "$db": "practica03mongoIvanLoli", "$clusterTime": {"clusterTime": {"$timestamp": {"t": 1676058881, "i": 12}}, "signature": {"hash": {"$binary": {"base64": "7OtndwlWjGRd2NA0Hr2YcsormA8=", "subType": "00"}}, "keyId": 7161871216054108163}}, "lsid": {"id": {"$binary": {"base64": "iaaDCEpQRkC2MlqJ67VcNQ==", "subType": "04"}}}}' with request id 94 to database practica03mongoIvanLoli on connection [connectionId{localValue:7, serverValue:268692}] to server ac-o2suyf6-shard-00-02.7qtbnuz.mongodb.net:27017
20:54:45.521 [async-channel-group-0-handler-executor] DEBUG org.mongodb.driver.protocol.command - Execution of command with request id 94 failed to complete successfully in 40.70 ms on connection [connectionId{localValue:7, serverValue:268692}] to server ac-o2suyf6-shard-00-02.7qtbnuz.mongodb.net:27017
com.mongodb.MongoCommandException: Command failed with error 26 (NamespaceNotFound): 'ns not found' on server ac-o2suyf6-shard-00-02.7qtbnuz.mongodb.net:27017. The full response is {"ok": 0.0, "errmsg": "ns not found", "code": 26, "codeName": "NamespaceNotFound", "$clusterTime": {"clusterTime": {"$timestamp": {"t": 1676058881, "i": 16}}, "signature": {"hash": {"$binary": {"base64": "7OtndwlWjGRd2NA0Hr2YcsormA8=", "subType": "00"}}, "keyId": 7161871216054108163}}, "operationTime": {"$timestamp": {"t": 1676058881, "i": 16}}}
	at com.mongodb.internal.connection.ProtocolHelper.getCommandFailureException(ProtocolHelper.java:198)
	at com.mongodb.internal.connection.InternalStreamConnection$2$1.onResult(InternalStreamConnection.java:512)
	at com.mongodb.internal.connection.InternalStreamConnection$2$1.onResult(InternalStreamConnection.java:498)
	at com.mongodb.internal.connection.InternalStreamConnection$MessageHeaderCallback$MessageCallback.onResult(InternalStreamConnection.java:821)
	at com.mongodb.internal.connection.InternalStreamConnection$MessageHeaderCallback$MessageCallback.onResult(InternalStreamConnection.java:785)
	at com.mongodb.internal.connection.InternalStreamConnection$5.completed(InternalStreamConnection.java:645)
	at com.mongodb.internal.connection.InternalStreamConnection$5.completed(InternalStreamConnection.java:642)
	at com.mongodb.internal.connection.AsynchronousChannelStream$BasicCompletionHandler.completed(AsynchronousChannelStream.java:250)
	at com.mongodb.internal.connection.AsynchronousChannelStream$BasicCompletionHandler.completed(AsynchronousChannelStream.java:233)
	at com.mongodb.internal.connection.tlschannel.async.AsynchronousTlsChannel.lambda$read$4(AsynchronousTlsChannel.java:122)
	at java.base/java.util.concurrent.Executors$RunnableAdapter.call(Executors.java:539)
	at java.base/java.util.concurrent.FutureTask.run(FutureTask.java:264)
	at java.base/java.util.concurrent.ThreadPoolExecutor.runWorker(ThreadPoolExecutor.java:1136)
	at java.base/java.util.concurrent.ThreadPoolExecutor$Worker.run(ThreadPoolExecutor.java:635)
	at java.base/java.lang.Thread.run(Thread.java:833)
20:54:45.539 [AsyncGetter-5-thread-1] DEBUG org.mongodb.driver.protocol.command - Sending command '{"update": "producto", "ordered": true, "txnNumber": 23, "$db": "practica03mongoIvanLoli", "$clusterTime": {"clusterTime": {"$timestamp": {"t": 1676058881, "i": 16}}, "signature": {"hash": {"$binary": {"base64": "7OtndwlWjGRd2NA0Hr2YcsormA8=", "subType": "00"}}, "keyId": 7161871216054108163}}, "lsid": {"id": {"$binary": {"base64": "iaaDCEpQRkC2MlqJ67VcNQ==", "subType": "04"}}}, "updates": [{"q": {"_id": {"$oid": "63e6a10561c2a601272c5004"}}, "u": {"_id": {"$oid": "63e6a10561c2a601272c5004"}, "uuid": {"$binary": {"base64": "p0imbWmNqZOqg+qWtQVPsw==", "subType": "03"}}, "tipo": "FUNDAS", "marca": "MarcaZ", "modelo": "ModeloZ", "precio": 36.4, "stock": 1}, "upsert": true}]}' with request id 95 to database practica03mongoIvanLoli on connection [connectionId{localValue:7, serverValue:268692}] to server ac-o2suyf6-shard-00-02.7qtbnuz.mongodb.net:27017
20:54:45.619 [async-channel-group-0-handler-executor] DEBUG org.mongodb.driver.protocol.command - Execution of command with request id 95 completed successfully in 79.99 ms on connection [connectionId{localValue:7, serverValue:268692}] to server ac-o2suyf6-shard-00-02.7qtbnuz.mongodb.net:27017
20:54:45.624 [DefaultDispatcher-worker-2 @coroutine#841] DEBUG koin.repositories.producto.ProductoRepository - delete(63e6a10561c2a601272c5004)
20:54:45.626 [AsyncGetter-5-thread-1] DEBUG org.mongodb.driver.protocol.command - Sending command '{"find": "producto", "filter": {"_id": {"$oid": "63e6a10561c2a601272c5004"}}, "limit": 1, "singleBatch": true, "$db": "practica03mongoIvanLoli", "$clusterTime": {"clusterTime": {"$timestamp": {"t": 1676058882, "i": 4}}, "signature": {"hash": {"$binary": {"base64": "A1aYcMUk6hpbaO1FFBRr/kizV6U=", "subType": "00"}}, "keyId": 7161871216054108163}}, "lsid": {"id": {"$binary": {"base64": "iaaDCEpQRkC2MlqJ67VcNQ==", "subType": "04"}}}}' with request id 96 to database practica03mongoIvanLoli on connection [connectionId{localValue:7, serverValue:268692}] to server ac-o2suyf6-shard-00-02.7qtbnuz.mongodb.net:27017
20:54:45.670 [async-channel-group-0-handler-executor] DEBUG org.mongodb.driver.protocol.command - Execution of command with request id 96 completed successfully in 44.10 ms on connection [connectionId{localValue:7, serverValue:268692}] to server ac-o2suyf6-shard-00-02.7qtbnuz.mongodb.net:27017
20:54:45.672 [async-channel-group-0-handler-executor] DEBUG org.mongodb.driver.operation - Received batch of 1 documents with cursorId 0 from server ac-o2suyf6-shard-00-02.7qtbnuz.mongodb.net:27017
20:54:45.674 [AsyncGetter-5-thread-1] DEBUG org.mongodb.driver.protocol.command - Sending command '{"delete": "producto", "ordered": true, "txnNumber": 24, "$db": "practica03mongoIvanLoli", "$clusterTime": {"clusterTime": {"$timestamp": {"t": 1676058882, "i": 4}}, "signature": {"hash": {"$binary": {"base64": "A1aYcMUk6hpbaO1FFBRr/kizV6U=", "subType": "00"}}, "keyId": 7161871216054108163}}, "lsid": {"id": {"$binary": {"base64": "iaaDCEpQRkC2MlqJ67VcNQ==", "subType": "04"}}}, "deletes": [{"q": {"_id": {"$oid": "63e6a10561c2a601272c5004"}}, "limit": 1}]}' with request id 97 to database practica03mongoIvanLoli on connection [connectionId{localValue:7, serverValue:268692}] to server ac-o2suyf6-shard-00-02.7qtbnuz.mongodb.net:27017
20:54:45.784 [async-channel-group-0-handler-executor] DEBUG org.mongodb.driver.protocol.command - Execution of command with request id 97 completed successfully in 109.59 ms on connection [connectionId{localValue:7, serverValue:268692}] to server ac-o2suyf6-shard-00-02.7qtbnuz.mongodb.net:27017
20:54:45.789 [AsyncGetter-5-thread-1] DEBUG org.mongodb.driver.protocol.command - Sending command '{"update": "producto", "ordered": true, "txnNumber": 25, "$db": "practica03mongoIvanLoli", "$clusterTime": {"clusterTime": {"$timestamp": {"t": 1676058882, "i": 5}}, "signature": {"hash": {"$binary": {"base64": "A1aYcMUk6hpbaO1FFBRr/kizV6U=", "subType": "00"}}, "keyId": 7161871216054108163}}, "lsid": {"id": {"$binary": {"base64": "iaaDCEpQRkC2MlqJ67VcNQ==", "subType": "04"}}}, "updates": [{"q": {"_id": {"$oid": "63e6a10561c2a601272c5004"}}, "u": {"_id": {"$oid": "63e6a10561c2a601272c5004"}, "uuid": {"$binary": {"base64": "p0imbWmNqZOqg+qWtQVPsw==", "subType": "03"}}, "tipo": "FUNDAS", "marca": "MarcaZ", "modelo": "ModeloZ", "precio": 36.4, "stock": 1}, "upsert": true}]}' with request id 98 to database practica03mongoIvanLoli on connection [connectionId{localValue:7, serverValue:268692}] to server ac-o2suyf6-shard-00-02.7qtbnuz.mongodb.net:27017
20:54:45.833 [async-channel-group-0-handler-executor] DEBUG org.mongodb.driver.protocol.command - Execution of command with request id 98 completed successfully in 44.22 ms on connection [connectionId{localValue:7, serverValue:268692}] to server ac-o2suyf6-shard-00-02.7qtbnuz.mongodb.net:27017
20:54:45.840 [DefaultDispatcher-worker-2 @coroutine#846] DEBUG koin.repositories.producto.ProductoRepository - decreaseStock(63e6a10561c2a601272c5004)
20:54:45.841 [AsyncGetter-5-thread-1] DEBUG org.mongodb.driver.protocol.command - Sending command '{"find": "producto", "filter": {"_id": {"$oid": "63e6a10561c2a601272c5004"}}, "limit": 1, "singleBatch": true, "$db": "practica03mongoIvanLoli", "$clusterTime": {"clusterTime": {"$timestamp": {"t": 1676058882, "i": 7}}, "signature": {"hash": {"$binary": {"base64": "A1aYcMUk6hpbaO1FFBRr/kizV6U=", "subType": "00"}}, "keyId": 7161871216054108163}}, "lsid": {"id": {"$binary": {"base64": "iaaDCEpQRkC2MlqJ67VcNQ==", "subType": "04"}}}}' with request id 99 to database practica03mongoIvanLoli on connection [connectionId{localValue:7, serverValue:268692}] to server ac-o2suyf6-shard-00-02.7qtbnuz.mongodb.net:27017
20:54:45.882 [async-channel-group-0-handler-executor] DEBUG org.mongodb.driver.protocol.command - Execution of command with request id 99 completed successfully in 40.00 ms on connection [connectionId{localValue:7, serverValue:268692}] to server ac-o2suyf6-shard-00-02.7qtbnuz.mongodb.net:27017
20:54:45.882 [async-channel-group-0-handler-executor] DEBUG org.mongodb.driver.operation - Received batch of 1 documents with cursorId 0 from server ac-o2suyf6-shard-00-02.7qtbnuz.mongodb.net:27017
20:54:45.884 [AsyncGetter-5-thread-1] DEBUG org.mongodb.driver.protocol.command - Sending command '{"update": "producto", "ordered": true, "txnNumber": 26, "$db": "practica03mongoIvanLoli", "$clusterTime": {"clusterTime": {"$timestamp": {"t": 1676058882, "i": 7}}, "signature": {"hash": {"$binary": {"base64": "A1aYcMUk6hpbaO1FFBRr/kizV6U=", "subType": "00"}}, "keyId": 7161871216054108163}}, "lsid": {"id": {"$binary": {"base64": "iaaDCEpQRkC2MlqJ67VcNQ==", "subType": "04"}}}, "updates": [{"q": {"_id": {"$oid": "63e6a10561c2a601272c5004"}}, "u": {"_id": {"$oid": "63e6a10561c2a601272c5004"}, "uuid": {"$binary": {"base64": "p0imbWmNqZOqg+qWtQVPsw==", "subType": "03"}}, "tipo": "FUNDAS", "marca": "MarcaZ", "modelo": "ModeloZ", "precio": 36.4, "stock": 0}, "upsert": true}]}' with request id 100 to database practica03mongoIvanLoli on connection [connectionId{localValue:7, serverValue:268692}] to server ac-o2suyf6-shard-00-02.7qtbnuz.mongodb.net:27017
20:54:45.955 [async-channel-group-0-handler-executor] DEBUG org.mongodb.driver.protocol.command - Execution of command with request id 100 completed successfully in 71.14 ms on connection [connectionId{localValue:7, serverValue:268692}] to server ac-o2suyf6-shard-00-02.7qtbnuz.mongodb.net:27017
20:54:45.961 [AsyncGetter-5-thread-1] DEBUG org.mongodb.driver.protocol.command - Sending command '{"update": "producto", "ordered": true, "txnNumber": 27, "$db": "practica03mongoIvanLoli", "$clusterTime": {"clusterTime": {"$timestamp": {"t": 1676058882, "i": 9}}, "signature": {"hash": {"$binary": {"base64": "A1aYcMUk6hpbaO1FFBRr/kizV6U=", "subType": "00"}}, "keyId": 7161871216054108163}}, "lsid": {"id": {"$binary": {"base64": "iaaDCEpQRkC2MlqJ67VcNQ==", "subType": "04"}}}, "updates": [{"q": {"_id": {"$oid": "63e6a10561c2a601272c5004"}}, "u": {"_id": {"$oid": "63e6a10561c2a601272c5004"}, "uuid": {"$binary": {"base64": "p0imbWmNqZOqg+qWtQVPsw==", "subType": "03"}}, "tipo": "FUNDAS", "marca": "MarcaZ", "modelo": "ModeloZ", "precio": 36.4, "stock": 1}, "upsert": true}]}' with request id 101 to database practica03mongoIvanLoli on connection [connectionId{localValue:7, serverValue:268692}] to server ac-o2suyf6-shard-00-02.7qtbnuz.mongodb.net:27017
20:54:46.006 [async-channel-group-0-handler-executor] DEBUG org.mongodb.driver.protocol.command - Execution of command with request id 101 completed successfully in 45.88 ms on connection [connectionId{localValue:7, serverValue:268692}] to server ac-o2suyf6-shard-00-02.7qtbnuz.mongodb.net:27017
20:54:46.014 [DefaultDispatcher-worker-2 @coroutine#851] DEBUG koin.repositories.producto.ProductoRepository - findAll()
20:54:46.015 [AsyncGetter-5-thread-1] DEBUG org.mongodb.driver.protocol.command - Sending command '{"find": "producto", "filter": {}, "batchSize": 64, "$db": "practica03mongoIvanLoli", "$clusterTime": {"clusterTime": {"$timestamp": {"t": 1676058882, "i": 11}}, "signature": {"hash": {"$binary": {"base64": "A1aYcMUk6hpbaO1FFBRr/kizV6U=", "subType": "00"}}, "keyId": 7161871216054108163}}, "lsid": {"id": {"$binary": {"base64": "iaaDCEpQRkC2MlqJ67VcNQ==", "subType": "04"}}}}' with request id 102 to database practica03mongoIvanLoli on connection [connectionId{localValue:7, serverValue:268692}] to server ac-o2suyf6-shard-00-02.7qtbnuz.mongodb.net:27017
20:54:46.053 [async-channel-group-0-handler-executor] DEBUG org.mongodb.driver.protocol.command - Execution of command with request id 102 completed successfully in 38.20 ms on connection [connectionId{localValue:7, serverValue:268692}] to server ac-o2suyf6-shard-00-02.7qtbnuz.mongodb.net:27017
20:54:46.053 [async-channel-group-0-handler-executor] DEBUG org.mongodb.driver.operation - Received batch of 1 documents with cursorId 0 from server ac-o2suyf6-shard-00-02.7qtbnuz.mongodb.net:27017
20:54:46.060 [AsyncGetter-5-thread-1] DEBUG org.mongodb.driver.protocol.command - Sending command '{"update": "producto", "ordered": true, "txnNumber": 28, "$db": "practica03mongoIvanLoli", "$clusterTime": {"clusterTime": {"$timestamp": {"t": 1676058882, "i": 11}}, "signature": {"hash": {"$binary": {"base64": "A1aYcMUk6hpbaO1FFBRr/kizV6U=", "subType": "00"}}, "keyId": 7161871216054108163}}, "lsid": {"id": {"$binary": {"base64": "iaaDCEpQRkC2MlqJ67VcNQ==", "subType": "04"}}}, "updates": [{"q": {"_id": {"$oid": "63e6a10561c2a601272c5004"}}, "u": {"_id": {"$oid": "63e6a10561c2a601272c5004"}, "uuid": {"$binary": {"base64": "p0imbWmNqZOqg+qWtQVPsw==", "subType": "03"}}, "tipo": "FUNDAS", "marca": "MarcaZ", "modelo": "ModeloZ", "precio": 36.4, "stock": 1}, "upsert": true}]}' with request id 103 to database practica03mongoIvanLoli on connection [connectionId{localValue:7, serverValue:268692}] to server ac-o2suyf6-shard-00-02.7qtbnuz.mongodb.net:27017
20:54:46.100 [async-channel-group-0-handler-executor] DEBUG org.mongodb.driver.protocol.command - Execution of command with request id 103 completed successfully in 40.30 ms on connection [connectionId{localValue:7, serverValue:268692}] to server ac-o2suyf6-shard-00-02.7qtbnuz.mongodb.net:27017
20:54:46.106 [DefaultDispatcher-worker-2 @coroutine#857] DEBUG koin.repositories.producto.ProductoRepository - findById(63e6a10561c2a601272c5004)
20:54:46.107 [AsyncGetter-5-thread-1] DEBUG org.mongodb.driver.protocol.command - Sending command '{"find": "producto", "filter": {"_id": {"$oid": "63e6a10561c2a601272c5004"}}, "limit": 1, "singleBatch": true, "$db": "practica03mongoIvanLoli", "$clusterTime": {"clusterTime": {"$timestamp": {"t": 1676058882, "i": 11}}, "signature": {"hash": {"$binary": {"base64": "A1aYcMUk6hpbaO1FFBRr/kizV6U=", "subType": "00"}}, "keyId": 7161871216054108163}}, "lsid": {"id": {"$binary": {"base64": "iaaDCEpQRkC2MlqJ67VcNQ==", "subType": "04"}}}}' with request id 104 to database practica03mongoIvanLoli on connection [connectionId{localValue:7, serverValue:268692}] to server ac-o2suyf6-shard-00-02.7qtbnuz.mongodb.net:27017
20:54:46.166 [async-channel-group-0-handler-executor] DEBUG org.mongodb.driver.protocol.command - Execution of command with request id 104 completed successfully in 58.27 ms on connection [connectionId{localValue:7, serverValue:268692}] to server ac-o2suyf6-shard-00-02.7qtbnuz.mongodb.net:27017
20:54:46.166 [async-channel-group-0-handler-executor] DEBUG org.mongodb.driver.operation - Received batch of 1 documents with cursorId 0 from server ac-o2suyf6-shard-00-02.7qtbnuz.mongodb.net:27017
20:54:46.170 [AsyncGetter-5-thread-1] DEBUG org.mongodb.driver.protocol.command - Sending command '{"update": "producto", "ordered": true, "txnNumber": 29, "$db": "practica03mongoIvanLoli", "$clusterTime": {"clusterTime": {"$timestamp": {"t": 1676058882, "i": 12}}, "signature": {"hash": {"$binary": {"base64": "A1aYcMUk6hpbaO1FFBRr/kizV6U=", "subType": "00"}}, "keyId": 7161871216054108163}}, "lsid": {"id": {"$binary": {"base64": "iaaDCEpQRkC2MlqJ67VcNQ==", "subType": "04"}}}, "updates": [{"q": {"_id": {"$oid": "63e6a10561c2a601272c5004"}}, "u": {"_id": {"$oid": "63e6a10561c2a601272c5004"}, "uuid": {"$binary": {"base64": "p0imbWmNqZOqg+qWtQVPsw==", "subType": "03"}}, "tipo": "FUNDAS", "marca": "MarcaZ", "modelo": "ModeloZ", "precio": 36.4, "stock": 1}, "upsert": true}]}' with request id 105 to database practica03mongoIvanLoli on connection [connectionId{localValue:7, serverValue:268692}] to server ac-o2suyf6-shard-00-02.7qtbnuz.mongodb.net:27017
20:54:46.225 [async-channel-group-0-handler-executor] DEBUG org.mongodb.driver.protocol.command - Execution of command with request id 105 completed successfully in 56.75 ms on connection [connectionId{localValue:7, serverValue:268692}] to server ac-o2suyf6-shard-00-02.7qtbnuz.mongodb.net:27017
20:54:46.231 [DefaultDispatcher-worker-2 @coroutine#862] DEBUG koin.repositories.producto.ProductoRepository - decreaseStock(63e6a10561c2a601272c5004)
20:54:46.232 [AsyncGetter-5-thread-1] DEBUG org.mongodb.driver.protocol.command - Sending command '{"find": "producto", "filter": {"_id": {"$oid": "63e6a10561c2a601272c5004"}}, "limit": 1, "singleBatch": true, "$db": "practica03mongoIvanLoli", "$clusterTime": {"clusterTime": {"$timestamp": {"t": 1676058882, "i": 14}}, "signature": {"hash": {"$binary": {"base64": "A1aYcMUk6hpbaO1FFBRr/kizV6U=", "subType": "00"}}, "keyId": 7161871216054108163}}, "lsid": {"id": {"$binary": {"base64": "iaaDCEpQRkC2MlqJ67VcNQ==", "subType": "04"}}}}' with request id 106 to database practica03mongoIvanLoli on connection [connectionId{localValue:7, serverValue:268692}] to server ac-o2suyf6-shard-00-02.7qtbnuz.mongodb.net:27017
20:54:46.275 [async-channel-group-0-handler-executor] DEBUG org.mongodb.driver.protocol.command - Execution of command with request id 106 completed successfully in 43.47 ms on connection [connectionId{localValue:7, serverValue:268692}] to server ac-o2suyf6-shard-00-02.7qtbnuz.mongodb.net:27017
20:54:46.275 [async-channel-group-0-handler-executor] DEBUG org.mongodb.driver.operation - Received batch of 1 documents with cursorId 0 from server ac-o2suyf6-shard-00-02.7qtbnuz.mongodb.net:27017
20:54:46.278 [AsyncGetter-5-thread-1] DEBUG org.mongodb.driver.protocol.command - Sending command '{"update": "producto", "ordered": true, "txnNumber": 30, "$db": "practica03mongoIvanLoli", "$clusterTime": {"clusterTime": {"$timestamp": {"t": 1676058882, "i": 14}}, "signature": {"hash": {"$binary": {"base64": "A1aYcMUk6hpbaO1FFBRr/kizV6U=", "subType": "00"}}, "keyId": 7161871216054108163}}, "lsid": {"id": {"$binary": {"base64": "iaaDCEpQRkC2MlqJ67VcNQ==", "subType": "04"}}}, "updates": [{"q": {"_id": {"$oid": "63e6a10561c2a601272c5004"}}, "u": {"_id": {"$oid": "63e6a10561c2a601272c5004"}, "uuid": {"$binary": {"base64": "p0imbWmNqZOqg+qWtQVPsw==", "subType": "03"}}, "tipo": "FUNDAS", "marca": "MarcaZ", "modelo": "ModeloZ", "precio": 36.4, "stock": 0}, "upsert": true}]}' with request id 107 to database practica03mongoIvanLoli on connection [connectionId{localValue:7, serverValue:268692}] to server ac-o2suyf6-shard-00-02.7qtbnuz.mongodb.net:27017
20:54:46.322 [async-channel-group-0-handler-executor] DEBUG org.mongodb.driver.protocol.command - Execution of command with request id 107 completed successfully in 44.52 ms on connection [connectionId{localValue:7, serverValue:268692}] to server ac-o2suyf6-shard-00-02.7qtbnuz.mongodb.net:27017
20:54:46.328 [AsyncGetter-5-thread-1] DEBUG org.mongodb.driver.protocol.command - Sending command '{"update": "producto", "ordered": true, "txnNumber": 31, "$db": "practica03mongoIvanLoli", "$clusterTime": {"clusterTime": {"$timestamp": {"t": 1676058882, "i": 16}}, "signature": {"hash": {"$binary": {"base64": "A1aYcMUk6hpbaO1FFBRr/kizV6U=", "subType": "00"}}, "keyId": 7161871216054108163}}, "lsid": {"id": {"$binary": {"base64": "iaaDCEpQRkC2MlqJ67VcNQ==", "subType": "04"}}}, "updates": [{"q": {"_id": {"$oid": "63e6a10561c2a601272c5004"}}, "u": {"_id": {"$oid": "63e6a10561c2a601272c5004"}, "uuid": {"$binary": {"base64": "p0imbWmNqZOqg+qWtQVPsw==", "subType": "03"}}, "tipo": "FUNDAS", "marca": "MarcaZ", "modelo": "ModeloZ", "precio": 36.4, "stock": 1}, "upsert": true}]}' with request id 108 to database practica03mongoIvanLoli on connection [connectionId{localValue:7, serverValue:268692}] to server ac-o2suyf6-shard-00-02.7qtbnuz.mongodb.net:27017
20:54:46.398 [async-channel-group-0-handler-executor] DEBUG org.mongodb.driver.protocol.command - Execution of command with request id 108 completed successfully in 70.13 ms on connection [connectionId{localValue:7, serverValue:268692}] to server ac-o2suyf6-shard-00-02.7qtbnuz.mongodb.net:27017
20:54:46.402 [DefaultDispatcher-worker-2 @coroutine#867] DEBUG koin.repositories.producto.ProductoRepository - findByUUID(93a98d69-6da6-48a7-b34f-05b596ea83aa)
20:54:46.404 [AsyncGetter-5-thread-1] DEBUG org.mongodb.driver.protocol.command - Sending command '{"find": "producto", "filter": {}, "batchSize": 64, "$db": "practica03mongoIvanLoli", "$clusterTime": {"clusterTime": {"$timestamp": {"t": 1676058882, "i": 17}}, "signature": {"hash": {"$binary": {"base64": "A1aYcMUk6hpbaO1FFBRr/kizV6U=", "subType": "00"}}, "keyId": 7161871216054108163}}, "lsid": {"id": {"$binary": {"base64": "iaaDCEpQRkC2MlqJ67VcNQ==", "subType": "04"}}}}' with request id 109 to database practica03mongoIvanLoli on connection [connectionId{localValue:7, serverValue:268692}] to server ac-o2suyf6-shard-00-02.7qtbnuz.mongodb.net:27017
20:54:46.442 [async-channel-group-0-handler-executor] DEBUG org.mongodb.driver.protocol.command - Execution of command with request id 109 completed successfully in 38.19 ms on connection [connectionId{localValue:7, serverValue:268692}] to server ac-o2suyf6-shard-00-02.7qtbnuz.mongodb.net:27017
20:54:46.442 [async-channel-group-0-handler-executor] DEBUG org.mongodb.driver.operation - Received batch of 1 documents with cursorId 0 from server ac-o2suyf6-shard-00-02.7qtbnuz.mongodb.net:27017
20:54:46.450 [AsyncGetter-5-thread-1] DEBUG org.mongodb.driver.protocol.command - Sending command '{"update": "producto", "ordered": true, "txnNumber": 32, "$db": "practica03mongoIvanLoli", "$clusterTime": {"clusterTime": {"$timestamp": {"t": 1676058882, "i": 18}}, "signature": {"hash": {"$binary": {"base64": "A1aYcMUk6hpbaO1FFBRr/kizV6U=", "subType": "00"}}, "keyId": 7161871216054108163}}, "lsid": {"id": {"$binary": {"base64": "iaaDCEpQRkC2MlqJ67VcNQ==", "subType": "04"}}}, "updates": [{"q": {"_id": {"$oid": "63e6a10561c2a601272c5004"}}, "u": {"_id": {"$oid": "63e6a10561c2a601272c5004"}, "uuid": {"$binary": {"base64": "p0imbWmNqZOqg+qWtQVPsw==", "subType": "03"}}, "tipo": "FUNDAS", "marca": "MarcaZ", "modelo": "ModeloZ", "precio": 36.4, "stock": 1}, "upsert": true}]}' with request id 110 to database practica03mongoIvanLoli on connection [connectionId{localValue:7, serverValue:268692}] to server ac-o2suyf6-shard-00-02.7qtbnuz.mongodb.net:27017
20:54:46.490 [async-channel-group-0-handler-executor] DEBUG org.mongodb.driver.protocol.command - Execution of command with request id 110 completed successfully in 39.52 ms on connection [connectionId{localValue:7, serverValue:268692}] to server ac-o2suyf6-shard-00-02.7qtbnuz.mongodb.net:27017
20:54:46.498 [DefaultDispatcher-worker-2 @coroutine#872] DEBUG koin.repositories.producto.ProductoRepository - save(Producto(id=63e6a10561c2a601272c5004, uuid=93a98d69-6da6-48a7-b34f-05b596ea83aa, tipo=FUNDAS, marca=MarcaZ, modelo=ModeloZ, precio=36.4, stock=1))
20:54:46.500 [AsyncGetter-5-thread-1] DEBUG org.mongodb.driver.protocol.command - Sending command '{"update": "producto", "ordered": true, "txnNumber": 33, "$db": "practica03mongoIvanLoli", "$clusterTime": {"clusterTime": {"$timestamp": {"t": 1676058882, "i": 19}}, "signature": {"hash": {"$binary": {"base64": "A1aYcMUk6hpbaO1FFBRr/kizV6U=", "subType": "00"}}, "keyId": 7161871216054108163}}, "lsid": {"id": {"$binary": {"base64": "iaaDCEpQRkC2MlqJ67VcNQ==", "subType": "04"}}}, "updates": [{"q": {"_id": {"$oid": "63e6a10561c2a601272c5004"}}, "u": {"_id": {"$oid": "63e6a10561c2a601272c5004"}, "uuid": {"$binary": {"base64": "p0imbWmNqZOqg+qWtQVPsw==", "subType": "03"}}, "tipo": "FUNDAS", "marca": "MarcaZ", "modelo": "ModeloZ", "precio": 36.4, "stock": 1}, "upsert": true}]}' with request id 111 to database practica03mongoIvanLoli on connection [connectionId{localValue:7, serverValue:268692}] to server ac-o2suyf6-shard-00-02.7qtbnuz.mongodb.net:27017
20:54:46.543 [async-channel-group-0-handler-executor] DEBUG org.mongodb.driver.protocol.command - Execution of command with request id 111 completed successfully in 43.20 ms on connection [connectionId{localValue:7, serverValue:268692}] to server ac-o2suyf6-shard-00-02.7qtbnuz.mongodb.net:27017
20:54:46.549 [AsyncGetter-5-thread-1] DEBUG org.mongodb.driver.protocol.command - Sending command '{"update": "producto", "ordered": true, "txnNumber": 34, "$db": "practica03mongoIvanLoli", "$clusterTime": {"clusterTime": {"$timestamp": {"t": 1676058882, "i": 19}}, "signature": {"hash": {"$binary": {"base64": "A1aYcMUk6hpbaO1FFBRr/kizV6U=", "subType": "00"}}, "keyId": 7161871216054108163}}, "lsid": {"id": {"$binary": {"base64": "iaaDCEpQRkC2MlqJ67VcNQ==", "subType": "04"}}}, "updates": [{"q": {"_id": {"$oid": "63e6a10561c2a601272c5004"}}, "u": {"_id": {"$oid": "63e6a10561c2a601272c5004"}, "uuid": {"$binary": {"base64": "p0imbWmNqZOqg+qWtQVPsw==", "subType": "03"}}, "tipo": "FUNDAS", "marca": "MarcaZ", "modelo": "ModeloZ", "precio": 36.4, "stock": 1}, "upsert": true}]}' with request id 112 to database practica03mongoIvanLoli on connection [connectionId{localValue:7, serverValue:268692}] to server ac-o2suyf6-shard-00-02.7qtbnuz.mongodb.net:27017
20:54:46.590 [async-channel-group-0-handler-executor] DEBUG org.mongodb.driver.protocol.command - Execution of command with request id 112 completed successfully in 40.42 ms on connection [connectionId{localValue:7, serverValue:268692}] to server ac-o2suyf6-shard-00-02.7qtbnuz.mongodb.net:27017
20:54:46.594 [DefaultDispatcher-worker-2 @coroutine#877] DEBUG koin.repositories.producto.ProductoRepository - findById(63e6a10661c2a601272c5005)
20:54:46.596 [AsyncGetter-5-thread-1] DEBUG org.mongodb.driver.protocol.command - Sending command '{"find": "producto", "filter": {"_id": {"$oid": "63e6a10661c2a601272c5005"}}, "limit": 1, "singleBatch": true, "$db": "practica03mongoIvanLoli", "$clusterTime": {"clusterTime": {"$timestamp": {"t": 1676058882, "i": 19}}, "signature": {"hash": {"$binary": {"base64": "A1aYcMUk6hpbaO1FFBRr/kizV6U=", "subType": "00"}}, "keyId": 7161871216054108163}}, "lsid": {"id": {"$binary": {"base64": "iaaDCEpQRkC2MlqJ67VcNQ==", "subType": "04"}}}}' with request id 113 to database practica03mongoIvanLoli on connection [connectionId{localValue:7, serverValue:268692}] to server ac-o2suyf6-shard-00-02.7qtbnuz.mongodb.net:27017
20:54:46.635 [async-channel-group-0-handler-executor] DEBUG org.mongodb.driver.protocol.command - Execution of command with request id 113 completed successfully in 39.79 ms on connection [connectionId{localValue:7, serverValue:268692}] to server ac-o2suyf6-shard-00-02.7qtbnuz.mongodb.net:27017
20:54:46.635 [async-channel-group-0-handler-executor] DEBUG org.mongodb.driver.operation - Received batch of 0 documents with cursorId 0 from server ac-o2suyf6-shard-00-02.7qtbnuz.mongodb.net:27017
20:54:46.638 [AsyncGetter-5-thread-1] DEBUG org.mongodb.driver.protocol.command - Sending command '{"update": "producto", "ordered": true, "txnNumber": 35, "$db": "practica03mongoIvanLoli", "$clusterTime": {"clusterTime": {"$timestamp": {"t": 1676058883, "i": 1}}, "signature": {"hash": {"$binary": {"base64": "9Qzb/USunj3N3UcKx5hjI3/bDBw=", "subType": "00"}}, "keyId": 7161871216054108163}}, "lsid": {"id": {"$binary": {"base64": "iaaDCEpQRkC2MlqJ67VcNQ==", "subType": "04"}}}, "updates": [{"q": {"_id": {"$oid": "63e6a10561c2a601272c5004"}}, "u": {"_id": {"$oid": "63e6a10561c2a601272c5004"}, "uuid": {"$binary": {"base64": "p0imbWmNqZOqg+qWtQVPsw==", "subType": "03"}}, "tipo": "FUNDAS", "marca": "MarcaZ", "modelo": "ModeloZ", "precio": 36.4, "stock": 1}, "upsert": true}]}' with request id 114 to database practica03mongoIvanLoli on connection [connectionId{localValue:7, serverValue:268692}] to server ac-o2suyf6-shard-00-02.7qtbnuz.mongodb.net:27017
20:54:46.678 [async-channel-group-0-handler-executor] DEBUG org.mongodb.driver.protocol.command - Execution of command with request id 114 completed successfully in 39.86 ms on connection [connectionId{localValue:7, serverValue:268692}] to server ac-o2suyf6-shard-00-02.7qtbnuz.mongodb.net:27017
20:54:46.682 [DefaultDispatcher-worker-2 @coroutine#882] DEBUG koin.repositories.producto.ProductoRepository - delete(63e6a10661c2a601272c5006)
20:54:46.683 [AsyncGetter-5-thread-1] DEBUG org.mongodb.driver.protocol.command - Sending command '{"find": "producto", "filter": {"_id": {"$oid": "63e6a10661c2a601272c5006"}}, "limit": 1, "singleBatch": true, "$db": "practica03mongoIvanLoli", "$clusterTime": {"clusterTime": {"$timestamp": {"t": 1676058883, "i": 1}}, "signature": {"hash": {"$binary": {"base64": "9Qzb/USunj3N3UcKx5hjI3/bDBw=", "subType": "00"}}, "keyId": 7161871216054108163}}, "lsid": {"id": {"$binary": {"base64": "iaaDCEpQRkC2MlqJ67VcNQ==", "subType": "04"}}}}' with request id 115 to database practica03mongoIvanLoli on connection [connectionId{localValue:7, serverValue:268692}] to server ac-o2suyf6-shard-00-02.7qtbnuz.mongodb.net:27017
20:54:46.721 [async-channel-group-0-handler-executor] DEBUG org.mongodb.driver.protocol.command - Execution of command with request id 115 completed successfully in 38.48 ms on connection [connectionId{localValue:7, serverValue:268692}] to server ac-o2suyf6-shard-00-02.7qtbnuz.mongodb.net:27017
20:54:46.722 [async-channel-group-0-handler-executor] DEBUG org.mongodb.driver.operation - Received batch of 0 documents with cursorId 0 from server ac-o2suyf6-shard-00-02.7qtbnuz.mongodb.net:27017
20:54:46.723 [AsyncGetter-5-thread-1] DEBUG org.mongodb.driver.protocol.command - Sending command '{"delete": "producto", "ordered": true, "txnNumber": 36, "$db": "practica03mongoIvanLoli", "$clusterTime": {"clusterTime": {"$timestamp": {"t": 1676058883, "i": 1}}, "signature": {"hash": {"$binary": {"base64": "9Qzb/USunj3N3UcKx5hjI3/bDBw=", "subType": "00"}}, "keyId": 7161871216054108163}}, "lsid": {"id": {"$binary": {"base64": "iaaDCEpQRkC2MlqJ67VcNQ==", "subType": "04"}}}, "deletes": [{"q": {"_id": {"$oid": "63e6a10661c2a601272c5006"}}, "limit": 1}]}' with request id 116 to database practica03mongoIvanLoli on connection [connectionId{localValue:7, serverValue:268692}] to server ac-o2suyf6-shard-00-02.7qtbnuz.mongodb.net:27017
20:54:46.765 [async-channel-group-0-handler-executor] DEBUG org.mongodb.driver.protocol.command - Execution of command with request id 116 completed successfully in 42.23 ms on connection [connectionId{localValue:7, serverValue:268692}] to server ac-o2suyf6-shard-00-02.7qtbnuz.mongodb.net:27017
20:54:46.769 [AsyncGetter-5-thread-1] DEBUG org.mongodb.driver.protocol.command - Sending command '{"drop": "producto", "$db": "practica03mongoIvanLoli", "$clusterTime": {"clusterTime": {"$timestamp": {"t": 1676058883, "i": 1}}, "signature": {"hash": {"$binary": {"base64": "9Qzb/USunj3N3UcKx5hjI3/bDBw=", "subType": "00"}}, "keyId": 7161871216054108163}}, "lsid": {"id": {"$binary": {"base64": "iaaDCEpQRkC2MlqJ67VcNQ==", "subType": "04"}}}}' with request id 117 to database practica03mongoIvanLoli on connection [connectionId{localValue:7, serverValue:268692}] to server ac-o2suyf6-shard-00-02.7qtbnuz.mongodb.net:27017
20:54:46.817 [async-channel-group-0-handler-executor] DEBUG org.mongodb.driver.protocol.command - Execution of command with request id 117 completed successfully in 47.93 ms on connection [connectionId{localValue:7, serverValue:268692}] to server ac-o2suyf6-shard-00-02.7qtbnuz.mongodb.net:27017
]]></system-out>
  <system-err><![CDATA[]]></system-err>
</testsuite>
