<?xml version="1.0" encoding="UTF-8"?>
<testsuite name="koin.repositories.turno.TurnoRepositoryTest" tests="8" skipped="0" failures="0" errors="0" timestamp="2023-02-02T22:41:56" hostname="LOLI-LAPTOP" time="0.993">
  <properties/>
  <testcase name="setFinalizado()" classname="koin.repositories.turno.TurnoRepositoryTest" time="0.207"/>
  <testcase name="delete()" classname="koin.repositories.turno.TurnoRepositoryTest" time="0.147"/>
  <testcase name="findAll()" classname="koin.repositories.turno.TurnoRepositoryTest" time="0.103"/>
  <testcase name="findById()" classname="koin.repositories.turno.TurnoRepositoryTest" time="0.103"/>
  <testcase name="findByUuid()" classname="koin.repositories.turno.TurnoRepositoryTest" time="0.104"/>
  <testcase name="save()" classname="koin.repositories.turno.TurnoRepositoryTest" time="0.096"/>
  <testcase name="findByIdNotExists()" classname="koin.repositories.turno.TurnoRepositoryTest" time="0.096"/>
  <testcase name="deleteNotExists()" classname="koin.repositories.turno.TurnoRepositoryTest" time="0.136"/>
  <system-out><![CDATA[23:41:56.343 [AsyncGetter-5-thread-1] DEBUG org.mongodb.driver.protocol.command - Sending command '{"drop": "turno", "$db": "practica03mongoIvanLoli", "$clusterTime": {"clusterTime": {"$timestamp": {"t": 1675377716, "i": 3}}, "signature": {"hash": {"$binary": {"base64": "W8VdB4LIfLn6mgtO2wksoPw/NQs=", "subType": "00"}}, "keyId": 7161871216054108163}}, "lsid": {"id": {"$binary": {"base64": "nuXtmKpPQPG6K0CQKaFtYQ==", "subType": "04"}}}}' with request id 157 to database practica03mongoIvanLoli on connection [connectionId{localValue:34, serverValue:127384}] to server ac-o2suyf6-shard-00-02.7qtbnuz.mongodb.net:27017
23:41:56.397 [async-channel-group-0-handler-executor] DEBUG org.mongodb.driver.protocol.command - Execution of command with request id 157 completed successfully in 53.55 ms on connection [connectionId{localValue:34, serverValue:127384}] to server ac-o2suyf6-shard-00-02.7qtbnuz.mongodb.net:27017
23:41:56.411 [AsyncGetter-5-thread-1] DEBUG org.mongodb.driver.protocol.command - Sending command '{"update": "turno", "ordered": true, "txnNumber": 49, "$db": "practica03mongoIvanLoli", "$clusterTime": {"clusterTime": {"$timestamp": {"t": 1675377716, "i": 4}}, "signature": {"hash": {"$binary": {"base64": "W8VdB4LIfLn6mgtO2wksoPw/NQs=", "subType": "00"}}, "keyId": 7161871216054108163}}, "lsid": {"id": {"$binary": {"base64": "nuXtmKpPQPG6K0CQKaFtYQ==", "subType": "04"}}}, "updates": [{"q": {"_id": {"$oid": "63dc3c341b23f96d9c839940"}}, "u": {"_id": {"$oid": "63dc3c341b23f96d9c839940"}, "uuid": {"$binary": {"base64": "p0gZAGmNqZO8iuqWtQVPsw==", "subType": "03"}}, "workerId": {"$binary": {"base64": "p0gHAGmNqZOcg+qWtQVPsw==", "subType": "03"}}, "maquinaId": {"$binary": {"base64": "p0gIAGmNqZO7g+qWtQVPsw==", "subType": "03"}}, "horaInicio": {"$date": "2002-10-14T10:09:00Z"}, "horaFin": {"$date": "2002-10-14T16:49:00Z"}, "numPedidosActivos": 2, "tarea1Id": {"$binary": {"base64": "p0gVAGmNqZOriuqWtQVPsw==", "subType": "03"}}, "tarea2Id": {"$binary": {"base64": "p0gRAGmNqZPKg+qWtQVPsw==",  ...' with request id 158 to database practica03mongoIvanLoli on connection [connectionId{localValue:34, serverValue:127384}] to server ac-o2suyf6-shard-00-02.7qtbnuz.mongodb.net:27017
23:41:56.496 [async-channel-group-0-handler-executor] DEBUG org.mongodb.driver.protocol.command - Execution of command with request id 158 completed successfully in 84.82 ms on connection [connectionId{localValue:34, serverValue:127384}] to server ac-o2suyf6-shard-00-02.7qtbnuz.mongodb.net:27017
23:41:56.504 [DefaultDispatcher-worker-14 @coroutine#1066] DEBUG koin.repositories.turno.TurnoRepository - setFinalizado(63dc3c341b23f96d9c839940)
23:41:56.506 [AsyncGetter-5-thread-1] DEBUG org.mongodb.driver.protocol.command - Sending command '{"find": "turno", "filter": {"_id": {"$oid": "63dc3c341b23f96d9c839940"}}, "limit": 1, "singleBatch": true, "$db": "practica03mongoIvanLoli", "$clusterTime": {"clusterTime": {"$timestamp": {"t": 1675377716, "i": 7}}, "signature": {"hash": {"$binary": {"base64": "W8VdB4LIfLn6mgtO2wksoPw/NQs=", "subType": "00"}}, "keyId": 7161871216054108163}}, "lsid": {"id": {"$binary": {"base64": "nuXtmKpPQPG6K0CQKaFtYQ==", "subType": "04"}}}}' with request id 159 to database practica03mongoIvanLoli on connection [connectionId{localValue:34, serverValue:127384}] to server ac-o2suyf6-shard-00-02.7qtbnuz.mongodb.net:27017
23:41:56.546 [async-channel-group-0-handler-executor] DEBUG org.mongodb.driver.protocol.command - Execution of command with request id 159 completed successfully in 40.81 ms on connection [connectionId{localValue:34, serverValue:127384}] to server ac-o2suyf6-shard-00-02.7qtbnuz.mongodb.net:27017
23:41:56.550 [async-channel-group-0-handler-executor] DEBUG org.mongodb.driver.operation - Received batch of 1 documents with cursorId 0 from server ac-o2suyf6-shard-00-02.7qtbnuz.mongodb.net:27017
23:41:56.552 [AsyncGetter-5-thread-1] DEBUG org.mongodb.driver.protocol.command - Sending command '{"update": "turno", "ordered": true, "txnNumber": 50, "$db": "practica03mongoIvanLoli", "$clusterTime": {"clusterTime": {"$timestamp": {"t": 1675377716, "i": 7}}, "signature": {"hash": {"$binary": {"base64": "W8VdB4LIfLn6mgtO2wksoPw/NQs=", "subType": "00"}}, "keyId": 7161871216054108163}}, "lsid": {"id": {"$binary": {"base64": "nuXtmKpPQPG6K0CQKaFtYQ==", "subType": "04"}}}, "updates": [{"q": {"_id": {"$oid": "63dc3c341b23f96d9c839940"}}, "u": {"_id": {"$oid": "63dc3c341b23f96d9c839940"}, "uuid": {"$binary": {"base64": "p0gZAGmNqZO8iuqWtQVPsw==", "subType": "03"}}, "workerId": {"$binary": {"base64": "p0gHAGmNqZOcg+qWtQVPsw==", "subType": "03"}}, "maquinaId": {"$binary": {"base64": "p0gIAGmNqZO7g+qWtQVPsw==", "subType": "03"}}, "horaInicio": {"$date": "2002-10-14T10:09:00Z"}, "horaFin": {"$date": "2002-10-14T16:49:00Z"}, "numPedidosActivos": 2, "tarea1Id": {"$binary": {"base64": "p0gVAGmNqZOriuqWtQVPsw==", "subType": "03"}}, "tarea2Id": {"$binary": {"base64": "p0gRAGmNqZPKg+qWtQVPsw==",  ...' with request id 160 to database practica03mongoIvanLoli on connection [connectionId{localValue:34, serverValue:127384}] to server ac-o2suyf6-shard-00-02.7qtbnuz.mongodb.net:27017
23:41:56.601 [async-channel-group-0-handler-executor] DEBUG org.mongodb.driver.protocol.command - Execution of command with request id 160 completed successfully in 48.84 ms on connection [connectionId{localValue:34, serverValue:127384}] to server ac-o2suyf6-shard-00-02.7qtbnuz.mongodb.net:27017
23:41:56.606 [AsyncGetter-5-thread-1] DEBUG org.mongodb.driver.protocol.command - Sending command '{"update": "turno", "ordered": true, "txnNumber": 51, "$db": "practica03mongoIvanLoli", "$clusterTime": {"clusterTime": {"$timestamp": {"t": 1675377716, "i": 9}}, "signature": {"hash": {"$binary": {"base64": "W8VdB4LIfLn6mgtO2wksoPw/NQs=", "subType": "00"}}, "keyId": 7161871216054108163}}, "lsid": {"id": {"$binary": {"base64": "nuXtmKpPQPG6K0CQKaFtYQ==", "subType": "04"}}}, "updates": [{"q": {"_id": {"$oid": "63dc3c341b23f96d9c839940"}}, "u": {"_id": {"$oid": "63dc3c341b23f96d9c839940"}, "uuid": {"$binary": {"base64": "p0gZAGmNqZO8iuqWtQVPsw==", "subType": "03"}}, "workerId": {"$binary": {"base64": "p0gHAGmNqZOcg+qWtQVPsw==", "subType": "03"}}, "maquinaId": {"$binary": {"base64": "p0gIAGmNqZO7g+qWtQVPsw==", "subType": "03"}}, "horaInicio": {"$date": "2002-10-14T10:09:00Z"}, "horaFin": {"$date": "2002-10-14T16:49:00Z"}, "numPedidosActivos": 2, "tarea1Id": {"$binary": {"base64": "p0gVAGmNqZOriuqWtQVPsw==", "subType": "03"}}, "tarea2Id": {"$binary": {"base64": "p0gRAGmNqZPKg+qWtQVPsw==",  ...' with request id 161 to database practica03mongoIvanLoli on connection [connectionId{localValue:34, serverValue:127384}] to server ac-o2suyf6-shard-00-02.7qtbnuz.mongodb.net:27017
23:41:56.652 [async-channel-group-0-handler-executor] DEBUG org.mongodb.driver.protocol.command - Execution of command with request id 161 completed successfully in 46.34 ms on connection [connectionId{localValue:34, serverValue:127384}] to server ac-o2suyf6-shard-00-02.7qtbnuz.mongodb.net:27017
23:41:56.659 [DefaultDispatcher-worker-8 @coroutine#1071] DEBUG koin.repositories.turno.TurnoRepository - delete(63dc3c341b23f96d9c839940)
23:41:56.660 [AsyncGetter-5-thread-1] DEBUG org.mongodb.driver.protocol.command - Sending command '{"find": "turno", "filter": {"_id": {"$oid": "63dc3c341b23f96d9c839940"}}, "limit": 1, "singleBatch": true, "$db": "practica03mongoIvanLoli", "$clusterTime": {"clusterTime": {"$timestamp": {"t": 1675377716, "i": 10}}, "signature": {"hash": {"$binary": {"base64": "W8VdB4LIfLn6mgtO2wksoPw/NQs=", "subType": "00"}}, "keyId": 7161871216054108163}}, "lsid": {"id": {"$binary": {"base64": "nuXtmKpPQPG6K0CQKaFtYQ==", "subType": "04"}}}}' with request id 162 to database practica03mongoIvanLoli on connection [connectionId{localValue:34, serverValue:127384}] to server ac-o2suyf6-shard-00-02.7qtbnuz.mongodb.net:27017
23:41:56.701 [async-channel-group-0-handler-executor] DEBUG org.mongodb.driver.protocol.command - Execution of command with request id 162 completed successfully in 41.24 ms on connection [connectionId{localValue:34, serverValue:127384}] to server ac-o2suyf6-shard-00-02.7qtbnuz.mongodb.net:27017
23:41:56.701 [async-channel-group-0-handler-executor] DEBUG org.mongodb.driver.operation - Received batch of 1 documents with cursorId 0 from server ac-o2suyf6-shard-00-02.7qtbnuz.mongodb.net:27017
23:41:56.703 [AsyncGetter-5-thread-1] DEBUG org.mongodb.driver.protocol.command - Sending command '{"delete": "turno", "ordered": true, "txnNumber": 52, "$db": "practica03mongoIvanLoli", "$clusterTime": {"clusterTime": {"$timestamp": {"t": 1675377716, "i": 10}}, "signature": {"hash": {"$binary": {"base64": "W8VdB4LIfLn6mgtO2wksoPw/NQs=", "subType": "00"}}, "keyId": 7161871216054108163}}, "lsid": {"id": {"$binary": {"base64": "nuXtmKpPQPG6K0CQKaFtYQ==", "subType": "04"}}}, "deletes": [{"q": {"_id": {"$oid": "63dc3c341b23f96d9c839940"}}, "limit": 1}]}' with request id 163 to database practica03mongoIvanLoli on connection [connectionId{localValue:34, serverValue:127384}] to server ac-o2suyf6-shard-00-02.7qtbnuz.mongodb.net:27017
23:41:56.748 [async-channel-group-0-handler-executor] DEBUG org.mongodb.driver.protocol.command - Execution of command with request id 163 completed successfully in 45.38 ms on connection [connectionId{localValue:34, serverValue:127384}] to server ac-o2suyf6-shard-00-02.7qtbnuz.mongodb.net:27017
23:41:56.754 [AsyncGetter-5-thread-1] DEBUG org.mongodb.driver.protocol.command - Sending command '{"update": "turno", "ordered": true, "txnNumber": 53, "$db": "practica03mongoIvanLoli", "$clusterTime": {"clusterTime": {"$timestamp": {"t": 1675377716, "i": 11}}, "signature": {"hash": {"$binary": {"base64": "W8VdB4LIfLn6mgtO2wksoPw/NQs=", "subType": "00"}}, "keyId": 7161871216054108163}}, "lsid": {"id": {"$binary": {"base64": "nuXtmKpPQPG6K0CQKaFtYQ==", "subType": "04"}}}, "updates": [{"q": {"_id": {"$oid": "63dc3c341b23f96d9c839940"}}, "u": {"_id": {"$oid": "63dc3c341b23f96d9c839940"}, "uuid": {"$binary": {"base64": "p0gZAGmNqZO8iuqWtQVPsw==", "subType": "03"}}, "workerId": {"$binary": {"base64": "p0gHAGmNqZOcg+qWtQVPsw==", "subType": "03"}}, "maquinaId": {"$binary": {"base64": "p0gIAGmNqZO7g+qWtQVPsw==", "subType": "03"}}, "horaInicio": {"$date": "2002-10-14T10:09:00Z"}, "horaFin": {"$date": "2002-10-14T16:49:00Z"}, "numPedidosActivos": 2, "tarea1Id": {"$binary": {"base64": "p0gVAGmNqZOriuqWtQVPsw==", "subType": "03"}}, "tarea2Id": {"$binary": {"base64": "p0gRAGmNqZPKg+qWtQVPsw==", ...' with request id 164 to database practica03mongoIvanLoli on connection [connectionId{localValue:34, serverValue:127384}] to server ac-o2suyf6-shard-00-02.7qtbnuz.mongodb.net:27017
23:41:56.800 [async-channel-group-0-handler-executor] DEBUG org.mongodb.driver.protocol.command - Execution of command with request id 164 completed successfully in 47.46 ms on connection [connectionId{localValue:34, serverValue:127384}] to server ac-o2suyf6-shard-00-02.7qtbnuz.mongodb.net:27017
23:41:56.808 [DefaultDispatcher-worker-8 @coroutine#1076] DEBUG koin.repositories.turno.TurnoRepository - findAll()
23:41:56.809 [AsyncGetter-5-thread-1] DEBUG org.mongodb.driver.protocol.command - Sending command '{"find": "turno", "filter": {}, "batchSize": 64, "$db": "practica03mongoIvanLoli", "$clusterTime": {"clusterTime": {"$timestamp": {"t": 1675377716, "i": 12}}, "signature": {"hash": {"$binary": {"base64": "W8VdB4LIfLn6mgtO2wksoPw/NQs=", "subType": "00"}}, "keyId": 7161871216054108163}}, "lsid": {"id": {"$binary": {"base64": "nuXtmKpPQPG6K0CQKaFtYQ==", "subType": "04"}}}}' with request id 165 to database practica03mongoIvanLoli on connection [connectionId{localValue:34, serverValue:127384}] to server ac-o2suyf6-shard-00-02.7qtbnuz.mongodb.net:27017
23:41:56.850 [async-channel-group-0-handler-executor] DEBUG org.mongodb.driver.protocol.command - Execution of command with request id 165 completed successfully in 41.03 ms on connection [connectionId{localValue:34, serverValue:127384}] to server ac-o2suyf6-shard-00-02.7qtbnuz.mongodb.net:27017
23:41:56.850 [async-channel-group-0-handler-executor] DEBUG org.mongodb.driver.operation - Received batch of 1 documents with cursorId 0 from server ac-o2suyf6-shard-00-02.7qtbnuz.mongodb.net:27017
23:41:56.857 [AsyncGetter-5-thread-1] DEBUG org.mongodb.driver.protocol.command - Sending command '{"update": "turno", "ordered": true, "txnNumber": 54, "$db": "practica03mongoIvanLoli", "$clusterTime": {"clusterTime": {"$timestamp": {"t": 1675377716, "i": 12}}, "signature": {"hash": {"$binary": {"base64": "W8VdB4LIfLn6mgtO2wksoPw/NQs=", "subType": "00"}}, "keyId": 7161871216054108163}}, "lsid": {"id": {"$binary": {"base64": "nuXtmKpPQPG6K0CQKaFtYQ==", "subType": "04"}}}, "updates": [{"q": {"_id": {"$oid": "63dc3c341b23f96d9c839940"}}, "u": {"_id": {"$oid": "63dc3c341b23f96d9c839940"}, "uuid": {"$binary": {"base64": "p0gZAGmNqZO8iuqWtQVPsw==", "subType": "03"}}, "workerId": {"$binary": {"base64": "p0gHAGmNqZOcg+qWtQVPsw==", "subType": "03"}}, "maquinaId": {"$binary": {"base64": "p0gIAGmNqZO7g+qWtQVPsw==", "subType": "03"}}, "horaInicio": {"$date": "2002-10-14T10:09:00Z"}, "horaFin": {"$date": "2002-10-14T16:49:00Z"}, "numPedidosActivos": 2, "tarea1Id": {"$binary": {"base64": "p0gVAGmNqZOriuqWtQVPsw==", "subType": "03"}}, "tarea2Id": {"$binary": {"base64": "p0gRAGmNqZPKg+qWtQVPsw==", ...' with request id 166 to database practica03mongoIvanLoli on connection [connectionId{localValue:34, serverValue:127384}] to server ac-o2suyf6-shard-00-02.7qtbnuz.mongodb.net:27017
23:41:56.897 [async-channel-group-0-handler-executor] DEBUG org.mongodb.driver.protocol.command - Execution of command with request id 166 completed successfully in 40.69 ms on connection [connectionId{localValue:34, serverValue:127384}] to server ac-o2suyf6-shard-00-02.7qtbnuz.mongodb.net:27017
23:41:56.904 [DefaultDispatcher-worker-8 @coroutine#1082] DEBUG koin.repositories.turno.TurnoRepository - findById(63dc3c341b23f96d9c839940)
23:41:56.906 [AsyncGetter-5-thread-1] DEBUG org.mongodb.driver.protocol.command - Sending command '{"find": "turno", "filter": {"_id": {"$oid": "63dc3c341b23f96d9c839940"}}, "limit": 1, "singleBatch": true, "$db": "practica03mongoIvanLoli", "$clusterTime": {"clusterTime": {"$timestamp": {"t": 1675377716, "i": 12}}, "signature": {"hash": {"$binary": {"base64": "W8VdB4LIfLn6mgtO2wksoPw/NQs=", "subType": "00"}}, "keyId": 7161871216054108163}}, "lsid": {"id": {"$binary": {"base64": "nuXtmKpPQPG6K0CQKaFtYQ==", "subType": "04"}}}}' with request id 167 to database practica03mongoIvanLoli on connection [connectionId{localValue:34, serverValue:127384}] to server ac-o2suyf6-shard-00-02.7qtbnuz.mongodb.net:27017
23:41:56.956 [async-channel-group-0-handler-executor] DEBUG org.mongodb.driver.protocol.command - Execution of command with request id 167 completed successfully in 50.34 ms on connection [connectionId{localValue:34, serverValue:127384}] to server ac-o2suyf6-shard-00-02.7qtbnuz.mongodb.net:27017
23:41:56.957 [async-channel-group-0-handler-executor] DEBUG org.mongodb.driver.operation - Received batch of 1 documents with cursorId 0 from server ac-o2suyf6-shard-00-02.7qtbnuz.mongodb.net:27017
23:41:56.960 [AsyncGetter-5-thread-1] DEBUG org.mongodb.driver.protocol.command - Sending command '{"update": "turno", "ordered": true, "txnNumber": 55, "$db": "practica03mongoIvanLoli", "$clusterTime": {"clusterTime": {"$timestamp": {"t": 1675377716, "i": 13}}, "signature": {"hash": {"$binary": {"base64": "W8VdB4LIfLn6mgtO2wksoPw/NQs=", "subType": "00"}}, "keyId": 7161871216054108163}}, "lsid": {"id": {"$binary": {"base64": "nuXtmKpPQPG6K0CQKaFtYQ==", "subType": "04"}}}, "updates": [{"q": {"_id": {"$oid": "63dc3c341b23f96d9c839940"}}, "u": {"_id": {"$oid": "63dc3c341b23f96d9c839940"}, "uuid": {"$binary": {"base64": "p0gZAGmNqZO8iuqWtQVPsw==", "subType": "03"}}, "workerId": {"$binary": {"base64": "p0gHAGmNqZOcg+qWtQVPsw==", "subType": "03"}}, "maquinaId": {"$binary": {"base64": "p0gIAGmNqZO7g+qWtQVPsw==", "subType": "03"}}, "horaInicio": {"$date": "2002-10-14T10:09:00Z"}, "horaFin": {"$date": "2002-10-14T16:49:00Z"}, "numPedidosActivos": 2, "tarea1Id": {"$binary": {"base64": "p0gVAGmNqZOriuqWtQVPsw==", "subType": "03"}}, "tarea2Id": {"$binary": {"base64": "p0gRAGmNqZPKg+qWtQVPsw==", ...' with request id 168 to database practica03mongoIvanLoli on connection [connectionId{localValue:34, serverValue:127384}] to server ac-o2suyf6-shard-00-02.7qtbnuz.mongodb.net:27017
23:41:57.004 [async-channel-group-0-handler-executor] DEBUG org.mongodb.driver.protocol.command - Execution of command with request id 168 completed successfully in 44.01 ms on connection [connectionId{localValue:34, serverValue:127384}] to server ac-o2suyf6-shard-00-02.7qtbnuz.mongodb.net:27017
23:41:57.011 [DefaultDispatcher-worker-8 @coroutine#1087] DEBUG koin.repositories.turno.TurnoRepository - findByUUID(93a98d69-0019-48a7-b34f-05b596ea8abc)
23:41:57.014 [AsyncGetter-5-thread-1] DEBUG org.mongodb.driver.protocol.command - Sending command '{"find": "turno", "filter": {}, "batchSize": 64, "$db": "practica03mongoIvanLoli", "$clusterTime": {"clusterTime": {"$timestamp": {"t": 1675377716, "i": 13}}, "signature": {"hash": {"$binary": {"base64": "W8VdB4LIfLn6mgtO2wksoPw/NQs=", "subType": "00"}}, "keyId": 7161871216054108163}}, "lsid": {"id": {"$binary": {"base64": "nuXtmKpPQPG6K0CQKaFtYQ==", "subType": "04"}}}}' with request id 169 to database practica03mongoIvanLoli on connection [connectionId{localValue:34, serverValue:127384}] to server ac-o2suyf6-shard-00-02.7qtbnuz.mongodb.net:27017
23:41:57.057 [async-channel-group-0-handler-executor] DEBUG org.mongodb.driver.protocol.command - Execution of command with request id 169 completed successfully in 42.60 ms on connection [connectionId{localValue:34, serverValue:127384}] to server ac-o2suyf6-shard-00-02.7qtbnuz.mongodb.net:27017
23:41:57.057 [async-channel-group-0-handler-executor] DEBUG org.mongodb.driver.operation - Received batch of 1 documents with cursorId 0 from server ac-o2suyf6-shard-00-02.7qtbnuz.mongodb.net:27017
23:41:57.065 [AsyncGetter-5-thread-1] DEBUG org.mongodb.driver.protocol.command - Sending command '{"update": "turno", "ordered": true, "txnNumber": 56, "$db": "practica03mongoIvanLoli", "$clusterTime": {"clusterTime": {"$timestamp": {"t": 1675377716, "i": 13}}, "signature": {"hash": {"$binary": {"base64": "W8VdB4LIfLn6mgtO2wksoPw/NQs=", "subType": "00"}}, "keyId": 7161871216054108163}}, "lsid": {"id": {"$binary": {"base64": "nuXtmKpPQPG6K0CQKaFtYQ==", "subType": "04"}}}, "updates": [{"q": {"_id": {"$oid": "63dc3c341b23f96d9c839940"}}, "u": {"_id": {"$oid": "63dc3c341b23f96d9c839940"}, "uuid": {"$binary": {"base64": "p0gZAGmNqZO8iuqWtQVPsw==", "subType": "03"}}, "workerId": {"$binary": {"base64": "p0gHAGmNqZOcg+qWtQVPsw==", "subType": "03"}}, "maquinaId": {"$binary": {"base64": "p0gIAGmNqZO7g+qWtQVPsw==", "subType": "03"}}, "horaInicio": {"$date": "2002-10-14T10:09:00Z"}, "horaFin": {"$date": "2002-10-14T16:49:00Z"}, "numPedidosActivos": 2, "tarea1Id": {"$binary": {"base64": "p0gVAGmNqZOriuqWtQVPsw==", "subType": "03"}}, "tarea2Id": {"$binary": {"base64": "p0gRAGmNqZPKg+qWtQVPsw==", ...' with request id 170 to database practica03mongoIvanLoli on connection [connectionId{localValue:34, serverValue:127384}] to server ac-o2suyf6-shard-00-02.7qtbnuz.mongodb.net:27017
23:41:57.106 [async-channel-group-0-handler-executor] DEBUG org.mongodb.driver.protocol.command - Execution of command with request id 170 completed successfully in 41.60 ms on connection [connectionId{localValue:34, serverValue:127384}] to server ac-o2suyf6-shard-00-02.7qtbnuz.mongodb.net:27017
23:41:57.111 [DefaultDispatcher-worker-8 @coroutine#1092] DEBUG koin.repositories.turno.TurnoRepository - save(Turno(id=63dc3c341b23f96d9c839940, uuid=93a98d69-0019-48a7-b34f-05b596ea8abc, workerId=93a98d69-0007-48a7-b34f-05b596ea839c, maquinaId=93a98d69-0008-48a7-b34f-05b596ea83bb, horaInicio=2002-10-14T10:09, horaFin=2002-10-14T16:49, numPedidosActivos=2, tarea1Id=93a98d69-0015-48a7-b34f-05b596ea8aab, tarea2Id=93a98d69-0011-48a7-b34f-05b596ea83ca, finalizado=false))
23:41:57.113 [AsyncGetter-5-thread-1] DEBUG org.mongodb.driver.protocol.command - Sending command '{"update": "turno", "ordered": true, "txnNumber": 57, "$db": "practica03mongoIvanLoli", "$clusterTime": {"clusterTime": {"$timestamp": {"t": 1675377716, "i": 13}}, "signature": {"hash": {"$binary": {"base64": "W8VdB4LIfLn6mgtO2wksoPw/NQs=", "subType": "00"}}, "keyId": 7161871216054108163}}, "lsid": {"id": {"$binary": {"base64": "nuXtmKpPQPG6K0CQKaFtYQ==", "subType": "04"}}}, "updates": [{"q": {"_id": {"$oid": "63dc3c341b23f96d9c839940"}}, "u": {"_id": {"$oid": "63dc3c341b23f96d9c839940"}, "uuid": {"$binary": {"base64": "p0gZAGmNqZO8iuqWtQVPsw==", "subType": "03"}}, "workerId": {"$binary": {"base64": "p0gHAGmNqZOcg+qWtQVPsw==", "subType": "03"}}, "maquinaId": {"$binary": {"base64": "p0gIAGmNqZO7g+qWtQVPsw==", "subType": "03"}}, "horaInicio": {"$date": "2002-10-14T10:09:00Z"}, "horaFin": {"$date": "2002-10-14T16:49:00Z"}, "numPedidosActivos": 2, "tarea1Id": {"$binary": {"base64": "p0gVAGmNqZOriuqWtQVPsw==", "subType": "03"}}, "tarea2Id": {"$binary": {"base64": "p0gRAGmNqZPKg+qWtQVPsw==", ...' with request id 171 to database practica03mongoIvanLoli on connection [connectionId{localValue:34, serverValue:127384}] to server ac-o2suyf6-shard-00-02.7qtbnuz.mongodb.net:27017
23:41:57.155 [async-channel-group-0-handler-executor] DEBUG org.mongodb.driver.protocol.command - Execution of command with request id 171 completed successfully in 42.45 ms on connection [connectionId{localValue:34, serverValue:127384}] to server ac-o2suyf6-shard-00-02.7qtbnuz.mongodb.net:27017
23:41:57.161 [AsyncGetter-5-thread-1] DEBUG org.mongodb.driver.protocol.command - Sending command '{"update": "turno", "ordered": true, "txnNumber": 58, "$db": "practica03mongoIvanLoli", "$clusterTime": {"clusterTime": {"$timestamp": {"t": 1675377716, "i": 13}}, "signature": {"hash": {"$binary": {"base64": "W8VdB4LIfLn6mgtO2wksoPw/NQs=", "subType": "00"}}, "keyId": 7161871216054108163}}, "lsid": {"id": {"$binary": {"base64": "nuXtmKpPQPG6K0CQKaFtYQ==", "subType": "04"}}}, "updates": [{"q": {"_id": {"$oid": "63dc3c341b23f96d9c839940"}}, "u": {"_id": {"$oid": "63dc3c341b23f96d9c839940"}, "uuid": {"$binary": {"base64": "p0gZAGmNqZO8iuqWtQVPsw==", "subType": "03"}}, "workerId": {"$binary": {"base64": "p0gHAGmNqZOcg+qWtQVPsw==", "subType": "03"}}, "maquinaId": {"$binary": {"base64": "p0gIAGmNqZO7g+qWtQVPsw==", "subType": "03"}}, "horaInicio": {"$date": "2002-10-14T10:09:00Z"}, "horaFin": {"$date": "2002-10-14T16:49:00Z"}, "numPedidosActivos": 2, "tarea1Id": {"$binary": {"base64": "p0gVAGmNqZOriuqWtQVPsw==", "subType": "03"}}, "tarea2Id": {"$binary": {"base64": "p0gRAGmNqZPKg+qWtQVPsw==", ...' with request id 172 to database practica03mongoIvanLoli on connection [connectionId{localValue:34, serverValue:127384}] to server ac-o2suyf6-shard-00-02.7qtbnuz.mongodb.net:27017
23:41:57.208 [async-channel-group-0-handler-executor] DEBUG org.mongodb.driver.protocol.command - Execution of command with request id 172 completed successfully in 47.20 ms on connection [connectionId{localValue:34, serverValue:127384}] to server ac-o2suyf6-shard-00-02.7qtbnuz.mongodb.net:27017
23:41:57.212 [DefaultDispatcher-worker-8 @coroutine#1097] DEBUG koin.repositories.turno.TurnoRepository - findById(63dc3c351b23f96d9c839941)
23:41:57.213 [AsyncGetter-5-thread-1] DEBUG org.mongodb.driver.protocol.command - Sending command '{"find": "turno", "filter": {"_id": {"$oid": "63dc3c351b23f96d9c839941"}}, "limit": 1, "singleBatch": true, "$db": "practica03mongoIvanLoli", "$clusterTime": {"clusterTime": {"$timestamp": {"t": 1675377717, "i": 1}}, "signature": {"hash": {"$binary": {"base64": "PMJGeQaUCwsPiutgzxiE58+RGDA=", "subType": "00"}}, "keyId": 7161871216054108163}}, "lsid": {"id": {"$binary": {"base64": "nuXtmKpPQPG6K0CQKaFtYQ==", "subType": "04"}}}}' with request id 173 to database practica03mongoIvanLoli on connection [connectionId{localValue:34, serverValue:127384}] to server ac-o2suyf6-shard-00-02.7qtbnuz.mongodb.net:27017
23:41:57.254 [async-channel-group-0-handler-executor] DEBUG org.mongodb.driver.protocol.command - Execution of command with request id 173 completed successfully in 41.05 ms on connection [connectionId{localValue:34, serverValue:127384}] to server ac-o2suyf6-shard-00-02.7qtbnuz.mongodb.net:27017
23:41:57.254 [async-channel-group-0-handler-executor] DEBUG org.mongodb.driver.operation - Received batch of 0 documents with cursorId 0 from server ac-o2suyf6-shard-00-02.7qtbnuz.mongodb.net:27017
23:41:57.257 [AsyncGetter-5-thread-1] DEBUG org.mongodb.driver.protocol.command - Sending command '{"update": "turno", "ordered": true, "txnNumber": 59, "$db": "practica03mongoIvanLoli", "$clusterTime": {"clusterTime": {"$timestamp": {"t": 1675377717, "i": 1}}, "signature": {"hash": {"$binary": {"base64": "PMJGeQaUCwsPiutgzxiE58+RGDA=", "subType": "00"}}, "keyId": 7161871216054108163}}, "lsid": {"id": {"$binary": {"base64": "nuXtmKpPQPG6K0CQKaFtYQ==", "subType": "04"}}}, "updates": [{"q": {"_id": {"$oid": "63dc3c341b23f96d9c839940"}}, "u": {"_id": {"$oid": "63dc3c341b23f96d9c839940"}, "uuid": {"$binary": {"base64": "p0gZAGmNqZO8iuqWtQVPsw==", "subType": "03"}}, "workerId": {"$binary": {"base64": "p0gHAGmNqZOcg+qWtQVPsw==", "subType": "03"}}, "maquinaId": {"$binary": {"base64": "p0gIAGmNqZO7g+qWtQVPsw==", "subType": "03"}}, "horaInicio": {"$date": "2002-10-14T10:09:00Z"}, "horaFin": {"$date": "2002-10-14T16:49:00Z"}, "numPedidosActivos": 2, "tarea1Id": {"$binary": {"base64": "p0gVAGmNqZOriuqWtQVPsw==", "subType": "03"}}, "tarea2Id": {"$binary": {"base64": "p0gRAGmNqZPKg+qWtQVPsw==",  ...' with request id 174 to database practica03mongoIvanLoli on connection [connectionId{localValue:34, serverValue:127384}] to server ac-o2suyf6-shard-00-02.7qtbnuz.mongodb.net:27017
23:41:57.299 [async-channel-group-0-handler-executor] DEBUG org.mongodb.driver.protocol.command - Execution of command with request id 174 completed successfully in 42.01 ms on connection [connectionId{localValue:34, serverValue:127384}] to server ac-o2suyf6-shard-00-02.7qtbnuz.mongodb.net:27017
23:41:57.303 [DefaultDispatcher-worker-8 @coroutine#1102] DEBUG koin.repositories.turno.TurnoRepository - delete(63dc3c351b23f96d9c839942)
23:41:57.305 [AsyncGetter-5-thread-1] DEBUG org.mongodb.driver.protocol.command - Sending command '{"find": "turno", "filter": {"_id": {"$oid": "63dc3c351b23f96d9c839942"}}, "limit": 1, "singleBatch": true, "$db": "practica03mongoIvanLoli", "$clusterTime": {"clusterTime": {"$timestamp": {"t": 1675377717, "i": 2}}, "signature": {"hash": {"$binary": {"base64": "PMJGeQaUCwsPiutgzxiE58+RGDA=", "subType": "00"}}, "keyId": 7161871216054108163}}, "lsid": {"id": {"$binary": {"base64": "nuXtmKpPQPG6K0CQKaFtYQ==", "subType": "04"}}}}' with request id 175 to database practica03mongoIvanLoli on connection [connectionId{localValue:34, serverValue:127384}] to server ac-o2suyf6-shard-00-02.7qtbnuz.mongodb.net:27017
23:41:57.346 [async-channel-group-0-handler-executor] DEBUG org.mongodb.driver.protocol.command - Execution of command with request id 175 completed successfully in 41.90 ms on connection [connectionId{localValue:34, serverValue:127384}] to server ac-o2suyf6-shard-00-02.7qtbnuz.mongodb.net:27017
23:41:57.346 [async-channel-group-0-handler-executor] DEBUG org.mongodb.driver.operation - Received batch of 0 documents with cursorId 0 from server ac-o2suyf6-shard-00-02.7qtbnuz.mongodb.net:27017
23:41:57.348 [AsyncGetter-5-thread-1] DEBUG org.mongodb.driver.protocol.command - Sending command '{"delete": "turno", "ordered": true, "txnNumber": 60, "$db": "practica03mongoIvanLoli", "$clusterTime": {"clusterTime": {"$timestamp": {"t": 1675377717, "i": 2}}, "signature": {"hash": {"$binary": {"base64": "PMJGeQaUCwsPiutgzxiE58+RGDA=", "subType": "00"}}, "keyId": 7161871216054108163}}, "lsid": {"id": {"$binary": {"base64": "nuXtmKpPQPG6K0CQKaFtYQ==", "subType": "04"}}}, "deletes": [{"q": {"_id": {"$oid": "63dc3c351b23f96d9c839942"}}, "limit": 1}]}' with request id 176 to database practica03mongoIvanLoli on connection [connectionId{localValue:34, serverValue:127384}] to server ac-o2suyf6-shard-00-02.7qtbnuz.mongodb.net:27017
23:41:57.390 [async-channel-group-0-handler-executor] DEBUG org.mongodb.driver.protocol.command - Execution of command with request id 176 completed successfully in 42.42 ms on connection [connectionId{localValue:34, serverValue:127384}] to server ac-o2suyf6-shard-00-02.7qtbnuz.mongodb.net:27017
23:41:57.393 [AsyncGetter-5-thread-1] DEBUG org.mongodb.driver.protocol.command - Sending command '{"drop": "turno", "$db": "practica03mongoIvanLoli", "$clusterTime": {"clusterTime": {"$timestamp": {"t": 1675377717, "i": 2}}, "signature": {"hash": {"$binary": {"base64": "PMJGeQaUCwsPiutgzxiE58+RGDA=", "subType": "00"}}, "keyId": 7161871216054108163}}, "lsid": {"id": {"$binary": {"base64": "nuXtmKpPQPG6K0CQKaFtYQ==", "subType": "04"}}}}' with request id 177 to database practica03mongoIvanLoli on connection [connectionId{localValue:34, serverValue:127384}] to server ac-o2suyf6-shard-00-02.7qtbnuz.mongodb.net:27017
23:41:57.448 [async-channel-group-0-handler-executor] DEBUG org.mongodb.driver.protocol.command - Execution of command with request id 177 completed successfully in 54.91 ms on connection [connectionId{localValue:34, serverValue:127384}] to server ac-o2suyf6-shard-00-02.7qtbnuz.mongodb.net:27017
]]></system-out>
  <system-err><![CDATA[]]></system-err>
</testsuite>
