<?xml version="1.0" encoding="UTF-8"?>
<testsuite name="koin.repositories.maquina.MaquinaRepositoryTest" tests="8" skipped="0" failures="0" errors="0" timestamp="2023-02-10T19:47:39" hostname="LOLI-LAPTOP" time="1.254">
  <properties/>
  <testcase name="delete()" classname="koin.repositories.maquina.MaquinaRepositoryTest" time="0.384"/>
  <testcase name="findAll()" classname="koin.repositories.maquina.MaquinaRepositoryTest" time="0.169"/>
  <testcase name="findById()" classname="koin.repositories.maquina.MaquinaRepositoryTest" time="0.108"/>
  <testcase name="findByUuid()" classname="koin.repositories.maquina.MaquinaRepositoryTest" time="0.099"/>
  <testcase name="save()" classname="koin.repositories.maquina.MaquinaRepositoryTest" time="0.103"/>
  <testcase name="findByIdNotExists()" classname="koin.repositories.maquina.MaquinaRepositoryTest" time="0.096"/>
  <testcase name="deleteNotExists()" classname="koin.repositories.maquina.MaquinaRepositoryTest" time="0.143"/>
  <testcase name="setInactive()" classname="koin.repositories.maquina.MaquinaRepositoryTest" time="0.151"/>
  <system-out><![CDATA[20:47:39.398 [async-channel-group-0-handler-executor] INFO org.mongodb.driver.connection - Opened connection [connectionId{localValue:11, serverValue:268597}] to ac-o2suyf6-shard-00-02.7qtbnuz.mongodb.net:27017
20:47:39.402 [async-channel-group-0-handler-executor] DEBUG org.mongodb.driver.protocol.command - Sending command '{"drop": "maquina", "$db": "practica03mongoIvanLoli", "$clusterTime": {"clusterTime": {"$timestamp": {"t": 1676058452, "i": 1}}, "signature": {"hash": {"$binary": {"base64": "RibgOvikeDbZYJ5MDedSA+kGr8E=", "subType": "00"}}, "keyId": 7161871216054108163}}, "lsid": {"id": {"$binary": {"base64": "sH556KejSCSwUATTPzPu5w==", "subType": "04"}}}}' with request id 64 to database practica03mongoIvanLoli on connection [connectionId{localValue:11, serverValue:268597}] to server ac-o2suyf6-shard-00-02.7qtbnuz.mongodb.net:27017
20:47:39.458 [async-channel-group-0-handler-executor] DEBUG org.mongodb.driver.protocol.command - Execution of command with request id 64 completed successfully in 55.08 ms on connection [connectionId{localValue:11, serverValue:268597}] to server ac-o2suyf6-shard-00-02.7qtbnuz.mongodb.net:27017
20:47:39.642 [AsyncGetter-5-thread-1] DEBUG org.mongodb.driver.protocol.command - Sending command '{"update": "maquina", "ordered": true, "txnNumber": 1, "$db": "practica03mongoIvanLoli", "$clusterTime": {"clusterTime": {"$timestamp": {"t": 1676058455, "i": 5}}, "signature": {"hash": {"$binary": {"base64": "oIeb0BaMSiFJH/VgzS/akgt7ymk=", "subType": "00"}}, "keyId": 7161871216054108163}}, "lsid": {"id": {"$binary": {"base64": "sH556KejSCSwUATTPzPu5w==", "subType": "04"}}}, "updates": [{"q": {"_id": {"$oid": "63e69f5b3d878c607c73707e"}}, "u": {"_id": {"$oid": "63e69f5b3d878c607c73707e"}, "uuid": {"$binary": {"base64": "p0imbWmNqZO8g+qWtQVPsw==", "subType": "03"}}, "modelo": "RTX-3080TI", "marca": "Nvidia", "fechaAdquisicion": {"$date": "2022-11-10T00:00:00Z"}, "numeroSerie": "123456789X", "tipo": "PERSONALIZADORA", "activa": true, "isManual": null, "maxTension": null, "minTension": null, "measuresManeuverability": true, "measuresRigidity": false, "measuresBalance": true}, "upsert": true}]}' with request id 65 to database practica03mongoIvanLoli on connection [connectionId{localValue:11, serverValue:268597}] to server ac-o2suyf6-shard-00-02.7qtbnuz.mongodb.net:27017
20:47:39.729 [async-channel-group-0-handler-executor] DEBUG org.mongodb.driver.protocol.command - Execution of command with request id 65 completed successfully in 90.16 ms on connection [connectionId{localValue:11, serverValue:268597}] to server ac-o2suyf6-shard-00-02.7qtbnuz.mongodb.net:27017
20:47:39.740 [DefaultDispatcher-worker-2 @coroutine#664] DEBUG koin.repositories.maquina.MaquinaRepository - delete(63e69f5b3d878c607c73707e)
20:47:39.742 [AsyncGetter-5-thread-1] DEBUG org.mongodb.driver.protocol.command - Sending command '{"find": "maquina", "filter": {"_id": {"$oid": "63e69f5b3d878c607c73707e"}}, "limit": 1, "singleBatch": true, "$db": "practica03mongoIvanLoli", "$clusterTime": {"clusterTime": {"$timestamp": {"t": 1676058456, "i": 3}}, "signature": {"hash": {"$binary": {"base64": "HPm9o5fhg0Ds9MLu3eV2QBYJrHA=", "subType": "00"}}, "keyId": 7161871216054108163}}, "lsid": {"id": {"$binary": {"base64": "sH556KejSCSwUATTPzPu5w==", "subType": "04"}}}}' with request id 66 to database practica03mongoIvanLoli on connection [connectionId{localValue:11, serverValue:268597}] to server ac-o2suyf6-shard-00-02.7qtbnuz.mongodb.net:27017
20:47:39.785 [async-channel-group-0-handler-executor] DEBUG org.mongodb.driver.protocol.command - Execution of command with request id 66 completed successfully in 43.39 ms on connection [connectionId{localValue:11, serverValue:268597}] to server ac-o2suyf6-shard-00-02.7qtbnuz.mongodb.net:27017
20:47:39.785 [async-channel-group-0-handler-executor] DEBUG org.mongodb.driver.operation - Received batch of 1 documents with cursorId 0 from server ac-o2suyf6-shard-00-02.7qtbnuz.mongodb.net:27017
20:47:39.790 [AsyncGetter-5-thread-1] DEBUG org.mongodb.driver.protocol.command - Sending command '{"delete": "maquina", "ordered": true, "txnNumber": 2, "$db": "practica03mongoIvanLoli", "$clusterTime": {"clusterTime": {"$timestamp": {"t": 1676058456, "i": 3}}, "signature": {"hash": {"$binary": {"base64": "HPm9o5fhg0Ds9MLu3eV2QBYJrHA=", "subType": "00"}}, "keyId": 7161871216054108163}}, "lsid": {"id": {"$binary": {"base64": "sH556KejSCSwUATTPzPu5w==", "subType": "04"}}}, "deletes": [{"q": {"_id": {"$oid": "63e69f5b3d878c607c73707e"}}, "limit": 1}]}' with request id 67 to database practica03mongoIvanLoli on connection [connectionId{localValue:11, serverValue:268597}] to server ac-o2suyf6-shard-00-02.7qtbnuz.mongodb.net:27017
20:47:39.838 [async-channel-group-0-handler-executor] DEBUG org.mongodb.driver.protocol.command - Execution of command with request id 67 completed successfully in 48.72 ms on connection [connectionId{localValue:11, serverValue:268597}] to server ac-o2suyf6-shard-00-02.7qtbnuz.mongodb.net:27017
20:47:39.855 [AsyncGetter-5-thread-1] DEBUG org.mongodb.driver.protocol.command - Sending command '{"update": "maquina", "ordered": true, "txnNumber": 3, "$db": "practica03mongoIvanLoli", "$clusterTime": {"clusterTime": {"$timestamp": {"t": 1676058456, "i": 4}}, "signature": {"hash": {"$binary": {"base64": "HPm9o5fhg0Ds9MLu3eV2QBYJrHA=", "subType": "00"}}, "keyId": 7161871216054108163}}, "lsid": {"id": {"$binary": {"base64": "sH556KejSCSwUATTPzPu5w==", "subType": "04"}}}, "updates": [{"q": {"_id": {"$oid": "63e69f5b3d878c607c73707e"}}, "u": {"_id": {"$oid": "63e69f5b3d878c607c73707e"}, "uuid": {"$binary": {"base64": "p0imbWmNqZO8g+qWtQVPsw==", "subType": "03"}}, "modelo": "RTX-3080TI", "marca": "Nvidia", "fechaAdquisicion": {"$date": "2022-11-10T00:00:00Z"}, "numeroSerie": "123456789X", "tipo": "PERSONALIZADORA", "activa": true, "isManual": null, "maxTension": null, "minTension": null, "measuresManeuverability": true, "measuresRigidity": false, "measuresBalance": true}, "upsert": true}]}' with request id 68 to database practica03mongoIvanLoli on connection [connectionId{localValue:11, serverValue:268597}] to server ac-o2suyf6-shard-00-02.7qtbnuz.mongodb.net:27017
20:47:39.914 [async-channel-group-0-handler-executor] DEBUG org.mongodb.driver.protocol.command - Execution of command with request id 68 completed successfully in 61.03 ms on connection [connectionId{localValue:11, serverValue:268597}] to server ac-o2suyf6-shard-00-02.7qtbnuz.mongodb.net:27017
20:47:39.933 [DefaultDispatcher-worker-2 @coroutine#669] DEBUG koin.repositories.maquina.MaquinaRepository - findAll()
20:47:39.936 [AsyncGetter-5-thread-1] DEBUG org.mongodb.driver.protocol.command - Sending command '{"find": "maquina", "filter": {}, "batchSize": 64, "$db": "practica03mongoIvanLoli", "$clusterTime": {"clusterTime": {"$timestamp": {"t": 1676058456, "i": 7}}, "signature": {"hash": {"$binary": {"base64": "HPm9o5fhg0Ds9MLu3eV2QBYJrHA=", "subType": "00"}}, "keyId": 7161871216054108163}}, "lsid": {"id": {"$binary": {"base64": "sH556KejSCSwUATTPzPu5w==", "subType": "04"}}}}' with request id 69 to database practica03mongoIvanLoli on connection [connectionId{localValue:11, serverValue:268597}] to server ac-o2suyf6-shard-00-02.7qtbnuz.mongodb.net:27017
20:47:39.995 [async-channel-group-0-handler-executor] DEBUG org.mongodb.driver.protocol.command - Execution of command with request id 69 completed successfully in 58.75 ms on connection [connectionId{localValue:11, serverValue:268597}] to server ac-o2suyf6-shard-00-02.7qtbnuz.mongodb.net:27017
20:47:40.001 [async-channel-group-0-handler-executor] DEBUG org.mongodb.driver.operation - Received batch of 1 documents with cursorId 0 from server ac-o2suyf6-shard-00-02.7qtbnuz.mongodb.net:27017
20:47:40.015 [AsyncGetter-5-thread-1] DEBUG org.mongodb.driver.protocol.command - Sending command '{"update": "maquina", "ordered": true, "txnNumber": 4, "$db": "practica03mongoIvanLoli", "$clusterTime": {"clusterTime": {"$timestamp": {"t": 1676058456, "i": 7}}, "signature": {"hash": {"$binary": {"base64": "HPm9o5fhg0Ds9MLu3eV2QBYJrHA=", "subType": "00"}}, "keyId": 7161871216054108163}}, "lsid": {"id": {"$binary": {"base64": "sH556KejSCSwUATTPzPu5w==", "subType": "04"}}}, "updates": [{"q": {"_id": {"$oid": "63e69f5b3d878c607c73707e"}}, "u": {"_id": {"$oid": "63e69f5b3d878c607c73707e"}, "uuid": {"$binary": {"base64": "p0imbWmNqZO8g+qWtQVPsw==", "subType": "03"}}, "modelo": "RTX-3080TI", "marca": "Nvidia", "fechaAdquisicion": {"$date": "2022-11-10T00:00:00Z"}, "numeroSerie": "123456789X", "tipo": "PERSONALIZADORA", "activa": true, "isManual": null, "maxTension": null, "minTension": null, "measuresManeuverability": true, "measuresRigidity": false, "measuresBalance": true}, "upsert": true}]}' with request id 70 to database practica03mongoIvanLoli on connection [connectionId{localValue:11, serverValue:268597}] to server ac-o2suyf6-shard-00-02.7qtbnuz.mongodb.net:27017
20:47:40.060 [async-channel-group-0-handler-executor] DEBUG org.mongodb.driver.protocol.command - Execution of command with request id 70 completed successfully in 45.61 ms on connection [connectionId{localValue:11, serverValue:268597}] to server ac-o2suyf6-shard-00-02.7qtbnuz.mongodb.net:27017
20:47:40.071 [DefaultDispatcher-worker-2 @coroutine#675] DEBUG koin.repositories.maquina.MaquinaRepository - findById(63e69f5b3d878c607c73707e)
20:47:40.073 [AsyncGetter-5-thread-1] DEBUG org.mongodb.driver.protocol.command - Sending command '{"find": "maquina", "filter": {"_id": {"$oid": "63e69f5b3d878c607c73707e"}}, "limit": 1, "singleBatch": true, "$db": "practica03mongoIvanLoli", "$clusterTime": {"clusterTime": {"$timestamp": {"t": 1676058456, "i": 7}}, "signature": {"hash": {"$binary": {"base64": "HPm9o5fhg0Ds9MLu3eV2QBYJrHA=", "subType": "00"}}, "keyId": 7161871216054108163}}, "lsid": {"id": {"$binary": {"base64": "sH556KejSCSwUATTPzPu5w==", "subType": "04"}}}}' with request id 71 to database practica03mongoIvanLoli on connection [connectionId{localValue:11, serverValue:268597}] to server ac-o2suyf6-shard-00-02.7qtbnuz.mongodb.net:27017
20:47:40.118 [async-channel-group-0-handler-executor] DEBUG org.mongodb.driver.protocol.command - Execution of command with request id 71 completed successfully in 45.07 ms on connection [connectionId{localValue:11, serverValue:268597}] to server ac-o2suyf6-shard-00-02.7qtbnuz.mongodb.net:27017
20:47:40.119 [async-channel-group-0-handler-executor] DEBUG org.mongodb.driver.operation - Received batch of 1 documents with cursorId 0 from server ac-o2suyf6-shard-00-02.7qtbnuz.mongodb.net:27017
20:47:40.123 [AsyncGetter-5-thread-1] DEBUG org.mongodb.driver.protocol.command - Sending command '{"update": "maquina", "ordered": true, "txnNumber": 5, "$db": "practica03mongoIvanLoli", "$clusterTime": {"clusterTime": {"$timestamp": {"t": 1676058456, "i": 10}}, "signature": {"hash": {"$binary": {"base64": "HPm9o5fhg0Ds9MLu3eV2QBYJrHA=", "subType": "00"}}, "keyId": 7161871216054108163}}, "lsid": {"id": {"$binary": {"base64": "sH556KejSCSwUATTPzPu5w==", "subType": "04"}}}, "updates": [{"q": {"_id": {"$oid": "63e69f5b3d878c607c73707e"}}, "u": {"_id": {"$oid": "63e69f5b3d878c607c73707e"}, "uuid": {"$binary": {"base64": "p0imbWmNqZO8g+qWtQVPsw==", "subType": "03"}}, "modelo": "RTX-3080TI", "marca": "Nvidia", "fechaAdquisicion": {"$date": "2022-11-10T00:00:00Z"}, "numeroSerie": "123456789X", "tipo": "PERSONALIZADORA", "activa": true, "isManual": null, "maxTension": null, "minTension": null, "measuresManeuverability": true, "measuresRigidity": false, "measuresBalance": true}, "upsert": true}]}' with request id 72 to database practica03mongoIvanLoli on connection [connectionId{localValue:11, serverValue:268597}] to server ac-o2suyf6-shard-00-02.7qtbnuz.mongodb.net:27017
20:47:40.167 [async-channel-group-0-handler-executor] DEBUG org.mongodb.driver.protocol.command - Execution of command with request id 72 completed successfully in 43.38 ms on connection [connectionId{localValue:11, serverValue:268597}] to server ac-o2suyf6-shard-00-02.7qtbnuz.mongodb.net:27017
20:47:40.171 [DefaultDispatcher-worker-1 @coroutine#680] DEBUG koin.repositories.maquina.MaquinaRepository - findByUUID(93a98d69-6da6-48a7-b34f-05b596ea83bc)
20:47:40.172 [AsyncGetter-5-thread-1] DEBUG org.mongodb.driver.protocol.command - Sending command '{"find": "maquina", "filter": {}, "batchSize": 64, "$db": "practica03mongoIvanLoli", "$clusterTime": {"clusterTime": {"$timestamp": {"t": 1676058456, "i": 10}}, "signature": {"hash": {"$binary": {"base64": "HPm9o5fhg0Ds9MLu3eV2QBYJrHA=", "subType": "00"}}, "keyId": 7161871216054108163}}, "lsid": {"id": {"$binary": {"base64": "sH556KejSCSwUATTPzPu5w==", "subType": "04"}}}}' with request id 73 to database practica03mongoIvanLoli on connection [connectionId{localValue:11, serverValue:268597}] to server ac-o2suyf6-shard-00-02.7qtbnuz.mongodb.net:27017
20:47:40.214 [async-channel-group-0-handler-executor] DEBUG org.mongodb.driver.protocol.command - Execution of command with request id 73 completed successfully in 42.55 ms on connection [connectionId{localValue:11, serverValue:268597}] to server ac-o2suyf6-shard-00-02.7qtbnuz.mongodb.net:27017
20:47:40.214 [async-channel-group-0-handler-executor] DEBUG org.mongodb.driver.operation - Received batch of 1 documents with cursorId 0 from server ac-o2suyf6-shard-00-02.7qtbnuz.mongodb.net:27017
20:47:40.222 [AsyncGetter-5-thread-1] DEBUG org.mongodb.driver.protocol.command - Sending command '{"update": "maquina", "ordered": true, "txnNumber": 6, "$db": "practica03mongoIvanLoli", "$clusterTime": {"clusterTime": {"$timestamp": {"t": 1676058456, "i": 10}}, "signature": {"hash": {"$binary": {"base64": "HPm9o5fhg0Ds9MLu3eV2QBYJrHA=", "subType": "00"}}, "keyId": 7161871216054108163}}, "lsid": {"id": {"$binary": {"base64": "sH556KejSCSwUATTPzPu5w==", "subType": "04"}}}, "updates": [{"q": {"_id": {"$oid": "63e69f5b3d878c607c73707e"}}, "u": {"_id": {"$oid": "63e69f5b3d878c607c73707e"}, "uuid": {"$binary": {"base64": "p0imbWmNqZO8g+qWtQVPsw==", "subType": "03"}}, "modelo": "RTX-3080TI", "marca": "Nvidia", "fechaAdquisicion": {"$date": "2022-11-10T00:00:00Z"}, "numeroSerie": "123456789X", "tipo": "PERSONALIZADORA", "activa": true, "isManual": null, "maxTension": null, "minTension": null, "measuresManeuverability": true, "measuresRigidity": false, "measuresBalance": true}, "upsert": true}]}' with request id 74 to database practica03mongoIvanLoli on connection [connectionId{localValue:11, serverValue:268597}] to server ac-o2suyf6-shard-00-02.7qtbnuz.mongodb.net:27017
20:47:40.267 [async-channel-group-0-handler-executor] DEBUG org.mongodb.driver.protocol.command - Execution of command with request id 74 completed successfully in 44.66 ms on connection [connectionId{localValue:11, serverValue:268597}] to server ac-o2suyf6-shard-00-02.7qtbnuz.mongodb.net:27017
20:47:40.274 [DefaultDispatcher-worker-1 @coroutine#685] DEBUG koin.repositories.maquina.MaquinaRepository - save(Maquina(id=63e69f5b3d878c607c73707e, uuid=93a98d69-6da6-48a7-b34f-05b596ea83bc, modelo=RTX-3080TI, marca=Nvidia, fechaAdquisicion=2022-11-10, numeroSerie=123456789X, tipo=PERSONALIZADORA, activa=true, isManual=null, maxTension=null, minTension=null, measuresManeuverability=true, measuresRigidity=false, measuresBalance=true))
20:47:40.276 [AsyncGetter-5-thread-1] DEBUG org.mongodb.driver.protocol.command - Sending command '{"update": "maquina", "ordered": true, "txnNumber": 7, "$db": "practica03mongoIvanLoli", "$clusterTime": {"clusterTime": {"$timestamp": {"t": 1676058456, "i": 10}}, "signature": {"hash": {"$binary": {"base64": "HPm9o5fhg0Ds9MLu3eV2QBYJrHA=", "subType": "00"}}, "keyId": 7161871216054108163}}, "lsid": {"id": {"$binary": {"base64": "sH556KejSCSwUATTPzPu5w==", "subType": "04"}}}, "updates": [{"q": {"_id": {"$oid": "63e69f5b3d878c607c73707e"}}, "u": {"_id": {"$oid": "63e69f5b3d878c607c73707e"}, "uuid": {"$binary": {"base64": "p0imbWmNqZO8g+qWtQVPsw==", "subType": "03"}}, "modelo": "RTX-3080TI", "marca": "Nvidia", "fechaAdquisicion": {"$date": "2022-11-10T00:00:00Z"}, "numeroSerie": "123456789X", "tipo": "PERSONALIZADORA", "activa": true, "isManual": null, "maxTension": null, "minTension": null, "measuresManeuverability": true, "measuresRigidity": false, "measuresBalance": true}, "upsert": true}]}' with request id 75 to database practica03mongoIvanLoli on connection [connectionId{localValue:11, serverValue:268597}] to server ac-o2suyf6-shard-00-02.7qtbnuz.mongodb.net:27017
20:47:40.320 [async-channel-group-0-handler-executor] DEBUG org.mongodb.driver.protocol.command - Execution of command with request id 75 completed successfully in 44.56 ms on connection [connectionId{localValue:11, serverValue:268597}] to server ac-o2suyf6-shard-00-02.7qtbnuz.mongodb.net:27017
20:47:40.324 [AsyncGetter-5-thread-1] DEBUG org.mongodb.driver.protocol.command - Sending command '{"update": "maquina", "ordered": true, "txnNumber": 8, "$db": "practica03mongoIvanLoli", "$clusterTime": {"clusterTime": {"$timestamp": {"t": 1676058456, "i": 11}}, "signature": {"hash": {"$binary": {"base64": "HPm9o5fhg0Ds9MLu3eV2QBYJrHA=", "subType": "00"}}, "keyId": 7161871216054108163}}, "lsid": {"id": {"$binary": {"base64": "sH556KejSCSwUATTPzPu5w==", "subType": "04"}}}, "updates": [{"q": {"_id": {"$oid": "63e69f5b3d878c607c73707e"}}, "u": {"_id": {"$oid": "63e69f5b3d878c607c73707e"}, "uuid": {"$binary": {"base64": "p0imbWmNqZO8g+qWtQVPsw==", "subType": "03"}}, "modelo": "RTX-3080TI", "marca": "Nvidia", "fechaAdquisicion": {"$date": "2022-11-10T00:00:00Z"}, "numeroSerie": "123456789X", "tipo": "PERSONALIZADORA", "activa": true, "isManual": null, "maxTension": null, "minTension": null, "measuresManeuverability": true, "measuresRigidity": false, "measuresBalance": true}, "upsert": true}]}' with request id 76 to database practica03mongoIvanLoli on connection [connectionId{localValue:11, serverValue:268597}] to server ac-o2suyf6-shard-00-02.7qtbnuz.mongodb.net:27017
20:47:40.370 [async-channel-group-0-handler-executor] DEBUG org.mongodb.driver.protocol.command - Execution of command with request id 76 completed successfully in 45.67 ms on connection [connectionId{localValue:11, serverValue:268597}] to server ac-o2suyf6-shard-00-02.7qtbnuz.mongodb.net:27017
20:47:40.374 [DefaultDispatcher-worker-1 @coroutine#690] DEBUG koin.repositories.maquina.MaquinaRepository - findById(63e69f5c3d878c607c73707f)
20:47:40.375 [AsyncGetter-5-thread-1] DEBUG org.mongodb.driver.protocol.command - Sending command '{"find": "maquina", "filter": {"_id": {"$oid": "63e69f5c3d878c607c73707f"}}, "limit": 1, "singleBatch": true, "$db": "practica03mongoIvanLoli", "$clusterTime": {"clusterTime": {"$timestamp": {"t": 1676058456, "i": 11}}, "signature": {"hash": {"$binary": {"base64": "HPm9o5fhg0Ds9MLu3eV2QBYJrHA=", "subType": "00"}}, "keyId": 7161871216054108163}}, "lsid": {"id": {"$binary": {"base64": "sH556KejSCSwUATTPzPu5w==", "subType": "04"}}}}' with request id 77 to database practica03mongoIvanLoli on connection [connectionId{localValue:11, serverValue:268597}] to server ac-o2suyf6-shard-00-02.7qtbnuz.mongodb.net:27017
20:47:40.418 [async-channel-group-0-handler-executor] DEBUG org.mongodb.driver.protocol.command - Execution of command with request id 77 completed successfully in 42.79 ms on connection [connectionId{localValue:11, serverValue:268597}] to server ac-o2suyf6-shard-00-02.7qtbnuz.mongodb.net:27017
20:47:40.418 [async-channel-group-0-handler-executor] DEBUG org.mongodb.driver.operation - Received batch of 0 documents with cursorId 0 from server ac-o2suyf6-shard-00-02.7qtbnuz.mongodb.net:27017
20:47:40.421 [AsyncGetter-5-thread-1] DEBUG org.mongodb.driver.protocol.command - Sending command '{"update": "maquina", "ordered": true, "txnNumber": 9, "$db": "practica03mongoIvanLoli", "$clusterTime": {"clusterTime": {"$timestamp": {"t": 1676058456, "i": 11}}, "signature": {"hash": {"$binary": {"base64": "HPm9o5fhg0Ds9MLu3eV2QBYJrHA=", "subType": "00"}}, "keyId": 7161871216054108163}}, "lsid": {"id": {"$binary": {"base64": "sH556KejSCSwUATTPzPu5w==", "subType": "04"}}}, "updates": [{"q": {"_id": {"$oid": "63e69f5b3d878c607c73707e"}}, "u": {"_id": {"$oid": "63e69f5b3d878c607c73707e"}, "uuid": {"$binary": {"base64": "p0imbWmNqZO8g+qWtQVPsw==", "subType": "03"}}, "modelo": "RTX-3080TI", "marca": "Nvidia", "fechaAdquisicion": {"$date": "2022-11-10T00:00:00Z"}, "numeroSerie": "123456789X", "tipo": "PERSONALIZADORA", "activa": true, "isManual": null, "maxTension": null, "minTension": null, "measuresManeuverability": true, "measuresRigidity": false, "measuresBalance": true}, "upsert": true}]}' with request id 78 to database practica03mongoIvanLoli on connection [connectionId{localValue:11, serverValue:268597}] to server ac-o2suyf6-shard-00-02.7qtbnuz.mongodb.net:27017
20:47:40.465 [async-channel-group-0-handler-executor] DEBUG org.mongodb.driver.protocol.command - Execution of command with request id 78 completed successfully in 43.20 ms on connection [connectionId{localValue:11, serverValue:268597}] to server ac-o2suyf6-shard-00-02.7qtbnuz.mongodb.net:27017
20:47:40.469 [DefaultDispatcher-worker-1 @coroutine#695] DEBUG koin.repositories.maquina.MaquinaRepository - delete(63e69f5c3d878c607c737080)
20:47:40.470 [AsyncGetter-5-thread-1] DEBUG org.mongodb.driver.protocol.command - Sending command '{"find": "maquina", "filter": {"_id": {"$oid": "63e69f5c3d878c607c737080"}}, "limit": 1, "singleBatch": true, "$db": "practica03mongoIvanLoli", "$clusterTime": {"clusterTime": {"$timestamp": {"t": 1676058456, "i": 11}}, "signature": {"hash": {"$binary": {"base64": "HPm9o5fhg0Ds9MLu3eV2QBYJrHA=", "subType": "00"}}, "keyId": 7161871216054108163}}, "lsid": {"id": {"$binary": {"base64": "sH556KejSCSwUATTPzPu5w==", "subType": "04"}}}}' with request id 79 to database practica03mongoIvanLoli on connection [connectionId{localValue:11, serverValue:268597}] to server ac-o2suyf6-shard-00-02.7qtbnuz.mongodb.net:27017
20:47:40.514 [async-channel-group-0-handler-executor] DEBUG org.mongodb.driver.protocol.command - Execution of command with request id 79 completed successfully in 44.32 ms on connection [connectionId{localValue:11, serverValue:268597}] to server ac-o2suyf6-shard-00-02.7qtbnuz.mongodb.net:27017
20:47:40.514 [async-channel-group-0-handler-executor] DEBUG org.mongodb.driver.operation - Received batch of 0 documents with cursorId 0 from server ac-o2suyf6-shard-00-02.7qtbnuz.mongodb.net:27017
20:47:40.517 [AsyncGetter-5-thread-1] DEBUG org.mongodb.driver.protocol.command - Sending command '{"delete": "maquina", "ordered": true, "txnNumber": 10, "$db": "practica03mongoIvanLoli", "$clusterTime": {"clusterTime": {"$timestamp": {"t": 1676058456, "i": 11}}, "signature": {"hash": {"$binary": {"base64": "HPm9o5fhg0Ds9MLu3eV2QBYJrHA=", "subType": "00"}}, "keyId": 7161871216054108163}}, "lsid": {"id": {"$binary": {"base64": "sH556KejSCSwUATTPzPu5w==", "subType": "04"}}}, "deletes": [{"q": {"_id": {"$oid": "63e69f5c3d878c607c737080"}}, "limit": 1}]}' with request id 80 to database practica03mongoIvanLoli on connection [connectionId{localValue:11, serverValue:268597}] to server ac-o2suyf6-shard-00-02.7qtbnuz.mongodb.net:27017
20:47:40.560 [async-channel-group-0-handler-executor] DEBUG org.mongodb.driver.protocol.command - Execution of command with request id 80 completed successfully in 44.50 ms on connection [connectionId{localValue:11, serverValue:268597}] to server ac-o2suyf6-shard-00-02.7qtbnuz.mongodb.net:27017
20:47:40.564 [AsyncGetter-5-thread-1] DEBUG org.mongodb.driver.protocol.command - Sending command '{"update": "maquina", "ordered": true, "txnNumber": 11, "$db": "practica03mongoIvanLoli", "$clusterTime": {"clusterTime": {"$timestamp": {"t": 1676058456, "i": 11}}, "signature": {"hash": {"$binary": {"base64": "HPm9o5fhg0Ds9MLu3eV2QBYJrHA=", "subType": "00"}}, "keyId": 7161871216054108163}}, "lsid": {"id": {"$binary": {"base64": "sH556KejSCSwUATTPzPu5w==", "subType": "04"}}}, "updates": [{"q": {"_id": {"$oid": "63e69f5b3d878c607c73707e"}}, "u": {"_id": {"$oid": "63e69f5b3d878c607c73707e"}, "uuid": {"$binary": {"base64": "p0imbWmNqZO8g+qWtQVPsw==", "subType": "03"}}, "modelo": "RTX-3080TI", "marca": "Nvidia", "fechaAdquisicion": {"$date": "2022-11-10T00:00:00Z"}, "numeroSerie": "123456789X", "tipo": "PERSONALIZADORA", "activa": true, "isManual": null, "maxTension": null, "minTension": null, "measuresManeuverability": true, "measuresRigidity": false, "measuresBalance": true}, "upsert": true}]}' with request id 81 to database practica03mongoIvanLoli on connection [connectionId{localValue:11, serverValue:268597}] to server ac-o2suyf6-shard-00-02.7qtbnuz.mongodb.net:27017
20:47:40.606 [async-channel-group-0-handler-executor] DEBUG org.mongodb.driver.protocol.command - Execution of command with request id 81 completed successfully in 42.67 ms on connection [connectionId{localValue:11, serverValue:268597}] to server ac-o2suyf6-shard-00-02.7qtbnuz.mongodb.net:27017
20:47:40.611 [DefaultDispatcher-worker-1 @coroutine#700] DEBUG koin.repositories.maquina.MaquinaRepository - setInactive(63e69f5b3d878c607c73707e)
20:47:40.612 [AsyncGetter-5-thread-1] DEBUG org.mongodb.driver.protocol.command - Sending command '{"find": "maquina", "filter": {"_id": {"$oid": "63e69f5b3d878c607c73707e"}}, "limit": 1, "singleBatch": true, "$db": "practica03mongoIvanLoli", "$clusterTime": {"clusterTime": {"$timestamp": {"t": 1676058456, "i": 11}}, "signature": {"hash": {"$binary": {"base64": "HPm9o5fhg0Ds9MLu3eV2QBYJrHA=", "subType": "00"}}, "keyId": 7161871216054108163}}, "lsid": {"id": {"$binary": {"base64": "sH556KejSCSwUATTPzPu5w==", "subType": "04"}}}}' with request id 82 to database practica03mongoIvanLoli on connection [connectionId{localValue:11, serverValue:268597}] to server ac-o2suyf6-shard-00-02.7qtbnuz.mongodb.net:27017
20:47:40.656 [async-channel-group-0-handler-executor] DEBUG org.mongodb.driver.protocol.command - Execution of command with request id 82 completed successfully in 43.93 ms on connection [connectionId{localValue:11, serverValue:268597}] to server ac-o2suyf6-shard-00-02.7qtbnuz.mongodb.net:27017
20:47:40.657 [async-channel-group-0-handler-executor] DEBUG org.mongodb.driver.operation - Received batch of 1 documents with cursorId 0 from server ac-o2suyf6-shard-00-02.7qtbnuz.mongodb.net:27017
20:47:40.659 [AsyncGetter-5-thread-1] DEBUG org.mongodb.driver.protocol.command - Sending command '{"update": "maquina", "ordered": true, "txnNumber": 12, "$db": "practica03mongoIvanLoli", "$clusterTime": {"clusterTime": {"$timestamp": {"t": 1676058457, "i": 1}}, "signature": {"hash": {"$binary": {"base64": "5iaSQoPIO9QPFcJ7EN8urKl8pdk=", "subType": "00"}}, "keyId": 7161871216054108163}}, "lsid": {"id": {"$binary": {"base64": "sH556KejSCSwUATTPzPu5w==", "subType": "04"}}}, "updates": [{"q": {"_id": {"$oid": "63e69f5b3d878c607c73707e"}}, "u": {"_id": {"$oid": "63e69f5b3d878c607c73707e"}, "uuid": {"$binary": {"base64": "p0imbWmNqZO8g+qWtQVPsw==", "subType": "03"}}, "modelo": "RTX-3080TI", "marca": "Nvidia", "fechaAdquisicion": {"$date": "2022-11-10T00:00:00Z"}, "numeroSerie": "123456789X", "tipo": "PERSONALIZADORA", "activa": false, "isManual": null, "maxTension": null, "minTension": null, "measuresManeuverability": true, "measuresRigidity": false, "measuresBalance": true}, "upsert": true}]}' with request id 83 to database practica03mongoIvanLoli on connection [connectionId{localValue:11, serverValue:268597}] to server ac-o2suyf6-shard-00-02.7qtbnuz.mongodb.net:27017
20:47:40.708 [async-channel-group-0-handler-executor] DEBUG org.mongodb.driver.protocol.command - Execution of command with request id 83 completed successfully in 49.33 ms on connection [connectionId{localValue:11, serverValue:268597}] to server ac-o2suyf6-shard-00-02.7qtbnuz.mongodb.net:27017
20:47:40.714 [AsyncGetter-5-thread-1] DEBUG org.mongodb.driver.protocol.command - Sending command '{"drop": "maquina", "$db": "practica03mongoIvanLoli", "$clusterTime": {"clusterTime": {"$timestamp": {"t": 1676058457, "i": 2}}, "signature": {"hash": {"$binary": {"base64": "5iaSQoPIO9QPFcJ7EN8urKl8pdk=", "subType": "00"}}, "keyId": 7161871216054108163}}, "lsid": {"id": {"$binary": {"base64": "sH556KejSCSwUATTPzPu5w==", "subType": "04"}}}}' with request id 84 to database practica03mongoIvanLoli on connection [connectionId{localValue:11, serverValue:268597}] to server ac-o2suyf6-shard-00-02.7qtbnuz.mongodb.net:27017
20:47:40.767 [async-channel-group-0-handler-executor] DEBUG org.mongodb.driver.protocol.command - Execution of command with request id 84 completed successfully in 52.54 ms on connection [connectionId{localValue:11, serverValue:268597}] to server ac-o2suyf6-shard-00-02.7qtbnuz.mongodb.net:27017
]]></system-out>
  <system-err><![CDATA[]]></system-err>
</testsuite>
