<?xml version="1.0" encoding="UTF-8"?>
<testsuite name="koin.repositories.maquina.MaquinaRepositoryTest" tests="8" skipped="0" failures="0" errors="0" timestamp="2023-02-02T22:41:50" hostname="LOLI-LAPTOP" time="1.134">
  <properties/>
  <testcase name="delete()" classname="koin.repositories.maquina.MaquinaRepositoryTest" time="0.347"/>
  <testcase name="findAll()" classname="koin.repositories.maquina.MaquinaRepositoryTest" time="0.11"/>
  <testcase name="findById()" classname="koin.repositories.maquina.MaquinaRepositoryTest" time="0.095"/>
  <testcase name="findByUuid()" classname="koin.repositories.maquina.MaquinaRepositoryTest" time="0.095"/>
  <testcase name="save()" classname="koin.repositories.maquina.MaquinaRepositoryTest" time="0.1"/>
  <testcase name="findByIdNotExists()" classname="koin.repositories.maquina.MaquinaRepositoryTest" time="0.092"/>
  <testcase name="deleteNotExists()" classname="koin.repositories.maquina.MaquinaRepositoryTest" time="0.14"/>
  <testcase name="setInactive()" classname="koin.repositories.maquina.MaquinaRepositoryTest" time="0.154"/>
  <system-out><![CDATA[23:41:50.062 [AsyncGetter-5-thread-1] DEBUG org.mongodb.driver.protocol.command - Sending command '{"drop": "maquina", "$db": "practica03mongoIvanLoli", "$clusterTime": {"clusterTime": {"$timestamp": {"t": 1675377705, "i": 4}}, "signature": {"hash": {"$binary": {"base64": "gE7hBpmHWa/zwfO44twX+IVebM4=", "subType": "00"}}, "keyId": 7161871216054108163}}, "lsid": {"id": {"$binary": {"base64": "nuXtmKpPQPG6K0CQKaFtYQ==", "subType": "04"}}}}' with request id 70 to database practica03mongoIvanLoli on connection [connectionId{localValue:34, serverValue:127384}] to server ac-o2suyf6-shard-00-02.7qtbnuz.mongodb.net:27017
23:41:50.133 [async-channel-group-0-handler-executor] DEBUG org.mongodb.driver.protocol.command - Execution of command with request id 70 completed successfully in 70.93 ms on connection [connectionId{localValue:34, serverValue:127384}] to server ac-o2suyf6-shard-00-02.7qtbnuz.mongodb.net:27017
23:41:50.285 [AsyncGetter-5-thread-1] DEBUG org.mongodb.driver.protocol.command - Sending command '{"update": "maquina", "ordered": true, "txnNumber": 1, "$db": "practica03mongoIvanLoli", "$clusterTime": {"clusterTime": {"$timestamp": {"t": 1675377710, "i": 1}}, "signature": {"hash": {"$binary": {"base64": "eOlIJpCuykajinBNZfh4WJtAbOU=", "subType": "00"}}, "keyId": 7161871216054108163}}, "lsid": {"id": {"$binary": {"base64": "nuXtmKpPQPG6K0CQKaFtYQ==", "subType": "04"}}}, "updates": [{"q": {"_id": {"$oid": "63dc3c2e1b23f96d9c839864"}}, "u": {"_id": {"$oid": "63dc3c2e1b23f96d9c839864"}, "uuid": {"$binary": {"base64": "p0imbWmNqZO8g+qWtQVPsw==", "subType": "03"}}, "modelo": "RTX-3080TI", "marca": "Nvidia", "fechaAdquisicion": {"$date": "2022-11-10T00:00:00Z"}, "numeroSerie": "123456789X", "tipo": "PERSONALIZADORA", "activa": true, "isManual": null, "maxTension": null, "minTension": null, "measuresManeuverability": true, "measuresRigidity": false, "measuresBalance": true}, "upsert": true}]}' with request id 71 to database practica03mongoIvanLoli on connection [connectionId{localValue:34, serverValue:127384}] to server ac-o2suyf6-shard-00-02.7qtbnuz.mongodb.net:27017
23:41:50.368 [async-channel-group-0-handler-executor] DEBUG org.mongodb.driver.protocol.command - Execution of command with request id 71 completed successfully in 85.99 ms on connection [connectionId{localValue:34, serverValue:127384}] to server ac-o2suyf6-shard-00-02.7qtbnuz.mongodb.net:27017
23:41:50.382 [DefaultDispatcher-worker-1 @coroutine#666] DEBUG koin.repositories.maquina.MaquinaRepository - delete(63dc3c2e1b23f96d9c839864)
23:41:50.385 [AsyncGetter-5-thread-1] DEBUG org.mongodb.driver.protocol.command - Sending command '{"find": "maquina", "filter": {"_id": {"$oid": "63dc3c2e1b23f96d9c839864"}}, "limit": 1, "singleBatch": true, "$db": "practica03mongoIvanLoli", "$clusterTime": {"clusterTime": {"$timestamp": {"t": 1675377710, "i": 4}}, "signature": {"hash": {"$binary": {"base64": "eOlIJpCuykajinBNZfh4WJtAbOU=", "subType": "00"}}, "keyId": 7161871216054108163}}, "lsid": {"id": {"$binary": {"base64": "nuXtmKpPQPG6K0CQKaFtYQ==", "subType": "04"}}}}' with request id 72 to database practica03mongoIvanLoli on connection [connectionId{localValue:34, serverValue:127384}] to server ac-o2suyf6-shard-00-02.7qtbnuz.mongodb.net:27017
23:41:50.425 [async-channel-group-0-handler-executor] DEBUG org.mongodb.driver.protocol.command - Execution of command with request id 72 completed successfully in 40.83 ms on connection [connectionId{localValue:34, serverValue:127384}] to server ac-o2suyf6-shard-00-02.7qtbnuz.mongodb.net:27017
23:41:50.426 [async-channel-group-0-handler-executor] DEBUG org.mongodb.driver.operation - Received batch of 1 documents with cursorId 0 from server ac-o2suyf6-shard-00-02.7qtbnuz.mongodb.net:27017
23:41:50.431 [AsyncGetter-5-thread-1] DEBUG org.mongodb.driver.protocol.command - Sending command '{"delete": "maquina", "ordered": true, "txnNumber": 2, "$db": "practica03mongoIvanLoli", "$clusterTime": {"clusterTime": {"$timestamp": {"t": 1675377710, "i": 6}}, "signature": {"hash": {"$binary": {"base64": "eOlIJpCuykajinBNZfh4WJtAbOU=", "subType": "00"}}, "keyId": 7161871216054108163}}, "lsid": {"id": {"$binary": {"base64": "nuXtmKpPQPG6K0CQKaFtYQ==", "subType": "04"}}}, "deletes": [{"q": {"_id": {"$oid": "63dc3c2e1b23f96d9c839864"}}, "limit": 1}]}' with request id 73 to database practica03mongoIvanLoli on connection [connectionId{localValue:34, serverValue:127384}] to server ac-o2suyf6-shard-00-02.7qtbnuz.mongodb.net:27017
23:41:50.476 [async-channel-group-0-handler-executor] DEBUG org.mongodb.driver.protocol.command - Execution of command with request id 73 completed successfully in 45.40 ms on connection [connectionId{localValue:34, serverValue:127384}] to server ac-o2suyf6-shard-00-02.7qtbnuz.mongodb.net:27017
23:41:50.482 [AsyncGetter-5-thread-1] DEBUG org.mongodb.driver.protocol.command - Sending command '{"update": "maquina", "ordered": true, "txnNumber": 3, "$db": "practica03mongoIvanLoli", "$clusterTime": {"clusterTime": {"$timestamp": {"t": 1675377710, "i": 7}}, "signature": {"hash": {"$binary": {"base64": "eOlIJpCuykajinBNZfh4WJtAbOU=", "subType": "00"}}, "keyId": 7161871216054108163}}, "lsid": {"id": {"$binary": {"base64": "nuXtmKpPQPG6K0CQKaFtYQ==", "subType": "04"}}}, "updates": [{"q": {"_id": {"$oid": "63dc3c2e1b23f96d9c839864"}}, "u": {"_id": {"$oid": "63dc3c2e1b23f96d9c839864"}, "uuid": {"$binary": {"base64": "p0imbWmNqZO8g+qWtQVPsw==", "subType": "03"}}, "modelo": "RTX-3080TI", "marca": "Nvidia", "fechaAdquisicion": {"$date": "2022-11-10T00:00:00Z"}, "numeroSerie": "123456789X", "tipo": "PERSONALIZADORA", "activa": true, "isManual": null, "maxTension": null, "minTension": null, "measuresManeuverability": true, "measuresRigidity": false, "measuresBalance": true}, "upsert": true}]}' with request id 74 to database practica03mongoIvanLoli on connection [connectionId{localValue:34, serverValue:127384}] to server ac-o2suyf6-shard-00-02.7qtbnuz.mongodb.net:27017
23:41:50.531 [async-channel-group-0-handler-executor] DEBUG org.mongodb.driver.protocol.command - Execution of command with request id 74 completed successfully in 49.24 ms on connection [connectionId{localValue:34, serverValue:127384}] to server ac-o2suyf6-shard-00-02.7qtbnuz.mongodb.net:27017
23:41:50.538 [DefaultDispatcher-worker-1 @coroutine#671] DEBUG koin.repositories.maquina.MaquinaRepository - findAll()
23:41:50.539 [AsyncGetter-5-thread-1] DEBUG org.mongodb.driver.protocol.command - Sending command '{"find": "maquina", "filter": {}, "batchSize": 64, "$db": "practica03mongoIvanLoli", "$clusterTime": {"clusterTime": {"$timestamp": {"t": 1675377710, "i": 8}}, "signature": {"hash": {"$binary": {"base64": "eOlIJpCuykajinBNZfh4WJtAbOU=", "subType": "00"}}, "keyId": 7161871216054108163}}, "lsid": {"id": {"$binary": {"base64": "nuXtmKpPQPG6K0CQKaFtYQ==", "subType": "04"}}}}' with request id 75 to database practica03mongoIvanLoli on connection [connectionId{localValue:34, serverValue:127384}] to server ac-o2suyf6-shard-00-02.7qtbnuz.mongodb.net:27017
23:41:50.581 [async-channel-group-0-handler-executor] DEBUG org.mongodb.driver.protocol.command - Execution of command with request id 75 completed successfully in 42.17 ms on connection [connectionId{localValue:34, serverValue:127384}] to server ac-o2suyf6-shard-00-02.7qtbnuz.mongodb.net:27017
23:41:50.584 [async-channel-group-0-handler-executor] DEBUG org.mongodb.driver.operation - Received batch of 1 documents with cursorId 0 from server ac-o2suyf6-shard-00-02.7qtbnuz.mongodb.net:27017
23:41:50.593 [AsyncGetter-5-thread-1] DEBUG org.mongodb.driver.protocol.command - Sending command '{"update": "maquina", "ordered": true, "txnNumber": 4, "$db": "practica03mongoIvanLoli", "$clusterTime": {"clusterTime": {"$timestamp": {"t": 1675377710, "i": 8}}, "signature": {"hash": {"$binary": {"base64": "eOlIJpCuykajinBNZfh4WJtAbOU=", "subType": "00"}}, "keyId": 7161871216054108163}}, "lsid": {"id": {"$binary": {"base64": "nuXtmKpPQPG6K0CQKaFtYQ==", "subType": "04"}}}, "updates": [{"q": {"_id": {"$oid": "63dc3c2e1b23f96d9c839864"}}, "u": {"_id": {"$oid": "63dc3c2e1b23f96d9c839864"}, "uuid": {"$binary": {"base64": "p0imbWmNqZO8g+qWtQVPsw==", "subType": "03"}}, "modelo": "RTX-3080TI", "marca": "Nvidia", "fechaAdquisicion": {"$date": "2022-11-10T00:00:00Z"}, "numeroSerie": "123456789X", "tipo": "PERSONALIZADORA", "activa": true, "isManual": null, "maxTension": null, "minTension": null, "measuresManeuverability": true, "measuresRigidity": false, "measuresBalance": true}, "upsert": true}]}' with request id 76 to database practica03mongoIvanLoli on connection [connectionId{localValue:34, serverValue:127384}] to server ac-o2suyf6-shard-00-02.7qtbnuz.mongodb.net:27017
23:41:50.635 [async-channel-group-0-handler-executor] DEBUG org.mongodb.driver.protocol.command - Execution of command with request id 76 completed successfully in 42.10 ms on connection [connectionId{localValue:34, serverValue:127384}] to server ac-o2suyf6-shard-00-02.7qtbnuz.mongodb.net:27017
23:41:50.641 [DefaultDispatcher-worker-1 @coroutine#677] DEBUG koin.repositories.maquina.MaquinaRepository - findById(63dc3c2e1b23f96d9c839864)
23:41:50.642 [AsyncGetter-5-thread-1] DEBUG org.mongodb.driver.protocol.command - Sending command '{"find": "maquina", "filter": {"_id": {"$oid": "63dc3c2e1b23f96d9c839864"}}, "limit": 1, "singleBatch": true, "$db": "practica03mongoIvanLoli", "$clusterTime": {"clusterTime": {"$timestamp": {"t": 1675377710, "i": 8}}, "signature": {"hash": {"$binary": {"base64": "eOlIJpCuykajinBNZfh4WJtAbOU=", "subType": "00"}}, "keyId": 7161871216054108163}}, "lsid": {"id": {"$binary": {"base64": "nuXtmKpPQPG6K0CQKaFtYQ==", "subType": "04"}}}}' with request id 77 to database practica03mongoIvanLoli on connection [connectionId{localValue:34, serverValue:127384}] to server ac-o2suyf6-shard-00-02.7qtbnuz.mongodb.net:27017
23:41:50.684 [async-channel-group-0-handler-executor] DEBUG org.mongodb.driver.protocol.command - Execution of command with request id 77 completed successfully in 41.61 ms on connection [connectionId{localValue:34, serverValue:127384}] to server ac-o2suyf6-shard-00-02.7qtbnuz.mongodb.net:27017
23:41:50.684 [async-channel-group-0-handler-executor] DEBUG org.mongodb.driver.operation - Received batch of 1 documents with cursorId 0 from server ac-o2suyf6-shard-00-02.7qtbnuz.mongodb.net:27017
23:41:50.688 [AsyncGetter-5-thread-1] DEBUG org.mongodb.driver.protocol.command - Sending command '{"update": "maquina", "ordered": true, "txnNumber": 5, "$db": "practica03mongoIvanLoli", "$clusterTime": {"clusterTime": {"$timestamp": {"t": 1675377710, "i": 9}}, "signature": {"hash": {"$binary": {"base64": "eOlIJpCuykajinBNZfh4WJtAbOU=", "subType": "00"}}, "keyId": 7161871216054108163}}, "lsid": {"id": {"$binary": {"base64": "nuXtmKpPQPG6K0CQKaFtYQ==", "subType": "04"}}}, "updates": [{"q": {"_id": {"$oid": "63dc3c2e1b23f96d9c839864"}}, "u": {"_id": {"$oid": "63dc3c2e1b23f96d9c839864"}, "uuid": {"$binary": {"base64": "p0imbWmNqZO8g+qWtQVPsw==", "subType": "03"}}, "modelo": "RTX-3080TI", "marca": "Nvidia", "fechaAdquisicion": {"$date": "2022-11-10T00:00:00Z"}, "numeroSerie": "123456789X", "tipo": "PERSONALIZADORA", "activa": true, "isManual": null, "maxTension": null, "minTension": null, "measuresManeuverability": true, "measuresRigidity": false, "measuresBalance": true}, "upsert": true}]}' with request id 78 to database practica03mongoIvanLoli on connection [connectionId{localValue:34, serverValue:127384}] to server ac-o2suyf6-shard-00-02.7qtbnuz.mongodb.net:27017
23:41:50.729 [async-channel-group-0-handler-executor] DEBUG org.mongodb.driver.protocol.command - Execution of command with request id 78 completed successfully in 42.53 ms on connection [connectionId{localValue:34, serverValue:127384}] to server ac-o2suyf6-shard-00-02.7qtbnuz.mongodb.net:27017
23:41:50.733 [DefaultDispatcher-worker-1 @coroutine#682] DEBUG koin.repositories.maquina.MaquinaRepository - findByUUID(93a98d69-6da6-48a7-b34f-05b596ea83bc)
23:41:50.734 [AsyncGetter-5-thread-1] DEBUG org.mongodb.driver.protocol.command - Sending command '{"find": "maquina", "filter": {}, "batchSize": 64, "$db": "practica03mongoIvanLoli", "$clusterTime": {"clusterTime": {"$timestamp": {"t": 1675377710, "i": 10}}, "signature": {"hash": {"$binary": {"base64": "eOlIJpCuykajinBNZfh4WJtAbOU=", "subType": "00"}}, "keyId": 7161871216054108163}}, "lsid": {"id": {"$binary": {"base64": "nuXtmKpPQPG6K0CQKaFtYQ==", "subType": "04"}}}}' with request id 79 to database practica03mongoIvanLoli on connection [connectionId{localValue:34, serverValue:127384}] to server ac-o2suyf6-shard-00-02.7qtbnuz.mongodb.net:27017
23:41:50.775 [async-channel-group-0-handler-executor] DEBUG org.mongodb.driver.protocol.command - Execution of command with request id 79 completed successfully in 41.01 ms on connection [connectionId{localValue:34, serverValue:127384}] to server ac-o2suyf6-shard-00-02.7qtbnuz.mongodb.net:27017
23:41:50.776 [async-channel-group-0-handler-executor] DEBUG org.mongodb.driver.operation - Received batch of 1 documents with cursorId 0 from server ac-o2suyf6-shard-00-02.7qtbnuz.mongodb.net:27017
23:41:50.782 [AsyncGetter-5-thread-1] DEBUG org.mongodb.driver.protocol.command - Sending command '{"update": "maquina", "ordered": true, "txnNumber": 6, "$db": "practica03mongoIvanLoli", "$clusterTime": {"clusterTime": {"$timestamp": {"t": 1675377710, "i": 10}}, "signature": {"hash": {"$binary": {"base64": "eOlIJpCuykajinBNZfh4WJtAbOU=", "subType": "00"}}, "keyId": 7161871216054108163}}, "lsid": {"id": {"$binary": {"base64": "nuXtmKpPQPG6K0CQKaFtYQ==", "subType": "04"}}}, "updates": [{"q": {"_id": {"$oid": "63dc3c2e1b23f96d9c839864"}}, "u": {"_id": {"$oid": "63dc3c2e1b23f96d9c839864"}, "uuid": {"$binary": {"base64": "p0imbWmNqZO8g+qWtQVPsw==", "subType": "03"}}, "modelo": "RTX-3080TI", "marca": "Nvidia", "fechaAdquisicion": {"$date": "2022-11-10T00:00:00Z"}, "numeroSerie": "123456789X", "tipo": "PERSONALIZADORA", "activa": true, "isManual": null, "maxTension": null, "minTension": null, "measuresManeuverability": true, "measuresRigidity": false, "measuresBalance": true}, "upsert": true}]}' with request id 80 to database practica03mongoIvanLoli on connection [connectionId{localValue:34, serverValue:127384}] to server ac-o2suyf6-shard-00-02.7qtbnuz.mongodb.net:27017
23:41:50.827 [async-channel-group-0-handler-executor] DEBUG org.mongodb.driver.protocol.command - Execution of command with request id 80 completed successfully in 44.58 ms on connection [connectionId{localValue:34, serverValue:127384}] to server ac-o2suyf6-shard-00-02.7qtbnuz.mongodb.net:27017
23:41:50.833 [DefaultDispatcher-worker-1 @coroutine#687] DEBUG koin.repositories.maquina.MaquinaRepository - save(Maquina(id=63dc3c2e1b23f96d9c839864, uuid=93a98d69-6da6-48a7-b34f-05b596ea83bc, modelo=RTX-3080TI, marca=Nvidia, fechaAdquisicion=2022-11-10, numeroSerie=123456789X, tipo=PERSONALIZADORA, activa=true, isManual=null, maxTension=null, minTension=null, measuresManeuverability=true, measuresRigidity=false, measuresBalance=true))
23:41:50.835 [AsyncGetter-5-thread-1] DEBUG org.mongodb.driver.protocol.command - Sending command '{"update": "maquina", "ordered": true, "txnNumber": 7, "$db": "practica03mongoIvanLoli", "$clusterTime": {"clusterTime": {"$timestamp": {"t": 1675377710, "i": 10}}, "signature": {"hash": {"$binary": {"base64": "eOlIJpCuykajinBNZfh4WJtAbOU=", "subType": "00"}}, "keyId": 7161871216054108163}}, "lsid": {"id": {"$binary": {"base64": "nuXtmKpPQPG6K0CQKaFtYQ==", "subType": "04"}}}, "updates": [{"q": {"_id": {"$oid": "63dc3c2e1b23f96d9c839864"}}, "u": {"_id": {"$oid": "63dc3c2e1b23f96d9c839864"}, "uuid": {"$binary": {"base64": "p0imbWmNqZO8g+qWtQVPsw==", "subType": "03"}}, "modelo": "RTX-3080TI", "marca": "Nvidia", "fechaAdquisicion": {"$date": "2022-11-10T00:00:00Z"}, "numeroSerie": "123456789X", "tipo": "PERSONALIZADORA", "activa": true, "isManual": null, "maxTension": null, "minTension": null, "measuresManeuverability": true, "measuresRigidity": false, "measuresBalance": true}, "upsert": true}]}' with request id 81 to database practica03mongoIvanLoli on connection [connectionId{localValue:34, serverValue:127384}] to server ac-o2suyf6-shard-00-02.7qtbnuz.mongodb.net:27017
23:41:50.876 [async-channel-group-0-handler-executor] DEBUG org.mongodb.driver.protocol.command - Execution of command with request id 81 completed successfully in 41.42 ms on connection [connectionId{localValue:34, serverValue:127384}] to server ac-o2suyf6-shard-00-02.7qtbnuz.mongodb.net:27017
23:41:50.883 [AsyncGetter-5-thread-1] DEBUG org.mongodb.driver.protocol.command - Sending command '{"update": "maquina", "ordered": true, "txnNumber": 8, "$db": "practica03mongoIvanLoli", "$clusterTime": {"clusterTime": {"$timestamp": {"t": 1675377710, "i": 10}}, "signature": {"hash": {"$binary": {"base64": "eOlIJpCuykajinBNZfh4WJtAbOU=", "subType": "00"}}, "keyId": 7161871216054108163}}, "lsid": {"id": {"$binary": {"base64": "nuXtmKpPQPG6K0CQKaFtYQ==", "subType": "04"}}}, "updates": [{"q": {"_id": {"$oid": "63dc3c2e1b23f96d9c839864"}}, "u": {"_id": {"$oid": "63dc3c2e1b23f96d9c839864"}, "uuid": {"$binary": {"base64": "p0imbWmNqZO8g+qWtQVPsw==", "subType": "03"}}, "modelo": "RTX-3080TI", "marca": "Nvidia", "fechaAdquisicion": {"$date": "2022-11-10T00:00:00Z"}, "numeroSerie": "123456789X", "tipo": "PERSONALIZADORA", "activa": true, "isManual": null, "maxTension": null, "minTension": null, "measuresManeuverability": true, "measuresRigidity": false, "measuresBalance": true}, "upsert": true}]}' with request id 82 to database practica03mongoIvanLoli on connection [connectionId{localValue:34, serverValue:127384}] to server ac-o2suyf6-shard-00-02.7qtbnuz.mongodb.net:27017
23:41:50.926 [async-channel-group-0-handler-executor] DEBUG org.mongodb.driver.protocol.command - Execution of command with request id 82 completed successfully in 43.24 ms on connection [connectionId{localValue:34, serverValue:127384}] to server ac-o2suyf6-shard-00-02.7qtbnuz.mongodb.net:27017
23:41:50.931 [DefaultDispatcher-worker-1 @coroutine#692] DEBUG koin.repositories.maquina.MaquinaRepository - findById(63dc3c2e1b23f96d9c839865)
23:41:50.931 [AsyncGetter-5-thread-1] DEBUG org.mongodb.driver.protocol.command - Sending command '{"find": "maquina", "filter": {"_id": {"$oid": "63dc3c2e1b23f96d9c839865"}}, "limit": 1, "singleBatch": true, "$db": "practica03mongoIvanLoli", "$clusterTime": {"clusterTime": {"$timestamp": {"t": 1675377710, "i": 10}}, "signature": {"hash": {"$binary": {"base64": "eOlIJpCuykajinBNZfh4WJtAbOU=", "subType": "00"}}, "keyId": 7161871216054108163}}, "lsid": {"id": {"$binary": {"base64": "nuXtmKpPQPG6K0CQKaFtYQ==", "subType": "04"}}}}' with request id 83 to database practica03mongoIvanLoli on connection [connectionId{localValue:34, serverValue:127384}] to server ac-o2suyf6-shard-00-02.7qtbnuz.mongodb.net:27017
23:41:50.972 [async-channel-group-0-handler-executor] DEBUG org.mongodb.driver.protocol.command - Execution of command with request id 83 completed successfully in 40.47 ms on connection [connectionId{localValue:34, serverValue:127384}] to server ac-o2suyf6-shard-00-02.7qtbnuz.mongodb.net:27017
23:41:50.972 [async-channel-group-0-handler-executor] DEBUG org.mongodb.driver.operation - Received batch of 0 documents with cursorId 0 from server ac-o2suyf6-shard-00-02.7qtbnuz.mongodb.net:27017
23:41:50.976 [AsyncGetter-5-thread-1] DEBUG org.mongodb.driver.protocol.command - Sending command '{"update": "maquina", "ordered": true, "txnNumber": 9, "$db": "practica03mongoIvanLoli", "$clusterTime": {"clusterTime": {"$timestamp": {"t": 1675377710, "i": 10}}, "signature": {"hash": {"$binary": {"base64": "eOlIJpCuykajinBNZfh4WJtAbOU=", "subType": "00"}}, "keyId": 7161871216054108163}}, "lsid": {"id": {"$binary": {"base64": "nuXtmKpPQPG6K0CQKaFtYQ==", "subType": "04"}}}, "updates": [{"q": {"_id": {"$oid": "63dc3c2e1b23f96d9c839864"}}, "u": {"_id": {"$oid": "63dc3c2e1b23f96d9c839864"}, "uuid": {"$binary": {"base64": "p0imbWmNqZO8g+qWtQVPsw==", "subType": "03"}}, "modelo": "RTX-3080TI", "marca": "Nvidia", "fechaAdquisicion": {"$date": "2022-11-10T00:00:00Z"}, "numeroSerie": "123456789X", "tipo": "PERSONALIZADORA", "activa": true, "isManual": null, "maxTension": null, "minTension": null, "measuresManeuverability": true, "measuresRigidity": false, "measuresBalance": true}, "upsert": true}]}' with request id 84 to database practica03mongoIvanLoli on connection [connectionId{localValue:34, serverValue:127384}] to server ac-o2suyf6-shard-00-02.7qtbnuz.mongodb.net:27017
23:41:51.016 [async-channel-group-0-handler-executor] DEBUG org.mongodb.driver.protocol.command - Execution of command with request id 84 completed successfully in 40.74 ms on connection [connectionId{localValue:34, serverValue:127384}] to server ac-o2suyf6-shard-00-02.7qtbnuz.mongodb.net:27017
23:41:51.023 [DefaultDispatcher-worker-1 @coroutine#697] DEBUG koin.repositories.maquina.MaquinaRepository - delete(63dc3c2f1b23f96d9c839866)
23:41:51.024 [AsyncGetter-5-thread-1] DEBUG org.mongodb.driver.protocol.command - Sending command '{"find": "maquina", "filter": {"_id": {"$oid": "63dc3c2f1b23f96d9c839866"}}, "limit": 1, "singleBatch": true, "$db": "practica03mongoIvanLoli", "$clusterTime": {"clusterTime": {"$timestamp": {"t": 1675377710, "i": 10}}, "signature": {"hash": {"$binary": {"base64": "eOlIJpCuykajinBNZfh4WJtAbOU=", "subType": "00"}}, "keyId": 7161871216054108163}}, "lsid": {"id": {"$binary": {"base64": "nuXtmKpPQPG6K0CQKaFtYQ==", "subType": "04"}}}}' with request id 85 to database practica03mongoIvanLoli on connection [connectionId{localValue:34, serverValue:127384}] to server ac-o2suyf6-shard-00-02.7qtbnuz.mongodb.net:27017
23:41:51.066 [async-channel-group-0-handler-executor] DEBUG org.mongodb.driver.protocol.command - Execution of command with request id 85 completed successfully in 42.18 ms on connection [connectionId{localValue:34, serverValue:127384}] to server ac-o2suyf6-shard-00-02.7qtbnuz.mongodb.net:27017
23:41:51.067 [async-channel-group-0-handler-executor] DEBUG org.mongodb.driver.operation - Received batch of 0 documents with cursorId 0 from server ac-o2suyf6-shard-00-02.7qtbnuz.mongodb.net:27017
23:41:51.068 [AsyncGetter-5-thread-1] DEBUG org.mongodb.driver.protocol.command - Sending command '{"delete": "maquina", "ordered": true, "txnNumber": 10, "$db": "practica03mongoIvanLoli", "$clusterTime": {"clusterTime": {"$timestamp": {"t": 1675377710, "i": 10}}, "signature": {"hash": {"$binary": {"base64": "eOlIJpCuykajinBNZfh4WJtAbOU=", "subType": "00"}}, "keyId": 7161871216054108163}}, "lsid": {"id": {"$binary": {"base64": "nuXtmKpPQPG6K0CQKaFtYQ==", "subType": "04"}}}, "deletes": [{"q": {"_id": {"$oid": "63dc3c2f1b23f96d9c839866"}}, "limit": 1}]}' with request id 86 to database practica03mongoIvanLoli on connection [connectionId{localValue:34, serverValue:127384}] to server ac-o2suyf6-shard-00-02.7qtbnuz.mongodb.net:27017
23:41:51.113 [async-channel-group-0-handler-executor] DEBUG org.mongodb.driver.protocol.command - Execution of command with request id 86 completed successfully in 44.42 ms on connection [connectionId{localValue:34, serverValue:127384}] to server ac-o2suyf6-shard-00-02.7qtbnuz.mongodb.net:27017
23:41:51.116 [AsyncGetter-5-thread-1] DEBUG org.mongodb.driver.protocol.command - Sending command '{"update": "maquina", "ordered": true, "txnNumber": 11, "$db": "practica03mongoIvanLoli", "$clusterTime": {"clusterTime": {"$timestamp": {"t": 1675377710, "i": 10}}, "signature": {"hash": {"$binary": {"base64": "eOlIJpCuykajinBNZfh4WJtAbOU=", "subType": "00"}}, "keyId": 7161871216054108163}}, "lsid": {"id": {"$binary": {"base64": "nuXtmKpPQPG6K0CQKaFtYQ==", "subType": "04"}}}, "updates": [{"q": {"_id": {"$oid": "63dc3c2e1b23f96d9c839864"}}, "u": {"_id": {"$oid": "63dc3c2e1b23f96d9c839864"}, "uuid": {"$binary": {"base64": "p0imbWmNqZO8g+qWtQVPsw==", "subType": "03"}}, "modelo": "RTX-3080TI", "marca": "Nvidia", "fechaAdquisicion": {"$date": "2022-11-10T00:00:00Z"}, "numeroSerie": "123456789X", "tipo": "PERSONALIZADORA", "activa": true, "isManual": null, "maxTension": null, "minTension": null, "measuresManeuverability": true, "measuresRigidity": false, "measuresBalance": true}, "upsert": true}]}' with request id 87 to database practica03mongoIvanLoli on connection [connectionId{localValue:34, serverValue:127384}] to server ac-o2suyf6-shard-00-02.7qtbnuz.mongodb.net:27017
23:41:51.163 [async-channel-group-0-handler-executor] DEBUG org.mongodb.driver.protocol.command - Execution of command with request id 87 completed successfully in 47.64 ms on connection [connectionId{localValue:34, serverValue:127384}] to server ac-o2suyf6-shard-00-02.7qtbnuz.mongodb.net:27017
23:41:51.170 [DefaultDispatcher-worker-1 @coroutine#702] DEBUG koin.repositories.maquina.MaquinaRepository - setInactive(63dc3c2e1b23f96d9c839864)
23:41:51.172 [AsyncGetter-5-thread-1] DEBUG org.mongodb.driver.protocol.command - Sending command '{"find": "maquina", "filter": {"_id": {"$oid": "63dc3c2e1b23f96d9c839864"}}, "limit": 1, "singleBatch": true, "$db": "practica03mongoIvanLoli", "$clusterTime": {"clusterTime": {"$timestamp": {"t": 1675377710, "i": 10}}, "signature": {"hash": {"$binary": {"base64": "eOlIJpCuykajinBNZfh4WJtAbOU=", "subType": "00"}}, "keyId": 7161871216054108163}}, "lsid": {"id": {"$binary": {"base64": "nuXtmKpPQPG6K0CQKaFtYQ==", "subType": "04"}}}}' with request id 88 to database practica03mongoIvanLoli on connection [connectionId{localValue:34, serverValue:127384}] to server ac-o2suyf6-shard-00-02.7qtbnuz.mongodb.net:27017
23:41:51.215 [async-channel-group-0-handler-executor] DEBUG org.mongodb.driver.protocol.command - Execution of command with request id 88 completed successfully in 43.18 ms on connection [connectionId{localValue:34, serverValue:127384}] to server ac-o2suyf6-shard-00-02.7qtbnuz.mongodb.net:27017
23:41:51.215 [async-channel-group-0-handler-executor] DEBUG org.mongodb.driver.operation - Received batch of 1 documents with cursorId 0 from server ac-o2suyf6-shard-00-02.7qtbnuz.mongodb.net:27017
23:41:51.217 [AsyncGetter-5-thread-1] DEBUG org.mongodb.driver.protocol.command - Sending command '{"update": "maquina", "ordered": true, "txnNumber": 12, "$db": "practica03mongoIvanLoli", "$clusterTime": {"clusterTime": {"$timestamp": {"t": 1675377710, "i": 10}}, "signature": {"hash": {"$binary": {"base64": "eOlIJpCuykajinBNZfh4WJtAbOU=", "subType": "00"}}, "keyId": 7161871216054108163}}, "lsid": {"id": {"$binary": {"base64": "nuXtmKpPQPG6K0CQKaFtYQ==", "subType": "04"}}}, "updates": [{"q": {"_id": {"$oid": "63dc3c2e1b23f96d9c839864"}}, "u": {"_id": {"$oid": "63dc3c2e1b23f96d9c839864"}, "uuid": {"$binary": {"base64": "p0imbWmNqZO8g+qWtQVPsw==", "subType": "03"}}, "modelo": "RTX-3080TI", "marca": "Nvidia", "fechaAdquisicion": {"$date": "2022-11-10T00:00:00Z"}, "numeroSerie": "123456789X", "tipo": "PERSONALIZADORA", "activa": false, "isManual": null, "maxTension": null, "minTension": null, "measuresManeuverability": true, "measuresRigidity": false, "measuresBalance": true}, "upsert": true}]}' with request id 89 to database practica03mongoIvanLoli on connection [connectionId{localValue:34, serverValue:127384}] to server ac-o2suyf6-shard-00-02.7qtbnuz.mongodb.net:27017
23:41:51.263 [async-channel-group-0-handler-executor] DEBUG org.mongodb.driver.protocol.command - Execution of command with request id 89 completed successfully in 46.62 ms on connection [connectionId{localValue:34, serverValue:127384}] to server ac-o2suyf6-shard-00-02.7qtbnuz.mongodb.net:27017
23:41:51.271 [AsyncGetter-5-thread-1] DEBUG org.mongodb.driver.protocol.command - Sending command '{"drop": "maquina", "$db": "practica03mongoIvanLoli", "$clusterTime": {"clusterTime": {"$timestamp": {"t": 1675377711, "i": 1}}, "signature": {"hash": {"$binary": {"base64": "Cs4mhzpLYMYX9Siv1syaYWUAWn8=", "subType": "00"}}, "keyId": 7161871216054108163}}, "lsid": {"id": {"$binary": {"base64": "nuXtmKpPQPG6K0CQKaFtYQ==", "subType": "04"}}}}' with request id 90 to database practica03mongoIvanLoli on connection [connectionId{localValue:34, serverValue:127384}] to server ac-o2suyf6-shard-00-02.7qtbnuz.mongodb.net:27017
23:41:51.324 [async-channel-group-0-handler-executor] DEBUG org.mongodb.driver.protocol.command - Execution of command with request id 90 completed successfully in 53.29 ms on connection [connectionId{localValue:34, serverValue:127384}] to server ac-o2suyf6-shard-00-02.7qtbnuz.mongodb.net:27017
]]></system-out>
  <system-err><![CDATA[]]></system-err>
</testsuite>
