<?xml version="1.0" encoding="UTF-8"?>
<testsuite name="koin.repositories.user.UserRepositoryCachedTest" tests="11" skipped="0" failures="0" errors="0" timestamp="2023-02-10T19:54:50" hostname="LOLI-LAPTOP" time="10.002">
  <properties/>
  <testcase name="delete()" classname="koin.repositories.user.UserRepositoryCachedTest" time="0.02"/>
  <testcase name="findAll()" classname="koin.repositories.user.UserRepositoryCachedTest" time="3.101"/>
  <testcase name="findById()" classname="koin.repositories.user.UserRepositoryCachedTest" time="0.01"/>
  <testcase name="findByUUID()" classname="koin.repositories.user.UserRepositoryCachedTest" time="0.012"/>
  <testcase name="save()" classname="koin.repositories.user.UserRepositoryCachedTest" time="0.011"/>
  <testcase name="findByUUIDNotExists()" classname="koin.repositories.user.UserRepositoryCachedTest" time="0.008"/>
  <testcase name="findByIdNotExists()" classname="koin.repositories.user.UserRepositoryCachedTest" time="0.008"/>
  <testcase name="findByEmail()" classname="koin.repositories.user.UserRepositoryCachedTest" time="3.133"/>
  <testcase name="findByPhone()" classname="koin.repositories.user.UserRepositoryCachedTest" time="3.079"/>
  <testcase name="findByIdNumerical()" classname="koin.repositories.user.UserRepositoryCachedTest" time="0.61"/>
  <testcase name="setInactive()" classname="koin.repositories.user.UserRepositoryCachedTest" time="0.009"/>
  <system-out><![CDATA[20:54:50.196 [Test worker] DEBUG koin.services.cache.user.UserCache - Initializing UserCache...
20:54:50.202 [Test worker] DEBUG io.mockk.impl.instantiation.AbstractMockFactory - Creating spyk for UserCache name=cache#725
20:54:50.255 [Test worker] DEBUG io.mockk.impl.instantiation.AbstractMockFactory - Creating mockk for UserRepository name=repo#726
20:54:50.292 [DefaultDispatcher-worker-4 @coroutine#1104] DEBUG io.mockk.impl.recording.states.AnsweringState - Answering 60000 on UserCache(cache#725).getRefreshTime()
20:54:50.296 [Test worker @coroutine#1105] DEBUG io.mockk.impl.instantiation.AbstractMockFactory - Creating mockk for User name=child of repo#726#727
20:54:50.301 [Test worker @coroutine#1105] DEBUG io.mockk.impl.instantiation.AbstractMockFactory - Creating mockk for User name=child of repo#726#728
20:54:50.303 [DefaultDispatcher-worker-4] DEBUG io.mockk.impl.recording.states.AnsweringState - Answering User(id=63e6a10a61c2a601272c50d9, uuid=93a98d69-0000-1111-0000-05b596ea83ba, nombre=loli, apellido=test, telefono=123456789, email=loli@test.com, password=lolitest, perfil=ADMIN, activo=true) on UserRepository(repo#726).delete(63e6a10a61c2a601272c50d9, continuation {})
20:54:50.304 [DefaultDispatcher-worker-4] DEBUG io.mockk.impl.recording.states.AnsweringState - Answering io.github.reactivecircus.cache4k.RealCache@ce75f26 on UserCache(cache#725).getCache()
20:54:50.316 [Test worker @coroutine#1113] DEBUG io.mockk.impl.instantiation.AbstractMockFactory - Creating mockk for Flow name=child of repo#726#729
20:54:50.318 [DefaultDispatcher-worker-4] DEBUG io.mockk.impl.recording.states.AnsweringState - Answering kotlinx.coroutines.flow.FlowKt__BuildersKt$flowOf$$inlined$unsafeFlow$2@53303537 on UserRepository(repo#726).findAll(continuation {})
20:54:53.415 [Test worker @coroutine#1132] DEBUG io.mockk.impl.instantiation.AbstractMockFactory - Creating mockk for User name=child of repo#726#730
20:54:53.417 [DefaultDispatcher-worker-1] DEBUG io.mockk.impl.recording.states.AnsweringState - Answering User(id=63e6a10a61c2a601272c50d9, uuid=93a98d69-0000-1111-0000-05b596ea83ba, nombre=loli, apellido=test, telefono=123456789, email=loli@test.com, password=lolitest, perfil=ADMIN, activo=true) on UserRepository(repo#726).findById(63e6a10a61c2a601272c50d9, continuation {})
20:54:53.427 [Test worker @coroutine#1138] DEBUG io.mockk.impl.instantiation.AbstractMockFactory - Creating mockk for User name=child of repo#726#731
20:54:53.429 [DefaultDispatcher-worker-1] DEBUG io.mockk.impl.recording.states.AnsweringState - Answering io.github.reactivecircus.cache4k.RealCache@ce75f26 on UserCache(cache#725).getCache()
20:54:53.430 [DefaultDispatcher-worker-1] DEBUG io.mockk.impl.recording.states.AnsweringState - Answering User(id=63e6a10a61c2a601272c50d9, uuid=93a98d69-0000-1111-0000-05b596ea83ba, nombre=loli, apellido=test, telefono=123456789, email=loli@test.com, password=lolitest, perfil=ADMIN, activo=true) on UserRepository(repo#726).findByUUID(93a98d69-0000-1111-0000-05b596ea83ba, continuation {})
20:54:53.434 [Test worker @background work runner#1141] DEBUG io.mockk.impl.instantiation.AbstractMockFactory - Creating mockk for User name=child of repo#726#732
20:54:53.440 [Test worker @coroutine#1144] DEBUG io.mockk.impl.instantiation.AbstractMockFactory - Creating mockk for User name=child of repo#726#733
20:54:53.442 [DefaultDispatcher-worker-1] DEBUG io.mockk.impl.recording.states.AnsweringState - Answering User(id=63e6a10a61c2a601272c50d9, uuid=93a98d69-0000-1111-0000-05b596ea83ba, nombre=loli, apellido=test, telefono=123456789, email=loli@test.com, password=lolitest, perfil=ADMIN, activo=true) on UserRepository(repo#726).save(User(id=63e6a10a61c2a601272c50d9, uuid=93a98d69-0000-1111-0000-05b596ea83ba, nombre=loli, apellido=test, telefono=123456789, email=loli@test.com, password=lolitest, perfil=ADMIN, activo=true), continuation {})
20:54:53.451 [DefaultDispatcher-worker-1] DEBUG io.mockk.impl.recording.states.AnsweringState - Answering io.github.reactivecircus.cache4k.RealCache@ce75f26 on UserCache(cache#725).getCache()
20:54:53.452 [DefaultDispatcher-worker-1] DEBUG io.mockk.impl.recording.states.AnsweringState - Answering null on UserRepository(repo#726).findByUUID(685e62f7-4519-4f8e-be46-b5ea89f78d44, continuation {})
20:54:53.459 [DefaultDispatcher-worker-1] DEBUG io.mockk.impl.recording.states.AnsweringState - Answering null on UserRepository(repo#726).findById(63e6a10d61c2a601272c50e4, continuation {})
20:54:53.466 [DefaultDispatcher-worker-1] DEBUG io.mockk.impl.recording.states.AnsweringState - Answering kotlinx.coroutines.flow.FlowKt__BuildersKt$flowOf$$inlined$unsafeFlow$2@6a032357 on UserRepository(repo#726).findAll(continuation {})
20:54:56.599 [DefaultDispatcher-worker-6] DEBUG io.mockk.impl.recording.states.AnsweringState - Answering kotlinx.coroutines.flow.FlowKt__BuildersKt$flowOf$$inlined$unsafeFlow$2@65f8c0d6 on UserRepository(repo#726).findAll(continuation {})
20:54:59.313 [MaintenanceTimer-2-thread-1] DEBUG org.mongodb.driver.connection - Pruning pooled connections to ac-o2suyf6-shard-00-00.7qtbnuz.mongodb.net:27017
20:54:59.317 [MaintenanceTimer-6-thread-1] DEBUG org.mongodb.driver.connection - Pruning pooled connections to ac-o2suyf6-shard-00-01.7qtbnuz.mongodb.net:27017
20:54:59.317 [MaintenanceTimer-4-thread-1] DEBUG org.mongodb.driver.connection - Pruning pooled connections to ac-o2suyf6-shard-00-02.7qtbnuz.mongodb.net:27017
20:54:59.510 [cluster-ClusterId{value='63e6a0d661c2a601272c4cef', description='null'}-ac-o2suyf6-shard-00-00.7qtbnuz.mongodb.net:27017] DEBUG org.mongodb.driver.cluster - Updating cluster description to  {type=REPLICA_SET, servers=[{address=ac-o2suyf6-shard-00-00.7qtbnuz.mongodb.net:27017, type=REPLICA_SET_SECONDARY, TagSet{[Tag{name='nodeType', value='ELECTABLE'}, Tag{name='provider', value='AWS'}, Tag{name='region', value='EU_WEST_3'}, Tag{name='workloadType', value='OPERATIONAL'}]}, roundTripTime=127.0 ms, state=CONNECTED}, {address=ac-o2suyf6-shard-00-02.7qtbnuz.mongodb.net:27017, type=REPLICA_SET_PRIMARY, TagSet{[Tag{name='nodeType', value='ELECTABLE'}, Tag{name='provider', value='AWS'}, Tag{name='region', value='EU_WEST_3'}, Tag{name='workloadType', value='OPERATIONAL'}]}, roundTripTime=148.7 ms, state=CONNECTED}, {address=ac-o2suyf6-shard-00-01.7qtbnuz.mongodb.net:27017, type=REPLICA_SET_SECONDARY, TagSet{[Tag{name='nodeType', value='ELECTABLE'}, Tag{name='provider', value='AWS'}, Tag{name='region', value='EU_WEST_3'}, Tag{name='workloadType', value='OPERATIONAL'}]}, roundTripTime=148.8 ms, state=CONNECTED}]
20:54:59.510 [cluster-ClusterId{value='63e6a0d661c2a601272c4cef', description='null'}-ac-o2suyf6-shard-00-00.7qtbnuz.mongodb.net:27017] DEBUG org.mongodb.driver.cluster - Checking status of ac-o2suyf6-shard-00-00.7qtbnuz.mongodb.net:27017
20:54:59.510 [cluster-ClusterId{value='63e6a0d661c2a601272c4cef', description='null'}-ac-o2suyf6-shard-00-01.7qtbnuz.mongodb.net:27017] DEBUG org.mongodb.driver.cluster - Updating cluster description to  {type=REPLICA_SET, servers=[{address=ac-o2suyf6-shard-00-00.7qtbnuz.mongodb.net:27017, type=REPLICA_SET_SECONDARY, TagSet{[Tag{name='nodeType', value='ELECTABLE'}, Tag{name='provider', value='AWS'}, Tag{name='region', value='EU_WEST_3'}, Tag{name='workloadType', value='OPERATIONAL'}]}, roundTripTime=127.0 ms, state=CONNECTED}, {address=ac-o2suyf6-shard-00-02.7qtbnuz.mongodb.net:27017, type=REPLICA_SET_PRIMARY, TagSet{[Tag{name='nodeType', value='ELECTABLE'}, Tag{name='provider', value='AWS'}, Tag{name='region', value='EU_WEST_3'}, Tag{name='workloadType', value='OPERATIONAL'}]}, roundTripTime=148.7 ms, state=CONNECTED}, {address=ac-o2suyf6-shard-00-01.7qtbnuz.mongodb.net:27017, type=REPLICA_SET_SECONDARY, TagSet{[Tag{name='nodeType', value='ELECTABLE'}, Tag{name='provider', value='AWS'}, Tag{name='region', value='EU_WEST_3'}, Tag{name='workloadType', value='OPERATIONAL'}]}, roundTripTime=125.9 ms, state=CONNECTED}]
20:54:59.511 [cluster-ClusterId{value='63e6a0d661c2a601272c4cef', description='null'}-ac-o2suyf6-shard-00-01.7qtbnuz.mongodb.net:27017] DEBUG org.mongodb.driver.cluster - Checking status of ac-o2suyf6-shard-00-01.7qtbnuz.mongodb.net:27017
20:54:59.511 [cluster-ClusterId{value='63e6a0d661c2a601272c4cef', description='null'}-ac-o2suyf6-shard-00-02.7qtbnuz.mongodb.net:27017] DEBUG org.mongodb.driver.cluster - Updating cluster description to  {type=REPLICA_SET, servers=[{address=ac-o2suyf6-shard-00-00.7qtbnuz.mongodb.net:27017, type=REPLICA_SET_SECONDARY, TagSet{[Tag{name='nodeType', value='ELECTABLE'}, Tag{name='provider', value='AWS'}, Tag{name='region', value='EU_WEST_3'}, Tag{name='workloadType', value='OPERATIONAL'}]}, roundTripTime=127.0 ms, state=CONNECTED}, {address=ac-o2suyf6-shard-00-02.7qtbnuz.mongodb.net:27017, type=REPLICA_SET_PRIMARY, TagSet{[Tag{name='nodeType', value='ELECTABLE'}, Tag{name='provider', value='AWS'}, Tag{name='region', value='EU_WEST_3'}, Tag{name='workloadType', value='OPERATIONAL'}]}, roundTripTime=125.8 ms, state=CONNECTED}, {address=ac-o2suyf6-shard-00-01.7qtbnuz.mongodb.net:27017, type=REPLICA_SET_SECONDARY, TagSet{[Tag{name='nodeType', value='ELECTABLE'}, Tag{name='provider', value='AWS'}, Tag{name='region', value='EU_WEST_3'}, Tag{name='workloadType', value='OPERATIONAL'}]}, roundTripTime=125.9 ms, state=CONNECTED}]
20:54:59.511 [cluster-ClusterId{value='63e6a0d661c2a601272c4cef', description='null'}-ac-o2suyf6-shard-00-02.7qtbnuz.mongodb.net:27017] DEBUG org.mongodb.driver.cluster - Checking status of ac-o2suyf6-shard-00-02.7qtbnuz.mongodb.net:27017
20:54:59.556 [cluster-rtt-ClusterId{value='63e6a0d661c2a601272c4cef', description='null'}-ac-o2suyf6-shard-00-02.7qtbnuz.mongodb.net:27017] DEBUG org.mongodb.driver.protocol.command - Sending command '{"hello": 1, "$db": "admin", "$clusterTime": {"clusterTime": {"$timestamp": {"t": 1676058895, "i": 4}}, "signature": {"hash": {"$binary": {"base64": "JvLu3L72zsg3x54S3zcExqcwsSc=", "subType": "00"}}, "keyId": 7161871216054108163}}}' with request id 163 to database admin on connection [connectionId{localValue:3, serverValue:268695}] to server ac-o2suyf6-shard-00-02.7qtbnuz.mongodb.net:27017
20:54:59.556 [cluster-rtt-ClusterId{value='63e6a0d661c2a601272c4cef', description='null'}-ac-o2suyf6-shard-00-00.7qtbnuz.mongodb.net:27017] DEBUG org.mongodb.driver.protocol.command - Sending command '{"hello": 1, "$db": "admin", "$clusterTime": {"clusterTime": {"$timestamp": {"t": 1676058895, "i": 4}}, "signature": {"hash": {"$binary": {"base64": "JvLu3L72zsg3x54S3zcExqcwsSc=", "subType": "00"}}, "keyId": 7161871216054108163}}}' with request id 165 to database admin on connection [connectionId{localValue:4, serverValue:269285}] to server ac-o2suyf6-shard-00-00.7qtbnuz.mongodb.net:27017
20:54:59.556 [cluster-rtt-ClusterId{value='63e6a0d661c2a601272c4cef', description='null'}-ac-o2suyf6-shard-00-01.7qtbnuz.mongodb.net:27017] DEBUG org.mongodb.driver.protocol.command - Sending command '{"hello": 1, "$db": "admin", "$clusterTime": {"clusterTime": {"$timestamp": {"t": 1676058895, "i": 4}}, "signature": {"hash": {"$binary": {"base64": "JvLu3L72zsg3x54S3zcExqcwsSc=", "subType": "00"}}, "keyId": 7161871216054108163}}}' with request id 164 to database admin on connection [connectionId{localValue:1, serverValue:264752}] to server ac-o2suyf6-shard-00-01.7qtbnuz.mongodb.net:27017
20:54:59.592 [cluster-rtt-ClusterId{value='63e6a0d661c2a601272c4cef', description='null'}-ac-o2suyf6-shard-00-02.7qtbnuz.mongodb.net:27017] DEBUG org.mongodb.driver.protocol.command - Execution of command with request id 163 completed successfully in 36.35 ms on connection [connectionId{localValue:3, serverValue:268695}] to server ac-o2suyf6-shard-00-02.7qtbnuz.mongodb.net:27017
20:54:59.592 [cluster-rtt-ClusterId{value='63e6a0d661c2a601272c4cef', description='null'}-ac-o2suyf6-shard-00-01.7qtbnuz.mongodb.net:27017] DEBUG org.mongodb.driver.protocol.command - Execution of command with request id 164 completed successfully in 36.33 ms on connection [connectionId{localValue:1, serverValue:264752}] to server ac-o2suyf6-shard-00-01.7qtbnuz.mongodb.net:27017
20:54:59.592 [cluster-rtt-ClusterId{value='63e6a0d661c2a601272c4cef', description='null'}-ac-o2suyf6-shard-00-00.7qtbnuz.mongodb.net:27017] DEBUG org.mongodb.driver.protocol.command - Execution of command with request id 165 completed successfully in 36.34 ms on connection [connectionId{localValue:4, serverValue:269285}] to server ac-o2suyf6-shard-00-00.7qtbnuz.mongodb.net:27017
20:55:00.288 [Test worker @coroutine#1215] DEBUG io.mockk.impl.instantiation.AbstractMockFactory - Creating mockk for User name=child of repo#726#734
20:55:00.290 [DefaultDispatcher-worker-9] DEBUG io.mockk.impl.recording.states.AnsweringState - Answering User(id=63e6a10a61c2a601272c50d9, uuid=93a98d69-0000-1111-0000-05b596ea83ba, nombre=loli, apellido=test, telefono=123456789, email=loli@test.com, password=lolitest, perfil=ADMIN, activo=true) on UserRepository(repo#726).setInactive(63e6a10a61c2a601272c50d9, continuation {})
]]></system-out>
  <system-err><![CDATA[]]></system-err>
</testsuite>
