<?xml version="1.0" encoding="UTF-8"?>
<testsuite name="koin.repositories.tarea.TareaRepositoryTest" tests="8" skipped="0" failures="0" errors="0" timestamp="2023-02-05T12:52:53" hostname="LOLI-LAPTOP" time="0.958">
  <properties/>
  <testcase name="setFinalizada()" classname="koin.repositories.tarea.TareaRepositoryTest" time="0.191"/>
  <testcase name="delete()" classname="koin.repositories.tarea.TareaRepositoryTest" time="0.171"/>
  <testcase name="findAll()" classname="koin.repositories.tarea.TareaRepositoryTest" time="0.096"/>
  <testcase name="findById()" classname="koin.repositories.tarea.TareaRepositoryTest" time="0.09"/>
  <testcase name="findByUuid()" classname="koin.repositories.tarea.TareaRepositoryTest" time="0.091"/>
  <testcase name="save()" classname="koin.repositories.tarea.TareaRepositoryTest" time="0.09"/>
  <testcase name="findByIdNotExists()" classname="koin.repositories.tarea.TareaRepositoryTest" time="0.104"/>
  <testcase name="deleteNotExists()" classname="koin.repositories.tarea.TareaRepositoryTest" time="0.124"/>
  <system-out><![CDATA[13:52:53.811 [AsyncGetter-5-thread-1] DEBUG org.mongodb.driver.protocol.command - Sending command '{"drop": "tarea", "$db": "practica03mongoIvanLoli", "$clusterTime": {"clusterTime": {"$timestamp": {"t": 1675601571, "i": 6}}, "signature": {"hash": {"$binary": {"base64": "YALaiQ09fhG5A82d6ocSj/WA6pw=", "subType": "00"}}, "keyId": 7161871216054108163}}, "lsid": {"id": {"$binary": {"base64": "GufSMHdrQSyEi1m74LkJJA==", "subType": "04"}}}}' with request id 124 to database practica03mongoIvanLoli on connection [connectionId{localValue:7, serverValue:173256}] to server ac-o2suyf6-shard-00-02.7qtbnuz.mongodb.net:27017
13:52:53.857 [async-channel-group-0-handler-executor] DEBUG org.mongodb.driver.protocol.command - Execution of command with request id 124 completed successfully in 46.55 ms on connection [connectionId{localValue:7, serverValue:173256}] to server ac-o2suyf6-shard-00-02.7qtbnuz.mongodb.net:27017
13:52:53.874 [AsyncGetter-5-thread-1] DEBUG org.mongodb.driver.protocol.command - Sending command '{"update": "tarea", "ordered": true, "txnNumber": 37, "$db": "practica03mongoIvanLoli", "$clusterTime": {"clusterTime": {"$timestamp": {"t": 1675601572, "i": 6}}, "signature": {"hash": {"$binary": {"base64": "qhhYIVQ4AEcb/blVS6rqNnXfhY8=", "subType": "00"}}, "keyId": 7161871216054108163}}, "lsid": {"id": {"$binary": {"base64": "GufSMHdrQSyEi1m74LkJJA==", "subType": "04"}}}, "updates": [{"q": {"_id": {"$oid": "63dfa6a545532c417eff81df"}}, "u": {"_id": {"$oid": "63dfa6a545532c417eff81df"}, "uuid": {"$binary": {"base64": "p0gTAGmNqZPMg+qWtQVPsw==", "subType": "03"}}, "raquetaId": {"$binary": {"base64": "p0gBAGmNqZO6g+qWtQVPsw==", "subType": "03"}}, "precio": 0.0, "tipo": "ADQUISICION", "finalizada": false, "pedidoId": {"$binary": {"base64": "p0gQAGmNqZPMiuqWtQVPsw==", "subType": "03"}}, "productoAdquiridoId": {"$binary": {"base64": "p0gEAGmNqZOqg+qWtQVPsw==", "subType": "03"}}, "peso": null, "balance": null, "rigidez": null, "tensionHorizontal": null, "cordajeHorizontalId": null, "tension ...' with request id 125 to database practica03mongoIvanLoli on connection [connectionId{localValue:7, serverValue:173256}] to server ac-o2suyf6-shard-00-02.7qtbnuz.mongodb.net:27017
13:52:53.948 [async-channel-group-0-handler-executor] DEBUG org.mongodb.driver.protocol.command - Execution of command with request id 125 completed successfully in 74.74 ms on connection [connectionId{localValue:7, serverValue:173256}] to server ac-o2suyf6-shard-00-02.7qtbnuz.mongodb.net:27017
13:52:53.959 [DefaultDispatcher-worker-1 @coroutine#971] DEBUG koin.repositories.tarea.TareaRepository - setFinalizada(63dfa6a545532c417eff81df)
13:52:53.962 [AsyncGetter-5-thread-1] DEBUG org.mongodb.driver.protocol.command - Sending command '{"find": "tarea", "filter": {"_id": {"$oid": "63dfa6a545532c417eff81df"}}, "limit": 1, "singleBatch": true, "$db": "practica03mongoIvanLoli", "$clusterTime": {"clusterTime": {"$timestamp": {"t": 1675601572, "i": 10}}, "signature": {"hash": {"$binary": {"base64": "qhhYIVQ4AEcb/blVS6rqNnXfhY8=", "subType": "00"}}, "keyId": 7161871216054108163}}, "lsid": {"id": {"$binary": {"base64": "GufSMHdrQSyEi1m74LkJJA==", "subType": "04"}}}}' with request id 126 to database practica03mongoIvanLoli on connection [connectionId{localValue:7, serverValue:173256}] to server ac-o2suyf6-shard-00-02.7qtbnuz.mongodb.net:27017
13:52:53.999 [async-channel-group-0-handler-executor] DEBUG org.mongodb.driver.protocol.command - Execution of command with request id 126 completed successfully in 38.23 ms on connection [connectionId{localValue:7, serverValue:173256}] to server ac-o2suyf6-shard-00-02.7qtbnuz.mongodb.net:27017
13:52:54.000 [async-channel-group-0-handler-executor] DEBUG org.mongodb.driver.operation - Received batch of 1 documents with cursorId 0 from server ac-o2suyf6-shard-00-02.7qtbnuz.mongodb.net:27017
13:52:54.003 [AsyncGetter-5-thread-1] DEBUG org.mongodb.driver.protocol.command - Sending command '{"update": "tarea", "ordered": true, "txnNumber": 38, "$db": "practica03mongoIvanLoli", "$clusterTime": {"clusterTime": {"$timestamp": {"t": 1675601572, "i": 10}}, "signature": {"hash": {"$binary": {"base64": "qhhYIVQ4AEcb/blVS6rqNnXfhY8=", "subType": "00"}}, "keyId": 7161871216054108163}}, "lsid": {"id": {"$binary": {"base64": "GufSMHdrQSyEi1m74LkJJA==", "subType": "04"}}}, "updates": [{"q": {"_id": {"$oid": "63dfa6a545532c417eff81df"}}, "u": {"_id": {"$oid": "63dfa6a545532c417eff81df"}, "uuid": {"$binary": {"base64": "p0gTAGmNqZPMg+qWtQVPsw==", "subType": "03"}}, "raquetaId": {"$binary": {"base64": "p0gBAGmNqZO6g+qWtQVPsw==", "subType": "03"}}, "precio": 0.0, "tipo": "ADQUISICION", "finalizada": true, "pedidoId": {"$binary": {"base64": "p0gQAGmNqZPMiuqWtQVPsw==", "subType": "03"}}, "productoAdquiridoId": {"$binary": {"base64": "p0gEAGmNqZOqg+qWtQVPsw==", "subType": "03"}}, "peso": null, "balance": null, "rigidez": null, "tensionHorizontal": null, "cordajeHorizontalId": null, "tension ...' with request id 127 to database practica03mongoIvanLoli on connection [connectionId{localValue:7, serverValue:173256}] to server ac-o2suyf6-shard-00-02.7qtbnuz.mongodb.net:27017
13:52:54.044 [async-channel-group-0-handler-executor] DEBUG org.mongodb.driver.protocol.command - Execution of command with request id 127 completed successfully in 41.95 ms on connection [connectionId{localValue:7, serverValue:173256}] to server ac-o2suyf6-shard-00-02.7qtbnuz.mongodb.net:27017
13:52:54.054 [AsyncGetter-5-thread-1] DEBUG org.mongodb.driver.protocol.command - Sending command '{"update": "tarea", "ordered": true, "txnNumber": 39, "$db": "practica03mongoIvanLoli", "$clusterTime": {"clusterTime": {"$timestamp": {"t": 1675601572, "i": 11}}, "signature": {"hash": {"$binary": {"base64": "qhhYIVQ4AEcb/blVS6rqNnXfhY8=", "subType": "00"}}, "keyId": 7161871216054108163}}, "lsid": {"id": {"$binary": {"base64": "GufSMHdrQSyEi1m74LkJJA==", "subType": "04"}}}, "updates": [{"q": {"_id": {"$oid": "63dfa6a545532c417eff81df"}}, "u": {"_id": {"$oid": "63dfa6a545532c417eff81df"}, "uuid": {"$binary": {"base64": "p0gTAGmNqZPMg+qWtQVPsw==", "subType": "03"}}, "raquetaId": {"$binary": {"base64": "p0gBAGmNqZO6g+qWtQVPsw==", "subType": "03"}}, "precio": 0.0, "tipo": "ADQUISICION", "finalizada": false, "pedidoId": {"$binary": {"base64": "p0gQAGmNqZPMiuqWtQVPsw==", "subType": "03"}}, "productoAdquiridoId": {"$binary": {"base64": "p0gEAGmNqZOqg+qWtQVPsw==", "subType": "03"}}, "peso": null, "balance": null, "rigidez": null, "tensionHorizontal": null, "cordajeHorizontalId": null, "tensio ...' with request id 128 to database practica03mongoIvanLoli on connection [connectionId{localValue:7, serverValue:173256}] to server ac-o2suyf6-shard-00-02.7qtbnuz.mongodb.net:27017
13:52:54.097 [async-channel-group-0-handler-executor] DEBUG org.mongodb.driver.protocol.command - Execution of command with request id 128 completed successfully in 43.17 ms on connection [connectionId{localValue:7, serverValue:173256}] to server ac-o2suyf6-shard-00-02.7qtbnuz.mongodb.net:27017
13:52:54.107 [DefaultDispatcher-worker-1 @coroutine#976] DEBUG koin.repositories.tarea.TareaRepository - delete(63dfa6a545532c417eff81df)
13:52:54.110 [AsyncGetter-5-thread-1] DEBUG org.mongodb.driver.protocol.command - Sending command '{"find": "tarea", "filter": {"_id": {"$oid": "63dfa6a545532c417eff81df"}}, "limit": 1, "singleBatch": true, "$db": "practica03mongoIvanLoli", "$clusterTime": {"clusterTime": {"$timestamp": {"t": 1675601573, "i": 1}}, "signature": {"hash": {"$binary": {"base64": "okOIP5Br1uW89Rh2ELMMiWf6tHQ=", "subType": "00"}}, "keyId": 7161871216054108163}}, "lsid": {"id": {"$binary": {"base64": "GufSMHdrQSyEi1m74LkJJA==", "subType": "04"}}}}' with request id 129 to database practica03mongoIvanLoli on connection [connectionId{localValue:7, serverValue:173256}] to server ac-o2suyf6-shard-00-02.7qtbnuz.mongodb.net:27017
13:52:54.170 [async-channel-group-0-handler-executor] DEBUG org.mongodb.driver.protocol.command - Execution of command with request id 129 completed successfully in 60.37 ms on connection [connectionId{localValue:7, serverValue:173256}] to server ac-o2suyf6-shard-00-02.7qtbnuz.mongodb.net:27017
13:52:54.171 [async-channel-group-0-handler-executor] DEBUG org.mongodb.driver.operation - Received batch of 1 documents with cursorId 0 from server ac-o2suyf6-shard-00-02.7qtbnuz.mongodb.net:27017
13:52:54.178 [AsyncGetter-5-thread-1] DEBUG org.mongodb.driver.protocol.command - Sending command '{"delete": "tarea", "ordered": true, "txnNumber": 40, "$db": "practica03mongoIvanLoli", "$clusterTime": {"clusterTime": {"$timestamp": {"t": 1675601573, "i": 1}}, "signature": {"hash": {"$binary": {"base64": "okOIP5Br1uW89Rh2ELMMiWf6tHQ=", "subType": "00"}}, "keyId": 7161871216054108163}}, "lsid": {"id": {"$binary": {"base64": "GufSMHdrQSyEi1m74LkJJA==", "subType": "04"}}}, "deletes": [{"q": {"_id": {"$oid": "63dfa6a545532c417eff81df"}}, "limit": 1}]}' with request id 130 to database practica03mongoIvanLoli on connection [connectionId{localValue:7, serverValue:173256}] to server ac-o2suyf6-shard-00-02.7qtbnuz.mongodb.net:27017
13:52:54.217 [async-channel-group-0-handler-executor] DEBUG org.mongodb.driver.protocol.command - Execution of command with request id 130 completed successfully in 39.62 ms on connection [connectionId{localValue:7, serverValue:173256}] to server ac-o2suyf6-shard-00-02.7qtbnuz.mongodb.net:27017
13:52:54.224 [AsyncGetter-5-thread-1] DEBUG org.mongodb.driver.protocol.command - Sending command '{"update": "tarea", "ordered": true, "txnNumber": 41, "$db": "practica03mongoIvanLoli", "$clusterTime": {"clusterTime": {"$timestamp": {"t": 1675601573, "i": 3}}, "signature": {"hash": {"$binary": {"base64": "okOIP5Br1uW89Rh2ELMMiWf6tHQ=", "subType": "00"}}, "keyId": 7161871216054108163}}, "lsid": {"id": {"$binary": {"base64": "GufSMHdrQSyEi1m74LkJJA==", "subType": "04"}}}, "updates": [{"q": {"_id": {"$oid": "63dfa6a545532c417eff81df"}}, "u": {"_id": {"$oid": "63dfa6a545532c417eff81df"}, "uuid": {"$binary": {"base64": "p0gTAGmNqZPMg+qWtQVPsw==", "subType": "03"}}, "raquetaId": {"$binary": {"base64": "p0gBAGmNqZO6g+qWtQVPsw==", "subType": "03"}}, "precio": 0.0, "tipo": "ADQUISICION", "finalizada": false, "pedidoId": {"$binary": {"base64": "p0gQAGmNqZPMiuqWtQVPsw==", "subType": "03"}}, "productoAdquiridoId": {"$binary": {"base64": "p0gEAGmNqZOqg+qWtQVPsw==", "subType": "03"}}, "peso": null, "balance": null, "rigidez": null, "tensionHorizontal": null, "cordajeHorizontalId": null, "tension ...' with request id 131 to database practica03mongoIvanLoli on connection [connectionId{localValue:7, serverValue:173256}] to server ac-o2suyf6-shard-00-02.7qtbnuz.mongodb.net:27017
13:52:54.265 [async-channel-group-0-handler-executor] DEBUG org.mongodb.driver.protocol.command - Execution of command with request id 131 completed successfully in 41.77 ms on connection [connectionId{localValue:7, serverValue:173256}] to server ac-o2suyf6-shard-00-02.7qtbnuz.mongodb.net:27017
13:52:54.272 [DefaultDispatcher-worker-1 @coroutine#981] DEBUG koin.repositories.tarea.TareaRepository - findAll()
13:52:54.274 [AsyncGetter-5-thread-1] DEBUG org.mongodb.driver.protocol.command - Sending command '{"find": "tarea", "filter": {}, "batchSize": 64, "$db": "practica03mongoIvanLoli", "$clusterTime": {"clusterTime": {"$timestamp": {"t": 1675601573, "i": 4}}, "signature": {"hash": {"$binary": {"base64": "okOIP5Br1uW89Rh2ELMMiWf6tHQ=", "subType": "00"}}, "keyId": 7161871216054108163}}, "lsid": {"id": {"$binary": {"base64": "GufSMHdrQSyEi1m74LkJJA==", "subType": "04"}}}}' with request id 132 to database practica03mongoIvanLoli on connection [connectionId{localValue:7, serverValue:173256}] to server ac-o2suyf6-shard-00-02.7qtbnuz.mongodb.net:27017
13:52:54.311 [async-channel-group-0-handler-executor] DEBUG org.mongodb.driver.protocol.command - Execution of command with request id 132 completed successfully in 36.92 ms on connection [connectionId{localValue:7, serverValue:173256}] to server ac-o2suyf6-shard-00-02.7qtbnuz.mongodb.net:27017
13:52:54.311 [async-channel-group-0-handler-executor] DEBUG org.mongodb.driver.operation - Received batch of 1 documents with cursorId 0 from server ac-o2suyf6-shard-00-02.7qtbnuz.mongodb.net:27017
13:52:54.319 [AsyncGetter-5-thread-1] DEBUG org.mongodb.driver.protocol.command - Sending command '{"update": "tarea", "ordered": true, "txnNumber": 42, "$db": "practica03mongoIvanLoli", "$clusterTime": {"clusterTime": {"$timestamp": {"t": 1675601573, "i": 5}}, "signature": {"hash": {"$binary": {"base64": "okOIP5Br1uW89Rh2ELMMiWf6tHQ=", "subType": "00"}}, "keyId": 7161871216054108163}}, "lsid": {"id": {"$binary": {"base64": "GufSMHdrQSyEi1m74LkJJA==", "subType": "04"}}}, "updates": [{"q": {"_id": {"$oid": "63dfa6a545532c417eff81df"}}, "u": {"_id": {"$oid": "63dfa6a545532c417eff81df"}, "uuid": {"$binary": {"base64": "p0gTAGmNqZPMg+qWtQVPsw==", "subType": "03"}}, "raquetaId": {"$binary": {"base64": "p0gBAGmNqZO6g+qWtQVPsw==", "subType": "03"}}, "precio": 0.0, "tipo": "ADQUISICION", "finalizada": false, "pedidoId": {"$binary": {"base64": "p0gQAGmNqZPMiuqWtQVPsw==", "subType": "03"}}, "productoAdquiridoId": {"$binary": {"base64": "p0gEAGmNqZOqg+qWtQVPsw==", "subType": "03"}}, "peso": null, "balance": null, "rigidez": null, "tensionHorizontal": null, "cordajeHorizontalId": null, "tension ...' with request id 133 to database practica03mongoIvanLoli on connection [connectionId{localValue:7, serverValue:173256}] to server ac-o2suyf6-shard-00-02.7qtbnuz.mongodb.net:27017
13:52:54.356 [async-channel-group-0-handler-executor] DEBUG org.mongodb.driver.protocol.command - Execution of command with request id 133 completed successfully in 37.25 ms on connection [connectionId{localValue:7, serverValue:173256}] to server ac-o2suyf6-shard-00-02.7qtbnuz.mongodb.net:27017
13:52:54.367 [DefaultDispatcher-worker-7 @coroutine#987] DEBUG koin.repositories.tarea.TareaRepository - findById(63dfa6a545532c417eff81df)
13:52:54.370 [AsyncGetter-5-thread-1] DEBUG org.mongodb.driver.protocol.command - Sending command '{"find": "tarea", "filter": {"_id": {"$oid": "63dfa6a545532c417eff81df"}}, "limit": 1, "singleBatch": true, "$db": "practica03mongoIvanLoli", "$clusterTime": {"clusterTime": {"$timestamp": {"t": 1675601573, "i": 5}}, "signature": {"hash": {"$binary": {"base64": "okOIP5Br1uW89Rh2ELMMiWf6tHQ=", "subType": "00"}}, "keyId": 7161871216054108163}}, "lsid": {"id": {"$binary": {"base64": "GufSMHdrQSyEi1m74LkJJA==", "subType": "04"}}}}' with request id 134 to database practica03mongoIvanLoli on connection [connectionId{localValue:7, serverValue:173256}] to server ac-o2suyf6-shard-00-02.7qtbnuz.mongodb.net:27017
13:52:54.405 [async-channel-group-0-handler-executor] DEBUG org.mongodb.driver.protocol.command - Execution of command with request id 134 completed successfully in 35.32 ms on connection [connectionId{localValue:7, serverValue:173256}] to server ac-o2suyf6-shard-00-02.7qtbnuz.mongodb.net:27017
13:52:54.406 [async-channel-group-0-handler-executor] DEBUG org.mongodb.driver.operation - Received batch of 1 documents with cursorId 0 from server ac-o2suyf6-shard-00-02.7qtbnuz.mongodb.net:27017
13:52:54.410 [AsyncGetter-5-thread-1] DEBUG org.mongodb.driver.protocol.command - Sending command '{"update": "tarea", "ordered": true, "txnNumber": 43, "$db": "practica03mongoIvanLoli", "$clusterTime": {"clusterTime": {"$timestamp": {"t": 1675601573, "i": 6}}, "signature": {"hash": {"$binary": {"base64": "okOIP5Br1uW89Rh2ELMMiWf6tHQ=", "subType": "00"}}, "keyId": 7161871216054108163}}, "lsid": {"id": {"$binary": {"base64": "GufSMHdrQSyEi1m74LkJJA==", "subType": "04"}}}, "updates": [{"q": {"_id": {"$oid": "63dfa6a545532c417eff81df"}}, "u": {"_id": {"$oid": "63dfa6a545532c417eff81df"}, "uuid": {"$binary": {"base64": "p0gTAGmNqZPMg+qWtQVPsw==", "subType": "03"}}, "raquetaId": {"$binary": {"base64": "p0gBAGmNqZO6g+qWtQVPsw==", "subType": "03"}}, "precio": 0.0, "tipo": "ADQUISICION", "finalizada": false, "pedidoId": {"$binary": {"base64": "p0gQAGmNqZPMiuqWtQVPsw==", "subType": "03"}}, "productoAdquiridoId": {"$binary": {"base64": "p0gEAGmNqZOqg+qWtQVPsw==", "subType": "03"}}, "peso": null, "balance": null, "rigidez": null, "tensionHorizontal": null, "cordajeHorizontalId": null, "tension ...' with request id 135 to database practica03mongoIvanLoli on connection [connectionId{localValue:7, serverValue:173256}] to server ac-o2suyf6-shard-00-02.7qtbnuz.mongodb.net:27017
13:52:54.449 [async-channel-group-0-handler-executor] DEBUG org.mongodb.driver.protocol.command - Execution of command with request id 135 completed successfully in 39.00 ms on connection [connectionId{localValue:7, serverValue:173256}] to server ac-o2suyf6-shard-00-02.7qtbnuz.mongodb.net:27017
13:52:54.455 [DefaultDispatcher-worker-7 @coroutine#992] DEBUG koin.repositories.tarea.TareaRepository - findByUUID(93a98d69-0013-48a7-b34f-05b596ea83cc)
13:52:54.457 [AsyncGetter-5-thread-1] DEBUG org.mongodb.driver.protocol.command - Sending command '{"find": "tarea", "filter": {}, "batchSize": 64, "$db": "practica03mongoIvanLoli", "$clusterTime": {"clusterTime": {"$timestamp": {"t": 1675601573, "i": 7}}, "signature": {"hash": {"$binary": {"base64": "okOIP5Br1uW89Rh2ELMMiWf6tHQ=", "subType": "00"}}, "keyId": 7161871216054108163}}, "lsid": {"id": {"$binary": {"base64": "GufSMHdrQSyEi1m74LkJJA==", "subType": "04"}}}}' with request id 136 to database practica03mongoIvanLoli on connection [connectionId{localValue:7, serverValue:173256}] to server ac-o2suyf6-shard-00-02.7qtbnuz.mongodb.net:27017
13:52:54.494 [async-channel-group-0-handler-executor] DEBUG org.mongodb.driver.protocol.command - Execution of command with request id 136 completed successfully in 37.19 ms on connection [connectionId{localValue:7, serverValue:173256}] to server ac-o2suyf6-shard-00-02.7qtbnuz.mongodb.net:27017
13:52:54.494 [async-channel-group-0-handler-executor] DEBUG org.mongodb.driver.operation - Received batch of 1 documents with cursorId 0 from server ac-o2suyf6-shard-00-02.7qtbnuz.mongodb.net:27017
13:52:54.501 [AsyncGetter-5-thread-1] DEBUG org.mongodb.driver.protocol.command - Sending command '{"update": "tarea", "ordered": true, "txnNumber": 44, "$db": "practica03mongoIvanLoli", "$clusterTime": {"clusterTime": {"$timestamp": {"t": 1675601573, "i": 8}}, "signature": {"hash": {"$binary": {"base64": "okOIP5Br1uW89Rh2ELMMiWf6tHQ=", "subType": "00"}}, "keyId": 7161871216054108163}}, "lsid": {"id": {"$binary": {"base64": "GufSMHdrQSyEi1m74LkJJA==", "subType": "04"}}}, "updates": [{"q": {"_id": {"$oid": "63dfa6a545532c417eff81df"}}, "u": {"_id": {"$oid": "63dfa6a545532c417eff81df"}, "uuid": {"$binary": {"base64": "p0gTAGmNqZPMg+qWtQVPsw==", "subType": "03"}}, "raquetaId": {"$binary": {"base64": "p0gBAGmNqZO6g+qWtQVPsw==", "subType": "03"}}, "precio": 0.0, "tipo": "ADQUISICION", "finalizada": false, "pedidoId": {"$binary": {"base64": "p0gQAGmNqZPMiuqWtQVPsw==", "subType": "03"}}, "productoAdquiridoId": {"$binary": {"base64": "p0gEAGmNqZOqg+qWtQVPsw==", "subType": "03"}}, "peso": null, "balance": null, "rigidez": null, "tensionHorizontal": null, "cordajeHorizontalId": null, "tension ...' with request id 137 to database practica03mongoIvanLoli on connection [connectionId{localValue:7, serverValue:173256}] to server ac-o2suyf6-shard-00-02.7qtbnuz.mongodb.net:27017
13:52:54.537 [async-channel-group-0-handler-executor] DEBUG org.mongodb.driver.protocol.command - Execution of command with request id 137 completed successfully in 37.08 ms on connection [connectionId{localValue:7, serverValue:173256}] to server ac-o2suyf6-shard-00-02.7qtbnuz.mongodb.net:27017
13:52:54.545 [DefaultDispatcher-worker-7 @coroutine#997] DEBUG koin.repositories.tarea.TareaRepository - save(Tarea(id=63dfa6a545532c417eff81df, uuid=93a98d69-0013-48a7-b34f-05b596ea83cc, raquetaId=93a98d69-0001-48a7-b34f-05b596ea83ba, precio=0.0, tipo=ADQUISICION, finalizada=false, pedidoId=93a98d69-0010-48a7-b34f-05b596ea8acc, productoAdquiridoId=93a98d69-0004-48a7-b34f-05b596ea83aa, peso=null, balance=null, rigidez=null, tensionHorizontal=null, cordajeHorizontalId=null, tensionVertical=null, cordajeVerticalId=null, dosNudos=null))
13:52:54.549 [AsyncGetter-5-thread-1] DEBUG org.mongodb.driver.protocol.command - Sending command '{"update": "tarea", "ordered": true, "txnNumber": 45, "$db": "practica03mongoIvanLoli", "$clusterTime": {"clusterTime": {"$timestamp": {"t": 1675601573, "i": 8}}, "signature": {"hash": {"$binary": {"base64": "okOIP5Br1uW89Rh2ELMMiWf6tHQ=", "subType": "00"}}, "keyId": 7161871216054108163}}, "lsid": {"id": {"$binary": {"base64": "GufSMHdrQSyEi1m74LkJJA==", "subType": "04"}}}, "updates": [{"q": {"_id": {"$oid": "63dfa6a545532c417eff81df"}}, "u": {"_id": {"$oid": "63dfa6a545532c417eff81df"}, "uuid": {"$binary": {"base64": "p0gTAGmNqZPMg+qWtQVPsw==", "subType": "03"}}, "raquetaId": {"$binary": {"base64": "p0gBAGmNqZO6g+qWtQVPsw==", "subType": "03"}}, "precio": 0.0, "tipo": "ADQUISICION", "finalizada": false, "pedidoId": {"$binary": {"base64": "p0gQAGmNqZPMiuqWtQVPsw==", "subType": "03"}}, "productoAdquiridoId": {"$binary": {"base64": "p0gEAGmNqZOqg+qWtQVPsw==", "subType": "03"}}, "peso": null, "balance": null, "rigidez": null, "tensionHorizontal": null, "cordajeHorizontalId": null, "tension ...' with request id 138 to database practica03mongoIvanLoli on connection [connectionId{localValue:7, serverValue:173256}] to server ac-o2suyf6-shard-00-02.7qtbnuz.mongodb.net:27017
13:52:54.586 [async-channel-group-0-handler-executor] DEBUG org.mongodb.driver.protocol.command - Execution of command with request id 138 completed successfully in 36.80 ms on connection [connectionId{localValue:7, serverValue:173256}] to server ac-o2suyf6-shard-00-02.7qtbnuz.mongodb.net:27017
13:52:54.591 [AsyncGetter-5-thread-1] DEBUG org.mongodb.driver.protocol.command - Sending command '{"update": "tarea", "ordered": true, "txnNumber": 46, "$db": "practica03mongoIvanLoli", "$clusterTime": {"clusterTime": {"$timestamp": {"t": 1675601573, "i": 8}}, "signature": {"hash": {"$binary": {"base64": "okOIP5Br1uW89Rh2ELMMiWf6tHQ=", "subType": "00"}}, "keyId": 7161871216054108163}}, "lsid": {"id": {"$binary": {"base64": "GufSMHdrQSyEi1m74LkJJA==", "subType": "04"}}}, "updates": [{"q": {"_id": {"$oid": "63dfa6a545532c417eff81df"}}, "u": {"_id": {"$oid": "63dfa6a545532c417eff81df"}, "uuid": {"$binary": {"base64": "p0gTAGmNqZPMg+qWtQVPsw==", "subType": "03"}}, "raquetaId": {"$binary": {"base64": "p0gBAGmNqZO6g+qWtQVPsw==", "subType": "03"}}, "precio": 0.0, "tipo": "ADQUISICION", "finalizada": false, "pedidoId": {"$binary": {"base64": "p0gQAGmNqZPMiuqWtQVPsw==", "subType": "03"}}, "productoAdquiridoId": {"$binary": {"base64": "p0gEAGmNqZOqg+qWtQVPsw==", "subType": "03"}}, "peso": null, "balance": null, "rigidez": null, "tensionHorizontal": null, "cordajeHorizontalId": null, "tension ...' with request id 139 to database practica03mongoIvanLoli on connection [connectionId{localValue:7, serverValue:173256}] to server ac-o2suyf6-shard-00-02.7qtbnuz.mongodb.net:27017
13:52:54.649 [async-channel-group-0-handler-executor] DEBUG org.mongodb.driver.protocol.command - Execution of command with request id 139 completed successfully in 58.82 ms on connection [connectionId{localValue:7, serverValue:173256}] to server ac-o2suyf6-shard-00-02.7qtbnuz.mongodb.net:27017
13:52:54.653 [DefaultDispatcher-worker-7 @coroutine#1002] DEBUG koin.repositories.tarea.TareaRepository - findById(63dfa6a645532c417eff81e0)
13:52:54.655 [AsyncGetter-5-thread-1] DEBUG org.mongodb.driver.protocol.command - Sending command '{"find": "tarea", "filter": {"_id": {"$oid": "63dfa6a645532c417eff81e0"}}, "limit": 1, "singleBatch": true, "$db": "practica03mongoIvanLoli", "$clusterTime": {"clusterTime": {"$timestamp": {"t": 1675601573, "i": 8}}, "signature": {"hash": {"$binary": {"base64": "okOIP5Br1uW89Rh2ELMMiWf6tHQ=", "subType": "00"}}, "keyId": 7161871216054108163}}, "lsid": {"id": {"$binary": {"base64": "GufSMHdrQSyEi1m74LkJJA==", "subType": "04"}}}}' with request id 140 to database practica03mongoIvanLoli on connection [connectionId{localValue:7, serverValue:173256}] to server ac-o2suyf6-shard-00-02.7qtbnuz.mongodb.net:27017
13:52:54.692 [async-channel-group-0-handler-executor] DEBUG org.mongodb.driver.protocol.command - Execution of command with request id 140 completed successfully in 36.56 ms on connection [connectionId{localValue:7, serverValue:173256}] to server ac-o2suyf6-shard-00-02.7qtbnuz.mongodb.net:27017
13:52:54.692 [async-channel-group-0-handler-executor] DEBUG org.mongodb.driver.operation - Received batch of 0 documents with cursorId 0 from server ac-o2suyf6-shard-00-02.7qtbnuz.mongodb.net:27017
13:52:54.696 [AsyncGetter-5-thread-1] DEBUG org.mongodb.driver.protocol.command - Sending command '{"update": "tarea", "ordered": true, "txnNumber": 47, "$db": "practica03mongoIvanLoli", "$clusterTime": {"clusterTime": {"$timestamp": {"t": 1675601573, "i": 8}}, "signature": {"hash": {"$binary": {"base64": "okOIP5Br1uW89Rh2ELMMiWf6tHQ=", "subType": "00"}}, "keyId": 7161871216054108163}}, "lsid": {"id": {"$binary": {"base64": "GufSMHdrQSyEi1m74LkJJA==", "subType": "04"}}}, "updates": [{"q": {"_id": {"$oid": "63dfa6a545532c417eff81df"}}, "u": {"_id": {"$oid": "63dfa6a545532c417eff81df"}, "uuid": {"$binary": {"base64": "p0gTAGmNqZPMg+qWtQVPsw==", "subType": "03"}}, "raquetaId": {"$binary": {"base64": "p0gBAGmNqZO6g+qWtQVPsw==", "subType": "03"}}, "precio": 0.0, "tipo": "ADQUISICION", "finalizada": false, "pedidoId": {"$binary": {"base64": "p0gQAGmNqZPMiuqWtQVPsw==", "subType": "03"}}, "productoAdquiridoId": {"$binary": {"base64": "p0gEAGmNqZOqg+qWtQVPsw==", "subType": "03"}}, "peso": null, "balance": null, "rigidez": null, "tensionHorizontal": null, "cordajeHorizontalId": null, "tension ...' with request id 141 to database practica03mongoIvanLoli on connection [connectionId{localValue:7, serverValue:173256}] to server ac-o2suyf6-shard-00-02.7qtbnuz.mongodb.net:27017
13:52:54.734 [async-channel-group-0-handler-executor] DEBUG org.mongodb.driver.protocol.command - Execution of command with request id 141 completed successfully in 37.94 ms on connection [connectionId{localValue:7, serverValue:173256}] to server ac-o2suyf6-shard-00-02.7qtbnuz.mongodb.net:27017
13:52:54.738 [DefaultDispatcher-worker-7 @coroutine#1007] DEBUG koin.repositories.tarea.TareaRepository - delete(63dfa6a645532c417eff81e1)
13:52:54.739 [AsyncGetter-5-thread-1] DEBUG org.mongodb.driver.protocol.command - Sending command '{"find": "tarea", "filter": {"_id": {"$oid": "63dfa6a645532c417eff81e1"}}, "limit": 1, "singleBatch": true, "$db": "practica03mongoIvanLoli", "$clusterTime": {"clusterTime": {"$timestamp": {"t": 1675601573, "i": 8}}, "signature": {"hash": {"$binary": {"base64": "okOIP5Br1uW89Rh2ELMMiWf6tHQ=", "subType": "00"}}, "keyId": 7161871216054108163}}, "lsid": {"id": {"$binary": {"base64": "GufSMHdrQSyEi1m74LkJJA==", "subType": "04"}}}}' with request id 142 to database practica03mongoIvanLoli on connection [connectionId{localValue:7, serverValue:173256}] to server ac-o2suyf6-shard-00-02.7qtbnuz.mongodb.net:27017
13:52:54.777 [async-channel-group-0-handler-executor] DEBUG org.mongodb.driver.protocol.command - Execution of command with request id 142 completed successfully in 38.33 ms on connection [connectionId{localValue:7, serverValue:173256}] to server ac-o2suyf6-shard-00-02.7qtbnuz.mongodb.net:27017
13:52:54.778 [async-channel-group-0-handler-executor] DEBUG org.mongodb.driver.operation - Received batch of 0 documents with cursorId 0 from server ac-o2suyf6-shard-00-02.7qtbnuz.mongodb.net:27017
13:52:54.780 [AsyncGetter-5-thread-1] DEBUG org.mongodb.driver.protocol.command - Sending command '{"delete": "tarea", "ordered": true, "txnNumber": 48, "$db": "practica03mongoIvanLoli", "$clusterTime": {"clusterTime": {"$timestamp": {"t": 1675601573, "i": 8}}, "signature": {"hash": {"$binary": {"base64": "okOIP5Br1uW89Rh2ELMMiWf6tHQ=", "subType": "00"}}, "keyId": 7161871216054108163}}, "lsid": {"id": {"$binary": {"base64": "GufSMHdrQSyEi1m74LkJJA==", "subType": "04"}}}, "deletes": [{"q": {"_id": {"$oid": "63dfa6a645532c417eff81e1"}}, "limit": 1}]}' with request id 143 to database practica03mongoIvanLoli on connection [connectionId{localValue:7, serverValue:173256}] to server ac-o2suyf6-shard-00-02.7qtbnuz.mongodb.net:27017
13:52:54.815 [async-channel-group-0-handler-executor] DEBUG org.mongodb.driver.protocol.command - Execution of command with request id 143 completed successfully in 36.28 ms on connection [connectionId{localValue:7, serverValue:173256}] to server ac-o2suyf6-shard-00-02.7qtbnuz.mongodb.net:27017
13:52:54.818 [AsyncGetter-5-thread-1] DEBUG org.mongodb.driver.protocol.command - Sending command '{"drop": "tarea", "$db": "practica03mongoIvanLoli", "$clusterTime": {"clusterTime": {"$timestamp": {"t": 1675601573, "i": 8}}, "signature": {"hash": {"$binary": {"base64": "okOIP5Br1uW89Rh2ELMMiWf6tHQ=", "subType": "00"}}, "keyId": 7161871216054108163}}, "lsid": {"id": {"$binary": {"base64": "GufSMHdrQSyEi1m74LkJJA==", "subType": "04"}}}}' with request id 144 to database practica03mongoIvanLoli on connection [connectionId{localValue:7, serverValue:173256}] to server ac-o2suyf6-shard-00-02.7qtbnuz.mongodb.net:27017
13:52:54.865 [async-channel-group-0-handler-executor] DEBUG org.mongodb.driver.protocol.command - Execution of command with request id 144 completed successfully in 46.39 ms on connection [connectionId{localValue:7, serverValue:173256}] to server ac-o2suyf6-shard-00-02.7qtbnuz.mongodb.net:27017
]]></system-out>
  <system-err><![CDATA[]]></system-err>
</testsuite>
