<?xml version="1.0" encoding="UTF-8"?>
<testsuite name="koin.repositories.pedido.PedidoRepositoryCachedTest" tests="7" skipped="0" failures="0" errors="0" timestamp="2023-02-05T12:52:49" hostname="LOLI-LAPTOP" time="0.076">
  <properties/>
  <testcase name="delete()" classname="koin.repositories.pedido.PedidoRepositoryCachedTest" time="0.018"/>
  <testcase name="findAll()" classname="koin.repositories.pedido.PedidoRepositoryCachedTest" time="0.01"/>
  <testcase name="findById()" classname="koin.repositories.pedido.PedidoRepositoryCachedTest" time="0.008"/>
  <testcase name="findByUUID()" classname="koin.repositories.pedido.PedidoRepositoryCachedTest" time="0.011"/>
  <testcase name="save()" classname="koin.repositories.pedido.PedidoRepositoryCachedTest" time="0.011"/>
  <testcase name="findByUUIDNotExists()" classname="koin.repositories.pedido.PedidoRepositoryCachedTest" time="0.007"/>
  <testcase name="findByIdNotExists()" classname="koin.repositories.pedido.PedidoRepositoryCachedTest" time="0.007"/>
  <system-out><![CDATA[13:52:49.903 [Test worker] DEBUG koin.services.cache.pedido.PedidoCache - Initializing PedidoCache...
13:52:49.908 [Test worker] DEBUG io.mockk.impl.instantiation.AbstractMockFactory - Creating spyk for PedidoCache name=cache#686
13:52:49.953 [Test worker] DEBUG io.mockk.impl.instantiation.AbstractMockFactory - Creating mockk for PedidoRepository name=repo#687
13:52:49.993 [DefaultDispatcher-worker-1 @coroutine#705] DEBUG io.mockk.impl.recording.states.AnsweringState - Answering 60000 on PedidoCache(cache#686).getRefreshTime()
13:52:49.996 [Test worker @coroutine#706] DEBUG io.mockk.impl.instantiation.AbstractMockFactory - Creating mockk for Pedido name=child of repo#687#688
13:52:49.998 [Test worker @coroutine#706] DEBUG io.mockk.impl.instantiation.AbstractMockFactory - Creating mockk for Pedido name=child of repo#687#689
13:52:50.003 [DefaultDispatcher-worker-1] DEBUG io.mockk.impl.recording.states.AnsweringState - Answering Pedido(id=63dfa6a145532c417eff810b, uuid=93a98d69-0010-48a7-b34f-05b596ea8acc, userId=93a98d69-0006-48a7-b34f-05b596ea839a, state=PROCESO, fechaEntrada=2013-10-10, fechaSalida=2023-12-12, topeEntrega=2023-12-14, precio=0.0) on PedidoRepository(repo#687).delete(63dfa6a145532c417eff810b, continuation {})
13:52:50.004 [DefaultDispatcher-worker-1] DEBUG io.mockk.impl.recording.states.AnsweringState - Answering io.github.reactivecircus.cache4k.RealCache@5183bf50 on PedidoCache(cache#686).getCache()
13:52:50.012 [Test worker @coroutine#714] DEBUG io.mockk.impl.instantiation.AbstractMockFactory - Creating mockk for Flow name=child of repo#687#690
13:52:50.014 [DefaultDispatcher-worker-1] DEBUG io.mockk.impl.recording.states.AnsweringState - Answering kotlinx.coroutines.flow.FlowKt__BuildersKt$flowOf$$inlined$unsafeFlow$2@27c98378 on PedidoRepository(repo#687).findAll(continuation {})
13:52:50.022 [Test worker @coroutine#720] DEBUG io.mockk.impl.instantiation.AbstractMockFactory - Creating mockk for Pedido name=child of repo#687#691
13:52:50.023 [DefaultDispatcher-worker-1] DEBUG io.mockk.impl.recording.states.AnsweringState - Answering Pedido(id=63dfa6a145532c417eff810b, uuid=93a98d69-0010-48a7-b34f-05b596ea8acc, userId=93a98d69-0006-48a7-b34f-05b596ea839a, state=PROCESO, fechaEntrada=2013-10-10, fechaSalida=2023-12-12, topeEntrega=2023-12-14, precio=0.0) on PedidoRepository(repo#687).findById(63dfa6a145532c417eff810b, continuation {})
13:52:50.031 [Test worker @coroutine#726] DEBUG io.mockk.impl.instantiation.AbstractMockFactory - Creating mockk for Pedido name=child of repo#687#692
13:52:50.033 [DefaultDispatcher-worker-1] DEBUG io.mockk.impl.recording.states.AnsweringState - Answering io.github.reactivecircus.cache4k.RealCache@5183bf50 on PedidoCache(cache#686).getCache()
13:52:50.034 [DefaultDispatcher-worker-1] DEBUG io.mockk.impl.recording.states.AnsweringState - Answering Pedido(id=63dfa6a145532c417eff810b, uuid=93a98d69-0010-48a7-b34f-05b596ea8acc, userId=93a98d69-0006-48a7-b34f-05b596ea839a, state=PROCESO, fechaEntrada=2013-10-10, fechaSalida=2023-12-12, topeEntrega=2023-12-14, precio=0.0) on PedidoRepository(repo#687).findByUUID(93a98d69-0010-48a7-b34f-05b596ea8acc, continuation {})
13:52:50.038 [Test worker @background work runner#729] DEBUG io.mockk.impl.instantiation.AbstractMockFactory - Creating mockk for Pedido name=child of repo#687#693
13:52:50.045 [Test worker @coroutine#732] DEBUG io.mockk.impl.instantiation.AbstractMockFactory - Creating mockk for Pedido name=child of repo#687#694
13:52:50.047 [DefaultDispatcher-worker-1] DEBUG io.mockk.impl.recording.states.AnsweringState - Answering Pedido(id=63dfa6a145532c417eff810b, uuid=93a98d69-0010-48a7-b34f-05b596ea8acc, userId=93a98d69-0006-48a7-b34f-05b596ea839a, state=PROCESO, fechaEntrada=2013-10-10, fechaSalida=2023-12-12, topeEntrega=2023-12-14, precio=0.0) on PedidoRepository(repo#687).save(Pedido(id=63dfa6a145532c417eff810b, uuid=93a98d69-0010-48a7-b34f-05b596ea8acc, userId=93a98d69-0006-48a7-b34f-05b596ea839a, state=PROCESO, fechaEntrada=2013-10-10, fechaSalida=2023-12-12, topeEntrega=2023-12-14, precio=0.0), continuation {})
13:52:50.056 [DefaultDispatcher-worker-1] DEBUG io.mockk.impl.recording.states.AnsweringState - Answering io.github.reactivecircus.cache4k.RealCache@5183bf50 on PedidoCache(cache#686).getCache()
13:52:50.056 [DefaultDispatcher-worker-1] DEBUG io.mockk.impl.recording.states.AnsweringState - Answering null on PedidoRepository(repo#687).findByUUID(dedc27a6-c82c-4122-abbe-af271ae4dacf, continuation {})
13:52:50.064 [DefaultDispatcher-worker-1] DEBUG io.mockk.impl.recording.states.AnsweringState - Answering null on PedidoRepository(repo#687).findById(63dfa6a245532c417eff810c, continuation {})
]]></system-out>
  <system-err><![CDATA[]]></system-err>
</testsuite>
