<?xml version="1.0" encoding="UTF-8"?>
<testsuite name="koin.repositories.pedido.PedidoRepositoryTest" tests="7" skipped="0" failures="0" errors="0" timestamp="2023-02-05T12:52:50" hostname="LOLI-LAPTOP" time="0.89">
  <properties/>
  <testcase name="delete()" classname="koin.repositories.pedido.PedidoRepositoryTest" time="0.207"/>
  <testcase name="findAll()" classname="koin.repositories.pedido.PedidoRepositoryTest" time="0.121"/>
  <testcase name="findById()" classname="koin.repositories.pedido.PedidoRepositoryTest" time="0.123"/>
  <testcase name="findByUuid()" classname="koin.repositories.pedido.PedidoRepositoryTest" time="0.102"/>
  <testcase name="save()" classname="koin.repositories.pedido.PedidoRepositoryTest" time="0.119"/>
  <testcase name="findByIdNotExists()" classname="koin.repositories.pedido.PedidoRepositoryTest" time="0.087"/>
  <testcase name="deleteNotExists()" classname="koin.repositories.pedido.PedidoRepositoryTest" time="0.128"/>
  <system-out><![CDATA[13:52:50.071 [AsyncGetter-5-thread-1] DEBUG org.mongodb.driver.protocol.command - Sending command '{"drop": "pedido", "$db": "practica03mongoIvanLoli", "$clusterTime": {"clusterTime": {"$timestamp": {"t": 1675601568, "i": 6}}, "signature": {"hash": {"$binary": {"base64": "+/2BS4ep3CPTVbx9tMS1TLNwj9M=", "subType": "00"}}, "keyId": 7161871216054108163}}, "lsid": {"id": {"$binary": {"base64": "GufSMHdrQSyEi1m74LkJJA==", "subType": "04"}}}}' with request id 82 to database practica03mongoIvanLoli on connection [connectionId{localValue:7, serverValue:173256}] to server ac-o2suyf6-shard-00-02.7qtbnuz.mongodb.net:27017
13:52:50.118 [async-channel-group-0-handler-executor] DEBUG org.mongodb.driver.protocol.command - Execution of command with request id 82 completed successfully in 46.12 ms on connection [connectionId{localValue:7, serverValue:173256}] to server ac-o2suyf6-shard-00-02.7qtbnuz.mongodb.net:27017
13:52:50.128 [AsyncGetter-5-thread-1] DEBUG org.mongodb.driver.protocol.command - Sending command '{"update": "pedido", "ordered": true, "txnNumber": 13, "$db": "practica03mongoIvanLoli", "$clusterTime": {"clusterTime": {"$timestamp": {"t": 1675601569, "i": 2}}, "signature": {"hash": {"$binary": {"base64": "IzK4phwIz7XFLdmBEJihBoBT1go=", "subType": "00"}}, "keyId": 7161871216054108163}}, "lsid": {"id": {"$binary": {"base64": "GufSMHdrQSyEi1m74LkJJA==", "subType": "04"}}}, "updates": [{"q": {"_id": {"$oid": "63dfa6a245532c417eff810d"}}, "u": {"_id": {"$oid": "63dfa6a245532c417eff810d"}, "uuid": {"$binary": {"base64": "p0gQAGmNqZPMiuqWtQVPsw==", "subType": "03"}}, "userId": {"$binary": {"base64": "p0gGAGmNqZOag+qWtQVPsw==", "subType": "03"}}, "state": "PROCESO", "fechaEntrada": {"$date": "2013-10-10T00:00:00Z"}, "fechaSalida": {"$date": "2023-12-12T00:00:00Z"}, "topeEntrega": {"$date": "2023-12-14T00:00:00Z"}, "precio": 0.0}, "upsert": true}]}' with request id 83 to database practica03mongoIvanLoli on connection [connectionId{localValue:7, serverValue:173256}] to server ac-o2suyf6-shard-00-02.7qtbnuz.mongodb.net:27017
13:52:50.223 [async-channel-group-0-handler-executor] DEBUG org.mongodb.driver.protocol.command - Execution of command with request id 83 completed successfully in 95.88 ms on connection [connectionId{localValue:7, serverValue:173256}] to server ac-o2suyf6-shard-00-02.7qtbnuz.mongodb.net:27017
13:52:50.233 [DefaultDispatcher-worker-1 @coroutine#753] DEBUG koin.repositories.pedido.PedidoRepository - delete(63dfa6a245532c417eff810d)
13:52:50.237 [AsyncGetter-5-thread-1] DEBUG org.mongodb.driver.protocol.command - Sending command '{"find": "pedido", "filter": {"_id": {"$oid": "63dfa6a245532c417eff810d"}}, "limit": 1, "singleBatch": true, "$db": "practica03mongoIvanLoli", "$clusterTime": {"clusterTime": {"$timestamp": {"t": 1675601569, "i": 5}}, "signature": {"hash": {"$binary": {"base64": "IzK4phwIz7XFLdmBEJihBoBT1go=", "subType": "00"}}, "keyId": 7161871216054108163}}, "lsid": {"id": {"$binary": {"base64": "GufSMHdrQSyEi1m74LkJJA==", "subType": "04"}}}}' with request id 84 to database practica03mongoIvanLoli on connection [connectionId{localValue:7, serverValue:173256}] to server ac-o2suyf6-shard-00-02.7qtbnuz.mongodb.net:27017
13:52:50.275 [async-channel-group-0-handler-executor] DEBUG org.mongodb.driver.protocol.command - Execution of command with request id 84 completed successfully in 38.97 ms on connection [connectionId{localValue:7, serverValue:173256}] to server ac-o2suyf6-shard-00-02.7qtbnuz.mongodb.net:27017
13:52:50.276 [async-channel-group-0-handler-executor] DEBUG org.mongodb.driver.operation - Received batch of 1 documents with cursorId 0 from server ac-o2suyf6-shard-00-02.7qtbnuz.mongodb.net:27017
13:52:50.279 [AsyncGetter-5-thread-1] DEBUG org.mongodb.driver.protocol.command - Sending command '{"delete": "pedido", "ordered": true, "txnNumber": 14, "$db": "practica03mongoIvanLoli", "$clusterTime": {"clusterTime": {"$timestamp": {"t": 1675601569, "i": 5}}, "signature": {"hash": {"$binary": {"base64": "IzK4phwIz7XFLdmBEJihBoBT1go=", "subType": "00"}}, "keyId": 7161871216054108163}}, "lsid": {"id": {"$binary": {"base64": "GufSMHdrQSyEi1m74LkJJA==", "subType": "04"}}}, "deletes": [{"q": {"_id": {"$oid": "63dfa6a245532c417eff810d"}}, "limit": 1}]}' with request id 85 to database practica03mongoIvanLoli on connection [connectionId{localValue:7, serverValue:173256}] to server ac-o2suyf6-shard-00-02.7qtbnuz.mongodb.net:27017
13:52:50.320 [async-channel-group-0-handler-executor] DEBUG org.mongodb.driver.protocol.command - Execution of command with request id 85 completed successfully in 41.35 ms on connection [connectionId{localValue:7, serverValue:173256}] to server ac-o2suyf6-shard-00-02.7qtbnuz.mongodb.net:27017
13:52:50.330 [AsyncGetter-5-thread-1] DEBUG org.mongodb.driver.protocol.command - Sending command '{"update": "pedido", "ordered": true, "txnNumber": 15, "$db": "practica03mongoIvanLoli", "$clusterTime": {"clusterTime": {"$timestamp": {"t": 1675601569, "i": 6}}, "signature": {"hash": {"$binary": {"base64": "IzK4phwIz7XFLdmBEJihBoBT1go=", "subType": "00"}}, "keyId": 7161871216054108163}}, "lsid": {"id": {"$binary": {"base64": "GufSMHdrQSyEi1m74LkJJA==", "subType": "04"}}}, "updates": [{"q": {"_id": {"$oid": "63dfa6a245532c417eff810d"}}, "u": {"_id": {"$oid": "63dfa6a245532c417eff810d"}, "uuid": {"$binary": {"base64": "p0gQAGmNqZPMiuqWtQVPsw==", "subType": "03"}}, "userId": {"$binary": {"base64": "p0gGAGmNqZOag+qWtQVPsw==", "subType": "03"}}, "state": "PROCESO", "fechaEntrada": {"$date": "2013-10-10T00:00:00Z"}, "fechaSalida": {"$date": "2023-12-12T00:00:00Z"}, "topeEntrega": {"$date": "2023-12-14T00:00:00Z"}, "precio": 0.0}, "upsert": true}]}' with request id 86 to database practica03mongoIvanLoli on connection [connectionId{localValue:7, serverValue:173256}] to server ac-o2suyf6-shard-00-02.7qtbnuz.mongodb.net:27017
13:52:50.373 [async-channel-group-0-handler-executor] DEBUG org.mongodb.driver.protocol.command - Execution of command with request id 86 completed successfully in 43.61 ms on connection [connectionId{localValue:7, serverValue:173256}] to server ac-o2suyf6-shard-00-02.7qtbnuz.mongodb.net:27017
13:52:50.383 [DefaultDispatcher-worker-1 @coroutine#758] DEBUG koin.repositories.pedido.PedidoRepository - findAll()
13:52:50.386 [AsyncGetter-5-thread-1] DEBUG org.mongodb.driver.protocol.command - Sending command '{"find": "pedido", "filter": {}, "batchSize": 64, "$db": "practica03mongoIvanLoli", "$clusterTime": {"clusterTime": {"$timestamp": {"t": 1675601569, "i": 7}}, "signature": {"hash": {"$binary": {"base64": "IzK4phwIz7XFLdmBEJihBoBT1go=", "subType": "00"}}, "keyId": 7161871216054108163}}, "lsid": {"id": {"$binary": {"base64": "GufSMHdrQSyEi1m74LkJJA==", "subType": "04"}}}}' with request id 87 to database practica03mongoIvanLoli on connection [connectionId{localValue:7, serverValue:173256}] to server ac-o2suyf6-shard-00-02.7qtbnuz.mongodb.net:27017
13:52:50.443 [async-channel-group-0-handler-executor] DEBUG org.mongodb.driver.protocol.command - Execution of command with request id 87 completed successfully in 57.47 ms on connection [connectionId{localValue:7, serverValue:173256}] to server ac-o2suyf6-shard-00-02.7qtbnuz.mongodb.net:27017
13:52:50.443 [async-channel-group-0-handler-executor] DEBUG org.mongodb.driver.operation - Received batch of 1 documents with cursorId 0 from server ac-o2suyf6-shard-00-02.7qtbnuz.mongodb.net:27017
13:52:50.450 [AsyncGetter-5-thread-1] DEBUG org.mongodb.driver.protocol.command - Sending command '{"update": "pedido", "ordered": true, "txnNumber": 16, "$db": "practica03mongoIvanLoli", "$clusterTime": {"clusterTime": {"$timestamp": {"t": 1675601569, "i": 7}}, "signature": {"hash": {"$binary": {"base64": "IzK4phwIz7XFLdmBEJihBoBT1go=", "subType": "00"}}, "keyId": 7161871216054108163}}, "lsid": {"id": {"$binary": {"base64": "GufSMHdrQSyEi1m74LkJJA==", "subType": "04"}}}, "updates": [{"q": {"_id": {"$oid": "63dfa6a245532c417eff810d"}}, "u": {"_id": {"$oid": "63dfa6a245532c417eff810d"}, "uuid": {"$binary": {"base64": "p0gQAGmNqZPMiuqWtQVPsw==", "subType": "03"}}, "userId": {"$binary": {"base64": "p0gGAGmNqZOag+qWtQVPsw==", "subType": "03"}}, "state": "PROCESO", "fechaEntrada": {"$date": "2013-10-10T00:00:00Z"}, "fechaSalida": {"$date": "2023-12-12T00:00:00Z"}, "topeEntrega": {"$date": "2023-12-14T00:00:00Z"}, "precio": 0.0}, "upsert": true}]}' with request id 88 to database practica03mongoIvanLoli on connection [connectionId{localValue:7, serverValue:173256}] to server ac-o2suyf6-shard-00-02.7qtbnuz.mongodb.net:27017
13:52:50.515 [async-channel-group-0-handler-executor] DEBUG org.mongodb.driver.protocol.command - Execution of command with request id 88 completed successfully in 64.79 ms on connection [connectionId{localValue:7, serverValue:173256}] to server ac-o2suyf6-shard-00-02.7qtbnuz.mongodb.net:27017
13:52:50.526 [DefaultDispatcher-worker-1 @coroutine#764] DEBUG koin.repositories.pedido.PedidoRepository - findById(63dfa6a245532c417eff810d)
13:52:50.530 [AsyncGetter-5-thread-1] DEBUG org.mongodb.driver.protocol.command - Sending command '{"find": "pedido", "filter": {"_id": {"$oid": "63dfa6a245532c417eff810d"}}, "limit": 1, "singleBatch": true, "$db": "practica03mongoIvanLoli", "$clusterTime": {"clusterTime": {"$timestamp": {"t": 1675601569, "i": 8}}, "signature": {"hash": {"$binary": {"base64": "IzK4phwIz7XFLdmBEJihBoBT1go=", "subType": "00"}}, "keyId": 7161871216054108163}}, "lsid": {"id": {"$binary": {"base64": "GufSMHdrQSyEi1m74LkJJA==", "subType": "04"}}}}' with request id 89 to database practica03mongoIvanLoli on connection [connectionId{localValue:7, serverValue:173256}] to server ac-o2suyf6-shard-00-02.7qtbnuz.mongodb.net:27017
13:52:50.568 [async-channel-group-0-handler-executor] DEBUG org.mongodb.driver.protocol.command - Execution of command with request id 89 completed successfully in 38.35 ms on connection [connectionId{localValue:7, serverValue:173256}] to server ac-o2suyf6-shard-00-02.7qtbnuz.mongodb.net:27017
13:52:50.569 [async-channel-group-0-handler-executor] DEBUG org.mongodb.driver.operation - Received batch of 1 documents with cursorId 0 from server ac-o2suyf6-shard-00-02.7qtbnuz.mongodb.net:27017
13:52:50.583 [AsyncGetter-5-thread-1] DEBUG org.mongodb.driver.protocol.command - Sending command '{"update": "pedido", "ordered": true, "txnNumber": 17, "$db": "practica03mongoIvanLoli", "$clusterTime": {"clusterTime": {"$timestamp": {"t": 1675601569, "i": 8}}, "signature": {"hash": {"$binary": {"base64": "IzK4phwIz7XFLdmBEJihBoBT1go=", "subType": "00"}}, "keyId": 7161871216054108163}}, "lsid": {"id": {"$binary": {"base64": "GufSMHdrQSyEi1m74LkJJA==", "subType": "04"}}}, "updates": [{"q": {"_id": {"$oid": "63dfa6a245532c417eff810d"}}, "u": {"_id": {"$oid": "63dfa6a245532c417eff810d"}, "uuid": {"$binary": {"base64": "p0gQAGmNqZPMiuqWtQVPsw==", "subType": "03"}}, "userId": {"$binary": {"base64": "p0gGAGmNqZOag+qWtQVPsw==", "subType": "03"}}, "state": "PROCESO", "fechaEntrada": {"$date": "2013-10-10T00:00:00Z"}, "fechaSalida": {"$date": "2023-12-12T00:00:00Z"}, "topeEntrega": {"$date": "2023-12-14T00:00:00Z"}, "precio": 0.0}, "upsert": true}]}' with request id 90 to database practica03mongoIvanLoli on connection [connectionId{localValue:7, serverValue:173256}] to server ac-o2suyf6-shard-00-02.7qtbnuz.mongodb.net:27017
13:52:50.620 [async-channel-group-0-handler-executor] DEBUG org.mongodb.driver.protocol.command - Execution of command with request id 90 completed successfully in 38.11 ms on connection [connectionId{localValue:7, serverValue:173256}] to server ac-o2suyf6-shard-00-02.7qtbnuz.mongodb.net:27017
13:52:50.627 [DefaultDispatcher-worker-1 @coroutine#769] DEBUG koin.repositories.pedido.PedidoRepository - findByUUID(93a98d69-0010-48a7-b34f-05b596ea8acc)
13:52:50.629 [AsyncGetter-5-thread-1] DEBUG org.mongodb.driver.protocol.command - Sending command '{"find": "pedido", "filter": {}, "batchSize": 64, "$db": "practica03mongoIvanLoli", "$clusterTime": {"clusterTime": {"$timestamp": {"t": 1675601569, "i": 8}}, "signature": {"hash": {"$binary": {"base64": "IzK4phwIz7XFLdmBEJihBoBT1go=", "subType": "00"}}, "keyId": 7161871216054108163}}, "lsid": {"id": {"$binary": {"base64": "GufSMHdrQSyEi1m74LkJJA==", "subType": "04"}}}}' with request id 91 to database practica03mongoIvanLoli on connection [connectionId{localValue:7, serverValue:173256}] to server ac-o2suyf6-shard-00-02.7qtbnuz.mongodb.net:27017
13:52:50.666 [async-channel-group-0-handler-executor] DEBUG org.mongodb.driver.protocol.command - Execution of command with request id 91 completed successfully in 37.35 ms on connection [connectionId{localValue:7, serverValue:173256}] to server ac-o2suyf6-shard-00-02.7qtbnuz.mongodb.net:27017
13:52:50.667 [async-channel-group-0-handler-executor] DEBUG org.mongodb.driver.operation - Received batch of 1 documents with cursorId 0 from server ac-o2suyf6-shard-00-02.7qtbnuz.mongodb.net:27017
13:52:50.679 [AsyncGetter-5-thread-1] DEBUG org.mongodb.driver.protocol.command - Sending command '{"update": "pedido", "ordered": true, "txnNumber": 18, "$db": "practica03mongoIvanLoli", "$clusterTime": {"clusterTime": {"$timestamp": {"t": 1675601569, "i": 8}}, "signature": {"hash": {"$binary": {"base64": "IzK4phwIz7XFLdmBEJihBoBT1go=", "subType": "00"}}, "keyId": 7161871216054108163}}, "lsid": {"id": {"$binary": {"base64": "GufSMHdrQSyEi1m74LkJJA==", "subType": "04"}}}, "updates": [{"q": {"_id": {"$oid": "63dfa6a245532c417eff810d"}}, "u": {"_id": {"$oid": "63dfa6a245532c417eff810d"}, "uuid": {"$binary": {"base64": "p0gQAGmNqZPMiuqWtQVPsw==", "subType": "03"}}, "userId": {"$binary": {"base64": "p0gGAGmNqZOag+qWtQVPsw==", "subType": "03"}}, "state": "PROCESO", "fechaEntrada": {"$date": "2013-10-10T00:00:00Z"}, "fechaSalida": {"$date": "2023-12-12T00:00:00Z"}, "topeEntrega": {"$date": "2023-12-14T00:00:00Z"}, "precio": 0.0}, "upsert": true}]}' with request id 92 to database practica03mongoIvanLoli on connection [connectionId{localValue:7, serverValue:173256}] to server ac-o2suyf6-shard-00-02.7qtbnuz.mongodb.net:27017
13:52:50.735 [async-channel-group-0-handler-executor] DEBUG org.mongodb.driver.protocol.command - Execution of command with request id 92 completed successfully in 56.53 ms on connection [connectionId{localValue:7, serverValue:173256}] to server ac-o2suyf6-shard-00-02.7qtbnuz.mongodb.net:27017
13:52:50.745 [DefaultDispatcher-worker-1 @coroutine#774] DEBUG koin.repositories.pedido.PedidoRepository - save(Pedido(id=63dfa6a245532c417eff810d, uuid=93a98d69-0010-48a7-b34f-05b596ea8acc, userId=93a98d69-0006-48a7-b34f-05b596ea839a, state=PROCESO, fechaEntrada=2013-10-10, fechaSalida=2023-12-12, topeEntrega=2023-12-14, precio=0.0))
13:52:50.749 [AsyncGetter-5-thread-1] DEBUG org.mongodb.driver.protocol.command - Sending command '{"update": "pedido", "ordered": true, "txnNumber": 19, "$db": "practica03mongoIvanLoli", "$clusterTime": {"clusterTime": {"$timestamp": {"t": 1675601569, "i": 8}}, "signature": {"hash": {"$binary": {"base64": "IzK4phwIz7XFLdmBEJihBoBT1go=", "subType": "00"}}, "keyId": 7161871216054108163}}, "lsid": {"id": {"$binary": {"base64": "GufSMHdrQSyEi1m74LkJJA==", "subType": "04"}}}, "updates": [{"q": {"_id": {"$oid": "63dfa6a245532c417eff810d"}}, "u": {"_id": {"$oid": "63dfa6a245532c417eff810d"}, "uuid": {"$binary": {"base64": "p0gQAGmNqZPMiuqWtQVPsw==", "subType": "03"}}, "userId": {"$binary": {"base64": "p0gGAGmNqZOag+qWtQVPsw==", "subType": "03"}}, "state": "PROCESO", "fechaEntrada": {"$date": "2013-10-10T00:00:00Z"}, "fechaSalida": {"$date": "2023-12-12T00:00:00Z"}, "topeEntrega": {"$date": "2023-12-14T00:00:00Z"}, "precio": 0.0}, "upsert": true}]}' with request id 93 to database practica03mongoIvanLoli on connection [connectionId{localValue:7, serverValue:173256}] to server ac-o2suyf6-shard-00-02.7qtbnuz.mongodb.net:27017
13:52:50.788 [async-channel-group-0-handler-executor] DEBUG org.mongodb.driver.protocol.command - Execution of command with request id 93 completed successfully in 39.36 ms on connection [connectionId{localValue:7, serverValue:173256}] to server ac-o2suyf6-shard-00-02.7qtbnuz.mongodb.net:27017
13:52:50.799 [AsyncGetter-5-thread-1] DEBUG org.mongodb.driver.protocol.command - Sending command '{"update": "pedido", "ordered": true, "txnNumber": 20, "$db": "practica03mongoIvanLoli", "$clusterTime": {"clusterTime": {"$timestamp": {"t": 1675601569, "i": 8}}, "signature": {"hash": {"$binary": {"base64": "IzK4phwIz7XFLdmBEJihBoBT1go=", "subType": "00"}}, "keyId": 7161871216054108163}}, "lsid": {"id": {"$binary": {"base64": "GufSMHdrQSyEi1m74LkJJA==", "subType": "04"}}}, "updates": [{"q": {"_id": {"$oid": "63dfa6a245532c417eff810d"}}, "u": {"_id": {"$oid": "63dfa6a245532c417eff810d"}, "uuid": {"$binary": {"base64": "p0gQAGmNqZPMiuqWtQVPsw==", "subType": "03"}}, "userId": {"$binary": {"base64": "p0gGAGmNqZOag+qWtQVPsw==", "subType": "03"}}, "state": "PROCESO", "fechaEntrada": {"$date": "2013-10-10T00:00:00Z"}, "fechaSalida": {"$date": "2023-12-12T00:00:00Z"}, "topeEntrega": {"$date": "2023-12-14T00:00:00Z"}, "precio": 0.0}, "upsert": true}]}' with request id 94 to database practica03mongoIvanLoli on connection [connectionId{localValue:7, serverValue:173256}] to server ac-o2suyf6-shard-00-02.7qtbnuz.mongodb.net:27017
13:52:50.836 [async-channel-group-0-handler-executor] DEBUG org.mongodb.driver.protocol.command - Execution of command with request id 94 completed successfully in 38.40 ms on connection [connectionId{localValue:7, serverValue:173256}] to server ac-o2suyf6-shard-00-02.7qtbnuz.mongodb.net:27017
13:52:50.842 [DefaultDispatcher-worker-1 @coroutine#779] DEBUG koin.repositories.pedido.PedidoRepository - findById(63dfa6a245532c417eff810e)
13:52:50.844 [AsyncGetter-5-thread-1] DEBUG org.mongodb.driver.protocol.command - Sending command '{"find": "pedido", "filter": {"_id": {"$oid": "63dfa6a245532c417eff810e"}}, "limit": 1, "singleBatch": true, "$db": "practica03mongoIvanLoli", "$clusterTime": {"clusterTime": {"$timestamp": {"t": 1675601569, "i": 8}}, "signature": {"hash": {"$binary": {"base64": "IzK4phwIz7XFLdmBEJihBoBT1go=", "subType": "00"}}, "keyId": 7161871216054108163}}, "lsid": {"id": {"$binary": {"base64": "GufSMHdrQSyEi1m74LkJJA==", "subType": "04"}}}}' with request id 95 to database practica03mongoIvanLoli on connection [connectionId{localValue:7, serverValue:173256}] to server ac-o2suyf6-shard-00-02.7qtbnuz.mongodb.net:27017
13:52:50.880 [async-channel-group-0-handler-executor] DEBUG org.mongodb.driver.protocol.command - Execution of command with request id 95 completed successfully in 36.10 ms on connection [connectionId{localValue:7, serverValue:173256}] to server ac-o2suyf6-shard-00-02.7qtbnuz.mongodb.net:27017
13:52:50.880 [async-channel-group-0-handler-executor] DEBUG org.mongodb.driver.operation - Received batch of 0 documents with cursorId 0 from server ac-o2suyf6-shard-00-02.7qtbnuz.mongodb.net:27017
13:52:50.884 [AsyncGetter-5-thread-1] DEBUG org.mongodb.driver.protocol.command - Sending command '{"update": "pedido", "ordered": true, "txnNumber": 21, "$db": "practica03mongoIvanLoli", "$clusterTime": {"clusterTime": {"$timestamp": {"t": 1675601569, "i": 8}}, "signature": {"hash": {"$binary": {"base64": "IzK4phwIz7XFLdmBEJihBoBT1go=", "subType": "00"}}, "keyId": 7161871216054108163}}, "lsid": {"id": {"$binary": {"base64": "GufSMHdrQSyEi1m74LkJJA==", "subType": "04"}}}, "updates": [{"q": {"_id": {"$oid": "63dfa6a245532c417eff810d"}}, "u": {"_id": {"$oid": "63dfa6a245532c417eff810d"}, "uuid": {"$binary": {"base64": "p0gQAGmNqZPMiuqWtQVPsw==", "subType": "03"}}, "userId": {"$binary": {"base64": "p0gGAGmNqZOag+qWtQVPsw==", "subType": "03"}}, "state": "PROCESO", "fechaEntrada": {"$date": "2013-10-10T00:00:00Z"}, "fechaSalida": {"$date": "2023-12-12T00:00:00Z"}, "topeEntrega": {"$date": "2023-12-14T00:00:00Z"}, "precio": 0.0}, "upsert": true}]}' with request id 96 to database practica03mongoIvanLoli on connection [connectionId{localValue:7, serverValue:173256}] to server ac-o2suyf6-shard-00-02.7qtbnuz.mongodb.net:27017
13:52:50.922 [async-channel-group-0-handler-executor] DEBUG org.mongodb.driver.protocol.command - Execution of command with request id 96 completed successfully in 38.05 ms on connection [connectionId{localValue:7, serverValue:173256}] to server ac-o2suyf6-shard-00-02.7qtbnuz.mongodb.net:27017
13:52:50.926 [DefaultDispatcher-worker-1 @coroutine#784] DEBUG koin.repositories.pedido.PedidoRepository - delete(63dfa6a245532c417eff810f)
13:52:50.928 [AsyncGetter-5-thread-1] DEBUG org.mongodb.driver.protocol.command - Sending command '{"find": "pedido", "filter": {"_id": {"$oid": "63dfa6a245532c417eff810f"}}, "limit": 1, "singleBatch": true, "$db": "practica03mongoIvanLoli", "$clusterTime": {"clusterTime": {"$timestamp": {"t": 1675601569, "i": 9}}, "signature": {"hash": {"$binary": {"base64": "IzK4phwIz7XFLdmBEJihBoBT1go=", "subType": "00"}}, "keyId": 7161871216054108163}}, "lsid": {"id": {"$binary": {"base64": "GufSMHdrQSyEi1m74LkJJA==", "subType": "04"}}}}' with request id 97 to database practica03mongoIvanLoli on connection [connectionId{localValue:7, serverValue:173256}] to server ac-o2suyf6-shard-00-02.7qtbnuz.mongodb.net:27017
13:52:50.968 [async-channel-group-0-handler-executor] DEBUG org.mongodb.driver.protocol.command - Execution of command with request id 97 completed successfully in 40.30 ms on connection [connectionId{localValue:7, serverValue:173256}] to server ac-o2suyf6-shard-00-02.7qtbnuz.mongodb.net:27017
13:52:50.968 [async-channel-group-0-handler-executor] DEBUG org.mongodb.driver.operation - Received batch of 0 documents with cursorId 0 from server ac-o2suyf6-shard-00-02.7qtbnuz.mongodb.net:27017
13:52:50.970 [AsyncGetter-5-thread-1] DEBUG org.mongodb.driver.protocol.command - Sending command '{"delete": "pedido", "ordered": true, "txnNumber": 22, "$db": "practica03mongoIvanLoli", "$clusterTime": {"clusterTime": {"$timestamp": {"t": 1675601569, "i": 9}}, "signature": {"hash": {"$binary": {"base64": "IzK4phwIz7XFLdmBEJihBoBT1go=", "subType": "00"}}, "keyId": 7161871216054108163}}, "lsid": {"id": {"$binary": {"base64": "GufSMHdrQSyEi1m74LkJJA==", "subType": "04"}}}, "deletes": [{"q": {"_id": {"$oid": "63dfa6a245532c417eff810f"}}, "limit": 1}]}' with request id 98 to database practica03mongoIvanLoli on connection [connectionId{localValue:7, serverValue:173256}] to server ac-o2suyf6-shard-00-02.7qtbnuz.mongodb.net:27017
13:52:51.009 [async-channel-group-0-handler-executor] DEBUG org.mongodb.driver.protocol.command - Execution of command with request id 98 completed successfully in 38.97 ms on connection [connectionId{localValue:7, serverValue:173256}] to server ac-o2suyf6-shard-00-02.7qtbnuz.mongodb.net:27017
13:52:51.013 [AsyncGetter-5-thread-1] DEBUG org.mongodb.driver.protocol.command - Sending command '{"drop": "pedido", "$db": "practica03mongoIvanLoli", "$clusterTime": {"clusterTime": {"$timestamp": {"t": 1675601569, "i": 9}}, "signature": {"hash": {"$binary": {"base64": "IzK4phwIz7XFLdmBEJihBoBT1go=", "subType": "00"}}, "keyId": 7161871216054108163}}, "lsid": {"id": {"$binary": {"base64": "GufSMHdrQSyEi1m74LkJJA==", "subType": "04"}}}}' with request id 99 to database practica03mongoIvanLoli on connection [connectionId{localValue:7, serverValue:173256}] to server ac-o2suyf6-shard-00-02.7qtbnuz.mongodb.net:27017
13:52:51.066 [async-channel-group-0-handler-executor] DEBUG org.mongodb.driver.protocol.command - Execution of command with request id 99 completed successfully in 53.68 ms on connection [connectionId{localValue:7, serverValue:173256}] to server ac-o2suyf6-shard-00-02.7qtbnuz.mongodb.net:27017
]]></system-out>
  <system-err><![CDATA[]]></system-err>
</testsuite>
