<?xml version="1.0" encoding="UTF-8"?>
<testsuite name="koin.repositories.maquina.MaquinaRepositoryCachedTest" tests="8" skipped="0" failures="0" errors="0" timestamp="2023-02-05T12:52:48" hostname="LOLI-LAPTOP" time="0.135">
  <properties/>
  <testcase name="delete()" classname="koin.repositories.maquina.MaquinaRepositoryCachedTest" time="0.029"/>
  <testcase name="findAll()" classname="koin.repositories.maquina.MaquinaRepositoryCachedTest" time="0.013"/>
  <testcase name="findById()" classname="koin.repositories.maquina.MaquinaRepositoryCachedTest" time="0.013"/>
  <testcase name="findByUUID()" classname="koin.repositories.maquina.MaquinaRepositoryCachedTest" time="0.024"/>
  <testcase name="save()" classname="koin.repositories.maquina.MaquinaRepositoryCachedTest" time="0.016"/>
  <testcase name="findByUUIDNotExists()" classname="koin.repositories.maquina.MaquinaRepositoryCachedTest" time="0.014"/>
  <testcase name="findByIdNotExists()" classname="koin.repositories.maquina.MaquinaRepositoryCachedTest" time="0.01"/>
  <testcase name="setInactive()" classname="koin.repositories.maquina.MaquinaRepositoryCachedTest" time="0.014"/>
  <system-out><![CDATA[13:52:48.399 [Test worker] DEBUG koin.services.cache.maquina.MaquinaCache - Initializing MaquinaCache...
13:52:48.405 [Test worker] DEBUG io.mockk.impl.instantiation.AbstractMockFactory - Creating spyk for MaquinaCache name=cache#676
13:52:48.441 [Test worker] DEBUG io.mockk.impl.instantiation.AbstractMockFactory - Creating mockk for MaquinaRepository name=repo#677
13:52:48.480 [DefaultDispatcher-worker-1 @coroutine#611] DEBUG io.mockk.impl.recording.states.AnsweringState - Answering 60000 on MaquinaCache(cache#676).getRefreshTime()
13:52:48.490 [Test worker @coroutine#612] DEBUG io.mockk.impl.instantiation.AbstractMockFactory - Creating mockk for Maquina name=child of repo#677#678
13:52:48.492 [Test worker @coroutine#612] DEBUG io.mockk.impl.instantiation.AbstractMockFactory - Creating mockk for Maquina name=child of repo#677#679
13:52:48.494 [DefaultDispatcher-worker-1] DEBUG io.mockk.impl.recording.states.AnsweringState - Answering Maquina(id=63dfa6a045532c417eff8106, uuid=93a98d69-6da6-48a7-b34f-05b596ea83bc, modelo=RTX-3080TI, marca=Nvidia, fechaAdquisicion=2022-11-10, numeroSerie=123456789X, tipo=PERSONALIZADORA, activa=true, isManual=null, maxTension=null, minTension=null, measuresManeuverability=true, measuresRigidity=false, measuresBalance=true) on MaquinaRepository(repo#677).delete(63dfa6a045532c417eff8106, continuation {})
13:52:48.495 [DefaultDispatcher-worker-1] DEBUG io.mockk.impl.recording.states.AnsweringState - Answering io.github.reactivecircus.cache4k.RealCache@2cfe981d on MaquinaCache(cache#676).getCache()
13:52:48.516 [Test worker @coroutine#620] DEBUG io.mockk.impl.instantiation.AbstractMockFactory - Creating mockk for Flow name=child of repo#677#680
13:52:48.518 [DefaultDispatcher-worker-1] DEBUG io.mockk.impl.recording.states.AnsweringState - Answering kotlinx.coroutines.flow.FlowKt__BuildersKt$flowOf$$inlined$unsafeFlow$2@13f32c87 on MaquinaRepository(repo#677).findAll(continuation {})
13:52:48.530 [Test worker @coroutine#626] DEBUG io.mockk.impl.instantiation.AbstractMockFactory - Creating mockk for Maquina name=child of repo#677#681
13:52:48.532 [DefaultDispatcher-worker-1] DEBUG io.mockk.impl.recording.states.AnsweringState - Answering Maquina(id=63dfa6a045532c417eff8106, uuid=93a98d69-6da6-48a7-b34f-05b596ea83bc, modelo=RTX-3080TI, marca=Nvidia, fechaAdquisicion=2022-11-10, numeroSerie=123456789X, tipo=PERSONALIZADORA, activa=true, isManual=null, maxTension=null, minTension=null, measuresManeuverability=true, measuresRigidity=false, measuresBalance=true) on MaquinaRepository(repo#677).findById(63dfa6a045532c417eff8106, continuation {})
13:52:48.546 [Test worker @coroutine#632] DEBUG io.mockk.impl.instantiation.AbstractMockFactory - Creating mockk for Maquina name=child of repo#677#682
13:52:48.549 [DefaultDispatcher-worker-1] DEBUG io.mockk.impl.recording.states.AnsweringState - Answering io.github.reactivecircus.cache4k.RealCache@2cfe981d on MaquinaCache(cache#676).getCache()
13:52:48.551 [DefaultDispatcher-worker-1] DEBUG io.mockk.impl.recording.states.AnsweringState - Answering Maquina(id=63dfa6a045532c417eff8106, uuid=93a98d69-6da6-48a7-b34f-05b596ea83bc, modelo=RTX-3080TI, marca=Nvidia, fechaAdquisicion=2022-11-10, numeroSerie=123456789X, tipo=PERSONALIZADORA, activa=true, isManual=null, maxTension=null, minTension=null, measuresManeuverability=true, measuresRigidity=false, measuresBalance=true) on MaquinaRepository(repo#677).findByUUID(93a98d69-6da6-48a7-b34f-05b596ea83bc, continuation {})
13:52:48.561 [Test worker @background work runner#635] DEBUG io.mockk.impl.instantiation.AbstractMockFactory - Creating mockk for Maquina name=child of repo#677#683
13:52:48.569 [Test worker @coroutine#638] DEBUG io.mockk.impl.instantiation.AbstractMockFactory - Creating mockk for Maquina name=child of repo#677#684
13:52:48.572 [DefaultDispatcher-worker-1] DEBUG io.mockk.impl.recording.states.AnsweringState - Answering Maquina(id=63dfa6a045532c417eff8106, uuid=93a98d69-6da6-48a7-b34f-05b596ea83bc, modelo=RTX-3080TI, marca=Nvidia, fechaAdquisicion=2022-11-10, numeroSerie=123456789X, tipo=PERSONALIZADORA, activa=true, isManual=null, maxTension=null, minTension=null, measuresManeuverability=true, measuresRigidity=false, measuresBalance=true) on MaquinaRepository(repo#677).save(Maquina(id=63dfa6a045532c417eff8106, uuid=93a98d69-6da6-48a7-b34f-05b596ea83bc, modelo=RTX-3080TI, marca=Nvidia, fechaAdquisicion=2022-11-10, numeroSerie=123456789X, tipo=PERSONALIZADORA, activa=true, isManual=null, maxTension=null, minTension=null, measuresManeuverability=true, measuresRigidity=false, measuresBalance=true), continuation {})
13:52:48.586 [DefaultDispatcher-worker-1] DEBUG io.mockk.impl.recording.states.AnsweringState - Answering io.github.reactivecircus.cache4k.RealCache@2cfe981d on MaquinaCache(cache#676).getCache()
13:52:48.586 [DefaultDispatcher-worker-1] DEBUG io.mockk.impl.recording.states.AnsweringState - Answering null on MaquinaRepository(repo#677).findByUUID(dfcbf3a8-0d77-4560-bc01-58b53a257456, continuation {})
13:52:48.597 [DefaultDispatcher-worker-1] DEBUG io.mockk.impl.recording.states.AnsweringState - Answering null on MaquinaRepository(repo#677).findById(63dfa6a045532c417eff8107, continuation {})
13:52:48.608 [Test worker @coroutine#656] DEBUG io.mockk.impl.instantiation.AbstractMockFactory - Creating mockk for Maquina name=child of repo#677#685
13:52:48.611 [DefaultDispatcher-worker-1] DEBUG io.mockk.impl.recording.states.AnsweringState - Answering Maquina(id=63dfa6a045532c417eff8106, uuid=93a98d69-6da6-48a7-b34f-05b596ea83bc, modelo=RTX-3080TI, marca=Nvidia, fechaAdquisicion=2022-11-10, numeroSerie=123456789X, tipo=PERSONALIZADORA, activa=true, isManual=null, maxTension=null, minTension=null, measuresManeuverability=true, measuresRigidity=false, measuresBalance=true) on MaquinaRepository(repo#677).setInactive(63dfa6a045532c417eff8106, continuation {})
]]></system-out>
  <system-err><![CDATA[]]></system-err>
</testsuite>
