<?xml version="1.0" encoding="UTF-8"?>
<testsuite name="koin.repositories.turno.TurnoRepositoryCachedTest" tests="8" skipped="0" failures="0" errors="0" timestamp="2023-02-02T22:41:56" hostname="LOLI-LAPTOP" time="0.074">
  <properties/>
  <testcase name="setFinalizado()" classname="koin.repositories.turno.TurnoRepositoryCachedTest" time="0.014"/>
  <testcase name="delete()" classname="koin.repositories.turno.TurnoRepositoryCachedTest" time="0.013"/>
  <testcase name="findAll()" classname="koin.repositories.turno.TurnoRepositoryCachedTest" time="0.01"/>
  <testcase name="findById()" classname="koin.repositories.turno.TurnoRepositoryCachedTest" time="0.01"/>
  <testcase name="findByUUID()" classname="koin.repositories.turno.TurnoRepositoryCachedTest" time="0.008"/>
  <testcase name="save()" classname="koin.repositories.turno.TurnoRepositoryCachedTest" time="0.007"/>
  <testcase name="findByUUIDNotExists()" classname="koin.repositories.turno.TurnoRepositoryCachedTest" time="0.006"/>
  <testcase name="findByIdNotExists()" classname="koin.repositories.turno.TurnoRepositoryCachedTest" time="0.005"/>
  <system-out><![CDATA[23:41:56.200 [Test worker] DEBUG koin.services.cache.turno.TurnoCache - Initializing TurnoCache...
23:41:56.203 [Test worker] DEBUG io.mockk.impl.instantiation.AbstractMockFactory - Creating spyk for TurnoCache name=cache#715
23:41:56.233 [Test worker] DEBUG io.mockk.impl.instantiation.AbstractMockFactory - Creating mockk for TurnoRepository name=repo#716
23:41:56.268 [DefaultDispatcher-worker-14 @coroutine#1012] DEBUG io.mockk.impl.recording.states.AnsweringState - Answering 60000 on TurnoCache(cache#715).getRefreshTime()
23:41:56.272 [Test worker @coroutine#1013] DEBUG io.mockk.impl.instantiation.AbstractMockFactory - Creating mockk for Turno name=child of repo#716#717
23:41:56.275 [DefaultDispatcher-worker-14] DEBUG io.mockk.impl.recording.states.AnsweringState - Answering Turno(id=63dc3c341b23f96d9c83993e, uuid=93a98d69-0019-48a7-b34f-05b596ea8abc, workerId=93a98d69-0007-48a7-b34f-05b596ea839c, maquinaId=93a98d69-0008-48a7-b34f-05b596ea83bb, horaInicio=2002-10-14T10:09, horaFin=2002-10-14T16:49, numPedidosActivos=2, tarea1Id=93a98d69-0015-48a7-b34f-05b596ea8aab, tarea2Id=93a98d69-0011-48a7-b34f-05b596ea83ca, finalizado=false) on TurnoRepository(repo#716).setFinalizado(63dc3c341b23f96d9c83993e, continuation {})
23:41:56.284 [Test worker @coroutine#1019] DEBUG io.mockk.impl.instantiation.AbstractMockFactory - Creating mockk for Turno name=child of repo#716#718
23:41:56.286 [Test worker @coroutine#1019] DEBUG io.mockk.impl.instantiation.AbstractMockFactory - Creating mockk for Turno name=child of repo#716#719
23:41:56.288 [DefaultDispatcher-worker-14] DEBUG io.mockk.impl.recording.states.AnsweringState - Answering Turno(id=63dc3c341b23f96d9c83993e, uuid=93a98d69-0019-48a7-b34f-05b596ea8abc, workerId=93a98d69-0007-48a7-b34f-05b596ea839c, maquinaId=93a98d69-0008-48a7-b34f-05b596ea83bb, horaInicio=2002-10-14T10:09, horaFin=2002-10-14T16:49, numPedidosActivos=2, tarea1Id=93a98d69-0015-48a7-b34f-05b596ea8aab, tarea2Id=93a98d69-0011-48a7-b34f-05b596ea83ca, finalizado=false) on TurnoRepository(repo#716).delete(63dc3c341b23f96d9c83993e, continuation {})
23:41:56.289 [DefaultDispatcher-worker-14] DEBUG io.mockk.impl.recording.states.AnsweringState - Answering io.github.reactivecircus.cache4k.RealCache@736cba51 on TurnoCache(cache#715).getCache()
23:41:56.297 [Test worker @coroutine#1027] DEBUG io.mockk.impl.instantiation.AbstractMockFactory - Creating mockk for Flow name=child of repo#716#720
23:41:56.299 [DefaultDispatcher-worker-14] DEBUG io.mockk.impl.recording.states.AnsweringState - Answering kotlinx.coroutines.flow.FlowKt__BuildersKt$flowOf$$inlined$unsafeFlow$2@a56d1be on TurnoRepository(repo#716).findAll(continuation {})
23:41:56.308 [Test worker @coroutine#1033] DEBUG io.mockk.impl.instantiation.AbstractMockFactory - Creating mockk for Turno name=child of repo#716#721
23:41:56.310 [DefaultDispatcher-worker-14] DEBUG io.mockk.impl.recording.states.AnsweringState - Answering Turno(id=63dc3c341b23f96d9c83993e, uuid=93a98d69-0019-48a7-b34f-05b596ea8abc, workerId=93a98d69-0007-48a7-b34f-05b596ea839c, maquinaId=93a98d69-0008-48a7-b34f-05b596ea83bb, horaInicio=2002-10-14T10:09, horaFin=2002-10-14T16:49, numPedidosActivos=2, tarea1Id=93a98d69-0015-48a7-b34f-05b596ea8aab, tarea2Id=93a98d69-0011-48a7-b34f-05b596ea83ca, finalizado=false) on TurnoRepository(repo#716).findById(63dc3c341b23f96d9c83993e, continuation {})
23:41:56.317 [Test worker @coroutine#1039] DEBUG io.mockk.impl.instantiation.AbstractMockFactory - Creating mockk for Turno name=child of repo#716#722
23:41:56.318 [DefaultDispatcher-worker-14] DEBUG io.mockk.impl.recording.states.AnsweringState - Answering io.github.reactivecircus.cache4k.RealCache@736cba51 on TurnoCache(cache#715).getCache()
23:41:56.319 [DefaultDispatcher-worker-14] DEBUG io.mockk.impl.recording.states.AnsweringState - Answering Turno(id=63dc3c341b23f96d9c83993e, uuid=93a98d69-0019-48a7-b34f-05b596ea8abc, workerId=93a98d69-0007-48a7-b34f-05b596ea839c, maquinaId=93a98d69-0008-48a7-b34f-05b596ea83bb, horaInicio=2002-10-14T10:09, horaFin=2002-10-14T16:49, numPedidosActivos=2, tarea1Id=93a98d69-0015-48a7-b34f-05b596ea8aab, tarea2Id=93a98d69-0011-48a7-b34f-05b596ea83ca, finalizado=false) on TurnoRepository(repo#716).findByUUID(93a98d69-0019-48a7-b34f-05b596ea8abc, continuation {})
23:41:56.322 [Test worker @background work runner#1042] DEBUG io.mockk.impl.instantiation.AbstractMockFactory - Creating mockk for Turno name=child of repo#716#723
23:41:56.326 [Test worker @coroutine#1045] DEBUG io.mockk.impl.instantiation.AbstractMockFactory - Creating mockk for Turno name=child of repo#716#724
23:41:56.327 [DefaultDispatcher-worker-14] DEBUG io.mockk.impl.recording.states.AnsweringState - Answering Turno(id=63dc3c341b23f96d9c83993e, uuid=93a98d69-0019-48a7-b34f-05b596ea8abc, workerId=93a98d69-0007-48a7-b34f-05b596ea839c, maquinaId=93a98d69-0008-48a7-b34f-05b596ea83bb, horaInicio=2002-10-14T10:09, horaFin=2002-10-14T16:49, numPedidosActivos=2, tarea1Id=93a98d69-0015-48a7-b34f-05b596ea8aab, tarea2Id=93a98d69-0011-48a7-b34f-05b596ea83ca, finalizado=false) on TurnoRepository(repo#716).save(Turno(id=63dc3c341b23f96d9c83993e, uuid=93a98d69-0019-48a7-b34f-05b596ea8abc, workerId=93a98d69-0007-48a7-b34f-05b596ea839c, maquinaId=93a98d69-0008-48a7-b34f-05b596ea83bb, horaInicio=2002-10-14T10:09, horaFin=2002-10-14T16:49, numPedidosActivos=2, tarea1Id=93a98d69-0015-48a7-b34f-05b596ea8aab, tarea2Id=93a98d69-0011-48a7-b34f-05b596ea83ca, finalizado=false), continuation {})
23:41:56.333 [DefaultDispatcher-worker-14] DEBUG io.mockk.impl.recording.states.AnsweringState - Answering io.github.reactivecircus.cache4k.RealCache@736cba51 on TurnoCache(cache#715).getCache()
23:41:56.333 [DefaultDispatcher-worker-14] DEBUG io.mockk.impl.recording.states.AnsweringState - Answering null on TurnoRepository(repo#716).findByUUID(228d6e37-1f00-437c-98a1-bbba389f6213, continuation {})
23:41:56.339 [DefaultDispatcher-worker-14] DEBUG io.mockk.impl.recording.states.AnsweringState - Answering null on TurnoRepository(repo#716).findById(63dc3c341b23f96d9c83993f, continuation {})
]]></system-out>
  <system-err><![CDATA[]]></system-err>
</testsuite>
