<?xml version="1.0" encoding="UTF-8"?>
<testsuite name="koin.repositories.user.UserRepositoryCachedTest" tests="11" skipped="0" failures="0" errors="0" timestamp="2023-02-05T12:52:56" hostname="LOLI-LAPTOP" time="12.099">
  <properties/>
  <testcase name="delete()" classname="koin.repositories.user.UserRepositoryCachedTest" time="0.031"/>
  <testcase name="findAll()" classname="koin.repositories.user.UserRepositoryCachedTest" time="3.851"/>
  <testcase name="findById()" classname="koin.repositories.user.UserRepositoryCachedTest" time="0.016"/>
  <testcase name="findByUUID()" classname="koin.repositories.user.UserRepositoryCachedTest" time="0.013"/>
  <testcase name="save()" classname="koin.repositories.user.UserRepositoryCachedTest" time="0.01"/>
  <testcase name="findByUUIDNotExists()" classname="koin.repositories.user.UserRepositoryCachedTest" time="0.008"/>
  <testcase name="findByIdNotExists()" classname="koin.repositories.user.UserRepositoryCachedTest" time="0.007"/>
  <testcase name="findByEmail()" classname="koin.repositories.user.UserRepositoryCachedTest" time="3.907"/>
  <testcase name="findByPhone()" classname="koin.repositories.user.UserRepositoryCachedTest" time="3.784"/>
  <testcase name="findByIdNumerical()" classname="koin.repositories.user.UserRepositoryCachedTest" time="0.462"/>
  <testcase name="setInactive()" classname="koin.repositories.user.UserRepositoryCachedTest" time="0.009"/>
  <system-out><![CDATA[13:52:56.140 [Test worker] DEBUG koin.services.cache.user.UserCache - Initializing UserCache...
13:52:56.149 [Test worker] DEBUG io.mockk.impl.instantiation.AbstractMockFactory - Creating spyk for UserCache name=cache#725
13:52:56.221 [Test worker] DEBUG io.mockk.impl.instantiation.AbstractMockFactory - Creating mockk for UserRepository name=repo#726
13:52:56.286 [DefaultDispatcher-worker-7 @coroutine#1105] DEBUG io.mockk.impl.recording.states.AnsweringState - Answering 60000 on UserCache(cache#725).getRefreshTime()
13:52:56.293 [Test worker @coroutine#1106] DEBUG io.mockk.impl.instantiation.AbstractMockFactory - Creating mockk for User name=child of repo#726#727
13:52:56.298 [Test worker @coroutine#1106] DEBUG io.mockk.impl.instantiation.AbstractMockFactory - Creating mockk for User name=child of repo#726#728
13:52:56.302 [DefaultDispatcher-worker-7] DEBUG io.mockk.impl.recording.states.AnsweringState - Answering User(id=63dfa6a845532c417eff81e7, uuid=93a98d69-0000-1111-0000-05b596ea83ba, nombre=loli, apellido=test, telefono=123456789, email=loli@test.com, password=lolitest, perfil=ADMIN, activo=true) on UserRepository(repo#726).delete(63dfa6a845532c417eff81e7, continuation {})
13:52:56.305 [DefaultDispatcher-worker-7] DEBUG io.mockk.impl.recording.states.AnsweringState - Answering io.github.reactivecircus.cache4k.RealCache@34480a71 on UserCache(cache#725).getCache()
13:52:56.321 [Test worker @coroutine#1114] DEBUG io.mockk.impl.instantiation.AbstractMockFactory - Creating mockk for Flow name=child of repo#726#729
13:52:56.324 [DefaultDispatcher-worker-2] DEBUG io.mockk.impl.recording.states.AnsweringState - Answering kotlinx.coroutines.flow.FlowKt__BuildersKt$flowOf$$inlined$unsafeFlow$2@65b5630f on UserRepository(repo#726).findAll(continuation {})
13:52:59.758 [cluster-ClusterId{value='63dfa66445532c417eff7dfd', description='null'}-ac-o2suyf6-shard-00-00.7qtbnuz.mongodb.net:27017] DEBUG org.mongodb.driver.cluster - Updating cluster description to  {type=REPLICA_SET, servers=[{address=ac-o2suyf6-shard-00-00.7qtbnuz.mongodb.net:27017, type=REPLICA_SET_SECONDARY, TagSet{[Tag{name='nodeType', value='ELECTABLE'}, Tag{name='provider', value='AWS'}, Tag{name='region', value='EU_WEST_3'}, Tag{name='workloadType', value='OPERATIONAL'}]}, roundTripTime=118.7 ms, state=CONNECTED}, {address=ac-o2suyf6-shard-00-02.7qtbnuz.mongodb.net:27017, type=REPLICA_SET_PRIMARY, TagSet{[Tag{name='nodeType', value='ELECTABLE'}, Tag{name='provider', value='AWS'}, Tag{name='region', value='EU_WEST_3'}, Tag{name='workloadType', value='OPERATIONAL'}]}, roundTripTime=136.3 ms, state=CONNECTED}, {address=ac-o2suyf6-shard-00-01.7qtbnuz.mongodb.net:27017, type=REPLICA_SET_SECONDARY, TagSet{[Tag{name='nodeType', value='ELECTABLE'}, Tag{name='provider', value='AWS'}, Tag{name='region', value='EU_WEST_3'}, Tag{name='workloadType', value='OPERATIONAL'}]}, roundTripTime=135.6 ms, state=CONNECTED}]
13:52:59.758 [cluster-ClusterId{value='63dfa66445532c417eff7dfd', description='null'}-ac-o2suyf6-shard-00-00.7qtbnuz.mongodb.net:27017] DEBUG org.mongodb.driver.cluster - Checking status of ac-o2suyf6-shard-00-00.7qtbnuz.mongodb.net:27017
13:52:59.758 [cluster-ClusterId{value='63dfa66445532c417eff7dfd', description='null'}-ac-o2suyf6-shard-00-02.7qtbnuz.mongodb.net:27017] DEBUG org.mongodb.driver.cluster - Updating cluster description to  {type=REPLICA_SET, servers=[{address=ac-o2suyf6-shard-00-00.7qtbnuz.mongodb.net:27017, type=REPLICA_SET_SECONDARY, TagSet{[Tag{name='nodeType', value='ELECTABLE'}, Tag{name='provider', value='AWS'}, Tag{name='region', value='EU_WEST_3'}, Tag{name='workloadType', value='OPERATIONAL'}]}, roundTripTime=118.7 ms, state=CONNECTED}, {address=ac-o2suyf6-shard-00-02.7qtbnuz.mongodb.net:27017, type=REPLICA_SET_PRIMARY, TagSet{[Tag{name='nodeType', value='ELECTABLE'}, Tag{name='provider', value='AWS'}, Tag{name='region', value='EU_WEST_3'}, Tag{name='workloadType', value='OPERATIONAL'}]}, roundTripTime=122.6 ms, state=CONNECTED}, {address=ac-o2suyf6-shard-00-01.7qtbnuz.mongodb.net:27017, type=REPLICA_SET_SECONDARY, TagSet{[Tag{name='nodeType', value='ELECTABLE'}, Tag{name='provider', value='AWS'}, Tag{name='region', value='EU_WEST_3'}, Tag{name='workloadType', value='OPERATIONAL'}]}, roundTripTime=135.6 ms, state=CONNECTED}]
13:52:59.759 [cluster-ClusterId{value='63dfa66445532c417eff7dfd', description='null'}-ac-o2suyf6-shard-00-02.7qtbnuz.mongodb.net:27017] DEBUG org.mongodb.driver.cluster - Checking status of ac-o2suyf6-shard-00-02.7qtbnuz.mongodb.net:27017
13:52:59.759 [cluster-ClusterId{value='63dfa66445532c417eff7dfd', description='null'}-ac-o2suyf6-shard-00-01.7qtbnuz.mongodb.net:27017] DEBUG org.mongodb.driver.cluster - Updating cluster description to  {type=REPLICA_SET, servers=[{address=ac-o2suyf6-shard-00-00.7qtbnuz.mongodb.net:27017, type=REPLICA_SET_SECONDARY, TagSet{[Tag{name='nodeType', value='ELECTABLE'}, Tag{name='provider', value='AWS'}, Tag{name='region', value='EU_WEST_3'}, Tag{name='workloadType', value='OPERATIONAL'}]}, roundTripTime=118.7 ms, state=CONNECTED}, {address=ac-o2suyf6-shard-00-02.7qtbnuz.mongodb.net:27017, type=REPLICA_SET_PRIMARY, TagSet{[Tag{name='nodeType', value='ELECTABLE'}, Tag{name='provider', value='AWS'}, Tag{name='region', value='EU_WEST_3'}, Tag{name='workloadType', value='OPERATIONAL'}]}, roundTripTime=122.6 ms, state=CONNECTED}, {address=ac-o2suyf6-shard-00-01.7qtbnuz.mongodb.net:27017, type=REPLICA_SET_SECONDARY, TagSet{[Tag{name='nodeType', value='ELECTABLE'}, Tag{name='provider', value='AWS'}, Tag{name='region', value='EU_WEST_3'}, Tag{name='workloadType', value='OPERATIONAL'}]}, roundTripTime=119.9 ms, state=CONNECTED}]
13:52:59.759 [cluster-ClusterId{value='63dfa66445532c417eff7dfd', description='null'}-ac-o2suyf6-shard-00-01.7qtbnuz.mongodb.net:27017] DEBUG org.mongodb.driver.cluster - Checking status of ac-o2suyf6-shard-00-01.7qtbnuz.mongodb.net:27017
13:52:59.818 [cluster-rtt-ClusterId{value='63dfa66445532c417eff7dfd', description='null'}-ac-o2suyf6-shard-00-01.7qtbnuz.mongodb.net:27017] DEBUG org.mongodb.driver.protocol.command - Sending command '{"hello": 1, "$db": "admin", "$clusterTime": {"clusterTime": {"$timestamp": {"t": 1675601578, "i": 2}}, "signature": {"hash": {"$binary": {"base64": "2vKpFcp2BXGBHE8Z6d/K9/VwCKM=", "subType": "00"}}, "keyId": 7161871216054108163}}}' with request id 167 to database admin on connection [connectionId{localValue:5, serverValue:169860}] to server ac-o2suyf6-shard-00-01.7qtbnuz.mongodb.net:27017
13:52:59.818 [cluster-rtt-ClusterId{value='63dfa66445532c417eff7dfd', description='null'}-ac-o2suyf6-shard-00-00.7qtbnuz.mongodb.net:27017] DEBUG org.mongodb.driver.protocol.command - Sending command '{"hello": 1, "$db": "admin", "$clusterTime": {"clusterTime": {"$timestamp": {"t": 1675601578, "i": 2}}, "signature": {"hash": {"$binary": {"base64": "2vKpFcp2BXGBHE8Z6d/K9/VwCKM=", "subType": "00"}}, "keyId": 7161871216054108163}}}' with request id 166 to database admin on connection [connectionId{localValue:2, serverValue:174158}] to server ac-o2suyf6-shard-00-00.7qtbnuz.mongodb.net:27017
13:52:59.849 [cluster-rtt-ClusterId{value='63dfa66445532c417eff7dfd', description='null'}-ac-o2suyf6-shard-00-02.7qtbnuz.mongodb.net:27017] DEBUG org.mongodb.driver.protocol.command - Sending command '{"hello": 1, "$db": "admin", "$clusterTime": {"clusterTime": {"$timestamp": {"t": 1675601578, "i": 2}}, "signature": {"hash": {"$binary": {"base64": "2vKpFcp2BXGBHE8Z6d/K9/VwCKM=", "subType": "00"}}, "keyId": 7161871216054108163}}}' with request id 168 to database admin on connection [connectionId{localValue:4, serverValue:173256}] to server ac-o2suyf6-shard-00-02.7qtbnuz.mongodb.net:27017
13:52:59.854 [cluster-rtt-ClusterId{value='63dfa66445532c417eff7dfd', description='null'}-ac-o2suyf6-shard-00-00.7qtbnuz.mongodb.net:27017] DEBUG org.mongodb.driver.protocol.command - Execution of command with request id 166 completed successfully in 35.55 ms on connection [connectionId{localValue:2, serverValue:174158}] to server ac-o2suyf6-shard-00-00.7qtbnuz.mongodb.net:27017
13:52:59.854 [cluster-rtt-ClusterId{value='63dfa66445532c417eff7dfd', description='null'}-ac-o2suyf6-shard-00-01.7qtbnuz.mongodb.net:27017] DEBUG org.mongodb.driver.protocol.command - Execution of command with request id 167 completed successfully in 35.68 ms on connection [connectionId{localValue:5, serverValue:169860}] to server ac-o2suyf6-shard-00-01.7qtbnuz.mongodb.net:27017
13:52:59.887 [cluster-rtt-ClusterId{value='63dfa66445532c417eff7dfd', description='null'}-ac-o2suyf6-shard-00-02.7qtbnuz.mongodb.net:27017] DEBUG org.mongodb.driver.protocol.command - Execution of command with request id 168 completed successfully in 38.59 ms on connection [connectionId{localValue:4, serverValue:173256}] to server ac-o2suyf6-shard-00-02.7qtbnuz.mongodb.net:27017
13:53:00.171 [Test worker @coroutine#1133] DEBUG io.mockk.impl.instantiation.AbstractMockFactory - Creating mockk for User name=child of repo#726#730
13:53:00.174 [DefaultDispatcher-worker-5] DEBUG io.mockk.impl.recording.states.AnsweringState - Answering User(id=63dfa6a845532c417eff81e7, uuid=93a98d69-0000-1111-0000-05b596ea83ba, nombre=loli, apellido=test, telefono=123456789, email=loli@test.com, password=lolitest, perfil=ADMIN, activo=true) on UserRepository(repo#726).findById(63dfa6a845532c417eff81e7, continuation {})
13:53:00.187 [Test worker @coroutine#1139] DEBUG io.mockk.impl.instantiation.AbstractMockFactory - Creating mockk for User name=child of repo#726#731
13:53:00.189 [DefaultDispatcher-worker-5] DEBUG io.mockk.impl.recording.states.AnsweringState - Answering io.github.reactivecircus.cache4k.RealCache@34480a71 on UserCache(cache#725).getCache()
13:53:00.189 [DefaultDispatcher-worker-5] DEBUG io.mockk.impl.recording.states.AnsweringState - Answering User(id=63dfa6a845532c417eff81e7, uuid=93a98d69-0000-1111-0000-05b596ea83ba, nombre=loli, apellido=test, telefono=123456789, email=loli@test.com, password=lolitest, perfil=ADMIN, activo=true) on UserRepository(repo#726).findByUUID(93a98d69-0000-1111-0000-05b596ea83ba, continuation {})
13:53:00.194 [Test worker @background work runner#1142] DEBUG io.mockk.impl.instantiation.AbstractMockFactory - Creating mockk for User name=child of repo#726#732
13:53:00.198 [Test worker @coroutine#1145] DEBUG io.mockk.impl.instantiation.AbstractMockFactory - Creating mockk for User name=child of repo#726#733
13:53:00.200 [DefaultDispatcher-worker-5] DEBUG io.mockk.impl.recording.states.AnsweringState - Answering User(id=63dfa6a845532c417eff81e7, uuid=93a98d69-0000-1111-0000-05b596ea83ba, nombre=loli, apellido=test, telefono=123456789, email=loli@test.com, password=lolitest, perfil=ADMIN, activo=true) on UserRepository(repo#726).save(User(id=63dfa6a845532c417eff81e7, uuid=93a98d69-0000-1111-0000-05b596ea83ba, nombre=loli, apellido=test, telefono=123456789, email=loli@test.com, password=lolitest, perfil=ADMIN, activo=true), continuation {})
13:53:00.209 [DefaultDispatcher-worker-5] DEBUG io.mockk.impl.recording.states.AnsweringState - Answering io.github.reactivecircus.cache4k.RealCache@34480a71 on UserCache(cache#725).getCache()
13:53:00.210 [DefaultDispatcher-worker-5] DEBUG io.mockk.impl.recording.states.AnsweringState - Answering null on UserRepository(repo#726).findByUUID(cdfadefd-335b-4c3c-80c7-df8d17d1b6ab, continuation {})
13:53:00.217 [DefaultDispatcher-worker-5] DEBUG io.mockk.impl.recording.states.AnsweringState - Answering null on UserRepository(repo#726).findById(63dfa6ac45532c417eff81f2, continuation {})
13:53:00.223 [DefaultDispatcher-worker-5] DEBUG io.mockk.impl.recording.states.AnsweringState - Answering kotlinx.coroutines.flow.FlowKt__BuildersKt$flowOf$$inlined$unsafeFlow$2@37a7de79 on UserRepository(repo#726).findAll(continuation {})
13:53:04.132 [DefaultDispatcher-worker-2] DEBUG io.mockk.impl.recording.states.AnsweringState - Answering kotlinx.coroutines.flow.FlowKt__BuildersKt$flowOf$$inlined$unsafeFlow$2@3aa19a74 on UserRepository(repo#726).findAll(continuation {})
13:53:08.377 [Test worker @coroutine#1216] DEBUG io.mockk.impl.instantiation.AbstractMockFactory - Creating mockk for User name=child of repo#726#734
13:53:08.379 [DefaultDispatcher-worker-3] DEBUG io.mockk.impl.recording.states.AnsweringState - Answering User(id=63dfa6a845532c417eff81e7, uuid=93a98d69-0000-1111-0000-05b596ea83ba, nombre=loli, apellido=test, telefono=123456789, email=loli@test.com, password=lolitest, perfil=ADMIN, activo=true) on UserRepository(repo#726).setInactive(63dfa6a845532c417eff81e7, continuation {})
]]></system-out>
  <system-err><![CDATA[]]></system-err>
</testsuite>
