<?xml version="1.0" encoding="UTF-8"?>
<testsuite name="koin.repositories.user.UserRepositoryCachedTest" tests="11" skipped="0" failures="0" errors="0" timestamp="2023-02-02T22:41:57" hostname="LOLI-LAPTOP" time="11.685">
  <properties/>
  <testcase name="delete()" classname="koin.repositories.user.UserRepositoryCachedTest" time="0.017"/>
  <testcase name="findAll()" classname="koin.repositories.user.UserRepositoryCachedTest" time="3.628"/>
  <testcase name="findById()" classname="koin.repositories.user.UserRepositoryCachedTest" time="0.011"/>
  <testcase name="findByUUID()" classname="koin.repositories.user.UserRepositoryCachedTest" time="0.007"/>
  <testcase name="save()" classname="koin.repositories.user.UserRepositoryCachedTest" time="0.008"/>
  <testcase name="findByUUIDNotExists()" classname="koin.repositories.user.UserRepositoryCachedTest" time="0.008"/>
  <testcase name="findByIdNotExists()" classname="koin.repositories.user.UserRepositoryCachedTest" time="0.005"/>
  <testcase name="findByEmail()" classname="koin.repositories.user.UserRepositoryCachedTest" time="3.738"/>
  <testcase name="findByPhone()" classname="koin.repositories.user.UserRepositoryCachedTest" time="3.757"/>
  <testcase name="findByIdNumerical()" classname="koin.repositories.user.UserRepositoryCachedTest" time="0.495"/>
  <testcase name="setInactive()" classname="koin.repositories.user.UserRepositoryCachedTest" time="0.011"/>
  <system-out><![CDATA[23:41:57.453 [Test worker] DEBUG koin.services.cache.user.UserCache - Initializing UserCache...
23:41:57.456 [Test worker] DEBUG io.mockk.impl.instantiation.AbstractMockFactory - Creating spyk for UserCache name=cache#725
23:41:57.488 [Test worker] DEBUG io.mockk.impl.instantiation.AbstractMockFactory - Creating mockk for UserRepository name=repo#726
23:41:57.531 [DefaultDispatcher-worker-8 @coroutine#1106] DEBUG io.mockk.impl.recording.states.AnsweringState - Answering 60000 on UserCache(cache#725).getRefreshTime()
23:41:57.536 [Test worker @coroutine#1107] DEBUG io.mockk.impl.instantiation.AbstractMockFactory - Creating mockk for User name=child of repo#726#727
23:41:57.539 [Test worker @coroutine#1107] DEBUG io.mockk.impl.instantiation.AbstractMockFactory - Creating mockk for User name=child of repo#726#728
23:41:57.541 [DefaultDispatcher-worker-8] DEBUG io.mockk.impl.recording.states.AnsweringState - Answering User(id=63dc3c351b23f96d9c839943, uuid=93a98d69-0000-1111-0000-05b596ea83ba, nombre=loli, apellido=test, telefono=123456789, email=loli@test.com, password=lolitest, perfil=ADMIN, activo=true) on UserRepository(repo#726).delete(63dc3c351b23f96d9c839943, continuation {})
23:41:57.542 [DefaultDispatcher-worker-8] DEBUG io.mockk.impl.recording.states.AnsweringState - Answering io.github.reactivecircus.cache4k.RealCache@19bf18ed on UserCache(cache#725).getCache()
23:41:57.550 [Test worker @coroutine#1115] DEBUG io.mockk.impl.instantiation.AbstractMockFactory - Creating mockk for Flow name=child of repo#726#729
23:41:57.552 [DefaultDispatcher-worker-8] DEBUG io.mockk.impl.recording.states.AnsweringState - Answering kotlinx.coroutines.flow.FlowKt__BuildersKt$flowOf$$inlined$unsafeFlow$2@37bb6278 on UserRepository(repo#726).findAll(continuation {})
23:42:01.179 [Test worker @coroutine#1134] DEBUG io.mockk.impl.instantiation.AbstractMockFactory - Creating mockk for User name=child of repo#726#730
23:42:01.181 [DefaultDispatcher-worker-5] DEBUG io.mockk.impl.recording.states.AnsweringState - Answering User(id=63dc3c351b23f96d9c839943, uuid=93a98d69-0000-1111-0000-05b596ea83ba, nombre=loli, apellido=test, telefono=123456789, email=loli@test.com, password=lolitest, perfil=ADMIN, activo=true) on UserRepository(repo#726).findById(63dc3c351b23f96d9c839943, continuation {})
23:42:01.188 [Test worker @coroutine#1140] DEBUG io.mockk.impl.instantiation.AbstractMockFactory - Creating mockk for User name=child of repo#726#731
23:42:01.189 [DefaultDispatcher-worker-5] DEBUG io.mockk.impl.recording.states.AnsweringState - Answering io.github.reactivecircus.cache4k.RealCache@19bf18ed on UserCache(cache#725).getCache()
23:42:01.190 [DefaultDispatcher-worker-5] DEBUG io.mockk.impl.recording.states.AnsweringState - Answering User(id=63dc3c351b23f96d9c839943, uuid=93a98d69-0000-1111-0000-05b596ea83ba, nombre=loli, apellido=test, telefono=123456789, email=loli@test.com, password=lolitest, perfil=ADMIN, activo=true) on UserRepository(repo#726).findByUUID(93a98d69-0000-1111-0000-05b596ea83ba, continuation {})
23:42:01.193 [Test worker @background work runner#1143] DEBUG io.mockk.impl.instantiation.AbstractMockFactory - Creating mockk for User name=child of repo#726#732
23:42:01.196 [Test worker @coroutine#1146] DEBUG io.mockk.impl.instantiation.AbstractMockFactory - Creating mockk for User name=child of repo#726#733
23:42:01.197 [DefaultDispatcher-worker-5] DEBUG io.mockk.impl.recording.states.AnsweringState - Answering User(id=63dc3c351b23f96d9c839943, uuid=93a98d69-0000-1111-0000-05b596ea83ba, nombre=loli, apellido=test, telefono=123456789, email=loli@test.com, password=lolitest, perfil=ADMIN, activo=true) on UserRepository(repo#726).save(User(id=63dc3c351b23f96d9c839943, uuid=93a98d69-0000-1111-0000-05b596ea83ba, nombre=loli, apellido=test, telefono=123456789, email=loli@test.com, password=lolitest, perfil=ADMIN, activo=true), continuation {})
23:42:01.206 [DefaultDispatcher-worker-5] DEBUG io.mockk.impl.recording.states.AnsweringState - Answering io.github.reactivecircus.cache4k.RealCache@19bf18ed on UserCache(cache#725).getCache()
23:42:01.207 [DefaultDispatcher-worker-5] DEBUG io.mockk.impl.recording.states.AnsweringState - Answering null on UserRepository(repo#726).findByUUID(185de4c5-8da1-4dcd-9661-59708a93b835, continuation {})
23:42:01.212 [DefaultDispatcher-worker-5] DEBUG io.mockk.impl.recording.states.AnsweringState - Answering null on UserRepository(repo#726).findById(63dc3c391b23f96d9c83994e, continuation {})
23:42:01.220 [DefaultDispatcher-worker-2] DEBUG io.mockk.impl.recording.states.AnsweringState - Answering kotlinx.coroutines.flow.FlowKt__BuildersKt$flowOf$$inlined$unsafeFlow$2@56b2d7a8 on UserRepository(repo#726).findAll(continuation {})
23:42:03.163 [MaintenanceTimer-6-thread-1] DEBUG org.mongodb.driver.connection - Pruning pooled connections to ac-o2suyf6-shard-00-01.7qtbnuz.mongodb.net:27017
23:42:03.195 [MaintenanceTimer-2-thread-1] DEBUG org.mongodb.driver.connection - Pruning pooled connections to ac-o2suyf6-shard-00-00.7qtbnuz.mongodb.net:27017
23:42:03.323 [cluster-ClusterId{value='63dc3bd41b23f96d9c839559', description='null'}-ac-o2suyf6-shard-00-01.7qtbnuz.mongodb.net:27017] DEBUG org.mongodb.driver.cluster - Updating cluster description to  {type=REPLICA_SET, servers=[{address=ac-o2suyf6-shard-00-00.7qtbnuz.mongodb.net:27017, type=REPLICA_SET_SECONDARY, TagSet{[Tag{name='nodeType', value='ELECTABLE'}, Tag{name='provider', value='AWS'}, Tag{name='region', value='EU_WEST_3'}, Tag{name='workloadType', value='OPERATIONAL'}]}, roundTripTime=68.3 ms, state=CONNECTED}, {address=ac-o2suyf6-shard-00-02.7qtbnuz.mongodb.net:27017, type=REPLICA_SET_PRIMARY, TagSet{[Tag{name='nodeType', value='ELECTABLE'}, Tag{name='provider', value='AWS'}, Tag{name='region', value='EU_WEST_3'}, Tag{name='workloadType', value='OPERATIONAL'}]}, roundTripTime=61.0 ms, state=CONNECTED}, {address=ac-o2suyf6-shard-00-01.7qtbnuz.mongodb.net:27017, type=REPLICA_SET_SECONDARY, TagSet{[Tag{name='nodeType', value='ELECTABLE'}, Tag{name='provider', value='AWS'}, Tag{name='region', value='EU_WEST_3'}, Tag{name='workloadType', value='OPERATIONAL'}]}, roundTripTime=63.2 ms, state=CONNECTED}]
23:42:03.323 [cluster-ClusterId{value='63dc3bd41b23f96d9c839559', description='null'}-ac-o2suyf6-shard-00-01.7qtbnuz.mongodb.net:27017] DEBUG org.mongodb.driver.cluster - Checking status of ac-o2suyf6-shard-00-01.7qtbnuz.mongodb.net:27017
23:42:03.323 [cluster-ClusterId{value='63dc3bd41b23f96d9c839559', description='null'}-ac-o2suyf6-shard-00-00.7qtbnuz.mongodb.net:27017] DEBUG org.mongodb.driver.cluster - Updating cluster description to  {type=REPLICA_SET, servers=[{address=ac-o2suyf6-shard-00-00.7qtbnuz.mongodb.net:27017, type=REPLICA_SET_SECONDARY, TagSet{[Tag{name='nodeType', value='ELECTABLE'}, Tag{name='provider', value='AWS'}, Tag{name='region', value='EU_WEST_3'}, Tag{name='workloadType', value='OPERATIONAL'}]}, roundTripTime=61.7 ms, state=CONNECTED}, {address=ac-o2suyf6-shard-00-02.7qtbnuz.mongodb.net:27017, type=REPLICA_SET_PRIMARY, TagSet{[Tag{name='nodeType', value='ELECTABLE'}, Tag{name='provider', value='AWS'}, Tag{name='region', value='EU_WEST_3'}, Tag{name='workloadType', value='OPERATIONAL'}]}, roundTripTime=61.0 ms, state=CONNECTED}, {address=ac-o2suyf6-shard-00-01.7qtbnuz.mongodb.net:27017, type=REPLICA_SET_SECONDARY, TagSet{[Tag{name='nodeType', value='ELECTABLE'}, Tag{name='provider', value='AWS'}, Tag{name='region', value='EU_WEST_3'}, Tag{name='workloadType', value='OPERATIONAL'}]}, roundTripTime=63.2 ms, state=CONNECTED}]
23:42:03.323 [cluster-ClusterId{value='63dc3bd41b23f96d9c839559', description='null'}-ac-o2suyf6-shard-00-00.7qtbnuz.mongodb.net:27017] DEBUG org.mongodb.driver.cluster - Checking status of ac-o2suyf6-shard-00-00.7qtbnuz.mongodb.net:27017
23:42:03.417 [cluster-rtt-ClusterId{value='63dc3bd41b23f96d9c839559', description='null'}-ac-o2suyf6-shard-00-02.7qtbnuz.mongodb.net:27017] DEBUG org.mongodb.driver.protocol.command - Sending command '{"hello": 1, "$db": "admin", "$clusterTime": {"clusterTime": {"$timestamp": {"t": 1675377722, "i": 5}}, "signature": {"hash": {"$binary": {"base64": "jQfYWK5fJwbAntZVZfwYKGV+ytE=", "subType": "00"}}, "keyId": 7161871216054108163}}}' with request id 178 to database admin on connection [connectionId{localValue:35, serverValue:127417}] to server ac-o2suyf6-shard-00-02.7qtbnuz.mongodb.net:27017
23:42:03.417 [cluster-rtt-ClusterId{value='63dc3bd41b23f96d9c839559', description='null'}-ac-o2suyf6-shard-00-00.7qtbnuz.mongodb.net:27017] DEBUG org.mongodb.driver.protocol.command - Sending command '{"hello": 1, "$db": "admin", "$clusterTime": {"clusterTime": {"$timestamp": {"t": 1675377722, "i": 5}}, "signature": {"hash": {"$binary": {"base64": "jQfYWK5fJwbAntZVZfwYKGV+ytE=", "subType": "00"}}, "keyId": 7161871216054108163}}}' with request id 179 to database admin on connection [connectionId{localValue:28, serverValue:128486}] to server ac-o2suyf6-shard-00-00.7qtbnuz.mongodb.net:27017
23:42:03.449 [cluster-rtt-ClusterId{value='63dc3bd41b23f96d9c839559', description='null'}-ac-o2suyf6-shard-00-01.7qtbnuz.mongodb.net:27017] DEBUG org.mongodb.driver.protocol.command - Sending command '{"hello": 1, "$db": "admin", "$clusterTime": {"clusterTime": {"$timestamp": {"t": 1675377722, "i": 5}}, "signature": {"hash": {"$binary": {"base64": "jQfYWK5fJwbAntZVZfwYKGV+ytE=", "subType": "00"}}, "keyId": 7161871216054108163}}}' with request id 180 to database admin on connection [connectionId{localValue:32, serverValue:124410}] to server ac-o2suyf6-shard-00-01.7qtbnuz.mongodb.net:27017
23:42:03.455 [cluster-rtt-ClusterId{value='63dc3bd41b23f96d9c839559', description='null'}-ac-o2suyf6-shard-00-00.7qtbnuz.mongodb.net:27017] DEBUG org.mongodb.driver.protocol.command - Execution of command with request id 179 completed successfully in 38.07 ms on connection [connectionId{localValue:28, serverValue:128486}] to server ac-o2suyf6-shard-00-00.7qtbnuz.mongodb.net:27017
23:42:03.455 [cluster-rtt-ClusterId{value='63dc3bd41b23f96d9c839559', description='null'}-ac-o2suyf6-shard-00-02.7qtbnuz.mongodb.net:27017] DEBUG org.mongodb.driver.protocol.command - Execution of command with request id 178 completed successfully in 38.07 ms on connection [connectionId{localValue:35, serverValue:127417}] to server ac-o2suyf6-shard-00-02.7qtbnuz.mongodb.net:27017
23:42:03.490 [cluster-rtt-ClusterId{value='63dc3bd41b23f96d9c839559', description='null'}-ac-o2suyf6-shard-00-01.7qtbnuz.mongodb.net:27017] DEBUG org.mongodb.driver.protocol.command - Execution of command with request id 180 completed successfully in 41.09 ms on connection [connectionId{localValue:32, serverValue:124410}] to server ac-o2suyf6-shard-00-01.7qtbnuz.mongodb.net:27017
23:42:03.609 [MaintenanceTimer-4-thread-1] DEBUG org.mongodb.driver.connection - Pruning pooled connections to ac-o2suyf6-shard-00-02.7qtbnuz.mongodb.net:27017
23:42:03.696 [cluster-ClusterId{value='63dc3bd41b23f96d9c839559', description='null'}-ac-o2suyf6-shard-00-02.7qtbnuz.mongodb.net:27017] DEBUG org.mongodb.driver.cluster - Updating cluster description to  {type=REPLICA_SET, servers=[{address=ac-o2suyf6-shard-00-00.7qtbnuz.mongodb.net:27017, type=REPLICA_SET_SECONDARY, TagSet{[Tag{name='nodeType', value='ELECTABLE'}, Tag{name='provider', value='AWS'}, Tag{name='region', value='EU_WEST_3'}, Tag{name='workloadType', value='OPERATIONAL'}]}, roundTripTime=61.7 ms, state=CONNECTED}, {address=ac-o2suyf6-shard-00-02.7qtbnuz.mongodb.net:27017, type=REPLICA_SET_PRIMARY, TagSet{[Tag{name='nodeType', value='ELECTABLE'}, Tag{name='provider', value='AWS'}, Tag{name='region', value='EU_WEST_3'}, Tag{name='workloadType', value='OPERATIONAL'}]}, roundTripTime=56.6 ms, state=CONNECTED}, {address=ac-o2suyf6-shard-00-01.7qtbnuz.mongodb.net:27017, type=REPLICA_SET_SECONDARY, TagSet{[Tag{name='nodeType', value='ELECTABLE'}, Tag{name='provider', value='AWS'}, Tag{name='region', value='EU_WEST_3'}, Tag{name='workloadType', value='OPERATIONAL'}]}, roundTripTime=63.2 ms, state=CONNECTED}]
23:42:03.696 [cluster-ClusterId{value='63dc3bd41b23f96d9c839559', description='null'}-ac-o2suyf6-shard-00-02.7qtbnuz.mongodb.net:27017] DEBUG org.mongodb.driver.cluster - Checking status of ac-o2suyf6-shard-00-02.7qtbnuz.mongodb.net:27017
23:42:04.956 [DefaultDispatcher-worker-3] DEBUG io.mockk.impl.recording.states.AnsweringState - Answering kotlinx.coroutines.flow.FlowKt__BuildersKt$flowOf$$inlined$unsafeFlow$2@4f80b67a on UserRepository(repo#726).findAll(continuation {})
23:42:09.208 [Test worker @coroutine#1217] DEBUG io.mockk.impl.instantiation.AbstractMockFactory - Creating mockk for User name=child of repo#726#734
23:42:09.209 [DefaultDispatcher-worker-1] DEBUG io.mockk.impl.recording.states.AnsweringState - Answering User(id=63dc3c351b23f96d9c839943, uuid=93a98d69-0000-1111-0000-05b596ea83ba, nombre=loli, apellido=test, telefono=123456789, email=loli@test.com, password=lolitest, perfil=ADMIN, activo=true) on UserRepository(repo#726).setInactive(63dc3c351b23f96d9c839943, continuation {})
]]></system-out>
  <system-err><![CDATA[]]></system-err>
</testsuite>
