<?xml version="1.0" encoding="UTF-8"?>
<testsuite name="koin.repositories.tarea.TareaRepositoryTest" tests="8" skipped="0" failures="0" errors="0" timestamp="2023-02-10T19:47:44" hostname="LOLI-LAPTOP" time="1.01">
  <properties/>
  <testcase name="setFinalizada()" classname="koin.repositories.tarea.TareaRepositoryTest" time="0.194"/>
  <testcase name="delete()" classname="koin.repositories.tarea.TareaRepositoryTest" time="0.16"/>
  <testcase name="findAll()" classname="koin.repositories.tarea.TareaRepositoryTest" time="0.104"/>
  <testcase name="findById()" classname="koin.repositories.tarea.TareaRepositoryTest" time="0.104"/>
  <testcase name="findByUuid()" classname="koin.repositories.tarea.TareaRepositoryTest" time="0.104"/>
  <testcase name="save()" classname="koin.repositories.tarea.TareaRepositoryTest" time="0.103"/>
  <testcase name="findByIdNotExists()" classname="koin.repositories.tarea.TareaRepositoryTest" time="0.097"/>
  <testcase name="deleteNotExists()" classname="koin.repositories.tarea.TareaRepositoryTest" time="0.144"/>
  <system-out><![CDATA[20:47:44.471 [AsyncGetter-5-thread-1] DEBUG org.mongodb.driver.protocol.command - Sending command '{"drop": "tarea", "$db": "practica03mongoIvanLoli", "$clusterTime": {"clusterTime": {"$timestamp": {"t": 1676058459, "i": 9}}, "signature": {"hash": {"$binary": {"base64": "3k/EpBx3dB33KjTPDaDqlQYtISw=", "subType": "00"}}, "keyId": 7161871216054108163}}, "lsid": {"id": {"$binary": {"base64": "sH556KejSCSwUATTPzPu5w==", "subType": "04"}}}}' with request id 127 to database practica03mongoIvanLoli on connection [connectionId{localValue:11, serverValue:268597}] to server ac-o2suyf6-shard-00-02.7qtbnuz.mongodb.net:27017
20:47:44.537 [async-channel-group-0-handler-executor] DEBUG org.mongodb.driver.protocol.command - Execution of command with request id 127 completed successfully in 65.91 ms on connection [connectionId{localValue:11, serverValue:268597}] to server ac-o2suyf6-shard-00-02.7qtbnuz.mongodb.net:27017
20:47:44.544 [AsyncGetter-5-thread-1] DEBUG org.mongodb.driver.protocol.command - Sending command '{"update": "tarea", "ordered": true, "txnNumber": 37, "$db": "practica03mongoIvanLoli", "$clusterTime": {"clusterTime": {"$timestamp": {"t": 1676058461, "i": 1}}, "signature": {"hash": {"$binary": {"base64": "sM+1dzRfLRI10YzMtCiaQ3j13j0=", "subType": "00"}}, "keyId": 7161871216054108163}}, "lsid": {"id": {"$binary": {"base64": "sH556KejSCSwUATTPzPu5w==", "subType": "04"}}}, "updates": [{"q": {"_id": {"$oid": "63e69f603d878c607c737155"}}, "u": {"_id": {"$oid": "63e69f603d878c607c737155"}, "uuid": {"$binary": {"base64": "p0gTAGmNqZPMg+qWtQVPsw==", "subType": "03"}}, "raquetaId": {"$binary": {"base64": "p0gBAGmNqZO6g+qWtQVPsw==", "subType": "03"}}, "precio": 0.0, "tipo": "ADQUISICION", "finalizada": false, "pedidoId": {"$binary": {"base64": "p0gQAGmNqZPMiuqWtQVPsw==", "subType": "03"}}, "productoAdquiridoId": {"$binary": {"base64": "p0gEAGmNqZOqg+qWtQVPsw==", "subType": "03"}}, "peso": null, "balance": null, "rigidez": null, "tensionHorizontal": null, "cordajeHorizontalId": null, "tension ...' with request id 128 to database practica03mongoIvanLoli on connection [connectionId{localValue:11, serverValue:268597}] to server ac-o2suyf6-shard-00-02.7qtbnuz.mongodb.net:27017
20:47:44.625 [async-channel-group-0-handler-executor] DEBUG org.mongodb.driver.protocol.command - Execution of command with request id 128 completed successfully in 81.35 ms on connection [connectionId{localValue:11, serverValue:268597}] to server ac-o2suyf6-shard-00-02.7qtbnuz.mongodb.net:27017
20:47:44.632 [DefaultDispatcher-worker-10 @coroutine#970] DEBUG koin.repositories.tarea.TareaRepository - setFinalizada(63e69f603d878c607c737155)
20:47:44.633 [AsyncGetter-5-thread-1] DEBUG org.mongodb.driver.protocol.command - Sending command '{"find": "tarea", "filter": {"_id": {"$oid": "63e69f603d878c607c737155"}}, "limit": 1, "singleBatch": true, "$db": "practica03mongoIvanLoli", "$clusterTime": {"clusterTime": {"$timestamp": {"t": 1676058461, "i": 3}}, "signature": {"hash": {"$binary": {"base64": "sM+1dzRfLRI10YzMtCiaQ3j13j0=", "subType": "00"}}, "keyId": 7161871216054108163}}, "lsid": {"id": {"$binary": {"base64": "sH556KejSCSwUATTPzPu5w==", "subType": "04"}}}}' with request id 129 to database practica03mongoIvanLoli on connection [connectionId{localValue:11, serverValue:268597}] to server ac-o2suyf6-shard-00-02.7qtbnuz.mongodb.net:27017
20:47:44.676 [async-channel-group-0-handler-executor] DEBUG org.mongodb.driver.protocol.command - Execution of command with request id 129 completed successfully in 43.11 ms on connection [connectionId{localValue:11, serverValue:268597}] to server ac-o2suyf6-shard-00-02.7qtbnuz.mongodb.net:27017
20:47:44.676 [async-channel-group-0-handler-executor] DEBUG org.mongodb.driver.operation - Received batch of 1 documents with cursorId 0 from server ac-o2suyf6-shard-00-02.7qtbnuz.mongodb.net:27017
20:47:44.679 [AsyncGetter-5-thread-1] DEBUG org.mongodb.driver.protocol.command - Sending command '{"update": "tarea", "ordered": true, "txnNumber": 38, "$db": "practica03mongoIvanLoli", "$clusterTime": {"clusterTime": {"$timestamp": {"t": 1676058461, "i": 3}}, "signature": {"hash": {"$binary": {"base64": "sM+1dzRfLRI10YzMtCiaQ3j13j0=", "subType": "00"}}, "keyId": 7161871216054108163}}, "lsid": {"id": {"$binary": {"base64": "sH556KejSCSwUATTPzPu5w==", "subType": "04"}}}, "updates": [{"q": {"_id": {"$oid": "63e69f603d878c607c737155"}}, "u": {"_id": {"$oid": "63e69f603d878c607c737155"}, "uuid": {"$binary": {"base64": "p0gTAGmNqZPMg+qWtQVPsw==", "subType": "03"}}, "raquetaId": {"$binary": {"base64": "p0gBAGmNqZO6g+qWtQVPsw==", "subType": "03"}}, "precio": 0.0, "tipo": "ADQUISICION", "finalizada": true, "pedidoId": {"$binary": {"base64": "p0gQAGmNqZPMiuqWtQVPsw==", "subType": "03"}}, "productoAdquiridoId": {"$binary": {"base64": "p0gEAGmNqZOqg+qWtQVPsw==", "subType": "03"}}, "peso": null, "balance": null, "rigidez": null, "tensionHorizontal": null, "cordajeHorizontalId": null, "tensionV ...' with request id 130 to database practica03mongoIvanLoli on connection [connectionId{localValue:11, serverValue:268597}] to server ac-o2suyf6-shard-00-02.7qtbnuz.mongodb.net:27017
20:47:44.727 [async-channel-group-0-handler-executor] DEBUG org.mongodb.driver.protocol.command - Execution of command with request id 130 completed successfully in 48.59 ms on connection [connectionId{localValue:11, serverValue:268597}] to server ac-o2suyf6-shard-00-02.7qtbnuz.mongodb.net:27017
20:47:44.733 [AsyncGetter-5-thread-1] DEBUG org.mongodb.driver.protocol.command - Sending command '{"update": "tarea", "ordered": true, "txnNumber": 39, "$db": "practica03mongoIvanLoli", "$clusterTime": {"clusterTime": {"$timestamp": {"t": 1676058461, "i": 4}}, "signature": {"hash": {"$binary": {"base64": "sM+1dzRfLRI10YzMtCiaQ3j13j0=", "subType": "00"}}, "keyId": 7161871216054108163}}, "lsid": {"id": {"$binary": {"base64": "sH556KejSCSwUATTPzPu5w==", "subType": "04"}}}, "updates": [{"q": {"_id": {"$oid": "63e69f603d878c607c737155"}}, "u": {"_id": {"$oid": "63e69f603d878c607c737155"}, "uuid": {"$binary": {"base64": "p0gTAGmNqZPMg+qWtQVPsw==", "subType": "03"}}, "raquetaId": {"$binary": {"base64": "p0gBAGmNqZO6g+qWtQVPsw==", "subType": "03"}}, "precio": 0.0, "tipo": "ADQUISICION", "finalizada": false, "pedidoId": {"$binary": {"base64": "p0gQAGmNqZPMiuqWtQVPsw==", "subType": "03"}}, "productoAdquiridoId": {"$binary": {"base64": "p0gEAGmNqZOqg+qWtQVPsw==", "subType": "03"}}, "peso": null, "balance": null, "rigidez": null, "tensionHorizontal": null, "cordajeHorizontalId": null, "tension ...' with request id 131 to database practica03mongoIvanLoli on connection [connectionId{localValue:11, serverValue:268597}] to server ac-o2suyf6-shard-00-02.7qtbnuz.mongodb.net:27017
20:47:44.781 [async-channel-group-0-handler-executor] DEBUG org.mongodb.driver.protocol.command - Execution of command with request id 131 completed successfully in 48.60 ms on connection [connectionId{localValue:11, serverValue:268597}] to server ac-o2suyf6-shard-00-02.7qtbnuz.mongodb.net:27017
20:47:44.789 [DefaultDispatcher-worker-10 @coroutine#975] DEBUG koin.repositories.tarea.TareaRepository - delete(63e69f603d878c607c737155)
20:47:44.790 [AsyncGetter-5-thread-1] DEBUG org.mongodb.driver.protocol.command - Sending command '{"find": "tarea", "filter": {"_id": {"$oid": "63e69f603d878c607c737155"}}, "limit": 1, "singleBatch": true, "$db": "practica03mongoIvanLoli", "$clusterTime": {"clusterTime": {"$timestamp": {"t": 1676058461, "i": 5}}, "signature": {"hash": {"$binary": {"base64": "sM+1dzRfLRI10YzMtCiaQ3j13j0=", "subType": "00"}}, "keyId": 7161871216054108163}}, "lsid": {"id": {"$binary": {"base64": "sH556KejSCSwUATTPzPu5w==", "subType": "04"}}}}' with request id 132 to database practica03mongoIvanLoli on connection [connectionId{localValue:11, serverValue:268597}] to server ac-o2suyf6-shard-00-02.7qtbnuz.mongodb.net:27017
20:47:44.836 [async-channel-group-0-handler-executor] DEBUG org.mongodb.driver.protocol.command - Execution of command with request id 132 completed successfully in 45.33 ms on connection [connectionId{localValue:11, serverValue:268597}] to server ac-o2suyf6-shard-00-02.7qtbnuz.mongodb.net:27017
20:47:44.836 [async-channel-group-0-handler-executor] DEBUG org.mongodb.driver.operation - Received batch of 1 documents with cursorId 0 from server ac-o2suyf6-shard-00-02.7qtbnuz.mongodb.net:27017
20:47:44.838 [AsyncGetter-5-thread-1] DEBUG org.mongodb.driver.protocol.command - Sending command '{"delete": "tarea", "ordered": true, "txnNumber": 40, "$db": "practica03mongoIvanLoli", "$clusterTime": {"clusterTime": {"$timestamp": {"t": 1676058461, "i": 5}}, "signature": {"hash": {"$binary": {"base64": "sM+1dzRfLRI10YzMtCiaQ3j13j0=", "subType": "00"}}, "keyId": 7161871216054108163}}, "lsid": {"id": {"$binary": {"base64": "sH556KejSCSwUATTPzPu5w==", "subType": "04"}}}, "deletes": [{"q": {"_id": {"$oid": "63e69f603d878c607c737155"}}, "limit": 1}]}' with request id 133 to database practica03mongoIvanLoli on connection [connectionId{localValue:11, serverValue:268597}] to server ac-o2suyf6-shard-00-02.7qtbnuz.mongodb.net:27017
20:47:44.887 [async-channel-group-0-handler-executor] DEBUG org.mongodb.driver.protocol.command - Execution of command with request id 133 completed successfully in 49.35 ms on connection [connectionId{localValue:11, serverValue:268597}] to server ac-o2suyf6-shard-00-02.7qtbnuz.mongodb.net:27017
20:47:44.894 [AsyncGetter-5-thread-1] DEBUG org.mongodb.driver.protocol.command - Sending command '{"update": "tarea", "ordered": true, "txnNumber": 41, "$db": "practica03mongoIvanLoli", "$clusterTime": {"clusterTime": {"$timestamp": {"t": 1676058461, "i": 6}}, "signature": {"hash": {"$binary": {"base64": "sM+1dzRfLRI10YzMtCiaQ3j13j0=", "subType": "00"}}, "keyId": 7161871216054108163}}, "lsid": {"id": {"$binary": {"base64": "sH556KejSCSwUATTPzPu5w==", "subType": "04"}}}, "updates": [{"q": {"_id": {"$oid": "63e69f603d878c607c737155"}}, "u": {"_id": {"$oid": "63e69f603d878c607c737155"}, "uuid": {"$binary": {"base64": "p0gTAGmNqZPMg+qWtQVPsw==", "subType": "03"}}, "raquetaId": {"$binary": {"base64": "p0gBAGmNqZO6g+qWtQVPsw==", "subType": "03"}}, "precio": 0.0, "tipo": "ADQUISICION", "finalizada": false, "pedidoId": {"$binary": {"base64": "p0gQAGmNqZPMiuqWtQVPsw==", "subType": "03"}}, "productoAdquiridoId": {"$binary": {"base64": "p0gEAGmNqZOqg+qWtQVPsw==", "subType": "03"}}, "peso": null, "balance": null, "rigidez": null, "tensionHorizontal": null, "cordajeHorizontalId": null, "tension ...' with request id 134 to database practica03mongoIvanLoli on connection [connectionId{localValue:11, serverValue:268597}] to server ac-o2suyf6-shard-00-02.7qtbnuz.mongodb.net:27017
20:47:44.941 [async-channel-group-0-handler-executor] DEBUG org.mongodb.driver.protocol.command - Execution of command with request id 134 completed successfully in 48.45 ms on connection [connectionId{localValue:11, serverValue:268597}] to server ac-o2suyf6-shard-00-02.7qtbnuz.mongodb.net:27017
20:47:44.945 [DefaultDispatcher-worker-10 @coroutine#980] DEBUG koin.repositories.tarea.TareaRepository - findAll()
20:47:44.946 [AsyncGetter-5-thread-1] DEBUG org.mongodb.driver.protocol.command - Sending command '{"find": "tarea", "filter": {}, "batchSize": 64, "$db": "practica03mongoIvanLoli", "$clusterTime": {"clusterTime": {"$timestamp": {"t": 1676058461, "i": 7}}, "signature": {"hash": {"$binary": {"base64": "sM+1dzRfLRI10YzMtCiaQ3j13j0=", "subType": "00"}}, "keyId": 7161871216054108163}}, "lsid": {"id": {"$binary": {"base64": "sH556KejSCSwUATTPzPu5w==", "subType": "04"}}}}' with request id 135 to database practica03mongoIvanLoli on connection [connectionId{localValue:11, serverValue:268597}] to server ac-o2suyf6-shard-00-02.7qtbnuz.mongodb.net:27017
20:47:44.990 [async-channel-group-0-handler-executor] DEBUG org.mongodb.driver.protocol.command - Execution of command with request id 135 completed successfully in 43.22 ms on connection [connectionId{localValue:11, serverValue:268597}] to server ac-o2suyf6-shard-00-02.7qtbnuz.mongodb.net:27017
20:47:44.991 [async-channel-group-0-handler-executor] DEBUG org.mongodb.driver.operation - Received batch of 1 documents with cursorId 0 from server ac-o2suyf6-shard-00-02.7qtbnuz.mongodb.net:27017
20:47:44.998 [AsyncGetter-5-thread-1] DEBUG org.mongodb.driver.protocol.command - Sending command '{"update": "tarea", "ordered": true, "txnNumber": 42, "$db": "practica03mongoIvanLoli", "$clusterTime": {"clusterTime": {"$timestamp": {"t": 1676058461, "i": 8}}, "signature": {"hash": {"$binary": {"base64": "sM+1dzRfLRI10YzMtCiaQ3j13j0=", "subType": "00"}}, "keyId": 7161871216054108163}}, "lsid": {"id": {"$binary": {"base64": "sH556KejSCSwUATTPzPu5w==", "subType": "04"}}}, "updates": [{"q": {"_id": {"$oid": "63e69f603d878c607c737155"}}, "u": {"_id": {"$oid": "63e69f603d878c607c737155"}, "uuid": {"$binary": {"base64": "p0gTAGmNqZPMg+qWtQVPsw==", "subType": "03"}}, "raquetaId": {"$binary": {"base64": "p0gBAGmNqZO6g+qWtQVPsw==", "subType": "03"}}, "precio": 0.0, "tipo": "ADQUISICION", "finalizada": false, "pedidoId": {"$binary": {"base64": "p0gQAGmNqZPMiuqWtQVPsw==", "subType": "03"}}, "productoAdquiridoId": {"$binary": {"base64": "p0gEAGmNqZOqg+qWtQVPsw==", "subType": "03"}}, "peso": null, "balance": null, "rigidez": null, "tensionHorizontal": null, "cordajeHorizontalId": null, "tension ...' with request id 136 to database practica03mongoIvanLoli on connection [connectionId{localValue:11, serverValue:268597}] to server ac-o2suyf6-shard-00-02.7qtbnuz.mongodb.net:27017
20:47:45.043 [async-channel-group-0-handler-executor] DEBUG org.mongodb.driver.protocol.command - Execution of command with request id 136 completed successfully in 45.76 ms on connection [connectionId{localValue:11, serverValue:268597}] to server ac-o2suyf6-shard-00-02.7qtbnuz.mongodb.net:27017
20:47:45.050 [DefaultDispatcher-worker-10 @coroutine#986] DEBUG koin.repositories.tarea.TareaRepository - findById(63e69f603d878c607c737155)
20:47:45.051 [AsyncGetter-5-thread-1] DEBUG org.mongodb.driver.protocol.command - Sending command '{"find": "tarea", "filter": {"_id": {"$oid": "63e69f603d878c607c737155"}}, "limit": 1, "singleBatch": true, "$db": "practica03mongoIvanLoli", "$clusterTime": {"clusterTime": {"$timestamp": {"t": 1676058461, "i": 9}}, "signature": {"hash": {"$binary": {"base64": "sM+1dzRfLRI10YzMtCiaQ3j13j0=", "subType": "00"}}, "keyId": 7161871216054108163}}, "lsid": {"id": {"$binary": {"base64": "sH556KejSCSwUATTPzPu5w==", "subType": "04"}}}}' with request id 137 to database practica03mongoIvanLoli on connection [connectionId{localValue:11, serverValue:268597}] to server ac-o2suyf6-shard-00-02.7qtbnuz.mongodb.net:27017
20:47:45.098 [async-channel-group-0-handler-executor] DEBUG org.mongodb.driver.protocol.command - Execution of command with request id 137 completed successfully in 46.57 ms on connection [connectionId{localValue:11, serverValue:268597}] to server ac-o2suyf6-shard-00-02.7qtbnuz.mongodb.net:27017
20:47:45.098 [async-channel-group-0-handler-executor] DEBUG org.mongodb.driver.operation - Received batch of 1 documents with cursorId 0 from server ac-o2suyf6-shard-00-02.7qtbnuz.mongodb.net:27017
20:47:45.101 [AsyncGetter-5-thread-1] DEBUG org.mongodb.driver.protocol.command - Sending command '{"update": "tarea", "ordered": true, "txnNumber": 43, "$db": "practica03mongoIvanLoli", "$clusterTime": {"clusterTime": {"$timestamp": {"t": 1676058461, "i": 9}}, "signature": {"hash": {"$binary": {"base64": "sM+1dzRfLRI10YzMtCiaQ3j13j0=", "subType": "00"}}, "keyId": 7161871216054108163}}, "lsid": {"id": {"$binary": {"base64": "sH556KejSCSwUATTPzPu5w==", "subType": "04"}}}, "updates": [{"q": {"_id": {"$oid": "63e69f603d878c607c737155"}}, "u": {"_id": {"$oid": "63e69f603d878c607c737155"}, "uuid": {"$binary": {"base64": "p0gTAGmNqZPMg+qWtQVPsw==", "subType": "03"}}, "raquetaId": {"$binary": {"base64": "p0gBAGmNqZO6g+qWtQVPsw==", "subType": "03"}}, "precio": 0.0, "tipo": "ADQUISICION", "finalizada": false, "pedidoId": {"$binary": {"base64": "p0gQAGmNqZPMiuqWtQVPsw==", "subType": "03"}}, "productoAdquiridoId": {"$binary": {"base64": "p0gEAGmNqZOqg+qWtQVPsw==", "subType": "03"}}, "peso": null, "balance": null, "rigidez": null, "tensionHorizontal": null, "cordajeHorizontalId": null, "tension ...' with request id 138 to database practica03mongoIvanLoli on connection [connectionId{localValue:11, serverValue:268597}] to server ac-o2suyf6-shard-00-02.7qtbnuz.mongodb.net:27017
20:47:45.147 [async-channel-group-0-handler-executor] DEBUG org.mongodb.driver.protocol.command - Execution of command with request id 138 completed successfully in 45.19 ms on connection [connectionId{localValue:11, serverValue:268597}] to server ac-o2suyf6-shard-00-02.7qtbnuz.mongodb.net:27017
20:47:45.151 [DefaultDispatcher-worker-10 @coroutine#991] DEBUG koin.repositories.tarea.TareaRepository - findByUUID(93a98d69-0013-48a7-b34f-05b596ea83cc)
20:47:45.152 [AsyncGetter-5-thread-1] DEBUG org.mongodb.driver.protocol.command - Sending command '{"find": "tarea", "filter": {}, "batchSize": 64, "$db": "practica03mongoIvanLoli", "$clusterTime": {"clusterTime": {"$timestamp": {"t": 1676058461, "i": 9}}, "signature": {"hash": {"$binary": {"base64": "sM+1dzRfLRI10YzMtCiaQ3j13j0=", "subType": "00"}}, "keyId": 7161871216054108163}}, "lsid": {"id": {"$binary": {"base64": "sH556KejSCSwUATTPzPu5w==", "subType": "04"}}}}' with request id 139 to database practica03mongoIvanLoli on connection [connectionId{localValue:11, serverValue:268597}] to server ac-o2suyf6-shard-00-02.7qtbnuz.mongodb.net:27017
20:47:45.199 [async-channel-group-0-handler-executor] DEBUG org.mongodb.driver.protocol.command - Execution of command with request id 139 completed successfully in 47.09 ms on connection [connectionId{localValue:11, serverValue:268597}] to server ac-o2suyf6-shard-00-02.7qtbnuz.mongodb.net:27017
20:47:45.200 [async-channel-group-0-handler-executor] DEBUG org.mongodb.driver.operation - Received batch of 1 documents with cursorId 0 from server ac-o2suyf6-shard-00-02.7qtbnuz.mongodb.net:27017
20:47:45.206 [AsyncGetter-5-thread-1] DEBUG org.mongodb.driver.protocol.command - Sending command '{"update": "tarea", "ordered": true, "txnNumber": 44, "$db": "practica03mongoIvanLoli", "$clusterTime": {"clusterTime": {"$timestamp": {"t": 1676058461, "i": 9}}, "signature": {"hash": {"$binary": {"base64": "sM+1dzRfLRI10YzMtCiaQ3j13j0=", "subType": "00"}}, "keyId": 7161871216054108163}}, "lsid": {"id": {"$binary": {"base64": "sH556KejSCSwUATTPzPu5w==", "subType": "04"}}}, "updates": [{"q": {"_id": {"$oid": "63e69f603d878c607c737155"}}, "u": {"_id": {"$oid": "63e69f603d878c607c737155"}, "uuid": {"$binary": {"base64": "p0gTAGmNqZPMg+qWtQVPsw==", "subType": "03"}}, "raquetaId": {"$binary": {"base64": "p0gBAGmNqZO6g+qWtQVPsw==", "subType": "03"}}, "precio": 0.0, "tipo": "ADQUISICION", "finalizada": false, "pedidoId": {"$binary": {"base64": "p0gQAGmNqZPMiuqWtQVPsw==", "subType": "03"}}, "productoAdquiridoId": {"$binary": {"base64": "p0gEAGmNqZOqg+qWtQVPsw==", "subType": "03"}}, "peso": null, "balance": null, "rigidez": null, "tensionHorizontal": null, "cordajeHorizontalId": null, "tension ...' with request id 140 to database practica03mongoIvanLoli on connection [connectionId{localValue:11, serverValue:268597}] to server ac-o2suyf6-shard-00-02.7qtbnuz.mongodb.net:27017
20:47:45.249 [async-channel-group-0-handler-executor] DEBUG org.mongodb.driver.protocol.command - Execution of command with request id 140 completed successfully in 43.22 ms on connection [connectionId{localValue:11, serverValue:268597}] to server ac-o2suyf6-shard-00-02.7qtbnuz.mongodb.net:27017
20:47:45.256 [DefaultDispatcher-worker-10 @coroutine#996] DEBUG koin.repositories.tarea.TareaRepository - save(Tarea(id=63e69f603d878c607c737155, uuid=93a98d69-0013-48a7-b34f-05b596ea83cc, raquetaId=93a98d69-0001-48a7-b34f-05b596ea83ba, precio=0.0, tipo=ADQUISICION, finalizada=false, pedidoId=93a98d69-0010-48a7-b34f-05b596ea8acc, productoAdquiridoId=93a98d69-0004-48a7-b34f-05b596ea83aa, peso=null, balance=null, rigidez=null, tensionHorizontal=null, cordajeHorizontalId=null, tensionVertical=null, cordajeVerticalId=null, dosNudos=null))
20:47:45.258 [AsyncGetter-5-thread-1] DEBUG org.mongodb.driver.protocol.command - Sending command '{"update": "tarea", "ordered": true, "txnNumber": 45, "$db": "practica03mongoIvanLoli", "$clusterTime": {"clusterTime": {"$timestamp": {"t": 1676058461, "i": 10}}, "signature": {"hash": {"$binary": {"base64": "sM+1dzRfLRI10YzMtCiaQ3j13j0=", "subType": "00"}}, "keyId": 7161871216054108163}}, "lsid": {"id": {"$binary": {"base64": "sH556KejSCSwUATTPzPu5w==", "subType": "04"}}}, "updates": [{"q": {"_id": {"$oid": "63e69f603d878c607c737155"}}, "u": {"_id": {"$oid": "63e69f603d878c607c737155"}, "uuid": {"$binary": {"base64": "p0gTAGmNqZPMg+qWtQVPsw==", "subType": "03"}}, "raquetaId": {"$binary": {"base64": "p0gBAGmNqZO6g+qWtQVPsw==", "subType": "03"}}, "precio": 0.0, "tipo": "ADQUISICION", "finalizada": false, "pedidoId": {"$binary": {"base64": "p0gQAGmNqZPMiuqWtQVPsw==", "subType": "03"}}, "productoAdquiridoId": {"$binary": {"base64": "p0gEAGmNqZOqg+qWtQVPsw==", "subType": "03"}}, "peso": null, "balance": null, "rigidez": null, "tensionHorizontal": null, "cordajeHorizontalId": null, "tensio ...' with request id 141 to database practica03mongoIvanLoli on connection [connectionId{localValue:11, serverValue:268597}] to server ac-o2suyf6-shard-00-02.7qtbnuz.mongodb.net:27017
20:47:45.303 [async-channel-group-0-handler-executor] DEBUG org.mongodb.driver.protocol.command - Execution of command with request id 141 completed successfully in 44.57 ms on connection [connectionId{localValue:11, serverValue:268597}] to server ac-o2suyf6-shard-00-02.7qtbnuz.mongodb.net:27017
20:47:45.309 [AsyncGetter-5-thread-1] DEBUG org.mongodb.driver.protocol.command - Sending command '{"update": "tarea", "ordered": true, "txnNumber": 46, "$db": "practica03mongoIvanLoli", "$clusterTime": {"clusterTime": {"$timestamp": {"t": 1676058461, "i": 10}}, "signature": {"hash": {"$binary": {"base64": "sM+1dzRfLRI10YzMtCiaQ3j13j0=", "subType": "00"}}, "keyId": 7161871216054108163}}, "lsid": {"id": {"$binary": {"base64": "sH556KejSCSwUATTPzPu5w==", "subType": "04"}}}, "updates": [{"q": {"_id": {"$oid": "63e69f603d878c607c737155"}}, "u": {"_id": {"$oid": "63e69f603d878c607c737155"}, "uuid": {"$binary": {"base64": "p0gTAGmNqZPMg+qWtQVPsw==", "subType": "03"}}, "raquetaId": {"$binary": {"base64": "p0gBAGmNqZO6g+qWtQVPsw==", "subType": "03"}}, "precio": 0.0, "tipo": "ADQUISICION", "finalizada": false, "pedidoId": {"$binary": {"base64": "p0gQAGmNqZPMiuqWtQVPsw==", "subType": "03"}}, "productoAdquiridoId": {"$binary": {"base64": "p0gEAGmNqZOqg+qWtQVPsw==", "subType": "03"}}, "peso": null, "balance": null, "rigidez": null, "tensionHorizontal": null, "cordajeHorizontalId": null, "tensio ...' with request id 142 to database practica03mongoIvanLoli on connection [connectionId{localValue:11, serverValue:268597}] to server ac-o2suyf6-shard-00-02.7qtbnuz.mongodb.net:27017
20:47:45.352 [async-channel-group-0-handler-executor] DEBUG org.mongodb.driver.protocol.command - Execution of command with request id 142 completed successfully in 44.33 ms on connection [connectionId{localValue:11, serverValue:268597}] to server ac-o2suyf6-shard-00-02.7qtbnuz.mongodb.net:27017
20:47:45.356 [DefaultDispatcher-worker-10 @coroutine#1001] DEBUG koin.repositories.tarea.TareaRepository - findById(63e69f613d878c607c737156)
20:47:45.357 [AsyncGetter-5-thread-1] DEBUG org.mongodb.driver.protocol.command - Sending command '{"find": "tarea", "filter": {"_id": {"$oid": "63e69f613d878c607c737156"}}, "limit": 1, "singleBatch": true, "$db": "practica03mongoIvanLoli", "$clusterTime": {"clusterTime": {"$timestamp": {"t": 1676058461, "i": 10}}, "signature": {"hash": {"$binary": {"base64": "sM+1dzRfLRI10YzMtCiaQ3j13j0=", "subType": "00"}}, "keyId": 7161871216054108163}}, "lsid": {"id": {"$binary": {"base64": "sH556KejSCSwUATTPzPu5w==", "subType": "04"}}}}' with request id 143 to database practica03mongoIvanLoli on connection [connectionId{localValue:11, serverValue:268597}] to server ac-o2suyf6-shard-00-02.7qtbnuz.mongodb.net:27017
20:47:45.402 [async-channel-group-0-handler-executor] DEBUG org.mongodb.driver.protocol.command - Execution of command with request id 143 completed successfully in 45.33 ms on connection [connectionId{localValue:11, serverValue:268597}] to server ac-o2suyf6-shard-00-02.7qtbnuz.mongodb.net:27017
20:47:45.402 [async-channel-group-0-handler-executor] DEBUG org.mongodb.driver.operation - Received batch of 0 documents with cursorId 0 from server ac-o2suyf6-shard-00-02.7qtbnuz.mongodb.net:27017
20:47:45.405 [AsyncGetter-5-thread-1] DEBUG org.mongodb.driver.protocol.command - Sending command '{"update": "tarea", "ordered": true, "txnNumber": 47, "$db": "practica03mongoIvanLoli", "$clusterTime": {"clusterTime": {"$timestamp": {"t": 1676058461, "i": 10}}, "signature": {"hash": {"$binary": {"base64": "sM+1dzRfLRI10YzMtCiaQ3j13j0=", "subType": "00"}}, "keyId": 7161871216054108163}}, "lsid": {"id": {"$binary": {"base64": "sH556KejSCSwUATTPzPu5w==", "subType": "04"}}}, "updates": [{"q": {"_id": {"$oid": "63e69f603d878c607c737155"}}, "u": {"_id": {"$oid": "63e69f603d878c607c737155"}, "uuid": {"$binary": {"base64": "p0gTAGmNqZPMg+qWtQVPsw==", "subType": "03"}}, "raquetaId": {"$binary": {"base64": "p0gBAGmNqZO6g+qWtQVPsw==", "subType": "03"}}, "precio": 0.0, "tipo": "ADQUISICION", "finalizada": false, "pedidoId": {"$binary": {"base64": "p0gQAGmNqZPMiuqWtQVPsw==", "subType": "03"}}, "productoAdquiridoId": {"$binary": {"base64": "p0gEAGmNqZOqg+qWtQVPsw==", "subType": "03"}}, "peso": null, "balance": null, "rigidez": null, "tensionHorizontal": null, "cordajeHorizontalId": null, "tensio ...' with request id 144 to database practica03mongoIvanLoli on connection [connectionId{localValue:11, serverValue:268597}] to server ac-o2suyf6-shard-00-02.7qtbnuz.mongodb.net:27017
20:47:45.449 [async-channel-group-0-handler-executor] DEBUG org.mongodb.driver.protocol.command - Execution of command with request id 144 completed successfully in 43.73 ms on connection [connectionId{localValue:11, serverValue:268597}] to server ac-o2suyf6-shard-00-02.7qtbnuz.mongodb.net:27017
20:47:45.454 [DefaultDispatcher-worker-10 @coroutine#1006] DEBUG koin.repositories.tarea.TareaRepository - delete(63e69f613d878c607c737157)
20:47:45.455 [AsyncGetter-5-thread-1] DEBUG org.mongodb.driver.protocol.command - Sending command '{"find": "tarea", "filter": {"_id": {"$oid": "63e69f613d878c607c737157"}}, "limit": 1, "singleBatch": true, "$db": "practica03mongoIvanLoli", "$clusterTime": {"clusterTime": {"$timestamp": {"t": 1676058461, "i": 10}}, "signature": {"hash": {"$binary": {"base64": "sM+1dzRfLRI10YzMtCiaQ3j13j0=", "subType": "00"}}, "keyId": 7161871216054108163}}, "lsid": {"id": {"$binary": {"base64": "sH556KejSCSwUATTPzPu5w==", "subType": "04"}}}}' with request id 145 to database practica03mongoIvanLoli on connection [connectionId{localValue:11, serverValue:268597}] to server ac-o2suyf6-shard-00-02.7qtbnuz.mongodb.net:27017
20:47:45.500 [async-channel-group-0-handler-executor] DEBUG org.mongodb.driver.protocol.command - Execution of command with request id 145 completed successfully in 44.60 ms on connection [connectionId{localValue:11, serverValue:268597}] to server ac-o2suyf6-shard-00-02.7qtbnuz.mongodb.net:27017
20:47:45.500 [async-channel-group-0-handler-executor] DEBUG org.mongodb.driver.operation - Received batch of 0 documents with cursorId 0 from server ac-o2suyf6-shard-00-02.7qtbnuz.mongodb.net:27017
20:47:45.502 [AsyncGetter-5-thread-1] DEBUG org.mongodb.driver.protocol.command - Sending command '{"delete": "tarea", "ordered": true, "txnNumber": 48, "$db": "practica03mongoIvanLoli", "$clusterTime": {"clusterTime": {"$timestamp": {"t": 1676058461, "i": 11}}, "signature": {"hash": {"$binary": {"base64": "sM+1dzRfLRI10YzMtCiaQ3j13j0=", "subType": "00"}}, "keyId": 7161871216054108163}}, "lsid": {"id": {"$binary": {"base64": "sH556KejSCSwUATTPzPu5w==", "subType": "04"}}}, "deletes": [{"q": {"_id": {"$oid": "63e69f613d878c607c737157"}}, "limit": 1}]}' with request id 146 to database practica03mongoIvanLoli on connection [connectionId{localValue:11, serverValue:268597}] to server ac-o2suyf6-shard-00-02.7qtbnuz.mongodb.net:27017
20:47:45.546 [async-channel-group-0-handler-executor] DEBUG org.mongodb.driver.protocol.command - Execution of command with request id 146 completed successfully in 44.10 ms on connection [connectionId{localValue:11, serverValue:268597}] to server ac-o2suyf6-shard-00-02.7qtbnuz.mongodb.net:27017
20:47:45.550 [AsyncGetter-5-thread-1] DEBUG org.mongodb.driver.protocol.command - Sending command '{"drop": "tarea", "$db": "practica03mongoIvanLoli", "$clusterTime": {"clusterTime": {"$timestamp": {"t": 1676058461, "i": 11}}, "signature": {"hash": {"$binary": {"base64": "sM+1dzRfLRI10YzMtCiaQ3j13j0=", "subType": "00"}}, "keyId": 7161871216054108163}}, "lsid": {"id": {"$binary": {"base64": "sH556KejSCSwUATTPzPu5w==", "subType": "04"}}}}' with request id 147 to database practica03mongoIvanLoli on connection [connectionId{localValue:11, serverValue:268597}] to server ac-o2suyf6-shard-00-02.7qtbnuz.mongodb.net:27017
20:47:45.609 [async-channel-group-0-handler-executor] DEBUG org.mongodb.driver.protocol.command - Execution of command with request id 147 completed successfully in 59.14 ms on connection [connectionId{localValue:11, serverValue:268597}] to server ac-o2suyf6-shard-00-02.7qtbnuz.mongodb.net:27017
]]></system-out>
  <system-err><![CDATA[]]></system-err>
</testsuite>
