<?xml version="1.0" encoding="UTF-8"?>
<testsuite name="koin.controllers.ControllerTest" tests="88" skipped="0" failures="0" errors="0" timestamp="2023-02-10T19:46:47" hostname="LOLI-LAPTOP" time="51.241">
  <properties/>
  <testcase name="findPedidoNotExistsById()" classname="koin.controllers.ControllerTest" time="0.342"/>
  <testcase name="createUserIncorrect()" classname="koin.controllers.ControllerTest" time="0.074"/>
  <testcase name="deleteUserIncorrectToken()" classname="koin.controllers.ControllerTest" time="0.038"/>
  <testcase name="createTurnoIncorrect()" classname="koin.controllers.ControllerTest" time="0.043"/>
  <testcase name="findAllUsersSuccess()" classname="koin.controllers.ControllerTest" time="0.144"/>
  <testcase name="findAllTurnosError()" classname="koin.controllers.ControllerTest" time="0.011"/>
  <testcase name="setFinalizadoTurnoIncorrectToken()" classname="koin.controllers.ControllerTest" time="0.012"/>
  <testcase name="deleteTurnoIncorrectNull()" classname="koin.controllers.ControllerTest" time="0.013"/>
  <testcase name="createMaquinaCorrect()" classname="koin.controllers.ControllerTest" time="0.074"/>
  <testcase name="deleteProductoCorrect()" classname="koin.controllers.ControllerTest" time="0.046"/>
  <testcase name="setInactiveUserIncorrectNull()" classname="koin.controllers.ControllerTest" time="0.012"/>
  <testcase name="createTareaCorrect()" classname="koin.controllers.ControllerTest" time="1.666"/>
  <testcase name="deleteTurnoIncorrect()" classname="koin.controllers.ControllerTest" time="0.009"/>
  <testcase name="createProductoCorrect()" classname="koin.controllers.ControllerTest" time="0.009"/>
  <testcase name="decreaseStockProductoCorrect()" classname="koin.controllers.ControllerTest" time="0.027"/>
  <testcase name="findMaquinaById()" classname="koin.controllers.ControllerTest" time="0.009"/>
  <testcase name="setInactiveMaquinaIncorrectToken()" classname="koin.controllers.ControllerTest" time="0.012"/>
  <testcase name="deleteMaquinaCorrect()" classname="koin.controllers.ControllerTest" time="0.011"/>
  <testcase name="setFinalizadaTareaIncorrectToken()" classname="koin.controllers.ControllerTest" time="0.013"/>
  <testcase name="createPedidoCorrect()" classname="koin.controllers.ControllerTest" time="0.483"/>
  <testcase name="setInactiveMaquinaIncorrectNull()" classname="koin.controllers.ControllerTest" time="0.009"/>
  <testcase name="deleteMaquinaIncorrectToken()" classname="koin.controllers.ControllerTest" time="0.011"/>
  <testcase name="deleteMaquinaIncorrect()" classname="koin.controllers.ControllerTest" time="0.009"/>
  <testcase name="setInactiveMaquinaCorrect()" classname="koin.controllers.ControllerTest" time="0.012"/>
  <testcase name="deleteTareaIncorrectNull()" classname="koin.controllers.ControllerTest" time="0.012"/>
  <testcase name="findAllTareasSuccess()" classname="koin.controllers.ControllerTest" time="0.052"/>
  <testcase name="findAllPedidosError()" classname="koin.controllers.ControllerTest" time="0.009"/>
  <testcase name="setFinalizadoTurnoCorrect()" classname="koin.controllers.ControllerTest" time="0.177"/>
  <testcase name="findAllProductosError()" classname="koin.controllers.ControllerTest" time="0.01"/>
  <testcase name="findAllPedidosSuccess()" classname="koin.controllers.ControllerTest" time="0.121"/>
  <testcase name="findUserNotExistsByUUID()" classname="koin.controllers.ControllerTest" time="0.01"/>
  <testcase name="findTareaById()" classname="koin.controllers.ControllerTest" time="0.065"/>
  <testcase name="deleteProductoIncorrect()" classname="koin.controllers.ControllerTest" time="0.009"/>
  <testcase name="setFinalizadaTareaIncorrectNull()" classname="koin.controllers.ControllerTest" time="0.009"/>
  <testcase name="deleteTareaCorrect()" classname="koin.controllers.ControllerTest" time="0.082"/>
  <testcase name="findAllTareasError()" classname="koin.controllers.ControllerTest" time="0.007"/>
  <testcase name="deletePedidoIncorrect()" classname="koin.controllers.ControllerTest" time="0.01"/>
  <testcase name="setFinalizadoTurnoIncorrectNull()" classname="koin.controllers.ControllerTest" time="0.01"/>
  <testcase name="createPedidoIncorrect()" classname="koin.controllers.ControllerTest" time="0.006"/>
  <testcase name="deleteTareaIncorrectToken()" classname="koin.controllers.ControllerTest" time="0.008"/>
  <testcase name="findUserById()" classname="koin.controllers.ControllerTest" time="0.008"/>
  <testcase name="decreaseStockProductoIncorrectToken()" classname="koin.controllers.ControllerTest" time="0.008"/>
  <testcase name="findAllMaquinasSuccess()" classname="koin.controllers.ControllerTest" time="0.009"/>
  <testcase name="findTurnoNotExistsById()" classname="koin.controllers.ControllerTest" time="0.009"/>
  <testcase name="createPedidoIncorrectToken()" classname="koin.controllers.ControllerTest" time="0.006"/>
  <testcase name="deleteMaquinaIncorrectNull()" classname="koin.controllers.ControllerTest" time="0.008"/>
  <testcase name="findUserByUUID()" classname="koin.controllers.ControllerTest" time="0.007"/>
  <testcase name="createMaquinaIncorrectToken()" classname="koin.controllers.ControllerTest" time="0.007"/>
  <testcase name="createProductoIncorrectToken()" classname="koin.controllers.ControllerTest" time="0.005"/>
  <testcase name="findTurnoById()" classname="koin.controllers.ControllerTest" time="0.159"/>
  <testcase name="findAllTurnosSuccess()" classname="koin.controllers.ControllerTest" time="0.144"/>
  <testcase name="deleteUserIncorrect()" classname="koin.controllers.ControllerTest" time="0.008"/>
  <testcase name="setInactiveUserIncorrectToken()" classname="koin.controllers.ControllerTest" time="0.008"/>
  <testcase name="deletePedidoIncorrectNull()" classname="koin.controllers.ControllerTest" time="0.016"/>
  <testcase name="createTareaIncorrectToken()" classname="koin.controllers.ControllerTest" time="0.007"/>
  <testcase name="findPedidoById()" classname="koin.controllers.ControllerTest" time="0.107"/>
  <testcase name="findAllProductosSuccess()" classname="koin.controllers.ControllerTest" time="0.006"/>
  <testcase name="setFinalizadaTareaIncorrect()" classname="koin.controllers.ControllerTest" time="0.009"/>
  <testcase name="deleteTurnoIncorrectToken()" classname="koin.controllers.ControllerTest" time="0.009"/>
  <testcase name="setInactiveUserCorrect()" classname="koin.controllers.ControllerTest" time="0.009"/>
  <testcase name="setInactiveMaquinaIncorrect()" classname="koin.controllers.ControllerTest" time="0.008"/>
  <testcase name="createTurnoCorrect()" classname="koin.controllers.ControllerTest" time="0.287"/>
  <testcase name="findAllUsersError()" classname="koin.controllers.ControllerTest" time="0.006"/>
  <testcase name="findTareaNotExistsById()" classname="koin.controllers.ControllerTest" time="0.007"/>
  <testcase name="deleteProductoIncorrectToken()" classname="koin.controllers.ControllerTest" time="0.009"/>
  <testcase name="deleteUserCorrect()" classname="koin.controllers.ControllerTest" time="0.008"/>
  <testcase name="setFinalizadaTareaCorrect()" classname="koin.controllers.ControllerTest" time="0.077"/>
  <testcase name="findProductoById()" classname="koin.controllers.ControllerTest" time="0.008"/>
  <testcase name="deletePedidoCorrect()" classname="koin.controllers.ControllerTest" time="0.107"/>
  <testcase name="findProductoNotExistsById()" classname="koin.controllers.ControllerTest" time="0.008"/>
  <testcase name="setFinalizadoTurnoIncorrect()" classname="koin.controllers.ControllerTest" time="0.007"/>
  <testcase name="createMaquinaIncorrect()" classname="koin.controllers.ControllerTest" time="0.005"/>
  <testcase name="createTurnoIncorrectToken()" classname="koin.controllers.ControllerTest" time="0.007"/>
  <testcase name="createTareaIncorrect()" classname="koin.controllers.ControllerTest" time="0.006"/>
  <testcase name="deleteUserIncorrectNull()" classname="koin.controllers.ControllerTest" time="0.012"/>
  <testcase name="findUserNotExistsById()" classname="koin.controllers.ControllerTest" time="0.007"/>
  <testcase name="decreaseStockProductoIncorrect()" classname="koin.controllers.ControllerTest" time="0.012"/>
  <testcase name="deletePedidoIncorrectToken()" classname="koin.controllers.ControllerTest" time="0.009"/>
  <testcase name="createUserCorrect()" classname="koin.controllers.ControllerTest" time="0.301"/>
  <testcase name="decreaseStockProductoIncorrectNull()" classname="koin.controllers.ControllerTest" time="0.012"/>
  <testcase name="deleteTurnoCorrect()" classname="koin.controllers.ControllerTest" time="0.149"/>
  <testcase name="findAllMaquinasError()" classname="koin.controllers.ControllerTest" time="0.007"/>
  <testcase name="deleteTareaIncorrect()" classname="koin.controllers.ControllerTest" time="0.01"/>
  <testcase name="setInactiveUserIncorrect()" classname="koin.controllers.ControllerTest" time="0.009"/>
  <testcase name="createUserIncorrectToken()" classname="koin.controllers.ControllerTest" time="0.015"/>
  <testcase name="createProductoIncorrect()" classname="koin.controllers.ControllerTest" time="0.007"/>
  <testcase name="deleteProductoIncorrectNull()" classname="koin.controllers.ControllerTest" time="0.013"/>
  <testcase name="findMaquinaNotExistsById()" classname="koin.controllers.ControllerTest" time="0.009"/>
  <system-out><![CDATA[20:46:47.018 [Test worker] DEBUG io.mockk.impl.instantiation.AbstractMockFactory - Creating mockk for MaquinaRepositoryCached name=repoM#1
20:46:47.364 [Test worker] DEBUG io.mockk.impl.instantiation.AbstractMockFactory - Creating mockk for PedidoRepositoryCached name=repoPedido#2
20:46:47.411 [Test worker] DEBUG io.mockk.impl.instantiation.AbstractMockFactory - Creating mockk for ProductoRepositoryCached name=repoProd#3
20:46:47.457 [Test worker] DEBUG io.mockk.impl.instantiation.AbstractMockFactory - Creating mockk for TareaRepositoryCached name=repoTarea#4
20:46:47.496 [Test worker] DEBUG io.mockk.impl.instantiation.AbstractMockFactory - Creating mockk for TurnoRepositoryCached name=repoTurno#5
20:46:47.521 [Test worker] DEBUG io.mockk.impl.instantiation.AbstractMockFactory - Creating mockk for UserRepositoryCached name=repoUser#6
20:46:47.836 [Test worker @coroutine#1] DEBUG io.mockk.impl.instantiation.AbstractMockFactory - Creating mockk for Pedido name=child of repoPedido#2#7
20:46:47.860 [DefaultDispatcher-worker-1 @coroutine#4] DEBUG io.mockk.impl.recording.states.AnsweringState - Answering null on PedidoRepositoryCached(repoPedido#2).findByUUID(81e19320-58b4-48df-acab-08eaf927aa5c, continuation {})
20:46:48.583 [Test worker] DEBUG io.mockk.impl.instantiation.AbstractMockFactory - Creating mockk for MaquinaRepositoryCached name=repoM#8
20:46:48.583 [Test worker] DEBUG io.mockk.impl.instantiation.AbstractMockFactory - Creating mockk for PedidoRepositoryCached name=repoPedido#9
20:46:48.584 [Test worker] DEBUG io.mockk.impl.instantiation.AbstractMockFactory - Creating mockk for ProductoRepositoryCached name=repoProd#10
20:46:48.584 [Test worker] DEBUG io.mockk.impl.instantiation.AbstractMockFactory - Creating mockk for TareaRepositoryCached name=repoTarea#11
20:46:48.585 [Test worker] DEBUG io.mockk.impl.instantiation.AbstractMockFactory - Creating mockk for TurnoRepositoryCached name=repoTurno#12
20:46:48.586 [Test worker] DEBUG io.mockk.impl.instantiation.AbstractMockFactory - Creating mockk for UserRepositoryCached name=repoUser#13
20:46:48.635 [Test worker @coroutine#7] DEBUG io.mockk.impl.instantiation.AbstractMockFactory - Creating mockk for User name=child of repoUser#13#14
20:46:48.640 [Test worker @coroutine#7] DEBUG io.mockk.impl.instantiation.AbstractMockFactory - Creating mockk for User name=child of repoUser#13#15
20:46:48.642 [Test worker @coroutine#7] DEBUG io.mockk.impl.instantiation.AbstractMockFactory - Creating mockk for User name=child of repoUser#13#16
20:46:48.645 [Test worker @coroutine#7] DEBUG io.mockk.impl.instantiation.AbstractMockFactory - Creating mockk for User name=child of repoUser#13#17
20:46:49.197 [Test worker] DEBUG io.mockk.impl.instantiation.AbstractMockFactory - Creating mockk for MaquinaRepositoryCached name=repoM#18
20:46:49.197 [Test worker] DEBUG io.mockk.impl.instantiation.AbstractMockFactory - Creating mockk for PedidoRepositoryCached name=repoPedido#19
20:46:49.201 [Test worker] DEBUG io.mockk.impl.instantiation.AbstractMockFactory - Creating mockk for ProductoRepositoryCached name=repoProd#20
20:46:49.201 [Test worker] DEBUG io.mockk.impl.instantiation.AbstractMockFactory - Creating mockk for TareaRepositoryCached name=repoTarea#21
20:46:49.202 [Test worker] DEBUG io.mockk.impl.instantiation.AbstractMockFactory - Creating mockk for TurnoRepositoryCached name=repoTurno#22
20:46:49.202 [Test worker] DEBUG io.mockk.impl.instantiation.AbstractMockFactory - Creating mockk for UserRepositoryCached name=repoUser#23
20:46:49.208 [Test worker @coroutine#17] DEBUG io.mockk.impl.instantiation.AbstractMockFactory - Creating mockk for User name=child of repoUser#23#24
20:46:49.212 [Test worker @coroutine#17] DEBUG io.mockk.impl.instantiation.AbstractMockFactory - Creating mockk for User name=child of repoUser#23#25
20:46:49.790 [Test worker] DEBUG io.mockk.impl.instantiation.AbstractMockFactory - Creating mockk for MaquinaRepositoryCached name=repoM#26
20:46:49.790 [Test worker] DEBUG io.mockk.impl.instantiation.AbstractMockFactory - Creating mockk for PedidoRepositoryCached name=repoPedido#27
20:46:49.790 [Test worker] DEBUG io.mockk.impl.instantiation.AbstractMockFactory - Creating mockk for ProductoRepositoryCached name=repoProd#28
20:46:49.790 [Test worker] DEBUG io.mockk.impl.instantiation.AbstractMockFactory - Creating mockk for TareaRepositoryCached name=repoTarea#29
20:46:49.790 [Test worker] DEBUG io.mockk.impl.instantiation.AbstractMockFactory - Creating mockk for TurnoRepositoryCached name=repoTurno#30
20:46:49.792 [Test worker] DEBUG io.mockk.impl.instantiation.AbstractMockFactory - Creating mockk for UserRepositoryCached name=repoUser#31
20:46:49.836 [Test worker @coroutine#25] DEBUG io.mockk.impl.instantiation.AbstractMockFactory - Creating mockk for Turno name=child of repoTurno#30#32
20:46:50.377 [Test worker] DEBUG io.mockk.impl.instantiation.AbstractMockFactory - Creating mockk for MaquinaRepositoryCached name=repoM#33
20:46:50.377 [Test worker] DEBUG io.mockk.impl.instantiation.AbstractMockFactory - Creating mockk for PedidoRepositoryCached name=repoPedido#34
20:46:50.377 [Test worker] DEBUG io.mockk.impl.instantiation.AbstractMockFactory - Creating mockk for ProductoRepositoryCached name=repoProd#35
20:46:50.377 [Test worker] DEBUG io.mockk.impl.instantiation.AbstractMockFactory - Creating mockk for TareaRepositoryCached name=repoTarea#36
20:46:50.378 [Test worker] DEBUG io.mockk.impl.instantiation.AbstractMockFactory - Creating mockk for TurnoRepositoryCached name=repoTurno#37
20:46:50.378 [Test worker] DEBUG io.mockk.impl.instantiation.AbstractMockFactory - Creating mockk for UserRepositoryCached name=repoUser#38
20:46:50.508 [Test worker @coroutine#29] DEBUG io.mockk.impl.instantiation.AbstractMockFactory - Creating mockk for Flow name=child of repoUser#38#39
20:46:50.513 [DefaultDispatcher-worker-1 @coroutine#32] DEBUG io.mockk.impl.recording.states.AnsweringState - Answering kotlinx.coroutines.flow.FlowKt__BuildersKt$flowOf$$inlined$unsafeFlow$2@86d2a10 on UserRepositoryCached(repoUser#38).findAll(continuation {})
20:46:51.078 [Test worker] DEBUG io.mockk.impl.instantiation.AbstractMockFactory - Creating mockk for MaquinaRepositoryCached name=repoM#40
20:46:51.079 [Test worker] DEBUG io.mockk.impl.instantiation.AbstractMockFactory - Creating mockk for PedidoRepositoryCached name=repoPedido#41
20:46:51.079 [Test worker] DEBUG io.mockk.impl.instantiation.AbstractMockFactory - Creating mockk for ProductoRepositoryCached name=repoProd#42
20:46:51.079 [Test worker] DEBUG io.mockk.impl.instantiation.AbstractMockFactory - Creating mockk for TareaRepositoryCached name=repoTarea#43
20:46:51.080 [Test worker] DEBUG io.mockk.impl.instantiation.AbstractMockFactory - Creating mockk for TurnoRepositoryCached name=repoTurno#44
20:46:51.080 [Test worker] DEBUG io.mockk.impl.instantiation.AbstractMockFactory - Creating mockk for UserRepositoryCached name=repoUser#45
20:46:51.087 [Test worker @coroutine#35] DEBUG io.mockk.impl.instantiation.AbstractMockFactory - Creating mockk for Flow name=child of repoTurno#44#46
20:46:51.091 [DefaultDispatcher-worker-1 @coroutine#38] DEBUG io.mockk.impl.recording.states.AnsweringState - Answering kotlinx.coroutines.flow.FlowKt__BuildersKt$flowOf$$inlined$unsafeFlow$1@6435ea14 on TurnoRepositoryCached(repoTurno#44).findAll(continuation {})
20:46:51.637 [Test worker] DEBUG io.mockk.impl.instantiation.AbstractMockFactory - Creating mockk for MaquinaRepositoryCached name=repoM#47
20:46:51.637 [Test worker] DEBUG io.mockk.impl.instantiation.AbstractMockFactory - Creating mockk for PedidoRepositoryCached name=repoPedido#48
20:46:51.637 [Test worker] DEBUG io.mockk.impl.instantiation.AbstractMockFactory - Creating mockk for ProductoRepositoryCached name=repoProd#49
20:46:51.638 [Test worker] DEBUG io.mockk.impl.instantiation.AbstractMockFactory - Creating mockk for TareaRepositoryCached name=repoTarea#50
20:46:51.638 [Test worker] DEBUG io.mockk.impl.instantiation.AbstractMockFactory - Creating mockk for TurnoRepositoryCached name=repoTurno#51
20:46:51.638 [Test worker] DEBUG io.mockk.impl.instantiation.AbstractMockFactory - Creating mockk for UserRepositoryCached name=repoUser#52
20:46:51.645 [Test worker @coroutine#41] DEBUG io.mockk.impl.instantiation.AbstractMockFactory - Creating mockk for Turno name=child of repoTurno#51#53
20:46:51.648 [Test worker @coroutine#41] DEBUG io.mockk.impl.instantiation.AbstractMockFactory - Creating mockk for Turno name=child of repoTurno#51#54
20:46:52.194 [Test worker] DEBUG io.mockk.impl.instantiation.AbstractMockFactory - Creating mockk for MaquinaRepositoryCached name=repoM#55
20:46:52.195 [Test worker] DEBUG io.mockk.impl.instantiation.AbstractMockFactory - Creating mockk for PedidoRepositoryCached name=repoPedido#56
20:46:52.195 [Test worker] DEBUG io.mockk.impl.instantiation.AbstractMockFactory - Creating mockk for ProductoRepositoryCached name=repoProd#57
20:46:52.196 [Test worker] DEBUG io.mockk.impl.instantiation.AbstractMockFactory - Creating mockk for TareaRepositoryCached name=repoTarea#58
20:46:52.196 [Test worker] DEBUG io.mockk.impl.instantiation.AbstractMockFactory - Creating mockk for TurnoRepositoryCached name=repoTurno#59
20:46:52.196 [Test worker] DEBUG io.mockk.impl.instantiation.AbstractMockFactory - Creating mockk for UserRepositoryCached name=repoUser#60
20:46:52.202 [Test worker @coroutine#49] DEBUG io.mockk.impl.instantiation.AbstractMockFactory - Creating mockk for Turno name=child of repoTurno#59#61
20:46:52.204 [Test worker @coroutine#49] DEBUG io.mockk.impl.instantiation.AbstractMockFactory - Creating mockk for Turno name=child of repoTurno#59#62
20:46:52.208 [DefaultDispatcher-worker-1 @coroutine#54] DEBUG io.mockk.impl.recording.states.AnsweringState - Answering Turno(id=63e69f2c3d878c607c736d48, uuid=93a98d69-0019-48a7-b34f-05b596ea8abc, workerId=93a98d69-0007-48a7-b34f-05b596ea839c, maquinaId=93a98d69-0008-48a7-b34f-05b596ea83bb, horaInicio=2002-10-14T10:09, horaFin=2002-10-14T16:49, numPedidosActivos=2, tarea1Id=93a98d69-0013-48a7-b34f-05b596ea83cc, tarea2Id=null, finalizado=false) on TurnoRepositoryCached(repoTurno#59).findByUUID(93a98d69-0019-48a7-b34f-05b596ea8abc, continuation {})
20:46:52.209 [DefaultDispatcher-worker-1 @coroutine#54] DEBUG io.mockk.impl.recording.states.AnsweringState - Answering null on TurnoRepositoryCached(repoTurno#59).delete(63e69f2c3d878c607c736d48, continuation {})
20:46:52.748 [Test worker] DEBUG io.mockk.impl.instantiation.AbstractMockFactory - Creating mockk for MaquinaRepositoryCached name=repoM#63
20:46:52.749 [Test worker] DEBUG io.mockk.impl.instantiation.AbstractMockFactory - Creating mockk for PedidoRepositoryCached name=repoPedido#64
20:46:52.749 [Test worker] DEBUG io.mockk.impl.instantiation.AbstractMockFactory - Creating mockk for ProductoRepositoryCached name=repoProd#65
20:46:52.749 [Test worker] DEBUG io.mockk.impl.instantiation.AbstractMockFactory - Creating mockk for TareaRepositoryCached name=repoTarea#66
20:46:52.750 [Test worker] DEBUG io.mockk.impl.instantiation.AbstractMockFactory - Creating mockk for TurnoRepositoryCached name=repoTurno#67
20:46:52.750 [Test worker] DEBUG io.mockk.impl.instantiation.AbstractMockFactory - Creating mockk for UserRepositoryCached name=repoUser#68
20:46:52.796 [Test worker @coroutine#57] DEBUG io.mockk.impl.instantiation.AbstractMockFactory - Creating mockk for Maquina name=child of repoM#63#69
20:46:52.801 [DefaultDispatcher-worker-1] DEBUG io.mockk.impl.recording.states.AnsweringState - Answering Maquina(id=63e69f2c3d878c607c736d51, uuid=93a98d69-0008-48a7-b34f-05b596ea83bb, modelo=RTX-3080TI, marca=Nvidia, fechaAdquisicion=2022-11-10, numeroSerie=123456789X, tipo=PERSONALIZADORA, activa=true, isManual=null, maxTension=null, minTension=null, measuresManeuverability=true, measuresRigidity=false, measuresBalance=true) on MaquinaRepositoryCached(repoM#63).save(Maquina(id=63e69f2c3d878c607c736d53, uuid=93a98d69-6da6-48a7-b34f-05b596aaaaca, modelo=Encordadora Inicial, marca=Marca Inicial, fechaAdquisicion=2023-02-10, numeroSerie=123456789-XD, tipo=ENCORDADORA, activa=true, isManual=false, maxTension=7.0, minTension=2.5, measuresManeuverability=null, measuresRigidity=null, measuresBalance=null), continuation {})
20:46:53.354 [Test worker] DEBUG io.mockk.impl.instantiation.AbstractMockFactory - Creating mockk for MaquinaRepositoryCached name=repoM#70
20:46:53.354 [Test worker] DEBUG io.mockk.impl.instantiation.AbstractMockFactory - Creating mockk for PedidoRepositoryCached name=repoPedido#71
20:46:53.355 [Test worker] DEBUG io.mockk.impl.instantiation.AbstractMockFactory - Creating mockk for ProductoRepositoryCached name=repoProd#72
20:46:53.355 [Test worker] DEBUG io.mockk.impl.instantiation.AbstractMockFactory - Creating mockk for TareaRepositoryCached name=repoTarea#73
20:46:53.356 [Test worker] DEBUG io.mockk.impl.instantiation.AbstractMockFactory - Creating mockk for TurnoRepositoryCached name=repoTurno#74
20:46:53.356 [Test worker] DEBUG io.mockk.impl.instantiation.AbstractMockFactory - Creating mockk for UserRepositoryCached name=repoUser#75
20:46:53.393 [Test worker @coroutine#61] DEBUG io.mockk.impl.instantiation.AbstractMockFactory - Creating mockk for Producto name=child of repoProd#72#76
20:46:53.395 [Test worker @coroutine#61] DEBUG io.mockk.impl.instantiation.AbstractMockFactory - Creating mockk for Producto name=child of repoProd#72#77
20:46:53.400 [DefaultDispatcher-worker-1 @coroutine#66] DEBUG io.mockk.impl.recording.states.AnsweringState - Answering Producto(id=63e69f2d3d878c607c736d59, uuid=93a98d69-0004-48a7-b34f-05b596ea83aa, tipo=FUNDAS, marca=MarcaZ, modelo=ModeloZ, precio=36.4, stock=8) on ProductoRepositoryCached(repoProd#72).findByUUID(93a98d69-0004-48a7-b34f-05b596ea83aa, continuation {})
20:46:53.401 [DefaultDispatcher-worker-1 @coroutine#66] DEBUG io.mockk.impl.recording.states.AnsweringState - Answering Producto(id=63e69f2d3d878c607c736d59, uuid=93a98d69-0004-48a7-b34f-05b596ea83aa, tipo=FUNDAS, marca=MarcaZ, modelo=ModeloZ, precio=36.4, stock=8) on ProductoRepositoryCached(repoProd#72).delete(63e69f2d3d878c607c736d59, continuation {})
20:46:53.939 [Test worker] DEBUG io.mockk.impl.instantiation.AbstractMockFactory - Creating mockk for MaquinaRepositoryCached name=repoM#78
20:46:53.940 [Test worker] DEBUG io.mockk.impl.instantiation.AbstractMockFactory - Creating mockk for PedidoRepositoryCached name=repoPedido#79
20:46:53.940 [Test worker] DEBUG io.mockk.impl.instantiation.AbstractMockFactory - Creating mockk for ProductoRepositoryCached name=repoProd#80
20:46:53.940 [Test worker] DEBUG io.mockk.impl.instantiation.AbstractMockFactory - Creating mockk for TareaRepositoryCached name=repoTarea#81
20:46:53.941 [Test worker] DEBUG io.mockk.impl.instantiation.AbstractMockFactory - Creating mockk for TurnoRepositoryCached name=repoTurno#82
20:46:53.941 [Test worker] DEBUG io.mockk.impl.instantiation.AbstractMockFactory - Creating mockk for UserRepositoryCached name=repoUser#83
20:46:53.946 [Test worker @coroutine#69] DEBUG io.mockk.impl.instantiation.AbstractMockFactory - Creating mockk for User name=child of repoUser#83#84
20:46:53.948 [Test worker @coroutine#69] DEBUG io.mockk.impl.instantiation.AbstractMockFactory - Creating mockk for User name=child of repoUser#83#85
20:46:53.953 [DefaultDispatcher-worker-1 @coroutine#74] DEBUG io.mockk.impl.recording.states.AnsweringState - Answering User(id=63e69f2d3d878c607c736d61, uuid=93a98d69-0006-48a7-b34f-05b596ea839a, nombre=Maria, apellido=Martinez, telefono=632120281, email=email2@email.com, password=contra, perfil=CLIENT, activo=true) on UserRepositoryCached(repoUser#83).findByUUID(93a98d69-0006-48a7-b34f-05b596ea839a, continuation {})
20:46:53.953 [DefaultDispatcher-worker-1 @coroutine#74] DEBUG io.mockk.impl.recording.states.AnsweringState - Answering null on UserRepositoryCached(repoUser#83).setInactive(63e69f2d3d878c607c736d61, continuation {})
20:46:54.497 [Test worker] DEBUG io.mockk.impl.instantiation.AbstractMockFactory - Creating mockk for MaquinaRepositoryCached name=repoM#86
20:46:54.498 [Test worker] DEBUG io.mockk.impl.instantiation.AbstractMockFactory - Creating mockk for PedidoRepositoryCached name=repoPedido#87
20:46:54.498 [Test worker] DEBUG io.mockk.impl.instantiation.AbstractMockFactory - Creating mockk for ProductoRepositoryCached name=repoProd#88
20:46:54.499 [Test worker] DEBUG io.mockk.impl.instantiation.AbstractMockFactory - Creating mockk for TareaRepositoryCached name=repoTarea#89
20:46:54.499 [Test worker] DEBUG io.mockk.impl.instantiation.AbstractMockFactory - Creating mockk for TurnoRepositoryCached name=repoTurno#90
20:46:54.499 [Test worker] DEBUG io.mockk.impl.instantiation.AbstractMockFactory - Creating mockk for UserRepositoryCached name=repoUser#91
20:46:54.551 [Test worker @coroutine#77] DEBUG io.mockk.impl.instantiation.AbstractMockFactory - Creating mockk for Tarea name=child of repoTarea#89#92
20:46:54.555 [DefaultDispatcher-worker-1] DEBUG io.mockk.impl.recording.states.AnsweringState - Answering Tarea(id=63e69f2e3d878c607c736d6f, uuid=93a98d69-0013-48a7-b34f-05b596ea83cc, raquetaId=93a98d69-0001-48a7-b34f-05b596ea83ba, precio=36.4, tipo=PERSONALIZACION, finalizada=true, pedidoId=93a98d69-0010-48a7-b34f-05b596ea8acc, productoAdquiridoId=93a98d69-0004-48a7-b34f-05b596ea83aa, peso=10, balance=2.0, rigidez=5, tensionHorizontal=null, cordajeHorizontalId=null, tensionVertical=null, cordajeVerticalId=null, dosNudos=null) on TareaRepositoryCached(repoTarea#89).save(Tarea(id=63e69f2e3d878c607c736d72, uuid=93a98d69-6da6-48a7-b34f-05b596aaabaa, raquetaId=93a98d69-6da6-48a7-b34f-05b596aaaaac, precio=60.0, tipo=PERSONALIZACION, finalizada=false, pedidoId=93a98d69-6da6-48a7-b34f-05b596aaabac, productoAdquiridoId=null, peso=10, balance=2.0, rigidez=5, tensionHorizontal=null, cordajeHorizontalId=null, tensionVertical=null, cordajeVerticalId=null, dosNudos=null), continuation {})
20:46:54.568 [DefaultDispatcher-worker-1] DEBUG koin.repositories.producto.ProductoRepository - findByUUID(93a98d69-0001-48a7-b34f-05b596ea83ba)
20:46:54.571 [DefaultDispatcher-worker-1] DEBUG koin.db.DBManager - Initializing connection to MongoDB
Initializing connection to MongoDB : mongodb+srv://loli:1707@drmdam2023.7qtbnuz.mongodb.net/practica03mongoIvanLoli
20:46:54.864 [DefaultDispatcher-worker-1] INFO org.mongodb.driver.client - MongoClient with metadata {"driver": {"name": "mongo-java-driver|reactive-streams|kmongo", "version": "4.7.2"}, "os": {"type": "Windows", "name": "Windows 10", "architecture": "amd64", "version": "10.0"}, "platform": "Java/BellSoft/17.0.4.1+1-LTS|Kotlin/1.8.0"} created with settings MongoClientSettings{readPreference=primary, writeConcern=WriteConcern{w=null, wTimeout=null ms, journal=null}, retryWrites=true, retryReads=true, readConcern=ReadConcern{level=null}, credential=MongoCredential{mechanism=null, userName='loli', source='admin', password=<hidden>, mechanismProperties=<hidden>}, streamFactoryFactory=null, commandListeners=[], codecRegistry=ProvidersCodecRegistry{codecProviders=[ProvidersCodecRegistry{codecProviders=[ValueCodecProvider{}, BsonValueCodecProvider{}, DBRefCodecProvider{}, DBObjectCodecProvider{}, DocumentCodecProvider{}, IterableCodecProvider{}, MapCodecProvider{}, GeoJsonCodecProvider{}, GridFSFileCodecProvider{}, Jsr310CodecProvider{}, JsonObjectCodecProvider{}, BsonCodecProvider{}, EnumCodecProvider{}, com.mongodb.Jep395RecordCodecProvider@46805d0a]}, org.litote.kmongo.service.CustomCodecProvider@20cf38b3, ProvidersCodecRegistry{codecProviders=[org.litote.kmongo.jackson.JacksonCodecProvider@bcf395c]}]}, clusterSettings={hosts=[127.0.0.1:27017], srvHost=drmdam2023.7qtbnuz.mongodb.net, srvServiceName=mongodb, mode=MULTIPLE, requiredClusterType=REPLICA_SET, requiredReplicaSetName='atlas-kaecge-shard-0', serverSelector='null', clusterListeners='[]', serverSelectionTimeout='30000 ms', localThreshold='30000 ms'}, socketSettings=SocketSettings{connectTimeoutMS=10000, readTimeoutMS=0, receiveBufferSize=0, sendBufferSize=0}, heartbeatSocketSettings=SocketSettings{connectTimeoutMS=10000, readTimeoutMS=10000, receiveBufferSize=0, sendBufferSize=0}, connectionPoolSettings=ConnectionPoolSettings{maxSize=100, minSize=0, maxWaitTimeMS=120000, maxConnectionLifeTimeMS=0, maxConnectionIdleTimeMS=0, maintenanceInitialDelayMS=0, maintenanceFrequencyMS=60000, connectionPoolListeners=[], maxConnecting=2}, serverSettings=ServerSettings{heartbeatFrequencyMS=10000, minHeartbeatFrequencyMS=500, serverListeners='[]', serverMonitorListeners='[]'}, sslSettings=SslSettings{enabled=true, invalidHostNameAllowed=false, context=null}, applicationName='null', compressorList=[], uuidRepresentation=UNSPECIFIED, serverApi=null, autoEncryptionSettings=null, contextProvider=null}
20:46:54.956 [cluster-ClusterId{value='63e69f2e3d878c607c736d73', description='null'}-srv-drmdam2023.7qtbnuz.mongodb.net] INFO org.mongodb.driver.cluster - Adding discovered server ac-o2suyf6-shard-00-00.7qtbnuz.mongodb.net:27017 to client view of cluster
20:46:54.989 [DefaultDispatcher-worker-1] DEBUG reactor.util.Loggers$LoggerFactory - Using Slf4j logging framework
20:46:54.991 [cluster-ClusterId{value='63e69f2e3d878c607c736d73', description='null'}-srv-drmdam2023.7qtbnuz.mongodb.net] INFO org.mongodb.driver.cluster - Adding discovered server ac-o2suyf6-shard-00-02.7qtbnuz.mongodb.net:27017 to client view of cluster
20:46:54.992 [cluster-ClusterId{value='63e69f2e3d878c607c736d73', description='null'}-srv-drmdam2023.7qtbnuz.mongodb.net] INFO org.mongodb.driver.cluster - Adding discovered server ac-o2suyf6-shard-00-01.7qtbnuz.mongodb.net:27017 to client view of cluster
20:46:54.993 [cluster-ClusterId{value='63e69f2e3d878c607c736d73', description='null'}-srv-drmdam2023.7qtbnuz.mongodb.net] DEBUG org.mongodb.driver.cluster - Updating cluster description to  {type=REPLICA_SET, servers=[{address=ac-o2suyf6-shard-00-00.7qtbnuz.mongodb.net:27017, type=UNKNOWN, state=CONNECTING}, {address=ac-o2suyf6-shard-00-02.7qtbnuz.mongodb.net:27017, type=UNKNOWN, state=CONNECTING}, {address=ac-o2suyf6-shard-00-01.7qtbnuz.mongodb.net:27017, type=UNKNOWN, state=CONNECTING}]
20:46:55.054 [DefaultDispatcher-worker-1] INFO org.mongodb.driver.cluster - No server chosen by com.mongodb.reactivestreams.client.internal.ClientSessionHelper$$Lambda$475/0x0000000801149fe0@369e3162 from cluster description ClusterDescription{type=REPLICA_SET, connectionMode=MULTIPLE, serverDescriptions=[ServerDescription{address=ac-o2suyf6-shard-00-00.7qtbnuz.mongodb.net:27017, type=UNKNOWN, state=CONNECTING}, ServerDescription{address=ac-o2suyf6-shard-00-02.7qtbnuz.mongodb.net:27017, type=UNKNOWN, state=CONNECTING}, ServerDescription{address=ac-o2suyf6-shard-00-01.7qtbnuz.mongodb.net:27017, type=UNKNOWN, state=CONNECTING}]}. Waiting for 30000 ms before timing out
20:46:55.232 [Thread-7] DEBUG org.mongodb.driver.connection.tls - initialized direct buffer deallocator for java >= 9
20:46:55.567 [cluster-rtt-ClusterId{value='63e69f2e3d878c607c736d73', description='null'}-ac-o2suyf6-shard-00-02.7qtbnuz.mongodb.net:27017] INFO org.mongodb.driver.connection - Opened connection [connectionId{localValue:4, serverValue:268608}] to ac-o2suyf6-shard-00-02.7qtbnuz.mongodb.net:27017
20:46:55.567 [cluster-ClusterId{value='63e69f2e3d878c607c736d73', description='null'}-ac-o2suyf6-shard-00-01.7qtbnuz.mongodb.net:27017] INFO org.mongodb.driver.connection - Opened connection [connectionId{localValue:5, serverValue:264658}] to ac-o2suyf6-shard-00-01.7qtbnuz.mongodb.net:27017
20:46:55.567 [cluster-ClusterId{value='63e69f2e3d878c607c736d73', description='null'}-ac-o2suyf6-shard-00-00.7qtbnuz.mongodb.net:27017] INFO org.mongodb.driver.connection - Opened connection [connectionId{localValue:3, serverValue:269192}] to ac-o2suyf6-shard-00-00.7qtbnuz.mongodb.net:27017
20:46:55.567 [cluster-ClusterId{value='63e69f2e3d878c607c736d73', description='null'}-ac-o2suyf6-shard-00-02.7qtbnuz.mongodb.net:27017] INFO org.mongodb.driver.connection - Opened connection [connectionId{localValue:2, serverValue:268608}] to ac-o2suyf6-shard-00-02.7qtbnuz.mongodb.net:27017
20:46:55.567 [cluster-rtt-ClusterId{value='63e69f2e3d878c607c736d73', description='null'}-ac-o2suyf6-shard-00-01.7qtbnuz.mongodb.net:27017] INFO org.mongodb.driver.connection - Opened connection [connectionId{localValue:6, serverValue:264658}] to ac-o2suyf6-shard-00-01.7qtbnuz.mongodb.net:27017
20:46:55.567 [cluster-rtt-ClusterId{value='63e69f2e3d878c607c736d73', description='null'}-ac-o2suyf6-shard-00-00.7qtbnuz.mongodb.net:27017] INFO org.mongodb.driver.connection - Opened connection [connectionId{localValue:1, serverValue:269192}] to ac-o2suyf6-shard-00-00.7qtbnuz.mongodb.net:27017
20:46:55.575 [cluster-ClusterId{value='63e69f2e3d878c607c736d73', description='null'}-ac-o2suyf6-shard-00-01.7qtbnuz.mongodb.net:27017] INFO org.mongodb.driver.cluster - Monitor thread successfully connected to server with description ServerDescription{address=ac-o2suyf6-shard-00-01.7qtbnuz.mongodb.net:27017, type=REPLICA_SET_SECONDARY, state=CONNECTED, ok=true, minWireVersion=0, maxWireVersion=13, maxDocumentSize=16777216, logicalSessionTimeoutMinutes=30, roundTripTimeNanos=327129400, setName='atlas-kaecge-shard-0', canonicalAddress=ac-o2suyf6-shard-00-01.7qtbnuz.mongodb.net:27017, hosts=[ac-o2suyf6-shard-00-01.7qtbnuz.mongodb.net:27017, ac-o2suyf6-shard-00-00.7qtbnuz.mongodb.net:27017, ac-o2suyf6-shard-00-02.7qtbnuz.mongodb.net:27017], passives=[], arbiters=[], primary='ac-o2suyf6-shard-00-02.7qtbnuz.mongodb.net:27017', tagSet=TagSet{[Tag{name='nodeType', value='ELECTABLE'}, Tag{name='provider', value='AWS'}, Tag{name='region', value='EU_WEST_3'}, Tag{name='workloadType', value='OPERATIONAL'}]}, electionId=null, setVersion=2, topologyVersion=TopologyVersion{processId=63d2df20846ff8d608cb12a0, counter=3}, lastWriteDate=Fri Feb 10 20:46:51 CET 2023, lastUpdateTimeNanos=1578919852223400}
20:46:55.575 [cluster-ClusterId{value='63e69f2e3d878c607c736d73', description='null'}-ac-o2suyf6-shard-00-02.7qtbnuz.mongodb.net:27017] INFO org.mongodb.driver.cluster - Monitor thread successfully connected to server with description ServerDescription{address=ac-o2suyf6-shard-00-02.7qtbnuz.mongodb.net:27017, type=REPLICA_SET_PRIMARY, state=CONNECTED, ok=true, minWireVersion=0, maxWireVersion=13, maxDocumentSize=16777216, logicalSessionTimeoutMinutes=30, roundTripTimeNanos=326906700, setName='atlas-kaecge-shard-0', canonicalAddress=ac-o2suyf6-shard-00-02.7qtbnuz.mongodb.net:27017, hosts=[ac-o2suyf6-shard-00-01.7qtbnuz.mongodb.net:27017, ac-o2suyf6-shard-00-00.7qtbnuz.mongodb.net:27017, ac-o2suyf6-shard-00-02.7qtbnuz.mongodb.net:27017], passives=[], arbiters=[], primary='ac-o2suyf6-shard-00-02.7qtbnuz.mongodb.net:27017', tagSet=TagSet{[Tag{name='nodeType', value='ELECTABLE'}, Tag{name='provider', value='AWS'}, Tag{name='region', value='EU_WEST_3'}, Tag{name='workloadType', value='OPERATIONAL'}]}, electionId=7fffffff000000000000001b, setVersion=2, topologyVersion=TopologyVersion{processId=63d2ddec9b5717a95fe9a7d0, counter=6}, lastWriteDate=Fri Feb 10 20:46:51 CET 2023, lastUpdateTimeNanos=1578919852223400}
20:46:55.575 [cluster-ClusterId{value='63e69f2e3d878c607c736d73', description='null'}-ac-o2suyf6-shard-00-00.7qtbnuz.mongodb.net:27017] INFO org.mongodb.driver.cluster - Monitor thread successfully connected to server with description ServerDescription{address=ac-o2suyf6-shard-00-00.7qtbnuz.mongodb.net:27017, type=REPLICA_SET_SECONDARY, state=CONNECTED, ok=true, minWireVersion=0, maxWireVersion=13, maxDocumentSize=16777216, logicalSessionTimeoutMinutes=30, roundTripTimeNanos=326225900, setName='atlas-kaecge-shard-0', canonicalAddress=ac-o2suyf6-shard-00-00.7qtbnuz.mongodb.net:27017, hosts=[ac-o2suyf6-shard-00-01.7qtbnuz.mongodb.net:27017, ac-o2suyf6-shard-00-00.7qtbnuz.mongodb.net:27017, ac-o2suyf6-shard-00-02.7qtbnuz.mongodb.net:27017], passives=[], arbiters=[], primary='ac-o2suyf6-shard-00-02.7qtbnuz.mongodb.net:27017', tagSet=TagSet{[Tag{name='nodeType', value='ELECTABLE'}, Tag{name='provider', value='AWS'}, Tag{name='region', value='EU_WEST_3'}, Tag{name='workloadType', value='OPERATIONAL'}]}, electionId=null, setVersion=2, topologyVersion=TopologyVersion{processId=63d2dcc17e78c4cb32f7500c, counter=4}, lastWriteDate=Fri Feb 10 20:46:51 CET 2023, lastUpdateTimeNanos=1578919852223400}
20:46:55.578 [cluster-ClusterId{value='63e69f2e3d878c607c736d73', description='null'}-ac-o2suyf6-shard-00-00.7qtbnuz.mongodb.net:27017] DEBUG org.mongodb.driver.connection - Marking the connection pool for ServerId{clusterId=ClusterId{value='63e69f2e3d878c607c736d73', description='null'}, address=ac-o2suyf6-shard-00-00.7qtbnuz.mongodb.net:27017} as 'ready'
20:46:55.578 [MaintenanceTimer-2-thread-1] DEBUG org.mongodb.driver.connection - Pruning pooled connections to ac-o2suyf6-shard-00-00.7qtbnuz.mongodb.net:27017
20:46:55.580 [cluster-ClusterId{value='63e69f2e3d878c607c736d73', description='null'}-ac-o2suyf6-shard-00-00.7qtbnuz.mongodb.net:27017] DEBUG org.mongodb.driver.cluster - Updating cluster description to  {type=REPLICA_SET, servers=[{address=ac-o2suyf6-shard-00-00.7qtbnuz.mongodb.net:27017, type=REPLICA_SET_SECONDARY, TagSet{[Tag{name='nodeType', value='ELECTABLE'}, Tag{name='provider', value='AWS'}, Tag{name='region', value='EU_WEST_3'}, Tag{name='workloadType', value='OPERATIONAL'}]}, roundTripTime=326.2 ms, state=CONNECTED}, {address=ac-o2suyf6-shard-00-02.7qtbnuz.mongodb.net:27017, type=UNKNOWN, state=CONNECTING}, {address=ac-o2suyf6-shard-00-01.7qtbnuz.mongodb.net:27017, type=UNKNOWN, state=CONNECTING}]
20:46:55.580 [cluster-ClusterId{value='63e69f2e3d878c607c736d73', description='null'}-ac-o2suyf6-shard-00-00.7qtbnuz.mongodb.net:27017] DEBUG org.mongodb.driver.cluster - Checking status of ac-o2suyf6-shard-00-00.7qtbnuz.mongodb.net:27017
20:46:55.580 [cluster-ClusterId{value='63e69f2e3d878c607c736d73', description='null'}-ac-o2suyf6-shard-00-01.7qtbnuz.mongodb.net:27017] DEBUG org.mongodb.driver.connection - Marking the connection pool for ServerId{clusterId=ClusterId{value='63e69f2e3d878c607c736d73', description='null'}, address=ac-o2suyf6-shard-00-01.7qtbnuz.mongodb.net:27017} as 'ready'
20:46:55.581 [cluster-ClusterId{value='63e69f2e3d878c607c736d73', description='null'}-ac-o2suyf6-shard-00-01.7qtbnuz.mongodb.net:27017] DEBUG org.mongodb.driver.cluster - Updating cluster description to  {type=REPLICA_SET, servers=[{address=ac-o2suyf6-shard-00-00.7qtbnuz.mongodb.net:27017, type=REPLICA_SET_SECONDARY, TagSet{[Tag{name='nodeType', value='ELECTABLE'}, Tag{name='provider', value='AWS'}, Tag{name='region', value='EU_WEST_3'}, Tag{name='workloadType', value='OPERATIONAL'}]}, roundTripTime=326.2 ms, state=CONNECTED}, {address=ac-o2suyf6-shard-00-02.7qtbnuz.mongodb.net:27017, type=UNKNOWN, state=CONNECTING}, {address=ac-o2suyf6-shard-00-01.7qtbnuz.mongodb.net:27017, type=REPLICA_SET_SECONDARY, TagSet{[Tag{name='nodeType', value='ELECTABLE'}, Tag{name='provider', value='AWS'}, Tag{name='region', value='EU_WEST_3'}, Tag{name='workloadType', value='OPERATIONAL'}]}, roundTripTime=327.1 ms, state=CONNECTED}]
20:46:55.581 [cluster-ClusterId{value='63e69f2e3d878c607c736d73', description='null'}-ac-o2suyf6-shard-00-01.7qtbnuz.mongodb.net:27017] DEBUG org.mongodb.driver.cluster - Checking status of ac-o2suyf6-shard-00-01.7qtbnuz.mongodb.net:27017
20:46:55.581 [cluster-ClusterId{value='63e69f2e3d878c607c736d73', description='null'}-ac-o2suyf6-shard-00-02.7qtbnuz.mongodb.net:27017] DEBUG org.mongodb.driver.connection - Marking the connection pool for ServerId{clusterId=ClusterId{value='63e69f2e3d878c607c736d73', description='null'}, address=ac-o2suyf6-shard-00-02.7qtbnuz.mongodb.net:27017} as 'ready'
20:46:55.582 [cluster-ClusterId{value='63e69f2e3d878c607c736d73', description='null'}-ac-o2suyf6-shard-00-02.7qtbnuz.mongodb.net:27017] INFO org.mongodb.driver.cluster - Setting max election id to 7fffffff000000000000001b from replica set primary ac-o2suyf6-shard-00-02.7qtbnuz.mongodb.net:27017
20:46:55.582 [cluster-ClusterId{value='63e69f2e3d878c607c736d73', description='null'}-ac-o2suyf6-shard-00-02.7qtbnuz.mongodb.net:27017] INFO org.mongodb.driver.cluster - Setting max set version to 2 from replica set primary ac-o2suyf6-shard-00-02.7qtbnuz.mongodb.net:27017
20:46:55.582 [cluster-ClusterId{value='63e69f2e3d878c607c736d73', description='null'}-ac-o2suyf6-shard-00-02.7qtbnuz.mongodb.net:27017] INFO org.mongodb.driver.cluster - Discovered replica set primary ac-o2suyf6-shard-00-02.7qtbnuz.mongodb.net:27017
20:46:55.582 [cluster-ClusterId{value='63e69f2e3d878c607c736d73', description='null'}-ac-o2suyf6-shard-00-02.7qtbnuz.mongodb.net:27017] DEBUG org.mongodb.driver.cluster - Updating cluster description to  {type=REPLICA_SET, servers=[{address=ac-o2suyf6-shard-00-00.7qtbnuz.mongodb.net:27017, type=REPLICA_SET_SECONDARY, TagSet{[Tag{name='nodeType', value='ELECTABLE'}, Tag{name='provider', value='AWS'}, Tag{name='region', value='EU_WEST_3'}, Tag{name='workloadType', value='OPERATIONAL'}]}, roundTripTime=326.2 ms, state=CONNECTED}, {address=ac-o2suyf6-shard-00-02.7qtbnuz.mongodb.net:27017, type=REPLICA_SET_PRIMARY, TagSet{[Tag{name='nodeType', value='ELECTABLE'}, Tag{name='provider', value='AWS'}, Tag{name='region', value='EU_WEST_3'}, Tag{name='workloadType', value='OPERATIONAL'}]}, roundTripTime=326.9 ms, state=CONNECTED}, {address=ac-o2suyf6-shard-00-01.7qtbnuz.mongodb.net:27017, type=REPLICA_SET_SECONDARY, TagSet{[Tag{name='nodeType', value='ELECTABLE'}, Tag{name='provider', value='AWS'}, Tag{name='region', value='EU_WEST_3'}, Tag{name='workloadType', value='OPERATIONAL'}]}, roundTripTime=327.1 ms, state=CONNECTED}]
20:46:55.582 [cluster-ClusterId{value='63e69f2e3d878c607c736d73', description='null'}-ac-o2suyf6-shard-00-02.7qtbnuz.mongodb.net:27017] DEBUG org.mongodb.driver.cluster - Checking status of ac-o2suyf6-shard-00-02.7qtbnuz.mongodb.net:27017
20:46:55.583 [MaintenanceTimer-4-thread-1] DEBUG org.mongodb.driver.connection - Pruning pooled connections to ac-o2suyf6-shard-00-02.7qtbnuz.mongodb.net:27017
20:46:55.583 [MaintenanceTimer-6-thread-1] DEBUG org.mongodb.driver.connection - Pruning pooled connections to ac-o2suyf6-shard-00-01.7qtbnuz.mongodb.net:27017
20:46:55.906 [async-channel-group-0-handler-executor] INFO org.mongodb.driver.connection - Opened connection [connectionId{localValue:7, serverValue:268592}] to ac-o2suyf6-shard-00-02.7qtbnuz.mongodb.net:27017
20:46:55.923 [async-channel-group-0-handler-executor] DEBUG org.mongodb.driver.protocol.command - Sending command '{"find": "producto", "filter": {}, "batchSize": 64, "$db": "practica03mongoIvanLoli", "lsid": {"id": {"$binary": {"base64": "sH556KejSCSwUATTPzPu5w==", "subType": "04"}}}}' with request id 13 to database practica03mongoIvanLoli on connection [connectionId{localValue:7, serverValue:268592}] to server ac-o2suyf6-shard-00-02.7qtbnuz.mongodb.net:27017
20:46:55.962 [async-channel-group-0-handler-executor] DEBUG org.mongodb.driver.protocol.command - Execution of command with request id 13 completed successfully in 41.80 ms on connection [connectionId{localValue:7, serverValue:268592}] to server ac-o2suyf6-shard-00-02.7qtbnuz.mongodb.net:27017
20:46:56.155 [async-channel-group-0-handler-executor] DEBUG org.mongodb.driver.operation - Received batch of 4 documents with cursorId 0 from server ac-o2suyf6-shard-00-02.7qtbnuz.mongodb.net:27017
20:46:56.744 [Test worker] DEBUG io.mockk.impl.instantiation.AbstractMockFactory - Creating mockk for MaquinaRepositoryCached name=repoM#93
20:46:56.744 [Test worker] DEBUG io.mockk.impl.instantiation.AbstractMockFactory - Creating mockk for PedidoRepositoryCached name=repoPedido#94
20:46:56.745 [Test worker] DEBUG io.mockk.impl.instantiation.AbstractMockFactory - Creating mockk for ProductoRepositoryCached name=repoProd#95
20:46:56.745 [Test worker] DEBUG io.mockk.impl.instantiation.AbstractMockFactory - Creating mockk for TareaRepositoryCached name=repoTarea#96
20:46:56.745 [Test worker] DEBUG io.mockk.impl.instantiation.AbstractMockFactory - Creating mockk for TurnoRepositoryCached name=repoTurno#97
20:46:56.745 [Test worker] DEBUG io.mockk.impl.instantiation.AbstractMockFactory - Creating mockk for UserRepositoryCached name=repoUser#98
20:46:56.750 [Test worker @coroutine#81] DEBUG io.mockk.impl.instantiation.AbstractMockFactory - Creating mockk for Turno name=child of repoTurno#97#99
20:46:56.752 [Test worker @coroutine#81] DEBUG io.mockk.impl.instantiation.AbstractMockFactory - Creating mockk for Turno name=child of repoTurno#97#100
20:46:57.279 [Test worker] DEBUG io.mockk.impl.instantiation.AbstractMockFactory - Creating mockk for MaquinaRepositoryCached name=repoM#101
20:46:57.279 [Test worker] DEBUG io.mockk.impl.instantiation.AbstractMockFactory - Creating mockk for PedidoRepositoryCached name=repoPedido#102
20:46:57.279 [Test worker] DEBUG io.mockk.impl.instantiation.AbstractMockFactory - Creating mockk for ProductoRepositoryCached name=repoProd#103
20:46:57.279 [Test worker] DEBUG io.mockk.impl.instantiation.AbstractMockFactory - Creating mockk for TareaRepositoryCached name=repoTarea#104
20:46:57.280 [Test worker] DEBUG io.mockk.impl.instantiation.AbstractMockFactory - Creating mockk for TurnoRepositoryCached name=repoTurno#105
20:46:57.280 [Test worker] DEBUG io.mockk.impl.instantiation.AbstractMockFactory - Creating mockk for UserRepositoryCached name=repoUser#106
20:46:57.285 [Test worker @coroutine#88] DEBUG io.mockk.impl.instantiation.AbstractMockFactory - Creating mockk for Producto name=child of repoProd#103#107
20:46:57.288 [DefaultDispatcher-worker-1] DEBUG io.mockk.impl.recording.states.AnsweringState - Answering Producto(id=63e69f313d878c607c736d83, uuid=93a98d69-0004-48a7-b34f-05b596ea83aa, tipo=FUNDAS, marca=MarcaZ, modelo=ModeloZ, precio=36.4, stock=8) on ProductoRepositoryCached(repoProd#103).save(Producto(id=63e69f313d878c607c736d88, uuid=93a98d69-6da6-48a7-b34f-05b596aaaaac, tipo=RAQUETAS, marca=Marca Inicial, modelo=Raqueta inicial, precio=40.0, stock=15), continuation {})
20:46:57.808 [Test worker] DEBUG io.mockk.impl.instantiation.AbstractMockFactory - Creating mockk for MaquinaRepositoryCached name=repoM#108
20:46:57.808 [Test worker] DEBUG io.mockk.impl.instantiation.AbstractMockFactory - Creating mockk for PedidoRepositoryCached name=repoPedido#109
20:46:57.809 [Test worker] DEBUG io.mockk.impl.instantiation.AbstractMockFactory - Creating mockk for ProductoRepositoryCached name=repoProd#110
20:46:57.809 [Test worker] DEBUG io.mockk.impl.instantiation.AbstractMockFactory - Creating mockk for TareaRepositoryCached name=repoTarea#111
20:46:57.809 [Test worker] DEBUG io.mockk.impl.instantiation.AbstractMockFactory - Creating mockk for TurnoRepositoryCached name=repoTurno#112
20:46:57.809 [Test worker] DEBUG io.mockk.impl.instantiation.AbstractMockFactory - Creating mockk for UserRepositoryCached name=repoUser#113
20:46:57.815 [Test worker @coroutine#92] DEBUG io.mockk.impl.instantiation.AbstractMockFactory - Creating mockk for Producto name=child of repoProd#110#114
20:46:57.831 [Test worker @coroutine#92] DEBUG io.mockk.impl.instantiation.AbstractMockFactory - Creating mockk for Producto name=child of repoProd#110#115
20:46:57.836 [DefaultDispatcher-worker-1 @coroutine#97] DEBUG io.mockk.impl.recording.states.AnsweringState - Answering Producto(id=63e69f313d878c607c736d8e, uuid=93a98d69-0004-48a7-b34f-05b596ea83aa, tipo=FUNDAS, marca=MarcaZ, modelo=ModeloZ, precio=36.4, stock=8) on ProductoRepositoryCached(repoProd#110).findByUUID(93a98d69-0004-48a7-b34f-05b596ea83aa, continuation {})
20:46:57.837 [DefaultDispatcher-worker-1 @coroutine#97] DEBUG io.mockk.impl.recording.states.AnsweringState - Answering Producto(id=63e69f313d878c607c736d8e, uuid=93a98d69-0004-48a7-b34f-05b596ea83aa, tipo=FUNDAS, marca=MarcaZ, modelo=ModeloZ, precio=36.4, stock=8) on ProductoRepositoryCached(repoProd#110).decreaseStock(63e69f313d878c607c736d8e, continuation {})
20:46:58.367 [Test worker] DEBUG io.mockk.impl.instantiation.AbstractMockFactory - Creating mockk for MaquinaRepositoryCached name=repoM#116
20:46:58.368 [Test worker] DEBUG io.mockk.impl.instantiation.AbstractMockFactory - Creating mockk for PedidoRepositoryCached name=repoPedido#117
20:46:58.368 [Test worker] DEBUG io.mockk.impl.instantiation.AbstractMockFactory - Creating mockk for ProductoRepositoryCached name=repoProd#118
20:46:58.369 [Test worker] DEBUG io.mockk.impl.instantiation.AbstractMockFactory - Creating mockk for TareaRepositoryCached name=repoTarea#119
20:46:58.370 [Test worker] DEBUG io.mockk.impl.instantiation.AbstractMockFactory - Creating mockk for TurnoRepositoryCached name=repoTurno#120
20:46:58.370 [Test worker] DEBUG io.mockk.impl.instantiation.AbstractMockFactory - Creating mockk for UserRepositoryCached name=repoUser#121
20:46:58.376 [Test worker @coroutine#100] DEBUG io.mockk.impl.instantiation.AbstractMockFactory - Creating mockk for Maquina name=child of repoM#116#122
20:46:58.379 [DefaultDispatcher-worker-1 @coroutine#103] DEBUG io.mockk.impl.recording.states.AnsweringState - Answering Maquina(id=63e69f323d878c607c736d9b, uuid=93a98d69-0008-48a7-b34f-05b596ea83bb, modelo=RTX-3080TI, marca=Nvidia, fechaAdquisicion=2022-11-10, numeroSerie=123456789X, tipo=PERSONALIZADORA, activa=true, isManual=null, maxTension=null, minTension=null, measuresManeuverability=true, measuresRigidity=false, measuresBalance=true) on MaquinaRepositoryCached(repoM#116).findByUUID(93a98d69-0008-48a7-b34f-05b596ea83bb, continuation {})
20:46:58.912 [Test worker] DEBUG io.mockk.impl.instantiation.AbstractMockFactory - Creating mockk for MaquinaRepositoryCached name=repoM#123
20:46:58.912 [Test worker] DEBUG io.mockk.impl.instantiation.AbstractMockFactory - Creating mockk for PedidoRepositoryCached name=repoPedido#124
20:46:58.912 [Test worker] DEBUG io.mockk.impl.instantiation.AbstractMockFactory - Creating mockk for ProductoRepositoryCached name=repoProd#125
20:46:58.912 [Test worker] DEBUG io.mockk.impl.instantiation.AbstractMockFactory - Creating mockk for TareaRepositoryCached name=repoTarea#126
20:46:58.913 [Test worker] DEBUG io.mockk.impl.instantiation.AbstractMockFactory - Creating mockk for TurnoRepositoryCached name=repoTurno#127
20:46:58.913 [Test worker] DEBUG io.mockk.impl.instantiation.AbstractMockFactory - Creating mockk for UserRepositoryCached name=repoUser#128
20:46:58.920 [Test worker @coroutine#106] DEBUG io.mockk.impl.instantiation.AbstractMockFactory - Creating mockk for Maquina name=child of repoM#123#129
20:46:58.922 [Test worker @coroutine#106] DEBUG io.mockk.impl.instantiation.AbstractMockFactory - Creating mockk for Maquina name=child of repoM#123#130
20:46:59.448 [Test worker] DEBUG io.mockk.impl.instantiation.AbstractMockFactory - Creating mockk for MaquinaRepositoryCached name=repoM#131
20:46:59.449 [Test worker] DEBUG io.mockk.impl.instantiation.AbstractMockFactory - Creating mockk for PedidoRepositoryCached name=repoPedido#132
20:46:59.449 [Test worker] DEBUG io.mockk.impl.instantiation.AbstractMockFactory - Creating mockk for ProductoRepositoryCached name=repoProd#133
20:46:59.449 [Test worker] DEBUG io.mockk.impl.instantiation.AbstractMockFactory - Creating mockk for TareaRepositoryCached name=repoTarea#134
20:46:59.449 [Test worker] DEBUG io.mockk.impl.instantiation.AbstractMockFactory - Creating mockk for TurnoRepositoryCached name=repoTurno#135
20:46:59.450 [Test worker] DEBUG io.mockk.impl.instantiation.AbstractMockFactory - Creating mockk for UserRepositoryCached name=repoUser#136
20:46:59.456 [Test worker @coroutine#114] DEBUG io.mockk.impl.instantiation.AbstractMockFactory - Creating mockk for Maquina name=child of repoM#131#137
20:46:59.458 [Test worker @coroutine#114] DEBUG io.mockk.impl.instantiation.AbstractMockFactory - Creating mockk for Maquina name=child of repoM#131#138
20:46:59.462 [DefaultDispatcher-worker-1 @coroutine#119] DEBUG io.mockk.impl.recording.states.AnsweringState - Answering Maquina(id=63e69f333d878c607c736daf, uuid=93a98d69-0008-48a7-b34f-05b596ea83bb, modelo=RTX-3080TI, marca=Nvidia, fechaAdquisicion=2022-11-10, numeroSerie=123456789X, tipo=PERSONALIZADORA, activa=true, isManual=null, maxTension=null, minTension=null, measuresManeuverability=true, measuresRigidity=false, measuresBalance=true) on MaquinaRepositoryCached(repoM#131).findByUUID(93a98d69-0008-48a7-b34f-05b596ea83bb, continuation {})
20:46:59.463 [DefaultDispatcher-worker-1 @coroutine#119] DEBUG io.mockk.impl.recording.states.AnsweringState - Answering Maquina(id=63e69f333d878c607c736daf, uuid=93a98d69-0008-48a7-b34f-05b596ea83bb, modelo=RTX-3080TI, marca=Nvidia, fechaAdquisicion=2022-11-10, numeroSerie=123456789X, tipo=PERSONALIZADORA, activa=true, isManual=null, maxTension=null, minTension=null, measuresManeuverability=true, measuresRigidity=false, measuresBalance=true) on MaquinaRepositoryCached(repoM#131).delete(63e69f333d878c607c736daf, continuation {})
20:46:59.996 [Test worker] DEBUG io.mockk.impl.instantiation.AbstractMockFactory - Creating mockk for MaquinaRepositoryCached name=repoM#139
20:46:59.996 [Test worker] DEBUG io.mockk.impl.instantiation.AbstractMockFactory - Creating mockk for PedidoRepositoryCached name=repoPedido#140
20:46:59.996 [Test worker] DEBUG io.mockk.impl.instantiation.AbstractMockFactory - Creating mockk for ProductoRepositoryCached name=repoProd#141
20:46:59.997 [Test worker] DEBUG io.mockk.impl.instantiation.AbstractMockFactory - Creating mockk for TareaRepositoryCached name=repoTarea#142
20:46:59.997 [Test worker] DEBUG io.mockk.impl.instantiation.AbstractMockFactory - Creating mockk for TurnoRepositoryCached name=repoTurno#143
20:46:59.997 [Test worker] DEBUG io.mockk.impl.instantiation.AbstractMockFactory - Creating mockk for UserRepositoryCached name=repoUser#144
20:47:00.003 [Test worker @coroutine#122] DEBUG io.mockk.impl.instantiation.AbstractMockFactory - Creating mockk for Tarea name=child of repoTarea#142#145
20:47:00.006 [Test worker @coroutine#122] DEBUG io.mockk.impl.instantiation.AbstractMockFactory - Creating mockk for Tarea name=child of repoTarea#142#146
20:47:00.540 [Test worker] DEBUG io.mockk.impl.instantiation.AbstractMockFactory - Creating mockk for MaquinaRepositoryCached name=repoM#147
20:47:00.541 [Test worker] DEBUG io.mockk.impl.instantiation.AbstractMockFactory - Creating mockk for PedidoRepositoryCached name=repoPedido#148
20:47:00.541 [Test worker] DEBUG io.mockk.impl.instantiation.AbstractMockFactory - Creating mockk for ProductoRepositoryCached name=repoProd#149
20:47:00.542 [Test worker] DEBUG io.mockk.impl.instantiation.AbstractMockFactory - Creating mockk for TareaRepositoryCached name=repoTarea#150
20:47:00.542 [Test worker] DEBUG io.mockk.impl.instantiation.AbstractMockFactory - Creating mockk for TurnoRepositoryCached name=repoTurno#151
20:47:00.542 [Test worker] DEBUG io.mockk.impl.instantiation.AbstractMockFactory - Creating mockk for UserRepositoryCached name=repoUser#152
20:47:00.547 [Test worker @coroutine#130] DEBUG io.mockk.impl.instantiation.AbstractMockFactory - Creating mockk for User name=child of repoUser#152#153
20:47:00.548 [Test worker @coroutine#130] DEBUG io.mockk.impl.instantiation.AbstractMockFactory - Creating mockk for Tarea name=child of repoTarea#150#154
20:47:00.551 [Test worker @coroutine#130] DEBUG io.mockk.impl.instantiation.AbstractMockFactory - Creating mockk for Pedido name=child of repoPedido#148#155
20:47:00.868 [DefaultDispatcher-worker-1] DEBUG io.mockk.impl.recording.states.AnsweringState - Answering User(id=63e69f343d878c607c736dbe, uuid=93a98d69-0006-48a7-b34f-05b596ea839a, nombre=Maria, apellido=Martinez, telefono=632120281, email=email2@email.com, password=contra, perfil=CLIENT, activo=true) on UserRepositoryCached(repoUser#152).findByUUID(93a98d69-6da6-48a7-b34f-05b596aaaaaa, continuation {})
20:47:00.868 [DefaultDispatcher-worker-1] DEBUG io.mockk.impl.recording.states.AnsweringState - Answering Tarea(id=63e69f343d878c607c736dc2, uuid=93a98d69-0013-48a7-b34f-05b596ea83cc, raquetaId=93a98d69-0001-48a7-b34f-05b596ea83ba, precio=36.4, tipo=PERSONALIZACION, finalizada=true, pedidoId=93a98d69-0010-48a7-b34f-05b596ea8acc, productoAdquiridoId=93a98d69-0004-48a7-b34f-05b596ea83aa, peso=10, balance=2.0, rigidez=5, tensionHorizontal=null, cordajeHorizontalId=null, tensionVertical=null, cordajeVerticalId=null, dosNudos=null) on TareaRepositoryCached(repoTarea#150).save(Tarea(id=63e69f343d878c607c736dc6, uuid=93a98d69-6da6-48a7-b34f-05b596aaaacc, raquetaId=93a98d69-6da6-48a7-b34f-05b596aaaaac, precio=15.0, tipo=ADQUISICION, finalizada=false, pedidoId=93a98d69-6da6-48a7-b34f-05b596aaabac, productoAdquiridoId=93a98d69-6da6-48a7-b34f-05b596aaaabb, peso=null, balance=null, rigidez=null, tensionHorizontal=null, cordajeHorizontalId=null, tensionVertical=null, cordajeVerticalId=null, dosNudos=null), continuation {})
20:47:00.869 [DefaultDispatcher-worker-1] DEBUG io.mockk.impl.recording.states.AnsweringState - Answering Tarea(id=63e69f343d878c607c736dc2, uuid=93a98d69-0013-48a7-b34f-05b596ea83cc, raquetaId=93a98d69-0001-48a7-b34f-05b596ea83ba, precio=36.4, tipo=PERSONALIZACION, finalizada=true, pedidoId=93a98d69-0010-48a7-b34f-05b596ea8acc, productoAdquiridoId=93a98d69-0004-48a7-b34f-05b596ea83aa, peso=10, balance=2.0, rigidez=5, tensionHorizontal=null, cordajeHorizontalId=null, tensionVertical=null, cordajeVerticalId=null, dosNudos=null) on TareaRepositoryCached(repoTarea#150).save(Tarea(id=63e69f343d878c607c736dc7, uuid=93a98d69-6da6-48a7-b34f-05b596aaabab, raquetaId=93a98d69-6da6-48a7-b34f-05b596aaaaac, precio=56.0, tipo=ENCORDADO, finalizada=false, pedidoId=93a98d69-6da6-48a7-b34f-05b596aaabac, productoAdquiridoId=null, peso=null, balance=null, rigidez=null, tensionHorizontal=6.0, cordajeHorizontalId=93a98d69-6da6-48a7-b34f-05b596aaaaba, tensionVertical=6.5, cordajeVerticalId=93a98d69-6da6-48a7-b34f-05b596aaaaba, dosNudos=true), continuation {})
20:47:00.869 [DefaultDispatcher-worker-1] DEBUG io.mockk.impl.recording.states.AnsweringState - Answering Tarea(id=63e69f343d878c607c736dc2, uuid=93a98d69-0013-48a7-b34f-05b596ea83cc, raquetaId=93a98d69-0001-48a7-b34f-05b596ea83ba, precio=36.4, tipo=PERSONALIZACION, finalizada=true, pedidoId=93a98d69-0010-48a7-b34f-05b596ea8acc, productoAdquiridoId=93a98d69-0004-48a7-b34f-05b596ea83aa, peso=10, balance=2.0, rigidez=5, tensionHorizontal=null, cordajeHorizontalId=null, tensionVertical=null, cordajeVerticalId=null, dosNudos=null) on TareaRepositoryCached(repoTarea#150).save(Tarea(id=63e69f343d878c607c736dc8, uuid=93a98d69-6da6-48a7-b34f-05b596aaabaa, raquetaId=93a98d69-6da6-48a7-b34f-05b596aaaaac, precio=60.0, tipo=PERSONALIZACION, finalizada=false, pedidoId=93a98d69-6da6-48a7-b34f-05b596aaabac, productoAdquiridoId=null, peso=10, balance=2.0, rigidez=5, tensionHorizontal=null, cordajeHorizontalId=null, tensionVertical=null, cordajeVerticalId=null, dosNudos=null), continuation {})
20:47:00.872 [DefaultDispatcher-worker-1] DEBUG io.mockk.impl.recording.states.AnsweringState - Answering Pedido(id=63e69f343d878c607c736dc1, uuid=93a98d69-0010-48a7-b34f-05b596ea8acc, userId=93a98d69-0006-48a7-b34f-05b596ea839a, state=PROCESO, fechaEntrada=2013-10-10, fechaSalida=2023-12-12, topeEntrega=2023-12-14, precio=0.0) on PedidoRepositoryCached(repoPedido#148).save(Pedido(id=63e69f343d878c607c736dcc, uuid=93a98d69-6da6-48a7-b34f-05b596aaabac, userId=93a98d69-6da6-48a7-b34f-05b596aaaaaa, state=PROCESO, fechaEntrada=2023-02-10, fechaSalida=2023-02-11, topeEntrega=2023-02-24, precio=131.0), continuation {})
20:47:00.876 [DefaultDispatcher-worker-1] DEBUG koin.repositories.tarea.TareaRepository - findAll()
20:47:00.880 [AsyncGetter-5-thread-1] DEBUG org.mongodb.driver.protocol.command - Sending command '{"find": "tarea", "filter": {}, "batchSize": 64, "$db": "practica03mongoIvanLoli", "$clusterTime": {"clusterTime": {"$timestamp": {"t": 1676058412, "i": 1}}, "signature": {"hash": {"$binary": {"base64": "xUKO93ve0RbcKoV8gf91F9uXfdI=", "subType": "00"}}, "keyId": 7161871216054108163}}, "lsid": {"id": {"$binary": {"base64": "sH556KejSCSwUATTPzPu5w==", "subType": "04"}}}}' with request id 14 to database practica03mongoIvanLoli on connection [connectionId{localValue:7, serverValue:268592}] to server ac-o2suyf6-shard-00-02.7qtbnuz.mongodb.net:27017
20:47:00.938 [async-channel-group-0-handler-executor] DEBUG org.mongodb.driver.protocol.command - Execution of command with request id 14 completed successfully in 57.92 ms on connection [connectionId{localValue:7, serverValue:268592}] to server ac-o2suyf6-shard-00-02.7qtbnuz.mongodb.net:27017
20:47:00.960 [async-channel-group-0-handler-executor] DEBUG org.mongodb.driver.operation - Received batch of 6 documents with cursorId 0 from server ac-o2suyf6-shard-00-02.7qtbnuz.mongodb.net:27017
20:47:00.966 [DefaultDispatcher-worker-1] DEBUG koin.repositories.user.UserRepository - findByUUID(93a98d69-0006-48a7-b34f-05b596ea839a)
20:47:00.970 [AsyncGetter-5-thread-1] DEBUG org.mongodb.driver.protocol.command - Sending command '{"find": "user", "filter": {}, "batchSize": 64, "$db": "practica03mongoIvanLoli", "$clusterTime": {"clusterTime": {"$timestamp": {"t": 1676058417, "i": 2}}, "signature": {"hash": {"$binary": {"base64": "iaQLS0/tjKohtjbggFWP/F7YJ7Q=", "subType": "00"}}, "keyId": 7161871216054108163}}, "lsid": {"id": {"$binary": {"base64": "sH556KejSCSwUATTPzPu5w==", "subType": "04"}}}}' with request id 15 to database practica03mongoIvanLoli on connection [connectionId{localValue:7, serverValue:268592}] to server ac-o2suyf6-shard-00-02.7qtbnuz.mongodb.net:27017
20:47:01.009 [async-channel-group-0-handler-executor] DEBUG org.mongodb.driver.protocol.command - Execution of command with request id 15 completed successfully in 40.20 ms on connection [connectionId{localValue:7, serverValue:268592}] to server ac-o2suyf6-shard-00-02.7qtbnuz.mongodb.net:27017
20:47:01.022 [async-channel-group-0-handler-executor] DEBUG org.mongodb.driver.operation - Received batch of 4 documents with cursorId 0 from server ac-o2suyf6-shard-00-02.7qtbnuz.mongodb.net:27017
20:47:01.546 [Test worker] DEBUG io.mockk.impl.instantiation.AbstractMockFactory - Creating mockk for MaquinaRepositoryCached name=repoM#156
20:47:01.546 [Test worker] DEBUG io.mockk.impl.instantiation.AbstractMockFactory - Creating mockk for PedidoRepositoryCached name=repoPedido#157
20:47:01.546 [Test worker] DEBUG io.mockk.impl.instantiation.AbstractMockFactory - Creating mockk for ProductoRepositoryCached name=repoProd#158
20:47:01.546 [Test worker] DEBUG io.mockk.impl.instantiation.AbstractMockFactory - Creating mockk for TareaRepositoryCached name=repoTarea#159
20:47:01.547 [Test worker] DEBUG io.mockk.impl.instantiation.AbstractMockFactory - Creating mockk for TurnoRepositoryCached name=repoTurno#160
20:47:01.547 [Test worker] DEBUG io.mockk.impl.instantiation.AbstractMockFactory - Creating mockk for UserRepositoryCached name=repoUser#161
20:47:01.552 [Test worker @coroutine#138] DEBUG io.mockk.impl.instantiation.AbstractMockFactory - Creating mockk for Maquina name=child of repoM#156#162
20:47:01.553 [Test worker @coroutine#138] DEBUG io.mockk.impl.instantiation.AbstractMockFactory - Creating mockk for Maquina name=child of repoM#156#163
20:47:01.556 [DefaultDispatcher-worker-1 @coroutine#143] DEBUG io.mockk.impl.recording.states.AnsweringState - Answering Maquina(id=63e69f353d878c607c736dd5, uuid=93a98d69-0008-48a7-b34f-05b596ea83bb, modelo=RTX-3080TI, marca=Nvidia, fechaAdquisicion=2022-11-10, numeroSerie=123456789X, tipo=PERSONALIZADORA, activa=true, isManual=null, maxTension=null, minTension=null, measuresManeuverability=true, measuresRigidity=false, measuresBalance=true) on MaquinaRepositoryCached(repoM#156).findByUUID(93a98d69-0008-48a7-b34f-05b596ea83bb, continuation {})
20:47:01.556 [DefaultDispatcher-worker-1 @coroutine#143] DEBUG io.mockk.impl.recording.states.AnsweringState - Answering null on MaquinaRepositoryCached(repoM#156).setInactive(63e69f353d878c607c736dd5, continuation {})
20:47:02.080 [Test worker] DEBUG io.mockk.impl.instantiation.AbstractMockFactory - Creating mockk for MaquinaRepositoryCached name=repoM#164
20:47:02.081 [Test worker] DEBUG io.mockk.impl.instantiation.AbstractMockFactory - Creating mockk for PedidoRepositoryCached name=repoPedido#165
20:47:02.081 [Test worker] DEBUG io.mockk.impl.instantiation.AbstractMockFactory - Creating mockk for ProductoRepositoryCached name=repoProd#166
20:47:02.081 [Test worker] DEBUG io.mockk.impl.instantiation.AbstractMockFactory - Creating mockk for TareaRepositoryCached name=repoTarea#167
20:47:02.082 [Test worker] DEBUG io.mockk.impl.instantiation.AbstractMockFactory - Creating mockk for TurnoRepositoryCached name=repoTurno#168
20:47:02.082 [Test worker] DEBUG io.mockk.impl.instantiation.AbstractMockFactory - Creating mockk for UserRepositoryCached name=repoUser#169
20:47:02.088 [Test worker @coroutine#146] DEBUG io.mockk.impl.instantiation.AbstractMockFactory - Creating mockk for Maquina name=child of repoM#164#170
20:47:02.091 [Test worker @coroutine#146] DEBUG io.mockk.impl.instantiation.AbstractMockFactory - Creating mockk for Maquina name=child of repoM#164#171
20:47:02.618 [Test worker] DEBUG io.mockk.impl.instantiation.AbstractMockFactory - Creating mockk for MaquinaRepositoryCached name=repoM#172
20:47:02.619 [Test worker] DEBUG io.mockk.impl.instantiation.AbstractMockFactory - Creating mockk for PedidoRepositoryCached name=repoPedido#173
20:47:02.619 [Test worker] DEBUG io.mockk.impl.instantiation.AbstractMockFactory - Creating mockk for ProductoRepositoryCached name=repoProd#174
20:47:02.619 [Test worker] DEBUG io.mockk.impl.instantiation.AbstractMockFactory - Creating mockk for TareaRepositoryCached name=repoTarea#175
20:47:02.619 [Test worker] DEBUG io.mockk.impl.instantiation.AbstractMockFactory - Creating mockk for TurnoRepositoryCached name=repoTurno#176
20:47:02.619 [Test worker] DEBUG io.mockk.impl.instantiation.AbstractMockFactory - Creating mockk for UserRepositoryCached name=repoUser#177
20:47:02.625 [Test worker @coroutine#154] DEBUG io.mockk.impl.instantiation.AbstractMockFactory - Creating mockk for Maquina name=child of repoM#172#178
20:47:02.627 [Test worker @coroutine#154] DEBUG io.mockk.impl.instantiation.AbstractMockFactory - Creating mockk for Maquina name=child of repoM#172#179
20:47:03.154 [Test worker] DEBUG io.mockk.impl.instantiation.AbstractMockFactory - Creating mockk for MaquinaRepositoryCached name=repoM#180
20:47:03.154 [Test worker] DEBUG io.mockk.impl.instantiation.AbstractMockFactory - Creating mockk for PedidoRepositoryCached name=repoPedido#181
20:47:03.155 [Test worker] DEBUG io.mockk.impl.instantiation.AbstractMockFactory - Creating mockk for ProductoRepositoryCached name=repoProd#182
20:47:03.155 [Test worker] DEBUG io.mockk.impl.instantiation.AbstractMockFactory - Creating mockk for TareaRepositoryCached name=repoTarea#183
20:47:03.155 [Test worker] DEBUG io.mockk.impl.instantiation.AbstractMockFactory - Creating mockk for TurnoRepositoryCached name=repoTurno#184
20:47:03.155 [Test worker] DEBUG io.mockk.impl.instantiation.AbstractMockFactory - Creating mockk for UserRepositoryCached name=repoUser#185
20:47:03.160 [Test worker @coroutine#162] DEBUG io.mockk.impl.instantiation.AbstractMockFactory - Creating mockk for Maquina name=child of repoM#180#186
20:47:03.163 [Test worker @coroutine#162] DEBUG io.mockk.impl.instantiation.AbstractMockFactory - Creating mockk for Maquina name=child of repoM#180#187
20:47:03.166 [DefaultDispatcher-worker-1 @coroutine#167] DEBUG io.mockk.impl.recording.states.AnsweringState - Answering Maquina(id=63e69f373d878c607c736df3, uuid=93a98d69-0008-48a7-b34f-05b596ea83bb, modelo=RTX-3080TI, marca=Nvidia, fechaAdquisicion=2022-11-10, numeroSerie=123456789X, tipo=PERSONALIZADORA, activa=true, isManual=null, maxTension=null, minTension=null, measuresManeuverability=true, measuresRigidity=false, measuresBalance=true) on MaquinaRepositoryCached(repoM#180).findByUUID(93a98d69-0008-48a7-b34f-05b596ea83bb, continuation {})
20:47:03.166 [DefaultDispatcher-worker-1 @coroutine#167] DEBUG io.mockk.impl.recording.states.AnsweringState - Answering Maquina(id=63e69f373d878c607c736df3, uuid=93a98d69-0008-48a7-b34f-05b596ea83bb, modelo=RTX-3080TI, marca=Nvidia, fechaAdquisicion=2022-11-10, numeroSerie=123456789X, tipo=PERSONALIZADORA, activa=true, isManual=null, maxTension=null, minTension=null, measuresManeuverability=true, measuresRigidity=false, measuresBalance=true) on MaquinaRepositoryCached(repoM#180).setInactive(63e69f373d878c607c736df3, continuation {})
20:47:03.687 [Test worker] DEBUG io.mockk.impl.instantiation.AbstractMockFactory - Creating mockk for MaquinaRepositoryCached name=repoM#188
20:47:03.688 [Test worker] DEBUG io.mockk.impl.instantiation.AbstractMockFactory - Creating mockk for PedidoRepositoryCached name=repoPedido#189
20:47:03.688 [Test worker] DEBUG io.mockk.impl.instantiation.AbstractMockFactory - Creating mockk for ProductoRepositoryCached name=repoProd#190
20:47:03.688 [Test worker] DEBUG io.mockk.impl.instantiation.AbstractMockFactory - Creating mockk for TareaRepositoryCached name=repoTarea#191
20:47:03.688 [Test worker] DEBUG io.mockk.impl.instantiation.AbstractMockFactory - Creating mockk for TurnoRepositoryCached name=repoTurno#192
20:47:03.688 [Test worker] DEBUG io.mockk.impl.instantiation.AbstractMockFactory - Creating mockk for UserRepositoryCached name=repoUser#193
20:47:03.694 [Test worker @coroutine#170] DEBUG io.mockk.impl.instantiation.AbstractMockFactory - Creating mockk for Tarea name=child of repoTarea#191#194
20:47:03.695 [Test worker @coroutine#170] DEBUG io.mockk.impl.instantiation.AbstractMockFactory - Creating mockk for Tarea name=child of repoTarea#191#195
20:47:03.699 [DefaultDispatcher-worker-1 @coroutine#175] DEBUG io.mockk.impl.recording.states.AnsweringState - Answering Tarea(id=63e69f373d878c607c736dfc, uuid=93a98d69-0013-48a7-b34f-05b596ea83cc, raquetaId=93a98d69-0001-48a7-b34f-05b596ea83ba, precio=36.4, tipo=PERSONALIZACION, finalizada=true, pedidoId=93a98d69-0010-48a7-b34f-05b596ea8acc, productoAdquiridoId=93a98d69-0004-48a7-b34f-05b596ea83aa, peso=10, balance=2.0, rigidez=5, tensionHorizontal=null, cordajeHorizontalId=null, tensionVertical=null, cordajeVerticalId=null, dosNudos=null) on TareaRepositoryCached(repoTarea#191).findByUUID(93a98d69-0013-48a7-b34f-05b596ea83cc, continuation {})
20:47:03.700 [DefaultDispatcher-worker-1 @coroutine#175] DEBUG io.mockk.impl.recording.states.AnsweringState - Answering null on TareaRepositoryCached(repoTarea#191).delete(63e69f373d878c607c736dfc, continuation {})
20:47:04.227 [Test worker] DEBUG io.mockk.impl.instantiation.AbstractMockFactory - Creating mockk for MaquinaRepositoryCached name=repoM#196
20:47:04.228 [Test worker] DEBUG io.mockk.impl.instantiation.AbstractMockFactory - Creating mockk for PedidoRepositoryCached name=repoPedido#197
20:47:04.228 [Test worker] DEBUG io.mockk.impl.instantiation.AbstractMockFactory - Creating mockk for ProductoRepositoryCached name=repoProd#198
20:47:04.228 [Test worker] DEBUG io.mockk.impl.instantiation.AbstractMockFactory - Creating mockk for TareaRepositoryCached name=repoTarea#199
20:47:04.228 [Test worker] DEBUG io.mockk.impl.instantiation.AbstractMockFactory - Creating mockk for TurnoRepositoryCached name=repoTurno#200
20:47:04.229 [Test worker] DEBUG io.mockk.impl.instantiation.AbstractMockFactory - Creating mockk for UserRepositoryCached name=repoUser#201
20:47:04.235 [Test worker @coroutine#178] DEBUG io.mockk.impl.instantiation.AbstractMockFactory - Creating mockk for Flow name=child of repoTarea#199#202
20:47:04.238 [DefaultDispatcher-worker-1 @coroutine#181] DEBUG io.mockk.impl.recording.states.AnsweringState - Answering kotlinx.coroutines.flow.FlowKt__BuildersKt$flowOf$$inlined$unsafeFlow$2@52e7369a on TareaRepositoryCached(repoTarea#199).findAll(continuation {})
20:47:04.238 [DefaultDispatcher-worker-1 @coroutine#181] DEBUG koin.repositories.producto.ProductoRepository - findByUUID(93a98d69-0001-48a7-b34f-05b596ea83ba)
20:47:04.239 [AsyncGetter-5-thread-1] DEBUG org.mongodb.driver.protocol.command - Sending command '{"find": "producto", "filter": {}, "batchSize": 64, "$db": "practica03mongoIvanLoli", "$clusterTime": {"clusterTime": {"$timestamp": {"t": 1676058417, "i": 2}}, "signature": {"hash": {"$binary": {"base64": "iaQLS0/tjKohtjbggFWP/F7YJ7Q=", "subType": "00"}}, "keyId": 7161871216054108163}}, "lsid": {"id": {"$binary": {"base64": "sH556KejSCSwUATTPzPu5w==", "subType": "04"}}}}' with request id 16 to database practica03mongoIvanLoli on connection [connectionId{localValue:7, serverValue:268592}] to server ac-o2suyf6-shard-00-02.7qtbnuz.mongodb.net:27017
20:47:04.279 [async-channel-group-0-handler-executor] DEBUG org.mongodb.driver.protocol.command - Execution of command with request id 16 completed successfully in 40.01 ms on connection [connectionId{localValue:7, serverValue:268592}] to server ac-o2suyf6-shard-00-02.7qtbnuz.mongodb.net:27017
20:47:04.280 [async-channel-group-0-handler-executor] DEBUG org.mongodb.driver.operation - Received batch of 4 documents with cursorId 0 from server ac-o2suyf6-shard-00-02.7qtbnuz.mongodb.net:27017
20:47:04.804 [Test worker] DEBUG io.mockk.impl.instantiation.AbstractMockFactory - Creating mockk for MaquinaRepositoryCached name=repoM#203
20:47:04.805 [Test worker] DEBUG io.mockk.impl.instantiation.AbstractMockFactory - Creating mockk for PedidoRepositoryCached name=repoPedido#204
20:47:04.805 [Test worker] DEBUG io.mockk.impl.instantiation.AbstractMockFactory - Creating mockk for ProductoRepositoryCached name=repoProd#205
20:47:04.805 [Test worker] DEBUG io.mockk.impl.instantiation.AbstractMockFactory - Creating mockk for TareaRepositoryCached name=repoTarea#206
20:47:04.805 [Test worker] DEBUG io.mockk.impl.instantiation.AbstractMockFactory - Creating mockk for TurnoRepositoryCached name=repoTurno#207
20:47:04.805 [Test worker] DEBUG io.mockk.impl.instantiation.AbstractMockFactory - Creating mockk for UserRepositoryCached name=repoUser#208
20:47:04.810 [Test worker @coroutine#184] DEBUG io.mockk.impl.instantiation.AbstractMockFactory - Creating mockk for Flow name=child of repoPedido#204#209
20:47:04.813 [DefaultDispatcher-worker-1 @coroutine#187] DEBUG io.mockk.impl.recording.states.AnsweringState - Answering kotlinx.coroutines.flow.FlowKt__BuildersKt$flowOf$$inlined$unsafeFlow$1@209add85 on PedidoRepositoryCached(repoPedido#204).findAll(continuation {})
20:47:05.330 [Test worker] DEBUG io.mockk.impl.instantiation.AbstractMockFactory - Creating mockk for MaquinaRepositoryCached name=repoM#210
20:47:05.330 [Test worker] DEBUG io.mockk.impl.instantiation.AbstractMockFactory - Creating mockk for PedidoRepositoryCached name=repoPedido#211
20:47:05.332 [Test worker] DEBUG io.mockk.impl.instantiation.AbstractMockFactory - Creating mockk for ProductoRepositoryCached name=repoProd#212
20:47:05.332 [Test worker] DEBUG io.mockk.impl.instantiation.AbstractMockFactory - Creating mockk for TareaRepositoryCached name=repoTarea#213
20:47:05.333 [Test worker] DEBUG io.mockk.impl.instantiation.AbstractMockFactory - Creating mockk for TurnoRepositoryCached name=repoTurno#214
20:47:05.333 [Test worker] DEBUG io.mockk.impl.instantiation.AbstractMockFactory - Creating mockk for UserRepositoryCached name=repoUser#215
20:47:05.337 [Test worker @coroutine#190] DEBUG io.mockk.impl.instantiation.AbstractMockFactory - Creating mockk for Turno name=child of repoTurno#214#216
20:47:05.339 [Test worker @coroutine#190] DEBUG io.mockk.impl.instantiation.AbstractMockFactory - Creating mockk for Turno name=child of repoTurno#214#217
20:47:05.343 [DefaultDispatcher-worker-1 @coroutine#195] DEBUG io.mockk.impl.recording.states.AnsweringState - Answering Turno(id=63e69f393d878c607c736e1c, uuid=93a98d69-0019-48a7-b34f-05b596ea8abc, workerId=93a98d69-0007-48a7-b34f-05b596ea839c, maquinaId=93a98d69-0008-48a7-b34f-05b596ea83bb, horaInicio=2002-10-14T10:09, horaFin=2002-10-14T16:49, numPedidosActivos=2, tarea1Id=93a98d69-0013-48a7-b34f-05b596ea83cc, tarea2Id=null, finalizado=false) on TurnoRepositoryCached(repoTurno#214).findByUUID(93a98d69-0019-48a7-b34f-05b596ea8abc, continuation {})
20:47:05.343 [DefaultDispatcher-worker-1 @coroutine#195] DEBUG io.mockk.impl.recording.states.AnsweringState - Answering Turno(id=63e69f393d878c607c736e1c, uuid=93a98d69-0019-48a7-b34f-05b596ea8abc, workerId=93a98d69-0007-48a7-b34f-05b596ea839c, maquinaId=93a98d69-0008-48a7-b34f-05b596ea83bb, horaInicio=2002-10-14T10:09, horaFin=2002-10-14T16:49, numPedidosActivos=2, tarea1Id=93a98d69-0013-48a7-b34f-05b596ea83cc, tarea2Id=null, finalizado=false) on TurnoRepositoryCached(repoTurno#214).setFinalizado(63e69f393d878c607c736e1c, continuation {})
20:47:05.348 [DefaultDispatcher-worker-1 @coroutine#195] DEBUG koin.repositories.user.UserRepository - findByUUID(93a98d69-0007-48a7-b34f-05b596ea839c)
20:47:05.350 [AsyncGetter-5-thread-1] DEBUG org.mongodb.driver.protocol.command - Sending command '{"find": "user", "filter": {}, "batchSize": 64, "$db": "practica03mongoIvanLoli", "$clusterTime": {"clusterTime": {"$timestamp": {"t": 1676058420, "i": 5}}, "signature": {"hash": {"$binary": {"base64": "aknu8HdADMm1pawmMosHE2EFqc8=", "subType": "00"}}, "keyId": 7161871216054108163}}, "lsid": {"id": {"$binary": {"base64": "sH556KejSCSwUATTPzPu5w==", "subType": "04"}}}}' with request id 17 to database practica03mongoIvanLoli on connection [connectionId{localValue:7, serverValue:268592}] to server ac-o2suyf6-shard-00-02.7qtbnuz.mongodb.net:27017
20:47:05.389 [async-channel-group-0-handler-executor] DEBUG org.mongodb.driver.protocol.command - Execution of command with request id 17 completed successfully in 40.15 ms on connection [connectionId{localValue:7, serverValue:268592}] to server ac-o2suyf6-shard-00-02.7qtbnuz.mongodb.net:27017
20:47:05.390 [async-channel-group-0-handler-executor] DEBUG org.mongodb.driver.operation - Received batch of 4 documents with cursorId 0 from server ac-o2suyf6-shard-00-02.7qtbnuz.mongodb.net:27017
20:47:05.395 [DefaultDispatcher-worker-1 @coroutine#195] DEBUG koin.repositories.maquina.MaquinaRepository - findByUUID(93a98d69-0008-48a7-b34f-05b596ea83bb)
20:47:05.400 [AsyncGetter-5-thread-1] DEBUG org.mongodb.driver.protocol.command - Sending command '{"find": "maquina", "filter": {}, "batchSize": 64, "$db": "practica03mongoIvanLoli", "$clusterTime": {"clusterTime": {"$timestamp": {"t": 1676058421, "i": 5}}, "signature": {"hash": {"$binary": {"base64": "ebN6EevDzhT6TdLpMcBcY9b0thU=", "subType": "00"}}, "keyId": 7161871216054108163}}, "lsid": {"id": {"$binary": {"base64": "sH556KejSCSwUATTPzPu5w==", "subType": "04"}}}}' with request id 18 to database practica03mongoIvanLoli on connection [connectionId{localValue:7, serverValue:268592}] to server ac-o2suyf6-shard-00-02.7qtbnuz.mongodb.net:27017
20:47:05.441 [async-channel-group-0-handler-executor] DEBUG org.mongodb.driver.protocol.command - Execution of command with request id 18 completed successfully in 41.64 ms on connection [connectionId{localValue:7, serverValue:268592}] to server ac-o2suyf6-shard-00-02.7qtbnuz.mongodb.net:27017
20:47:05.458 [async-channel-group-0-handler-executor] DEBUG org.mongodb.driver.operation - Received batch of 2 documents with cursorId 0 from server ac-o2suyf6-shard-00-02.7qtbnuz.mongodb.net:27017
20:47:05.462 [DefaultDispatcher-worker-1 @coroutine#195] DEBUG koin.repositories.tarea.TareaRepository - findByUUID(93a98d69-0013-48a7-b34f-05b596ea83cc)
20:47:05.466 [AsyncGetter-5-thread-1] DEBUG org.mongodb.driver.protocol.command - Sending command '{"find": "tarea", "filter": {}, "batchSize": 64, "$db": "practica03mongoIvanLoli", "$clusterTime": {"clusterTime": {"$timestamp": {"t": 1676058421, "i": 5}}, "signature": {"hash": {"$binary": {"base64": "ebN6EevDzhT6TdLpMcBcY9b0thU=", "subType": "00"}}, "keyId": 7161871216054108163}}, "lsid": {"id": {"$binary": {"base64": "sH556KejSCSwUATTPzPu5w==", "subType": "04"}}}}' with request id 19 to database practica03mongoIvanLoli on connection [connectionId{localValue:7, serverValue:268592}] to server ac-o2suyf6-shard-00-02.7qtbnuz.mongodb.net:27017
20:47:05.505 [async-channel-group-0-handler-executor] DEBUG org.mongodb.driver.protocol.command - Execution of command with request id 19 completed successfully in 39.48 ms on connection [connectionId{localValue:7, serverValue:268592}] to server ac-o2suyf6-shard-00-02.7qtbnuz.mongodb.net:27017
20:47:05.507 [async-channel-group-0-handler-executor] DEBUG org.mongodb.driver.operation - Received batch of 6 documents with cursorId 0 from server ac-o2suyf6-shard-00-02.7qtbnuz.mongodb.net:27017
20:47:05.582 [cluster-rtt-ClusterId{value='63e69f2e3d878c607c736d73', description='null'}-ac-o2suyf6-shard-00-01.7qtbnuz.mongodb.net:27017] DEBUG org.mongodb.driver.protocol.command - Sending command '{"hello": 1, "$db": "admin", "$clusterTime": {"clusterTime": {"$timestamp": {"t": 1676058421, "i": 5}}, "signature": {"hash": {"$binary": {"base64": "ebN6EevDzhT6TdLpMcBcY9b0thU=", "subType": "00"}}, "keyId": 7161871216054108163}}}' with request id 20 to database admin on connection [connectionId{localValue:6, serverValue:264658}] to server ac-o2suyf6-shard-00-01.7qtbnuz.mongodb.net:27017
20:47:05.582 [cluster-rtt-ClusterId{value='63e69f2e3d878c607c736d73', description='null'}-ac-o2suyf6-shard-00-02.7qtbnuz.mongodb.net:27017] DEBUG org.mongodb.driver.protocol.command - Sending command '{"hello": 1, "$db": "admin", "$clusterTime": {"clusterTime": {"$timestamp": {"t": 1676058421, "i": 5}}, "signature": {"hash": {"$binary": {"base64": "ebN6EevDzhT6TdLpMcBcY9b0thU=", "subType": "00"}}, "keyId": 7161871216054108163}}}' with request id 21 to database admin on connection [connectionId{localValue:4, serverValue:268608}] to server ac-o2suyf6-shard-00-02.7qtbnuz.mongodb.net:27017
20:47:05.582 [cluster-rtt-ClusterId{value='63e69f2e3d878c607c736d73', description='null'}-ac-o2suyf6-shard-00-00.7qtbnuz.mongodb.net:27017] DEBUG org.mongodb.driver.protocol.command - Sending command '{"hello": 1, "$db": "admin", "$clusterTime": {"clusterTime": {"$timestamp": {"t": 1676058421, "i": 5}}, "signature": {"hash": {"$binary": {"base64": "ebN6EevDzhT6TdLpMcBcY9b0thU=", "subType": "00"}}, "keyId": 7161871216054108163}}}' with request id 22 to database admin on connection [connectionId{localValue:1, serverValue:269192}] to server ac-o2suyf6-shard-00-00.7qtbnuz.mongodb.net:27017
20:47:05.618 [cluster-rtt-ClusterId{value='63e69f2e3d878c607c736d73', description='null'}-ac-o2suyf6-shard-00-00.7qtbnuz.mongodb.net:27017] DEBUG org.mongodb.driver.protocol.command - Execution of command with request id 22 completed successfully in 35.98 ms on connection [connectionId{localValue:1, serverValue:269192}] to server ac-o2suyf6-shard-00-00.7qtbnuz.mongodb.net:27017
20:47:05.618 [cluster-rtt-ClusterId{value='63e69f2e3d878c607c736d73', description='null'}-ac-o2suyf6-shard-00-02.7qtbnuz.mongodb.net:27017] DEBUG org.mongodb.driver.protocol.command - Execution of command with request id 21 completed successfully in 35.99 ms on connection [connectionId{localValue:4, serverValue:268608}] to server ac-o2suyf6-shard-00-02.7qtbnuz.mongodb.net:27017
20:47:05.618 [cluster-rtt-ClusterId{value='63e69f2e3d878c607c736d73', description='null'}-ac-o2suyf6-shard-00-01.7qtbnuz.mongodb.net:27017] DEBUG org.mongodb.driver.protocol.command - Execution of command with request id 20 completed successfully in 36.22 ms on connection [connectionId{localValue:6, serverValue:264658}] to server ac-o2suyf6-shard-00-01.7qtbnuz.mongodb.net:27017
20:47:05.627 [cluster-ClusterId{value='63e69f2e3d878c607c736d73', description='null'}-ac-o2suyf6-shard-00-01.7qtbnuz.mongodb.net:27017] DEBUG org.mongodb.driver.cluster - Updating cluster description to  {type=REPLICA_SET, servers=[{address=ac-o2suyf6-shard-00-00.7qtbnuz.mongodb.net:27017, type=REPLICA_SET_SECONDARY, TagSet{[Tag{name='nodeType', value='ELECTABLE'}, Tag{name='provider', value='AWS'}, Tag{name='region', value='EU_WEST_3'}, Tag{name='workloadType', value='OPERATIONAL'}]}, roundTripTime=326.2 ms, state=CONNECTED}, {address=ac-o2suyf6-shard-00-02.7qtbnuz.mongodb.net:27017, type=REPLICA_SET_PRIMARY, TagSet{[Tag{name='nodeType', value='ELECTABLE'}, Tag{name='provider', value='AWS'}, Tag{name='region', value='EU_WEST_3'}, Tag{name='workloadType', value='OPERATIONAL'}]}, roundTripTime=326.9 ms, state=CONNECTED}, {address=ac-o2suyf6-shard-00-01.7qtbnuz.mongodb.net:27017, type=REPLICA_SET_SECONDARY, TagSet{[Tag{name='nodeType', value='ELECTABLE'}, Tag{name='provider', value='AWS'}, Tag{name='region', value='EU_WEST_3'}, Tag{name='workloadType', value='OPERATIONAL'}]}, roundTripTime=269.0 ms, state=CONNECTED}]
20:47:05.627 [cluster-ClusterId{value='63e69f2e3d878c607c736d73', description='null'}-ac-o2suyf6-shard-00-01.7qtbnuz.mongodb.net:27017] DEBUG org.mongodb.driver.cluster - Checking status of ac-o2suyf6-shard-00-01.7qtbnuz.mongodb.net:27017
20:47:05.627 [cluster-ClusterId{value='63e69f2e3d878c607c736d73', description='null'}-ac-o2suyf6-shard-00-02.7qtbnuz.mongodb.net:27017] DEBUG org.mongodb.driver.cluster - Updating cluster description to  {type=REPLICA_SET, servers=[{address=ac-o2suyf6-shard-00-00.7qtbnuz.mongodb.net:27017, type=REPLICA_SET_SECONDARY, TagSet{[Tag{name='nodeType', value='ELECTABLE'}, Tag{name='provider', value='AWS'}, Tag{name='region', value='EU_WEST_3'}, Tag{name='workloadType', value='OPERATIONAL'}]}, roundTripTime=326.2 ms, state=CONNECTED}, {address=ac-o2suyf6-shard-00-02.7qtbnuz.mongodb.net:27017, type=REPLICA_SET_PRIMARY, TagSet{[Tag{name='nodeType', value='ELECTABLE'}, Tag{name='provider', value='AWS'}, Tag{name='region', value='EU_WEST_3'}, Tag{name='workloadType', value='OPERATIONAL'}]}, roundTripTime=268.5 ms, state=CONNECTED}, {address=ac-o2suyf6-shard-00-01.7qtbnuz.mongodb.net:27017, type=REPLICA_SET_SECONDARY, TagSet{[Tag{name='nodeType', value='ELECTABLE'}, Tag{name='provider', value='AWS'}, Tag{name='region', value='EU_WEST_3'}, Tag{name='workloadType', value='OPERATIONAL'}]}, roundTripTime=269.0 ms, state=CONNECTED}]
20:47:05.628 [cluster-ClusterId{value='63e69f2e3d878c607c736d73', description='null'}-ac-o2suyf6-shard-00-02.7qtbnuz.mongodb.net:27017] DEBUG org.mongodb.driver.cluster - Checking status of ac-o2suyf6-shard-00-02.7qtbnuz.mongodb.net:27017
20:47:05.628 [cluster-ClusterId{value='63e69f2e3d878c607c736d73', description='null'}-ac-o2suyf6-shard-00-00.7qtbnuz.mongodb.net:27017] DEBUG org.mongodb.driver.cluster - Updating cluster description to  {type=REPLICA_SET, servers=[{address=ac-o2suyf6-shard-00-00.7qtbnuz.mongodb.net:27017, type=REPLICA_SET_SECONDARY, TagSet{[Tag{name='nodeType', value='ELECTABLE'}, Tag{name='provider', value='AWS'}, Tag{name='region', value='EU_WEST_3'}, Tag{name='workloadType', value='OPERATIONAL'}]}, roundTripTime=268.4 ms, state=CONNECTED}, {address=ac-o2suyf6-shard-00-02.7qtbnuz.mongodb.net:27017, type=REPLICA_SET_PRIMARY, TagSet{[Tag{name='nodeType', value='ELECTABLE'}, Tag{name='provider', value='AWS'}, Tag{name='region', value='EU_WEST_3'}, Tag{name='workloadType', value='OPERATIONAL'}]}, roundTripTime=268.5 ms, state=CONNECTED}, {address=ac-o2suyf6-shard-00-01.7qtbnuz.mongodb.net:27017, type=REPLICA_SET_SECONDARY, TagSet{[Tag{name='nodeType', value='ELECTABLE'}, Tag{name='provider', value='AWS'}, Tag{name='region', value='EU_WEST_3'}, Tag{name='workloadType', value='OPERATIONAL'}]}, roundTripTime=269.0 ms, state=CONNECTED}]
20:47:05.628 [cluster-ClusterId{value='63e69f2e3d878c607c736d73', description='null'}-ac-o2suyf6-shard-00-00.7qtbnuz.mongodb.net:27017] DEBUG org.mongodb.driver.cluster - Checking status of ac-o2suyf6-shard-00-00.7qtbnuz.mongodb.net:27017
20:47:06.036 [Test worker] DEBUG io.mockk.impl.instantiation.AbstractMockFactory - Creating mockk for MaquinaRepositoryCached name=repoM#218
20:47:06.036 [Test worker] DEBUG io.mockk.impl.instantiation.AbstractMockFactory - Creating mockk for PedidoRepositoryCached name=repoPedido#219
20:47:06.037 [Test worker] DEBUG io.mockk.impl.instantiation.AbstractMockFactory - Creating mockk for ProductoRepositoryCached name=repoProd#220
20:47:06.037 [Test worker] DEBUG io.mockk.impl.instantiation.AbstractMockFactory - Creating mockk for TareaRepositoryCached name=repoTarea#221
20:47:06.037 [Test worker] DEBUG io.mockk.impl.instantiation.AbstractMockFactory - Creating mockk for TurnoRepositoryCached name=repoTurno#222
20:47:06.037 [Test worker] DEBUG io.mockk.impl.instantiation.AbstractMockFactory - Creating mockk for UserRepositoryCached name=repoUser#223
20:47:06.042 [Test worker @coroutine#198] DEBUG io.mockk.impl.instantiation.AbstractMockFactory - Creating mockk for Flow name=child of repoProd#220#224
20:47:06.046 [DefaultDispatcher-worker-1 @coroutine#201] DEBUG io.mockk.impl.recording.states.AnsweringState - Answering kotlinx.coroutines.flow.FlowKt__BuildersKt$flowOf$$inlined$unsafeFlow$1@4ddb7617 on ProductoRepositoryCached(repoProd#220).findAll(continuation {})
20:47:06.563 [Test worker] DEBUG io.mockk.impl.instantiation.AbstractMockFactory - Creating mockk for MaquinaRepositoryCached name=repoM#225
20:47:06.564 [Test worker] DEBUG io.mockk.impl.instantiation.AbstractMockFactory - Creating mockk for PedidoRepositoryCached name=repoPedido#226
20:47:06.564 [Test worker] DEBUG io.mockk.impl.instantiation.AbstractMockFactory - Creating mockk for ProductoRepositoryCached name=repoProd#227
20:47:06.564 [Test worker] DEBUG io.mockk.impl.instantiation.AbstractMockFactory - Creating mockk for TareaRepositoryCached name=repoTarea#228
20:47:06.564 [Test worker] DEBUG io.mockk.impl.instantiation.AbstractMockFactory - Creating mockk for TurnoRepositoryCached name=repoTurno#229
20:47:06.565 [Test worker] DEBUG io.mockk.impl.instantiation.AbstractMockFactory - Creating mockk for UserRepositoryCached name=repoUser#230
20:47:06.569 [Test worker @coroutine#204] DEBUG io.mockk.impl.instantiation.AbstractMockFactory - Creating mockk for Flow name=child of repoPedido#226#231
20:47:06.571 [DefaultDispatcher-worker-1 @coroutine#207] DEBUG io.mockk.impl.recording.states.AnsweringState - Answering kotlinx.coroutines.flow.FlowKt__BuildersKt$flowOf$$inlined$unsafeFlow$2@10255ba2 on PedidoRepositoryCached(repoPedido#226).findAll(continuation {})
20:47:06.572 [DefaultDispatcher-worker-1 @coroutine#207] DEBUG koin.repositories.tarea.TareaRepository - findAll()
20:47:06.573 [AsyncGetter-5-thread-1] DEBUG org.mongodb.driver.protocol.command - Sending command '{"find": "tarea", "filter": {}, "batchSize": 64, "$db": "practica03mongoIvanLoli", "$clusterTime": {"clusterTime": {"$timestamp": {"t": 1676058421, "i": 5}}, "signature": {"hash": {"$binary": {"base64": "ebN6EevDzhT6TdLpMcBcY9b0thU=", "subType": "00"}}, "keyId": 7161871216054108163}}, "lsid": {"id": {"$binary": {"base64": "sH556KejSCSwUATTPzPu5w==", "subType": "04"}}}}' with request id 23 to database practica03mongoIvanLoli on connection [connectionId{localValue:7, serverValue:268592}] to server ac-o2suyf6-shard-00-02.7qtbnuz.mongodb.net:27017
20:47:06.640 [async-channel-group-0-handler-executor] DEBUG org.mongodb.driver.protocol.command - Execution of command with request id 23 completed successfully in 66.52 ms on connection [connectionId{localValue:7, serverValue:268592}] to server ac-o2suyf6-shard-00-02.7qtbnuz.mongodb.net:27017
20:47:06.643 [async-channel-group-0-handler-executor] DEBUG org.mongodb.driver.operation - Received batch of 6 documents with cursorId 0 from server ac-o2suyf6-shard-00-02.7qtbnuz.mongodb.net:27017
20:47:06.643 [DefaultDispatcher-worker-1 @coroutine#207] DEBUG koin.repositories.user.UserRepository - findByUUID(93a98d69-0006-48a7-b34f-05b596ea839a)
20:47:06.644 [AsyncGetter-5-thread-1] DEBUG org.mongodb.driver.protocol.command - Sending command '{"find": "user", "filter": {}, "batchSize": 64, "$db": "practica03mongoIvanLoli", "$clusterTime": {"clusterTime": {"$timestamp": {"t": 1676058422, "i": 5}}, "signature": {"hash": {"$binary": {"base64": "PSgmkWbotG0fSIlE2wk3N8LkmXQ=", "subType": "00"}}, "keyId": 7161871216054108163}}, "lsid": {"id": {"$binary": {"base64": "sH556KejSCSwUATTPzPu5w==", "subType": "04"}}}}' with request id 24 to database practica03mongoIvanLoli on connection [connectionId{localValue:7, serverValue:268592}] to server ac-o2suyf6-shard-00-02.7qtbnuz.mongodb.net:27017
20:47:06.684 [async-channel-group-0-handler-executor] DEBUG org.mongodb.driver.protocol.command - Execution of command with request id 24 completed successfully in 40.35 ms on connection [connectionId{localValue:7, serverValue:268592}] to server ac-o2suyf6-shard-00-02.7qtbnuz.mongodb.net:27017
20:47:06.684 [async-channel-group-0-handler-executor] DEBUG org.mongodb.driver.operation - Received batch of 4 documents with cursorId 0 from server ac-o2suyf6-shard-00-02.7qtbnuz.mongodb.net:27017
20:47:07.203 [Test worker] DEBUG io.mockk.impl.instantiation.AbstractMockFactory - Creating mockk for MaquinaRepositoryCached name=repoM#232
20:47:07.203 [Test worker] DEBUG io.mockk.impl.instantiation.AbstractMockFactory - Creating mockk for PedidoRepositoryCached name=repoPedido#233
20:47:07.204 [Test worker] DEBUG io.mockk.impl.instantiation.AbstractMockFactory - Creating mockk for ProductoRepositoryCached name=repoProd#234
20:47:07.204 [Test worker] DEBUG io.mockk.impl.instantiation.AbstractMockFactory - Creating mockk for TareaRepositoryCached name=repoTarea#235
20:47:07.204 [Test worker] DEBUG io.mockk.impl.instantiation.AbstractMockFactory - Creating mockk for TurnoRepositoryCached name=repoTurno#236
20:47:07.204 [Test worker] DEBUG io.mockk.impl.instantiation.AbstractMockFactory - Creating mockk for UserRepositoryCached name=repoUser#237
20:47:07.209 [Test worker @coroutine#210] DEBUG io.mockk.impl.instantiation.AbstractMockFactory - Creating mockk for User name=child of repoUser#237#238
20:47:07.213 [DefaultDispatcher-worker-1 @coroutine#213] DEBUG io.mockk.impl.recording.states.AnsweringState - Answering null on UserRepositoryCached(repoUser#237).findByUUID(aedcfd67-ccb7-4c37-a614-cab845f1a29c, continuation {})
20:47:07.727 [Test worker] DEBUG io.mockk.impl.instantiation.AbstractMockFactory - Creating mockk for MaquinaRepositoryCached name=repoM#239
20:47:07.728 [Test worker] DEBUG io.mockk.impl.instantiation.AbstractMockFactory - Creating mockk for PedidoRepositoryCached name=repoPedido#240
20:47:07.728 [Test worker] DEBUG io.mockk.impl.instantiation.AbstractMockFactory - Creating mockk for ProductoRepositoryCached name=repoProd#241
20:47:07.728 [Test worker] DEBUG io.mockk.impl.instantiation.AbstractMockFactory - Creating mockk for TareaRepositoryCached name=repoTarea#242
20:47:07.729 [Test worker] DEBUG io.mockk.impl.instantiation.AbstractMockFactory - Creating mockk for TurnoRepositoryCached name=repoTurno#243
20:47:07.729 [Test worker] DEBUG io.mockk.impl.instantiation.AbstractMockFactory - Creating mockk for UserRepositoryCached name=repoUser#244
20:47:07.734 [Test worker @coroutine#216] DEBUG io.mockk.impl.instantiation.AbstractMockFactory - Creating mockk for Tarea name=child of repoTarea#242#245
20:47:07.737 [DefaultDispatcher-worker-1 @coroutine#219] DEBUG io.mockk.impl.recording.states.AnsweringState - Answering Tarea(id=63e69f3b3d878c607c736e42, uuid=93a98d69-0013-48a7-b34f-05b596ea83cc, raquetaId=93a98d69-0001-48a7-b34f-05b596ea83ba, precio=36.4, tipo=PERSONALIZACION, finalizada=true, pedidoId=93a98d69-0010-48a7-b34f-05b596ea8acc, productoAdquiridoId=93a98d69-0004-48a7-b34f-05b596ea83aa, peso=10, balance=2.0, rigidez=5, tensionHorizontal=null, cordajeHorizontalId=null, tensionVertical=null, cordajeVerticalId=null, dosNudos=null) on TareaRepositoryCached(repoTarea#242).findByUUID(93a98d69-0013-48a7-b34f-05b596ea83cc, continuation {})
20:47:07.737 [DefaultDispatcher-worker-1 @coroutine#219] DEBUG koin.repositories.producto.ProductoRepository - findByUUID(93a98d69-0001-48a7-b34f-05b596ea83ba)
20:47:07.738 [AsyncGetter-5-thread-1] DEBUG org.mongodb.driver.protocol.command - Sending command '{"find": "producto", "filter": {}, "batchSize": 64, "$db": "practica03mongoIvanLoli", "$clusterTime": {"clusterTime": {"$timestamp": {"t": 1676058422, "i": 5}}, "signature": {"hash": {"$binary": {"base64": "PSgmkWbotG0fSIlE2wk3N8LkmXQ=", "subType": "00"}}, "keyId": 7161871216054108163}}, "lsid": {"id": {"$binary": {"base64": "sH556KejSCSwUATTPzPu5w==", "subType": "04"}}}}' with request id 25 to database practica03mongoIvanLoli on connection [connectionId{localValue:7, serverValue:268592}] to server ac-o2suyf6-shard-00-02.7qtbnuz.mongodb.net:27017
20:47:07.792 [async-channel-group-0-handler-executor] DEBUG org.mongodb.driver.protocol.command - Execution of command with request id 25 completed successfully in 54.39 ms on connection [connectionId{localValue:7, serverValue:268592}] to server ac-o2suyf6-shard-00-02.7qtbnuz.mongodb.net:27017
20:47:07.793 [async-channel-group-0-handler-executor] DEBUG org.mongodb.driver.operation - Received batch of 4 documents with cursorId 0 from server ac-o2suyf6-shard-00-02.7qtbnuz.mongodb.net:27017
20:47:08.315 [Test worker] DEBUG io.mockk.impl.instantiation.AbstractMockFactory - Creating mockk for MaquinaRepositoryCached name=repoM#246
20:47:08.316 [Test worker] DEBUG io.mockk.impl.instantiation.AbstractMockFactory - Creating mockk for PedidoRepositoryCached name=repoPedido#247
20:47:08.316 [Test worker] DEBUG io.mockk.impl.instantiation.AbstractMockFactory - Creating mockk for ProductoRepositoryCached name=repoProd#248
20:47:08.316 [Test worker] DEBUG io.mockk.impl.instantiation.AbstractMockFactory - Creating mockk for TareaRepositoryCached name=repoTarea#249
20:47:08.317 [Test worker] DEBUG io.mockk.impl.instantiation.AbstractMockFactory - Creating mockk for TurnoRepositoryCached name=repoTurno#250
20:47:08.317 [Test worker] DEBUG io.mockk.impl.instantiation.AbstractMockFactory - Creating mockk for UserRepositoryCached name=repoUser#251
20:47:08.322 [Test worker @coroutine#222] DEBUG io.mockk.impl.instantiation.AbstractMockFactory - Creating mockk for Producto name=child of repoProd#248#252
20:47:08.324 [Test worker @coroutine#222] DEBUG io.mockk.impl.instantiation.AbstractMockFactory - Creating mockk for Producto name=child of repoProd#248#253
20:47:08.851 [Test worker] DEBUG io.mockk.impl.instantiation.AbstractMockFactory - Creating mockk for MaquinaRepositoryCached name=repoM#254
20:47:08.851 [Test worker] DEBUG io.mockk.impl.instantiation.AbstractMockFactory - Creating mockk for PedidoRepositoryCached name=repoPedido#255
20:47:08.852 [Test worker] DEBUG io.mockk.impl.instantiation.AbstractMockFactory - Creating mockk for ProductoRepositoryCached name=repoProd#256
20:47:08.852 [Test worker] DEBUG io.mockk.impl.instantiation.AbstractMockFactory - Creating mockk for TareaRepositoryCached name=repoTarea#257
20:47:08.852 [Test worker] DEBUG io.mockk.impl.instantiation.AbstractMockFactory - Creating mockk for TurnoRepositoryCached name=repoTurno#258
20:47:08.852 [Test worker] DEBUG io.mockk.impl.instantiation.AbstractMockFactory - Creating mockk for UserRepositoryCached name=repoUser#259
20:47:08.856 [Test worker @coroutine#230] DEBUG io.mockk.impl.instantiation.AbstractMockFactory - Creating mockk for Tarea name=child of repoTarea#257#260
20:47:08.858 [Test worker @coroutine#230] DEBUG io.mockk.impl.instantiation.AbstractMockFactory - Creating mockk for Tarea name=child of repoTarea#257#261
20:47:08.861 [DefaultDispatcher-worker-1 @coroutine#235] DEBUG io.mockk.impl.recording.states.AnsweringState - Answering Tarea(id=63e69f3c3d878c607c736e56, uuid=93a98d69-0013-48a7-b34f-05b596ea83cc, raquetaId=93a98d69-0001-48a7-b34f-05b596ea83ba, precio=36.4, tipo=PERSONALIZACION, finalizada=true, pedidoId=93a98d69-0010-48a7-b34f-05b596ea8acc, productoAdquiridoId=93a98d69-0004-48a7-b34f-05b596ea83aa, peso=10, balance=2.0, rigidez=5, tensionHorizontal=null, cordajeHorizontalId=null, tensionVertical=null, cordajeVerticalId=null, dosNudos=null) on TareaRepositoryCached(repoTarea#257).findByUUID(93a98d69-0013-48a7-b34f-05b596ea83cc, continuation {})
20:47:08.861 [DefaultDispatcher-worker-1 @coroutine#235] DEBUG io.mockk.impl.recording.states.AnsweringState - Answering null on TareaRepositoryCached(repoTarea#257).setFinalizada(63e69f3c3d878c607c736e56, continuation {})
20:47:09.377 [Test worker] DEBUG io.mockk.impl.instantiation.AbstractMockFactory - Creating mockk for MaquinaRepositoryCached name=repoM#262
20:47:09.378 [Test worker] DEBUG io.mockk.impl.instantiation.AbstractMockFactory - Creating mockk for PedidoRepositoryCached name=repoPedido#263
20:47:09.378 [Test worker] DEBUG io.mockk.impl.instantiation.AbstractMockFactory - Creating mockk for ProductoRepositoryCached name=repoProd#264
20:47:09.378 [Test worker] DEBUG io.mockk.impl.instantiation.AbstractMockFactory - Creating mockk for TareaRepositoryCached name=repoTarea#265
20:47:09.378 [Test worker] DEBUG io.mockk.impl.instantiation.AbstractMockFactory - Creating mockk for TurnoRepositoryCached name=repoTurno#266
20:47:09.379 [Test worker] DEBUG io.mockk.impl.instantiation.AbstractMockFactory - Creating mockk for UserRepositoryCached name=repoUser#267
20:47:09.383 [Test worker @coroutine#238] DEBUG io.mockk.impl.instantiation.AbstractMockFactory - Creating mockk for Tarea name=child of repoTarea#265#268
20:47:09.384 [Test worker @coroutine#238] DEBUG io.mockk.impl.instantiation.AbstractMockFactory - Creating mockk for Tarea name=child of repoTarea#265#269
20:47:09.387 [DefaultDispatcher-worker-1 @coroutine#243] DEBUG io.mockk.impl.recording.states.AnsweringState - Answering Tarea(id=63e69f3d3d878c607c736e60, uuid=93a98d69-0013-48a7-b34f-05b596ea83cc, raquetaId=93a98d69-0001-48a7-b34f-05b596ea83ba, precio=36.4, tipo=PERSONALIZACION, finalizada=true, pedidoId=93a98d69-0010-48a7-b34f-05b596ea8acc, productoAdquiridoId=93a98d69-0004-48a7-b34f-05b596ea83aa, peso=10, balance=2.0, rigidez=5, tensionHorizontal=null, cordajeHorizontalId=null, tensionVertical=null, cordajeVerticalId=null, dosNudos=null) on TareaRepositoryCached(repoTarea#265).findByUUID(93a98d69-0013-48a7-b34f-05b596ea83cc, continuation {})
20:47:09.387 [DefaultDispatcher-worker-1 @coroutine#243] DEBUG io.mockk.impl.recording.states.AnsweringState - Answering Tarea(id=63e69f3d3d878c607c736e60, uuid=93a98d69-0013-48a7-b34f-05b596ea83cc, raquetaId=93a98d69-0001-48a7-b34f-05b596ea83ba, precio=36.4, tipo=PERSONALIZACION, finalizada=true, pedidoId=93a98d69-0010-48a7-b34f-05b596ea8acc, productoAdquiridoId=93a98d69-0004-48a7-b34f-05b596ea83aa, peso=10, balance=2.0, rigidez=5, tensionHorizontal=null, cordajeHorizontalId=null, tensionVertical=null, cordajeVerticalId=null, dosNudos=null) on TareaRepositoryCached(repoTarea#265).delete(63e69f3d3d878c607c736e60, continuation {})
20:47:09.387 [DefaultDispatcher-worker-1 @coroutine#243] DEBUG koin.repositories.producto.ProductoRepository - findByUUID(93a98d69-0001-48a7-b34f-05b596ea83ba)
20:47:09.388 [AsyncGetter-5-thread-1] DEBUG org.mongodb.driver.protocol.command - Sending command '{"find": "producto", "filter": {}, "batchSize": 64, "$db": "practica03mongoIvanLoli", "$clusterTime": {"clusterTime": {"$timestamp": {"t": 1676058423, "i": 5}}, "signature": {"hash": {"$binary": {"base64": "S3KO+APg4oYxmkxub/UwGrEvzlk=", "subType": "00"}}, "keyId": 7161871216054108163}}, "lsid": {"id": {"$binary": {"base64": "sH556KejSCSwUATTPzPu5w==", "subType": "04"}}}}' with request id 26 to database practica03mongoIvanLoli on connection [connectionId{localValue:7, serverValue:268592}] to server ac-o2suyf6-shard-00-02.7qtbnuz.mongodb.net:27017
20:47:09.458 [async-channel-group-0-handler-executor] DEBUG org.mongodb.driver.protocol.command - Execution of command with request id 26 completed successfully in 69.80 ms on connection [connectionId{localValue:7, serverValue:268592}] to server ac-o2suyf6-shard-00-02.7qtbnuz.mongodb.net:27017
20:47:09.459 [async-channel-group-0-handler-executor] DEBUG org.mongodb.driver.operation - Received batch of 4 documents with cursorId 0 from server ac-o2suyf6-shard-00-02.7qtbnuz.mongodb.net:27017
20:47:09.977 [Test worker] DEBUG io.mockk.impl.instantiation.AbstractMockFactory - Creating mockk for MaquinaRepositoryCached name=repoM#270
20:47:09.977 [Test worker] DEBUG io.mockk.impl.instantiation.AbstractMockFactory - Creating mockk for PedidoRepositoryCached name=repoPedido#271
20:47:09.977 [Test worker] DEBUG io.mockk.impl.instantiation.AbstractMockFactory - Creating mockk for ProductoRepositoryCached name=repoProd#272
20:47:09.977 [Test worker] DEBUG io.mockk.impl.instantiation.AbstractMockFactory - Creating mockk for TareaRepositoryCached name=repoTarea#273
20:47:09.977 [Test worker] DEBUG io.mockk.impl.instantiation.AbstractMockFactory - Creating mockk for TurnoRepositoryCached name=repoTurno#274
20:47:09.978 [Test worker] DEBUG io.mockk.impl.instantiation.AbstractMockFactory - Creating mockk for UserRepositoryCached name=repoUser#275
20:47:09.982 [Test worker @coroutine#246] DEBUG io.mockk.impl.instantiation.AbstractMockFactory - Creating mockk for Flow name=child of repoTarea#273#276
20:47:09.984 [DefaultDispatcher-worker-1 @coroutine#249] DEBUG io.mockk.impl.recording.states.AnsweringState - Answering kotlinx.coroutines.flow.FlowKt__BuildersKt$flowOf$$inlined$unsafeFlow$1@30009dc2 on TareaRepositoryCached(repoTarea#273).findAll(continuation {})
20:47:10.508 [Test worker] DEBUG io.mockk.impl.instantiation.AbstractMockFactory - Creating mockk for MaquinaRepositoryCached name=repoM#277
20:47:10.509 [Test worker] DEBUG io.mockk.impl.instantiation.AbstractMockFactory - Creating mockk for PedidoRepositoryCached name=repoPedido#278
20:47:10.511 [Test worker] DEBUG io.mockk.impl.instantiation.AbstractMockFactory - Creating mockk for ProductoRepositoryCached name=repoProd#279
20:47:10.511 [Test worker] DEBUG io.mockk.impl.instantiation.AbstractMockFactory - Creating mockk for TareaRepositoryCached name=repoTarea#280
20:47:10.511 [Test worker] DEBUG io.mockk.impl.instantiation.AbstractMockFactory - Creating mockk for TurnoRepositoryCached name=repoTurno#281
20:47:10.511 [Test worker] DEBUG io.mockk.impl.instantiation.AbstractMockFactory - Creating mockk for UserRepositoryCached name=repoUser#282
20:47:10.515 [Test worker @coroutine#252] DEBUG io.mockk.impl.instantiation.AbstractMockFactory - Creating mockk for Pedido name=child of repoPedido#278#283
20:47:10.517 [Test worker @coroutine#252] DEBUG io.mockk.impl.instantiation.AbstractMockFactory - Creating mockk for Pedido name=child of repoPedido#278#284
20:47:11.052 [Test worker] DEBUG io.mockk.impl.instantiation.AbstractMockFactory - Creating mockk for MaquinaRepositoryCached name=repoM#285
20:47:11.052 [Test worker] DEBUG io.mockk.impl.instantiation.AbstractMockFactory - Creating mockk for PedidoRepositoryCached name=repoPedido#286
20:47:11.053 [Test worker] DEBUG io.mockk.impl.instantiation.AbstractMockFactory - Creating mockk for ProductoRepositoryCached name=repoProd#287
20:47:11.053 [Test worker] DEBUG io.mockk.impl.instantiation.AbstractMockFactory - Creating mockk for TareaRepositoryCached name=repoTarea#288
20:47:11.053 [Test worker] DEBUG io.mockk.impl.instantiation.AbstractMockFactory - Creating mockk for TurnoRepositoryCached name=repoTurno#289
20:47:11.053 [Test worker] DEBUG io.mockk.impl.instantiation.AbstractMockFactory - Creating mockk for UserRepositoryCached name=repoUser#290
20:47:11.058 [Test worker @coroutine#260] DEBUG io.mockk.impl.instantiation.AbstractMockFactory - Creating mockk for Turno name=child of repoTurno#289#291
20:47:11.060 [Test worker @coroutine#260] DEBUG io.mockk.impl.instantiation.AbstractMockFactory - Creating mockk for Turno name=child of repoTurno#289#292
20:47:11.063 [DefaultDispatcher-worker-1 @coroutine#265] DEBUG io.mockk.impl.recording.states.AnsweringState - Answering Turno(id=63e69f3f3d878c607c736e80, uuid=93a98d69-0019-48a7-b34f-05b596ea8abc, workerId=93a98d69-0007-48a7-b34f-05b596ea839c, maquinaId=93a98d69-0008-48a7-b34f-05b596ea83bb, horaInicio=2002-10-14T10:09, horaFin=2002-10-14T16:49, numPedidosActivos=2, tarea1Id=93a98d69-0013-48a7-b34f-05b596ea83cc, tarea2Id=null, finalizado=false) on TurnoRepositoryCached(repoTurno#289).findByUUID(93a98d69-0019-48a7-b34f-05b596ea8abc, continuation {})
20:47:11.063 [DefaultDispatcher-worker-1 @coroutine#265] DEBUG io.mockk.impl.recording.states.AnsweringState - Answering null on TurnoRepositoryCached(repoTurno#289).setFinalizado(63e69f3f3d878c607c736e80, continuation {})
20:47:11.581 [Test worker] DEBUG io.mockk.impl.instantiation.AbstractMockFactory - Creating mockk for MaquinaRepositoryCached name=repoM#293
20:47:11.581 [Test worker] DEBUG io.mockk.impl.instantiation.AbstractMockFactory - Creating mockk for PedidoRepositoryCached name=repoPedido#294
20:47:11.582 [Test worker] DEBUG io.mockk.impl.instantiation.AbstractMockFactory - Creating mockk for ProductoRepositoryCached name=repoProd#295
20:47:11.582 [Test worker] DEBUG io.mockk.impl.instantiation.AbstractMockFactory - Creating mockk for TareaRepositoryCached name=repoTarea#296
20:47:11.582 [Test worker] DEBUG io.mockk.impl.instantiation.AbstractMockFactory - Creating mockk for TurnoRepositoryCached name=repoTurno#297
20:47:11.582 [Test worker] DEBUG io.mockk.impl.instantiation.AbstractMockFactory - Creating mockk for UserRepositoryCached name=repoUser#298
20:47:11.586 [Test worker @coroutine#268] DEBUG io.mockk.impl.instantiation.AbstractMockFactory - Creating mockk for Pedido name=child of repoPedido#294#299
20:47:12.108 [Test worker] DEBUG io.mockk.impl.instantiation.AbstractMockFactory - Creating mockk for MaquinaRepositoryCached name=repoM#300
20:47:12.108 [Test worker] DEBUG io.mockk.impl.instantiation.AbstractMockFactory - Creating mockk for PedidoRepositoryCached name=repoPedido#301
20:47:12.109 [Test worker] DEBUG io.mockk.impl.instantiation.AbstractMockFactory - Creating mockk for ProductoRepositoryCached name=repoProd#302
20:47:12.109 [Test worker] DEBUG io.mockk.impl.instantiation.AbstractMockFactory - Creating mockk for TareaRepositoryCached name=repoTarea#303
20:47:12.109 [Test worker] DEBUG io.mockk.impl.instantiation.AbstractMockFactory - Creating mockk for TurnoRepositoryCached name=repoTurno#304
20:47:12.109 [Test worker] DEBUG io.mockk.impl.instantiation.AbstractMockFactory - Creating mockk for UserRepositoryCached name=repoUser#305
20:47:12.114 [Test worker @coroutine#272] DEBUG io.mockk.impl.instantiation.AbstractMockFactory - Creating mockk for Tarea name=child of repoTarea#303#306
20:47:12.115 [Test worker @coroutine#272] DEBUG io.mockk.impl.instantiation.AbstractMockFactory - Creating mockk for Tarea name=child of repoTarea#303#307
20:47:12.636 [Test worker] DEBUG io.mockk.impl.instantiation.AbstractMockFactory - Creating mockk for MaquinaRepositoryCached name=repoM#308
20:47:12.636 [Test worker] DEBUG io.mockk.impl.instantiation.AbstractMockFactory - Creating mockk for PedidoRepositoryCached name=repoPedido#309
20:47:12.637 [Test worker] DEBUG io.mockk.impl.instantiation.AbstractMockFactory - Creating mockk for ProductoRepositoryCached name=repoProd#310
20:47:12.637 [Test worker] DEBUG io.mockk.impl.instantiation.AbstractMockFactory - Creating mockk for TareaRepositoryCached name=repoTarea#311
20:47:12.637 [Test worker] DEBUG io.mockk.impl.instantiation.AbstractMockFactory - Creating mockk for TurnoRepositoryCached name=repoTurno#312
20:47:12.637 [Test worker] DEBUG io.mockk.impl.instantiation.AbstractMockFactory - Creating mockk for UserRepositoryCached name=repoUser#313
20:47:12.643 [Test worker @coroutine#280] DEBUG io.mockk.impl.instantiation.AbstractMockFactory - Creating mockk for User name=child of repoUser#313#314
20:47:12.646 [DefaultDispatcher-worker-1 @coroutine#284] DEBUG io.mockk.impl.recording.states.AnsweringState - Answering User(id=63e69f403d878c607c736e98, uuid=93a98d69-0006-48a7-b34f-05b596ea839a, nombre=Maria, apellido=Martinez, telefono=632120281, email=email2@email.com, password=contra, perfil=CLIENT, activo=true) on UserRepositoryCached(repoUser#313).findById(1, continuation {})
20:47:13.158 [Test worker] DEBUG io.mockk.impl.instantiation.AbstractMockFactory - Creating mockk for MaquinaRepositoryCached name=repoM#315
20:47:13.158 [Test worker] DEBUG io.mockk.impl.instantiation.AbstractMockFactory - Creating mockk for PedidoRepositoryCached name=repoPedido#316
20:47:13.158 [Test worker] DEBUG io.mockk.impl.instantiation.AbstractMockFactory - Creating mockk for ProductoRepositoryCached name=repoProd#317
20:47:13.158 [Test worker] DEBUG io.mockk.impl.instantiation.AbstractMockFactory - Creating mockk for TareaRepositoryCached name=repoTarea#318
20:47:13.159 [Test worker] DEBUG io.mockk.impl.instantiation.AbstractMockFactory - Creating mockk for TurnoRepositoryCached name=repoTurno#319
20:47:13.159 [Test worker] DEBUG io.mockk.impl.instantiation.AbstractMockFactory - Creating mockk for UserRepositoryCached name=repoUser#320
20:47:13.164 [Test worker @coroutine#287] DEBUG io.mockk.impl.instantiation.AbstractMockFactory - Creating mockk for Producto name=child of repoProd#317#321
20:47:13.165 [Test worker @coroutine#287] DEBUG io.mockk.impl.instantiation.AbstractMockFactory - Creating mockk for Producto name=child of repoProd#317#322
20:47:13.680 [Test worker] DEBUG io.mockk.impl.instantiation.AbstractMockFactory - Creating mockk for MaquinaRepositoryCached name=repoM#323
20:47:13.681 [Test worker] DEBUG io.mockk.impl.instantiation.AbstractMockFactory - Creating mockk for PedidoRepositoryCached name=repoPedido#324
20:47:13.681 [Test worker] DEBUG io.mockk.impl.instantiation.AbstractMockFactory - Creating mockk for ProductoRepositoryCached name=repoProd#325
20:47:13.681 [Test worker] DEBUG io.mockk.impl.instantiation.AbstractMockFactory - Creating mockk for TareaRepositoryCached name=repoTarea#326
20:47:13.681 [Test worker] DEBUG io.mockk.impl.instantiation.AbstractMockFactory - Creating mockk for TurnoRepositoryCached name=repoTurno#327
20:47:13.682 [Test worker] DEBUG io.mockk.impl.instantiation.AbstractMockFactory - Creating mockk for UserRepositoryCached name=repoUser#328
20:47:13.686 [Test worker @coroutine#294] DEBUG io.mockk.impl.instantiation.AbstractMockFactory - Creating mockk for Flow name=child of repoM#323#329
20:47:13.690 [DefaultDispatcher-worker-1 @coroutine#297] DEBUG io.mockk.impl.recording.states.AnsweringState - Answering kotlinx.coroutines.flow.FlowKt__BuildersKt$flowOf$$inlined$unsafeFlow$2@25af35e7 on MaquinaRepositoryCached(repoM#323).findAll(continuation {})
20:47:14.196 [Test worker] DEBUG io.mockk.impl.instantiation.AbstractMockFactory - Creating mockk for MaquinaRepositoryCached name=repoM#330
20:47:14.196 [Test worker] DEBUG io.mockk.impl.instantiation.AbstractMockFactory - Creating mockk for PedidoRepositoryCached name=repoPedido#331
20:47:14.196 [Test worker] DEBUG io.mockk.impl.instantiation.AbstractMockFactory - Creating mockk for ProductoRepositoryCached name=repoProd#332
20:47:14.196 [Test worker] DEBUG io.mockk.impl.instantiation.AbstractMockFactory - Creating mockk for TareaRepositoryCached name=repoTarea#333
20:47:14.197 [Test worker] DEBUG io.mockk.impl.instantiation.AbstractMockFactory - Creating mockk for TurnoRepositoryCached name=repoTurno#334
20:47:14.197 [Test worker] DEBUG io.mockk.impl.instantiation.AbstractMockFactory - Creating mockk for UserRepositoryCached name=repoUser#335
20:47:14.203 [Test worker @coroutine#300] DEBUG io.mockk.impl.instantiation.AbstractMockFactory - Creating mockk for Turno name=child of repoTurno#334#336
20:47:14.207 [DefaultDispatcher-worker-1 @coroutine#303] DEBUG io.mockk.impl.recording.states.AnsweringState - Answering null on TurnoRepositoryCached(repoTurno#334).findByUUID(21f66e2e-048c-4e03-bc7d-4cc354e9e94c, continuation {})
20:47:14.732 [Test worker] DEBUG io.mockk.impl.instantiation.AbstractMockFactory - Creating mockk for MaquinaRepositoryCached name=repoM#337
20:47:14.732 [Test worker] DEBUG io.mockk.impl.instantiation.AbstractMockFactory - Creating mockk for PedidoRepositoryCached name=repoPedido#338
20:47:14.732 [Test worker] DEBUG io.mockk.impl.instantiation.AbstractMockFactory - Creating mockk for ProductoRepositoryCached name=repoProd#339
20:47:14.732 [Test worker] DEBUG io.mockk.impl.instantiation.AbstractMockFactory - Creating mockk for TareaRepositoryCached name=repoTarea#340
20:47:14.733 [Test worker] DEBUG io.mockk.impl.instantiation.AbstractMockFactory - Creating mockk for TurnoRepositoryCached name=repoTurno#341
20:47:14.733 [Test worker] DEBUG io.mockk.impl.instantiation.AbstractMockFactory - Creating mockk for UserRepositoryCached name=repoUser#342
20:47:14.737 [Test worker @coroutine#306] DEBUG io.mockk.impl.instantiation.AbstractMockFactory - Creating mockk for Pedido name=child of repoPedido#338#343
20:47:15.254 [Test worker] DEBUG io.mockk.impl.instantiation.AbstractMockFactory - Creating mockk for MaquinaRepositoryCached name=repoM#344
20:47:15.255 [Test worker] DEBUG io.mockk.impl.instantiation.AbstractMockFactory - Creating mockk for PedidoRepositoryCached name=repoPedido#345
20:47:15.255 [Test worker] DEBUG io.mockk.impl.instantiation.AbstractMockFactory - Creating mockk for ProductoRepositoryCached name=repoProd#346
20:47:15.255 [Test worker] DEBUG io.mockk.impl.instantiation.AbstractMockFactory - Creating mockk for TareaRepositoryCached name=repoTarea#347
20:47:15.255 [Test worker] DEBUG io.mockk.impl.instantiation.AbstractMockFactory - Creating mockk for TurnoRepositoryCached name=repoTurno#348
20:47:15.255 [Test worker] DEBUG io.mockk.impl.instantiation.AbstractMockFactory - Creating mockk for UserRepositoryCached name=repoUser#349
20:47:15.259 [Test worker @coroutine#310] DEBUG io.mockk.impl.instantiation.AbstractMockFactory - Creating mockk for Maquina name=child of repoM#344#350
20:47:15.261 [Test worker @coroutine#310] DEBUG io.mockk.impl.instantiation.AbstractMockFactory - Creating mockk for Maquina name=child of repoM#344#351
20:47:15.263 [DefaultDispatcher-worker-1 @coroutine#315] DEBUG io.mockk.impl.recording.states.AnsweringState - Answering Maquina(id=63e69f433d878c607c736ecf, uuid=93a98d69-0008-48a7-b34f-05b596ea83bb, modelo=RTX-3080TI, marca=Nvidia, fechaAdquisicion=2022-11-10, numeroSerie=123456789X, tipo=PERSONALIZADORA, activa=true, isManual=null, maxTension=null, minTension=null, measuresManeuverability=true, measuresRigidity=false, measuresBalance=true) on MaquinaRepositoryCached(repoM#344).findByUUID(93a98d69-0008-48a7-b34f-05b596ea83bb, continuation {})
20:47:15.263 [DefaultDispatcher-worker-1 @coroutine#315] DEBUG io.mockk.impl.recording.states.AnsweringState - Answering null on MaquinaRepositoryCached(repoM#344).delete(63e69f433d878c607c736ecf, continuation {})
20:47:15.629 [cluster-rtt-ClusterId{value='63e69f2e3d878c607c736d73', description='null'}-ac-o2suyf6-shard-00-01.7qtbnuz.mongodb.net:27017] DEBUG org.mongodb.driver.protocol.command - Sending command '{"hello": 1, "$db": "admin", "$clusterTime": {"clusterTime": {"$timestamp": {"t": 1676058425, "i": 5}}, "signature": {"hash": {"$binary": {"base64": "Uf2p2xbn0rUIklDueYujY6NYFLw=", "subType": "00"}}, "keyId": 7161871216054108163}}}' with request id 28 to database admin on connection [connectionId{localValue:6, serverValue:264658}] to server ac-o2suyf6-shard-00-01.7qtbnuz.mongodb.net:27017
20:47:15.629 [cluster-rtt-ClusterId{value='63e69f2e3d878c607c736d73', description='null'}-ac-o2suyf6-shard-00-02.7qtbnuz.mongodb.net:27017] DEBUG org.mongodb.driver.protocol.command - Sending command '{"hello": 1, "$db": "admin", "$clusterTime": {"clusterTime": {"$timestamp": {"t": 1676058425, "i": 5}}, "signature": {"hash": {"$binary": {"base64": "Uf2p2xbn0rUIklDueYujY6NYFLw=", "subType": "00"}}, "keyId": 7161871216054108163}}}' with request id 29 to database admin on connection [connectionId{localValue:4, serverValue:268608}] to server ac-o2suyf6-shard-00-02.7qtbnuz.mongodb.net:27017
20:47:15.629 [cluster-rtt-ClusterId{value='63e69f2e3d878c607c736d73', description='null'}-ac-o2suyf6-shard-00-00.7qtbnuz.mongodb.net:27017] DEBUG org.mongodb.driver.protocol.command - Sending command '{"hello": 1, "$db": "admin", "$clusterTime": {"clusterTime": {"$timestamp": {"t": 1676058425, "i": 5}}, "signature": {"hash": {"$binary": {"base64": "Uf2p2xbn0rUIklDueYujY6NYFLw=", "subType": "00"}}, "keyId": 7161871216054108163}}}' with request id 27 to database admin on connection [connectionId{localValue:1, serverValue:269192}] to server ac-o2suyf6-shard-00-00.7qtbnuz.mongodb.net:27017
20:47:15.651 [cluster-ClusterId{value='63e69f2e3d878c607c736d73', description='null'}-ac-o2suyf6-shard-00-02.7qtbnuz.mongodb.net:27017] DEBUG org.mongodb.driver.cluster - Updating cluster description to  {type=REPLICA_SET, servers=[{address=ac-o2suyf6-shard-00-00.7qtbnuz.mongodb.net:27017, type=REPLICA_SET_SECONDARY, TagSet{[Tag{name='nodeType', value='ELECTABLE'}, Tag{name='provider', value='AWS'}, Tag{name='region', value='EU_WEST_3'}, Tag{name='workloadType', value='OPERATIONAL'}]}, roundTripTime=268.4 ms, state=CONNECTED}, {address=ac-o2suyf6-shard-00-02.7qtbnuz.mongodb.net:27017, type=REPLICA_SET_PRIMARY, TagSet{[Tag{name='nodeType', value='ELECTABLE'}, Tag{name='provider', value='AWS'}, Tag{name='region', value='EU_WEST_3'}, Tag{name='workloadType', value='OPERATIONAL'}]}, roundTripTime=268.5 ms, state=CONNECTED}, {address=ac-o2suyf6-shard-00-01.7qtbnuz.mongodb.net:27017, type=REPLICA_SET_SECONDARY, TagSet{[Tag{name='nodeType', value='ELECTABLE'}, Tag{name='provider', value='AWS'}, Tag{name='region', value='EU_WEST_3'}, Tag{name='workloadType', value='OPERATIONAL'}]}, roundTripTime=269.0 ms, state=CONNECTED}]
20:47:15.651 [cluster-ClusterId{value='63e69f2e3d878c607c736d73', description='null'}-ac-o2suyf6-shard-00-02.7qtbnuz.mongodb.net:27017] DEBUG org.mongodb.driver.cluster - Checking status of ac-o2suyf6-shard-00-02.7qtbnuz.mongodb.net:27017
20:47:15.652 [cluster-ClusterId{value='63e69f2e3d878c607c736d73', description='null'}-ac-o2suyf6-shard-00-00.7qtbnuz.mongodb.net:27017] DEBUG org.mongodb.driver.cluster - Updating cluster description to  {type=REPLICA_SET, servers=[{address=ac-o2suyf6-shard-00-00.7qtbnuz.mongodb.net:27017, type=REPLICA_SET_SECONDARY, TagSet{[Tag{name='nodeType', value='ELECTABLE'}, Tag{name='provider', value='AWS'}, Tag{name='region', value='EU_WEST_3'}, Tag{name='workloadType', value='OPERATIONAL'}]}, roundTripTime=268.4 ms, state=CONNECTED}, {address=ac-o2suyf6-shard-00-02.7qtbnuz.mongodb.net:27017, type=REPLICA_SET_PRIMARY, TagSet{[Tag{name='nodeType', value='ELECTABLE'}, Tag{name='provider', value='AWS'}, Tag{name='region', value='EU_WEST_3'}, Tag{name='workloadType', value='OPERATIONAL'}]}, roundTripTime=268.5 ms, state=CONNECTED}, {address=ac-o2suyf6-shard-00-01.7qtbnuz.mongodb.net:27017, type=REPLICA_SET_SECONDARY, TagSet{[Tag{name='nodeType', value='ELECTABLE'}, Tag{name='provider', value='AWS'}, Tag{name='region', value='EU_WEST_3'}, Tag{name='workloadType', value='OPERATIONAL'}]}, roundTripTime=269.0 ms, state=CONNECTED}]
20:47:15.652 [cluster-ClusterId{value='63e69f2e3d878c607c736d73', description='null'}-ac-o2suyf6-shard-00-00.7qtbnuz.mongodb.net:27017] DEBUG org.mongodb.driver.cluster - Checking status of ac-o2suyf6-shard-00-00.7qtbnuz.mongodb.net:27017
20:47:15.652 [cluster-ClusterId{value='63e69f2e3d878c607c736d73', description='null'}-ac-o2suyf6-shard-00-01.7qtbnuz.mongodb.net:27017] DEBUG org.mongodb.driver.cluster - Updating cluster description to  {type=REPLICA_SET, servers=[{address=ac-o2suyf6-shard-00-00.7qtbnuz.mongodb.net:27017, type=REPLICA_SET_SECONDARY, TagSet{[Tag{name='nodeType', value='ELECTABLE'}, Tag{name='provider', value='AWS'}, Tag{name='region', value='EU_WEST_3'}, Tag{name='workloadType', value='OPERATIONAL'}]}, roundTripTime=268.4 ms, state=CONNECTED}, {address=ac-o2suyf6-shard-00-02.7qtbnuz.mongodb.net:27017, type=REPLICA_SET_PRIMARY, TagSet{[Tag{name='nodeType', value='ELECTABLE'}, Tag{name='provider', value='AWS'}, Tag{name='region', value='EU_WEST_3'}, Tag{name='workloadType', value='OPERATIONAL'}]}, roundTripTime=268.5 ms, state=CONNECTED}, {address=ac-o2suyf6-shard-00-01.7qtbnuz.mongodb.net:27017, type=REPLICA_SET_SECONDARY, TagSet{[Tag{name='nodeType', value='ELECTABLE'}, Tag{name='provider', value='AWS'}, Tag{name='region', value='EU_WEST_3'}, Tag{name='workloadType', value='OPERATIONAL'}]}, roundTripTime=269.0 ms, state=CONNECTED}]
20:47:15.652 [cluster-ClusterId{value='63e69f2e3d878c607c736d73', description='null'}-ac-o2suyf6-shard-00-01.7qtbnuz.mongodb.net:27017] DEBUG org.mongodb.driver.cluster - Checking status of ac-o2suyf6-shard-00-01.7qtbnuz.mongodb.net:27017
20:47:15.685 [cluster-rtt-ClusterId{value='63e69f2e3d878c607c736d73', description='null'}-ac-o2suyf6-shard-00-01.7qtbnuz.mongodb.net:27017] DEBUG org.mongodb.driver.protocol.command - Execution of command with request id 28 completed successfully in 56.16 ms on connection [connectionId{localValue:6, serverValue:264658}] to server ac-o2suyf6-shard-00-01.7qtbnuz.mongodb.net:27017
20:47:15.685 [cluster-rtt-ClusterId{value='63e69f2e3d878c607c736d73', description='null'}-ac-o2suyf6-shard-00-02.7qtbnuz.mongodb.net:27017] DEBUG org.mongodb.driver.protocol.command - Execution of command with request id 29 completed successfully in 56.16 ms on connection [connectionId{localValue:4, serverValue:268608}] to server ac-o2suyf6-shard-00-02.7qtbnuz.mongodb.net:27017
20:47:15.685 [cluster-rtt-ClusterId{value='63e69f2e3d878c607c736d73', description='null'}-ac-o2suyf6-shard-00-00.7qtbnuz.mongodb.net:27017] DEBUG org.mongodb.driver.protocol.command - Execution of command with request id 27 completed successfully in 56.18 ms on connection [connectionId{localValue:1, serverValue:269192}] to server ac-o2suyf6-shard-00-00.7qtbnuz.mongodb.net:27017
20:47:15.785 [Test worker] DEBUG io.mockk.impl.instantiation.AbstractMockFactory - Creating mockk for MaquinaRepositoryCached name=repoM#352
20:47:15.785 [Test worker] DEBUG io.mockk.impl.instantiation.AbstractMockFactory - Creating mockk for PedidoRepositoryCached name=repoPedido#353
20:47:15.785 [Test worker] DEBUG io.mockk.impl.instantiation.AbstractMockFactory - Creating mockk for ProductoRepositoryCached name=repoProd#354
20:47:15.785 [Test worker] DEBUG io.mockk.impl.instantiation.AbstractMockFactory - Creating mockk for TareaRepositoryCached name=repoTarea#355
20:47:15.785 [Test worker] DEBUG io.mockk.impl.instantiation.AbstractMockFactory - Creating mockk for TurnoRepositoryCached name=repoTurno#356
20:47:15.786 [Test worker] DEBUG io.mockk.impl.instantiation.AbstractMockFactory - Creating mockk for UserRepositoryCached name=repoUser#357
20:47:15.790 [Test worker @coroutine#318] DEBUG io.mockk.impl.instantiation.AbstractMockFactory - Creating mockk for User name=child of repoUser#357#358
20:47:15.792 [DefaultDispatcher-worker-1 @coroutine#321] DEBUG io.mockk.impl.recording.states.AnsweringState - Answering User(id=63e69f433d878c607c736ed4, uuid=93a98d69-0006-48a7-b34f-05b596ea839a, nombre=Maria, apellido=Martinez, telefono=632120281, email=email2@email.com, password=contra, perfil=CLIENT, activo=true) on UserRepositoryCached(repoUser#357).findByUUID(93a98d69-0006-48a7-b34f-05b596ea839a, continuation {})
20:47:16.317 [Test worker] DEBUG io.mockk.impl.instantiation.AbstractMockFactory - Creating mockk for MaquinaRepositoryCached name=repoM#359
20:47:16.317 [Test worker] DEBUG io.mockk.impl.instantiation.AbstractMockFactory - Creating mockk for PedidoRepositoryCached name=repoPedido#360
20:47:16.317 [Test worker] DEBUG io.mockk.impl.instantiation.AbstractMockFactory - Creating mockk for ProductoRepositoryCached name=repoProd#361
20:47:16.318 [Test worker] DEBUG io.mockk.impl.instantiation.AbstractMockFactory - Creating mockk for TareaRepositoryCached name=repoTarea#362
20:47:16.318 [Test worker] DEBUG io.mockk.impl.instantiation.AbstractMockFactory - Creating mockk for TurnoRepositoryCached name=repoTurno#363
20:47:16.318 [Test worker] DEBUG io.mockk.impl.instantiation.AbstractMockFactory - Creating mockk for UserRepositoryCached name=repoUser#364
20:47:16.321 [Test worker @coroutine#324] DEBUG io.mockk.impl.instantiation.AbstractMockFactory - Creating mockk for Maquina name=child of repoM#359#365
20:47:16.837 [Test worker] DEBUG io.mockk.impl.instantiation.AbstractMockFactory - Creating mockk for MaquinaRepositoryCached name=repoM#366
20:47:16.838 [Test worker] DEBUG io.mockk.impl.instantiation.AbstractMockFactory - Creating mockk for PedidoRepositoryCached name=repoPedido#367
20:47:16.838 [Test worker] DEBUG io.mockk.impl.instantiation.AbstractMockFactory - Creating mockk for ProductoRepositoryCached name=repoProd#368
20:47:16.838 [Test worker] DEBUG io.mockk.impl.instantiation.AbstractMockFactory - Creating mockk for TareaRepositoryCached name=repoTarea#369
20:47:16.838 [Test worker] DEBUG io.mockk.impl.instantiation.AbstractMockFactory - Creating mockk for TurnoRepositoryCached name=repoTurno#370
20:47:16.838 [Test worker] DEBUG io.mockk.impl.instantiation.AbstractMockFactory - Creating mockk for UserRepositoryCached name=repoUser#371
20:47:16.843 [Test worker @coroutine#328] DEBUG io.mockk.impl.instantiation.AbstractMockFactory - Creating mockk for Producto name=child of repoProd#368#372
20:47:17.363 [Test worker] DEBUG io.mockk.impl.instantiation.AbstractMockFactory - Creating mockk for MaquinaRepositoryCached name=repoM#373
20:47:17.364 [Test worker] DEBUG io.mockk.impl.instantiation.AbstractMockFactory - Creating mockk for PedidoRepositoryCached name=repoPedido#374
20:47:17.364 [Test worker] DEBUG io.mockk.impl.instantiation.AbstractMockFactory - Creating mockk for ProductoRepositoryCached name=repoProd#375
20:47:17.364 [Test worker] DEBUG io.mockk.impl.instantiation.AbstractMockFactory - Creating mockk for TareaRepositoryCached name=repoTarea#376
20:47:17.364 [Test worker] DEBUG io.mockk.impl.instantiation.AbstractMockFactory - Creating mockk for TurnoRepositoryCached name=repoTurno#377
20:47:17.364 [Test worker] DEBUG io.mockk.impl.instantiation.AbstractMockFactory - Creating mockk for UserRepositoryCached name=repoUser#378
20:47:17.369 [Test worker @coroutine#332] DEBUG io.mockk.impl.instantiation.AbstractMockFactory - Creating mockk for Turno name=child of repoTurno#377#379
20:47:17.370 [DefaultDispatcher-worker-1 @coroutine#335] DEBUG io.mockk.impl.recording.states.AnsweringState - Answering Turno(id=63e69f453d878c607c736ef8, uuid=93a98d69-0019-48a7-b34f-05b596ea8abc, workerId=93a98d69-0007-48a7-b34f-05b596ea839c, maquinaId=93a98d69-0008-48a7-b34f-05b596ea83bb, horaInicio=2002-10-14T10:09, horaFin=2002-10-14T16:49, numPedidosActivos=2, tarea1Id=93a98d69-0013-48a7-b34f-05b596ea83cc, tarea2Id=null, finalizado=false) on TurnoRepositoryCached(repoTurno#377).findByUUID(93a98d69-0019-48a7-b34f-05b596ea8abc, continuation {})
20:47:17.370 [DefaultDispatcher-worker-1 @coroutine#335] DEBUG koin.repositories.user.UserRepository - findByUUID(93a98d69-0007-48a7-b34f-05b596ea839c)
20:47:17.372 [AsyncGetter-5-thread-1] DEBUG org.mongodb.driver.protocol.command - Sending command '{"find": "user", "filter": {}, "batchSize": 64, "$db": "practica03mongoIvanLoli", "$clusterTime": {"clusterTime": {"$timestamp": {"t": 1676058432, "i": 2}}, "signature": {"hash": {"$binary": {"base64": "T4/et6IWwn8GO/Z41CMynCqTNx4=", "subType": "00"}}, "keyId": 7161871216054108163}}, "lsid": {"id": {"$binary": {"base64": "sH556KejSCSwUATTPzPu5w==", "subType": "04"}}}}' with request id 30 to database practica03mongoIvanLoli on connection [connectionId{localValue:7, serverValue:268592}] to server ac-o2suyf6-shard-00-02.7qtbnuz.mongodb.net:27017
20:47:17.436 [async-channel-group-0-handler-executor] DEBUG org.mongodb.driver.protocol.command - Execution of command with request id 30 completed successfully in 63.86 ms on connection [connectionId{localValue:7, serverValue:268592}] to server ac-o2suyf6-shard-00-02.7qtbnuz.mongodb.net:27017
20:47:17.437 [async-channel-group-0-handler-executor] DEBUG org.mongodb.driver.operation - Received batch of 4 documents with cursorId 0 from server ac-o2suyf6-shard-00-02.7qtbnuz.mongodb.net:27017
20:47:17.437 [DefaultDispatcher-worker-1 @coroutine#335] DEBUG koin.repositories.maquina.MaquinaRepository - findByUUID(93a98d69-0008-48a7-b34f-05b596ea83bb)
20:47:17.439 [AsyncGetter-5-thread-1] DEBUG org.mongodb.driver.protocol.command - Sending command '{"find": "maquina", "filter": {}, "batchSize": 64, "$db": "practica03mongoIvanLoli", "$clusterTime": {"clusterTime": {"$timestamp": {"t": 1676058433, "i": 5}}, "signature": {"hash": {"$binary": {"base64": "kfs4Zoo4/yOd1jT4VFqgstxcLrA=", "subType": "00"}}, "keyId": 7161871216054108163}}, "lsid": {"id": {"$binary": {"base64": "sH556KejSCSwUATTPzPu5w==", "subType": "04"}}}}' with request id 31 to database practica03mongoIvanLoli on connection [connectionId{localValue:7, serverValue:268592}] to server ac-o2suyf6-shard-00-02.7qtbnuz.mongodb.net:27017
20:47:17.479 [async-channel-group-0-handler-executor] DEBUG org.mongodb.driver.protocol.command - Execution of command with request id 31 completed successfully in 40.27 ms on connection [connectionId{localValue:7, serverValue:268592}] to server ac-o2suyf6-shard-00-02.7qtbnuz.mongodb.net:27017
20:47:17.479 [async-channel-group-0-handler-executor] DEBUG org.mongodb.driver.operation - Received batch of 2 documents with cursorId 0 from server ac-o2suyf6-shard-00-02.7qtbnuz.mongodb.net:27017
20:47:17.480 [DefaultDispatcher-worker-1 @coroutine#335] DEBUG koin.repositories.tarea.TareaRepository - findByUUID(93a98d69-0013-48a7-b34f-05b596ea83cc)
20:47:17.481 [AsyncGetter-5-thread-1] DEBUG org.mongodb.driver.protocol.command - Sending command '{"find": "tarea", "filter": {}, "batchSize": 64, "$db": "practica03mongoIvanLoli", "$clusterTime": {"clusterTime": {"$timestamp": {"t": 1676058433, "i": 5}}, "signature": {"hash": {"$binary": {"base64": "kfs4Zoo4/yOd1jT4VFqgstxcLrA=", "subType": "00"}}, "keyId": 7161871216054108163}}, "lsid": {"id": {"$binary": {"base64": "sH556KejSCSwUATTPzPu5w==", "subType": "04"}}}}' with request id 32 to database practica03mongoIvanLoli on connection [connectionId{localValue:7, serverValue:268592}] to server ac-o2suyf6-shard-00-02.7qtbnuz.mongodb.net:27017
20:47:17.522 [async-channel-group-0-handler-executor] DEBUG org.mongodb.driver.protocol.command - Execution of command with request id 32 completed successfully in 40.86 ms on connection [connectionId{localValue:7, serverValue:268592}] to server ac-o2suyf6-shard-00-02.7qtbnuz.mongodb.net:27017
20:47:17.523 [async-channel-group-0-handler-executor] DEBUG org.mongodb.driver.operation - Received batch of 6 documents with cursorId 0 from server ac-o2suyf6-shard-00-02.7qtbnuz.mongodb.net:27017
20:47:18.045 [Test worker] DEBUG io.mockk.impl.instantiation.AbstractMockFactory - Creating mockk for MaquinaRepositoryCached name=repoM#380
20:47:18.046 [Test worker] DEBUG io.mockk.impl.instantiation.AbstractMockFactory - Creating mockk for PedidoRepositoryCached name=repoPedido#381
20:47:18.046 [Test worker] DEBUG io.mockk.impl.instantiation.AbstractMockFactory - Creating mockk for ProductoRepositoryCached name=repoProd#382
20:47:18.046 [Test worker] DEBUG io.mockk.impl.instantiation.AbstractMockFactory - Creating mockk for TareaRepositoryCached name=repoTarea#383
20:47:18.046 [Test worker] DEBUG io.mockk.impl.instantiation.AbstractMockFactory - Creating mockk for TurnoRepositoryCached name=repoTurno#384
20:47:18.046 [Test worker] DEBUG io.mockk.impl.instantiation.AbstractMockFactory - Creating mockk for UserRepositoryCached name=repoUser#385
20:47:18.051 [Test worker @coroutine#338] DEBUG io.mockk.impl.instantiation.AbstractMockFactory - Creating mockk for Flow name=child of repoTurno#384#386
20:47:18.053 [DefaultDispatcher-worker-1 @coroutine#341] DEBUG io.mockk.impl.recording.states.AnsweringState - Answering kotlinx.coroutines.flow.FlowKt__BuildersKt$flowOf$$inlined$unsafeFlow$2@650c8f4 on TurnoRepositoryCached(repoTurno#384).findAll(continuation {})
20:47:18.054 [DefaultDispatcher-worker-1 @coroutine#341] DEBUG koin.repositories.user.UserRepository - findByUUID(93a98d69-0007-48a7-b34f-05b596ea839c)
20:47:18.055 [AsyncGetter-5-thread-1] DEBUG org.mongodb.driver.protocol.command - Sending command '{"find": "user", "filter": {}, "batchSize": 64, "$db": "practica03mongoIvanLoli", "$clusterTime": {"clusterTime": {"$timestamp": {"t": 1676058433, "i": 5}}, "signature": {"hash": {"$binary": {"base64": "kfs4Zoo4/yOd1jT4VFqgstxcLrA=", "subType": "00"}}, "keyId": 7161871216054108163}}, "lsid": {"id": {"$binary": {"base64": "sH556KejSCSwUATTPzPu5w==", "subType": "04"}}}}' with request id 33 to database practica03mongoIvanLoli on connection [connectionId{localValue:7, serverValue:268592}] to server ac-o2suyf6-shard-00-02.7qtbnuz.mongodb.net:27017
20:47:18.103 [async-channel-group-0-handler-executor] DEBUG org.mongodb.driver.protocol.command - Execution of command with request id 33 completed successfully in 48.81 ms on connection [connectionId{localValue:7, serverValue:268592}] to server ac-o2suyf6-shard-00-02.7qtbnuz.mongodb.net:27017
20:47:18.104 [async-channel-group-0-handler-executor] DEBUG org.mongodb.driver.operation - Received batch of 4 documents with cursorId 0 from server ac-o2suyf6-shard-00-02.7qtbnuz.mongodb.net:27017
20:47:18.105 [DefaultDispatcher-worker-1 @coroutine#341] DEBUG koin.repositories.maquina.MaquinaRepository - findByUUID(93a98d69-0008-48a7-b34f-05b596ea83bb)
20:47:18.106 [AsyncGetter-5-thread-1] DEBUG org.mongodb.driver.protocol.command - Sending command '{"find": "maquina", "filter": {}, "batchSize": 64, "$db": "practica03mongoIvanLoli", "$clusterTime": {"clusterTime": {"$timestamp": {"t": 1676058434, "i": 4}}, "signature": {"hash": {"$binary": {"base64": "hn29t0I13IUIpfQgC1gVWdJvo2w=", "subType": "00"}}, "keyId": 7161871216054108163}}, "lsid": {"id": {"$binary": {"base64": "sH556KejSCSwUATTPzPu5w==", "subType": "04"}}}}' with request id 34 to database practica03mongoIvanLoli on connection [connectionId{localValue:7, serverValue:268592}] to server ac-o2suyf6-shard-00-02.7qtbnuz.mongodb.net:27017
20:47:18.145 [async-channel-group-0-handler-executor] DEBUG org.mongodb.driver.protocol.command - Execution of command with request id 34 completed successfully in 39.43 ms on connection [connectionId{localValue:7, serverValue:268592}] to server ac-o2suyf6-shard-00-02.7qtbnuz.mongodb.net:27017
20:47:18.146 [async-channel-group-0-handler-executor] DEBUG org.mongodb.driver.operation - Received batch of 2 documents with cursorId 0 from server ac-o2suyf6-shard-00-02.7qtbnuz.mongodb.net:27017
20:47:18.147 [DefaultDispatcher-worker-1 @coroutine#341] DEBUG koin.repositories.tarea.TareaRepository - findByUUID(93a98d69-0013-48a7-b34f-05b596ea83cc)
20:47:18.148 [AsyncGetter-5-thread-1] DEBUG org.mongodb.driver.protocol.command - Sending command '{"find": "tarea", "filter": {}, "batchSize": 64, "$db": "practica03mongoIvanLoli", "$clusterTime": {"clusterTime": {"$timestamp": {"t": 1676058434, "i": 4}}, "signature": {"hash": {"$binary": {"base64": "hn29t0I13IUIpfQgC1gVWdJvo2w=", "subType": "00"}}, "keyId": 7161871216054108163}}, "lsid": {"id": {"$binary": {"base64": "sH556KejSCSwUATTPzPu5w==", "subType": "04"}}}}' with request id 35 to database practica03mongoIvanLoli on connection [connectionId{localValue:7, serverValue:268592}] to server ac-o2suyf6-shard-00-02.7qtbnuz.mongodb.net:27017
20:47:18.188 [async-channel-group-0-handler-executor] DEBUG org.mongodb.driver.protocol.command - Execution of command with request id 35 completed successfully in 40.17 ms on connection [connectionId{localValue:7, serverValue:268592}] to server ac-o2suyf6-shard-00-02.7qtbnuz.mongodb.net:27017
20:47:18.189 [async-channel-group-0-handler-executor] DEBUG org.mongodb.driver.operation - Received batch of 6 documents with cursorId 0 from server ac-o2suyf6-shard-00-02.7qtbnuz.mongodb.net:27017
20:47:18.703 [Test worker] DEBUG io.mockk.impl.instantiation.AbstractMockFactory - Creating mockk for MaquinaRepositoryCached name=repoM#387
20:47:18.703 [Test worker] DEBUG io.mockk.impl.instantiation.AbstractMockFactory - Creating mockk for PedidoRepositoryCached name=repoPedido#388
20:47:18.703 [Test worker] DEBUG io.mockk.impl.instantiation.AbstractMockFactory - Creating mockk for ProductoRepositoryCached name=repoProd#389
20:47:18.703 [Test worker] DEBUG io.mockk.impl.instantiation.AbstractMockFactory - Creating mockk for TareaRepositoryCached name=repoTarea#390
20:47:18.703 [Test worker] DEBUG io.mockk.impl.instantiation.AbstractMockFactory - Creating mockk for TurnoRepositoryCached name=repoTurno#391
20:47:18.704 [Test worker] DEBUG io.mockk.impl.instantiation.AbstractMockFactory - Creating mockk for UserRepositoryCached name=repoUser#392
20:47:18.708 [Test worker @coroutine#344] DEBUG io.mockk.impl.instantiation.AbstractMockFactory - Creating mockk for User name=child of repoUser#392#393
20:47:18.709 [Test worker @coroutine#344] DEBUG io.mockk.impl.instantiation.AbstractMockFactory - Creating mockk for User name=child of repoUser#392#394
20:47:19.231 [Test worker] DEBUG io.mockk.impl.instantiation.AbstractMockFactory - Creating mockk for MaquinaRepositoryCached name=repoM#395
20:47:19.231 [Test worker] DEBUG io.mockk.impl.instantiation.AbstractMockFactory - Creating mockk for PedidoRepositoryCached name=repoPedido#396
20:47:19.231 [Test worker] DEBUG io.mockk.impl.instantiation.AbstractMockFactory - Creating mockk for ProductoRepositoryCached name=repoProd#397
20:47:19.231 [Test worker] DEBUG io.mockk.impl.instantiation.AbstractMockFactory - Creating mockk for TareaRepositoryCached name=repoTarea#398
20:47:19.231 [Test worker] DEBUG io.mockk.impl.instantiation.AbstractMockFactory - Creating mockk for TurnoRepositoryCached name=repoTurno#399
20:47:19.232 [Test worker] DEBUG io.mockk.impl.instantiation.AbstractMockFactory - Creating mockk for UserRepositoryCached name=repoUser#400
20:47:19.237 [Test worker @coroutine#352] DEBUG io.mockk.impl.instantiation.AbstractMockFactory - Creating mockk for User name=child of repoUser#400#401
20:47:19.239 [Test worker @coroutine#352] DEBUG io.mockk.impl.instantiation.AbstractMockFactory - Creating mockk for User name=child of repoUser#400#402
20:47:19.756 [Test worker] DEBUG io.mockk.impl.instantiation.AbstractMockFactory - Creating mockk for MaquinaRepositoryCached name=repoM#403
20:47:19.757 [Test worker] DEBUG io.mockk.impl.instantiation.AbstractMockFactory - Creating mockk for PedidoRepositoryCached name=repoPedido#404
20:47:19.757 [Test worker] DEBUG io.mockk.impl.instantiation.AbstractMockFactory - Creating mockk for ProductoRepositoryCached name=repoProd#405
20:47:19.757 [Test worker] DEBUG io.mockk.impl.instantiation.AbstractMockFactory - Creating mockk for TareaRepositoryCached name=repoTarea#406
20:47:19.757 [Test worker] DEBUG io.mockk.impl.instantiation.AbstractMockFactory - Creating mockk for TurnoRepositoryCached name=repoTurno#407
20:47:19.757 [Test worker] DEBUG io.mockk.impl.instantiation.AbstractMockFactory - Creating mockk for UserRepositoryCached name=repoUser#408
20:47:19.762 [Test worker @coroutine#360] DEBUG io.mockk.impl.instantiation.AbstractMockFactory - Creating mockk for Pedido name=child of repoPedido#404#409
20:47:19.764 [Test worker @coroutine#360] DEBUG io.mockk.impl.instantiation.AbstractMockFactory - Creating mockk for Flow name=child of repoTarea#406#410
20:47:19.766 [Test worker @coroutine#360] DEBUG io.mockk.impl.instantiation.AbstractMockFactory - Creating mockk for Tarea name=child of repoTarea#406#411
20:47:19.768 [Test worker @coroutine#360] DEBUG io.mockk.impl.instantiation.AbstractMockFactory - Creating mockk for Pedido name=child of repoPedido#404#412
20:47:19.771 [DefaultDispatcher-worker-1 @coroutine#369] DEBUG io.mockk.impl.recording.states.AnsweringState - Answering Pedido(id=63e69f473d878c607c736f1d, uuid=93a98d69-0010-48a7-b34f-05b596ea8acc, userId=93a98d69-0006-48a7-b34f-05b596ea839a, state=PROCESO, fechaEntrada=2013-10-10, fechaSalida=2023-12-12, topeEntrega=2023-12-14, precio=0.0) on PedidoRepositoryCached(repoPedido#404).findByUUID(93a98d69-0010-48a7-b34f-05b596ea8acc, continuation {})
20:47:19.771 [DefaultDispatcher-worker-1 @coroutine#369] DEBUG io.mockk.impl.recording.states.AnsweringState - Answering kotlinx.coroutines.flow.FlowKt__BuildersKt$flowOf$$inlined$unsafeFlow$1@18ddf851 on TareaRepositoryCached(repoTarea#406).findAll(continuation {})
20:47:19.774 [DefaultDispatcher-worker-1 @coroutine#369] DEBUG io.mockk.impl.recording.states.AnsweringState - Answering null on PedidoRepositoryCached(repoPedido#404).delete(63e69f473d878c607c736f1d, continuation {})
20:47:20.311 [Test worker] DEBUG io.mockk.impl.instantiation.AbstractMockFactory - Creating mockk for MaquinaRepositoryCached name=repoM#413
20:47:20.311 [Test worker] DEBUG io.mockk.impl.instantiation.AbstractMockFactory - Creating mockk for PedidoRepositoryCached name=repoPedido#414
20:47:20.311 [Test worker] DEBUG io.mockk.impl.instantiation.AbstractMockFactory - Creating mockk for ProductoRepositoryCached name=repoProd#415
20:47:20.311 [Test worker] DEBUG io.mockk.impl.instantiation.AbstractMockFactory - Creating mockk for TareaRepositoryCached name=repoTarea#416
20:47:20.311 [Test worker] DEBUG io.mockk.impl.instantiation.AbstractMockFactory - Creating mockk for TurnoRepositoryCached name=repoTurno#417
20:47:20.312 [Test worker] DEBUG io.mockk.impl.instantiation.AbstractMockFactory - Creating mockk for UserRepositoryCached name=repoUser#418
20:47:20.316 [Test worker @coroutine#372] DEBUG io.mockk.impl.instantiation.AbstractMockFactory - Creating mockk for Tarea name=child of repoTarea#416#419
20:47:20.837 [Test worker] DEBUG io.mockk.impl.instantiation.AbstractMockFactory - Creating mockk for MaquinaRepositoryCached name=repoM#420
20:47:20.838 [Test worker] DEBUG io.mockk.impl.instantiation.AbstractMockFactory - Creating mockk for PedidoRepositoryCached name=repoPedido#421
20:47:20.838 [Test worker] DEBUG io.mockk.impl.instantiation.AbstractMockFactory - Creating mockk for ProductoRepositoryCached name=repoProd#422
20:47:20.838 [Test worker] DEBUG io.mockk.impl.instantiation.AbstractMockFactory - Creating mockk for TareaRepositoryCached name=repoTarea#423
20:47:20.838 [Test worker] DEBUG io.mockk.impl.instantiation.AbstractMockFactory - Creating mockk for TurnoRepositoryCached name=repoTurno#424
20:47:20.838 [Test worker] DEBUG io.mockk.impl.instantiation.AbstractMockFactory - Creating mockk for UserRepositoryCached name=repoUser#425
20:47:20.843 [Test worker @coroutine#376] DEBUG io.mockk.impl.instantiation.AbstractMockFactory - Creating mockk for Pedido name=child of repoPedido#421#426
20:47:20.845 [DefaultDispatcher-worker-1 @coroutine#379] DEBUG io.mockk.impl.recording.states.AnsweringState - Answering Pedido(id=63e69f483d878c607c736f31, uuid=93a98d69-0010-48a7-b34f-05b596ea8acc, userId=93a98d69-0006-48a7-b34f-05b596ea839a, state=PROCESO, fechaEntrada=2013-10-10, fechaSalida=2023-12-12, topeEntrega=2023-12-14, precio=0.0) on PedidoRepositoryCached(repoPedido#421).findByUUID(93a98d69-0010-48a7-b34f-05b596ea8acc, continuation {})
20:47:20.845 [DefaultDispatcher-worker-1 @coroutine#379] DEBUG koin.repositories.tarea.TareaRepository - findAll()
20:47:20.846 [AsyncGetter-5-thread-1] DEBUG org.mongodb.driver.protocol.command - Sending command '{"find": "tarea", "filter": {}, "batchSize": 64, "$db": "practica03mongoIvanLoli", "$clusterTime": {"clusterTime": {"$timestamp": {"t": 1676058434, "i": 5}}, "signature": {"hash": {"$binary": {"base64": "hn29t0I13IUIpfQgC1gVWdJvo2w=", "subType": "00"}}, "keyId": 7161871216054108163}}, "lsid": {"id": {"$binary": {"base64": "sH556KejSCSwUATTPzPu5w==", "subType": "04"}}}}' with request id 36 to database practica03mongoIvanLoli on connection [connectionId{localValue:7, serverValue:268592}] to server ac-o2suyf6-shard-00-02.7qtbnuz.mongodb.net:27017
20:47:20.902 [async-channel-group-0-handler-executor] DEBUG org.mongodb.driver.protocol.command - Execution of command with request id 36 completed successfully in 55.36 ms on connection [connectionId{localValue:7, serverValue:268592}] to server ac-o2suyf6-shard-00-02.7qtbnuz.mongodb.net:27017
20:47:20.903 [async-channel-group-0-handler-executor] DEBUG org.mongodb.driver.operation - Received batch of 6 documents with cursorId 0 from server ac-o2suyf6-shard-00-02.7qtbnuz.mongodb.net:27017
20:47:20.903 [DefaultDispatcher-worker-1 @coroutine#379] DEBUG koin.repositories.user.UserRepository - findByUUID(93a98d69-0006-48a7-b34f-05b596ea839a)
20:47:20.904 [AsyncGetter-5-thread-1] DEBUG org.mongodb.driver.protocol.command - Sending command '{"find": "user", "filter": {}, "batchSize": 64, "$db": "practica03mongoIvanLoli", "$clusterTime": {"clusterTime": {"$timestamp": {"t": 1676058437, "i": 2}}, "signature": {"hash": {"$binary": {"base64": "QSGq8pA+zaD3p1S42aIghYOPgxY=", "subType": "00"}}, "keyId": 7161871216054108163}}, "lsid": {"id": {"$binary": {"base64": "sH556KejSCSwUATTPzPu5w==", "subType": "04"}}}}' with request id 37 to database practica03mongoIvanLoli on connection [connectionId{localValue:7, serverValue:268592}] to server ac-o2suyf6-shard-00-02.7qtbnuz.mongodb.net:27017
20:47:20.943 [async-channel-group-0-handler-executor] DEBUG org.mongodb.driver.protocol.command - Execution of command with request id 37 completed successfully in 39.44 ms on connection [connectionId{localValue:7, serverValue:268592}] to server ac-o2suyf6-shard-00-02.7qtbnuz.mongodb.net:27017
20:47:20.944 [async-channel-group-0-handler-executor] DEBUG org.mongodb.driver.operation - Received batch of 4 documents with cursorId 0 from server ac-o2suyf6-shard-00-02.7qtbnuz.mongodb.net:27017
20:47:21.467 [Test worker] DEBUG io.mockk.impl.instantiation.AbstractMockFactory - Creating mockk for MaquinaRepositoryCached name=repoM#427
20:47:21.467 [Test worker] DEBUG io.mockk.impl.instantiation.AbstractMockFactory - Creating mockk for PedidoRepositoryCached name=repoPedido#428
20:47:21.467 [Test worker] DEBUG io.mockk.impl.instantiation.AbstractMockFactory - Creating mockk for ProductoRepositoryCached name=repoProd#429
20:47:21.467 [Test worker] DEBUG io.mockk.impl.instantiation.AbstractMockFactory - Creating mockk for TareaRepositoryCached name=repoTarea#430
20:47:21.467 [Test worker] DEBUG io.mockk.impl.instantiation.AbstractMockFactory - Creating mockk for TurnoRepositoryCached name=repoTurno#431
20:47:21.468 [Test worker] DEBUG io.mockk.impl.instantiation.AbstractMockFactory - Creating mockk for UserRepositoryCached name=repoUser#432
20:47:21.473 [Test worker @coroutine#382] DEBUG io.mockk.impl.instantiation.AbstractMockFactory - Creating mockk for Flow name=child of repoProd#429#433
20:47:21.474 [DefaultDispatcher-worker-1 @coroutine#385] DEBUG io.mockk.impl.recording.states.AnsweringState - Answering kotlinx.coroutines.flow.FlowKt__BuildersKt$flowOf$$inlined$unsafeFlow$2@77810d4c on ProductoRepositoryCached(repoProd#429).findAll(continuation {})
20:47:21.995 [Test worker] DEBUG io.mockk.impl.instantiation.AbstractMockFactory - Creating mockk for MaquinaRepositoryCached name=repoM#434
20:47:21.996 [Test worker] DEBUG io.mockk.impl.instantiation.AbstractMockFactory - Creating mockk for PedidoRepositoryCached name=repoPedido#435
20:47:21.996 [Test worker] DEBUG io.mockk.impl.instantiation.AbstractMockFactory - Creating mockk for ProductoRepositoryCached name=repoProd#436
20:47:21.996 [Test worker] DEBUG io.mockk.impl.instantiation.AbstractMockFactory - Creating mockk for TareaRepositoryCached name=repoTarea#437
20:47:21.996 [Test worker] DEBUG io.mockk.impl.instantiation.AbstractMockFactory - Creating mockk for TurnoRepositoryCached name=repoTurno#438
20:47:21.996 [Test worker] DEBUG io.mockk.impl.instantiation.AbstractMockFactory - Creating mockk for UserRepositoryCached name=repoUser#439
20:47:22.002 [Test worker @coroutine#388] DEBUG io.mockk.impl.instantiation.AbstractMockFactory - Creating mockk for Tarea name=child of repoTarea#437#440
20:47:22.003 [Test worker @coroutine#388] DEBUG io.mockk.impl.instantiation.AbstractMockFactory - Creating mockk for Tarea name=child of repoTarea#437#441
20:47:22.528 [Test worker] DEBUG io.mockk.impl.instantiation.AbstractMockFactory - Creating mockk for MaquinaRepositoryCached name=repoM#442
20:47:22.529 [Test worker] DEBUG io.mockk.impl.instantiation.AbstractMockFactory - Creating mockk for PedidoRepositoryCached name=repoPedido#443
20:47:22.529 [Test worker] DEBUG io.mockk.impl.instantiation.AbstractMockFactory - Creating mockk for ProductoRepositoryCached name=repoProd#444
20:47:22.529 [Test worker] DEBUG io.mockk.impl.instantiation.AbstractMockFactory - Creating mockk for TareaRepositoryCached name=repoTarea#445
20:47:22.529 [Test worker] DEBUG io.mockk.impl.instantiation.AbstractMockFactory - Creating mockk for TurnoRepositoryCached name=repoTurno#446
20:47:22.529 [Test worker] DEBUG io.mockk.impl.instantiation.AbstractMockFactory - Creating mockk for UserRepositoryCached name=repoUser#447
20:47:22.533 [Test worker @coroutine#396] DEBUG io.mockk.impl.instantiation.AbstractMockFactory - Creating mockk for Turno name=child of repoTurno#446#448
20:47:22.535 [Test worker @coroutine#396] DEBUG io.mockk.impl.instantiation.AbstractMockFactory - Creating mockk for Turno name=child of repoTurno#446#449
20:47:23.057 [Test worker] DEBUG io.mockk.impl.instantiation.AbstractMockFactory - Creating mockk for MaquinaRepositoryCached name=repoM#450
20:47:23.057 [Test worker] DEBUG io.mockk.impl.instantiation.AbstractMockFactory - Creating mockk for PedidoRepositoryCached name=repoPedido#451
20:47:23.057 [Test worker] DEBUG io.mockk.impl.instantiation.AbstractMockFactory - Creating mockk for ProductoRepositoryCached name=repoProd#452
20:47:23.058 [Test worker] DEBUG io.mockk.impl.instantiation.AbstractMockFactory - Creating mockk for TareaRepositoryCached name=repoTarea#453
20:47:23.058 [Test worker] DEBUG io.mockk.impl.instantiation.AbstractMockFactory - Creating mockk for TurnoRepositoryCached name=repoTurno#454
20:47:23.058 [Test worker] DEBUG io.mockk.impl.instantiation.AbstractMockFactory - Creating mockk for UserRepositoryCached name=repoUser#455
20:47:23.062 [Test worker @coroutine#404] DEBUG io.mockk.impl.instantiation.AbstractMockFactory - Creating mockk for User name=child of repoUser#455#456
20:47:23.064 [Test worker @coroutine#404] DEBUG io.mockk.impl.instantiation.AbstractMockFactory - Creating mockk for User name=child of repoUser#455#457
20:47:23.067 [DefaultDispatcher-worker-1 @coroutine#409] DEBUG io.mockk.impl.recording.states.AnsweringState - Answering User(id=63e69f4b3d878c607c736f56, uuid=93a98d69-0006-48a7-b34f-05b596ea839a, nombre=Maria, apellido=Martinez, telefono=632120281, email=email2@email.com, password=contra, perfil=CLIENT, activo=true) on UserRepositoryCached(repoUser#455).findByUUID(93a98d69-0006-48a7-b34f-05b596ea839a, continuation {})
20:47:23.067 [DefaultDispatcher-worker-1 @coroutine#409] DEBUG io.mockk.impl.recording.states.AnsweringState - Answering User(id=63e69f4b3d878c607c736f56, uuid=93a98d69-0006-48a7-b34f-05b596ea839a, nombre=Maria, apellido=Martinez, telefono=632120281, email=email2@email.com, password=contra, perfil=CLIENT, activo=true) on UserRepositoryCached(repoUser#455).setInactive(63e69f4b3d878c607c736f56, continuation {})
20:47:23.592 [Test worker] DEBUG io.mockk.impl.instantiation.AbstractMockFactory - Creating mockk for MaquinaRepositoryCached name=repoM#458
20:47:23.592 [Test worker] DEBUG io.mockk.impl.instantiation.AbstractMockFactory - Creating mockk for PedidoRepositoryCached name=repoPedido#459
20:47:23.593 [Test worker] DEBUG io.mockk.impl.instantiation.AbstractMockFactory - Creating mockk for ProductoRepositoryCached name=repoProd#460
20:47:23.593 [Test worker] DEBUG io.mockk.impl.instantiation.AbstractMockFactory - Creating mockk for TareaRepositoryCached name=repoTarea#461
20:47:23.593 [Test worker] DEBUG io.mockk.impl.instantiation.AbstractMockFactory - Creating mockk for TurnoRepositoryCached name=repoTurno#462
20:47:23.593 [Test worker] DEBUG io.mockk.impl.instantiation.AbstractMockFactory - Creating mockk for UserRepositoryCached name=repoUser#463
20:47:23.598 [Test worker @coroutine#412] DEBUG io.mockk.impl.instantiation.AbstractMockFactory - Creating mockk for Maquina name=child of repoM#458#464
20:47:23.600 [Test worker @coroutine#412] DEBUG io.mockk.impl.instantiation.AbstractMockFactory - Creating mockk for Maquina name=child of repoM#458#465
20:47:24.122 [Test worker] DEBUG io.mockk.impl.instantiation.AbstractMockFactory - Creating mockk for MaquinaRepositoryCached name=repoM#466
20:47:24.123 [Test worker] DEBUG io.mockk.impl.instantiation.AbstractMockFactory - Creating mockk for PedidoRepositoryCached name=repoPedido#467
20:47:24.123 [Test worker] DEBUG io.mockk.impl.instantiation.AbstractMockFactory - Creating mockk for ProductoRepositoryCached name=repoProd#468
20:47:24.123 [Test worker] DEBUG io.mockk.impl.instantiation.AbstractMockFactory - Creating mockk for TareaRepositoryCached name=repoTarea#469
20:47:24.123 [Test worker] DEBUG io.mockk.impl.instantiation.AbstractMockFactory - Creating mockk for TurnoRepositoryCached name=repoTurno#470
20:47:24.123 [Test worker] DEBUG io.mockk.impl.instantiation.AbstractMockFactory - Creating mockk for UserRepositoryCached name=repoUser#471
20:47:24.128 [Test worker @coroutine#420] DEBUG io.mockk.impl.instantiation.AbstractMockFactory - Creating mockk for Turno name=child of repoTurno#470#472
20:47:24.133 [DefaultDispatcher-worker-1] DEBUG koin.repositories.pedido.PedidoRepository - findByUUID(93a98d69-6da6-48a7-b34f-05b596aaabac)
20:47:24.136 [AsyncGetter-5-thread-1] DEBUG org.mongodb.driver.protocol.command - Sending command '{"find": "pedido", "filter": {}, "batchSize": 64, "$db": "practica03mongoIvanLoli", "$clusterTime": {"clusterTime": {"$timestamp": {"t": 1676058437, "i": 2}}, "signature": {"hash": {"$binary": {"base64": "QSGq8pA+zaD3p1S42aIghYOPgxY=", "subType": "00"}}, "keyId": 7161871216054108163}}, "lsid": {"id": {"$binary": {"base64": "sH556KejSCSwUATTPzPu5w==", "subType": "04"}}}}' with request id 38 to database practica03mongoIvanLoli on connection [connectionId{localValue:7, serverValue:268592}] to server ac-o2suyf6-shard-00-02.7qtbnuz.mongodb.net:27017
20:47:24.200 [async-channel-group-0-handler-executor] DEBUG org.mongodb.driver.protocol.command - Execution of command with request id 38 completed successfully in 64.00 ms on connection [connectionId{localValue:7, serverValue:268592}] to server ac-o2suyf6-shard-00-02.7qtbnuz.mongodb.net:27017
20:47:24.209 [async-channel-group-0-handler-executor] DEBUG org.mongodb.driver.operation - Received batch of 1 documents with cursorId 0 from server ac-o2suyf6-shard-00-02.7qtbnuz.mongodb.net:27017
20:47:24.211 [DefaultDispatcher-worker-1] DEBUG koin.repositories.pedido.PedidoRepository - findByUUID(93a98d69-6da6-48a7-b34f-05b596aaabac)
20:47:24.213 [AsyncGetter-5-thread-1] DEBUG org.mongodb.driver.protocol.command - Sending command '{"find": "pedido", "filter": {}, "batchSize": 64, "$db": "practica03mongoIvanLoli", "$clusterTime": {"clusterTime": {"$timestamp": {"t": 1676058440, "i": 3}}, "signature": {"hash": {"$binary": {"base64": "xZaRvcaxc9NYXZq+ooy8waPUtwQ=", "subType": "00"}}, "keyId": 7161871216054108163}}, "lsid": {"id": {"$binary": {"base64": "sH556KejSCSwUATTPzPu5w==", "subType": "04"}}}}' with request id 39 to database practica03mongoIvanLoli on connection [connectionId{localValue:7, serverValue:268592}] to server ac-o2suyf6-shard-00-02.7qtbnuz.mongodb.net:27017
20:47:24.255 [async-channel-group-0-handler-executor] DEBUG org.mongodb.driver.protocol.command - Execution of command with request id 39 completed successfully in 42.73 ms on connection [connectionId{localValue:7, serverValue:268592}] to server ac-o2suyf6-shard-00-02.7qtbnuz.mongodb.net:27017
20:47:24.256 [async-channel-group-0-handler-executor] DEBUG org.mongodb.driver.operation - Received batch of 1 documents with cursorId 0 from server ac-o2suyf6-shard-00-02.7qtbnuz.mongodb.net:27017
20:47:24.256 [DefaultDispatcher-worker-1] DEBUG io.mockk.impl.recording.states.AnsweringState - Answering Turno(id=63e69f4c3d878c607c736f70, uuid=93a98d69-0019-48a7-b34f-05b596ea8abc, workerId=93a98d69-0007-48a7-b34f-05b596ea839c, maquinaId=93a98d69-0008-48a7-b34f-05b596ea83bb, horaInicio=2002-10-14T10:09, horaFin=2002-10-14T16:49, numPedidosActivos=2, tarea1Id=93a98d69-0013-48a7-b34f-05b596ea83cc, tarea2Id=null, finalizado=false) on TurnoRepositoryCached(repoTurno#470).save(Turno(id=63e69f4c3d878c607c736f76, uuid=93a98d69-6da6-48a7-b34f-05b596aaabba, workerId=93a98d69-6da6-48a7-b34f-05b596aaaaab, maquinaId=93a98d69-6da6-48a7-b34f-05b596aaaaca, horaInicio=2023-02-10T22:46:44.974691300, horaFin=2023-02-11T00:46:44.974691300, numPedidosActivos=1, tarea1Id=93a98d69-6da6-48a7-b34f-05b596aaabab, tarea2Id=93a98d69-6da6-48a7-b34f-05b596aaaacc, finalizado=false), continuation {})
20:47:24.256 [DefaultDispatcher-worker-1] DEBUG koin.repositories.user.UserRepository - findByUUID(93a98d69-0007-48a7-b34f-05b596ea839c)
20:47:24.257 [AsyncGetter-5-thread-1] DEBUG org.mongodb.driver.protocol.command - Sending command '{"find": "user", "filter": {}, "batchSize": 64, "$db": "practica03mongoIvanLoli", "$clusterTime": {"clusterTime": {"$timestamp": {"t": 1676058440, "i": 4}}, "signature": {"hash": {"$binary": {"base64": "xZaRvcaxc9NYXZq+ooy8waPUtwQ=", "subType": "00"}}, "keyId": 7161871216054108163}}, "lsid": {"id": {"$binary": {"base64": "sH556KejSCSwUATTPzPu5w==", "subType": "04"}}}}' with request id 40 to database practica03mongoIvanLoli on connection [connectionId{localValue:7, serverValue:268592}] to server ac-o2suyf6-shard-00-02.7qtbnuz.mongodb.net:27017
20:47:24.299 [async-channel-group-0-handler-executor] DEBUG org.mongodb.driver.protocol.command - Execution of command with request id 40 completed successfully in 41.80 ms on connection [connectionId{localValue:7, serverValue:268592}] to server ac-o2suyf6-shard-00-02.7qtbnuz.mongodb.net:27017
20:47:24.300 [async-channel-group-0-handler-executor] DEBUG org.mongodb.driver.operation - Received batch of 4 documents with cursorId 0 from server ac-o2suyf6-shard-00-02.7qtbnuz.mongodb.net:27017
20:47:24.300 [DefaultDispatcher-worker-1] DEBUG koin.repositories.maquina.MaquinaRepository - findByUUID(93a98d69-0008-48a7-b34f-05b596ea83bb)
20:47:24.301 [AsyncGetter-5-thread-1] DEBUG org.mongodb.driver.protocol.command - Sending command '{"find": "maquina", "filter": {}, "batchSize": 64, "$db": "practica03mongoIvanLoli", "$clusterTime": {"clusterTime": {"$timestamp": {"t": 1676058440, "i": 4}}, "signature": {"hash": {"$binary": {"base64": "xZaRvcaxc9NYXZq+ooy8waPUtwQ=", "subType": "00"}}, "keyId": 7161871216054108163}}, "lsid": {"id": {"$binary": {"base64": "sH556KejSCSwUATTPzPu5w==", "subType": "04"}}}}' with request id 41 to database practica03mongoIvanLoli on connection [connectionId{localValue:7, serverValue:268592}] to server ac-o2suyf6-shard-00-02.7qtbnuz.mongodb.net:27017
20:47:24.343 [async-channel-group-0-handler-executor] DEBUG org.mongodb.driver.protocol.command - Execution of command with request id 41 completed successfully in 41.87 ms on connection [connectionId{localValue:7, serverValue:268592}] to server ac-o2suyf6-shard-00-02.7qtbnuz.mongodb.net:27017
20:47:24.343 [async-channel-group-0-handler-executor] DEBUG org.mongodb.driver.operation - Received batch of 2 documents with cursorId 0 from server ac-o2suyf6-shard-00-02.7qtbnuz.mongodb.net:27017
20:47:24.344 [DefaultDispatcher-worker-1] DEBUG koin.repositories.tarea.TareaRepository - findByUUID(93a98d69-0013-48a7-b34f-05b596ea83cc)
20:47:24.345 [AsyncGetter-5-thread-1] DEBUG org.mongodb.driver.protocol.command - Sending command '{"find": "tarea", "filter": {}, "batchSize": 64, "$db": "practica03mongoIvanLoli", "$clusterTime": {"clusterTime": {"$timestamp": {"t": 1676058440, "i": 4}}, "signature": {"hash": {"$binary": {"base64": "xZaRvcaxc9NYXZq+ooy8waPUtwQ=", "subType": "00"}}, "keyId": 7161871216054108163}}, "lsid": {"id": {"$binary": {"base64": "sH556KejSCSwUATTPzPu5w==", "subType": "04"}}}}' with request id 42 to database practica03mongoIvanLoli on connection [connectionId{localValue:7, serverValue:268592}] to server ac-o2suyf6-shard-00-02.7qtbnuz.mongodb.net:27017
20:47:24.409 [async-channel-group-0-handler-executor] DEBUG org.mongodb.driver.protocol.command - Execution of command with request id 42 completed successfully in 64.07 ms on connection [connectionId{localValue:7, serverValue:268592}] to server ac-o2suyf6-shard-00-02.7qtbnuz.mongodb.net:27017
20:47:24.410 [async-channel-group-0-handler-executor] DEBUG org.mongodb.driver.operation - Received batch of 6 documents with cursorId 0 from server ac-o2suyf6-shard-00-02.7qtbnuz.mongodb.net:27017
20:47:24.937 [Test worker] DEBUG io.mockk.impl.instantiation.AbstractMockFactory - Creating mockk for MaquinaRepositoryCached name=repoM#473
20:47:24.937 [Test worker] DEBUG io.mockk.impl.instantiation.AbstractMockFactory - Creating mockk for PedidoRepositoryCached name=repoPedido#474
20:47:24.937 [Test worker] DEBUG io.mockk.impl.instantiation.AbstractMockFactory - Creating mockk for ProductoRepositoryCached name=repoProd#475
20:47:24.937 [Test worker] DEBUG io.mockk.impl.instantiation.AbstractMockFactory - Creating mockk for TareaRepositoryCached name=repoTarea#476
20:47:24.937 [Test worker] DEBUG io.mockk.impl.instantiation.AbstractMockFactory - Creating mockk for TurnoRepositoryCached name=repoTurno#477
20:47:24.937 [Test worker] DEBUG io.mockk.impl.instantiation.AbstractMockFactory - Creating mockk for UserRepositoryCached name=repoUser#478
20:47:24.942 [Test worker @coroutine#424] DEBUG io.mockk.impl.instantiation.AbstractMockFactory - Creating mockk for Flow name=child of repoUser#478#479
20:47:24.943 [DefaultDispatcher-worker-1 @coroutine#427] DEBUG io.mockk.impl.recording.states.AnsweringState - Answering kotlinx.coroutines.flow.FlowKt__BuildersKt$flowOf$$inlined$unsafeFlow$1@1d425502 on UserRepositoryCached(repoUser#478).findAll(continuation {})
20:47:25.464 [Test worker] DEBUG io.mockk.impl.instantiation.AbstractMockFactory - Creating mockk for MaquinaRepositoryCached name=repoM#480
20:47:25.464 [Test worker] DEBUG io.mockk.impl.instantiation.AbstractMockFactory - Creating mockk for PedidoRepositoryCached name=repoPedido#481
20:47:25.464 [Test worker] DEBUG io.mockk.impl.instantiation.AbstractMockFactory - Creating mockk for ProductoRepositoryCached name=repoProd#482
20:47:25.464 [Test worker] DEBUG io.mockk.impl.instantiation.AbstractMockFactory - Creating mockk for TareaRepositoryCached name=repoTarea#483
20:47:25.465 [Test worker] DEBUG io.mockk.impl.instantiation.AbstractMockFactory - Creating mockk for TurnoRepositoryCached name=repoTurno#484
20:47:25.465 [Test worker] DEBUG io.mockk.impl.instantiation.AbstractMockFactory - Creating mockk for UserRepositoryCached name=repoUser#485
20:47:25.471 [Test worker @coroutine#429] DEBUG io.mockk.impl.instantiation.AbstractMockFactory - Creating mockk for Tarea name=child of repoTarea#483#486
20:47:25.472 [DefaultDispatcher-worker-1 @coroutine#432] DEBUG io.mockk.impl.recording.states.AnsweringState - Answering null on TareaRepositoryCached(repoTarea#483).findByUUID(e88f13b3-309b-41a9-897b-0f1febbaecd2, continuation {})
20:47:25.687 [cluster-rtt-ClusterId{value='63e69f2e3d878c607c736d73', description='null'}-ac-o2suyf6-shard-00-00.7qtbnuz.mongodb.net:27017] DEBUG org.mongodb.driver.protocol.command - Sending command '{"hello": 1, "$db": "admin", "$clusterTime": {"clusterTime": {"$timestamp": {"t": 1676058440, "i": 4}}, "signature": {"hash": {"$binary": {"base64": "xZaRvcaxc9NYXZq+ooy8waPUtwQ=", "subType": "00"}}, "keyId": 7161871216054108163}}}' with request id 43 to database admin on connection [connectionId{localValue:1, serverValue:269192}] to server ac-o2suyf6-shard-00-00.7qtbnuz.mongodb.net:27017
20:47:25.687 [cluster-rtt-ClusterId{value='63e69f2e3d878c607c736d73', description='null'}-ac-o2suyf6-shard-00-01.7qtbnuz.mongodb.net:27017] DEBUG org.mongodb.driver.protocol.command - Sending command '{"hello": 1, "$db": "admin", "$clusterTime": {"clusterTime": {"$timestamp": {"t": 1676058440, "i": 4}}, "signature": {"hash": {"$binary": {"base64": "xZaRvcaxc9NYXZq+ooy8waPUtwQ=", "subType": "00"}}, "keyId": 7161871216054108163}}}' with request id 45 to database admin on connection [connectionId{localValue:6, serverValue:264658}] to server ac-o2suyf6-shard-00-01.7qtbnuz.mongodb.net:27017
20:47:25.687 [cluster-rtt-ClusterId{value='63e69f2e3d878c607c736d73', description='null'}-ac-o2suyf6-shard-00-02.7qtbnuz.mongodb.net:27017] DEBUG org.mongodb.driver.protocol.command - Sending command '{"hello": 1, "$db": "admin", "$clusterTime": {"clusterTime": {"$timestamp": {"t": 1676058440, "i": 4}}, "signature": {"hash": {"$binary": {"base64": "xZaRvcaxc9NYXZq+ooy8waPUtwQ=", "subType": "00"}}, "keyId": 7161871216054108163}}}' with request id 44 to database admin on connection [connectionId{localValue:4, serverValue:268608}] to server ac-o2suyf6-shard-00-02.7qtbnuz.mongodb.net:27017
20:47:25.745 [cluster-rtt-ClusterId{value='63e69f2e3d878c607c736d73', description='null'}-ac-o2suyf6-shard-00-01.7qtbnuz.mongodb.net:27017] DEBUG org.mongodb.driver.protocol.command - Execution of command with request id 45 completed successfully in 57.68 ms on connection [connectionId{localValue:6, serverValue:264658}] to server ac-o2suyf6-shard-00-01.7qtbnuz.mongodb.net:27017
20:47:25.745 [cluster-rtt-ClusterId{value='63e69f2e3d878c607c736d73', description='null'}-ac-o2suyf6-shard-00-00.7qtbnuz.mongodb.net:27017] DEBUG org.mongodb.driver.protocol.command - Execution of command with request id 43 completed successfully in 57.82 ms on connection [connectionId{localValue:1, serverValue:269192}] to server ac-o2suyf6-shard-00-00.7qtbnuz.mongodb.net:27017
20:47:25.745 [cluster-rtt-ClusterId{value='63e69f2e3d878c607c736d73', description='null'}-ac-o2suyf6-shard-00-02.7qtbnuz.mongodb.net:27017] DEBUG org.mongodb.driver.protocol.command - Execution of command with request id 44 completed successfully in 57.63 ms on connection [connectionId{localValue:4, serverValue:268608}] to server ac-o2suyf6-shard-00-02.7qtbnuz.mongodb.net:27017
20:47:25.993 [Test worker] DEBUG io.mockk.impl.instantiation.AbstractMockFactory - Creating mockk for MaquinaRepositoryCached name=repoM#487
20:47:25.993 [Test worker] DEBUG io.mockk.impl.instantiation.AbstractMockFactory - Creating mockk for PedidoRepositoryCached name=repoPedido#488
20:47:25.993 [Test worker] DEBUG io.mockk.impl.instantiation.AbstractMockFactory - Creating mockk for ProductoRepositoryCached name=repoProd#489
20:47:25.993 [Test worker] DEBUG io.mockk.impl.instantiation.AbstractMockFactory - Creating mockk for TareaRepositoryCached name=repoTarea#490
20:47:25.993 [Test worker] DEBUG io.mockk.impl.instantiation.AbstractMockFactory - Creating mockk for TurnoRepositoryCached name=repoTurno#491
20:47:25.993 [Test worker] DEBUG io.mockk.impl.instantiation.AbstractMockFactory - Creating mockk for UserRepositoryCached name=repoUser#492
20:47:25.998 [Test worker @coroutine#435] DEBUG io.mockk.impl.instantiation.AbstractMockFactory - Creating mockk for Producto name=child of repoProd#489#493
20:47:26.001 [Test worker @coroutine#435] DEBUG io.mockk.impl.instantiation.AbstractMockFactory - Creating mockk for Producto name=child of repoProd#489#494
20:47:26.521 [Test worker] DEBUG io.mockk.impl.instantiation.AbstractMockFactory - Creating mockk for MaquinaRepositoryCached name=repoM#495
20:47:26.521 [Test worker] DEBUG io.mockk.impl.instantiation.AbstractMockFactory - Creating mockk for PedidoRepositoryCached name=repoPedido#496
20:47:26.522 [Test worker] DEBUG io.mockk.impl.instantiation.AbstractMockFactory - Creating mockk for ProductoRepositoryCached name=repoProd#497
20:47:26.522 [Test worker] DEBUG io.mockk.impl.instantiation.AbstractMockFactory - Creating mockk for TareaRepositoryCached name=repoTarea#498
20:47:26.522 [Test worker] DEBUG io.mockk.impl.instantiation.AbstractMockFactory - Creating mockk for TurnoRepositoryCached name=repoTurno#499
20:47:26.522 [Test worker] DEBUG io.mockk.impl.instantiation.AbstractMockFactory - Creating mockk for UserRepositoryCached name=repoUser#500
20:47:26.526 [Test worker @coroutine#443] DEBUG io.mockk.impl.instantiation.AbstractMockFactory - Creating mockk for User name=child of repoUser#500#501
20:47:26.527 [Test worker @coroutine#443] DEBUG io.mockk.impl.instantiation.AbstractMockFactory - Creating mockk for User name=child of repoUser#500#502
20:47:26.529 [DefaultDispatcher-worker-1 @coroutine#448] DEBUG io.mockk.impl.recording.states.AnsweringState - Answering User(id=63e69f4e3d878c607c736f98, uuid=93a98d69-0006-48a7-b34f-05b596ea839a, nombre=Maria, apellido=Martinez, telefono=632120281, email=email2@email.com, password=contra, perfil=CLIENT, activo=true) on UserRepositoryCached(repoUser#500).findByUUID(93a98d69-0006-48a7-b34f-05b596ea839a, continuation {})
20:47:26.529 [DefaultDispatcher-worker-1 @coroutine#448] DEBUG io.mockk.impl.recording.states.AnsweringState - Answering User(id=63e69f4e3d878c607c736f98, uuid=93a98d69-0006-48a7-b34f-05b596ea839a, nombre=Maria, apellido=Martinez, telefono=632120281, email=email2@email.com, password=contra, perfil=CLIENT, activo=true) on UserRepositoryCached(repoUser#500).delete(63e69f4e3d878c607c736f98, continuation {})
20:47:27.046 [Test worker] DEBUG io.mockk.impl.instantiation.AbstractMockFactory - Creating mockk for MaquinaRepositoryCached name=repoM#503
20:47:27.046 [Test worker] DEBUG io.mockk.impl.instantiation.AbstractMockFactory - Creating mockk for PedidoRepositoryCached name=repoPedido#504
20:47:27.046 [Test worker] DEBUG io.mockk.impl.instantiation.AbstractMockFactory - Creating mockk for ProductoRepositoryCached name=repoProd#505
20:47:27.046 [Test worker] DEBUG io.mockk.impl.instantiation.AbstractMockFactory - Creating mockk for TareaRepositoryCached name=repoTarea#506
20:47:27.046 [Test worker] DEBUG io.mockk.impl.instantiation.AbstractMockFactory - Creating mockk for TurnoRepositoryCached name=repoTurno#507
20:47:27.046 [Test worker] DEBUG io.mockk.impl.instantiation.AbstractMockFactory - Creating mockk for UserRepositoryCached name=repoUser#508
20:47:27.050 [Test worker @coroutine#451] DEBUG io.mockk.impl.instantiation.AbstractMockFactory - Creating mockk for Tarea name=child of repoTarea#506#509
20:47:27.052 [Test worker @coroutine#451] DEBUG io.mockk.impl.instantiation.AbstractMockFactory - Creating mockk for Tarea name=child of repoTarea#506#510
20:47:27.054 [DefaultDispatcher-worker-1 @coroutine#456] DEBUG io.mockk.impl.recording.states.AnsweringState - Answering Tarea(id=63e69f4f3d878c607c736fa6, uuid=93a98d69-0013-48a7-b34f-05b596ea83cc, raquetaId=93a98d69-0001-48a7-b34f-05b596ea83ba, precio=36.4, tipo=PERSONALIZACION, finalizada=true, pedidoId=93a98d69-0010-48a7-b34f-05b596ea8acc, productoAdquiridoId=93a98d69-0004-48a7-b34f-05b596ea83aa, peso=10, balance=2.0, rigidez=5, tensionHorizontal=null, cordajeHorizontalId=null, tensionVertical=null, cordajeVerticalId=null, dosNudos=null) on TareaRepositoryCached(repoTarea#506).findByUUID(93a98d69-0013-48a7-b34f-05b596ea83cc, continuation {})
20:47:27.054 [DefaultDispatcher-worker-1 @coroutine#456] DEBUG io.mockk.impl.recording.states.AnsweringState - Answering Tarea(id=63e69f4f3d878c607c736fa6, uuid=93a98d69-0013-48a7-b34f-05b596ea83cc, raquetaId=93a98d69-0001-48a7-b34f-05b596ea83ba, precio=36.4, tipo=PERSONALIZACION, finalizada=true, pedidoId=93a98d69-0010-48a7-b34f-05b596ea8acc, productoAdquiridoId=93a98d69-0004-48a7-b34f-05b596ea83aa, peso=10, balance=2.0, rigidez=5, tensionHorizontal=null, cordajeHorizontalId=null, tensionVertical=null, cordajeVerticalId=null, dosNudos=null) on TareaRepositoryCached(repoTarea#506).setFinalizada(63e69f4f3d878c607c736fa6, continuation {})
20:47:27.054 [DefaultDispatcher-worker-1 @coroutine#456] DEBUG koin.repositories.producto.ProductoRepository - findByUUID(93a98d69-0001-48a7-b34f-05b596ea83ba)
20:47:27.055 [AsyncGetter-5-thread-1] DEBUG org.mongodb.driver.protocol.command - Sending command '{"find": "producto", "filter": {}, "batchSize": 64, "$db": "practica03mongoIvanLoli", "$clusterTime": {"clusterTime": {"$timestamp": {"t": 1676058442, "i": 2}}, "signature": {"hash": {"$binary": {"base64": "0JTZzOZPdjlyCzCYVuY2nqkk4T8=", "subType": "00"}}, "keyId": 7161871216054108163}}, "lsid": {"id": {"$binary": {"base64": "sH556KejSCSwUATTPzPu5w==", "subType": "04"}}}}' with request id 46 to database practica03mongoIvanLoli on connection [connectionId{localValue:7, serverValue:268592}] to server ac-o2suyf6-shard-00-02.7qtbnuz.mongodb.net:27017
20:47:27.121 [async-channel-group-0-handler-executor] DEBUG org.mongodb.driver.protocol.command - Execution of command with request id 46 completed successfully in 66.03 ms on connection [connectionId{localValue:7, serverValue:268592}] to server ac-o2suyf6-shard-00-02.7qtbnuz.mongodb.net:27017
20:47:27.122 [async-channel-group-0-handler-executor] DEBUG org.mongodb.driver.operation - Received batch of 4 documents with cursorId 0 from server ac-o2suyf6-shard-00-02.7qtbnuz.mongodb.net:27017
20:47:27.644 [Test worker] DEBUG io.mockk.impl.instantiation.AbstractMockFactory - Creating mockk for MaquinaRepositoryCached name=repoM#511
20:47:27.644 [Test worker] DEBUG io.mockk.impl.instantiation.AbstractMockFactory - Creating mockk for PedidoRepositoryCached name=repoPedido#512
20:47:27.644 [Test worker] DEBUG io.mockk.impl.instantiation.AbstractMockFactory - Creating mockk for ProductoRepositoryCached name=repoProd#513
20:47:27.644 [Test worker] DEBUG io.mockk.impl.instantiation.AbstractMockFactory - Creating mockk for TareaRepositoryCached name=repoTarea#514
20:47:27.645 [Test worker] DEBUG io.mockk.impl.instantiation.AbstractMockFactory - Creating mockk for TurnoRepositoryCached name=repoTurno#515
20:47:27.645 [Test worker] DEBUG io.mockk.impl.instantiation.AbstractMockFactory - Creating mockk for UserRepositoryCached name=repoUser#516
20:47:27.650 [Test worker @coroutine#459] DEBUG io.mockk.impl.instantiation.AbstractMockFactory - Creating mockk for Producto name=child of repoProd#513#517
20:47:27.653 [DefaultDispatcher-worker-1 @coroutine#462] DEBUG io.mockk.impl.recording.states.AnsweringState - Answering Producto(id=63e69f4f3d878c607c736fae, uuid=93a98d69-0004-48a7-b34f-05b596ea83aa, tipo=FUNDAS, marca=MarcaZ, modelo=ModeloZ, precio=36.4, stock=8) on ProductoRepositoryCached(repoProd#513).findByUUID(93a98d69-0004-48a7-b34f-05b596ea83aa, continuation {})
20:47:28.167 [Test worker] DEBUG io.mockk.impl.instantiation.AbstractMockFactory - Creating mockk for MaquinaRepositoryCached name=repoM#518
20:47:28.167 [Test worker] DEBUG io.mockk.impl.instantiation.AbstractMockFactory - Creating mockk for PedidoRepositoryCached name=repoPedido#519
20:47:28.168 [Test worker] DEBUG io.mockk.impl.instantiation.AbstractMockFactory - Creating mockk for ProductoRepositoryCached name=repoProd#520
20:47:28.168 [Test worker] DEBUG io.mockk.impl.instantiation.AbstractMockFactory - Creating mockk for TareaRepositoryCached name=repoTarea#521
20:47:28.168 [Test worker] DEBUG io.mockk.impl.instantiation.AbstractMockFactory - Creating mockk for TurnoRepositoryCached name=repoTurno#522
20:47:28.168 [Test worker] DEBUG io.mockk.impl.instantiation.AbstractMockFactory - Creating mockk for UserRepositoryCached name=repoUser#523
20:47:28.173 [Test worker @coroutine#465] DEBUG io.mockk.impl.instantiation.AbstractMockFactory - Creating mockk for Pedido name=child of repoPedido#519#524
20:47:28.175 [Test worker @coroutine#465] DEBUG io.mockk.impl.instantiation.AbstractMockFactory - Creating mockk for Flow name=child of repoTarea#521#525
20:47:28.178 [Test worker @coroutine#465] DEBUG io.mockk.impl.instantiation.AbstractMockFactory - Creating mockk for Tarea name=child of repoTarea#521#526
20:47:28.180 [Test worker @coroutine#465] DEBUG io.mockk.impl.instantiation.AbstractMockFactory - Creating mockk for Pedido name=child of repoPedido#519#527
20:47:28.182 [DefaultDispatcher-worker-1 @coroutine#474] DEBUG io.mockk.impl.recording.states.AnsweringState - Answering Pedido(id=63e69f503d878c607c736fb9, uuid=93a98d69-0010-48a7-b34f-05b596ea8acc, userId=93a98d69-0006-48a7-b34f-05b596ea839a, state=PROCESO, fechaEntrada=2013-10-10, fechaSalida=2023-12-12, topeEntrega=2023-12-14, precio=0.0) on PedidoRepositoryCached(repoPedido#519).findByUUID(93a98d69-0010-48a7-b34f-05b596ea8acc, continuation {})
20:47:28.182 [DefaultDispatcher-worker-1 @coroutine#474] DEBUG io.mockk.impl.recording.states.AnsweringState - Answering kotlinx.coroutines.flow.FlowKt__BuildersKt$flowOf$$inlined$unsafeFlow$1@3a04291 on TareaRepositoryCached(repoTarea#521).findAll(continuation {})
20:47:28.182 [DefaultDispatcher-worker-1 @coroutine#474] DEBUG io.mockk.impl.recording.states.AnsweringState - Answering Pedido(id=63e69f503d878c607c736fb9, uuid=93a98d69-0010-48a7-b34f-05b596ea8acc, userId=93a98d69-0006-48a7-b34f-05b596ea839a, state=PROCESO, fechaEntrada=2013-10-10, fechaSalida=2023-12-12, topeEntrega=2023-12-14, precio=0.0) on PedidoRepositoryCached(repoPedido#519).delete(63e69f503d878c607c736fb9, continuation {})
20:47:28.182 [DefaultDispatcher-worker-1 @coroutine#474] DEBUG koin.repositories.tarea.TareaRepository - findAll()
20:47:28.183 [AsyncGetter-5-thread-1] DEBUG org.mongodb.driver.protocol.command - Sending command '{"find": "tarea", "filter": {}, "batchSize": 64, "$db": "practica03mongoIvanLoli", "$clusterTime": {"clusterTime": {"$timestamp": {"t": 1676058443, "i": 4}}, "signature": {"hash": {"$binary": {"base64": "gQwuxmVlDYT4BL7FyL5uCJjLUd8=", "subType": "00"}}, "keyId": 7161871216054108163}}, "lsid": {"id": {"$binary": {"base64": "sH556KejSCSwUATTPzPu5w==", "subType": "04"}}}}' with request id 47 to database practica03mongoIvanLoli on connection [connectionId{localValue:7, serverValue:268592}] to server ac-o2suyf6-shard-00-02.7qtbnuz.mongodb.net:27017
20:47:28.227 [async-channel-group-0-handler-executor] DEBUG org.mongodb.driver.protocol.command - Execution of command with request id 47 completed successfully in 44.63 ms on connection [connectionId{localValue:7, serverValue:268592}] to server ac-o2suyf6-shard-00-02.7qtbnuz.mongodb.net:27017
20:47:28.229 [async-channel-group-0-handler-executor] DEBUG org.mongodb.driver.operation - Received batch of 6 documents with cursorId 0 from server ac-o2suyf6-shard-00-02.7qtbnuz.mongodb.net:27017
20:47:28.230 [DefaultDispatcher-worker-1 @coroutine#474] DEBUG koin.repositories.user.UserRepository - findByUUID(93a98d69-0006-48a7-b34f-05b596ea839a)
20:47:28.230 [AsyncGetter-5-thread-1] DEBUG org.mongodb.driver.protocol.command - Sending command '{"find": "user", "filter": {}, "batchSize": 64, "$db": "practica03mongoIvanLoli", "$clusterTime": {"clusterTime": {"$timestamp": {"t": 1676058444, "i": 7}}, "signature": {"hash": {"$binary": {"base64": "9kHN2O1a1yV3VN3q7uG+Qbv1V0M=", "subType": "00"}}, "keyId": 7161871216054108163}}, "lsid": {"id": {"$binary": {"base64": "sH556KejSCSwUATTPzPu5w==", "subType": "04"}}}}' with request id 48 to database practica03mongoIvanLoli on connection [connectionId{localValue:7, serverValue:268592}] to server ac-o2suyf6-shard-00-02.7qtbnuz.mongodb.net:27017
20:47:28.273 [async-channel-group-0-handler-executor] DEBUG org.mongodb.driver.protocol.command - Execution of command with request id 48 completed successfully in 43.54 ms on connection [connectionId{localValue:7, serverValue:268592}] to server ac-o2suyf6-shard-00-02.7qtbnuz.mongodb.net:27017
20:47:28.274 [async-channel-group-0-handler-executor] DEBUG org.mongodb.driver.operation - Received batch of 4 documents with cursorId 0 from server ac-o2suyf6-shard-00-02.7qtbnuz.mongodb.net:27017
20:47:28.786 [Test worker] DEBUG io.mockk.impl.instantiation.AbstractMockFactory - Creating mockk for MaquinaRepositoryCached name=repoM#528
20:47:28.786 [Test worker] DEBUG io.mockk.impl.instantiation.AbstractMockFactory - Creating mockk for PedidoRepositoryCached name=repoPedido#529
20:47:28.786 [Test worker] DEBUG io.mockk.impl.instantiation.AbstractMockFactory - Creating mockk for ProductoRepositoryCached name=repoProd#530
20:47:28.786 [Test worker] DEBUG io.mockk.impl.instantiation.AbstractMockFactory - Creating mockk for TareaRepositoryCached name=repoTarea#531
20:47:28.787 [Test worker] DEBUG io.mockk.impl.instantiation.AbstractMockFactory - Creating mockk for TurnoRepositoryCached name=repoTurno#532
20:47:28.787 [Test worker] DEBUG io.mockk.impl.instantiation.AbstractMockFactory - Creating mockk for UserRepositoryCached name=repoUser#533
20:47:28.793 [Test worker @coroutine#477] DEBUG io.mockk.impl.instantiation.AbstractMockFactory - Creating mockk for Producto name=child of repoProd#530#534
20:47:28.795 [DefaultDispatcher-worker-1 @coroutine#480] DEBUG io.mockk.impl.recording.states.AnsweringState - Answering null on ProductoRepositoryCached(repoProd#530).findByUUID(6bdc4c2b-c850-45d8-92d5-904609725b21, continuation {})
20:47:29.311 [Test worker] DEBUG io.mockk.impl.instantiation.AbstractMockFactory - Creating mockk for MaquinaRepositoryCached name=repoM#535
20:47:29.311 [Test worker] DEBUG io.mockk.impl.instantiation.AbstractMockFactory - Creating mockk for PedidoRepositoryCached name=repoPedido#536
20:47:29.312 [Test worker] DEBUG io.mockk.impl.instantiation.AbstractMockFactory - Creating mockk for ProductoRepositoryCached name=repoProd#537
20:47:29.312 [Test worker] DEBUG io.mockk.impl.instantiation.AbstractMockFactory - Creating mockk for TareaRepositoryCached name=repoTarea#538
20:47:29.312 [Test worker] DEBUG io.mockk.impl.instantiation.AbstractMockFactory - Creating mockk for TurnoRepositoryCached name=repoTurno#539
20:47:29.312 [Test worker] DEBUG io.mockk.impl.instantiation.AbstractMockFactory - Creating mockk for UserRepositoryCached name=repoUser#540
20:47:29.316 [Test worker @coroutine#483] DEBUG io.mockk.impl.instantiation.AbstractMockFactory - Creating mockk for Turno name=child of repoTurno#539#541
20:47:29.317 [Test worker @coroutine#483] DEBUG io.mockk.impl.instantiation.AbstractMockFactory - Creating mockk for Turno name=child of repoTurno#539#542
20:47:29.830 [Test worker] DEBUG io.mockk.impl.instantiation.AbstractMockFactory - Creating mockk for MaquinaRepositoryCached name=repoM#543
20:47:29.830 [Test worker] DEBUG io.mockk.impl.instantiation.AbstractMockFactory - Creating mockk for PedidoRepositoryCached name=repoPedido#544
20:47:29.830 [Test worker] DEBUG io.mockk.impl.instantiation.AbstractMockFactory - Creating mockk for ProductoRepositoryCached name=repoProd#545
20:47:29.830 [Test worker] DEBUG io.mockk.impl.instantiation.AbstractMockFactory - Creating mockk for TareaRepositoryCached name=repoTarea#546
20:47:29.831 [Test worker] DEBUG io.mockk.impl.instantiation.AbstractMockFactory - Creating mockk for TurnoRepositoryCached name=repoTurno#547
20:47:29.831 [Test worker] DEBUG io.mockk.impl.instantiation.AbstractMockFactory - Creating mockk for UserRepositoryCached name=repoUser#548
20:47:29.835 [Test worker @coroutine#491] DEBUG io.mockk.impl.instantiation.AbstractMockFactory - Creating mockk for Maquina name=child of repoM#543#549
20:47:30.350 [Test worker] DEBUG io.mockk.impl.instantiation.AbstractMockFactory - Creating mockk for MaquinaRepositoryCached name=repoM#550
20:47:30.350 [Test worker] DEBUG io.mockk.impl.instantiation.AbstractMockFactory - Creating mockk for PedidoRepositoryCached name=repoPedido#551
20:47:30.350 [Test worker] DEBUG io.mockk.impl.instantiation.AbstractMockFactory - Creating mockk for ProductoRepositoryCached name=repoProd#552
20:47:30.351 [Test worker] DEBUG io.mockk.impl.instantiation.AbstractMockFactory - Creating mockk for TareaRepositoryCached name=repoTarea#553
20:47:30.351 [Test worker] DEBUG io.mockk.impl.instantiation.AbstractMockFactory - Creating mockk for TurnoRepositoryCached name=repoTurno#554
20:47:30.351 [Test worker] DEBUG io.mockk.impl.instantiation.AbstractMockFactory - Creating mockk for UserRepositoryCached name=repoUser#555
20:47:30.356 [Test worker @coroutine#495] DEBUG io.mockk.impl.instantiation.AbstractMockFactory - Creating mockk for Turno name=child of repoTurno#554#556
20:47:30.874 [Test worker] DEBUG io.mockk.impl.instantiation.AbstractMockFactory - Creating mockk for MaquinaRepositoryCached name=repoM#557
20:47:30.875 [Test worker] DEBUG io.mockk.impl.instantiation.AbstractMockFactory - Creating mockk for PedidoRepositoryCached name=repoPedido#558
20:47:30.875 [Test worker] DEBUG io.mockk.impl.instantiation.AbstractMockFactory - Creating mockk for ProductoRepositoryCached name=repoProd#559
20:47:30.875 [Test worker] DEBUG io.mockk.impl.instantiation.AbstractMockFactory - Creating mockk for TareaRepositoryCached name=repoTarea#560
20:47:30.875 [Test worker] DEBUG io.mockk.impl.instantiation.AbstractMockFactory - Creating mockk for TurnoRepositoryCached name=repoTurno#561
20:47:30.875 [Test worker] DEBUG io.mockk.impl.instantiation.AbstractMockFactory - Creating mockk for UserRepositoryCached name=repoUser#562
20:47:30.883 [Test worker @coroutine#499] DEBUG io.mockk.impl.instantiation.AbstractMockFactory - Creating mockk for Tarea name=child of repoTarea#560#563
20:47:31.404 [Test worker] DEBUG io.mockk.impl.instantiation.AbstractMockFactory - Creating mockk for MaquinaRepositoryCached name=repoM#564
20:47:31.404 [Test worker] DEBUG io.mockk.impl.instantiation.AbstractMockFactory - Creating mockk for PedidoRepositoryCached name=repoPedido#565
20:47:31.404 [Test worker] DEBUG io.mockk.impl.instantiation.AbstractMockFactory - Creating mockk for ProductoRepositoryCached name=repoProd#566
20:47:31.404 [Test worker] DEBUG io.mockk.impl.instantiation.AbstractMockFactory - Creating mockk for TareaRepositoryCached name=repoTarea#567
20:47:31.404 [Test worker] DEBUG io.mockk.impl.instantiation.AbstractMockFactory - Creating mockk for TurnoRepositoryCached name=repoTurno#568
20:47:31.404 [Test worker] DEBUG io.mockk.impl.instantiation.AbstractMockFactory - Creating mockk for UserRepositoryCached name=repoUser#569
20:47:31.411 [Test worker @coroutine#503] DEBUG io.mockk.impl.instantiation.AbstractMockFactory - Creating mockk for User name=child of repoUser#569#570
20:47:31.413 [Test worker @coroutine#503] DEBUG io.mockk.impl.instantiation.AbstractMockFactory - Creating mockk for User name=child of repoUser#569#571
20:47:31.415 [DefaultDispatcher-worker-1 @coroutine#508] DEBUG io.mockk.impl.recording.states.AnsweringState - Answering User(id=63e69f533d878c607c736ff2, uuid=93a98d69-0006-48a7-b34f-05b596ea839a, nombre=Maria, apellido=Martinez, telefono=632120281, email=email2@email.com, password=contra, perfil=CLIENT, activo=true) on UserRepositoryCached(repoUser#569).findByUUID(93a98d69-0006-48a7-b34f-05b596ea839a, continuation {})
20:47:31.415 [DefaultDispatcher-worker-1 @coroutine#508] DEBUG io.mockk.impl.recording.states.AnsweringState - Answering null on UserRepositoryCached(repoUser#569).delete(63e69f533d878c607c736ff2, continuation {})
20:47:31.932 [Test worker] DEBUG io.mockk.impl.instantiation.AbstractMockFactory - Creating mockk for MaquinaRepositoryCached name=repoM#572
20:47:31.933 [Test worker] DEBUG io.mockk.impl.instantiation.AbstractMockFactory - Creating mockk for PedidoRepositoryCached name=repoPedido#573
20:47:31.933 [Test worker] DEBUG io.mockk.impl.instantiation.AbstractMockFactory - Creating mockk for ProductoRepositoryCached name=repoProd#574
20:47:31.933 [Test worker] DEBUG io.mockk.impl.instantiation.AbstractMockFactory - Creating mockk for TareaRepositoryCached name=repoTarea#575
20:47:31.933 [Test worker] DEBUG io.mockk.impl.instantiation.AbstractMockFactory - Creating mockk for TurnoRepositoryCached name=repoTurno#576
20:47:31.933 [Test worker] DEBUG io.mockk.impl.instantiation.AbstractMockFactory - Creating mockk for UserRepositoryCached name=repoUser#577
20:47:31.937 [Test worker @coroutine#511] DEBUG io.mockk.impl.instantiation.AbstractMockFactory - Creating mockk for User name=child of repoUser#577#578
20:47:31.939 [DefaultDispatcher-worker-1 @coroutine#515] DEBUG io.mockk.impl.recording.states.AnsweringState - Answering null on UserRepositoryCached(repoUser#577).findById(1, continuation {})
20:47:32.455 [Test worker] DEBUG io.mockk.impl.instantiation.AbstractMockFactory - Creating mockk for MaquinaRepositoryCached name=repoM#579
20:47:32.455 [Test worker] DEBUG io.mockk.impl.instantiation.AbstractMockFactory - Creating mockk for PedidoRepositoryCached name=repoPedido#580
20:47:32.455 [Test worker] DEBUG io.mockk.impl.instantiation.AbstractMockFactory - Creating mockk for ProductoRepositoryCached name=repoProd#581
20:47:32.455 [Test worker] DEBUG io.mockk.impl.instantiation.AbstractMockFactory - Creating mockk for TareaRepositoryCached name=repoTarea#582
20:47:32.456 [Test worker] DEBUG io.mockk.impl.instantiation.AbstractMockFactory - Creating mockk for TurnoRepositoryCached name=repoTurno#583
20:47:32.456 [Test worker] DEBUG io.mockk.impl.instantiation.AbstractMockFactory - Creating mockk for UserRepositoryCached name=repoUser#584
20:47:32.463 [Test worker @coroutine#518] DEBUG io.mockk.impl.instantiation.AbstractMockFactory - Creating mockk for Producto name=child of repoProd#581#585
20:47:32.465 [Test worker @coroutine#518] DEBUG io.mockk.impl.instantiation.AbstractMockFactory - Creating mockk for Producto name=child of repoProd#581#586
20:47:32.991 [Test worker] DEBUG io.mockk.impl.instantiation.AbstractMockFactory - Creating mockk for MaquinaRepositoryCached name=repoM#587
20:47:32.991 [Test worker] DEBUG io.mockk.impl.instantiation.AbstractMockFactory - Creating mockk for PedidoRepositoryCached name=repoPedido#588
20:47:32.991 [Test worker] DEBUG io.mockk.impl.instantiation.AbstractMockFactory - Creating mockk for ProductoRepositoryCached name=repoProd#589
20:47:32.991 [Test worker] DEBUG io.mockk.impl.instantiation.AbstractMockFactory - Creating mockk for TareaRepositoryCached name=repoTarea#590
20:47:32.991 [Test worker] DEBUG io.mockk.impl.instantiation.AbstractMockFactory - Creating mockk for TurnoRepositoryCached name=repoTurno#591
20:47:32.991 [Test worker] DEBUG io.mockk.impl.instantiation.AbstractMockFactory - Creating mockk for UserRepositoryCached name=repoUser#592
20:47:32.996 [Test worker @coroutine#526] DEBUG io.mockk.impl.instantiation.AbstractMockFactory - Creating mockk for Pedido name=child of repoPedido#588#593
20:47:32.997 [Test worker @coroutine#526] DEBUG io.mockk.impl.instantiation.AbstractMockFactory - Creating mockk for Pedido name=child of repoPedido#588#594
20:47:33.511 [Test worker] DEBUG io.mockk.impl.instantiation.AbstractMockFactory - Creating mockk for MaquinaRepositoryCached name=repoM#595
20:47:33.511 [Test worker] DEBUG io.mockk.impl.instantiation.AbstractMockFactory - Creating mockk for PedidoRepositoryCached name=repoPedido#596
20:47:33.511 [Test worker] DEBUG io.mockk.impl.instantiation.AbstractMockFactory - Creating mockk for ProductoRepositoryCached name=repoProd#597
20:47:33.511 [Test worker] DEBUG io.mockk.impl.instantiation.AbstractMockFactory - Creating mockk for TareaRepositoryCached name=repoTarea#598
20:47:33.511 [Test worker] DEBUG io.mockk.impl.instantiation.AbstractMockFactory - Creating mockk for TurnoRepositoryCached name=repoTurno#599
20:47:33.511 [Test worker] DEBUG io.mockk.impl.instantiation.AbstractMockFactory - Creating mockk for UserRepositoryCached name=repoUser#600
20:47:33.517 [Test worker @coroutine#534] DEBUG io.mockk.impl.instantiation.AbstractMockFactory - Creating mockk for User name=child of repoUser#600#601
20:47:33.519 [Test worker @coroutine#534] DEBUG io.mockk.impl.instantiation.AbstractMockFactory - Creating mockk for User name=child of repoUser#600#602
20:47:33.523 [Test worker @coroutine#534] DEBUG io.mockk.impl.instantiation.AbstractMockFactory - Creating mockk for User name=child of repoUser#600#603
20:47:33.525 [Test worker @coroutine#534] DEBUG io.mockk.impl.instantiation.AbstractMockFactory - Creating mockk for User name=child of repoUser#600#604
20:47:33.528 [DefaultDispatcher-worker-1] DEBUG io.mockk.impl.recording.states.AnsweringState - Answering null on UserRepositoryCached(repoUser#600).findByUUID(93a98d69-6da6-48a7-b34f-aaaaaaaaaaaa, continuation {})
20:47:33.528 [DefaultDispatcher-worker-1] DEBUG io.mockk.impl.recording.states.AnsweringState - Answering null on UserRepositoryCached(repoUser#600).findByEmail(loli@gmail.com, continuation {})
20:47:33.528 [DefaultDispatcher-worker-1] DEBUG io.mockk.impl.recording.states.AnsweringState - Answering null on UserRepositoryCached(repoUser#600).findByPhone(632855327, continuation {})
20:47:33.812 [DefaultDispatcher-worker-1] DEBUG io.mockk.impl.recording.states.AnsweringState - Answering User(id=63e69f553d878c607c73701a, uuid=93a98d69-0006-48a7-b34f-05b596ea839a, nombre=Maria, apellido=Martinez, telefono=632120281, email=email2@email.com, password=contra, perfil=CLIENT, activo=true) on UserRepositoryCached(repoUser#600).save(User(id=63e69f553d878c607c737021, uuid=93a98d69-6da6-48a7-b34f-aaaaaaaaaaaa, nombre=Daniel, apellido=Rodriguez, telefono=632855327, email=loli@gmail.com, password=$2a$12$YOyxQfAsFFG91ubft4Jr0uaePxzRNFA58c6BTx5bgQIP0woR5Zu7S, perfil=ADMIN, activo=true), continuation {})
20:47:34.333 [Test worker] DEBUG io.mockk.impl.instantiation.AbstractMockFactory - Creating mockk for MaquinaRepositoryCached name=repoM#605
20:47:34.333 [Test worker] DEBUG io.mockk.impl.instantiation.AbstractMockFactory - Creating mockk for PedidoRepositoryCached name=repoPedido#606
20:47:34.333 [Test worker] DEBUG io.mockk.impl.instantiation.AbstractMockFactory - Creating mockk for ProductoRepositoryCached name=repoProd#607
20:47:34.334 [Test worker] DEBUG io.mockk.impl.instantiation.AbstractMockFactory - Creating mockk for TareaRepositoryCached name=repoTarea#608
20:47:34.334 [Test worker] DEBUG io.mockk.impl.instantiation.AbstractMockFactory - Creating mockk for TurnoRepositoryCached name=repoTurno#609
20:47:34.334 [Test worker] DEBUG io.mockk.impl.instantiation.AbstractMockFactory - Creating mockk for UserRepositoryCached name=repoUser#610
20:47:34.340 [Test worker @coroutine#544] DEBUG io.mockk.impl.instantiation.AbstractMockFactory - Creating mockk for Producto name=child of repoProd#607#611
20:47:34.342 [Test worker @coroutine#544] DEBUG io.mockk.impl.instantiation.AbstractMockFactory - Creating mockk for Producto name=child of repoProd#607#612
20:47:34.345 [DefaultDispatcher-worker-1 @coroutine#549] DEBUG io.mockk.impl.recording.states.AnsweringState - Answering Producto(id=63e69f563d878c607c737027, uuid=93a98d69-0004-48a7-b34f-05b596ea83aa, tipo=FUNDAS, marca=MarcaZ, modelo=ModeloZ, precio=36.4, stock=8) on ProductoRepositoryCached(repoProd#607).findByUUID(93a98d69-0004-48a7-b34f-05b596ea83aa, continuation {})
20:47:34.345 [DefaultDispatcher-worker-1 @coroutine#549] DEBUG io.mockk.impl.recording.states.AnsweringState - Answering null on ProductoRepositoryCached(repoProd#607).decreaseStock(63e69f563d878c607c737027, continuation {})
20:47:34.866 [Test worker] DEBUG io.mockk.impl.instantiation.AbstractMockFactory - Creating mockk for MaquinaRepositoryCached name=repoM#613
20:47:34.866 [Test worker] DEBUG io.mockk.impl.instantiation.AbstractMockFactory - Creating mockk for PedidoRepositoryCached name=repoPedido#614
20:47:34.866 [Test worker] DEBUG io.mockk.impl.instantiation.AbstractMockFactory - Creating mockk for ProductoRepositoryCached name=repoProd#615
20:47:34.866 [Test worker] DEBUG io.mockk.impl.instantiation.AbstractMockFactory - Creating mockk for TareaRepositoryCached name=repoTarea#616
20:47:34.866 [Test worker] DEBUG io.mockk.impl.instantiation.AbstractMockFactory - Creating mockk for TurnoRepositoryCached name=repoTurno#617
20:47:34.866 [Test worker] DEBUG io.mockk.impl.instantiation.AbstractMockFactory - Creating mockk for UserRepositoryCached name=repoUser#618
20:47:34.872 [Test worker @coroutine#552] DEBUG io.mockk.impl.instantiation.AbstractMockFactory - Creating mockk for Turno name=child of repoTurno#617#619
20:47:34.875 [Test worker @coroutine#552] DEBUG io.mockk.impl.instantiation.AbstractMockFactory - Creating mockk for Turno name=child of repoTurno#617#620
20:47:34.879 [DefaultDispatcher-worker-1 @coroutine#557] DEBUG io.mockk.impl.recording.states.AnsweringState - Answering Turno(id=63e69f563d878c607c737035, uuid=93a98d69-0019-48a7-b34f-05b596ea8abc, workerId=93a98d69-0007-48a7-b34f-05b596ea839c, maquinaId=93a98d69-0008-48a7-b34f-05b596ea83bb, horaInicio=2002-10-14T10:09, horaFin=2002-10-14T16:49, numPedidosActivos=2, tarea1Id=93a98d69-0013-48a7-b34f-05b596ea83cc, tarea2Id=null, finalizado=false) on TurnoRepositoryCached(repoTurno#617).findByUUID(93a98d69-0019-48a7-b34f-05b596ea8abc, continuation {})
20:47:34.879 [DefaultDispatcher-worker-1 @coroutine#557] DEBUG io.mockk.impl.recording.states.AnsweringState - Answering Turno(id=63e69f563d878c607c737035, uuid=93a98d69-0019-48a7-b34f-05b596ea8abc, workerId=93a98d69-0007-48a7-b34f-05b596ea839c, maquinaId=93a98d69-0008-48a7-b34f-05b596ea83bb, horaInicio=2002-10-14T10:09, horaFin=2002-10-14T16:49, numPedidosActivos=2, tarea1Id=93a98d69-0013-48a7-b34f-05b596ea83cc, tarea2Id=null, finalizado=false) on TurnoRepositoryCached(repoTurno#617).delete(63e69f563d878c607c737035, continuation {})
20:47:34.879 [DefaultDispatcher-worker-1 @coroutine#557] DEBUG koin.repositories.user.UserRepository - findByUUID(93a98d69-0007-48a7-b34f-05b596ea839c)
20:47:34.880 [AsyncGetter-5-thread-1] DEBUG org.mongodb.driver.protocol.command - Sending command '{"find": "user", "filter": {}, "batchSize": 64, "$db": "practica03mongoIvanLoli", "$clusterTime": {"clusterTime": {"$timestamp": {"t": 1676058444, "i": 7}}, "signature": {"hash": {"$binary": {"base64": "9kHN2O1a1yV3VN3q7uG+Qbv1V0M=", "subType": "00"}}, "keyId": 7161871216054108163}}, "lsid": {"id": {"$binary": {"base64": "sH556KejSCSwUATTPzPu5w==", "subType": "04"}}}}' with request id 49 to database practica03mongoIvanLoli on connection [connectionId{localValue:7, serverValue:268592}] to server ac-o2suyf6-shard-00-02.7qtbnuz.mongodb.net:27017
20:47:34.923 [async-channel-group-0-handler-executor] DEBUG org.mongodb.driver.protocol.command - Execution of command with request id 49 completed successfully in 43.06 ms on connection [connectionId{localValue:7, serverValue:268592}] to server ac-o2suyf6-shard-00-02.7qtbnuz.mongodb.net:27017
20:47:34.924 [async-channel-group-0-handler-executor] DEBUG org.mongodb.driver.operation - Received batch of 4 documents with cursorId 0 from server ac-o2suyf6-shard-00-02.7qtbnuz.mongodb.net:27017
20:47:34.924 [DefaultDispatcher-worker-1 @coroutine#557] DEBUG koin.repositories.maquina.MaquinaRepository - findByUUID(93a98d69-0008-48a7-b34f-05b596ea83bb)
20:47:34.925 [AsyncGetter-5-thread-1] DEBUG org.mongodb.driver.protocol.command - Sending command '{"find": "maquina", "filter": {}, "batchSize": 64, "$db": "practica03mongoIvanLoli", "$clusterTime": {"clusterTime": {"$timestamp": {"t": 1676058451, "i": 2}}, "signature": {"hash": {"$binary": {"base64": "U/D8oUGoURUetwbhkwpON5Nv4aE=", "subType": "00"}}, "keyId": 7161871216054108163}}, "lsid": {"id": {"$binary": {"base64": "sH556KejSCSwUATTPzPu5w==", "subType": "04"}}}}' with request id 50 to database practica03mongoIvanLoli on connection [connectionId{localValue:7, serverValue:268592}] to server ac-o2suyf6-shard-00-02.7qtbnuz.mongodb.net:27017
20:47:34.967 [async-channel-group-0-handler-executor] DEBUG org.mongodb.driver.protocol.command - Execution of command with request id 50 completed successfully in 42.67 ms on connection [connectionId{localValue:7, serverValue:268592}] to server ac-o2suyf6-shard-00-02.7qtbnuz.mongodb.net:27017
20:47:34.968 [async-channel-group-0-handler-executor] DEBUG org.mongodb.driver.operation - Received batch of 2 documents with cursorId 0 from server ac-o2suyf6-shard-00-02.7qtbnuz.mongodb.net:27017
20:47:34.968 [DefaultDispatcher-worker-1 @coroutine#557] DEBUG koin.repositories.tarea.TareaRepository - findByUUID(93a98d69-0013-48a7-b34f-05b596ea83cc)
20:47:34.969 [AsyncGetter-5-thread-1] DEBUG org.mongodb.driver.protocol.command - Sending command '{"find": "tarea", "filter": {}, "batchSize": 64, "$db": "practica03mongoIvanLoli", "$clusterTime": {"clusterTime": {"$timestamp": {"t": 1676058451, "i": 2}}, "signature": {"hash": {"$binary": {"base64": "U/D8oUGoURUetwbhkwpON5Nv4aE=", "subType": "00"}}, "keyId": 7161871216054108163}}, "lsid": {"id": {"$binary": {"base64": "sH556KejSCSwUATTPzPu5w==", "subType": "04"}}}}' with request id 51 to database practica03mongoIvanLoli on connection [connectionId{localValue:7, serverValue:268592}] to server ac-o2suyf6-shard-00-02.7qtbnuz.mongodb.net:27017
20:47:35.013 [async-channel-group-0-handler-executor] DEBUG org.mongodb.driver.protocol.command - Execution of command with request id 51 completed successfully in 43.46 ms on connection [connectionId{localValue:7, serverValue:268592}] to server ac-o2suyf6-shard-00-02.7qtbnuz.mongodb.net:27017
20:47:35.014 [async-channel-group-0-handler-executor] DEBUG org.mongodb.driver.operation - Received batch of 6 documents with cursorId 0 from server ac-o2suyf6-shard-00-02.7qtbnuz.mongodb.net:27017
20:47:35.530 [Test worker] DEBUG io.mockk.impl.instantiation.AbstractMockFactory - Creating mockk for MaquinaRepositoryCached name=repoM#621
20:47:35.530 [Test worker] DEBUG io.mockk.impl.instantiation.AbstractMockFactory - Creating mockk for PedidoRepositoryCached name=repoPedido#622
20:47:35.530 [Test worker] DEBUG io.mockk.impl.instantiation.AbstractMockFactory - Creating mockk for ProductoRepositoryCached name=repoProd#623
20:47:35.530 [Test worker] DEBUG io.mockk.impl.instantiation.AbstractMockFactory - Creating mockk for TareaRepositoryCached name=repoTarea#624
20:47:35.530 [Test worker] DEBUG io.mockk.impl.instantiation.AbstractMockFactory - Creating mockk for TurnoRepositoryCached name=repoTurno#625
20:47:35.530 [Test worker] DEBUG io.mockk.impl.instantiation.AbstractMockFactory - Creating mockk for UserRepositoryCached name=repoUser#626
20:47:35.535 [Test worker @coroutine#560] DEBUG io.mockk.impl.instantiation.AbstractMockFactory - Creating mockk for Flow name=child of repoM#621#627
20:47:35.537 [DefaultDispatcher-worker-1 @coroutine#563] DEBUG io.mockk.impl.recording.states.AnsweringState - Answering kotlinx.coroutines.flow.FlowKt__BuildersKt$flowOf$$inlined$unsafeFlow$1@4304ac8a on MaquinaRepositoryCached(repoM#621).findAll(continuation {})
20:47:35.653 [cluster-ClusterId{value='63e69f2e3d878c607c736d73', description='null'}-ac-o2suyf6-shard-00-02.7qtbnuz.mongodb.net:27017] DEBUG org.mongodb.driver.connection - Closing connection connectionId{localValue:2, serverValue:268608}
20:47:35.653 [cluster-ClusterId{value='63e69f2e3d878c607c736d73', description='null'}-ac-o2suyf6-shard-00-00.7qtbnuz.mongodb.net:27017] DEBUG org.mongodb.driver.connection - Closing connection connectionId{localValue:3, serverValue:269192}
20:47:35.653 [cluster-ClusterId{value='63e69f2e3d878c607c736d73', description='null'}-ac-o2suyf6-shard-00-01.7qtbnuz.mongodb.net:27017] DEBUG org.mongodb.driver.connection - Closing connection connectionId{localValue:5, serverValue:264658}
20:47:35.654 [cluster-ClusterId{value='63e69f2e3d878c607c736d73', description='null'}-ac-o2suyf6-shard-00-01.7qtbnuz.mongodb.net:27017] INFO org.mongodb.driver.cluster - Exception in monitor thread while connecting to server ac-o2suyf6-shard-00-01.7qtbnuz.mongodb.net:27017
com.mongodb.MongoSocketReadTimeoutException: Timeout while receiving message
	at com.mongodb.internal.connection.AsynchronousChannelStream$BasicCompletionHandler.failed(AsynchronousChannelStream.java:263)
	at com.mongodb.internal.connection.AsynchronousChannelStream$BasicCompletionHandler.failed(AsynchronousChannelStream.java:233)
	at com.mongodb.internal.connection.tlschannel.async.AsynchronousTlsChannel.lambda$read$6(AsynchronousTlsChannel.java:123)
	at java.base/java.util.concurrent.Executors$RunnableAdapter.call(Executors.java:539)
	at java.base/java.util.concurrent.FutureTask.run(FutureTask.java:264)
	at java.base/java.util.concurrent.ThreadPoolExecutor.runWorker(ThreadPoolExecutor.java:1136)
	at java.base/java.util.concurrent.ThreadPoolExecutor$Worker.run(ThreadPoolExecutor.java:635)
	at java.base/java.lang.Thread.run(Thread.java:833)
Caused by: java.nio.channels.InterruptedByTimeoutException: null
	at com.mongodb.internal.connection.tlschannel.async.AsynchronousTlsChannelGroup.lambda$startRead$2(AsynchronousTlsChannelGroup.java:309)
	at java.base/java.util.concurrent.Executors$RunnableAdapter.call(Executors.java:539)
	at java.base/java.util.concurrent.FutureTask.run(FutureTask.java:264)
	at java.base/java.util.concurrent.ScheduledThreadPoolExecutor$ScheduledFutureTask.run(ScheduledThreadPoolExecutor.java:304)
	... 3 common frames omitted
20:47:35.656 [cluster-ClusterId{value='63e69f2e3d878c607c736d73', description='null'}-ac-o2suyf6-shard-00-00.7qtbnuz.mongodb.net:27017] INFO org.mongodb.driver.cluster - Exception in monitor thread while connecting to server ac-o2suyf6-shard-00-00.7qtbnuz.mongodb.net:27017
com.mongodb.MongoSocketReadTimeoutException: Timeout while receiving message
	at com.mongodb.internal.connection.AsynchronousChannelStream$BasicCompletionHandler.failed(AsynchronousChannelStream.java:263)
	at com.mongodb.internal.connection.AsynchronousChannelStream$BasicCompletionHandler.failed(AsynchronousChannelStream.java:233)
	at com.mongodb.internal.connection.tlschannel.async.AsynchronousTlsChannel.lambda$read$6(AsynchronousTlsChannel.java:123)
	at java.base/java.util.concurrent.Executors$RunnableAdapter.call(Executors.java:539)
	at java.base/java.util.concurrent.FutureTask.run(FutureTask.java:264)
	at java.base/java.util.concurrent.ThreadPoolExecutor.runWorker(ThreadPoolExecutor.java:1136)
	at java.base/java.util.concurrent.ThreadPoolExecutor$Worker.run(ThreadPoolExecutor.java:635)
	at java.base/java.lang.Thread.run(Thread.java:833)
Caused by: java.nio.channels.InterruptedByTimeoutException: null
	at com.mongodb.internal.connection.tlschannel.async.AsynchronousTlsChannelGroup.lambda$startRead$2(AsynchronousTlsChannelGroup.java:309)
	at java.base/java.util.concurrent.Executors$RunnableAdapter.call(Executors.java:539)
	at java.base/java.util.concurrent.FutureTask.run(FutureTask.java:264)
	at java.base/java.util.concurrent.ScheduledThreadPoolExecutor$ScheduledFutureTask.run(ScheduledThreadPoolExecutor.java:304)
	... 3 common frames omitted
20:47:35.654 [cluster-ClusterId{value='63e69f2e3d878c607c736d73', description='null'}-ac-o2suyf6-shard-00-02.7qtbnuz.mongodb.net:27017] INFO org.mongodb.driver.cluster - Exception in monitor thread while connecting to server ac-o2suyf6-shard-00-02.7qtbnuz.mongodb.net:27017
com.mongodb.MongoSocketReadTimeoutException: Timeout while receiving message
	at com.mongodb.internal.connection.AsynchronousChannelStream$BasicCompletionHandler.failed(AsynchronousChannelStream.java:263)
	at com.mongodb.internal.connection.AsynchronousChannelStream$BasicCompletionHandler.failed(AsynchronousChannelStream.java:233)
	at com.mongodb.internal.connection.tlschannel.async.AsynchronousTlsChannel.lambda$read$6(AsynchronousTlsChannel.java:123)
	at java.base/java.util.concurrent.Executors$RunnableAdapter.call(Executors.java:539)
	at java.base/java.util.concurrent.FutureTask.run(FutureTask.java:264)
	at java.base/java.util.concurrent.ThreadPoolExecutor.runWorker(ThreadPoolExecutor.java:1136)
	at java.base/java.util.concurrent.ThreadPoolExecutor$Worker.run(ThreadPoolExecutor.java:635)
	at java.base/java.lang.Thread.run(Thread.java:833)
Caused by: java.nio.channels.InterruptedByTimeoutException: null
	at com.mongodb.internal.connection.tlschannel.async.AsynchronousTlsChannelGroup.lambda$startRead$2(AsynchronousTlsChannelGroup.java:309)
	at java.base/java.util.concurrent.Executors$RunnableAdapter.call(Executors.java:539)
	at java.base/java.util.concurrent.FutureTask.run(FutureTask.java:264)
	at java.base/java.util.concurrent.ScheduledThreadPoolExecutor$ScheduledFutureTask.run(ScheduledThreadPoolExecutor.java:304)
	... 3 common frames omitted
20:47:35.657 [cluster-ClusterId{value='63e69f2e3d878c607c736d73', description='null'}-ac-o2suyf6-shard-00-01.7qtbnuz.mongodb.net:27017] DEBUG org.mongodb.driver.cluster - Updating cluster description to  {type=REPLICA_SET, servers=[{address=ac-o2suyf6-shard-00-00.7qtbnuz.mongodb.net:27017, type=REPLICA_SET_SECONDARY, TagSet{[Tag{name='nodeType', value='ELECTABLE'}, Tag{name='provider', value='AWS'}, Tag{name='region', value='EU_WEST_3'}, Tag{name='workloadType', value='OPERATIONAL'}]}, roundTripTime=268.4 ms, state=CONNECTED}, {address=ac-o2suyf6-shard-00-02.7qtbnuz.mongodb.net:27017, type=REPLICA_SET_PRIMARY, TagSet{[Tag{name='nodeType', value='ELECTABLE'}, Tag{name='provider', value='AWS'}, Tag{name='region', value='EU_WEST_3'}, Tag{name='workloadType', value='OPERATIONAL'}]}, roundTripTime=268.5 ms, state=CONNECTED}, {address=ac-o2suyf6-shard-00-01.7qtbnuz.mongodb.net:27017, type=UNKNOWN, state=CONNECTING, exception={com.mongodb.MongoSocketReadTimeoutException: Timeout while receiving message}, caused by {java.nio.channels.InterruptedByTimeoutException}}]
20:47:35.659 [cluster-ClusterId{value='63e69f2e3d878c607c736d73', description='null'}-ac-o2suyf6-shard-00-01.7qtbnuz.mongodb.net:27017] DEBUG org.mongodb.driver.connection - Invalidating the connection pool for ServerId{clusterId=ClusterId{value='63e69f2e3d878c607c736d73', description='null'}, address=ac-o2suyf6-shard-00-01.7qtbnuz.mongodb.net:27017} and marking it as 'paused' due to com.mongodb.MongoSocketReadTimeoutException: Timeout while receiving message
20:47:35.659 [MaintenanceTimer-6-thread-1] DEBUG org.mongodb.driver.connection - Pruning pooled connections to ac-o2suyf6-shard-00-01.7qtbnuz.mongodb.net:27017
20:47:35.659 [cluster-ClusterId{value='63e69f2e3d878c607c736d73', description='null'}-ac-o2suyf6-shard-00-02.7qtbnuz.mongodb.net:27017] DEBUG org.mongodb.driver.cluster - Updating cluster description to  {type=REPLICA_SET, servers=[{address=ac-o2suyf6-shard-00-00.7qtbnuz.mongodb.net:27017, type=REPLICA_SET_SECONDARY, TagSet{[Tag{name='nodeType', value='ELECTABLE'}, Tag{name='provider', value='AWS'}, Tag{name='region', value='EU_WEST_3'}, Tag{name='workloadType', value='OPERATIONAL'}]}, roundTripTime=268.4 ms, state=CONNECTED}, {address=ac-o2suyf6-shard-00-02.7qtbnuz.mongodb.net:27017, type=UNKNOWN, state=CONNECTING, exception={com.mongodb.MongoSocketReadTimeoutException: Timeout while receiving message}, caused by {java.nio.channels.InterruptedByTimeoutException}}, {address=ac-o2suyf6-shard-00-01.7qtbnuz.mongodb.net:27017, type=UNKNOWN, state=CONNECTING, exception={com.mongodb.MongoSocketReadTimeoutException: Timeout while receiving message}, caused by {java.nio.channels.InterruptedByTimeoutException}}]
20:47:35.659 [cluster-ClusterId{value='63e69f2e3d878c607c736d73', description='null'}-ac-o2suyf6-shard-00-02.7qtbnuz.mongodb.net:27017] DEBUG org.mongodb.driver.connection - Invalidating the connection pool for ServerId{clusterId=ClusterId{value='63e69f2e3d878c607c736d73', description='null'}, address=ac-o2suyf6-shard-00-02.7qtbnuz.mongodb.net:27017} and marking it as 'paused' due to com.mongodb.MongoSocketReadTimeoutException: Timeout while receiving message
20:47:35.659 [MaintenanceTimer-4-thread-1] DEBUG org.mongodb.driver.connection - Pruning pooled connections to ac-o2suyf6-shard-00-02.7qtbnuz.mongodb.net:27017
20:47:35.659 [cluster-ClusterId{value='63e69f2e3d878c607c736d73', description='null'}-ac-o2suyf6-shard-00-00.7qtbnuz.mongodb.net:27017] DEBUG org.mongodb.driver.cluster - Updating cluster description to  {type=REPLICA_SET, servers=[{address=ac-o2suyf6-shard-00-00.7qtbnuz.mongodb.net:27017, type=UNKNOWN, state=CONNECTING, exception={com.mongodb.MongoSocketReadTimeoutException: Timeout while receiving message}, caused by {java.nio.channels.InterruptedByTimeoutException}}, {address=ac-o2suyf6-shard-00-02.7qtbnuz.mongodb.net:27017, type=UNKNOWN, state=CONNECTING, exception={com.mongodb.MongoSocketReadTimeoutException: Timeout while receiving message}, caused by {java.nio.channels.InterruptedByTimeoutException}}, {address=ac-o2suyf6-shard-00-01.7qtbnuz.mongodb.net:27017, type=UNKNOWN, state=CONNECTING, exception={com.mongodb.MongoSocketReadTimeoutException: Timeout while receiving message}, caused by {java.nio.channels.InterruptedByTimeoutException}}]
20:47:35.659 [cluster-ClusterId{value='63e69f2e3d878c607c736d73', description='null'}-ac-o2suyf6-shard-00-00.7qtbnuz.mongodb.net:27017] DEBUG org.mongodb.driver.connection - Invalidating the connection pool for ServerId{clusterId=ClusterId{value='63e69f2e3d878c607c736d73', description='null'}, address=ac-o2suyf6-shard-00-00.7qtbnuz.mongodb.net:27017} and marking it as 'paused' due to com.mongodb.MongoSocketReadTimeoutException: Timeout while receiving message
20:47:35.659 [MaintenanceTimer-2-thread-1] DEBUG org.mongodb.driver.connection - Pruning pooled connections to ac-o2suyf6-shard-00-00.7qtbnuz.mongodb.net:27017
20:47:35.661 [MaintenanceTimer-4-thread-1] DEBUG org.mongodb.driver.connection - Closed connection [connectionId{localValue:7, serverValue:268592}] to ac-o2suyf6-shard-00-02.7qtbnuz.mongodb.net:27017 because there was a socket exception raised on another connection from this pool.
20:47:35.661 [MaintenanceTimer-4-thread-1] DEBUG org.mongodb.driver.connection - Closing connection connectionId{localValue:7, serverValue:268592}
20:47:35.747 [cluster-rtt-ClusterId{value='63e69f2e3d878c607c736d73', description='null'}-ac-o2suyf6-shard-00-00.7qtbnuz.mongodb.net:27017] DEBUG org.mongodb.driver.protocol.command - Sending command '{"hello": 1, "$db": "admin", "$clusterTime": {"clusterTime": {"$timestamp": {"t": 1676058451, "i": 2}}, "signature": {"hash": {"$binary": {"base64": "U/D8oUGoURUetwbhkwpON5Nv4aE=", "subType": "00"}}, "keyId": 7161871216054108163}}}' with request id 55 to database admin on connection [connectionId{localValue:1, serverValue:269192}] to server ac-o2suyf6-shard-00-00.7qtbnuz.mongodb.net:27017
20:47:35.747 [cluster-rtt-ClusterId{value='63e69f2e3d878c607c736d73', description='null'}-ac-o2suyf6-shard-00-02.7qtbnuz.mongodb.net:27017] DEBUG org.mongodb.driver.protocol.command - Sending command '{"hello": 1, "$db": "admin", "$clusterTime": {"clusterTime": {"$timestamp": {"t": 1676058451, "i": 2}}, "signature": {"hash": {"$binary": {"base64": "U/D8oUGoURUetwbhkwpON5Nv4aE=", "subType": "00"}}, "keyId": 7161871216054108163}}}' with request id 56 to database admin on connection [connectionId{localValue:4, serverValue:268608}] to server ac-o2suyf6-shard-00-02.7qtbnuz.mongodb.net:27017
20:47:35.747 [cluster-rtt-ClusterId{value='63e69f2e3d878c607c736d73', description='null'}-ac-o2suyf6-shard-00-01.7qtbnuz.mongodb.net:27017] DEBUG org.mongodb.driver.protocol.command - Sending command '{"hello": 1, "$db": "admin", "$clusterTime": {"clusterTime": {"$timestamp": {"t": 1676058451, "i": 2}}, "signature": {"hash": {"$binary": {"base64": "U/D8oUGoURUetwbhkwpON5Nv4aE=", "subType": "00"}}, "keyId": 7161871216054108163}}}' with request id 57 to database admin on connection [connectionId{localValue:6, serverValue:264658}] to server ac-o2suyf6-shard-00-01.7qtbnuz.mongodb.net:27017
20:47:35.783 [cluster-rtt-ClusterId{value='63e69f2e3d878c607c736d73', description='null'}-ac-o2suyf6-shard-00-00.7qtbnuz.mongodb.net:27017] DEBUG org.mongodb.driver.protocol.command - Execution of command with request id 55 completed successfully in 37.42 ms on connection [connectionId{localValue:1, serverValue:269192}] to server ac-o2suyf6-shard-00-00.7qtbnuz.mongodb.net:27017
20:47:35.783 [cluster-rtt-ClusterId{value='63e69f2e3d878c607c736d73', description='null'}-ac-o2suyf6-shard-00-01.7qtbnuz.mongodb.net:27017] DEBUG org.mongodb.driver.protocol.command - Execution of command with request id 57 completed successfully in 36.99 ms on connection [connectionId{localValue:6, serverValue:264658}] to server ac-o2suyf6-shard-00-01.7qtbnuz.mongodb.net:27017
20:47:35.791 [cluster-rtt-ClusterId{value='63e69f2e3d878c607c736d73', description='null'}-ac-o2suyf6-shard-00-02.7qtbnuz.mongodb.net:27017] DEBUG org.mongodb.driver.protocol.command - Execution of command with request id 56 completed successfully in 43.91 ms on connection [connectionId{localValue:4, serverValue:268608}] to server ac-o2suyf6-shard-00-02.7qtbnuz.mongodb.net:27017
20:47:35.826 [cluster-ClusterId{value='63e69f2e3d878c607c736d73', description='null'}-ac-o2suyf6-shard-00-01.7qtbnuz.mongodb.net:27017] INFO org.mongodb.driver.connection - Opened connection [connectionId{localValue:8, serverValue:264668}] to ac-o2suyf6-shard-00-01.7qtbnuz.mongodb.net:27017
20:47:35.826 [cluster-ClusterId{value='63e69f2e3d878c607c736d73', description='null'}-ac-o2suyf6-shard-00-02.7qtbnuz.mongodb.net:27017] INFO org.mongodb.driver.connection - Opened connection [connectionId{localValue:9, serverValue:268601}] to ac-o2suyf6-shard-00-02.7qtbnuz.mongodb.net:27017
20:47:35.826 [cluster-ClusterId{value='63e69f2e3d878c607c736d73', description='null'}-ac-o2suyf6-shard-00-00.7qtbnuz.mongodb.net:27017] INFO org.mongodb.driver.connection - Opened connection [connectionId{localValue:10, serverValue:269201}] to ac-o2suyf6-shard-00-00.7qtbnuz.mongodb.net:27017
20:47:35.826 [cluster-ClusterId{value='63e69f2e3d878c607c736d73', description='null'}-ac-o2suyf6-shard-00-01.7qtbnuz.mongodb.net:27017] INFO org.mongodb.driver.cluster - Monitor thread successfully connected to server with description ServerDescription{address=ac-o2suyf6-shard-00-01.7qtbnuz.mongodb.net:27017, type=REPLICA_SET_SECONDARY, state=CONNECTED, ok=true, minWireVersion=0, maxWireVersion=13, maxDocumentSize=16777216, logicalSessionTimeoutMinutes=30, roundTripTimeNanos=85467200, setName='atlas-kaecge-shard-0', canonicalAddress=ac-o2suyf6-shard-00-01.7qtbnuz.mongodb.net:27017, hosts=[ac-o2suyf6-shard-00-01.7qtbnuz.mongodb.net:27017, ac-o2suyf6-shard-00-00.7qtbnuz.mongodb.net:27017, ac-o2suyf6-shard-00-02.7qtbnuz.mongodb.net:27017], passives=[], arbiters=[], primary='ac-o2suyf6-shard-00-02.7qtbnuz.mongodb.net:27017', tagSet=TagSet{[Tag{name='nodeType', value='ELECTABLE'}, Tag{name='provider', value='AWS'}, Tag{name='region', value='EU_WEST_3'}, Tag{name='workloadType', value='OPERATIONAL'}]}, electionId=null, setVersion=2, topologyVersion=TopologyVersion{processId=63d2df20846ff8d608cb12a0, counter=3}, lastWriteDate=Fri Feb 10 20:47:32 CET 2023, lastUpdateTimeNanos=1578960112743400}
20:47:35.827 [cluster-ClusterId{value='63e69f2e3d878c607c736d73', description='null'}-ac-o2suyf6-shard-00-02.7qtbnuz.mongodb.net:27017] INFO org.mongodb.driver.cluster - Monitor thread successfully connected to server with description ServerDescription{address=ac-o2suyf6-shard-00-02.7qtbnuz.mongodb.net:27017, type=REPLICA_SET_PRIMARY, state=CONNECTED, ok=true, minWireVersion=0, maxWireVersion=13, maxDocumentSize=16777216, logicalSessionTimeoutMinutes=30, roundTripTimeNanos=85749300, setName='atlas-kaecge-shard-0', canonicalAddress=ac-o2suyf6-shard-00-02.7qtbnuz.mongodb.net:27017, hosts=[ac-o2suyf6-shard-00-01.7qtbnuz.mongodb.net:27017, ac-o2suyf6-shard-00-00.7qtbnuz.mongodb.net:27017, ac-o2suyf6-shard-00-02.7qtbnuz.mongodb.net:27017], passives=[], arbiters=[], primary='ac-o2suyf6-shard-00-02.7qtbnuz.mongodb.net:27017', tagSet=TagSet{[Tag{name='nodeType', value='ELECTABLE'}, Tag{name='provider', value='AWS'}, Tag{name='region', value='EU_WEST_3'}, Tag{name='workloadType', value='OPERATIONAL'}]}, electionId=7fffffff000000000000001b, setVersion=2, topologyVersion=TopologyVersion{processId=63d2ddec9b5717a95fe9a7d0, counter=6}, lastWriteDate=Fri Feb 10 20:47:32 CET 2023, lastUpdateTimeNanos=1578960112940200}
20:47:35.827 [cluster-ClusterId{value='63e69f2e3d878c607c736d73', description='null'}-ac-o2suyf6-shard-00-01.7qtbnuz.mongodb.net:27017] DEBUG org.mongodb.driver.connection - Marking the connection pool for ServerId{clusterId=ClusterId{value='63e69f2e3d878c607c736d73', description='null'}, address=ac-o2suyf6-shard-00-01.7qtbnuz.mongodb.net:27017} as 'ready'
20:47:35.827 [MaintenanceTimer-6-thread-1] DEBUG org.mongodb.driver.connection - Pruning pooled connections to ac-o2suyf6-shard-00-01.7qtbnuz.mongodb.net:27017
20:47:35.827 [cluster-ClusterId{value='63e69f2e3d878c607c736d73', description='null'}-ac-o2suyf6-shard-00-00.7qtbnuz.mongodb.net:27017] INFO org.mongodb.driver.cluster - Monitor thread successfully connected to server with description ServerDescription{address=ac-o2suyf6-shard-00-00.7qtbnuz.mongodb.net:27017, type=REPLICA_SET_SECONDARY, state=CONNECTED, ok=true, minWireVersion=0, maxWireVersion=13, maxDocumentSize=16777216, logicalSessionTimeoutMinutes=30, roundTripTimeNanos=86122300, setName='atlas-kaecge-shard-0', canonicalAddress=ac-o2suyf6-shard-00-00.7qtbnuz.mongodb.net:27017, hosts=[ac-o2suyf6-shard-00-01.7qtbnuz.mongodb.net:27017, ac-o2suyf6-shard-00-00.7qtbnuz.mongodb.net:27017, ac-o2suyf6-shard-00-02.7qtbnuz.mongodb.net:27017], passives=[], arbiters=[], primary='ac-o2suyf6-shard-00-02.7qtbnuz.mongodb.net:27017', tagSet=TagSet{[Tag{name='nodeType', value='ELECTABLE'}, Tag{name='provider', value='AWS'}, Tag{name='region', value='EU_WEST_3'}, Tag{name='workloadType', value='OPERATIONAL'}]}, electionId=null, setVersion=2, topologyVersion=TopologyVersion{processId=63d2dcc17e78c4cb32f7500c, counter=4}, lastWriteDate=Fri Feb 10 20:47:32 CET 2023, lastUpdateTimeNanos=1578960112940200}
20:47:35.827 [cluster-ClusterId{value='63e69f2e3d878c607c736d73', description='null'}-ac-o2suyf6-shard-00-01.7qtbnuz.mongodb.net:27017] DEBUG org.mongodb.driver.cluster - Updating cluster description to  {type=REPLICA_SET, servers=[{address=ac-o2suyf6-shard-00-00.7qtbnuz.mongodb.net:27017, type=UNKNOWN, state=CONNECTING, exception={com.mongodb.MongoSocketReadTimeoutException: Timeout while receiving message}, caused by {java.nio.channels.InterruptedByTimeoutException}}, {address=ac-o2suyf6-shard-00-02.7qtbnuz.mongodb.net:27017, type=UNKNOWN, state=CONNECTING, exception={com.mongodb.MongoSocketReadTimeoutException: Timeout while receiving message}, caused by {java.nio.channels.InterruptedByTimeoutException}}, {address=ac-o2suyf6-shard-00-01.7qtbnuz.mongodb.net:27017, type=REPLICA_SET_SECONDARY, TagSet{[Tag{name='nodeType', value='ELECTABLE'}, Tag{name='provider', value='AWS'}, Tag{name='region', value='EU_WEST_3'}, Tag{name='workloadType', value='OPERATIONAL'}]}, roundTripTime=85.5 ms, state=CONNECTED}]
20:47:35.827 [cluster-ClusterId{value='63e69f2e3d878c607c736d73', description='null'}-ac-o2suyf6-shard-00-01.7qtbnuz.mongodb.net:27017] DEBUG org.mongodb.driver.cluster - Checking status of ac-o2suyf6-shard-00-01.7qtbnuz.mongodb.net:27017
20:47:35.827 [cluster-ClusterId{value='63e69f2e3d878c607c736d73', description='null'}-ac-o2suyf6-shard-00-00.7qtbnuz.mongodb.net:27017] DEBUG org.mongodb.driver.connection - Marking the connection pool for ServerId{clusterId=ClusterId{value='63e69f2e3d878c607c736d73', description='null'}, address=ac-o2suyf6-shard-00-00.7qtbnuz.mongodb.net:27017} as 'ready'
20:47:35.827 [MaintenanceTimer-2-thread-1] DEBUG org.mongodb.driver.connection - Pruning pooled connections to ac-o2suyf6-shard-00-00.7qtbnuz.mongodb.net:27017
20:47:35.827 [cluster-ClusterId{value='63e69f2e3d878c607c736d73', description='null'}-ac-o2suyf6-shard-00-00.7qtbnuz.mongodb.net:27017] DEBUG org.mongodb.driver.cluster - Updating cluster description to  {type=REPLICA_SET, servers=[{address=ac-o2suyf6-shard-00-00.7qtbnuz.mongodb.net:27017, type=REPLICA_SET_SECONDARY, TagSet{[Tag{name='nodeType', value='ELECTABLE'}, Tag{name='provider', value='AWS'}, Tag{name='region', value='EU_WEST_3'}, Tag{name='workloadType', value='OPERATIONAL'}]}, roundTripTime=86.1 ms, state=CONNECTED}, {address=ac-o2suyf6-shard-00-02.7qtbnuz.mongodb.net:27017, type=UNKNOWN, state=CONNECTING, exception={com.mongodb.MongoSocketReadTimeoutException: Timeout while receiving message}, caused by {java.nio.channels.InterruptedByTimeoutException}}, {address=ac-o2suyf6-shard-00-01.7qtbnuz.mongodb.net:27017, type=REPLICA_SET_SECONDARY, TagSet{[Tag{name='nodeType', value='ELECTABLE'}, Tag{name='provider', value='AWS'}, Tag{name='region', value='EU_WEST_3'}, Tag{name='workloadType', value='OPERATIONAL'}]}, roundTripTime=85.5 ms, state=CONNECTED}]
20:47:35.827 [cluster-ClusterId{value='63e69f2e3d878c607c736d73', description='null'}-ac-o2suyf6-shard-00-00.7qtbnuz.mongodb.net:27017] DEBUG org.mongodb.driver.cluster - Checking status of ac-o2suyf6-shard-00-00.7qtbnuz.mongodb.net:27017
20:47:35.827 [cluster-ClusterId{value='63e69f2e3d878c607c736d73', description='null'}-ac-o2suyf6-shard-00-02.7qtbnuz.mongodb.net:27017] DEBUG org.mongodb.driver.connection - Marking the connection pool for ServerId{clusterId=ClusterId{value='63e69f2e3d878c607c736d73', description='null'}, address=ac-o2suyf6-shard-00-02.7qtbnuz.mongodb.net:27017} as 'ready'
20:47:35.827 [MaintenanceTimer-4-thread-1] DEBUG org.mongodb.driver.connection - Pruning pooled connections to ac-o2suyf6-shard-00-02.7qtbnuz.mongodb.net:27017
20:47:35.827 [cluster-ClusterId{value='63e69f2e3d878c607c736d73', description='null'}-ac-o2suyf6-shard-00-02.7qtbnuz.mongodb.net:27017] INFO org.mongodb.driver.cluster - Discovered replica set primary ac-o2suyf6-shard-00-02.7qtbnuz.mongodb.net:27017
20:47:35.828 [cluster-ClusterId{value='63e69f2e3d878c607c736d73', description='null'}-ac-o2suyf6-shard-00-02.7qtbnuz.mongodb.net:27017] DEBUG org.mongodb.driver.cluster - Updating cluster description to  {type=REPLICA_SET, servers=[{address=ac-o2suyf6-shard-00-00.7qtbnuz.mongodb.net:27017, type=REPLICA_SET_SECONDARY, TagSet{[Tag{name='nodeType', value='ELECTABLE'}, Tag{name='provider', value='AWS'}, Tag{name='region', value='EU_WEST_3'}, Tag{name='workloadType', value='OPERATIONAL'}]}, roundTripTime=86.1 ms, state=CONNECTED}, {address=ac-o2suyf6-shard-00-02.7qtbnuz.mongodb.net:27017, type=REPLICA_SET_PRIMARY, TagSet{[Tag{name='nodeType', value='ELECTABLE'}, Tag{name='provider', value='AWS'}, Tag{name='region', value='EU_WEST_3'}, Tag{name='workloadType', value='OPERATIONAL'}]}, roundTripTime=85.7 ms, state=CONNECTED}, {address=ac-o2suyf6-shard-00-01.7qtbnuz.mongodb.net:27017, type=REPLICA_SET_SECONDARY, TagSet{[Tag{name='nodeType', value='ELECTABLE'}, Tag{name='provider', value='AWS'}, Tag{name='region', value='EU_WEST_3'}, Tag{name='workloadType', value='OPERATIONAL'}]}, roundTripTime=85.5 ms, state=CONNECTED}]
20:47:35.828 [cluster-ClusterId{value='63e69f2e3d878c607c736d73', description='null'}-ac-o2suyf6-shard-00-02.7qtbnuz.mongodb.net:27017] DEBUG org.mongodb.driver.cluster - Checking status of ac-o2suyf6-shard-00-02.7qtbnuz.mongodb.net:27017
20:47:36.075 [Test worker] DEBUG io.mockk.impl.instantiation.AbstractMockFactory - Creating mockk for MaquinaRepositoryCached name=repoM#628
20:47:36.075 [Test worker] DEBUG io.mockk.impl.instantiation.AbstractMockFactory - Creating mockk for PedidoRepositoryCached name=repoPedido#629
20:47:36.075 [Test worker] DEBUG io.mockk.impl.instantiation.AbstractMockFactory - Creating mockk for ProductoRepositoryCached name=repoProd#630
20:47:36.075 [Test worker] DEBUG io.mockk.impl.instantiation.AbstractMockFactory - Creating mockk for TareaRepositoryCached name=repoTarea#631
20:47:36.075 [Test worker] DEBUG io.mockk.impl.instantiation.AbstractMockFactory - Creating mockk for TurnoRepositoryCached name=repoTurno#632
20:47:36.075 [Test worker] DEBUG io.mockk.impl.instantiation.AbstractMockFactory - Creating mockk for UserRepositoryCached name=repoUser#633
20:47:36.080 [Test worker @coroutine#566] DEBUG io.mockk.impl.instantiation.AbstractMockFactory - Creating mockk for Tarea name=child of repoTarea#631#634
20:47:36.082 [Test worker @coroutine#566] DEBUG io.mockk.impl.instantiation.AbstractMockFactory - Creating mockk for Tarea name=child of repoTarea#631#635
20:47:36.605 [Test worker] DEBUG io.mockk.impl.instantiation.AbstractMockFactory - Creating mockk for MaquinaRepositoryCached name=repoM#636
20:47:36.606 [Test worker] DEBUG io.mockk.impl.instantiation.AbstractMockFactory - Creating mockk for PedidoRepositoryCached name=repoPedido#637
20:47:36.606 [Test worker] DEBUG io.mockk.impl.instantiation.AbstractMockFactory - Creating mockk for ProductoRepositoryCached name=repoProd#638
20:47:36.606 [Test worker] DEBUG io.mockk.impl.instantiation.AbstractMockFactory - Creating mockk for TareaRepositoryCached name=repoTarea#639
20:47:36.606 [Test worker] DEBUG io.mockk.impl.instantiation.AbstractMockFactory - Creating mockk for TurnoRepositoryCached name=repoTurno#640
20:47:36.606 [Test worker] DEBUG io.mockk.impl.instantiation.AbstractMockFactory - Creating mockk for UserRepositoryCached name=repoUser#641
20:47:36.611 [Test worker @coroutine#574] DEBUG io.mockk.impl.instantiation.AbstractMockFactory - Creating mockk for User name=child of repoUser#641#642
20:47:36.613 [Test worker @coroutine#574] DEBUG io.mockk.impl.instantiation.AbstractMockFactory - Creating mockk for User name=child of repoUser#641#643
20:47:37.149 [Test worker] DEBUG io.mockk.impl.instantiation.AbstractMockFactory - Creating mockk for MaquinaRepositoryCached name=repoM#644
20:47:37.149 [Test worker] DEBUG io.mockk.impl.instantiation.AbstractMockFactory - Creating mockk for PedidoRepositoryCached name=repoPedido#645
20:47:37.149 [Test worker] DEBUG io.mockk.impl.instantiation.AbstractMockFactory - Creating mockk for ProductoRepositoryCached name=repoProd#646
20:47:37.149 [Test worker] DEBUG io.mockk.impl.instantiation.AbstractMockFactory - Creating mockk for TareaRepositoryCached name=repoTarea#647
20:47:37.149 [Test worker] DEBUG io.mockk.impl.instantiation.AbstractMockFactory - Creating mockk for TurnoRepositoryCached name=repoTurno#648
20:47:37.149 [Test worker] DEBUG io.mockk.impl.instantiation.AbstractMockFactory - Creating mockk for UserRepositoryCached name=repoUser#649
20:47:37.156 [Test worker @coroutine#582] DEBUG io.mockk.impl.instantiation.AbstractMockFactory - Creating mockk for User name=child of repoUser#649#650
20:47:37.158 [Test worker @coroutine#582] DEBUG io.mockk.impl.instantiation.AbstractMockFactory - Creating mockk for User name=child of repoUser#649#651
20:47:37.161 [Test worker @coroutine#582] DEBUG io.mockk.impl.instantiation.AbstractMockFactory - Creating mockk for User name=child of repoUser#649#652
20:47:37.163 [Test worker @coroutine#582] DEBUG io.mockk.impl.instantiation.AbstractMockFactory - Creating mockk for User name=child of repoUser#649#653
20:47:37.694 [Test worker] DEBUG io.mockk.impl.instantiation.AbstractMockFactory - Creating mockk for MaquinaRepositoryCached name=repoM#654
20:47:37.694 [Test worker] DEBUG io.mockk.impl.instantiation.AbstractMockFactory - Creating mockk for PedidoRepositoryCached name=repoPedido#655
20:47:37.694 [Test worker] DEBUG io.mockk.impl.instantiation.AbstractMockFactory - Creating mockk for ProductoRepositoryCached name=repoProd#656
20:47:37.694 [Test worker] DEBUG io.mockk.impl.instantiation.AbstractMockFactory - Creating mockk for TareaRepositoryCached name=repoTarea#657
20:47:37.694 [Test worker] DEBUG io.mockk.impl.instantiation.AbstractMockFactory - Creating mockk for TurnoRepositoryCached name=repoTurno#658
20:47:37.694 [Test worker] DEBUG io.mockk.impl.instantiation.AbstractMockFactory - Creating mockk for UserRepositoryCached name=repoUser#659
20:47:37.700 [Test worker @coroutine#592] DEBUG io.mockk.impl.instantiation.AbstractMockFactory - Creating mockk for Producto name=child of repoProd#656#660
20:47:38.287 [Test worker] DEBUG io.mockk.impl.instantiation.AbstractMockFactory - Creating mockk for MaquinaRepositoryCached name=repoM#661
20:47:38.287 [Test worker] DEBUG io.mockk.impl.instantiation.AbstractMockFactory - Creating mockk for PedidoRepositoryCached name=repoPedido#662
20:47:38.287 [Test worker] DEBUG io.mockk.impl.instantiation.AbstractMockFactory - Creating mockk for ProductoRepositoryCached name=repoProd#663
20:47:38.288 [Test worker] DEBUG io.mockk.impl.instantiation.AbstractMockFactory - Creating mockk for TareaRepositoryCached name=repoTarea#664
20:47:38.288 [Test worker] DEBUG io.mockk.impl.instantiation.AbstractMockFactory - Creating mockk for TurnoRepositoryCached name=repoTurno#665
20:47:38.288 [Test worker] DEBUG io.mockk.impl.instantiation.AbstractMockFactory - Creating mockk for UserRepositoryCached name=repoUser#666
20:47:38.295 [Test worker @coroutine#596] DEBUG io.mockk.impl.instantiation.AbstractMockFactory - Creating mockk for Producto name=child of repoProd#663#667
20:47:38.297 [Test worker @coroutine#596] DEBUG io.mockk.impl.instantiation.AbstractMockFactory - Creating mockk for Producto name=child of repoProd#663#668
20:47:38.299 [DefaultDispatcher-worker-2 @coroutine#601] DEBUG io.mockk.impl.recording.states.AnsweringState - Answering Producto(id=63e69f5a3d878c607c73706d, uuid=93a98d69-0004-48a7-b34f-05b596ea83aa, tipo=FUNDAS, marca=MarcaZ, modelo=ModeloZ, precio=36.4, stock=8) on ProductoRepositoryCached(repoProd#663).findByUUID(93a98d69-0004-48a7-b34f-05b596ea83aa, continuation {})
20:47:38.299 [DefaultDispatcher-worker-2 @coroutine#601] DEBUG io.mockk.impl.recording.states.AnsweringState - Answering null on ProductoRepositoryCached(repoProd#663).delete(63e69f5a3d878c607c73706d, continuation {})
20:47:38.878 [Test worker] DEBUG io.mockk.impl.instantiation.AbstractMockFactory - Creating mockk for MaquinaRepositoryCached name=repoM#669
20:47:38.879 [Test worker] DEBUG io.mockk.impl.instantiation.AbstractMockFactory - Creating mockk for PedidoRepositoryCached name=repoPedido#670
20:47:38.879 [Test worker] DEBUG io.mockk.impl.instantiation.AbstractMockFactory - Creating mockk for ProductoRepositoryCached name=repoProd#671
20:47:38.879 [Test worker] DEBUG io.mockk.impl.instantiation.AbstractMockFactory - Creating mockk for TareaRepositoryCached name=repoTarea#672
20:47:38.879 [Test worker] DEBUG io.mockk.impl.instantiation.AbstractMockFactory - Creating mockk for TurnoRepositoryCached name=repoTurno#673
20:47:38.879 [Test worker] DEBUG io.mockk.impl.instantiation.AbstractMockFactory - Creating mockk for UserRepositoryCached name=repoUser#674
20:47:38.885 [Test worker @coroutine#604] DEBUG io.mockk.impl.instantiation.AbstractMockFactory - Creating mockk for Maquina name=child of repoM#669#675
20:47:38.888 [DefaultDispatcher-worker-2 @coroutine#607] DEBUG io.mockk.impl.recording.states.AnsweringState - Answering null on MaquinaRepositoryCached(repoM#669).findByUUID(e271e09b-14db-481a-a9d3-e8603f9c675b, continuation {})
]]></system-out>
  <system-err><![CDATA[]]></system-err>
</testsuite>
