<?xml version="1.0" encoding="UTF-8"?>
<testsuite name="koin.controllers.ControllerTest" tests="88" skipped="0" failures="0" errors="0" timestamp="2023-02-05T12:51:39" hostname="LOLI-LAPTOP" time="68.937">
  <properties/>
  <testcase name="findPedidoNotExistsById()" classname="koin.controllers.ControllerTest" time="0.457"/>
  <testcase name="createUserIncorrect()" classname="koin.controllers.ControllerTest" time="0.089"/>
  <testcase name="deleteUserIncorrectToken()" classname="koin.controllers.ControllerTest" time="0.041"/>
  <testcase name="createTurnoIncorrect()" classname="koin.controllers.ControllerTest" time="0.059"/>
  <testcase name="findAllUsersSuccess()" classname="koin.controllers.ControllerTest" time="0.16"/>
  <testcase name="findAllTurnosError()" classname="koin.controllers.ControllerTest" time="0.012"/>
  <testcase name="setFinalizadoTurnoIncorrectToken()" classname="koin.controllers.ControllerTest" time="0.014"/>
  <testcase name="deleteTurnoIncorrectNull()" classname="koin.controllers.ControllerTest" time="0.013"/>
  <testcase name="createMaquinaCorrect()" classname="koin.controllers.ControllerTest" time="0.091"/>
  <testcase name="deleteProductoCorrect()" classname="koin.controllers.ControllerTest" time="0.071"/>
  <testcase name="setInactiveUserIncorrectNull()" classname="koin.controllers.ControllerTest" time="0.011"/>
  <testcase name="createTareaCorrect()" classname="koin.controllers.ControllerTest" time="1.687"/>
  <testcase name="deleteTurnoIncorrect()" classname="koin.controllers.ControllerTest" time="0.015"/>
  <testcase name="createProductoCorrect()" classname="koin.controllers.ControllerTest" time="0.01"/>
  <testcase name="decreaseStockProductoCorrect()" classname="koin.controllers.ControllerTest" time="0.031"/>
  <testcase name="findMaquinaById()" classname="koin.controllers.ControllerTest" time="0.01"/>
  <testcase name="setInactiveMaquinaIncorrectToken()" classname="koin.controllers.ControllerTest" time="0.011"/>
  <testcase name="deleteMaquinaCorrect()" classname="koin.controllers.ControllerTest" time="0.014"/>
  <testcase name="setFinalizadaTareaIncorrectToken()" classname="koin.controllers.ControllerTest" time="0.012"/>
  <testcase name="createPedidoCorrect()" classname="koin.controllers.ControllerTest" time="0.576"/>
  <testcase name="setInactiveMaquinaIncorrectNull()" classname="koin.controllers.ControllerTest" time="0.01"/>
  <testcase name="deleteMaquinaIncorrectToken()" classname="koin.controllers.ControllerTest" time="0.011"/>
  <testcase name="deleteMaquinaIncorrect()" classname="koin.controllers.ControllerTest" time="0.009"/>
  <testcase name="setInactiveMaquinaCorrect()" classname="koin.controllers.ControllerTest" time="0.014"/>
  <testcase name="deleteTareaIncorrectNull()" classname="koin.controllers.ControllerTest" time="0.015"/>
  <testcase name="findAllTareasSuccess()" classname="koin.controllers.ControllerTest" time="0.071"/>
  <testcase name="findAllPedidosError()" classname="koin.controllers.ControllerTest" time="0.018"/>
  <testcase name="setFinalizadoTurnoCorrect()" classname="koin.controllers.ControllerTest" time="0.23"/>
  <testcase name="findAllProductosError()" classname="koin.controllers.ControllerTest" time="0.01"/>
  <testcase name="findAllPedidosSuccess()" classname="koin.controllers.ControllerTest" time="0.133"/>
  <testcase name="findUserNotExistsByUUID()" classname="koin.controllers.ControllerTest" time="0.011"/>
  <testcase name="findTareaById()" classname="koin.controllers.ControllerTest" time="0.053"/>
  <testcase name="deleteProductoIncorrect()" classname="koin.controllers.ControllerTest" time="0.01"/>
  <testcase name="setFinalizadaTareaIncorrectNull()" classname="koin.controllers.ControllerTest" time="0.015"/>
  <testcase name="deleteTareaCorrect()" classname="koin.controllers.ControllerTest" time="0.068"/>
  <testcase name="findAllTareasError()" classname="koin.controllers.ControllerTest" time="0.007"/>
  <testcase name="deletePedidoIncorrect()" classname="koin.controllers.ControllerTest" time="0.012"/>
  <testcase name="setFinalizadoTurnoIncorrectNull()" classname="koin.controllers.ControllerTest" time="0.011"/>
  <testcase name="createPedidoIncorrect()" classname="koin.controllers.ControllerTest" time="0.007"/>
  <testcase name="deleteTareaIncorrectToken()" classname="koin.controllers.ControllerTest" time="0.012"/>
  <testcase name="findUserById()" classname="koin.controllers.ControllerTest" time="0.009"/>
  <testcase name="decreaseStockProductoIncorrectToken()" classname="koin.controllers.ControllerTest" time="0.011"/>
  <testcase name="findAllMaquinasSuccess()" classname="koin.controllers.ControllerTest" time="0.014"/>
  <testcase name="findTurnoNotExistsById()" classname="koin.controllers.ControllerTest" time="0.01"/>
  <testcase name="createPedidoIncorrectToken()" classname="koin.controllers.ControllerTest" time="0.008"/>
  <testcase name="deleteMaquinaIncorrectNull()" classname="koin.controllers.ControllerTest" time="0.013"/>
  <testcase name="findUserByUUID()" classname="koin.controllers.ControllerTest" time="0.009"/>
  <testcase name="createMaquinaIncorrectToken()" classname="koin.controllers.ControllerTest" time="0.007"/>
  <testcase name="createProductoIncorrectToken()" classname="koin.controllers.ControllerTest" time="0.008"/>
  <testcase name="findTurnoById()" classname="koin.controllers.ControllerTest" time="0.14"/>
  <testcase name="findAllTurnosSuccess()" classname="koin.controllers.ControllerTest" time="0.135"/>
  <testcase name="deleteUserIncorrect()" classname="koin.controllers.ControllerTest" time="0.012"/>
  <testcase name="setInactiveUserIncorrectToken()" classname="koin.controllers.ControllerTest" time="0.01"/>
  <testcase name="deletePedidoIncorrectNull()" classname="koin.controllers.ControllerTest" time="0.019"/>
  <testcase name="createTareaIncorrectToken()" classname="koin.controllers.ControllerTest" time="0.007"/>
  <testcase name="findPedidoById()" classname="koin.controllers.ControllerTest" time="0.102"/>
  <testcase name="findAllProductosSuccess()" classname="koin.controllers.ControllerTest" time="0.009"/>
  <testcase name="setFinalizadaTareaIncorrect()" classname="koin.controllers.ControllerTest" time="0.008"/>
  <testcase name="deleteTurnoIncorrectToken()" classname="koin.controllers.ControllerTest" time="0.009"/>
  <testcase name="setInactiveUserCorrect()" classname="koin.controllers.ControllerTest" time="0.01"/>
  <testcase name="setInactiveMaquinaIncorrect()" classname="koin.controllers.ControllerTest" time="0.01"/>
  <testcase name="createTurnoCorrect()" classname="koin.controllers.ControllerTest" time="0.316"/>
  <testcase name="findAllUsersError()" classname="koin.controllers.ControllerTest" time="0.009"/>
  <testcase name="findTareaNotExistsById()" classname="koin.controllers.ControllerTest" time="0.007"/>
  <testcase name="deleteProductoIncorrectToken()" classname="koin.controllers.ControllerTest" time="0.009"/>
  <testcase name="deleteUserCorrect()" classname="koin.controllers.ControllerTest" time="0.01"/>
  <testcase name="setFinalizadaTareaCorrect()" classname="koin.controllers.ControllerTest" time="0.051"/>
  <testcase name="findProductoById()" classname="koin.controllers.ControllerTest" time="0.009"/>
  <testcase name="deletePedidoCorrect()" classname="koin.controllers.ControllerTest" time="0.12"/>
  <testcase name="findProductoNotExistsById()" classname="koin.controllers.ControllerTest" time="0.009"/>
  <testcase name="setFinalizadoTurnoIncorrect()" classname="koin.controllers.ControllerTest" time="0.011"/>
  <testcase name="createMaquinaIncorrect()" classname="koin.controllers.ControllerTest" time="0.005"/>
  <testcase name="createTurnoIncorrectToken()" classname="koin.controllers.ControllerTest" time="0.007"/>
  <testcase name="createTareaIncorrect()" classname="koin.controllers.ControllerTest" time="0.009"/>
  <testcase name="deleteUserIncorrectNull()" classname="koin.controllers.ControllerTest" time="0.01"/>
  <testcase name="findUserNotExistsById()" classname="koin.controllers.ControllerTest" time="0.008"/>
  <testcase name="decreaseStockProductoIncorrect()" classname="koin.controllers.ControllerTest" time="0.009"/>
  <testcase name="deletePedidoIncorrectToken()" classname="koin.controllers.ControllerTest" time="0.009"/>
  <testcase name="createUserCorrect()" classname="koin.controllers.ControllerTest" time="0.371"/>
  <testcase name="decreaseStockProductoIncorrectNull()" classname="koin.controllers.ControllerTest" time="0.011"/>
  <testcase name="deleteTurnoCorrect()" classname="koin.controllers.ControllerTest" time="0.154"/>
  <testcase name="findAllMaquinasError()" classname="koin.controllers.ControllerTest" time="0.007"/>
  <testcase name="deleteTareaIncorrect()" classname="koin.controllers.ControllerTest" time="0.01"/>
  <testcase name="setInactiveUserIncorrect()" classname="koin.controllers.ControllerTest" time="0.01"/>
  <testcase name="createUserIncorrectToken()" classname="koin.controllers.ControllerTest" time="0.012"/>
  <testcase name="createProductoIncorrect()" classname="koin.controllers.ControllerTest" time="0.006"/>
  <testcase name="deleteProductoIncorrectNull()" classname="koin.controllers.ControllerTest" time="0.013"/>
  <testcase name="findMaquinaNotExistsById()" classname="koin.controllers.ControllerTest" time="0.008"/>
  <system-out><![CDATA[13:51:38.737 [Test worker] DEBUG io.mockk.impl.instantiation.AbstractMockFactory - Creating mockk for MaquinaRepositoryCached name=repoM#1
13:51:39.082 [Test worker] DEBUG io.mockk.impl.instantiation.AbstractMockFactory - Creating mockk for PedidoRepositoryCached name=repoPedido#2
13:51:39.130 [Test worker] DEBUG io.mockk.impl.instantiation.AbstractMockFactory - Creating mockk for ProductoRepositoryCached name=repoProd#3
13:51:39.177 [Test worker] DEBUG io.mockk.impl.instantiation.AbstractMockFactory - Creating mockk for TareaRepositoryCached name=repoTarea#4
13:51:39.217 [Test worker] DEBUG io.mockk.impl.instantiation.AbstractMockFactory - Creating mockk for TurnoRepositoryCached name=repoTurno#5
13:51:39.249 [Test worker] DEBUG io.mockk.impl.instantiation.AbstractMockFactory - Creating mockk for UserRepositoryCached name=repoUser#6
13:51:39.666 [Test worker @coroutine#1] DEBUG io.mockk.impl.instantiation.AbstractMockFactory - Creating mockk for Pedido name=child of repoPedido#2#7
13:51:39.696 [DefaultDispatcher-worker-1 @coroutine#4] DEBUG io.mockk.impl.recording.states.AnsweringState - Answering null on PedidoRepositoryCached(repoPedido#2).findByUUID(74f49dd5-aee9-43b5-9d40-bc839d58146f, continuation {})
13:51:40.769 [Test worker] DEBUG io.mockk.impl.instantiation.AbstractMockFactory - Creating mockk for MaquinaRepositoryCached name=repoM#8
13:51:40.769 [Test worker] DEBUG io.mockk.impl.instantiation.AbstractMockFactory - Creating mockk for PedidoRepositoryCached name=repoPedido#9
13:51:40.770 [Test worker] DEBUG io.mockk.impl.instantiation.AbstractMockFactory - Creating mockk for ProductoRepositoryCached name=repoProd#10
13:51:40.770 [Test worker] DEBUG io.mockk.impl.instantiation.AbstractMockFactory - Creating mockk for TareaRepositoryCached name=repoTarea#11
13:51:40.770 [Test worker] DEBUG io.mockk.impl.instantiation.AbstractMockFactory - Creating mockk for TurnoRepositoryCached name=repoTurno#12
13:51:40.771 [Test worker] DEBUG io.mockk.impl.instantiation.AbstractMockFactory - Creating mockk for UserRepositoryCached name=repoUser#13
13:51:40.830 [Test worker @coroutine#7] DEBUG io.mockk.impl.instantiation.AbstractMockFactory - Creating mockk for User name=child of repoUser#13#14
13:51:40.833 [Test worker @coroutine#7] DEBUG io.mockk.impl.instantiation.AbstractMockFactory - Creating mockk for User name=child of repoUser#13#15
13:51:40.835 [Test worker @coroutine#7] DEBUG io.mockk.impl.instantiation.AbstractMockFactory - Creating mockk for User name=child of repoUser#13#16
13:51:40.838 [Test worker @coroutine#7] DEBUG io.mockk.impl.instantiation.AbstractMockFactory - Creating mockk for User name=child of repoUser#13#17
13:51:41.563 [Test worker] DEBUG io.mockk.impl.instantiation.AbstractMockFactory - Creating mockk for MaquinaRepositoryCached name=repoM#18
13:51:41.563 [Test worker] DEBUG io.mockk.impl.instantiation.AbstractMockFactory - Creating mockk for PedidoRepositoryCached name=repoPedido#19
13:51:41.564 [Test worker] DEBUG io.mockk.impl.instantiation.AbstractMockFactory - Creating mockk for ProductoRepositoryCached name=repoProd#20
13:51:41.564 [Test worker] DEBUG io.mockk.impl.instantiation.AbstractMockFactory - Creating mockk for TareaRepositoryCached name=repoTarea#21
13:51:41.564 [Test worker] DEBUG io.mockk.impl.instantiation.AbstractMockFactory - Creating mockk for TurnoRepositoryCached name=repoTurno#22
13:51:41.564 [Test worker] DEBUG io.mockk.impl.instantiation.AbstractMockFactory - Creating mockk for UserRepositoryCached name=repoUser#23
13:51:41.574 [Test worker @coroutine#17] DEBUG io.mockk.impl.instantiation.AbstractMockFactory - Creating mockk for User name=child of repoUser#23#24
13:51:41.578 [Test worker @coroutine#17] DEBUG io.mockk.impl.instantiation.AbstractMockFactory - Creating mockk for User name=child of repoUser#23#25
13:51:42.308 [Test worker] DEBUG io.mockk.impl.instantiation.AbstractMockFactory - Creating mockk for MaquinaRepositoryCached name=repoM#26
13:51:42.308 [Test worker] DEBUG io.mockk.impl.instantiation.AbstractMockFactory - Creating mockk for PedidoRepositoryCached name=repoPedido#27
13:51:42.309 [Test worker] DEBUG io.mockk.impl.instantiation.AbstractMockFactory - Creating mockk for ProductoRepositoryCached name=repoProd#28
13:51:42.309 [Test worker] DEBUG io.mockk.impl.instantiation.AbstractMockFactory - Creating mockk for TareaRepositoryCached name=repoTarea#29
13:51:42.309 [Test worker] DEBUG io.mockk.impl.instantiation.AbstractMockFactory - Creating mockk for TurnoRepositoryCached name=repoTurno#30
13:51:42.310 [Test worker] DEBUG io.mockk.impl.instantiation.AbstractMockFactory - Creating mockk for UserRepositoryCached name=repoUser#31
13:51:42.369 [Test worker @coroutine#25] DEBUG io.mockk.impl.instantiation.AbstractMockFactory - Creating mockk for Turno name=child of repoTurno#30#32
13:51:43.091 [Test worker] DEBUG io.mockk.impl.instantiation.AbstractMockFactory - Creating mockk for MaquinaRepositoryCached name=repoM#33
13:51:43.092 [Test worker] DEBUG io.mockk.impl.instantiation.AbstractMockFactory - Creating mockk for PedidoRepositoryCached name=repoPedido#34
13:51:43.092 [Test worker] DEBUG io.mockk.impl.instantiation.AbstractMockFactory - Creating mockk for ProductoRepositoryCached name=repoProd#35
13:51:43.092 [Test worker] DEBUG io.mockk.impl.instantiation.AbstractMockFactory - Creating mockk for TareaRepositoryCached name=repoTarea#36
13:51:43.093 [Test worker] DEBUG io.mockk.impl.instantiation.AbstractMockFactory - Creating mockk for TurnoRepositoryCached name=repoTurno#37
13:51:43.093 [Test worker] DEBUG io.mockk.impl.instantiation.AbstractMockFactory - Creating mockk for UserRepositoryCached name=repoUser#38
13:51:43.243 [Test worker @coroutine#29] DEBUG io.mockk.impl.instantiation.AbstractMockFactory - Creating mockk for Flow name=child of repoUser#38#39
13:51:43.249 [DefaultDispatcher-worker-1 @coroutine#32] DEBUG io.mockk.impl.recording.states.AnsweringState - Answering kotlinx.coroutines.flow.FlowKt__BuildersKt$flowOf$$inlined$unsafeFlow$2@7e92ce5a on UserRepositoryCached(repoUser#38).findAll(continuation {})
13:51:43.946 [Test worker] DEBUG io.mockk.impl.instantiation.AbstractMockFactory - Creating mockk for MaquinaRepositoryCached name=repoM#40
13:51:43.946 [Test worker] DEBUG io.mockk.impl.instantiation.AbstractMockFactory - Creating mockk for PedidoRepositoryCached name=repoPedido#41
13:51:43.947 [Test worker] DEBUG io.mockk.impl.instantiation.AbstractMockFactory - Creating mockk for ProductoRepositoryCached name=repoProd#42
13:51:43.947 [Test worker] DEBUG io.mockk.impl.instantiation.AbstractMockFactory - Creating mockk for TareaRepositoryCached name=repoTarea#43
13:51:43.947 [Test worker] DEBUG io.mockk.impl.instantiation.AbstractMockFactory - Creating mockk for TurnoRepositoryCached name=repoTurno#44
13:51:43.948 [Test worker] DEBUG io.mockk.impl.instantiation.AbstractMockFactory - Creating mockk for UserRepositoryCached name=repoUser#45
13:51:43.954 [Test worker @coroutine#35] DEBUG io.mockk.impl.instantiation.AbstractMockFactory - Creating mockk for Flow name=child of repoTurno#44#46
13:51:43.959 [DefaultDispatcher-worker-1 @coroutine#38] DEBUG io.mockk.impl.recording.states.AnsweringState - Answering kotlinx.coroutines.flow.FlowKt__BuildersKt$flowOf$$inlined$unsafeFlow$1@a50ccac on TurnoRepositoryCached(repoTurno#44).findAll(continuation {})
13:51:44.694 [Test worker] DEBUG io.mockk.impl.instantiation.AbstractMockFactory - Creating mockk for MaquinaRepositoryCached name=repoM#47
13:51:44.694 [Test worker] DEBUG io.mockk.impl.instantiation.AbstractMockFactory - Creating mockk for PedidoRepositoryCached name=repoPedido#48
13:51:44.695 [Test worker] DEBUG io.mockk.impl.instantiation.AbstractMockFactory - Creating mockk for ProductoRepositoryCached name=repoProd#49
13:51:44.695 [Test worker] DEBUG io.mockk.impl.instantiation.AbstractMockFactory - Creating mockk for TareaRepositoryCached name=repoTarea#50
13:51:44.695 [Test worker] DEBUG io.mockk.impl.instantiation.AbstractMockFactory - Creating mockk for TurnoRepositoryCached name=repoTurno#51
13:51:44.695 [Test worker] DEBUG io.mockk.impl.instantiation.AbstractMockFactory - Creating mockk for UserRepositoryCached name=repoUser#52
13:51:44.703 [Test worker @coroutine#41] DEBUG io.mockk.impl.instantiation.AbstractMockFactory - Creating mockk for Turno name=child of repoTurno#51#53
13:51:44.705 [Test worker @coroutine#41] DEBUG io.mockk.impl.instantiation.AbstractMockFactory - Creating mockk for Turno name=child of repoTurno#51#54
13:51:45.451 [Test worker] DEBUG io.mockk.impl.instantiation.AbstractMockFactory - Creating mockk for MaquinaRepositoryCached name=repoM#55
13:51:45.451 [Test worker] DEBUG io.mockk.impl.instantiation.AbstractMockFactory - Creating mockk for PedidoRepositoryCached name=repoPedido#56
13:51:45.452 [Test worker] DEBUG io.mockk.impl.instantiation.AbstractMockFactory - Creating mockk for ProductoRepositoryCached name=repoProd#57
13:51:45.452 [Test worker] DEBUG io.mockk.impl.instantiation.AbstractMockFactory - Creating mockk for TareaRepositoryCached name=repoTarea#58
13:51:45.453 [Test worker] DEBUG io.mockk.impl.instantiation.AbstractMockFactory - Creating mockk for TurnoRepositoryCached name=repoTurno#59
13:51:45.453 [Test worker] DEBUG io.mockk.impl.instantiation.AbstractMockFactory - Creating mockk for UserRepositoryCached name=repoUser#60
13:51:45.460 [Test worker @coroutine#49] DEBUG io.mockk.impl.instantiation.AbstractMockFactory - Creating mockk for Turno name=child of repoTurno#59#61
13:51:45.462 [Test worker @coroutine#49] DEBUG io.mockk.impl.instantiation.AbstractMockFactory - Creating mockk for Turno name=child of repoTurno#59#62
13:51:45.466 [DefaultDispatcher-worker-1 @coroutine#54] DEBUG io.mockk.impl.recording.states.AnsweringState - Answering Turno(id=63dfa66145532c417eff7dd2, uuid=93a98d69-0019-48a7-b34f-05b596ea8abc, workerId=93a98d69-0007-48a7-b34f-05b596ea839c, maquinaId=93a98d69-0008-48a7-b34f-05b596ea83bb, horaInicio=2002-10-14T10:09, horaFin=2002-10-14T16:49, numPedidosActivos=2, tarea1Id=93a98d69-0013-48a7-b34f-05b596ea83cc, tarea2Id=null, finalizado=false) on TurnoRepositoryCached(repoTurno#59).findByUUID(93a98d69-0019-48a7-b34f-05b596ea8abc, continuation {})
13:51:45.466 [DefaultDispatcher-worker-1 @coroutine#54] DEBUG io.mockk.impl.recording.states.AnsweringState - Answering null on TurnoRepositoryCached(repoTurno#59).delete(63dfa66145532c417eff7dd2, continuation {})
13:51:46.215 [Test worker] DEBUG io.mockk.impl.instantiation.AbstractMockFactory - Creating mockk for MaquinaRepositoryCached name=repoM#63
13:51:46.216 [Test worker] DEBUG io.mockk.impl.instantiation.AbstractMockFactory - Creating mockk for PedidoRepositoryCached name=repoPedido#64
13:51:46.216 [Test worker] DEBUG io.mockk.impl.instantiation.AbstractMockFactory - Creating mockk for ProductoRepositoryCached name=repoProd#65
13:51:46.217 [Test worker] DEBUG io.mockk.impl.instantiation.AbstractMockFactory - Creating mockk for TareaRepositoryCached name=repoTarea#66
13:51:46.217 [Test worker] DEBUG io.mockk.impl.instantiation.AbstractMockFactory - Creating mockk for TurnoRepositoryCached name=repoTurno#67
13:51:46.217 [Test worker] DEBUG io.mockk.impl.instantiation.AbstractMockFactory - Creating mockk for UserRepositoryCached name=repoUser#68
13:51:46.268 [Test worker @coroutine#57] DEBUG io.mockk.impl.instantiation.AbstractMockFactory - Creating mockk for Maquina name=child of repoM#63#69
13:51:46.275 [DefaultDispatcher-worker-1] DEBUG io.mockk.impl.recording.states.AnsweringState - Answering Maquina(id=63dfa66245532c417eff7ddb, uuid=93a98d69-0008-48a7-b34f-05b596ea83bb, modelo=RTX-3080TI, marca=Nvidia, fechaAdquisicion=2022-11-10, numeroSerie=123456789X, tipo=PERSONALIZADORA, activa=true, isManual=null, maxTension=null, minTension=null, measuresManeuverability=true, measuresRigidity=false, measuresBalance=true) on MaquinaRepositoryCached(repoM#63).save(Maquina(id=63dfa66245532c417eff7ddd, uuid=93a98d69-6da6-48a7-b34f-05b596aaaaca, modelo=Encordadora Inicial, marca=Marca Inicial, fechaAdquisicion=2023-02-05, numeroSerie=123456789-XD, tipo=ENCORDADORA, activa=true, isManual=false, maxTension=7.0, minTension=2.5, measuresManeuverability=null, measuresRigidity=null, measuresBalance=null), continuation {})
13:51:47.011 [Test worker] DEBUG io.mockk.impl.instantiation.AbstractMockFactory - Creating mockk for MaquinaRepositoryCached name=repoM#70
13:51:47.011 [Test worker] DEBUG io.mockk.impl.instantiation.AbstractMockFactory - Creating mockk for PedidoRepositoryCached name=repoPedido#71
13:51:47.012 [Test worker] DEBUG io.mockk.impl.instantiation.AbstractMockFactory - Creating mockk for ProductoRepositoryCached name=repoProd#72
13:51:47.012 [Test worker] DEBUG io.mockk.impl.instantiation.AbstractMockFactory - Creating mockk for TareaRepositoryCached name=repoTarea#73
13:51:47.012 [Test worker] DEBUG io.mockk.impl.instantiation.AbstractMockFactory - Creating mockk for TurnoRepositoryCached name=repoTurno#74
13:51:47.013 [Test worker] DEBUG io.mockk.impl.instantiation.AbstractMockFactory - Creating mockk for UserRepositoryCached name=repoUser#75
13:51:47.074 [Test worker @coroutine#61] DEBUG io.mockk.impl.instantiation.AbstractMockFactory - Creating mockk for Producto name=child of repoProd#72#76
13:51:47.076 [Test worker @coroutine#61] DEBUG io.mockk.impl.instantiation.AbstractMockFactory - Creating mockk for Producto name=child of repoProd#72#77
13:51:47.083 [DefaultDispatcher-worker-1 @coroutine#66] DEBUG io.mockk.impl.recording.states.AnsweringState - Answering Producto(id=63dfa66345532c417eff7de3, uuid=93a98d69-0004-48a7-b34f-05b596ea83aa, tipo=FUNDAS, marca=MarcaZ, modelo=ModeloZ, precio=36.4, stock=8) on ProductoRepositoryCached(repoProd#72).findByUUID(93a98d69-0004-48a7-b34f-05b596ea83aa, continuation {})
13:51:47.084 [DefaultDispatcher-worker-1 @coroutine#66] DEBUG io.mockk.impl.recording.states.AnsweringState - Answering Producto(id=63dfa66345532c417eff7de3, uuid=93a98d69-0004-48a7-b34f-05b596ea83aa, tipo=FUNDAS, marca=MarcaZ, modelo=ModeloZ, precio=36.4, stock=8) on ProductoRepositoryCached(repoProd#72).delete(63dfa66345532c417eff7de3, continuation {})
13:51:47.750 [Test worker] DEBUG io.mockk.impl.instantiation.AbstractMockFactory - Creating mockk for MaquinaRepositoryCached name=repoM#78
13:51:47.750 [Test worker] DEBUG io.mockk.impl.instantiation.AbstractMockFactory - Creating mockk for PedidoRepositoryCached name=repoPedido#79
13:51:47.751 [Test worker] DEBUG io.mockk.impl.instantiation.AbstractMockFactory - Creating mockk for ProductoRepositoryCached name=repoProd#80
13:51:47.751 [Test worker] DEBUG io.mockk.impl.instantiation.AbstractMockFactory - Creating mockk for TareaRepositoryCached name=repoTarea#81
13:51:47.751 [Test worker] DEBUG io.mockk.impl.instantiation.AbstractMockFactory - Creating mockk for TurnoRepositoryCached name=repoTurno#82
13:51:47.751 [Test worker] DEBUG io.mockk.impl.instantiation.AbstractMockFactory - Creating mockk for UserRepositoryCached name=repoUser#83
13:51:47.758 [Test worker @coroutine#69] DEBUG io.mockk.impl.instantiation.AbstractMockFactory - Creating mockk for User name=child of repoUser#83#84
13:51:47.760 [Test worker @coroutine#69] DEBUG io.mockk.impl.instantiation.AbstractMockFactory - Creating mockk for User name=child of repoUser#83#85
13:51:47.763 [DefaultDispatcher-worker-1 @coroutine#74] DEBUG io.mockk.impl.recording.states.AnsweringState - Answering User(id=63dfa66345532c417eff7deb, uuid=93a98d69-0006-48a7-b34f-05b596ea839a, nombre=Maria, apellido=Martinez, telefono=632120281, email=email2@email.com, password=contra, perfil=CLIENT, activo=true) on UserRepositoryCached(repoUser#83).findByUUID(93a98d69-0006-48a7-b34f-05b596ea839a, continuation {})
13:51:47.764 [DefaultDispatcher-worker-1 @coroutine#74] DEBUG io.mockk.impl.recording.states.AnsweringState - Answering null on UserRepositoryCached(repoUser#83).setInactive(63dfa66345532c417eff7deb, continuation {})
13:51:48.482 [Test worker] DEBUG io.mockk.impl.instantiation.AbstractMockFactory - Creating mockk for MaquinaRepositoryCached name=repoM#86
13:51:48.483 [Test worker] DEBUG io.mockk.impl.instantiation.AbstractMockFactory - Creating mockk for PedidoRepositoryCached name=repoPedido#87
13:51:48.483 [Test worker] DEBUG io.mockk.impl.instantiation.AbstractMockFactory - Creating mockk for ProductoRepositoryCached name=repoProd#88
13:51:48.484 [Test worker] DEBUG io.mockk.impl.instantiation.AbstractMockFactory - Creating mockk for TareaRepositoryCached name=repoTarea#89
13:51:48.484 [Test worker] DEBUG io.mockk.impl.instantiation.AbstractMockFactory - Creating mockk for TurnoRepositoryCached name=repoTurno#90
13:51:48.485 [Test worker] DEBUG io.mockk.impl.instantiation.AbstractMockFactory - Creating mockk for UserRepositoryCached name=repoUser#91
13:51:48.546 [Test worker @coroutine#77] DEBUG io.mockk.impl.instantiation.AbstractMockFactory - Creating mockk for Tarea name=child of repoTarea#89#92
13:51:48.550 [DefaultDispatcher-worker-1] DEBUG io.mockk.impl.recording.states.AnsweringState - Answering Tarea(id=63dfa66445532c417eff7df9, uuid=93a98d69-0013-48a7-b34f-05b596ea83cc, raquetaId=93a98d69-0001-48a7-b34f-05b596ea83ba, precio=36.4, tipo=PERSONALIZACION, finalizada=true, pedidoId=93a98d69-0010-48a7-b34f-05b596ea8acc, productoAdquiridoId=93a98d69-0004-48a7-b34f-05b596ea83aa, peso=10, balance=2.0, rigidez=5, tensionHorizontal=null, cordajeHorizontalId=null, tensionVertical=null, cordajeVerticalId=null, dosNudos=null) on TareaRepositoryCached(repoTarea#89).save(Tarea(id=63dfa66445532c417eff7dfc, uuid=93a98d69-6da6-48a7-b34f-05b596aaabaa, raquetaId=93a98d69-6da6-48a7-b34f-05b596aaaaac, precio=60.0, tipo=PERSONALIZACION, finalizada=false, pedidoId=93a98d69-6da6-48a7-b34f-05b596aaabac, productoAdquiridoId=null, peso=10, balance=2.0, rigidez=5, tensionHorizontal=null, cordajeHorizontalId=null, tensionVertical=null, cordajeVerticalId=null, dosNudos=null), continuation {})
13:51:48.564 [DefaultDispatcher-worker-1] DEBUG koin.repositories.producto.ProductoRepository - findByUUID(93a98d69-0001-48a7-b34f-05b596ea83ba)
13:51:48.568 [DefaultDispatcher-worker-1] DEBUG koin.db.DBManager - Initializing connection to MongoDB
Initializing connection to MongoDB : mongodb+srv://loli:1707@drmdam2023.7qtbnuz.mongodb.net/practica03mongoIvanLoli
13:51:48.884 [cluster-ClusterId{value='63dfa66445532c417eff7dfd', description='null'}-srv-drmdam2023.7qtbnuz.mongodb.net] INFO org.mongodb.driver.cluster - Adding discovered server ac-o2suyf6-shard-00-00.7qtbnuz.mongodb.net:27017 to client view of cluster
13:51:48.902 [DefaultDispatcher-worker-1] INFO org.mongodb.driver.client - MongoClient with metadata {"driver": {"name": "mongo-java-driver|reactive-streams|kmongo", "version": "4.7.2"}, "os": {"type": "Windows", "name": "Windows 10", "architecture": "amd64", "version": "10.0"}, "platform": "Java/BellSoft/17.0.4.1+1-LTS|Kotlin/1.8.0"} created with settings MongoClientSettings{readPreference=primary, writeConcern=WriteConcern{w=null, wTimeout=null ms, journal=null}, retryWrites=true, retryReads=true, readConcern=ReadConcern{level=null}, credential=MongoCredential{mechanism=null, userName='loli', source='admin', password=<hidden>, mechanismProperties=<hidden>}, streamFactoryFactory=null, commandListeners=[], codecRegistry=ProvidersCodecRegistry{codecProviders=[ProvidersCodecRegistry{codecProviders=[ValueCodecProvider{}, BsonValueCodecProvider{}, DBRefCodecProvider{}, DBObjectCodecProvider{}, DocumentCodecProvider{}, IterableCodecProvider{}, MapCodecProvider{}, GeoJsonCodecProvider{}, GridFSFileCodecProvider{}, Jsr310CodecProvider{}, JsonObjectCodecProvider{}, BsonCodecProvider{}, EnumCodecProvider{}, com.mongodb.Jep395RecordCodecProvider@4d267a]}, org.litote.kmongo.service.CustomCodecProvider@44cce8cf, ProvidersCodecRegistry{codecProviders=[org.litote.kmongo.jackson.JacksonCodecProvider@1f03718a]}]}, clusterSettings={hosts=[127.0.0.1:27017], srvHost=drmdam2023.7qtbnuz.mongodb.net, srvServiceName=mongodb, mode=MULTIPLE, requiredClusterType=REPLICA_SET, requiredReplicaSetName='atlas-kaecge-shard-0', serverSelector='null', clusterListeners='[]', serverSelectionTimeout='30000 ms', localThreshold='30000 ms'}, socketSettings=SocketSettings{connectTimeoutMS=10000, readTimeoutMS=0, receiveBufferSize=0, sendBufferSize=0}, heartbeatSocketSettings=SocketSettings{connectTimeoutMS=10000, readTimeoutMS=10000, receiveBufferSize=0, sendBufferSize=0}, connectionPoolSettings=ConnectionPoolSettings{maxSize=100, minSize=0, maxWaitTimeMS=120000, maxConnectionLifeTimeMS=0, maxConnectionIdleTimeMS=0, maintenanceInitialDelayMS=0, maintenanceFrequencyMS=60000, connectionPoolListeners=[], maxConnecting=2}, serverSettings=ServerSettings{heartbeatFrequencyMS=10000, minHeartbeatFrequencyMS=500, serverListeners='[]', serverMonitorListeners='[]'}, sslSettings=SslSettings{enabled=true, invalidHostNameAllowed=false, context=null}, applicationName='null', compressorList=[], uuidRepresentation=UNSPECIFIED, serverApi=null, autoEncryptionSettings=null, contextProvider=null}
13:51:48.917 [cluster-ClusterId{value='63dfa66445532c417eff7dfd', description='null'}-srv-drmdam2023.7qtbnuz.mongodb.net] INFO org.mongodb.driver.cluster - Adding discovered server ac-o2suyf6-shard-00-02.7qtbnuz.mongodb.net:27017 to client view of cluster
13:51:48.918 [cluster-ClusterId{value='63dfa66445532c417eff7dfd', description='null'}-srv-drmdam2023.7qtbnuz.mongodb.net] INFO org.mongodb.driver.cluster - Adding discovered server ac-o2suyf6-shard-00-01.7qtbnuz.mongodb.net:27017 to client view of cluster
13:51:48.920 [cluster-ClusterId{value='63dfa66445532c417eff7dfd', description='null'}-srv-drmdam2023.7qtbnuz.mongodb.net] DEBUG org.mongodb.driver.cluster - Updating cluster description to  {type=REPLICA_SET, servers=[{address=ac-o2suyf6-shard-00-00.7qtbnuz.mongodb.net:27017, type=UNKNOWN, state=CONNECTING}, {address=ac-o2suyf6-shard-00-02.7qtbnuz.mongodb.net:27017, type=UNKNOWN, state=CONNECTING}, {address=ac-o2suyf6-shard-00-01.7qtbnuz.mongodb.net:27017, type=UNKNOWN, state=CONNECTING}]
13:51:49.030 [DefaultDispatcher-worker-1] DEBUG reactor.util.Loggers$LoggerFactory - Using Slf4j logging framework
13:51:49.099 [DefaultDispatcher-worker-1] INFO org.mongodb.driver.cluster - No server chosen by com.mongodb.reactivestreams.client.internal.ClientSessionHelper$$Lambda$497/0x000000080114fcc0@5b803aa4 from cluster description ClusterDescription{type=REPLICA_SET, connectionMode=MULTIPLE, serverDescriptions=[ServerDescription{address=ac-o2suyf6-shard-00-00.7qtbnuz.mongodb.net:27017, type=UNKNOWN, state=CONNECTING}, ServerDescription{address=ac-o2suyf6-shard-00-02.7qtbnuz.mongodb.net:27017, type=UNKNOWN, state=CONNECTING}, ServerDescription{address=ac-o2suyf6-shard-00-01.7qtbnuz.mongodb.net:27017, type=UNKNOWN, state=CONNECTING}]}. Waiting for 30000 ms before timing out
13:51:49.158 [Thread-7] DEBUG org.mongodb.driver.connection.tls - initialized direct buffer deallocator for java >= 9
13:51:49.498 [cluster-rtt-ClusterId{value='63dfa66445532c417eff7dfd', description='null'}-ac-o2suyf6-shard-00-01.7qtbnuz.mongodb.net:27017] INFO org.mongodb.driver.connection - Opened connection [connectionId{localValue:5, serverValue:169860}] to ac-o2suyf6-shard-00-01.7qtbnuz.mongodb.net:27017
13:51:49.498 [cluster-ClusterId{value='63dfa66445532c417eff7dfd', description='null'}-ac-o2suyf6-shard-00-01.7qtbnuz.mongodb.net:27017] INFO org.mongodb.driver.connection - Opened connection [connectionId{localValue:3, serverValue:169860}] to ac-o2suyf6-shard-00-01.7qtbnuz.mongodb.net:27017
13:51:49.498 [cluster-ClusterId{value='63dfa66445532c417eff7dfd', description='null'}-ac-o2suyf6-shard-00-00.7qtbnuz.mongodb.net:27017] INFO org.mongodb.driver.connection - Opened connection [connectionId{localValue:1, serverValue:174164}] to ac-o2suyf6-shard-00-00.7qtbnuz.mongodb.net:27017
13:51:49.498 [cluster-rtt-ClusterId{value='63dfa66445532c417eff7dfd', description='null'}-ac-o2suyf6-shard-00-00.7qtbnuz.mongodb.net:27017] INFO org.mongodb.driver.connection - Opened connection [connectionId{localValue:2, serverValue:174158}] to ac-o2suyf6-shard-00-00.7qtbnuz.mongodb.net:27017
13:51:49.498 [cluster-ClusterId{value='63dfa66445532c417eff7dfd', description='null'}-ac-o2suyf6-shard-00-02.7qtbnuz.mongodb.net:27017] INFO org.mongodb.driver.connection - Opened connection [connectionId{localValue:6, serverValue:173263}] to ac-o2suyf6-shard-00-02.7qtbnuz.mongodb.net:27017
13:51:49.498 [cluster-rtt-ClusterId{value='63dfa66445532c417eff7dfd', description='null'}-ac-o2suyf6-shard-00-02.7qtbnuz.mongodb.net:27017] INFO org.mongodb.driver.connection - Opened connection [connectionId{localValue:4, serverValue:173256}] to ac-o2suyf6-shard-00-02.7qtbnuz.mongodb.net:27017
13:51:49.507 [cluster-ClusterId{value='63dfa66445532c417eff7dfd', description='null'}-ac-o2suyf6-shard-00-01.7qtbnuz.mongodb.net:27017] INFO org.mongodb.driver.cluster - Monitor thread successfully connected to server with description ServerDescription{address=ac-o2suyf6-shard-00-01.7qtbnuz.mongodb.net:27017, type=REPLICA_SET_SECONDARY, state=CONNECTED, ok=true, minWireVersion=0, maxWireVersion=13, maxDocumentSize=16777216, logicalSessionTimeoutMinutes=30, roundTripTimeNanos=328841200, setName='atlas-kaecge-shard-0', canonicalAddress=ac-o2suyf6-shard-00-01.7qtbnuz.mongodb.net:27017, hosts=[ac-o2suyf6-shard-00-01.7qtbnuz.mongodb.net:27017, ac-o2suyf6-shard-00-00.7qtbnuz.mongodb.net:27017, ac-o2suyf6-shard-00-02.7qtbnuz.mongodb.net:27017], passives=[], arbiters=[], primary='ac-o2suyf6-shard-00-02.7qtbnuz.mongodb.net:27017', tagSet=TagSet{[Tag{name='nodeType', value='ELECTABLE'}, Tag{name='provider', value='AWS'}, Tag{name='region', value='EU_WEST_3'}, Tag{name='workloadType', value='OPERATIONAL'}]}, electionId=null, setVersion=2, topologyVersion=TopologyVersion{processId=63d2df20846ff8d608cb12a0, counter=3}, lastWriteDate=Sun Feb 05 13:51:48 CET 2023, lastUpdateTimeNanos=1121993646363500}
13:51:49.507 [cluster-ClusterId{value='63dfa66445532c417eff7dfd', description='null'}-ac-o2suyf6-shard-00-02.7qtbnuz.mongodb.net:27017] INFO org.mongodb.driver.cluster - Monitor thread successfully connected to server with description ServerDescription{address=ac-o2suyf6-shard-00-02.7qtbnuz.mongodb.net:27017, type=REPLICA_SET_PRIMARY, state=CONNECTED, ok=true, minWireVersion=0, maxWireVersion=13, maxDocumentSize=16777216, logicalSessionTimeoutMinutes=30, roundTripTimeNanos=328177900, setName='atlas-kaecge-shard-0', canonicalAddress=ac-o2suyf6-shard-00-02.7qtbnuz.mongodb.net:27017, hosts=[ac-o2suyf6-shard-00-01.7qtbnuz.mongodb.net:27017, ac-o2suyf6-shard-00-00.7qtbnuz.mongodb.net:27017, ac-o2suyf6-shard-00-02.7qtbnuz.mongodb.net:27017], passives=[], arbiters=[], primary='ac-o2suyf6-shard-00-02.7qtbnuz.mongodb.net:27017', tagSet=TagSet{[Tag{name='nodeType', value='ELECTABLE'}, Tag{name='provider', value='AWS'}, Tag{name='region', value='EU_WEST_3'}, Tag{name='workloadType', value='OPERATIONAL'}]}, electionId=7fffffff000000000000001b, setVersion=2, topologyVersion=TopologyVersion{processId=63d2ddec9b5717a95fe9a7d0, counter=6}, lastWriteDate=Sun Feb 05 13:51:48 CET 2023, lastUpdateTimeNanos=1121993646363500}
13:51:49.507 [cluster-ClusterId{value='63dfa66445532c417eff7dfd', description='null'}-ac-o2suyf6-shard-00-00.7qtbnuz.mongodb.net:27017] INFO org.mongodb.driver.cluster - Monitor thread successfully connected to server with description ServerDescription{address=ac-o2suyf6-shard-00-00.7qtbnuz.mongodb.net:27017, type=REPLICA_SET_SECONDARY, state=CONNECTED, ok=true, minWireVersion=0, maxWireVersion=13, maxDocumentSize=16777216, logicalSessionTimeoutMinutes=30, roundTripTimeNanos=328669800, setName='atlas-kaecge-shard-0', canonicalAddress=ac-o2suyf6-shard-00-00.7qtbnuz.mongodb.net:27017, hosts=[ac-o2suyf6-shard-00-01.7qtbnuz.mongodb.net:27017, ac-o2suyf6-shard-00-00.7qtbnuz.mongodb.net:27017, ac-o2suyf6-shard-00-02.7qtbnuz.mongodb.net:27017], passives=[], arbiters=[], primary='ac-o2suyf6-shard-00-02.7qtbnuz.mongodb.net:27017', tagSet=TagSet{[Tag{name='nodeType', value='ELECTABLE'}, Tag{name='provider', value='AWS'}, Tag{name='region', value='EU_WEST_3'}, Tag{name='workloadType', value='OPERATIONAL'}]}, electionId=null, setVersion=2, topologyVersion=TopologyVersion{processId=63d2dcc17e78c4cb32f7500c, counter=4}, lastWriteDate=Sun Feb 05 13:51:48 CET 2023, lastUpdateTimeNanos=1121993646363500}
13:51:49.510 [cluster-ClusterId{value='63dfa66445532c417eff7dfd', description='null'}-ac-o2suyf6-shard-00-02.7qtbnuz.mongodb.net:27017] DEBUG org.mongodb.driver.connection - Marking the connection pool for ServerId{clusterId=ClusterId{value='63dfa66445532c417eff7dfd', description='null'}, address=ac-o2suyf6-shard-00-02.7qtbnuz.mongodb.net:27017} as 'ready'
13:51:49.510 [MaintenanceTimer-4-thread-1] DEBUG org.mongodb.driver.connection - Pruning pooled connections to ac-o2suyf6-shard-00-02.7qtbnuz.mongodb.net:27017
13:51:49.511 [cluster-ClusterId{value='63dfa66445532c417eff7dfd', description='null'}-ac-o2suyf6-shard-00-02.7qtbnuz.mongodb.net:27017] INFO org.mongodb.driver.cluster - Setting max election id to 7fffffff000000000000001b from replica set primary ac-o2suyf6-shard-00-02.7qtbnuz.mongodb.net:27017
13:51:49.511 [cluster-ClusterId{value='63dfa66445532c417eff7dfd', description='null'}-ac-o2suyf6-shard-00-02.7qtbnuz.mongodb.net:27017] INFO org.mongodb.driver.cluster - Setting max set version to 2 from replica set primary ac-o2suyf6-shard-00-02.7qtbnuz.mongodb.net:27017
13:51:49.511 [cluster-ClusterId{value='63dfa66445532c417eff7dfd', description='null'}-ac-o2suyf6-shard-00-02.7qtbnuz.mongodb.net:27017] INFO org.mongodb.driver.cluster - Discovered replica set primary ac-o2suyf6-shard-00-02.7qtbnuz.mongodb.net:27017
13:51:49.512 [cluster-ClusterId{value='63dfa66445532c417eff7dfd', description='null'}-ac-o2suyf6-shard-00-02.7qtbnuz.mongodb.net:27017] DEBUG org.mongodb.driver.cluster - Updating cluster description to  {type=REPLICA_SET, servers=[{address=ac-o2suyf6-shard-00-00.7qtbnuz.mongodb.net:27017, type=UNKNOWN, state=CONNECTING}, {address=ac-o2suyf6-shard-00-02.7qtbnuz.mongodb.net:27017, type=REPLICA_SET_PRIMARY, TagSet{[Tag{name='nodeType', value='ELECTABLE'}, Tag{name='provider', value='AWS'}, Tag{name='region', value='EU_WEST_3'}, Tag{name='workloadType', value='OPERATIONAL'}]}, roundTripTime=328.2 ms, state=CONNECTED}, {address=ac-o2suyf6-shard-00-01.7qtbnuz.mongodb.net:27017, type=UNKNOWN, state=CONNECTING}]
13:51:49.512 [cluster-ClusterId{value='63dfa66445532c417eff7dfd', description='null'}-ac-o2suyf6-shard-00-02.7qtbnuz.mongodb.net:27017] DEBUG org.mongodb.driver.cluster - Checking status of ac-o2suyf6-shard-00-02.7qtbnuz.mongodb.net:27017
13:51:49.512 [cluster-ClusterId{value='63dfa66445532c417eff7dfd', description='null'}-ac-o2suyf6-shard-00-00.7qtbnuz.mongodb.net:27017] DEBUG org.mongodb.driver.connection - Marking the connection pool for ServerId{clusterId=ClusterId{value='63dfa66445532c417eff7dfd', description='null'}, address=ac-o2suyf6-shard-00-00.7qtbnuz.mongodb.net:27017} as 'ready'
13:51:49.513 [MaintenanceTimer-2-thread-1] DEBUG org.mongodb.driver.connection - Pruning pooled connections to ac-o2suyf6-shard-00-00.7qtbnuz.mongodb.net:27017
13:51:49.513 [cluster-ClusterId{value='63dfa66445532c417eff7dfd', description='null'}-ac-o2suyf6-shard-00-00.7qtbnuz.mongodb.net:27017] DEBUG org.mongodb.driver.cluster - Updating cluster description to  {type=REPLICA_SET, servers=[{address=ac-o2suyf6-shard-00-00.7qtbnuz.mongodb.net:27017, type=REPLICA_SET_SECONDARY, TagSet{[Tag{name='nodeType', value='ELECTABLE'}, Tag{name='provider', value='AWS'}, Tag{name='region', value='EU_WEST_3'}, Tag{name='workloadType', value='OPERATIONAL'}]}, roundTripTime=328.7 ms, state=CONNECTED}, {address=ac-o2suyf6-shard-00-02.7qtbnuz.mongodb.net:27017, type=REPLICA_SET_PRIMARY, TagSet{[Tag{name='nodeType', value='ELECTABLE'}, Tag{name='provider', value='AWS'}, Tag{name='region', value='EU_WEST_3'}, Tag{name='workloadType', value='OPERATIONAL'}]}, roundTripTime=328.2 ms, state=CONNECTED}, {address=ac-o2suyf6-shard-00-01.7qtbnuz.mongodb.net:27017, type=UNKNOWN, state=CONNECTING}]
13:51:49.513 [cluster-ClusterId{value='63dfa66445532c417eff7dfd', description='null'}-ac-o2suyf6-shard-00-00.7qtbnuz.mongodb.net:27017] DEBUG org.mongodb.driver.cluster - Checking status of ac-o2suyf6-shard-00-00.7qtbnuz.mongodb.net:27017
13:51:49.513 [cluster-ClusterId{value='63dfa66445532c417eff7dfd', description='null'}-ac-o2suyf6-shard-00-01.7qtbnuz.mongodb.net:27017] DEBUG org.mongodb.driver.connection - Marking the connection pool for ServerId{clusterId=ClusterId{value='63dfa66445532c417eff7dfd', description='null'}, address=ac-o2suyf6-shard-00-01.7qtbnuz.mongodb.net:27017} as 'ready'
13:51:49.513 [cluster-ClusterId{value='63dfa66445532c417eff7dfd', description='null'}-ac-o2suyf6-shard-00-01.7qtbnuz.mongodb.net:27017] DEBUG org.mongodb.driver.cluster - Updating cluster description to  {type=REPLICA_SET, servers=[{address=ac-o2suyf6-shard-00-00.7qtbnuz.mongodb.net:27017, type=REPLICA_SET_SECONDARY, TagSet{[Tag{name='nodeType', value='ELECTABLE'}, Tag{name='provider', value='AWS'}, Tag{name='region', value='EU_WEST_3'}, Tag{name='workloadType', value='OPERATIONAL'}]}, roundTripTime=328.7 ms, state=CONNECTED}, {address=ac-o2suyf6-shard-00-02.7qtbnuz.mongodb.net:27017, type=REPLICA_SET_PRIMARY, TagSet{[Tag{name='nodeType', value='ELECTABLE'}, Tag{name='provider', value='AWS'}, Tag{name='region', value='EU_WEST_3'}, Tag{name='workloadType', value='OPERATIONAL'}]}, roundTripTime=328.2 ms, state=CONNECTED}, {address=ac-o2suyf6-shard-00-01.7qtbnuz.mongodb.net:27017, type=REPLICA_SET_SECONDARY, TagSet{[Tag{name='nodeType', value='ELECTABLE'}, Tag{name='provider', value='AWS'}, Tag{name='region', value='EU_WEST_3'}, Tag{name='workloadType', value='OPERATIONAL'}]}, roundTripTime=328.8 ms, state=CONNECTED}]
13:51:49.514 [cluster-ClusterId{value='63dfa66445532c417eff7dfd', description='null'}-ac-o2suyf6-shard-00-01.7qtbnuz.mongodb.net:27017] DEBUG org.mongodb.driver.cluster - Checking status of ac-o2suyf6-shard-00-01.7qtbnuz.mongodb.net:27017
13:51:49.514 [MaintenanceTimer-6-thread-1] DEBUG org.mongodb.driver.connection - Pruning pooled connections to ac-o2suyf6-shard-00-01.7qtbnuz.mongodb.net:27017
13:51:49.857 [async-channel-group-0-handler-executor] INFO org.mongodb.driver.connection - Opened connection [connectionId{localValue:7, serverValue:173256}] to ac-o2suyf6-shard-00-02.7qtbnuz.mongodb.net:27017
13:51:49.886 [async-channel-group-0-handler-executor] DEBUG org.mongodb.driver.protocol.command - Sending command '{"find": "producto", "filter": {}, "batchSize": 64, "$db": "practica03mongoIvanLoli", "lsid": {"id": {"$binary": {"base64": "GufSMHdrQSyEi1m74LkJJA==", "subType": "04"}}}}' with request id 13 to database practica03mongoIvanLoli on connection [connectionId{localValue:7, serverValue:173256}] to server ac-o2suyf6-shard-00-02.7qtbnuz.mongodb.net:27017
13:51:49.925 [async-channel-group-0-handler-executor] DEBUG org.mongodb.driver.protocol.command - Execution of command with request id 13 completed successfully in 44.67 ms on connection [connectionId{localValue:7, serverValue:173256}] to server ac-o2suyf6-shard-00-02.7qtbnuz.mongodb.net:27017
13:51:50.161 [async-channel-group-0-handler-executor] DEBUG org.mongodb.driver.operation - Received batch of 4 documents with cursorId 0 from server ac-o2suyf6-shard-00-02.7qtbnuz.mongodb.net:27017
13:51:51.026 [Test worker] DEBUG io.mockk.impl.instantiation.AbstractMockFactory - Creating mockk for MaquinaRepositoryCached name=repoM#93
13:51:51.026 [Test worker] DEBUG io.mockk.impl.instantiation.AbstractMockFactory - Creating mockk for PedidoRepositoryCached name=repoPedido#94
13:51:51.026 [Test worker] DEBUG io.mockk.impl.instantiation.AbstractMockFactory - Creating mockk for ProductoRepositoryCached name=repoProd#95
13:51:51.026 [Test worker] DEBUG io.mockk.impl.instantiation.AbstractMockFactory - Creating mockk for TareaRepositoryCached name=repoTarea#96
13:51:51.027 [Test worker] DEBUG io.mockk.impl.instantiation.AbstractMockFactory - Creating mockk for TurnoRepositoryCached name=repoTurno#97
13:51:51.027 [Test worker] DEBUG io.mockk.impl.instantiation.AbstractMockFactory - Creating mockk for UserRepositoryCached name=repoUser#98
13:51:51.037 [Test worker @coroutine#81] DEBUG io.mockk.impl.instantiation.AbstractMockFactory - Creating mockk for Turno name=child of repoTurno#97#99
13:51:51.040 [Test worker @coroutine#81] DEBUG io.mockk.impl.instantiation.AbstractMockFactory - Creating mockk for Turno name=child of repoTurno#97#100
13:51:51.754 [Test worker] DEBUG io.mockk.impl.instantiation.AbstractMockFactory - Creating mockk for MaquinaRepositoryCached name=repoM#101
13:51:51.754 [Test worker] DEBUG io.mockk.impl.instantiation.AbstractMockFactory - Creating mockk for PedidoRepositoryCached name=repoPedido#102
13:51:51.755 [Test worker] DEBUG io.mockk.impl.instantiation.AbstractMockFactory - Creating mockk for ProductoRepositoryCached name=repoProd#103
13:51:51.755 [Test worker] DEBUG io.mockk.impl.instantiation.AbstractMockFactory - Creating mockk for TareaRepositoryCached name=repoTarea#104
13:51:51.755 [Test worker] DEBUG io.mockk.impl.instantiation.AbstractMockFactory - Creating mockk for TurnoRepositoryCached name=repoTurno#105
13:51:51.755 [Test worker] DEBUG io.mockk.impl.instantiation.AbstractMockFactory - Creating mockk for UserRepositoryCached name=repoUser#106
13:51:51.762 [Test worker @coroutine#89] DEBUG io.mockk.impl.instantiation.AbstractMockFactory - Creating mockk for Producto name=child of repoProd#103#107
13:51:51.765 [DefaultDispatcher-worker-1] DEBUG io.mockk.impl.recording.states.AnsweringState - Answering Producto(id=63dfa66745532c417eff7e0d, uuid=93a98d69-0004-48a7-b34f-05b596ea83aa, tipo=FUNDAS, marca=MarcaZ, modelo=ModeloZ, precio=36.4, stock=8) on ProductoRepositoryCached(repoProd#103).save(Producto(id=63dfa66745532c417eff7e12, uuid=93a98d69-6da6-48a7-b34f-05b596aaaaac, tipo=RAQUETAS, marca=Marca Inicial, modelo=Raqueta inicial, precio=40.0, stock=15), continuation {})
13:51:52.495 [Test worker] DEBUG io.mockk.impl.instantiation.AbstractMockFactory - Creating mockk for MaquinaRepositoryCached name=repoM#108
13:51:52.496 [Test worker] DEBUG io.mockk.impl.instantiation.AbstractMockFactory - Creating mockk for PedidoRepositoryCached name=repoPedido#109
13:51:52.496 [Test worker] DEBUG io.mockk.impl.instantiation.AbstractMockFactory - Creating mockk for ProductoRepositoryCached name=repoProd#110
13:51:52.496 [Test worker] DEBUG io.mockk.impl.instantiation.AbstractMockFactory - Creating mockk for TareaRepositoryCached name=repoTarea#111
13:51:52.497 [Test worker] DEBUG io.mockk.impl.instantiation.AbstractMockFactory - Creating mockk for TurnoRepositoryCached name=repoTurno#112
13:51:52.497 [Test worker] DEBUG io.mockk.impl.instantiation.AbstractMockFactory - Creating mockk for UserRepositoryCached name=repoUser#113
13:51:52.504 [Test worker @coroutine#93] DEBUG io.mockk.impl.instantiation.AbstractMockFactory - Creating mockk for Producto name=child of repoProd#110#114
13:51:52.524 [Test worker @coroutine#93] DEBUG io.mockk.impl.instantiation.AbstractMockFactory - Creating mockk for Producto name=child of repoProd#110#115
13:51:52.528 [DefaultDispatcher-worker-1 @coroutine#98] DEBUG io.mockk.impl.recording.states.AnsweringState - Answering Producto(id=63dfa66845532c417eff7e18, uuid=93a98d69-0004-48a7-b34f-05b596ea83aa, tipo=FUNDAS, marca=MarcaZ, modelo=ModeloZ, precio=36.4, stock=8) on ProductoRepositoryCached(repoProd#110).findByUUID(93a98d69-0004-48a7-b34f-05b596ea83aa, continuation {})
13:51:52.529 [DefaultDispatcher-worker-1 @coroutine#98] DEBUG io.mockk.impl.recording.states.AnsweringState - Answering Producto(id=63dfa66845532c417eff7e18, uuid=93a98d69-0004-48a7-b34f-05b596ea83aa, tipo=FUNDAS, marca=MarcaZ, modelo=ModeloZ, precio=36.4, stock=8) on ProductoRepositoryCached(repoProd#110).decreaseStock(63dfa66845532c417eff7e18, continuation {})
13:51:53.214 [Test worker] DEBUG io.mockk.impl.instantiation.AbstractMockFactory - Creating mockk for MaquinaRepositoryCached name=repoM#116
13:51:53.214 [Test worker] DEBUG io.mockk.impl.instantiation.AbstractMockFactory - Creating mockk for PedidoRepositoryCached name=repoPedido#117
13:51:53.215 [Test worker] DEBUG io.mockk.impl.instantiation.AbstractMockFactory - Creating mockk for ProductoRepositoryCached name=repoProd#118
13:51:53.216 [Test worker] DEBUG io.mockk.impl.instantiation.AbstractMockFactory - Creating mockk for TareaRepositoryCached name=repoTarea#119
13:51:53.216 [Test worker] DEBUG io.mockk.impl.instantiation.AbstractMockFactory - Creating mockk for TurnoRepositoryCached name=repoTurno#120
13:51:53.216 [Test worker] DEBUG io.mockk.impl.instantiation.AbstractMockFactory - Creating mockk for UserRepositoryCached name=repoUser#121
13:51:53.223 [Test worker @coroutine#101] DEBUG io.mockk.impl.instantiation.AbstractMockFactory - Creating mockk for Maquina name=child of repoM#116#122
13:51:53.228 [DefaultDispatcher-worker-1 @coroutine#104] DEBUG io.mockk.impl.recording.states.AnsweringState - Answering Maquina(id=63dfa66945532c417eff7e25, uuid=93a98d69-0008-48a7-b34f-05b596ea83bb, modelo=RTX-3080TI, marca=Nvidia, fechaAdquisicion=2022-11-10, numeroSerie=123456789X, tipo=PERSONALIZADORA, activa=true, isManual=null, maxTension=null, minTension=null, measuresManeuverability=true, measuresRigidity=false, measuresBalance=true) on MaquinaRepositoryCached(repoM#116).findByUUID(93a98d69-0008-48a7-b34f-05b596ea83bb, continuation {})
13:51:53.925 [Test worker] DEBUG io.mockk.impl.instantiation.AbstractMockFactory - Creating mockk for MaquinaRepositoryCached name=repoM#123
13:51:53.925 [Test worker] DEBUG io.mockk.impl.instantiation.AbstractMockFactory - Creating mockk for PedidoRepositoryCached name=repoPedido#124
13:51:53.926 [Test worker] DEBUG io.mockk.impl.instantiation.AbstractMockFactory - Creating mockk for ProductoRepositoryCached name=repoProd#125
13:51:53.926 [Test worker] DEBUG io.mockk.impl.instantiation.AbstractMockFactory - Creating mockk for TareaRepositoryCached name=repoTarea#126
13:51:53.926 [Test worker] DEBUG io.mockk.impl.instantiation.AbstractMockFactory - Creating mockk for TurnoRepositoryCached name=repoTurno#127
13:51:53.926 [Test worker] DEBUG io.mockk.impl.instantiation.AbstractMockFactory - Creating mockk for UserRepositoryCached name=repoUser#128
13:51:53.932 [Test worker @coroutine#107] DEBUG io.mockk.impl.instantiation.AbstractMockFactory - Creating mockk for Maquina name=child of repoM#123#129
13:51:53.934 [Test worker @coroutine#107] DEBUG io.mockk.impl.instantiation.AbstractMockFactory - Creating mockk for Maquina name=child of repoM#123#130
13:51:54.698 [Test worker] DEBUG io.mockk.impl.instantiation.AbstractMockFactory - Creating mockk for MaquinaRepositoryCached name=repoM#131
13:51:54.699 [Test worker] DEBUG io.mockk.impl.instantiation.AbstractMockFactory - Creating mockk for PedidoRepositoryCached name=repoPedido#132
13:51:54.699 [Test worker] DEBUG io.mockk.impl.instantiation.AbstractMockFactory - Creating mockk for ProductoRepositoryCached name=repoProd#133
13:51:54.699 [Test worker] DEBUG io.mockk.impl.instantiation.AbstractMockFactory - Creating mockk for TareaRepositoryCached name=repoTarea#134
13:51:54.700 [Test worker] DEBUG io.mockk.impl.instantiation.AbstractMockFactory - Creating mockk for TurnoRepositoryCached name=repoTurno#135
13:51:54.700 [Test worker] DEBUG io.mockk.impl.instantiation.AbstractMockFactory - Creating mockk for UserRepositoryCached name=repoUser#136
13:51:54.706 [Test worker @coroutine#115] DEBUG io.mockk.impl.instantiation.AbstractMockFactory - Creating mockk for Maquina name=child of repoM#131#137
13:51:54.708 [Test worker @coroutine#115] DEBUG io.mockk.impl.instantiation.AbstractMockFactory - Creating mockk for Maquina name=child of repoM#131#138
13:51:54.712 [DefaultDispatcher-worker-1 @coroutine#120] DEBUG io.mockk.impl.recording.states.AnsweringState - Answering Maquina(id=63dfa66a45532c417eff7e39, uuid=93a98d69-0008-48a7-b34f-05b596ea83bb, modelo=RTX-3080TI, marca=Nvidia, fechaAdquisicion=2022-11-10, numeroSerie=123456789X, tipo=PERSONALIZADORA, activa=true, isManual=null, maxTension=null, minTension=null, measuresManeuverability=true, measuresRigidity=false, measuresBalance=true) on MaquinaRepositoryCached(repoM#131).findByUUID(93a98d69-0008-48a7-b34f-05b596ea83bb, continuation {})
13:51:54.713 [DefaultDispatcher-worker-1 @coroutine#120] DEBUG io.mockk.impl.recording.states.AnsweringState - Answering Maquina(id=63dfa66a45532c417eff7e39, uuid=93a98d69-0008-48a7-b34f-05b596ea83bb, modelo=RTX-3080TI, marca=Nvidia, fechaAdquisicion=2022-11-10, numeroSerie=123456789X, tipo=PERSONALIZADORA, activa=true, isManual=null, maxTension=null, minTension=null, measuresManeuverability=true, measuresRigidity=false, measuresBalance=true) on MaquinaRepositoryCached(repoM#131).delete(63dfa66a45532c417eff7e39, continuation {})
13:51:55.457 [Test worker] DEBUG io.mockk.impl.instantiation.AbstractMockFactory - Creating mockk for MaquinaRepositoryCached name=repoM#139
13:51:55.457 [Test worker] DEBUG io.mockk.impl.instantiation.AbstractMockFactory - Creating mockk for PedidoRepositoryCached name=repoPedido#140
13:51:55.458 [Test worker] DEBUG io.mockk.impl.instantiation.AbstractMockFactory - Creating mockk for ProductoRepositoryCached name=repoProd#141
13:51:55.458 [Test worker] DEBUG io.mockk.impl.instantiation.AbstractMockFactory - Creating mockk for TareaRepositoryCached name=repoTarea#142
13:51:55.458 [Test worker] DEBUG io.mockk.impl.instantiation.AbstractMockFactory - Creating mockk for TurnoRepositoryCached name=repoTurno#143
13:51:55.458 [Test worker] DEBUG io.mockk.impl.instantiation.AbstractMockFactory - Creating mockk for UserRepositoryCached name=repoUser#144
13:51:55.465 [Test worker @coroutine#123] DEBUG io.mockk.impl.instantiation.AbstractMockFactory - Creating mockk for Tarea name=child of repoTarea#142#145
13:51:55.467 [Test worker @coroutine#123] DEBUG io.mockk.impl.instantiation.AbstractMockFactory - Creating mockk for Tarea name=child of repoTarea#142#146
13:51:56.148 [Test worker] DEBUG io.mockk.impl.instantiation.AbstractMockFactory - Creating mockk for MaquinaRepositoryCached name=repoM#147
13:51:56.148 [Test worker] DEBUG io.mockk.impl.instantiation.AbstractMockFactory - Creating mockk for PedidoRepositoryCached name=repoPedido#148
13:51:56.148 [Test worker] DEBUG io.mockk.impl.instantiation.AbstractMockFactory - Creating mockk for ProductoRepositoryCached name=repoProd#149
13:51:56.149 [Test worker] DEBUG io.mockk.impl.instantiation.AbstractMockFactory - Creating mockk for TareaRepositoryCached name=repoTarea#150
13:51:56.149 [Test worker] DEBUG io.mockk.impl.instantiation.AbstractMockFactory - Creating mockk for TurnoRepositoryCached name=repoTurno#151
13:51:56.150 [Test worker] DEBUG io.mockk.impl.instantiation.AbstractMockFactory - Creating mockk for UserRepositoryCached name=repoUser#152
13:51:56.158 [Test worker @coroutine#131] DEBUG io.mockk.impl.instantiation.AbstractMockFactory - Creating mockk for User name=child of repoUser#152#153
13:51:56.161 [Test worker @coroutine#131] DEBUG io.mockk.impl.instantiation.AbstractMockFactory - Creating mockk for Tarea name=child of repoTarea#150#154
13:51:56.165 [Test worker @coroutine#131] DEBUG io.mockk.impl.instantiation.AbstractMockFactory - Creating mockk for Pedido name=child of repoPedido#148#155
13:51:56.535 [DefaultDispatcher-worker-1] DEBUG io.mockk.impl.recording.states.AnsweringState - Answering User(id=63dfa66c45532c417eff7e48, uuid=93a98d69-0006-48a7-b34f-05b596ea839a, nombre=Maria, apellido=Martinez, telefono=632120281, email=email2@email.com, password=contra, perfil=CLIENT, activo=true) on UserRepositoryCached(repoUser#152).findByUUID(93a98d69-6da6-48a7-b34f-05b596aaaaaa, continuation {})
13:51:56.536 [DefaultDispatcher-worker-1] DEBUG io.mockk.impl.recording.states.AnsweringState - Answering Tarea(id=63dfa66c45532c417eff7e4c, uuid=93a98d69-0013-48a7-b34f-05b596ea83cc, raquetaId=93a98d69-0001-48a7-b34f-05b596ea83ba, precio=36.4, tipo=PERSONALIZACION, finalizada=true, pedidoId=93a98d69-0010-48a7-b34f-05b596ea8acc, productoAdquiridoId=93a98d69-0004-48a7-b34f-05b596ea83aa, peso=10, balance=2.0, rigidez=5, tensionHorizontal=null, cordajeHorizontalId=null, tensionVertical=null, cordajeVerticalId=null, dosNudos=null) on TareaRepositoryCached(repoTarea#150).save(Tarea(id=63dfa66c45532c417eff7e50, uuid=93a98d69-6da6-48a7-b34f-05b596aaaacc, raquetaId=93a98d69-6da6-48a7-b34f-05b596aaaaac, precio=15.0, tipo=ADQUISICION, finalizada=false, pedidoId=93a98d69-6da6-48a7-b34f-05b596aaabac, productoAdquiridoId=93a98d69-6da6-48a7-b34f-05b596aaaabb, peso=null, balance=null, rigidez=null, tensionHorizontal=null, cordajeHorizontalId=null, tensionVertical=null, cordajeVerticalId=null, dosNudos=null), continuation {})
13:51:56.536 [DefaultDispatcher-worker-1] DEBUG io.mockk.impl.recording.states.AnsweringState - Answering Tarea(id=63dfa66c45532c417eff7e4c, uuid=93a98d69-0013-48a7-b34f-05b596ea83cc, raquetaId=93a98d69-0001-48a7-b34f-05b596ea83ba, precio=36.4, tipo=PERSONALIZACION, finalizada=true, pedidoId=93a98d69-0010-48a7-b34f-05b596ea8acc, productoAdquiridoId=93a98d69-0004-48a7-b34f-05b596ea83aa, peso=10, balance=2.0, rigidez=5, tensionHorizontal=null, cordajeHorizontalId=null, tensionVertical=null, cordajeVerticalId=null, dosNudos=null) on TareaRepositoryCached(repoTarea#150).save(Tarea(id=63dfa66c45532c417eff7e51, uuid=93a98d69-6da6-48a7-b34f-05b596aaabab, raquetaId=93a98d69-6da6-48a7-b34f-05b596aaaaac, precio=56.0, tipo=ENCORDADO, finalizada=false, pedidoId=93a98d69-6da6-48a7-b34f-05b596aaabac, productoAdquiridoId=null, peso=null, balance=null, rigidez=null, tensionHorizontal=6.0, cordajeHorizontalId=93a98d69-6da6-48a7-b34f-05b596aaaaba, tensionVertical=6.5, cordajeVerticalId=93a98d69-6da6-48a7-b34f-05b596aaaaba, dosNudos=true), continuation {})
13:51:56.537 [DefaultDispatcher-worker-1] DEBUG io.mockk.impl.recording.states.AnsweringState - Answering Tarea(id=63dfa66c45532c417eff7e4c, uuid=93a98d69-0013-48a7-b34f-05b596ea83cc, raquetaId=93a98d69-0001-48a7-b34f-05b596ea83ba, precio=36.4, tipo=PERSONALIZACION, finalizada=true, pedidoId=93a98d69-0010-48a7-b34f-05b596ea8acc, productoAdquiridoId=93a98d69-0004-48a7-b34f-05b596ea83aa, peso=10, balance=2.0, rigidez=5, tensionHorizontal=null, cordajeHorizontalId=null, tensionVertical=null, cordajeVerticalId=null, dosNudos=null) on TareaRepositoryCached(repoTarea#150).save(Tarea(id=63dfa66c45532c417eff7e52, uuid=93a98d69-6da6-48a7-b34f-05b596aaabaa, raquetaId=93a98d69-6da6-48a7-b34f-05b596aaaaac, precio=60.0, tipo=PERSONALIZACION, finalizada=false, pedidoId=93a98d69-6da6-48a7-b34f-05b596aaabac, productoAdquiridoId=null, peso=10, balance=2.0, rigidez=5, tensionHorizontal=null, cordajeHorizontalId=null, tensionVertical=null, cordajeVerticalId=null, dosNudos=null), continuation {})
13:51:56.539 [DefaultDispatcher-worker-1] DEBUG io.mockk.impl.recording.states.AnsweringState - Answering Pedido(id=63dfa66c45532c417eff7e4b, uuid=93a98d69-0010-48a7-b34f-05b596ea8acc, userId=93a98d69-0006-48a7-b34f-05b596ea839a, state=PROCESO, fechaEntrada=2013-10-10, fechaSalida=2023-12-12, topeEntrega=2023-12-14, precio=0.0) on PedidoRepositoryCached(repoPedido#148).save(Pedido(id=63dfa66c45532c417eff7e56, uuid=93a98d69-6da6-48a7-b34f-05b596aaabac, userId=93a98d69-6da6-48a7-b34f-05b596aaaaaa, state=PROCESO, fechaEntrada=2023-02-05, fechaSalida=2023-02-06, topeEntrega=2023-02-19, precio=131.0), continuation {})
13:51:56.543 [DefaultDispatcher-worker-1] DEBUG koin.repositories.tarea.TareaRepository - findAll()
13:51:56.549 [AsyncGetter-5-thread-1] DEBUG org.mongodb.driver.protocol.command - Sending command '{"find": "tarea", "filter": {}, "batchSize": 64, "$db": "practica03mongoIvanLoli", "$clusterTime": {"clusterTime": {"$timestamp": {"t": 1675601508, "i": 4}}, "signature": {"hash": {"$binary": {"base64": "QPSOCZg2IH4/4uO9/uA5p5zYbGc=", "subType": "00"}}, "keyId": 7161871216054108163}}, "lsid": {"id": {"$binary": {"base64": "GufSMHdrQSyEi1m74LkJJA==", "subType": "04"}}}}' with request id 14 to database practica03mongoIvanLoli on connection [connectionId{localValue:7, serverValue:173256}] to server ac-o2suyf6-shard-00-02.7qtbnuz.mongodb.net:27017
13:51:56.610 [async-channel-group-0-handler-executor] DEBUG org.mongodb.driver.protocol.command - Execution of command with request id 14 completed successfully in 61.68 ms on connection [connectionId{localValue:7, serverValue:173256}] to server ac-o2suyf6-shard-00-02.7qtbnuz.mongodb.net:27017
13:51:56.640 [async-channel-group-0-handler-executor] DEBUG org.mongodb.driver.operation - Received batch of 6 documents with cursorId 0 from server ac-o2suyf6-shard-00-02.7qtbnuz.mongodb.net:27017
13:51:56.645 [DefaultDispatcher-worker-1] DEBUG koin.repositories.user.UserRepository - findByUUID(93a98d69-0006-48a7-b34f-05b596ea839a)
13:51:56.648 [AsyncGetter-5-thread-1] DEBUG org.mongodb.driver.protocol.command - Sending command '{"find": "user", "filter": {}, "batchSize": 64, "$db": "practica03mongoIvanLoli", "$clusterTime": {"clusterTime": {"$timestamp": {"t": 1675601515, "i": 3}}, "signature": {"hash": {"$binary": {"base64": "36tKcTsUDUv48Oz2lMtoUzEIPYA=", "subType": "00"}}, "keyId": 7161871216054108163}}, "lsid": {"id": {"$binary": {"base64": "GufSMHdrQSyEi1m74LkJJA==", "subType": "04"}}}}' with request id 15 to database practica03mongoIvanLoli on connection [connectionId{localValue:7, serverValue:173256}] to server ac-o2suyf6-shard-00-02.7qtbnuz.mongodb.net:27017
13:51:56.691 [async-channel-group-0-handler-executor] DEBUG org.mongodb.driver.protocol.command - Execution of command with request id 15 completed successfully in 42.38 ms on connection [connectionId{localValue:7, serverValue:173256}] to server ac-o2suyf6-shard-00-02.7qtbnuz.mongodb.net:27017
13:51:56.719 [async-channel-group-0-handler-executor] DEBUG org.mongodb.driver.operation - Received batch of 3 documents with cursorId 0 from server ac-o2suyf6-shard-00-02.7qtbnuz.mongodb.net:27017
13:51:57.399 [Test worker] DEBUG io.mockk.impl.instantiation.AbstractMockFactory - Creating mockk for MaquinaRepositoryCached name=repoM#156
13:51:57.400 [Test worker] DEBUG io.mockk.impl.instantiation.AbstractMockFactory - Creating mockk for PedidoRepositoryCached name=repoPedido#157
13:51:57.400 [Test worker] DEBUG io.mockk.impl.instantiation.AbstractMockFactory - Creating mockk for ProductoRepositoryCached name=repoProd#158
13:51:57.400 [Test worker] DEBUG io.mockk.impl.instantiation.AbstractMockFactory - Creating mockk for TareaRepositoryCached name=repoTarea#159
13:51:57.400 [Test worker] DEBUG io.mockk.impl.instantiation.AbstractMockFactory - Creating mockk for TurnoRepositoryCached name=repoTurno#160
13:51:57.400 [Test worker] DEBUG io.mockk.impl.instantiation.AbstractMockFactory - Creating mockk for UserRepositoryCached name=repoUser#161
13:51:57.405 [Test worker @coroutine#139] DEBUG io.mockk.impl.instantiation.AbstractMockFactory - Creating mockk for Maquina name=child of repoM#156#162
13:51:57.407 [Test worker @coroutine#139] DEBUG io.mockk.impl.instantiation.AbstractMockFactory - Creating mockk for Maquina name=child of repoM#156#163
13:51:57.409 [DefaultDispatcher-worker-1 @coroutine#144] DEBUG io.mockk.impl.recording.states.AnsweringState - Answering Maquina(id=63dfa66d45532c417eff7e5f, uuid=93a98d69-0008-48a7-b34f-05b596ea83bb, modelo=RTX-3080TI, marca=Nvidia, fechaAdquisicion=2022-11-10, numeroSerie=123456789X, tipo=PERSONALIZADORA, activa=true, isManual=null, maxTension=null, minTension=null, measuresManeuverability=true, measuresRigidity=false, measuresBalance=true) on MaquinaRepositoryCached(repoM#156).findByUUID(93a98d69-0008-48a7-b34f-05b596ea83bb, continuation {})
13:51:57.410 [DefaultDispatcher-worker-1 @coroutine#144] DEBUG io.mockk.impl.recording.states.AnsweringState - Answering null on MaquinaRepositoryCached(repoM#156).setInactive(63dfa66d45532c417eff7e5f, continuation {})
13:51:58.135 [Test worker] DEBUG io.mockk.impl.instantiation.AbstractMockFactory - Creating mockk for MaquinaRepositoryCached name=repoM#164
13:51:58.135 [Test worker] DEBUG io.mockk.impl.instantiation.AbstractMockFactory - Creating mockk for PedidoRepositoryCached name=repoPedido#165
13:51:58.135 [Test worker] DEBUG io.mockk.impl.instantiation.AbstractMockFactory - Creating mockk for ProductoRepositoryCached name=repoProd#166
13:51:58.136 [Test worker] DEBUG io.mockk.impl.instantiation.AbstractMockFactory - Creating mockk for TareaRepositoryCached name=repoTarea#167
13:51:58.136 [Test worker] DEBUG io.mockk.impl.instantiation.AbstractMockFactory - Creating mockk for TurnoRepositoryCached name=repoTurno#168
13:51:58.136 [Test worker] DEBUG io.mockk.impl.instantiation.AbstractMockFactory - Creating mockk for UserRepositoryCached name=repoUser#169
13:51:58.142 [Test worker @coroutine#147] DEBUG io.mockk.impl.instantiation.AbstractMockFactory - Creating mockk for Maquina name=child of repoM#164#170
13:51:58.144 [Test worker @coroutine#147] DEBUG io.mockk.impl.instantiation.AbstractMockFactory - Creating mockk for Maquina name=child of repoM#164#171
13:51:58.806 [Test worker] DEBUG io.mockk.impl.instantiation.AbstractMockFactory - Creating mockk for MaquinaRepositoryCached name=repoM#172
13:51:58.807 [Test worker] DEBUG io.mockk.impl.instantiation.AbstractMockFactory - Creating mockk for PedidoRepositoryCached name=repoPedido#173
13:51:58.807 [Test worker] DEBUG io.mockk.impl.instantiation.AbstractMockFactory - Creating mockk for ProductoRepositoryCached name=repoProd#174
13:51:58.807 [Test worker] DEBUG io.mockk.impl.instantiation.AbstractMockFactory - Creating mockk for TareaRepositoryCached name=repoTarea#175
13:51:58.808 [Test worker] DEBUG io.mockk.impl.instantiation.AbstractMockFactory - Creating mockk for TurnoRepositoryCached name=repoTurno#176
13:51:58.808 [Test worker] DEBUG io.mockk.impl.instantiation.AbstractMockFactory - Creating mockk for UserRepositoryCached name=repoUser#177
13:51:58.813 [Test worker @coroutine#155] DEBUG io.mockk.impl.instantiation.AbstractMockFactory - Creating mockk for Maquina name=child of repoM#172#178
13:51:58.815 [Test worker @coroutine#155] DEBUG io.mockk.impl.instantiation.AbstractMockFactory - Creating mockk for Maquina name=child of repoM#172#179
13:51:59.483 [Test worker] DEBUG io.mockk.impl.instantiation.AbstractMockFactory - Creating mockk for MaquinaRepositoryCached name=repoM#180
13:51:59.484 [Test worker] DEBUG io.mockk.impl.instantiation.AbstractMockFactory - Creating mockk for PedidoRepositoryCached name=repoPedido#181
13:51:59.484 [Test worker] DEBUG io.mockk.impl.instantiation.AbstractMockFactory - Creating mockk for ProductoRepositoryCached name=repoProd#182
13:51:59.485 [Test worker] DEBUG io.mockk.impl.instantiation.AbstractMockFactory - Creating mockk for TareaRepositoryCached name=repoTarea#183
13:51:59.485 [Test worker] DEBUG io.mockk.impl.instantiation.AbstractMockFactory - Creating mockk for TurnoRepositoryCached name=repoTurno#184
13:51:59.485 [Test worker] DEBUG io.mockk.impl.instantiation.AbstractMockFactory - Creating mockk for UserRepositoryCached name=repoUser#185
13:51:59.493 [Test worker @coroutine#162] DEBUG io.mockk.impl.instantiation.AbstractMockFactory - Creating mockk for Maquina name=child of repoM#180#186
13:51:59.496 [Test worker @coroutine#162] DEBUG io.mockk.impl.instantiation.AbstractMockFactory - Creating mockk for Maquina name=child of repoM#180#187
13:51:59.500 [DefaultDispatcher-worker-1 @coroutine#167] DEBUG io.mockk.impl.recording.states.AnsweringState - Answering Maquina(id=63dfa66f45532c417eff7e7d, uuid=93a98d69-0008-48a7-b34f-05b596ea83bb, modelo=RTX-3080TI, marca=Nvidia, fechaAdquisicion=2022-11-10, numeroSerie=123456789X, tipo=PERSONALIZADORA, activa=true, isManual=null, maxTension=null, minTension=null, measuresManeuverability=true, measuresRigidity=false, measuresBalance=true) on MaquinaRepositoryCached(repoM#180).findByUUID(93a98d69-0008-48a7-b34f-05b596ea83bb, continuation {})
13:51:59.500 [DefaultDispatcher-worker-1 @coroutine#167] DEBUG io.mockk.impl.recording.states.AnsweringState - Answering Maquina(id=63dfa66f45532c417eff7e7d, uuid=93a98d69-0008-48a7-b34f-05b596ea83bb, modelo=RTX-3080TI, marca=Nvidia, fechaAdquisicion=2022-11-10, numeroSerie=123456789X, tipo=PERSONALIZADORA, activa=true, isManual=null, maxTension=null, minTension=null, measuresManeuverability=true, measuresRigidity=false, measuresBalance=true) on MaquinaRepositoryCached(repoM#180).setInactive(63dfa66f45532c417eff7e7d, continuation {})
13:51:59.512 [cluster-rtt-ClusterId{value='63dfa66445532c417eff7dfd', description='null'}-ac-o2suyf6-shard-00-01.7qtbnuz.mongodb.net:27017] DEBUG org.mongodb.driver.protocol.command - Sending command '{"hello": 1, "$db": "admin", "$clusterTime": {"clusterTime": {"$timestamp": {"t": 1675601515, "i": 4}}, "signature": {"hash": {"$binary": {"base64": "36tKcTsUDUv48Oz2lMtoUzEIPYA=", "subType": "00"}}, "keyId": 7161871216054108163}}}' with request id 18 to database admin on connection [connectionId{localValue:5, serverValue:169860}] to server ac-o2suyf6-shard-00-01.7qtbnuz.mongodb.net:27017
13:51:59.512 [cluster-rtt-ClusterId{value='63dfa66445532c417eff7dfd', description='null'}-ac-o2suyf6-shard-00-02.7qtbnuz.mongodb.net:27017] DEBUG org.mongodb.driver.protocol.command - Sending command '{"hello": 1, "$db": "admin", "$clusterTime": {"clusterTime": {"$timestamp": {"t": 1675601515, "i": 4}}, "signature": {"hash": {"$binary": {"base64": "36tKcTsUDUv48Oz2lMtoUzEIPYA=", "subType": "00"}}, "keyId": 7161871216054108163}}}' with request id 16 to database admin on connection [connectionId{localValue:4, serverValue:173256}] to server ac-o2suyf6-shard-00-02.7qtbnuz.mongodb.net:27017
13:51:59.512 [cluster-rtt-ClusterId{value='63dfa66445532c417eff7dfd', description='null'}-ac-o2suyf6-shard-00-00.7qtbnuz.mongodb.net:27017] DEBUG org.mongodb.driver.protocol.command - Sending command '{"hello": 1, "$db": "admin", "$clusterTime": {"clusterTime": {"$timestamp": {"t": 1675601515, "i": 4}}, "signature": {"hash": {"$binary": {"base64": "36tKcTsUDUv48Oz2lMtoUzEIPYA=", "subType": "00"}}, "keyId": 7161871216054108163}}}' with request id 17 to database admin on connection [connectionId{localValue:2, serverValue:174158}] to server ac-o2suyf6-shard-00-00.7qtbnuz.mongodb.net:27017
13:51:59.559 [cluster-rtt-ClusterId{value='63dfa66445532c417eff7dfd', description='null'}-ac-o2suyf6-shard-00-01.7qtbnuz.mongodb.net:27017] DEBUG org.mongodb.driver.protocol.command - Execution of command with request id 18 completed successfully in 46.41 ms on connection [connectionId{localValue:5, serverValue:169860}] to server ac-o2suyf6-shard-00-01.7qtbnuz.mongodb.net:27017
13:51:59.559 [cluster-ClusterId{value='63dfa66445532c417eff7dfd', description='null'}-ac-o2suyf6-shard-00-00.7qtbnuz.mongodb.net:27017] DEBUG org.mongodb.driver.cluster - Updating cluster description to  {type=REPLICA_SET, servers=[{address=ac-o2suyf6-shard-00-00.7qtbnuz.mongodb.net:27017, type=REPLICA_SET_SECONDARY, TagSet{[Tag{name='nodeType', value='ELECTABLE'}, Tag{name='provider', value='AWS'}, Tag{name='region', value='EU_WEST_3'}, Tag{name='workloadType', value='OPERATIONAL'}]}, roundTripTime=328.8 ms, state=CONNECTED}, {address=ac-o2suyf6-shard-00-02.7qtbnuz.mongodb.net:27017, type=REPLICA_SET_PRIMARY, TagSet{[Tag{name='nodeType', value='ELECTABLE'}, Tag{name='provider', value='AWS'}, Tag{name='region', value='EU_WEST_3'}, Tag{name='workloadType', value='OPERATIONAL'}]}, roundTripTime=328.2 ms, state=CONNECTED}, {address=ac-o2suyf6-shard-00-01.7qtbnuz.mongodb.net:27017, type=REPLICA_SET_SECONDARY, TagSet{[Tag{name='nodeType', value='ELECTABLE'}, Tag{name='provider', value='AWS'}, Tag{name='region', value='EU_WEST_3'}, Tag{name='workloadType', value='OPERATIONAL'}]}, roundTripTime=328.8 ms, state=CONNECTED}]
13:51:59.561 [cluster-ClusterId{value='63dfa66445532c417eff7dfd', description='null'}-ac-o2suyf6-shard-00-00.7qtbnuz.mongodb.net:27017] DEBUG org.mongodb.driver.cluster - Checking status of ac-o2suyf6-shard-00-00.7qtbnuz.mongodb.net:27017
13:51:59.561 [cluster-ClusterId{value='63dfa66445532c417eff7dfd', description='null'}-ac-o2suyf6-shard-00-01.7qtbnuz.mongodb.net:27017] DEBUG org.mongodb.driver.cluster - Updating cluster description to  {type=REPLICA_SET, servers=[{address=ac-o2suyf6-shard-00-00.7qtbnuz.mongodb.net:27017, type=REPLICA_SET_SECONDARY, TagSet{[Tag{name='nodeType', value='ELECTABLE'}, Tag{name='provider', value='AWS'}, Tag{name='region', value='EU_WEST_3'}, Tag{name='workloadType', value='OPERATIONAL'}]}, roundTripTime=328.8 ms, state=CONNECTED}, {address=ac-o2suyf6-shard-00-02.7qtbnuz.mongodb.net:27017, type=REPLICA_SET_PRIMARY, TagSet{[Tag{name='nodeType', value='ELECTABLE'}, Tag{name='provider', value='AWS'}, Tag{name='region', value='EU_WEST_3'}, Tag{name='workloadType', value='OPERATIONAL'}]}, roundTripTime=328.2 ms, state=CONNECTED}, {address=ac-o2suyf6-shard-00-01.7qtbnuz.mongodb.net:27017, type=REPLICA_SET_SECONDARY, TagSet{[Tag{name='nodeType', value='ELECTABLE'}, Tag{name='provider', value='AWS'}, Tag{name='region', value='EU_WEST_3'}, Tag{name='workloadType', value='OPERATIONAL'}]}, roundTripTime=273.1 ms, state=CONNECTED}]
13:51:59.561 [cluster-ClusterId{value='63dfa66445532c417eff7dfd', description='null'}-ac-o2suyf6-shard-00-01.7qtbnuz.mongodb.net:27017] DEBUG org.mongodb.driver.cluster - Checking status of ac-o2suyf6-shard-00-01.7qtbnuz.mongodb.net:27017
13:51:59.567 [cluster-rtt-ClusterId{value='63dfa66445532c417eff7dfd', description='null'}-ac-o2suyf6-shard-00-02.7qtbnuz.mongodb.net:27017] DEBUG org.mongodb.driver.protocol.command - Execution of command with request id 16 completed successfully in 54.26 ms on connection [connectionId{localValue:4, serverValue:173256}] to server ac-o2suyf6-shard-00-02.7qtbnuz.mongodb.net:27017
13:51:59.567 [cluster-rtt-ClusterId{value='63dfa66445532c417eff7dfd', description='null'}-ac-o2suyf6-shard-00-00.7qtbnuz.mongodb.net:27017] DEBUG org.mongodb.driver.protocol.command - Execution of command with request id 17 completed successfully in 54.38 ms on connection [connectionId{localValue:2, serverValue:174158}] to server ac-o2suyf6-shard-00-00.7qtbnuz.mongodb.net:27017
13:51:59.567 [cluster-ClusterId{value='63dfa66445532c417eff7dfd', description='null'}-ac-o2suyf6-shard-00-02.7qtbnuz.mongodb.net:27017] DEBUG org.mongodb.driver.cluster - Updating cluster description to  {type=REPLICA_SET, servers=[{address=ac-o2suyf6-shard-00-00.7qtbnuz.mongodb.net:27017, type=REPLICA_SET_SECONDARY, TagSet{[Tag{name='nodeType', value='ELECTABLE'}, Tag{name='provider', value='AWS'}, Tag{name='region', value='EU_WEST_3'}, Tag{name='workloadType', value='OPERATIONAL'}]}, roundTripTime=328.8 ms, state=CONNECTED}, {address=ac-o2suyf6-shard-00-02.7qtbnuz.mongodb.net:27017, type=REPLICA_SET_PRIMARY, TagSet{[Tag{name='nodeType', value='ELECTABLE'}, Tag{name='provider', value='AWS'}, Tag{name='region', value='EU_WEST_3'}, Tag{name='workloadType', value='OPERATIONAL'}]}, roundTripTime=328.2 ms, state=CONNECTED}, {address=ac-o2suyf6-shard-00-01.7qtbnuz.mongodb.net:27017, type=REPLICA_SET_SECONDARY, TagSet{[Tag{name='nodeType', value='ELECTABLE'}, Tag{name='provider', value='AWS'}, Tag{name='region', value='EU_WEST_3'}, Tag{name='workloadType', value='OPERATIONAL'}]}, roundTripTime=273.1 ms, state=CONNECTED}]
13:51:59.568 [cluster-ClusterId{value='63dfa66445532c417eff7dfd', description='null'}-ac-o2suyf6-shard-00-02.7qtbnuz.mongodb.net:27017] DEBUG org.mongodb.driver.cluster - Checking status of ac-o2suyf6-shard-00-02.7qtbnuz.mongodb.net:27017
13:52:00.227 [Test worker] DEBUG io.mockk.impl.instantiation.AbstractMockFactory - Creating mockk for MaquinaRepositoryCached name=repoM#188
13:52:00.228 [Test worker] DEBUG io.mockk.impl.instantiation.AbstractMockFactory - Creating mockk for PedidoRepositoryCached name=repoPedido#189
13:52:00.228 [Test worker] DEBUG io.mockk.impl.instantiation.AbstractMockFactory - Creating mockk for ProductoRepositoryCached name=repoProd#190
13:52:00.230 [Test worker] DEBUG io.mockk.impl.instantiation.AbstractMockFactory - Creating mockk for TareaRepositoryCached name=repoTarea#191
13:52:00.230 [Test worker] DEBUG io.mockk.impl.instantiation.AbstractMockFactory - Creating mockk for TurnoRepositoryCached name=repoTurno#192
13:52:00.230 [Test worker] DEBUG io.mockk.impl.instantiation.AbstractMockFactory - Creating mockk for UserRepositoryCached name=repoUser#193
13:52:00.237 [Test worker @coroutine#170] DEBUG io.mockk.impl.instantiation.AbstractMockFactory - Creating mockk for Tarea name=child of repoTarea#191#194
13:52:00.240 [Test worker @coroutine#170] DEBUG io.mockk.impl.instantiation.AbstractMockFactory - Creating mockk for Tarea name=child of repoTarea#191#195
13:52:00.244 [DefaultDispatcher-worker-1 @coroutine#175] DEBUG io.mockk.impl.recording.states.AnsweringState - Answering Tarea(id=63dfa67045532c417eff7e86, uuid=93a98d69-0013-48a7-b34f-05b596ea83cc, raquetaId=93a98d69-0001-48a7-b34f-05b596ea83ba, precio=36.4, tipo=PERSONALIZACION, finalizada=true, pedidoId=93a98d69-0010-48a7-b34f-05b596ea8acc, productoAdquiridoId=93a98d69-0004-48a7-b34f-05b596ea83aa, peso=10, balance=2.0, rigidez=5, tensionHorizontal=null, cordajeHorizontalId=null, tensionVertical=null, cordajeVerticalId=null, dosNudos=null) on TareaRepositoryCached(repoTarea#191).findByUUID(93a98d69-0013-48a7-b34f-05b596ea83cc, continuation {})
13:52:00.244 [DefaultDispatcher-worker-1 @coroutine#175] DEBUG io.mockk.impl.recording.states.AnsweringState - Answering null on TareaRepositoryCached(repoTarea#191).delete(63dfa67045532c417eff7e86, continuation {})
13:52:00.950 [Test worker] DEBUG io.mockk.impl.instantiation.AbstractMockFactory - Creating mockk for MaquinaRepositoryCached name=repoM#196
13:52:00.950 [Test worker] DEBUG io.mockk.impl.instantiation.AbstractMockFactory - Creating mockk for PedidoRepositoryCached name=repoPedido#197
13:52:00.950 [Test worker] DEBUG io.mockk.impl.instantiation.AbstractMockFactory - Creating mockk for ProductoRepositoryCached name=repoProd#198
13:52:00.950 [Test worker] DEBUG io.mockk.impl.instantiation.AbstractMockFactory - Creating mockk for TareaRepositoryCached name=repoTarea#199
13:52:00.951 [Test worker] DEBUG io.mockk.impl.instantiation.AbstractMockFactory - Creating mockk for TurnoRepositoryCached name=repoTurno#200
13:52:00.952 [Test worker] DEBUG io.mockk.impl.instantiation.AbstractMockFactory - Creating mockk for UserRepositoryCached name=repoUser#201
13:52:00.957 [Test worker @coroutine#178] DEBUG io.mockk.impl.instantiation.AbstractMockFactory - Creating mockk for Flow name=child of repoTarea#199#202
13:52:00.960 [DefaultDispatcher-worker-1 @coroutine#181] DEBUG io.mockk.impl.recording.states.AnsweringState - Answering kotlinx.coroutines.flow.FlowKt__BuildersKt$flowOf$$inlined$unsafeFlow$2@7ac625ee on TareaRepositoryCached(repoTarea#199).findAll(continuation {})
13:52:00.961 [DefaultDispatcher-worker-1 @coroutine#181] DEBUG koin.repositories.producto.ProductoRepository - findByUUID(93a98d69-0001-48a7-b34f-05b596ea83ba)
13:52:00.962 [AsyncGetter-5-thread-1] DEBUG org.mongodb.driver.protocol.command - Sending command '{"find": "producto", "filter": {}, "batchSize": 64, "$db": "practica03mongoIvanLoli", "$clusterTime": {"clusterTime": {"$timestamp": {"t": 1675601518, "i": 1}}, "signature": {"hash": {"$binary": {"base64": "XFDSJDJyxKWyuujKtEQky5qFgqw=", "subType": "00"}}, "keyId": 7161871216054108163}}, "lsid": {"id": {"$binary": {"base64": "GufSMHdrQSyEi1m74LkJJA==", "subType": "04"}}}}' with request id 19 to database practica03mongoIvanLoli on connection [connectionId{localValue:7, serverValue:173256}] to server ac-o2suyf6-shard-00-02.7qtbnuz.mongodb.net:27017
13:52:01.019 [async-channel-group-0-handler-executor] DEBUG org.mongodb.driver.protocol.command - Execution of command with request id 19 completed successfully in 57.11 ms on connection [connectionId{localValue:7, serverValue:173256}] to server ac-o2suyf6-shard-00-02.7qtbnuz.mongodb.net:27017
13:52:01.020 [async-channel-group-0-handler-executor] DEBUG org.mongodb.driver.operation - Received batch of 4 documents with cursorId 0 from server ac-o2suyf6-shard-00-02.7qtbnuz.mongodb.net:27017
13:52:01.743 [Test worker] DEBUG io.mockk.impl.instantiation.AbstractMockFactory - Creating mockk for MaquinaRepositoryCached name=repoM#203
13:52:01.743 [Test worker] DEBUG io.mockk.impl.instantiation.AbstractMockFactory - Creating mockk for PedidoRepositoryCached name=repoPedido#204
13:52:01.744 [Test worker] DEBUG io.mockk.impl.instantiation.AbstractMockFactory - Creating mockk for ProductoRepositoryCached name=repoProd#205
13:52:01.745 [Test worker] DEBUG io.mockk.impl.instantiation.AbstractMockFactory - Creating mockk for TareaRepositoryCached name=repoTarea#206
13:52:01.746 [Test worker] DEBUG io.mockk.impl.instantiation.AbstractMockFactory - Creating mockk for TurnoRepositoryCached name=repoTurno#207
13:52:01.746 [Test worker] DEBUG io.mockk.impl.instantiation.AbstractMockFactory - Creating mockk for UserRepositoryCached name=repoUser#208
13:52:01.758 [Test worker @coroutine#184] DEBUG io.mockk.impl.instantiation.AbstractMockFactory - Creating mockk for Flow name=child of repoPedido#204#209
13:52:01.764 [DefaultDispatcher-worker-1 @coroutine#187] DEBUG io.mockk.impl.recording.states.AnsweringState - Answering kotlinx.coroutines.flow.FlowKt__BuildersKt$flowOf$$inlined$unsafeFlow$1@370a2098 on PedidoRepositoryCached(repoPedido#204).findAll(continuation {})
13:52:02.493 [Test worker] DEBUG io.mockk.impl.instantiation.AbstractMockFactory - Creating mockk for MaquinaRepositoryCached name=repoM#210
13:52:02.494 [Test worker] DEBUG io.mockk.impl.instantiation.AbstractMockFactory - Creating mockk for PedidoRepositoryCached name=repoPedido#211
13:52:02.494 [Test worker] DEBUG io.mockk.impl.instantiation.AbstractMockFactory - Creating mockk for ProductoRepositoryCached name=repoProd#212
13:52:02.494 [Test worker] DEBUG io.mockk.impl.instantiation.AbstractMockFactory - Creating mockk for TareaRepositoryCached name=repoTarea#213
13:52:02.494 [Test worker] DEBUG io.mockk.impl.instantiation.AbstractMockFactory - Creating mockk for TurnoRepositoryCached name=repoTurno#214
13:52:02.494 [Test worker] DEBUG io.mockk.impl.instantiation.AbstractMockFactory - Creating mockk for UserRepositoryCached name=repoUser#215
13:52:02.500 [Test worker @coroutine#190] DEBUG io.mockk.impl.instantiation.AbstractMockFactory - Creating mockk for Turno name=child of repoTurno#214#216
13:52:02.503 [Test worker @coroutine#190] DEBUG io.mockk.impl.instantiation.AbstractMockFactory - Creating mockk for Turno name=child of repoTurno#214#217
13:52:02.506 [DefaultDispatcher-worker-1 @coroutine#195] DEBUG io.mockk.impl.recording.states.AnsweringState - Answering Turno(id=63dfa67245532c417eff7ea6, uuid=93a98d69-0019-48a7-b34f-05b596ea8abc, workerId=93a98d69-0007-48a7-b34f-05b596ea839c, maquinaId=93a98d69-0008-48a7-b34f-05b596ea83bb, horaInicio=2002-10-14T10:09, horaFin=2002-10-14T16:49, numPedidosActivos=2, tarea1Id=93a98d69-0013-48a7-b34f-05b596ea83cc, tarea2Id=null, finalizado=false) on TurnoRepositoryCached(repoTurno#214).findByUUID(93a98d69-0019-48a7-b34f-05b596ea8abc, continuation {})
13:52:02.507 [DefaultDispatcher-worker-1 @coroutine#195] DEBUG io.mockk.impl.recording.states.AnsweringState - Answering Turno(id=63dfa67245532c417eff7ea6, uuid=93a98d69-0019-48a7-b34f-05b596ea8abc, workerId=93a98d69-0007-48a7-b34f-05b596ea839c, maquinaId=93a98d69-0008-48a7-b34f-05b596ea83bb, horaInicio=2002-10-14T10:09, horaFin=2002-10-14T16:49, numPedidosActivos=2, tarea1Id=93a98d69-0013-48a7-b34f-05b596ea83cc, tarea2Id=null, finalizado=false) on TurnoRepositoryCached(repoTurno#214).setFinalizado(63dfa67245532c417eff7ea6, continuation {})
13:52:02.510 [DefaultDispatcher-worker-1 @coroutine#195] DEBUG koin.repositories.user.UserRepository - findByUUID(93a98d69-0007-48a7-b34f-05b596ea839c)
13:52:02.511 [AsyncGetter-5-thread-1] DEBUG org.mongodb.driver.protocol.command - Sending command '{"find": "user", "filter": {}, "batchSize": 64, "$db": "practica03mongoIvanLoli", "$clusterTime": {"clusterTime": {"$timestamp": {"t": 1675601519, "i": 10}}, "signature": {"hash": {"$binary": {"base64": "Jg8xz0dCeiSAgHnlqN3PWepXiqY=", "subType": "00"}}, "keyId": 7161871216054108163}}, "lsid": {"id": {"$binary": {"base64": "GufSMHdrQSyEi1m74LkJJA==", "subType": "04"}}}}' with request id 20 to database practica03mongoIvanLoli on connection [connectionId{localValue:7, serverValue:173256}] to server ac-o2suyf6-shard-00-02.7qtbnuz.mongodb.net:27017
13:52:02.571 [async-channel-group-0-handler-executor] DEBUG org.mongodb.driver.protocol.command - Execution of command with request id 20 completed successfully in 59.60 ms on connection [connectionId{localValue:7, serverValue:173256}] to server ac-o2suyf6-shard-00-02.7qtbnuz.mongodb.net:27017
13:52:02.572 [async-channel-group-0-handler-executor] DEBUG org.mongodb.driver.operation - Received batch of 3 documents with cursorId 0 from server ac-o2suyf6-shard-00-02.7qtbnuz.mongodb.net:27017
13:52:02.577 [DefaultDispatcher-worker-1 @coroutine#195] DEBUG koin.repositories.maquina.MaquinaRepository - findByUUID(93a98d69-0008-48a7-b34f-05b596ea83bb)
13:52:02.580 [AsyncGetter-5-thread-1] DEBUG org.mongodb.driver.protocol.command - Sending command '{"find": "maquina", "filter": {}, "batchSize": 64, "$db": "practica03mongoIvanLoli", "$clusterTime": {"clusterTime": {"$timestamp": {"t": 1675601521, "i": 1}}, "signature": {"hash": {"$binary": {"base64": "he3J+/rvUTDV3ZZLjdsmy8d94Zw=", "subType": "00"}}, "keyId": 7161871216054108163}}, "lsid": {"id": {"$binary": {"base64": "GufSMHdrQSyEi1m74LkJJA==", "subType": "04"}}}}' with request id 21 to database practica03mongoIvanLoli on connection [connectionId{localValue:7, serverValue:173256}] to server ac-o2suyf6-shard-00-02.7qtbnuz.mongodb.net:27017
13:52:02.618 [async-channel-group-0-handler-executor] DEBUG org.mongodb.driver.protocol.command - Execution of command with request id 21 completed successfully in 39.15 ms on connection [connectionId{localValue:7, serverValue:173256}] to server ac-o2suyf6-shard-00-02.7qtbnuz.mongodb.net:27017
13:52:02.638 [async-channel-group-0-handler-executor] DEBUG org.mongodb.driver.operation - Received batch of 2 documents with cursorId 0 from server ac-o2suyf6-shard-00-02.7qtbnuz.mongodb.net:27017
13:52:02.643 [DefaultDispatcher-worker-1 @coroutine#195] DEBUG koin.repositories.tarea.TareaRepository - findByUUID(93a98d69-0013-48a7-b34f-05b596ea83cc)
13:52:02.648 [AsyncGetter-5-thread-1] DEBUG org.mongodb.driver.protocol.command - Sending command '{"find": "tarea", "filter": {}, "batchSize": 64, "$db": "practica03mongoIvanLoli", "$clusterTime": {"clusterTime": {"$timestamp": {"t": 1675601521, "i": 1}}, "signature": {"hash": {"$binary": {"base64": "he3J+/rvUTDV3ZZLjdsmy8d94Zw=", "subType": "00"}}, "keyId": 7161871216054108163}}, "lsid": {"id": {"$binary": {"base64": "GufSMHdrQSyEi1m74LkJJA==", "subType": "04"}}}}' with request id 22 to database practica03mongoIvanLoli on connection [connectionId{localValue:7, serverValue:173256}] to server ac-o2suyf6-shard-00-02.7qtbnuz.mongodb.net:27017
13:52:02.718 [async-channel-group-0-handler-executor] DEBUG org.mongodb.driver.protocol.command - Execution of command with request id 22 completed successfully in 70.75 ms on connection [connectionId{localValue:7, serverValue:173256}] to server ac-o2suyf6-shard-00-02.7qtbnuz.mongodb.net:27017
13:52:02.720 [async-channel-group-0-handler-executor] DEBUG org.mongodb.driver.operation - Received batch of 6 documents with cursorId 0 from server ac-o2suyf6-shard-00-02.7qtbnuz.mongodb.net:27017
13:52:03.394 [Test worker] DEBUG io.mockk.impl.instantiation.AbstractMockFactory - Creating mockk for MaquinaRepositoryCached name=repoM#218
13:52:03.395 [Test worker] DEBUG io.mockk.impl.instantiation.AbstractMockFactory - Creating mockk for PedidoRepositoryCached name=repoPedido#219
13:52:03.395 [Test worker] DEBUG io.mockk.impl.instantiation.AbstractMockFactory - Creating mockk for ProductoRepositoryCached name=repoProd#220
13:52:03.395 [Test worker] DEBUG io.mockk.impl.instantiation.AbstractMockFactory - Creating mockk for TareaRepositoryCached name=repoTarea#221
13:52:03.395 [Test worker] DEBUG io.mockk.impl.instantiation.AbstractMockFactory - Creating mockk for TurnoRepositoryCached name=repoTurno#222
13:52:03.395 [Test worker] DEBUG io.mockk.impl.instantiation.AbstractMockFactory - Creating mockk for UserRepositoryCached name=repoUser#223
13:52:03.401 [Test worker @coroutine#198] DEBUG io.mockk.impl.instantiation.AbstractMockFactory - Creating mockk for Flow name=child of repoProd#220#224
13:52:03.405 [DefaultDispatcher-worker-1 @coroutine#201] DEBUG io.mockk.impl.recording.states.AnsweringState - Answering kotlinx.coroutines.flow.FlowKt__BuildersKt$flowOf$$inlined$unsafeFlow$1@6ff71ab on ProductoRepositoryCached(repoProd#220).findAll(continuation {})
13:52:04.106 [Test worker] DEBUG io.mockk.impl.instantiation.AbstractMockFactory - Creating mockk for MaquinaRepositoryCached name=repoM#225
13:52:04.107 [Test worker] DEBUG io.mockk.impl.instantiation.AbstractMockFactory - Creating mockk for PedidoRepositoryCached name=repoPedido#226
13:52:04.107 [Test worker] DEBUG io.mockk.impl.instantiation.AbstractMockFactory - Creating mockk for ProductoRepositoryCached name=repoProd#227
13:52:04.108 [Test worker] DEBUG io.mockk.impl.instantiation.AbstractMockFactory - Creating mockk for TareaRepositoryCached name=repoTarea#228
13:52:04.108 [Test worker] DEBUG io.mockk.impl.instantiation.AbstractMockFactory - Creating mockk for TurnoRepositoryCached name=repoTurno#229
13:52:04.108 [Test worker] DEBUG io.mockk.impl.instantiation.AbstractMockFactory - Creating mockk for UserRepositoryCached name=repoUser#230
13:52:04.114 [Test worker @coroutine#204] DEBUG io.mockk.impl.instantiation.AbstractMockFactory - Creating mockk for Flow name=child of repoPedido#226#231
13:52:04.116 [DefaultDispatcher-worker-1 @coroutine#207] DEBUG io.mockk.impl.recording.states.AnsweringState - Answering kotlinx.coroutines.flow.FlowKt__BuildersKt$flowOf$$inlined$unsafeFlow$2@7a688a8a on PedidoRepositoryCached(repoPedido#226).findAll(continuation {})
13:52:04.117 [DefaultDispatcher-worker-1 @coroutine#207] DEBUG koin.repositories.tarea.TareaRepository - findAll()
13:52:04.119 [AsyncGetter-5-thread-1] DEBUG org.mongodb.driver.protocol.command - Sending command '{"find": "tarea", "filter": {}, "batchSize": 64, "$db": "practica03mongoIvanLoli", "$clusterTime": {"clusterTime": {"$timestamp": {"t": 1675601521, "i": 2}}, "signature": {"hash": {"$binary": {"base64": "he3J+/rvUTDV3ZZLjdsmy8d94Zw=", "subType": "00"}}, "keyId": 7161871216054108163}}, "lsid": {"id": {"$binary": {"base64": "GufSMHdrQSyEi1m74LkJJA==", "subType": "04"}}}}' with request id 23 to database practica03mongoIvanLoli on connection [connectionId{localValue:7, serverValue:173256}] to server ac-o2suyf6-shard-00-02.7qtbnuz.mongodb.net:27017
13:52:04.192 [async-channel-group-0-handler-executor] DEBUG org.mongodb.driver.protocol.command - Execution of command with request id 23 completed successfully in 72.81 ms on connection [connectionId{localValue:7, serverValue:173256}] to server ac-o2suyf6-shard-00-02.7qtbnuz.mongodb.net:27017
13:52:04.196 [async-channel-group-0-handler-executor] DEBUG org.mongodb.driver.operation - Received batch of 6 documents with cursorId 0 from server ac-o2suyf6-shard-00-02.7qtbnuz.mongodb.net:27017
13:52:04.197 [DefaultDispatcher-worker-1 @coroutine#207] DEBUG koin.repositories.user.UserRepository - findByUUID(93a98d69-0006-48a7-b34f-05b596ea839a)
13:52:04.198 [AsyncGetter-5-thread-1] DEBUG org.mongodb.driver.protocol.command - Sending command '{"find": "user", "filter": {}, "batchSize": 64, "$db": "practica03mongoIvanLoli", "$clusterTime": {"clusterTime": {"$timestamp": {"t": 1675601523, "i": 15}}, "signature": {"hash": {"$binary": {"base64": "BX2PwOs6IT9cLoL1gf68w61DBtA=", "subType": "00"}}, "keyId": 7161871216054108163}}, "lsid": {"id": {"$binary": {"base64": "GufSMHdrQSyEi1m74LkJJA==", "subType": "04"}}}}' with request id 24 to database practica03mongoIvanLoli on connection [connectionId{localValue:7, serverValue:173256}] to server ac-o2suyf6-shard-00-02.7qtbnuz.mongodb.net:27017
13:52:04.239 [async-channel-group-0-handler-executor] DEBUG org.mongodb.driver.protocol.command - Execution of command with request id 24 completed successfully in 40.56 ms on connection [connectionId{localValue:7, serverValue:173256}] to server ac-o2suyf6-shard-00-02.7qtbnuz.mongodb.net:27017
13:52:04.240 [async-channel-group-0-handler-executor] DEBUG org.mongodb.driver.operation - Received batch of 3 documents with cursorId 0 from server ac-o2suyf6-shard-00-02.7qtbnuz.mongodb.net:27017
13:52:04.947 [Test worker] DEBUG io.mockk.impl.instantiation.AbstractMockFactory - Creating mockk for MaquinaRepositoryCached name=repoM#232
13:52:04.947 [Test worker] DEBUG io.mockk.impl.instantiation.AbstractMockFactory - Creating mockk for PedidoRepositoryCached name=repoPedido#233
13:52:04.947 [Test worker] DEBUG io.mockk.impl.instantiation.AbstractMockFactory - Creating mockk for ProductoRepositoryCached name=repoProd#234
13:52:04.948 [Test worker] DEBUG io.mockk.impl.instantiation.AbstractMockFactory - Creating mockk for TareaRepositoryCached name=repoTarea#235
13:52:04.948 [Test worker] DEBUG io.mockk.impl.instantiation.AbstractMockFactory - Creating mockk for TurnoRepositoryCached name=repoTurno#236
13:52:04.948 [Test worker] DEBUG io.mockk.impl.instantiation.AbstractMockFactory - Creating mockk for UserRepositoryCached name=repoUser#237
13:52:04.954 [Test worker @coroutine#210] DEBUG io.mockk.impl.instantiation.AbstractMockFactory - Creating mockk for User name=child of repoUser#237#238
13:52:04.958 [DefaultDispatcher-worker-1 @coroutine#213] DEBUG io.mockk.impl.recording.states.AnsweringState - Answering null on UserRepositoryCached(repoUser#237).findByUUID(5409b694-f6e7-4f86-a057-d62e09a0dc87, continuation {})
13:52:05.726 [Test worker] DEBUG io.mockk.impl.instantiation.AbstractMockFactory - Creating mockk for MaquinaRepositoryCached name=repoM#239
13:52:05.727 [Test worker] DEBUG io.mockk.impl.instantiation.AbstractMockFactory - Creating mockk for PedidoRepositoryCached name=repoPedido#240
13:52:05.727 [Test worker] DEBUG io.mockk.impl.instantiation.AbstractMockFactory - Creating mockk for ProductoRepositoryCached name=repoProd#241
13:52:05.727 [Test worker] DEBUG io.mockk.impl.instantiation.AbstractMockFactory - Creating mockk for TareaRepositoryCached name=repoTarea#242
13:52:05.727 [Test worker] DEBUG io.mockk.impl.instantiation.AbstractMockFactory - Creating mockk for TurnoRepositoryCached name=repoTurno#243
13:52:05.728 [Test worker] DEBUG io.mockk.impl.instantiation.AbstractMockFactory - Creating mockk for UserRepositoryCached name=repoUser#244
13:52:05.732 [Test worker @coroutine#216] DEBUG io.mockk.impl.instantiation.AbstractMockFactory - Creating mockk for Tarea name=child of repoTarea#242#245
13:52:05.735 [DefaultDispatcher-worker-1 @coroutine#219] DEBUG io.mockk.impl.recording.states.AnsweringState - Answering Tarea(id=63dfa67545532c417eff7ecc, uuid=93a98d69-0013-48a7-b34f-05b596ea83cc, raquetaId=93a98d69-0001-48a7-b34f-05b596ea83ba, precio=36.4, tipo=PERSONALIZACION, finalizada=true, pedidoId=93a98d69-0010-48a7-b34f-05b596ea8acc, productoAdquiridoId=93a98d69-0004-48a7-b34f-05b596ea83aa, peso=10, balance=2.0, rigidez=5, tensionHorizontal=null, cordajeHorizontalId=null, tensionVertical=null, cordajeVerticalId=null, dosNudos=null) on TareaRepositoryCached(repoTarea#242).findByUUID(93a98d69-0013-48a7-b34f-05b596ea83cc, continuation {})
13:52:05.735 [DefaultDispatcher-worker-1 @coroutine#219] DEBUG koin.repositories.producto.ProductoRepository - findByUUID(93a98d69-0001-48a7-b34f-05b596ea83ba)
13:52:05.737 [AsyncGetter-5-thread-1] DEBUG org.mongodb.driver.protocol.command - Sending command '{"find": "producto", "filter": {}, "batchSize": 64, "$db": "practica03mongoIvanLoli", "$clusterTime": {"clusterTime": {"$timestamp": {"t": 1675601523, "i": 22}}, "signature": {"hash": {"$binary": {"base64": "BX2PwOs6IT9cLoL1gf68w61DBtA=", "subType": "00"}}, "keyId": 7161871216054108163}}, "lsid": {"id": {"$binary": {"base64": "GufSMHdrQSyEi1m74LkJJA==", "subType": "04"}}}}' with request id 25 to database practica03mongoIvanLoli on connection [connectionId{localValue:7, serverValue:173256}] to server ac-o2suyf6-shard-00-02.7qtbnuz.mongodb.net:27017
13:52:05.776 [async-channel-group-0-handler-executor] DEBUG org.mongodb.driver.protocol.command - Execution of command with request id 25 completed successfully in 39.39 ms on connection [connectionId{localValue:7, serverValue:173256}] to server ac-o2suyf6-shard-00-02.7qtbnuz.mongodb.net:27017
13:52:05.778 [async-channel-group-0-handler-executor] DEBUG org.mongodb.driver.operation - Received batch of 4 documents with cursorId 0 from server ac-o2suyf6-shard-00-02.7qtbnuz.mongodb.net:27017
13:52:06.575 [Test worker] DEBUG io.mockk.impl.instantiation.AbstractMockFactory - Creating mockk for MaquinaRepositoryCached name=repoM#246
13:52:06.575 [Test worker] DEBUG io.mockk.impl.instantiation.AbstractMockFactory - Creating mockk for PedidoRepositoryCached name=repoPedido#247
13:52:06.575 [Test worker] DEBUG io.mockk.impl.instantiation.AbstractMockFactory - Creating mockk for ProductoRepositoryCached name=repoProd#248
13:52:06.576 [Test worker] DEBUG io.mockk.impl.instantiation.AbstractMockFactory - Creating mockk for TareaRepositoryCached name=repoTarea#249
13:52:06.576 [Test worker] DEBUG io.mockk.impl.instantiation.AbstractMockFactory - Creating mockk for TurnoRepositoryCached name=repoTurno#250
13:52:06.576 [Test worker] DEBUG io.mockk.impl.instantiation.AbstractMockFactory - Creating mockk for UserRepositoryCached name=repoUser#251
13:52:06.583 [Test worker @coroutine#222] DEBUG io.mockk.impl.instantiation.AbstractMockFactory - Creating mockk for Producto name=child of repoProd#248#252
13:52:06.585 [Test worker @coroutine#222] DEBUG io.mockk.impl.instantiation.AbstractMockFactory - Creating mockk for Producto name=child of repoProd#248#253
13:52:07.274 [Test worker] DEBUG io.mockk.impl.instantiation.AbstractMockFactory - Creating mockk for MaquinaRepositoryCached name=repoM#254
13:52:07.275 [Test worker] DEBUG io.mockk.impl.instantiation.AbstractMockFactory - Creating mockk for PedidoRepositoryCached name=repoPedido#255
13:52:07.276 [Test worker] DEBUG io.mockk.impl.instantiation.AbstractMockFactory - Creating mockk for ProductoRepositoryCached name=repoProd#256
13:52:07.276 [Test worker] DEBUG io.mockk.impl.instantiation.AbstractMockFactory - Creating mockk for TareaRepositoryCached name=repoTarea#257
13:52:07.277 [Test worker] DEBUG io.mockk.impl.instantiation.AbstractMockFactory - Creating mockk for TurnoRepositoryCached name=repoTurno#258
13:52:07.277 [Test worker] DEBUG io.mockk.impl.instantiation.AbstractMockFactory - Creating mockk for UserRepositoryCached name=repoUser#259
13:52:07.285 [Test worker @coroutine#230] DEBUG io.mockk.impl.instantiation.AbstractMockFactory - Creating mockk for Tarea name=child of repoTarea#257#260
13:52:07.288 [Test worker @coroutine#230] DEBUG io.mockk.impl.instantiation.AbstractMockFactory - Creating mockk for Tarea name=child of repoTarea#257#261
13:52:07.292 [DefaultDispatcher-worker-1 @coroutine#235] DEBUG io.mockk.impl.recording.states.AnsweringState - Answering Tarea(id=63dfa67745532c417eff7ee0, uuid=93a98d69-0013-48a7-b34f-05b596ea83cc, raquetaId=93a98d69-0001-48a7-b34f-05b596ea83ba, precio=36.4, tipo=PERSONALIZACION, finalizada=true, pedidoId=93a98d69-0010-48a7-b34f-05b596ea8acc, productoAdquiridoId=93a98d69-0004-48a7-b34f-05b596ea83aa, peso=10, balance=2.0, rigidez=5, tensionHorizontal=null, cordajeHorizontalId=null, tensionVertical=null, cordajeVerticalId=null, dosNudos=null) on TareaRepositoryCached(repoTarea#257).findByUUID(93a98d69-0013-48a7-b34f-05b596ea83cc, continuation {})
13:52:07.293 [DefaultDispatcher-worker-1 @coroutine#235] DEBUG io.mockk.impl.recording.states.AnsweringState - Answering null on TareaRepositoryCached(repoTarea#257).setFinalizada(63dfa67745532c417eff7ee0, continuation {})
13:52:08.039 [Test worker] DEBUG io.mockk.impl.instantiation.AbstractMockFactory - Creating mockk for MaquinaRepositoryCached name=repoM#262
13:52:08.040 [Test worker] DEBUG io.mockk.impl.instantiation.AbstractMockFactory - Creating mockk for PedidoRepositoryCached name=repoPedido#263
13:52:08.040 [Test worker] DEBUG io.mockk.impl.instantiation.AbstractMockFactory - Creating mockk for ProductoRepositoryCached name=repoProd#264
13:52:08.040 [Test worker] DEBUG io.mockk.impl.instantiation.AbstractMockFactory - Creating mockk for TareaRepositoryCached name=repoTarea#265
13:52:08.041 [Test worker] DEBUG io.mockk.impl.instantiation.AbstractMockFactory - Creating mockk for TurnoRepositoryCached name=repoTurno#266
13:52:08.041 [Test worker] DEBUG io.mockk.impl.instantiation.AbstractMockFactory - Creating mockk for UserRepositoryCached name=repoUser#267
13:52:08.048 [Test worker @coroutine#238] DEBUG io.mockk.impl.instantiation.AbstractMockFactory - Creating mockk for Tarea name=child of repoTarea#265#268
13:52:08.051 [Test worker @coroutine#238] DEBUG io.mockk.impl.instantiation.AbstractMockFactory - Creating mockk for Tarea name=child of repoTarea#265#269
13:52:08.056 [DefaultDispatcher-worker-1 @coroutine#243] DEBUG io.mockk.impl.recording.states.AnsweringState - Answering Tarea(id=63dfa67845532c417eff7eea, uuid=93a98d69-0013-48a7-b34f-05b596ea83cc, raquetaId=93a98d69-0001-48a7-b34f-05b596ea83ba, precio=36.4, tipo=PERSONALIZACION, finalizada=true, pedidoId=93a98d69-0010-48a7-b34f-05b596ea8acc, productoAdquiridoId=93a98d69-0004-48a7-b34f-05b596ea83aa, peso=10, balance=2.0, rigidez=5, tensionHorizontal=null, cordajeHorizontalId=null, tensionVertical=null, cordajeVerticalId=null, dosNudos=null) on TareaRepositoryCached(repoTarea#265).findByUUID(93a98d69-0013-48a7-b34f-05b596ea83cc, continuation {})
13:52:08.056 [DefaultDispatcher-worker-1 @coroutine#243] DEBUG io.mockk.impl.recording.states.AnsweringState - Answering Tarea(id=63dfa67845532c417eff7eea, uuid=93a98d69-0013-48a7-b34f-05b596ea83cc, raquetaId=93a98d69-0001-48a7-b34f-05b596ea83ba, precio=36.4, tipo=PERSONALIZACION, finalizada=true, pedidoId=93a98d69-0010-48a7-b34f-05b596ea8acc, productoAdquiridoId=93a98d69-0004-48a7-b34f-05b596ea83aa, peso=10, balance=2.0, rigidez=5, tensionHorizontal=null, cordajeHorizontalId=null, tensionVertical=null, cordajeVerticalId=null, dosNudos=null) on TareaRepositoryCached(repoTarea#265).delete(63dfa67845532c417eff7eea, continuation {})
13:52:08.057 [DefaultDispatcher-worker-1 @coroutine#243] DEBUG koin.repositories.producto.ProductoRepository - findByUUID(93a98d69-0001-48a7-b34f-05b596ea83ba)
13:52:08.058 [AsyncGetter-5-thread-1] DEBUG org.mongodb.driver.protocol.command - Sending command '{"find": "producto", "filter": {}, "batchSize": 64, "$db": "practica03mongoIvanLoli", "$clusterTime": {"clusterTime": {"$timestamp": {"t": 1675601524, "i": 4}}, "signature": {"hash": {"$binary": {"base64": "6GYMqp7Sv/pXvDz8Z/ErPEg4SaY=", "subType": "00"}}, "keyId": 7161871216054108163}}, "lsid": {"id": {"$binary": {"base64": "GufSMHdrQSyEi1m74LkJJA==", "subType": "04"}}}}' with request id 26 to database practica03mongoIvanLoli on connection [connectionId{localValue:7, serverValue:173256}] to server ac-o2suyf6-shard-00-02.7qtbnuz.mongodb.net:27017
13:52:08.107 [async-channel-group-0-handler-executor] DEBUG org.mongodb.driver.protocol.command - Execution of command with request id 26 completed successfully in 49.72 ms on connection [connectionId{localValue:7, serverValue:173256}] to server ac-o2suyf6-shard-00-02.7qtbnuz.mongodb.net:27017
13:52:08.108 [async-channel-group-0-handler-executor] DEBUG org.mongodb.driver.operation - Received batch of 4 documents with cursorId 0 from server ac-o2suyf6-shard-00-02.7qtbnuz.mongodb.net:27017
13:52:08.844 [Test worker] DEBUG io.mockk.impl.instantiation.AbstractMockFactory - Creating mockk for MaquinaRepositoryCached name=repoM#270
13:52:08.845 [Test worker] DEBUG io.mockk.impl.instantiation.AbstractMockFactory - Creating mockk for PedidoRepositoryCached name=repoPedido#271
13:52:08.845 [Test worker] DEBUG io.mockk.impl.instantiation.AbstractMockFactory - Creating mockk for ProductoRepositoryCached name=repoProd#272
13:52:08.845 [Test worker] DEBUG io.mockk.impl.instantiation.AbstractMockFactory - Creating mockk for TareaRepositoryCached name=repoTarea#273
13:52:08.845 [Test worker] DEBUG io.mockk.impl.instantiation.AbstractMockFactory - Creating mockk for TurnoRepositoryCached name=repoTurno#274
13:52:08.845 [Test worker] DEBUG io.mockk.impl.instantiation.AbstractMockFactory - Creating mockk for UserRepositoryCached name=repoUser#275
13:52:08.851 [Test worker @coroutine#246] DEBUG io.mockk.impl.instantiation.AbstractMockFactory - Creating mockk for Flow name=child of repoTarea#273#276
13:52:08.853 [DefaultDispatcher-worker-1 @coroutine#249] DEBUG io.mockk.impl.recording.states.AnsweringState - Answering kotlinx.coroutines.flow.FlowKt__BuildersKt$flowOf$$inlined$unsafeFlow$1@4d653887 on TareaRepositoryCached(repoTarea#273).findAll(continuation {})
13:52:09.529 [Test worker] DEBUG io.mockk.impl.instantiation.AbstractMockFactory - Creating mockk for MaquinaRepositoryCached name=repoM#277
13:52:09.530 [Test worker] DEBUG io.mockk.impl.instantiation.AbstractMockFactory - Creating mockk for PedidoRepositoryCached name=repoPedido#278
13:52:09.530 [Test worker] DEBUG io.mockk.impl.instantiation.AbstractMockFactory - Creating mockk for ProductoRepositoryCached name=repoProd#279
13:52:09.530 [Test worker] DEBUG io.mockk.impl.instantiation.AbstractMockFactory - Creating mockk for TareaRepositoryCached name=repoTarea#280
13:52:09.530 [Test worker] DEBUG io.mockk.impl.instantiation.AbstractMockFactory - Creating mockk for TurnoRepositoryCached name=repoTurno#281
13:52:09.531 [Test worker] DEBUG io.mockk.impl.instantiation.AbstractMockFactory - Creating mockk for UserRepositoryCached name=repoUser#282
13:52:09.536 [Test worker @coroutine#252] DEBUG io.mockk.impl.instantiation.AbstractMockFactory - Creating mockk for Pedido name=child of repoPedido#278#283
13:52:09.539 [Test worker @coroutine#252] DEBUG io.mockk.impl.instantiation.AbstractMockFactory - Creating mockk for Pedido name=child of repoPedido#278#284
13:52:09.560 [cluster-rtt-ClusterId{value='63dfa66445532c417eff7dfd', description='null'}-ac-o2suyf6-shard-00-01.7qtbnuz.mongodb.net:27017] DEBUG org.mongodb.driver.protocol.command - Sending command '{"hello": 1, "$db": "admin", "$clusterTime": {"clusterTime": {"$timestamp": {"t": 1675601526, "i": 5}}, "signature": {"hash": {"$binary": {"base64": "pHV7YKiuAE4h37ffWx0VUKL81p8=", "subType": "00"}}, "keyId": 7161871216054108163}}}' with request id 27 to database admin on connection [connectionId{localValue:5, serverValue:169860}] to server ac-o2suyf6-shard-00-01.7qtbnuz.mongodb.net:27017
13:52:09.580 [cluster-rtt-ClusterId{value='63dfa66445532c417eff7dfd', description='null'}-ac-o2suyf6-shard-00-02.7qtbnuz.mongodb.net:27017] DEBUG org.mongodb.driver.protocol.command - Sending command '{"hello": 1, "$db": "admin", "$clusterTime": {"clusterTime": {"$timestamp": {"t": 1675601526, "i": 5}}, "signature": {"hash": {"$binary": {"base64": "pHV7YKiuAE4h37ffWx0VUKL81p8=", "subType": "00"}}, "keyId": 7161871216054108163}}}' with request id 28 to database admin on connection [connectionId{localValue:4, serverValue:173256}] to server ac-o2suyf6-shard-00-02.7qtbnuz.mongodb.net:27017
13:52:09.580 [cluster-rtt-ClusterId{value='63dfa66445532c417eff7dfd', description='null'}-ac-o2suyf6-shard-00-00.7qtbnuz.mongodb.net:27017] DEBUG org.mongodb.driver.protocol.command - Sending command '{"hello": 1, "$db": "admin", "$clusterTime": {"clusterTime": {"$timestamp": {"t": 1675601526, "i": 5}}, "signature": {"hash": {"$binary": {"base64": "pHV7YKiuAE4h37ffWx0VUKL81p8=", "subType": "00"}}, "keyId": 7161871216054108163}}}' with request id 29 to database admin on connection [connectionId{localValue:2, serverValue:174158}] to server ac-o2suyf6-shard-00-00.7qtbnuz.mongodb.net:27017
13:52:09.587 [cluster-ClusterId{value='63dfa66445532c417eff7dfd', description='null'}-ac-o2suyf6-shard-00-00.7qtbnuz.mongodb.net:27017] DEBUG org.mongodb.driver.cluster - Updating cluster description to  {type=REPLICA_SET, servers=[{address=ac-o2suyf6-shard-00-00.7qtbnuz.mongodb.net:27017, type=REPLICA_SET_SECONDARY, TagSet{[Tag{name='nodeType', value='ELECTABLE'}, Tag{name='provider', value='AWS'}, Tag{name='region', value='EU_WEST_3'}, Tag{name='workloadType', value='OPERATIONAL'}]}, roundTripTime=274.1 ms, state=CONNECTED}, {address=ac-o2suyf6-shard-00-02.7qtbnuz.mongodb.net:27017, type=REPLICA_SET_PRIMARY, TagSet{[Tag{name='nodeType', value='ELECTABLE'}, Tag{name='provider', value='AWS'}, Tag{name='region', value='EU_WEST_3'}, Tag{name='workloadType', value='OPERATIONAL'}]}, roundTripTime=328.2 ms, state=CONNECTED}, {address=ac-o2suyf6-shard-00-01.7qtbnuz.mongodb.net:27017, type=REPLICA_SET_SECONDARY, TagSet{[Tag{name='nodeType', value='ELECTABLE'}, Tag{name='provider', value='AWS'}, Tag{name='region', value='EU_WEST_3'}, Tag{name='workloadType', value='OPERATIONAL'}]}, roundTripTime=273.1 ms, state=CONNECTED}]
13:52:09.587 [cluster-ClusterId{value='63dfa66445532c417eff7dfd', description='null'}-ac-o2suyf6-shard-00-00.7qtbnuz.mongodb.net:27017] DEBUG org.mongodb.driver.cluster - Checking status of ac-o2suyf6-shard-00-00.7qtbnuz.mongodb.net:27017
13:52:09.587 [cluster-ClusterId{value='63dfa66445532c417eff7dfd', description='null'}-ac-o2suyf6-shard-00-02.7qtbnuz.mongodb.net:27017] DEBUG org.mongodb.driver.cluster - Updating cluster description to  {type=REPLICA_SET, servers=[{address=ac-o2suyf6-shard-00-00.7qtbnuz.mongodb.net:27017, type=REPLICA_SET_SECONDARY, TagSet{[Tag{name='nodeType', value='ELECTABLE'}, Tag{name='provider', value='AWS'}, Tag{name='region', value='EU_WEST_3'}, Tag{name='workloadType', value='OPERATIONAL'}]}, roundTripTime=274.1 ms, state=CONNECTED}, {address=ac-o2suyf6-shard-00-02.7qtbnuz.mongodb.net:27017, type=REPLICA_SET_PRIMARY, TagSet{[Tag{name='nodeType', value='ELECTABLE'}, Tag{name='provider', value='AWS'}, Tag{name='region', value='EU_WEST_3'}, Tag{name='workloadType', value='OPERATIONAL'}]}, roundTripTime=273.6 ms, state=CONNECTED}, {address=ac-o2suyf6-shard-00-01.7qtbnuz.mongodb.net:27017, type=REPLICA_SET_SECONDARY, TagSet{[Tag{name='nodeType', value='ELECTABLE'}, Tag{name='provider', value='AWS'}, Tag{name='region', value='EU_WEST_3'}, Tag{name='workloadType', value='OPERATIONAL'}]}, roundTripTime=273.1 ms, state=CONNECTED}]
13:52:09.587 [cluster-ClusterId{value='63dfa66445532c417eff7dfd', description='null'}-ac-o2suyf6-shard-00-02.7qtbnuz.mongodb.net:27017] DEBUG org.mongodb.driver.cluster - Checking status of ac-o2suyf6-shard-00-02.7qtbnuz.mongodb.net:27017
13:52:09.588 [cluster-ClusterId{value='63dfa66445532c417eff7dfd', description='null'}-ac-o2suyf6-shard-00-01.7qtbnuz.mongodb.net:27017] DEBUG org.mongodb.driver.cluster - Updating cluster description to  {type=REPLICA_SET, servers=[{address=ac-o2suyf6-shard-00-00.7qtbnuz.mongodb.net:27017, type=REPLICA_SET_SECONDARY, TagSet{[Tag{name='nodeType', value='ELECTABLE'}, Tag{name='provider', value='AWS'}, Tag{name='region', value='EU_WEST_3'}, Tag{name='workloadType', value='OPERATIONAL'}]}, roundTripTime=274.1 ms, state=CONNECTED}, {address=ac-o2suyf6-shard-00-02.7qtbnuz.mongodb.net:27017, type=REPLICA_SET_PRIMARY, TagSet{[Tag{name='nodeType', value='ELECTABLE'}, Tag{name='provider', value='AWS'}, Tag{name='region', value='EU_WEST_3'}, Tag{name='workloadType', value='OPERATIONAL'}]}, roundTripTime=273.6 ms, state=CONNECTED}, {address=ac-o2suyf6-shard-00-01.7qtbnuz.mongodb.net:27017, type=REPLICA_SET_SECONDARY, TagSet{[Tag{name='nodeType', value='ELECTABLE'}, Tag{name='provider', value='AWS'}, Tag{name='region', value='EU_WEST_3'}, Tag{name='workloadType', value='OPERATIONAL'}]}, roundTripTime=273.1 ms, state=CONNECTED}]
13:52:09.588 [cluster-ClusterId{value='63dfa66445532c417eff7dfd', description='null'}-ac-o2suyf6-shard-00-01.7qtbnuz.mongodb.net:27017] DEBUG org.mongodb.driver.cluster - Checking status of ac-o2suyf6-shard-00-01.7qtbnuz.mongodb.net:27017
13:52:09.616 [cluster-rtt-ClusterId{value='63dfa66445532c417eff7dfd', description='null'}-ac-o2suyf6-shard-00-00.7qtbnuz.mongodb.net:27017] DEBUG org.mongodb.driver.protocol.command - Execution of command with request id 29 completed successfully in 36.92 ms on connection [connectionId{localValue:2, serverValue:174158}] to server ac-o2suyf6-shard-00-00.7qtbnuz.mongodb.net:27017
13:52:09.616 [cluster-rtt-ClusterId{value='63dfa66445532c417eff7dfd', description='null'}-ac-o2suyf6-shard-00-01.7qtbnuz.mongodb.net:27017] DEBUG org.mongodb.driver.protocol.command - Execution of command with request id 27 completed successfully in 56.19 ms on connection [connectionId{localValue:5, serverValue:169860}] to server ac-o2suyf6-shard-00-01.7qtbnuz.mongodb.net:27017
13:52:09.616 [cluster-rtt-ClusterId{value='63dfa66445532c417eff7dfd', description='null'}-ac-o2suyf6-shard-00-02.7qtbnuz.mongodb.net:27017] DEBUG org.mongodb.driver.protocol.command - Execution of command with request id 28 completed successfully in 36.99 ms on connection [connectionId{localValue:4, serverValue:173256}] to server ac-o2suyf6-shard-00-02.7qtbnuz.mongodb.net:27017
13:52:10.271 [Test worker] DEBUG io.mockk.impl.instantiation.AbstractMockFactory - Creating mockk for MaquinaRepositoryCached name=repoM#285
13:52:10.271 [Test worker] DEBUG io.mockk.impl.instantiation.AbstractMockFactory - Creating mockk for PedidoRepositoryCached name=repoPedido#286
13:52:10.271 [Test worker] DEBUG io.mockk.impl.instantiation.AbstractMockFactory - Creating mockk for ProductoRepositoryCached name=repoProd#287
13:52:10.271 [Test worker] DEBUG io.mockk.impl.instantiation.AbstractMockFactory - Creating mockk for TareaRepositoryCached name=repoTarea#288
13:52:10.272 [Test worker] DEBUG io.mockk.impl.instantiation.AbstractMockFactory - Creating mockk for TurnoRepositoryCached name=repoTurno#289
13:52:10.272 [Test worker] DEBUG io.mockk.impl.instantiation.AbstractMockFactory - Creating mockk for UserRepositoryCached name=repoUser#290
13:52:10.278 [Test worker @coroutine#260] DEBUG io.mockk.impl.instantiation.AbstractMockFactory - Creating mockk for Turno name=child of repoTurno#289#291
13:52:10.280 [Test worker @coroutine#260] DEBUG io.mockk.impl.instantiation.AbstractMockFactory - Creating mockk for Turno name=child of repoTurno#289#292
13:52:10.283 [DefaultDispatcher-worker-1 @coroutine#265] DEBUG io.mockk.impl.recording.states.AnsweringState - Answering Turno(id=63dfa67a45532c417eff7f0a, uuid=93a98d69-0019-48a7-b34f-05b596ea8abc, workerId=93a98d69-0007-48a7-b34f-05b596ea839c, maquinaId=93a98d69-0008-48a7-b34f-05b596ea83bb, horaInicio=2002-10-14T10:09, horaFin=2002-10-14T16:49, numPedidosActivos=2, tarea1Id=93a98d69-0013-48a7-b34f-05b596ea83cc, tarea2Id=null, finalizado=false) on TurnoRepositoryCached(repoTurno#289).findByUUID(93a98d69-0019-48a7-b34f-05b596ea8abc, continuation {})
13:52:10.284 [DefaultDispatcher-worker-1 @coroutine#265] DEBUG io.mockk.impl.recording.states.AnsweringState - Answering null on TurnoRepositoryCached(repoTurno#289).setFinalizado(63dfa67a45532c417eff7f0a, continuation {})
13:52:10.962 [Test worker] DEBUG io.mockk.impl.instantiation.AbstractMockFactory - Creating mockk for MaquinaRepositoryCached name=repoM#293
13:52:10.963 [Test worker] DEBUG io.mockk.impl.instantiation.AbstractMockFactory - Creating mockk for PedidoRepositoryCached name=repoPedido#294
13:52:10.963 [Test worker] DEBUG io.mockk.impl.instantiation.AbstractMockFactory - Creating mockk for ProductoRepositoryCached name=repoProd#295
13:52:10.963 [Test worker] DEBUG io.mockk.impl.instantiation.AbstractMockFactory - Creating mockk for TareaRepositoryCached name=repoTarea#296
13:52:10.963 [Test worker] DEBUG io.mockk.impl.instantiation.AbstractMockFactory - Creating mockk for TurnoRepositoryCached name=repoTurno#297
13:52:10.964 [Test worker] DEBUG io.mockk.impl.instantiation.AbstractMockFactory - Creating mockk for UserRepositoryCached name=repoUser#298
13:52:10.970 [Test worker @coroutine#268] DEBUG io.mockk.impl.instantiation.AbstractMockFactory - Creating mockk for Pedido name=child of repoPedido#294#299
13:52:11.694 [Test worker] DEBUG io.mockk.impl.instantiation.AbstractMockFactory - Creating mockk for MaquinaRepositoryCached name=repoM#300
13:52:11.694 [Test worker] DEBUG io.mockk.impl.instantiation.AbstractMockFactory - Creating mockk for PedidoRepositoryCached name=repoPedido#301
13:52:11.695 [Test worker] DEBUG io.mockk.impl.instantiation.AbstractMockFactory - Creating mockk for ProductoRepositoryCached name=repoProd#302
13:52:11.695 [Test worker] DEBUG io.mockk.impl.instantiation.AbstractMockFactory - Creating mockk for TareaRepositoryCached name=repoTarea#303
13:52:11.695 [Test worker] DEBUG io.mockk.impl.instantiation.AbstractMockFactory - Creating mockk for TurnoRepositoryCached name=repoTurno#304
13:52:11.695 [Test worker] DEBUG io.mockk.impl.instantiation.AbstractMockFactory - Creating mockk for UserRepositoryCached name=repoUser#305
13:52:11.702 [Test worker @coroutine#272] DEBUG io.mockk.impl.instantiation.AbstractMockFactory - Creating mockk for Tarea name=child of repoTarea#303#306
13:52:11.705 [Test worker @coroutine#272] DEBUG io.mockk.impl.instantiation.AbstractMockFactory - Creating mockk for Tarea name=child of repoTarea#303#307
13:52:12.422 [Test worker] DEBUG io.mockk.impl.instantiation.AbstractMockFactory - Creating mockk for MaquinaRepositoryCached name=repoM#308
13:52:12.423 [Test worker] DEBUG io.mockk.impl.instantiation.AbstractMockFactory - Creating mockk for PedidoRepositoryCached name=repoPedido#309
13:52:12.423 [Test worker] DEBUG io.mockk.impl.instantiation.AbstractMockFactory - Creating mockk for ProductoRepositoryCached name=repoProd#310
13:52:12.423 [Test worker] DEBUG io.mockk.impl.instantiation.AbstractMockFactory - Creating mockk for TareaRepositoryCached name=repoTarea#311
13:52:12.423 [Test worker] DEBUG io.mockk.impl.instantiation.AbstractMockFactory - Creating mockk for TurnoRepositoryCached name=repoTurno#312
13:52:12.424 [Test worker] DEBUG io.mockk.impl.instantiation.AbstractMockFactory - Creating mockk for UserRepositoryCached name=repoUser#313
13:52:12.430 [Test worker @coroutine#280] DEBUG io.mockk.impl.instantiation.AbstractMockFactory - Creating mockk for User name=child of repoUser#313#314
13:52:12.433 [DefaultDispatcher-worker-1 @coroutine#284] DEBUG io.mockk.impl.recording.states.AnsweringState - Answering User(id=63dfa67c45532c417eff7f22, uuid=93a98d69-0006-48a7-b34f-05b596ea839a, nombre=Maria, apellido=Martinez, telefono=632120281, email=email2@email.com, password=contra, perfil=CLIENT, activo=true) on UserRepositoryCached(repoUser#313).findById(1, continuation {})
13:52:13.081 [Test worker] DEBUG io.mockk.impl.instantiation.AbstractMockFactory - Creating mockk for MaquinaRepositoryCached name=repoM#315
13:52:13.081 [Test worker] DEBUG io.mockk.impl.instantiation.AbstractMockFactory - Creating mockk for PedidoRepositoryCached name=repoPedido#316
13:52:13.081 [Test worker] DEBUG io.mockk.impl.instantiation.AbstractMockFactory - Creating mockk for ProductoRepositoryCached name=repoProd#317
13:52:13.082 [Test worker] DEBUG io.mockk.impl.instantiation.AbstractMockFactory - Creating mockk for TareaRepositoryCached name=repoTarea#318
13:52:13.082 [Test worker] DEBUG io.mockk.impl.instantiation.AbstractMockFactory - Creating mockk for TurnoRepositoryCached name=repoTurno#319
13:52:13.082 [Test worker] DEBUG io.mockk.impl.instantiation.AbstractMockFactory - Creating mockk for UserRepositoryCached name=repoUser#320
13:52:13.089 [Test worker @coroutine#287] DEBUG io.mockk.impl.instantiation.AbstractMockFactory - Creating mockk for Producto name=child of repoProd#317#321
13:52:13.092 [Test worker @coroutine#287] DEBUG io.mockk.impl.instantiation.AbstractMockFactory - Creating mockk for Producto name=child of repoProd#317#322
13:52:13.826 [Test worker] DEBUG io.mockk.impl.instantiation.AbstractMockFactory - Creating mockk for MaquinaRepositoryCached name=repoM#323
13:52:13.827 [Test worker] DEBUG io.mockk.impl.instantiation.AbstractMockFactory - Creating mockk for PedidoRepositoryCached name=repoPedido#324
13:52:13.827 [Test worker] DEBUG io.mockk.impl.instantiation.AbstractMockFactory - Creating mockk for ProductoRepositoryCached name=repoProd#325
13:52:13.827 [Test worker] DEBUG io.mockk.impl.instantiation.AbstractMockFactory - Creating mockk for TareaRepositoryCached name=repoTarea#326
13:52:13.828 [Test worker] DEBUG io.mockk.impl.instantiation.AbstractMockFactory - Creating mockk for TurnoRepositoryCached name=repoTurno#327
13:52:13.828 [Test worker] DEBUG io.mockk.impl.instantiation.AbstractMockFactory - Creating mockk for UserRepositoryCached name=repoUser#328
13:52:13.834 [Test worker @coroutine#295] DEBUG io.mockk.impl.instantiation.AbstractMockFactory - Creating mockk for Flow name=child of repoM#323#329
13:52:13.837 [DefaultDispatcher-worker-1 @coroutine#298] DEBUG io.mockk.impl.recording.states.AnsweringState - Answering kotlinx.coroutines.flow.FlowKt__BuildersKt$flowOf$$inlined$unsafeFlow$2@45abcbb5 on MaquinaRepositoryCached(repoM#323).findAll(continuation {})
13:52:14.578 [Test worker] DEBUG io.mockk.impl.instantiation.AbstractMockFactory - Creating mockk for MaquinaRepositoryCached name=repoM#330
13:52:14.578 [Test worker] DEBUG io.mockk.impl.instantiation.AbstractMockFactory - Creating mockk for PedidoRepositoryCached name=repoPedido#331
13:52:14.579 [Test worker] DEBUG io.mockk.impl.instantiation.AbstractMockFactory - Creating mockk for ProductoRepositoryCached name=repoProd#332
13:52:14.579 [Test worker] DEBUG io.mockk.impl.instantiation.AbstractMockFactory - Creating mockk for TareaRepositoryCached name=repoTarea#333
13:52:14.579 [Test worker] DEBUG io.mockk.impl.instantiation.AbstractMockFactory - Creating mockk for TurnoRepositoryCached name=repoTurno#334
13:52:14.579 [Test worker] DEBUG io.mockk.impl.instantiation.AbstractMockFactory - Creating mockk for UserRepositoryCached name=repoUser#335
13:52:14.585 [Test worker @coroutine#301] DEBUG io.mockk.impl.instantiation.AbstractMockFactory - Creating mockk for Turno name=child of repoTurno#334#336
13:52:14.589 [DefaultDispatcher-worker-1 @coroutine#304] DEBUG io.mockk.impl.recording.states.AnsweringState - Answering null on TurnoRepositoryCached(repoTurno#334).findByUUID(fa345cbe-0784-497d-aad5-3bc6e03cf2ea, continuation {})
13:52:15.299 [Test worker] DEBUG io.mockk.impl.instantiation.AbstractMockFactory - Creating mockk for MaquinaRepositoryCached name=repoM#337
13:52:15.299 [Test worker] DEBUG io.mockk.impl.instantiation.AbstractMockFactory - Creating mockk for PedidoRepositoryCached name=repoPedido#338
13:52:15.300 [Test worker] DEBUG io.mockk.impl.instantiation.AbstractMockFactory - Creating mockk for ProductoRepositoryCached name=repoProd#339
13:52:15.300 [Test worker] DEBUG io.mockk.impl.instantiation.AbstractMockFactory - Creating mockk for TareaRepositoryCached name=repoTarea#340
13:52:15.300 [Test worker] DEBUG io.mockk.impl.instantiation.AbstractMockFactory - Creating mockk for TurnoRepositoryCached name=repoTurno#341
13:52:15.300 [Test worker] DEBUG io.mockk.impl.instantiation.AbstractMockFactory - Creating mockk for UserRepositoryCached name=repoUser#342
13:52:15.307 [Test worker @coroutine#307] DEBUG io.mockk.impl.instantiation.AbstractMockFactory - Creating mockk for Pedido name=child of repoPedido#338#343
13:52:15.978 [Test worker] DEBUG io.mockk.impl.instantiation.AbstractMockFactory - Creating mockk for MaquinaRepositoryCached name=repoM#344
13:52:15.978 [Test worker] DEBUG io.mockk.impl.instantiation.AbstractMockFactory - Creating mockk for PedidoRepositoryCached name=repoPedido#345
13:52:15.979 [Test worker] DEBUG io.mockk.impl.instantiation.AbstractMockFactory - Creating mockk for ProductoRepositoryCached name=repoProd#346
13:52:15.979 [Test worker] DEBUG io.mockk.impl.instantiation.AbstractMockFactory - Creating mockk for TareaRepositoryCached name=repoTarea#347
13:52:15.979 [Test worker] DEBUG io.mockk.impl.instantiation.AbstractMockFactory - Creating mockk for TurnoRepositoryCached name=repoTurno#348
13:52:15.979 [Test worker] DEBUG io.mockk.impl.instantiation.AbstractMockFactory - Creating mockk for UserRepositoryCached name=repoUser#349
13:52:15.986 [Test worker @coroutine#311] DEBUG io.mockk.impl.instantiation.AbstractMockFactory - Creating mockk for Maquina name=child of repoM#344#350
13:52:15.988 [Test worker @coroutine#311] DEBUG io.mockk.impl.instantiation.AbstractMockFactory - Creating mockk for Maquina name=child of repoM#344#351
13:52:15.991 [DefaultDispatcher-worker-1 @coroutine#316] DEBUG io.mockk.impl.recording.states.AnsweringState - Answering Maquina(id=63dfa67f45532c417eff7f59, uuid=93a98d69-0008-48a7-b34f-05b596ea83bb, modelo=RTX-3080TI, marca=Nvidia, fechaAdquisicion=2022-11-10, numeroSerie=123456789X, tipo=PERSONALIZADORA, activa=true, isManual=null, maxTension=null, minTension=null, measuresManeuverability=true, measuresRigidity=false, measuresBalance=true) on MaquinaRepositoryCached(repoM#344).findByUUID(93a98d69-0008-48a7-b34f-05b596ea83bb, continuation {})
13:52:15.991 [DefaultDispatcher-worker-1 @coroutine#316] DEBUG io.mockk.impl.recording.states.AnsweringState - Answering null on MaquinaRepositoryCached(repoM#344).delete(63dfa67f45532c417eff7f59, continuation {})
13:52:16.720 [Test worker] DEBUG io.mockk.impl.instantiation.AbstractMockFactory - Creating mockk for MaquinaRepositoryCached name=repoM#352
13:52:16.720 [Test worker] DEBUG io.mockk.impl.instantiation.AbstractMockFactory - Creating mockk for PedidoRepositoryCached name=repoPedido#353
13:52:16.720 [Test worker] DEBUG io.mockk.impl.instantiation.AbstractMockFactory - Creating mockk for ProductoRepositoryCached name=repoProd#354
13:52:16.720 [Test worker] DEBUG io.mockk.impl.instantiation.AbstractMockFactory - Creating mockk for TareaRepositoryCached name=repoTarea#355
13:52:16.720 [Test worker] DEBUG io.mockk.impl.instantiation.AbstractMockFactory - Creating mockk for TurnoRepositoryCached name=repoTurno#356
13:52:16.721 [Test worker] DEBUG io.mockk.impl.instantiation.AbstractMockFactory - Creating mockk for UserRepositoryCached name=repoUser#357
13:52:16.726 [Test worker @coroutine#319] DEBUG io.mockk.impl.instantiation.AbstractMockFactory - Creating mockk for User name=child of repoUser#357#358
13:52:16.728 [DefaultDispatcher-worker-1 @coroutine#322] DEBUG io.mockk.impl.recording.states.AnsweringState - Answering User(id=63dfa68045532c417eff7f5e, uuid=93a98d69-0006-48a7-b34f-05b596ea839a, nombre=Maria, apellido=Martinez, telefono=632120281, email=email2@email.com, password=contra, perfil=CLIENT, activo=true) on UserRepositoryCached(repoUser#357).findByUUID(93a98d69-0006-48a7-b34f-05b596ea839a, continuation {})
13:52:17.519 [Test worker] DEBUG io.mockk.impl.instantiation.AbstractMockFactory - Creating mockk for MaquinaRepositoryCached name=repoM#359
13:52:17.519 [Test worker] DEBUG io.mockk.impl.instantiation.AbstractMockFactory - Creating mockk for PedidoRepositoryCached name=repoPedido#360
13:52:17.520 [Test worker] DEBUG io.mockk.impl.instantiation.AbstractMockFactory - Creating mockk for ProductoRepositoryCached name=repoProd#361
13:52:17.520 [Test worker] DEBUG io.mockk.impl.instantiation.AbstractMockFactory - Creating mockk for TareaRepositoryCached name=repoTarea#362
13:52:17.520 [Test worker] DEBUG io.mockk.impl.instantiation.AbstractMockFactory - Creating mockk for TurnoRepositoryCached name=repoTurno#363
13:52:17.520 [Test worker] DEBUG io.mockk.impl.instantiation.AbstractMockFactory - Creating mockk for UserRepositoryCached name=repoUser#364
13:52:17.525 [Test worker @coroutine#325] DEBUG io.mockk.impl.instantiation.AbstractMockFactory - Creating mockk for Maquina name=child of repoM#359#365
13:52:18.247 [Test worker] DEBUG io.mockk.impl.instantiation.AbstractMockFactory - Creating mockk for MaquinaRepositoryCached name=repoM#366
13:52:18.247 [Test worker] DEBUG io.mockk.impl.instantiation.AbstractMockFactory - Creating mockk for PedidoRepositoryCached name=repoPedido#367
13:52:18.248 [Test worker] DEBUG io.mockk.impl.instantiation.AbstractMockFactory - Creating mockk for ProductoRepositoryCached name=repoProd#368
13:52:18.248 [Test worker] DEBUG io.mockk.impl.instantiation.AbstractMockFactory - Creating mockk for TareaRepositoryCached name=repoTarea#369
13:52:18.248 [Test worker] DEBUG io.mockk.impl.instantiation.AbstractMockFactory - Creating mockk for TurnoRepositoryCached name=repoTurno#370
13:52:18.248 [Test worker] DEBUG io.mockk.impl.instantiation.AbstractMockFactory - Creating mockk for UserRepositoryCached name=repoUser#371
13:52:18.253 [Test worker @coroutine#329] DEBUG io.mockk.impl.instantiation.AbstractMockFactory - Creating mockk for Producto name=child of repoProd#368#372
13:52:19.012 [Test worker] DEBUG io.mockk.impl.instantiation.AbstractMockFactory - Creating mockk for MaquinaRepositoryCached name=repoM#373
13:52:19.012 [Test worker] DEBUG io.mockk.impl.instantiation.AbstractMockFactory - Creating mockk for PedidoRepositoryCached name=repoPedido#374
13:52:19.013 [Test worker] DEBUG io.mockk.impl.instantiation.AbstractMockFactory - Creating mockk for ProductoRepositoryCached name=repoProd#375
13:52:19.013 [Test worker] DEBUG io.mockk.impl.instantiation.AbstractMockFactory - Creating mockk for TareaRepositoryCached name=repoTarea#376
13:52:19.013 [Test worker] DEBUG io.mockk.impl.instantiation.AbstractMockFactory - Creating mockk for TurnoRepositoryCached name=repoTurno#377
13:52:19.013 [Test worker] DEBUG io.mockk.impl.instantiation.AbstractMockFactory - Creating mockk for UserRepositoryCached name=repoUser#378
13:52:19.018 [Test worker @coroutine#333] DEBUG io.mockk.impl.instantiation.AbstractMockFactory - Creating mockk for Turno name=child of repoTurno#377#379
13:52:19.021 [DefaultDispatcher-worker-1 @coroutine#336] DEBUG io.mockk.impl.recording.states.AnsweringState - Answering Turno(id=63dfa68345532c417eff7f82, uuid=93a98d69-0019-48a7-b34f-05b596ea8abc, workerId=93a98d69-0007-48a7-b34f-05b596ea839c, maquinaId=93a98d69-0008-48a7-b34f-05b596ea83bb, horaInicio=2002-10-14T10:09, horaFin=2002-10-14T16:49, numPedidosActivos=2, tarea1Id=93a98d69-0013-48a7-b34f-05b596ea83cc, tarea2Id=null, finalizado=false) on TurnoRepositoryCached(repoTurno#377).findByUUID(93a98d69-0019-48a7-b34f-05b596ea8abc, continuation {})
13:52:19.021 [DefaultDispatcher-worker-1 @coroutine#336] DEBUG koin.repositories.user.UserRepository - findByUUID(93a98d69-0007-48a7-b34f-05b596ea839c)
13:52:19.022 [AsyncGetter-5-thread-1] DEBUG org.mongodb.driver.protocol.command - Sending command '{"find": "user", "filter": {}, "batchSize": 64, "$db": "practica03mongoIvanLoli", "$clusterTime": {"clusterTime": {"$timestamp": {"t": 1675601528, "i": 2}}, "signature": {"hash": {"$binary": {"base64": "pZbBNQ8LcZvZyM6gtkFsr6Kq56o=", "subType": "00"}}, "keyId": 7161871216054108163}}, "lsid": {"id": {"$binary": {"base64": "GufSMHdrQSyEi1m74LkJJA==", "subType": "04"}}}}' with request id 30 to database practica03mongoIvanLoli on connection [connectionId{localValue:7, serverValue:173256}] to server ac-o2suyf6-shard-00-02.7qtbnuz.mongodb.net:27017
13:52:19.067 [async-channel-group-0-handler-executor] DEBUG org.mongodb.driver.protocol.command - Execution of command with request id 30 completed successfully in 45.74 ms on connection [connectionId{localValue:7, serverValue:173256}] to server ac-o2suyf6-shard-00-02.7qtbnuz.mongodb.net:27017
13:52:19.068 [async-channel-group-0-handler-executor] DEBUG org.mongodb.driver.operation - Received batch of 3 documents with cursorId 0 from server ac-o2suyf6-shard-00-02.7qtbnuz.mongodb.net:27017
13:52:19.069 [DefaultDispatcher-worker-1 @coroutine#336] DEBUG koin.repositories.maquina.MaquinaRepository - findByUUID(93a98d69-0008-48a7-b34f-05b596ea83bb)
13:52:19.070 [AsyncGetter-5-thread-1] DEBUG org.mongodb.driver.protocol.command - Sending command '{"find": "maquina", "filter": {}, "batchSize": 64, "$db": "practica03mongoIvanLoli", "$clusterTime": {"clusterTime": {"$timestamp": {"t": 1675601537, "i": 7}}, "signature": {"hash": {"$binary": {"base64": "hSwxcP5M9rlrq37MsMxRdkRfitE=", "subType": "00"}}, "keyId": 7161871216054108163}}, "lsid": {"id": {"$binary": {"base64": "GufSMHdrQSyEi1m74LkJJA==", "subType": "04"}}}}' with request id 31 to database practica03mongoIvanLoli on connection [connectionId{localValue:7, serverValue:173256}] to server ac-o2suyf6-shard-00-02.7qtbnuz.mongodb.net:27017
13:52:19.106 [async-channel-group-0-handler-executor] DEBUG org.mongodb.driver.protocol.command - Execution of command with request id 31 completed successfully in 36.50 ms on connection [connectionId{localValue:7, serverValue:173256}] to server ac-o2suyf6-shard-00-02.7qtbnuz.mongodb.net:27017
13:52:19.107 [async-channel-group-0-handler-executor] DEBUG org.mongodb.driver.operation - Received batch of 2 documents with cursorId 0 from server ac-o2suyf6-shard-00-02.7qtbnuz.mongodb.net:27017
13:52:19.108 [DefaultDispatcher-worker-1 @coroutine#336] DEBUG koin.repositories.tarea.TareaRepository - findByUUID(93a98d69-0013-48a7-b34f-05b596ea83cc)
13:52:19.111 [AsyncGetter-5-thread-1] DEBUG org.mongodb.driver.protocol.command - Sending command '{"find": "tarea", "filter": {}, "batchSize": 64, "$db": "practica03mongoIvanLoli", "$clusterTime": {"clusterTime": {"$timestamp": {"t": 1675601537, "i": 7}}, "signature": {"hash": {"$binary": {"base64": "hSwxcP5M9rlrq37MsMxRdkRfitE=", "subType": "00"}}, "keyId": 7161871216054108163}}, "lsid": {"id": {"$binary": {"base64": "GufSMHdrQSyEi1m74LkJJA==", "subType": "04"}}}}' with request id 32 to database practica03mongoIvanLoli on connection [connectionId{localValue:7, serverValue:173256}] to server ac-o2suyf6-shard-00-02.7qtbnuz.mongodb.net:27017
13:52:19.148 [async-channel-group-0-handler-executor] DEBUG org.mongodb.driver.protocol.command - Execution of command with request id 32 completed successfully in 38.28 ms on connection [connectionId{localValue:7, serverValue:173256}] to server ac-o2suyf6-shard-00-02.7qtbnuz.mongodb.net:27017
13:52:19.150 [async-channel-group-0-handler-executor] DEBUG org.mongodb.driver.operation - Received batch of 6 documents with cursorId 0 from server ac-o2suyf6-shard-00-02.7qtbnuz.mongodb.net:27017
13:52:19.626 [cluster-rtt-ClusterId{value='63dfa66445532c417eff7dfd', description='null'}-ac-o2suyf6-shard-00-01.7qtbnuz.mongodb.net:27017] DEBUG org.mongodb.driver.protocol.command - Sending command '{"hello": 1, "$db": "admin", "$clusterTime": {"clusterTime": {"$timestamp": {"t": 1675601537, "i": 7}}, "signature": {"hash": {"$binary": {"base64": "hSwxcP5M9rlrq37MsMxRdkRfitE=", "subType": "00"}}, "keyId": 7161871216054108163}}}' with request id 33 to database admin on connection [connectionId{localValue:5, serverValue:169860}] to server ac-o2suyf6-shard-00-01.7qtbnuz.mongodb.net:27017
13:52:19.626 [cluster-rtt-ClusterId{value='63dfa66445532c417eff7dfd', description='null'}-ac-o2suyf6-shard-00-00.7qtbnuz.mongodb.net:27017] DEBUG org.mongodb.driver.protocol.command - Sending command '{"hello": 1, "$db": "admin", "$clusterTime": {"clusterTime": {"$timestamp": {"t": 1675601537, "i": 7}}, "signature": {"hash": {"$binary": {"base64": "hSwxcP5M9rlrq37MsMxRdkRfitE=", "subType": "00"}}, "keyId": 7161871216054108163}}}' with request id 34 to database admin on connection [connectionId{localValue:2, serverValue:174158}] to server ac-o2suyf6-shard-00-00.7qtbnuz.mongodb.net:27017
13:52:19.628 [cluster-rtt-ClusterId{value='63dfa66445532c417eff7dfd', description='null'}-ac-o2suyf6-shard-00-02.7qtbnuz.mongodb.net:27017] DEBUG org.mongodb.driver.protocol.command - Sending command '{"hello": 1, "$db": "admin", "$clusterTime": {"clusterTime": {"$timestamp": {"t": 1675601537, "i": 7}}, "signature": {"hash": {"$binary": {"base64": "hSwxcP5M9rlrq37MsMxRdkRfitE=", "subType": "00"}}, "keyId": 7161871216054108163}}}' with request id 35 to database admin on connection [connectionId{localValue:4, serverValue:173256}] to server ac-o2suyf6-shard-00-02.7qtbnuz.mongodb.net:27017
13:52:19.628 [cluster-ClusterId{value='63dfa66445532c417eff7dfd', description='null'}-ac-o2suyf6-shard-00-00.7qtbnuz.mongodb.net:27017] DEBUG org.mongodb.driver.cluster - Updating cluster description to  {type=REPLICA_SET, servers=[{address=ac-o2suyf6-shard-00-00.7qtbnuz.mongodb.net:27017, type=REPLICA_SET_SECONDARY, TagSet{[Tag{name='nodeType', value='ELECTABLE'}, Tag{name='provider', value='AWS'}, Tag{name='region', value='EU_WEST_3'}, Tag{name='workloadType', value='OPERATIONAL'}]}, roundTripTime=226.8 ms, state=CONNECTED}, {address=ac-o2suyf6-shard-00-02.7qtbnuz.mongodb.net:27017, type=REPLICA_SET_PRIMARY, TagSet{[Tag{name='nodeType', value='ELECTABLE'}, Tag{name='provider', value='AWS'}, Tag{name='region', value='EU_WEST_3'}, Tag{name='workloadType', value='OPERATIONAL'}]}, roundTripTime=273.6 ms, state=CONNECTED}, {address=ac-o2suyf6-shard-00-01.7qtbnuz.mongodb.net:27017, type=REPLICA_SET_SECONDARY, TagSet{[Tag{name='nodeType', value='ELECTABLE'}, Tag{name='provider', value='AWS'}, Tag{name='region', value='EU_WEST_3'}, Tag{name='workloadType', value='OPERATIONAL'}]}, roundTripTime=273.1 ms, state=CONNECTED}]
13:52:19.628 [cluster-ClusterId{value='63dfa66445532c417eff7dfd', description='null'}-ac-o2suyf6-shard-00-00.7qtbnuz.mongodb.net:27017] DEBUG org.mongodb.driver.cluster - Checking status of ac-o2suyf6-shard-00-00.7qtbnuz.mongodb.net:27017
13:52:19.629 [cluster-ClusterId{value='63dfa66445532c417eff7dfd', description='null'}-ac-o2suyf6-shard-00-02.7qtbnuz.mongodb.net:27017] DEBUG org.mongodb.driver.cluster - Updating cluster description to  {type=REPLICA_SET, servers=[{address=ac-o2suyf6-shard-00-00.7qtbnuz.mongodb.net:27017, type=REPLICA_SET_SECONDARY, TagSet{[Tag{name='nodeType', value='ELECTABLE'}, Tag{name='provider', value='AWS'}, Tag{name='region', value='EU_WEST_3'}, Tag{name='workloadType', value='OPERATIONAL'}]}, roundTripTime=226.8 ms, state=CONNECTED}, {address=ac-o2suyf6-shard-00-02.7qtbnuz.mongodb.net:27017, type=REPLICA_SET_PRIMARY, TagSet{[Tag{name='nodeType', value='ELECTABLE'}, Tag{name='provider', value='AWS'}, Tag{name='region', value='EU_WEST_3'}, Tag{name='workloadType', value='OPERATIONAL'}]}, roundTripTime=226.5 ms, state=CONNECTED}, {address=ac-o2suyf6-shard-00-01.7qtbnuz.mongodb.net:27017, type=REPLICA_SET_SECONDARY, TagSet{[Tag{name='nodeType', value='ELECTABLE'}, Tag{name='provider', value='AWS'}, Tag{name='region', value='EU_WEST_3'}, Tag{name='workloadType', value='OPERATIONAL'}]}, roundTripTime=273.1 ms, state=CONNECTED}]
13:52:19.629 [cluster-ClusterId{value='63dfa66445532c417eff7dfd', description='null'}-ac-o2suyf6-shard-00-02.7qtbnuz.mongodb.net:27017] DEBUG org.mongodb.driver.cluster - Checking status of ac-o2suyf6-shard-00-02.7qtbnuz.mongodb.net:27017
13:52:19.630 [cluster-ClusterId{value='63dfa66445532c417eff7dfd', description='null'}-ac-o2suyf6-shard-00-01.7qtbnuz.mongodb.net:27017] DEBUG org.mongodb.driver.cluster - Updating cluster description to  {type=REPLICA_SET, servers=[{address=ac-o2suyf6-shard-00-00.7qtbnuz.mongodb.net:27017, type=REPLICA_SET_SECONDARY, TagSet{[Tag{name='nodeType', value='ELECTABLE'}, Tag{name='provider', value='AWS'}, Tag{name='region', value='EU_WEST_3'}, Tag{name='workloadType', value='OPERATIONAL'}]}, roundTripTime=226.8 ms, state=CONNECTED}, {address=ac-o2suyf6-shard-00-02.7qtbnuz.mongodb.net:27017, type=REPLICA_SET_PRIMARY, TagSet{[Tag{name='nodeType', value='ELECTABLE'}, Tag{name='provider', value='AWS'}, Tag{name='region', value='EU_WEST_3'}, Tag{name='workloadType', value='OPERATIONAL'}]}, roundTripTime=226.5 ms, state=CONNECTED}, {address=ac-o2suyf6-shard-00-01.7qtbnuz.mongodb.net:27017, type=REPLICA_SET_SECONDARY, TagSet{[Tag{name='nodeType', value='ELECTABLE'}, Tag{name='provider', value='AWS'}, Tag{name='region', value='EU_WEST_3'}, Tag{name='workloadType', value='OPERATIONAL'}]}, roundTripTime=229.8 ms, state=CONNECTED}]
13:52:19.630 [cluster-ClusterId{value='63dfa66445532c417eff7dfd', description='null'}-ac-o2suyf6-shard-00-01.7qtbnuz.mongodb.net:27017] DEBUG org.mongodb.driver.cluster - Checking status of ac-o2suyf6-shard-00-01.7qtbnuz.mongodb.net:27017
13:52:19.661 [cluster-rtt-ClusterId{value='63dfa66445532c417eff7dfd', description='null'}-ac-o2suyf6-shard-00-01.7qtbnuz.mongodb.net:27017] DEBUG org.mongodb.driver.protocol.command - Execution of command with request id 33 completed successfully in 35.28 ms on connection [connectionId{localValue:5, serverValue:169860}] to server ac-o2suyf6-shard-00-01.7qtbnuz.mongodb.net:27017
13:52:19.661 [cluster-rtt-ClusterId{value='63dfa66445532c417eff7dfd', description='null'}-ac-o2suyf6-shard-00-00.7qtbnuz.mongodb.net:27017] DEBUG org.mongodb.driver.protocol.command - Execution of command with request id 34 completed successfully in 35.27 ms on connection [connectionId{localValue:2, serverValue:174158}] to server ac-o2suyf6-shard-00-00.7qtbnuz.mongodb.net:27017
13:52:19.668 [cluster-rtt-ClusterId{value='63dfa66445532c417eff7dfd', description='null'}-ac-o2suyf6-shard-00-02.7qtbnuz.mongodb.net:27017] DEBUG org.mongodb.driver.protocol.command - Execution of command with request id 35 completed successfully in 40.18 ms on connection [connectionId{localValue:4, serverValue:173256}] to server ac-o2suyf6-shard-00-02.7qtbnuz.mongodb.net:27017
13:52:19.868 [Test worker] DEBUG io.mockk.impl.instantiation.AbstractMockFactory - Creating mockk for MaquinaRepositoryCached name=repoM#380
13:52:19.868 [Test worker] DEBUG io.mockk.impl.instantiation.AbstractMockFactory - Creating mockk for PedidoRepositoryCached name=repoPedido#381
13:52:19.868 [Test worker] DEBUG io.mockk.impl.instantiation.AbstractMockFactory - Creating mockk for ProductoRepositoryCached name=repoProd#382
13:52:19.869 [Test worker] DEBUG io.mockk.impl.instantiation.AbstractMockFactory - Creating mockk for TareaRepositoryCached name=repoTarea#383
13:52:19.869 [Test worker] DEBUG io.mockk.impl.instantiation.AbstractMockFactory - Creating mockk for TurnoRepositoryCached name=repoTurno#384
13:52:19.869 [Test worker] DEBUG io.mockk.impl.instantiation.AbstractMockFactory - Creating mockk for UserRepositoryCached name=repoUser#385
13:52:19.875 [Test worker @coroutine#339] DEBUG io.mockk.impl.instantiation.AbstractMockFactory - Creating mockk for Flow name=child of repoTurno#384#386
13:52:19.877 [DefaultDispatcher-worker-1 @coroutine#342] DEBUG io.mockk.impl.recording.states.AnsweringState - Answering kotlinx.coroutines.flow.FlowKt__BuildersKt$flowOf$$inlined$unsafeFlow$2@4c606a9 on TurnoRepositoryCached(repoTurno#384).findAll(continuation {})
13:52:19.879 [DefaultDispatcher-worker-1 @coroutine#342] DEBUG koin.repositories.user.UserRepository - findByUUID(93a98d69-0007-48a7-b34f-05b596ea839c)
13:52:19.880 [AsyncGetter-5-thread-1] DEBUG org.mongodb.driver.protocol.command - Sending command '{"find": "user", "filter": {}, "batchSize": 64, "$db": "practica03mongoIvanLoli", "$clusterTime": {"clusterTime": {"$timestamp": {"t": 1675601538, "i": 4}}, "signature": {"hash": {"$binary": {"base64": "OmO+Cchf0CWZVTUZLnjLq4nyi8I=", "subType": "00"}}, "keyId": 7161871216054108163}}, "lsid": {"id": {"$binary": {"base64": "GufSMHdrQSyEi1m74LkJJA==", "subType": "04"}}}}' with request id 36 to database practica03mongoIvanLoli on connection [connectionId{localValue:7, serverValue:173256}] to server ac-o2suyf6-shard-00-02.7qtbnuz.mongodb.net:27017
13:52:19.917 [async-channel-group-0-handler-executor] DEBUG org.mongodb.driver.protocol.command - Execution of command with request id 36 completed successfully in 37.80 ms on connection [connectionId{localValue:7, serverValue:173256}] to server ac-o2suyf6-shard-00-02.7qtbnuz.mongodb.net:27017
13:52:19.918 [async-channel-group-0-handler-executor] DEBUG org.mongodb.driver.operation - Received batch of 3 documents with cursorId 0 from server ac-o2suyf6-shard-00-02.7qtbnuz.mongodb.net:27017
13:52:19.918 [DefaultDispatcher-worker-1 @coroutine#342] DEBUG koin.repositories.maquina.MaquinaRepository - findByUUID(93a98d69-0008-48a7-b34f-05b596ea83bb)
13:52:19.919 [AsyncGetter-5-thread-1] DEBUG org.mongodb.driver.protocol.command - Sending command '{"find": "maquina", "filter": {}, "batchSize": 64, "$db": "practica03mongoIvanLoli", "$clusterTime": {"clusterTime": {"$timestamp": {"t": 1675601538, "i": 4}}, "signature": {"hash": {"$binary": {"base64": "OmO+Cchf0CWZVTUZLnjLq4nyi8I=", "subType": "00"}}, "keyId": 7161871216054108163}}, "lsid": {"id": {"$binary": {"base64": "GufSMHdrQSyEi1m74LkJJA==", "subType": "04"}}}}' with request id 37 to database practica03mongoIvanLoli on connection [connectionId{localValue:7, serverValue:173256}] to server ac-o2suyf6-shard-00-02.7qtbnuz.mongodb.net:27017
13:52:19.956 [async-channel-group-0-handler-executor] DEBUG org.mongodb.driver.protocol.command - Execution of command with request id 37 completed successfully in 36.74 ms on connection [connectionId{localValue:7, serverValue:173256}] to server ac-o2suyf6-shard-00-02.7qtbnuz.mongodb.net:27017
13:52:19.956 [async-channel-group-0-handler-executor] DEBUG org.mongodb.driver.operation - Received batch of 2 documents with cursorId 0 from server ac-o2suyf6-shard-00-02.7qtbnuz.mongodb.net:27017
13:52:19.957 [DefaultDispatcher-worker-1 @coroutine#342] DEBUG koin.repositories.tarea.TareaRepository - findByUUID(93a98d69-0013-48a7-b34f-05b596ea83cc)
13:52:19.960 [AsyncGetter-5-thread-1] DEBUG org.mongodb.driver.protocol.command - Sending command '{"find": "tarea", "filter": {}, "batchSize": 64, "$db": "practica03mongoIvanLoli", "$clusterTime": {"clusterTime": {"$timestamp": {"t": 1675601538, "i": 5}}, "signature": {"hash": {"$binary": {"base64": "OmO+Cchf0CWZVTUZLnjLq4nyi8I=", "subType": "00"}}, "keyId": 7161871216054108163}}, "lsid": {"id": {"$binary": {"base64": "GufSMHdrQSyEi1m74LkJJA==", "subType": "04"}}}}' with request id 38 to database practica03mongoIvanLoli on connection [connectionId{localValue:7, serverValue:173256}] to server ac-o2suyf6-shard-00-02.7qtbnuz.mongodb.net:27017
13:52:20.000 [async-channel-group-0-handler-executor] DEBUG org.mongodb.driver.protocol.command - Execution of command with request id 38 completed successfully in 41.96 ms on connection [connectionId{localValue:7, serverValue:173256}] to server ac-o2suyf6-shard-00-02.7qtbnuz.mongodb.net:27017
13:52:20.002 [async-channel-group-0-handler-executor] DEBUG org.mongodb.driver.operation - Received batch of 6 documents with cursorId 0 from server ac-o2suyf6-shard-00-02.7qtbnuz.mongodb.net:27017
13:52:20.781 [Test worker] DEBUG io.mockk.impl.instantiation.AbstractMockFactory - Creating mockk for MaquinaRepositoryCached name=repoM#387
13:52:20.782 [Test worker] DEBUG io.mockk.impl.instantiation.AbstractMockFactory - Creating mockk for PedidoRepositoryCached name=repoPedido#388
13:52:20.782 [Test worker] DEBUG io.mockk.impl.instantiation.AbstractMockFactory - Creating mockk for ProductoRepositoryCached name=repoProd#389
13:52:20.782 [Test worker] DEBUG io.mockk.impl.instantiation.AbstractMockFactory - Creating mockk for TareaRepositoryCached name=repoTarea#390
13:52:20.782 [Test worker] DEBUG io.mockk.impl.instantiation.AbstractMockFactory - Creating mockk for TurnoRepositoryCached name=repoTurno#391
13:52:20.783 [Test worker] DEBUG io.mockk.impl.instantiation.AbstractMockFactory - Creating mockk for UserRepositoryCached name=repoUser#392
13:52:20.790 [Test worker @coroutine#345] DEBUG io.mockk.impl.instantiation.AbstractMockFactory - Creating mockk for User name=child of repoUser#392#393
13:52:20.792 [Test worker @coroutine#345] DEBUG io.mockk.impl.instantiation.AbstractMockFactory - Creating mockk for User name=child of repoUser#392#394
13:52:21.503 [Test worker] DEBUG io.mockk.impl.instantiation.AbstractMockFactory - Creating mockk for MaquinaRepositoryCached name=repoM#395
13:52:21.503 [Test worker] DEBUG io.mockk.impl.instantiation.AbstractMockFactory - Creating mockk for PedidoRepositoryCached name=repoPedido#396
13:52:21.504 [Test worker] DEBUG io.mockk.impl.instantiation.AbstractMockFactory - Creating mockk for ProductoRepositoryCached name=repoProd#397
13:52:21.504 [Test worker] DEBUG io.mockk.impl.instantiation.AbstractMockFactory - Creating mockk for TareaRepositoryCached name=repoTarea#398
13:52:21.504 [Test worker] DEBUG io.mockk.impl.instantiation.AbstractMockFactory - Creating mockk for TurnoRepositoryCached name=repoTurno#399
13:52:21.504 [Test worker] DEBUG io.mockk.impl.instantiation.AbstractMockFactory - Creating mockk for UserRepositoryCached name=repoUser#400
13:52:21.510 [Test worker @coroutine#353] DEBUG io.mockk.impl.instantiation.AbstractMockFactory - Creating mockk for User name=child of repoUser#400#401
13:52:21.512 [Test worker @coroutine#353] DEBUG io.mockk.impl.instantiation.AbstractMockFactory - Creating mockk for User name=child of repoUser#400#402
13:52:22.205 [Test worker] DEBUG io.mockk.impl.instantiation.AbstractMockFactory - Creating mockk for MaquinaRepositoryCached name=repoM#403
13:52:22.206 [Test worker] DEBUG io.mockk.impl.instantiation.AbstractMockFactory - Creating mockk for PedidoRepositoryCached name=repoPedido#404
13:52:22.206 [Test worker] DEBUG io.mockk.impl.instantiation.AbstractMockFactory - Creating mockk for ProductoRepositoryCached name=repoProd#405
13:52:22.206 [Test worker] DEBUG io.mockk.impl.instantiation.AbstractMockFactory - Creating mockk for TareaRepositoryCached name=repoTarea#406
13:52:22.206 [Test worker] DEBUG io.mockk.impl.instantiation.AbstractMockFactory - Creating mockk for TurnoRepositoryCached name=repoTurno#407
13:52:22.206 [Test worker] DEBUG io.mockk.impl.instantiation.AbstractMockFactory - Creating mockk for UserRepositoryCached name=repoUser#408
13:52:22.213 [Test worker @coroutine#361] DEBUG io.mockk.impl.instantiation.AbstractMockFactory - Creating mockk for Pedido name=child of repoPedido#404#409
13:52:22.215 [Test worker @coroutine#361] DEBUG io.mockk.impl.instantiation.AbstractMockFactory - Creating mockk for Flow name=child of repoTarea#406#410
13:52:22.217 [Test worker @coroutine#361] DEBUG io.mockk.impl.instantiation.AbstractMockFactory - Creating mockk for Tarea name=child of repoTarea#406#411
13:52:22.218 [Test worker @coroutine#361] DEBUG io.mockk.impl.instantiation.AbstractMockFactory - Creating mockk for Pedido name=child of repoPedido#404#412
13:52:22.221 [DefaultDispatcher-worker-1 @coroutine#370] DEBUG io.mockk.impl.recording.states.AnsweringState - Answering Pedido(id=63dfa68645532c417eff7fa7, uuid=93a98d69-0010-48a7-b34f-05b596ea8acc, userId=93a98d69-0006-48a7-b34f-05b596ea839a, state=PROCESO, fechaEntrada=2013-10-10, fechaSalida=2023-12-12, topeEntrega=2023-12-14, precio=0.0) on PedidoRepositoryCached(repoPedido#404).findByUUID(93a98d69-0010-48a7-b34f-05b596ea8acc, continuation {})
13:52:22.221 [DefaultDispatcher-worker-1 @coroutine#370] DEBUG io.mockk.impl.recording.states.AnsweringState - Answering kotlinx.coroutines.flow.FlowKt__BuildersKt$flowOf$$inlined$unsafeFlow$1@7bb6a874 on TareaRepositoryCached(repoTarea#406).findAll(continuation {})
13:52:22.224 [DefaultDispatcher-worker-1 @coroutine#370] DEBUG io.mockk.impl.recording.states.AnsweringState - Answering null on PedidoRepositoryCached(repoPedido#404).delete(63dfa68645532c417eff7fa7, continuation {})
13:52:22.920 [Test worker] DEBUG io.mockk.impl.instantiation.AbstractMockFactory - Creating mockk for MaquinaRepositoryCached name=repoM#413
13:52:22.921 [Test worker] DEBUG io.mockk.impl.instantiation.AbstractMockFactory - Creating mockk for PedidoRepositoryCached name=repoPedido#414
13:52:22.921 [Test worker] DEBUG io.mockk.impl.instantiation.AbstractMockFactory - Creating mockk for ProductoRepositoryCached name=repoProd#415
13:52:22.921 [Test worker] DEBUG io.mockk.impl.instantiation.AbstractMockFactory - Creating mockk for TareaRepositoryCached name=repoTarea#416
13:52:22.921 [Test worker] DEBUG io.mockk.impl.instantiation.AbstractMockFactory - Creating mockk for TurnoRepositoryCached name=repoTurno#417
13:52:22.921 [Test worker] DEBUG io.mockk.impl.instantiation.AbstractMockFactory - Creating mockk for UserRepositoryCached name=repoUser#418
13:52:22.926 [Test worker @coroutine#373] DEBUG io.mockk.impl.instantiation.AbstractMockFactory - Creating mockk for Tarea name=child of repoTarea#416#419
13:52:23.636 [Test worker] DEBUG io.mockk.impl.instantiation.AbstractMockFactory - Creating mockk for MaquinaRepositoryCached name=repoM#420
13:52:23.636 [Test worker] DEBUG io.mockk.impl.instantiation.AbstractMockFactory - Creating mockk for PedidoRepositoryCached name=repoPedido#421
13:52:23.636 [Test worker] DEBUG io.mockk.impl.instantiation.AbstractMockFactory - Creating mockk for ProductoRepositoryCached name=repoProd#422
13:52:23.636 [Test worker] DEBUG io.mockk.impl.instantiation.AbstractMockFactory - Creating mockk for TareaRepositoryCached name=repoTarea#423
13:52:23.636 [Test worker] DEBUG io.mockk.impl.instantiation.AbstractMockFactory - Creating mockk for TurnoRepositoryCached name=repoTurno#424
13:52:23.636 [Test worker] DEBUG io.mockk.impl.instantiation.AbstractMockFactory - Creating mockk for UserRepositoryCached name=repoUser#425
13:52:23.643 [Test worker @coroutine#377] DEBUG io.mockk.impl.instantiation.AbstractMockFactory - Creating mockk for Pedido name=child of repoPedido#421#426
13:52:23.645 [DefaultDispatcher-worker-1 @coroutine#380] DEBUG io.mockk.impl.recording.states.AnsweringState - Answering Pedido(id=63dfa68745532c417eff7fbb, uuid=93a98d69-0010-48a7-b34f-05b596ea8acc, userId=93a98d69-0006-48a7-b34f-05b596ea839a, state=PROCESO, fechaEntrada=2013-10-10, fechaSalida=2023-12-12, topeEntrega=2023-12-14, precio=0.0) on PedidoRepositoryCached(repoPedido#421).findByUUID(93a98d69-0010-48a7-b34f-05b596ea8acc, continuation {})
13:52:23.645 [DefaultDispatcher-worker-1 @coroutine#380] DEBUG koin.repositories.tarea.TareaRepository - findAll()
13:52:23.647 [AsyncGetter-5-thread-1] DEBUG org.mongodb.driver.protocol.command - Sending command '{"find": "tarea", "filter": {}, "batchSize": 64, "$db": "practica03mongoIvanLoli", "$clusterTime": {"clusterTime": {"$timestamp": {"t": 1675601538, "i": 5}}, "signature": {"hash": {"$binary": {"base64": "OmO+Cchf0CWZVTUZLnjLq4nyi8I=", "subType": "00"}}, "keyId": 7161871216054108163}}, "lsid": {"id": {"$binary": {"base64": "GufSMHdrQSyEi1m74LkJJA==", "subType": "04"}}}}' with request id 39 to database practica03mongoIvanLoli on connection [connectionId{localValue:7, serverValue:173256}] to server ac-o2suyf6-shard-00-02.7qtbnuz.mongodb.net:27017
13:52:23.696 [async-channel-group-0-handler-executor] DEBUG org.mongodb.driver.protocol.command - Execution of command with request id 39 completed successfully in 49.60 ms on connection [connectionId{localValue:7, serverValue:173256}] to server ac-o2suyf6-shard-00-02.7qtbnuz.mongodb.net:27017
13:52:23.697 [async-channel-group-0-handler-executor] DEBUG org.mongodb.driver.operation - Received batch of 6 documents with cursorId 0 from server ac-o2suyf6-shard-00-02.7qtbnuz.mongodb.net:27017
13:52:23.697 [DefaultDispatcher-worker-1 @coroutine#380] DEBUG koin.repositories.user.UserRepository - findByUUID(93a98d69-0006-48a7-b34f-05b596ea839a)
13:52:23.698 [AsyncGetter-5-thread-1] DEBUG org.mongodb.driver.protocol.command - Sending command '{"find": "user", "filter": {}, "batchSize": 64, "$db": "practica03mongoIvanLoli", "$clusterTime": {"clusterTime": {"$timestamp": {"t": 1675601542, "i": 2}}, "signature": {"hash": {"$binary": {"base64": "t0+MS5T8EZ0AYtFqWNe9hsIGOS4=", "subType": "00"}}, "keyId": 7161871216054108163}}, "lsid": {"id": {"$binary": {"base64": "GufSMHdrQSyEi1m74LkJJA==", "subType": "04"}}}}' with request id 40 to database practica03mongoIvanLoli on connection [connectionId{localValue:7, serverValue:173256}] to server ac-o2suyf6-shard-00-02.7qtbnuz.mongodb.net:27017
13:52:23.735 [async-channel-group-0-handler-executor] DEBUG org.mongodb.driver.protocol.command - Execution of command with request id 40 completed successfully in 37.03 ms on connection [connectionId{localValue:7, serverValue:173256}] to server ac-o2suyf6-shard-00-02.7qtbnuz.mongodb.net:27017
13:52:23.737 [async-channel-group-0-handler-executor] DEBUG org.mongodb.driver.operation - Received batch of 3 documents with cursorId 0 from server ac-o2suyf6-shard-00-02.7qtbnuz.mongodb.net:27017
13:52:24.480 [Test worker] DEBUG io.mockk.impl.instantiation.AbstractMockFactory - Creating mockk for MaquinaRepositoryCached name=repoM#427
13:52:24.481 [Test worker] DEBUG io.mockk.impl.instantiation.AbstractMockFactory - Creating mockk for PedidoRepositoryCached name=repoPedido#428
13:52:24.481 [Test worker] DEBUG io.mockk.impl.instantiation.AbstractMockFactory - Creating mockk for ProductoRepositoryCached name=repoProd#429
13:52:24.481 [Test worker] DEBUG io.mockk.impl.instantiation.AbstractMockFactory - Creating mockk for TareaRepositoryCached name=repoTarea#430
13:52:24.481 [Test worker] DEBUG io.mockk.impl.instantiation.AbstractMockFactory - Creating mockk for TurnoRepositoryCached name=repoTurno#431
13:52:24.482 [Test worker] DEBUG io.mockk.impl.instantiation.AbstractMockFactory - Creating mockk for UserRepositoryCached name=repoUser#432
13:52:24.488 [Test worker @coroutine#383] DEBUG io.mockk.impl.instantiation.AbstractMockFactory - Creating mockk for Flow name=child of repoProd#429#433
13:52:24.489 [DefaultDispatcher-worker-1 @coroutine#386] DEBUG io.mockk.impl.recording.states.AnsweringState - Answering kotlinx.coroutines.flow.FlowKt__BuildersKt$flowOf$$inlined$unsafeFlow$2@1c80d529 on ProductoRepositoryCached(repoProd#429).findAll(continuation {})
13:52:25.226 [Test worker] DEBUG io.mockk.impl.instantiation.AbstractMockFactory - Creating mockk for MaquinaRepositoryCached name=repoM#434
13:52:25.226 [Test worker] DEBUG io.mockk.impl.instantiation.AbstractMockFactory - Creating mockk for PedidoRepositoryCached name=repoPedido#435
13:52:25.226 [Test worker] DEBUG io.mockk.impl.instantiation.AbstractMockFactory - Creating mockk for ProductoRepositoryCached name=repoProd#436
13:52:25.226 [Test worker] DEBUG io.mockk.impl.instantiation.AbstractMockFactory - Creating mockk for TareaRepositoryCached name=repoTarea#437
13:52:25.227 [Test worker] DEBUG io.mockk.impl.instantiation.AbstractMockFactory - Creating mockk for TurnoRepositoryCached name=repoTurno#438
13:52:25.227 [Test worker] DEBUG io.mockk.impl.instantiation.AbstractMockFactory - Creating mockk for UserRepositoryCached name=repoUser#439
13:52:25.232 [Test worker @coroutine#389] DEBUG io.mockk.impl.instantiation.AbstractMockFactory - Creating mockk for Tarea name=child of repoTarea#437#440
13:52:25.234 [Test worker @coroutine#389] DEBUG io.mockk.impl.instantiation.AbstractMockFactory - Creating mockk for Tarea name=child of repoTarea#437#441
13:52:25.926 [Test worker] DEBUG io.mockk.impl.instantiation.AbstractMockFactory - Creating mockk for MaquinaRepositoryCached name=repoM#442
13:52:25.927 [Test worker] DEBUG io.mockk.impl.instantiation.AbstractMockFactory - Creating mockk for PedidoRepositoryCached name=repoPedido#443
13:52:25.927 [Test worker] DEBUG io.mockk.impl.instantiation.AbstractMockFactory - Creating mockk for ProductoRepositoryCached name=repoProd#444
13:52:25.927 [Test worker] DEBUG io.mockk.impl.instantiation.AbstractMockFactory - Creating mockk for TareaRepositoryCached name=repoTarea#445
13:52:25.927 [Test worker] DEBUG io.mockk.impl.instantiation.AbstractMockFactory - Creating mockk for TurnoRepositoryCached name=repoTurno#446
13:52:25.927 [Test worker] DEBUG io.mockk.impl.instantiation.AbstractMockFactory - Creating mockk for UserRepositoryCached name=repoUser#447
13:52:25.933 [Test worker @coroutine#396] DEBUG io.mockk.impl.instantiation.AbstractMockFactory - Creating mockk for Turno name=child of repoTurno#446#448
13:52:25.934 [Test worker @coroutine#396] DEBUG io.mockk.impl.instantiation.AbstractMockFactory - Creating mockk for Turno name=child of repoTurno#446#449
13:52:26.663 [Test worker] DEBUG io.mockk.impl.instantiation.AbstractMockFactory - Creating mockk for MaquinaRepositoryCached name=repoM#450
13:52:26.663 [Test worker] DEBUG io.mockk.impl.instantiation.AbstractMockFactory - Creating mockk for PedidoRepositoryCached name=repoPedido#451
13:52:26.663 [Test worker] DEBUG io.mockk.impl.instantiation.AbstractMockFactory - Creating mockk for ProductoRepositoryCached name=repoProd#452
13:52:26.664 [Test worker] DEBUG io.mockk.impl.instantiation.AbstractMockFactory - Creating mockk for TareaRepositoryCached name=repoTarea#453
13:52:26.664 [Test worker] DEBUG io.mockk.impl.instantiation.AbstractMockFactory - Creating mockk for TurnoRepositoryCached name=repoTurno#454
13:52:26.664 [Test worker] DEBUG io.mockk.impl.instantiation.AbstractMockFactory - Creating mockk for UserRepositoryCached name=repoUser#455
13:52:26.669 [Test worker @coroutine#404] DEBUG io.mockk.impl.instantiation.AbstractMockFactory - Creating mockk for User name=child of repoUser#455#456
13:52:26.670 [Test worker @coroutine#404] DEBUG io.mockk.impl.instantiation.AbstractMockFactory - Creating mockk for User name=child of repoUser#455#457
13:52:26.673 [DefaultDispatcher-worker-1 @coroutine#409] DEBUG io.mockk.impl.recording.states.AnsweringState - Answering User(id=63dfa68a45532c417eff7fe0, uuid=93a98d69-0006-48a7-b34f-05b596ea839a, nombre=Maria, apellido=Martinez, telefono=632120281, email=email2@email.com, password=contra, perfil=CLIENT, activo=true) on UserRepositoryCached(repoUser#455).findByUUID(93a98d69-0006-48a7-b34f-05b596ea839a, continuation {})
13:52:26.673 [DefaultDispatcher-worker-1 @coroutine#409] DEBUG io.mockk.impl.recording.states.AnsweringState - Answering User(id=63dfa68a45532c417eff7fe0, uuid=93a98d69-0006-48a7-b34f-05b596ea839a, nombre=Maria, apellido=Martinez, telefono=632120281, email=email2@email.com, password=contra, perfil=CLIENT, activo=true) on UserRepositoryCached(repoUser#455).setInactive(63dfa68a45532c417eff7fe0, continuation {})
13:52:27.367 [Test worker] DEBUG io.mockk.impl.instantiation.AbstractMockFactory - Creating mockk for MaquinaRepositoryCached name=repoM#458
13:52:27.367 [Test worker] DEBUG io.mockk.impl.instantiation.AbstractMockFactory - Creating mockk for PedidoRepositoryCached name=repoPedido#459
13:52:27.367 [Test worker] DEBUG io.mockk.impl.instantiation.AbstractMockFactory - Creating mockk for ProductoRepositoryCached name=repoProd#460
13:52:27.367 [Test worker] DEBUG io.mockk.impl.instantiation.AbstractMockFactory - Creating mockk for TareaRepositoryCached name=repoTarea#461
13:52:27.367 [Test worker] DEBUG io.mockk.impl.instantiation.AbstractMockFactory - Creating mockk for TurnoRepositoryCached name=repoTurno#462
13:52:27.368 [Test worker] DEBUG io.mockk.impl.instantiation.AbstractMockFactory - Creating mockk for UserRepositoryCached name=repoUser#463
13:52:27.374 [Test worker @coroutine#412] DEBUG io.mockk.impl.instantiation.AbstractMockFactory - Creating mockk for Maquina name=child of repoM#458#464
13:52:27.376 [Test worker @coroutine#412] DEBUG io.mockk.impl.instantiation.AbstractMockFactory - Creating mockk for Maquina name=child of repoM#458#465
13:52:28.086 [Test worker] DEBUG io.mockk.impl.instantiation.AbstractMockFactory - Creating mockk for MaquinaRepositoryCached name=repoM#466
13:52:28.087 [Test worker] DEBUG io.mockk.impl.instantiation.AbstractMockFactory - Creating mockk for PedidoRepositoryCached name=repoPedido#467
13:52:28.087 [Test worker] DEBUG io.mockk.impl.instantiation.AbstractMockFactory - Creating mockk for ProductoRepositoryCached name=repoProd#468
13:52:28.088 [Test worker] DEBUG io.mockk.impl.instantiation.AbstractMockFactory - Creating mockk for TareaRepositoryCached name=repoTarea#469
13:52:28.088 [Test worker] DEBUG io.mockk.impl.instantiation.AbstractMockFactory - Creating mockk for TurnoRepositoryCached name=repoTurno#470
13:52:28.088 [Test worker] DEBUG io.mockk.impl.instantiation.AbstractMockFactory - Creating mockk for UserRepositoryCached name=repoUser#471
13:52:28.096 [Test worker @coroutine#420] DEBUG io.mockk.impl.instantiation.AbstractMockFactory - Creating mockk for Turno name=child of repoTurno#470#472
13:52:28.105 [DefaultDispatcher-worker-1] DEBUG koin.repositories.pedido.PedidoRepository - findByUUID(93a98d69-6da6-48a7-b34f-05b596aaabac)
13:52:28.110 [AsyncGetter-5-thread-1] DEBUG org.mongodb.driver.protocol.command - Sending command '{"find": "pedido", "filter": {}, "batchSize": 64, "$db": "practica03mongoIvanLoli", "$clusterTime": {"clusterTime": {"$timestamp": {"t": 1675601542, "i": 3}}, "signature": {"hash": {"$binary": {"base64": "t0+MS5T8EZ0AYtFqWNe9hsIGOS4=", "subType": "00"}}, "keyId": 7161871216054108163}}, "lsid": {"id": {"$binary": {"base64": "GufSMHdrQSyEi1m74LkJJA==", "subType": "04"}}}}' with request id 41 to database practica03mongoIvanLoli on connection [connectionId{localValue:7, serverValue:173256}] to server ac-o2suyf6-shard-00-02.7qtbnuz.mongodb.net:27017
13:52:28.187 [async-channel-group-0-handler-executor] DEBUG org.mongodb.driver.protocol.command - Execution of command with request id 41 completed successfully in 77.82 ms on connection [connectionId{localValue:7, serverValue:173256}] to server ac-o2suyf6-shard-00-02.7qtbnuz.mongodb.net:27017
13:52:28.198 [async-channel-group-0-handler-executor] DEBUG org.mongodb.driver.operation - Received batch of 1 documents with cursorId 0 from server ac-o2suyf6-shard-00-02.7qtbnuz.mongodb.net:27017
13:52:28.201 [DefaultDispatcher-worker-1] DEBUG koin.repositories.pedido.PedidoRepository - findByUUID(93a98d69-6da6-48a7-b34f-05b596aaabac)
13:52:28.202 [AsyncGetter-5-thread-1] DEBUG org.mongodb.driver.protocol.command - Sending command '{"find": "pedido", "filter": {}, "batchSize": 64, "$db": "practica03mongoIvanLoli", "$clusterTime": {"clusterTime": {"$timestamp": {"t": 1675601547, "i": 1}}, "signature": {"hash": {"$binary": {"base64": "9ibEo6YMfyuqYW3LGZ4pF9EE5ng=", "subType": "00"}}, "keyId": 7161871216054108163}}, "lsid": {"id": {"$binary": {"base64": "GufSMHdrQSyEi1m74LkJJA==", "subType": "04"}}}}' with request id 42 to database practica03mongoIvanLoli on connection [connectionId{localValue:7, serverValue:173256}] to server ac-o2suyf6-shard-00-02.7qtbnuz.mongodb.net:27017
13:52:28.240 [async-channel-group-0-handler-executor] DEBUG org.mongodb.driver.protocol.command - Execution of command with request id 42 completed successfully in 37.52 ms on connection [connectionId{localValue:7, serverValue:173256}] to server ac-o2suyf6-shard-00-02.7qtbnuz.mongodb.net:27017
13:52:28.240 [async-channel-group-0-handler-executor] DEBUG org.mongodb.driver.operation - Received batch of 1 documents with cursorId 0 from server ac-o2suyf6-shard-00-02.7qtbnuz.mongodb.net:27017
13:52:28.241 [DefaultDispatcher-worker-1] DEBUG io.mockk.impl.recording.states.AnsweringState - Answering Turno(id=63dfa68c45532c417eff7ffa, uuid=93a98d69-0019-48a7-b34f-05b596ea8abc, workerId=93a98d69-0007-48a7-b34f-05b596ea839c, maquinaId=93a98d69-0008-48a7-b34f-05b596ea83bb, horaInicio=2002-10-14T10:09, horaFin=2002-10-14T16:49, numPedidosActivos=2, tarea1Id=93a98d69-0013-48a7-b34f-05b596ea83cc, tarea2Id=null, finalizado=false) on TurnoRepositoryCached(repoTurno#470).save(Turno(id=63dfa68c45532c417eff8000, uuid=93a98d69-6da6-48a7-b34f-05b596aaabba, workerId=93a98d69-6da6-48a7-b34f-05b596aaaaab, maquinaId=93a98d69-6da6-48a7-b34f-05b596aaaaca, horaInicio=2023-02-05T15:51:36.176651700, horaFin=2023-02-05T17:51:36.176651700, numPedidosActivos=1, tarea1Id=93a98d69-6da6-48a7-b34f-05b596aaabab, tarea2Id=93a98d69-6da6-48a7-b34f-05b596aaaacc, finalizado=false), continuation {})
13:52:28.241 [DefaultDispatcher-worker-1] DEBUG koin.repositories.user.UserRepository - findByUUID(93a98d69-0007-48a7-b34f-05b596ea839c)
13:52:28.242 [AsyncGetter-5-thread-1] DEBUG org.mongodb.driver.protocol.command - Sending command '{"find": "user", "filter": {}, "batchSize": 64, "$db": "practica03mongoIvanLoli", "$clusterTime": {"clusterTime": {"$timestamp": {"t": 1675601547, "i": 1}}, "signature": {"hash": {"$binary": {"base64": "9ibEo6YMfyuqYW3LGZ4pF9EE5ng=", "subType": "00"}}, "keyId": 7161871216054108163}}, "lsid": {"id": {"$binary": {"base64": "GufSMHdrQSyEi1m74LkJJA==", "subType": "04"}}}}' with request id 43 to database practica03mongoIvanLoli on connection [connectionId{localValue:7, serverValue:173256}] to server ac-o2suyf6-shard-00-02.7qtbnuz.mongodb.net:27017
13:52:28.305 [async-channel-group-0-handler-executor] DEBUG org.mongodb.driver.protocol.command - Execution of command with request id 43 completed successfully in 63.06 ms on connection [connectionId{localValue:7, serverValue:173256}] to server ac-o2suyf6-shard-00-02.7qtbnuz.mongodb.net:27017
13:52:28.306 [async-channel-group-0-handler-executor] DEBUG org.mongodb.driver.operation - Received batch of 3 documents with cursorId 0 from server ac-o2suyf6-shard-00-02.7qtbnuz.mongodb.net:27017
13:52:28.306 [DefaultDispatcher-worker-1] DEBUG koin.repositories.maquina.MaquinaRepository - findByUUID(93a98d69-0008-48a7-b34f-05b596ea83bb)
13:52:28.308 [AsyncGetter-5-thread-1] DEBUG org.mongodb.driver.protocol.command - Sending command '{"find": "maquina", "filter": {}, "batchSize": 64, "$db": "practica03mongoIvanLoli", "$clusterTime": {"clusterTime": {"$timestamp": {"t": 1675601547, "i": 2}}, "signature": {"hash": {"$binary": {"base64": "9ibEo6YMfyuqYW3LGZ4pF9EE5ng=", "subType": "00"}}, "keyId": 7161871216054108163}}, "lsid": {"id": {"$binary": {"base64": "GufSMHdrQSyEi1m74LkJJA==", "subType": "04"}}}}' with request id 44 to database practica03mongoIvanLoli on connection [connectionId{localValue:7, serverValue:173256}] to server ac-o2suyf6-shard-00-02.7qtbnuz.mongodb.net:27017
13:52:28.346 [async-channel-group-0-handler-executor] DEBUG org.mongodb.driver.protocol.command - Execution of command with request id 44 completed successfully in 38.09 ms on connection [connectionId{localValue:7, serverValue:173256}] to server ac-o2suyf6-shard-00-02.7qtbnuz.mongodb.net:27017
13:52:28.347 [async-channel-group-0-handler-executor] DEBUG org.mongodb.driver.operation - Received batch of 2 documents with cursorId 0 from server ac-o2suyf6-shard-00-02.7qtbnuz.mongodb.net:27017
13:52:28.348 [DefaultDispatcher-worker-1] DEBUG koin.repositories.tarea.TareaRepository - findByUUID(93a98d69-0013-48a7-b34f-05b596ea83cc)
13:52:28.349 [AsyncGetter-5-thread-1] DEBUG org.mongodb.driver.protocol.command - Sending command '{"find": "tarea", "filter": {}, "batchSize": 64, "$db": "practica03mongoIvanLoli", "$clusterTime": {"clusterTime": {"$timestamp": {"t": 1675601547, "i": 2}}, "signature": {"hash": {"$binary": {"base64": "9ibEo6YMfyuqYW3LGZ4pF9EE5ng=", "subType": "00"}}, "keyId": 7161871216054108163}}, "lsid": {"id": {"$binary": {"base64": "GufSMHdrQSyEi1m74LkJJA==", "subType": "04"}}}}' with request id 45 to database practica03mongoIvanLoli on connection [connectionId{localValue:7, serverValue:173256}] to server ac-o2suyf6-shard-00-02.7qtbnuz.mongodb.net:27017
13:52:28.404 [async-channel-group-0-handler-executor] DEBUG org.mongodb.driver.protocol.command - Execution of command with request id 45 completed successfully in 55.56 ms on connection [connectionId{localValue:7, serverValue:173256}] to server ac-o2suyf6-shard-00-02.7qtbnuz.mongodb.net:27017
13:52:28.405 [async-channel-group-0-handler-executor] DEBUG org.mongodb.driver.operation - Received batch of 6 documents with cursorId 0 from server ac-o2suyf6-shard-00-02.7qtbnuz.mongodb.net:27017
13:52:29.132 [Test worker] DEBUG io.mockk.impl.instantiation.AbstractMockFactory - Creating mockk for MaquinaRepositoryCached name=repoM#473
13:52:29.133 [Test worker] DEBUG io.mockk.impl.instantiation.AbstractMockFactory - Creating mockk for PedidoRepositoryCached name=repoPedido#474
13:52:29.133 [Test worker] DEBUG io.mockk.impl.instantiation.AbstractMockFactory - Creating mockk for ProductoRepositoryCached name=repoProd#475
13:52:29.133 [Test worker] DEBUG io.mockk.impl.instantiation.AbstractMockFactory - Creating mockk for TareaRepositoryCached name=repoTarea#476
13:52:29.133 [Test worker] DEBUG io.mockk.impl.instantiation.AbstractMockFactory - Creating mockk for TurnoRepositoryCached name=repoTurno#477
13:52:29.133 [Test worker] DEBUG io.mockk.impl.instantiation.AbstractMockFactory - Creating mockk for UserRepositoryCached name=repoUser#478
13:52:29.140 [Test worker @coroutine#424] DEBUG io.mockk.impl.instantiation.AbstractMockFactory - Creating mockk for Flow name=child of repoUser#478#479
13:52:29.142 [DefaultDispatcher-worker-1 @coroutine#427] DEBUG io.mockk.impl.recording.states.AnsweringState - Answering kotlinx.coroutines.flow.FlowKt__BuildersKt$flowOf$$inlined$unsafeFlow$1@247be657 on UserRepositoryCached(repoUser#478).findAll(continuation {})
13:52:29.653 [cluster-ClusterId{value='63dfa66445532c417eff7dfd', description='null'}-ac-o2suyf6-shard-00-01.7qtbnuz.mongodb.net:27017] DEBUG org.mongodb.driver.cluster - Updating cluster description to  {type=REPLICA_SET, servers=[{address=ac-o2suyf6-shard-00-00.7qtbnuz.mongodb.net:27017, type=REPLICA_SET_SECONDARY, TagSet{[Tag{name='nodeType', value='ELECTABLE'}, Tag{name='provider', value='AWS'}, Tag{name='region', value='EU_WEST_3'}, Tag{name='workloadType', value='OPERATIONAL'}]}, roundTripTime=226.8 ms, state=CONNECTED}, {address=ac-o2suyf6-shard-00-02.7qtbnuz.mongodb.net:27017, type=REPLICA_SET_PRIMARY, TagSet{[Tag{name='nodeType', value='ELECTABLE'}, Tag{name='provider', value='AWS'}, Tag{name='region', value='EU_WEST_3'}, Tag{name='workloadType', value='OPERATIONAL'}]}, roundTripTime=226.5 ms, state=CONNECTED}, {address=ac-o2suyf6-shard-00-01.7qtbnuz.mongodb.net:27017, type=REPLICA_SET_SECONDARY, TagSet{[Tag{name='nodeType', value='ELECTABLE'}, Tag{name='provider', value='AWS'}, Tag{name='region', value='EU_WEST_3'}, Tag{name='workloadType', value='OPERATIONAL'}]}, roundTripTime=191.0 ms, state=CONNECTED}]
13:52:29.653 [cluster-ClusterId{value='63dfa66445532c417eff7dfd', description='null'}-ac-o2suyf6-shard-00-01.7qtbnuz.mongodb.net:27017] DEBUG org.mongodb.driver.cluster - Checking status of ac-o2suyf6-shard-00-01.7qtbnuz.mongodb.net:27017
13:52:29.653 [cluster-ClusterId{value='63dfa66445532c417eff7dfd', description='null'}-ac-o2suyf6-shard-00-02.7qtbnuz.mongodb.net:27017] DEBUG org.mongodb.driver.cluster - Updating cluster description to  {type=REPLICA_SET, servers=[{address=ac-o2suyf6-shard-00-00.7qtbnuz.mongodb.net:27017, type=REPLICA_SET_SECONDARY, TagSet{[Tag{name='nodeType', value='ELECTABLE'}, Tag{name='provider', value='AWS'}, Tag{name='region', value='EU_WEST_3'}, Tag{name='workloadType', value='OPERATIONAL'}]}, roundTripTime=226.8 ms, state=CONNECTED}, {address=ac-o2suyf6-shard-00-02.7qtbnuz.mongodb.net:27017, type=REPLICA_SET_PRIMARY, TagSet{[Tag{name='nodeType', value='ELECTABLE'}, Tag{name='provider', value='AWS'}, Tag{name='region', value='EU_WEST_3'}, Tag{name='workloadType', value='OPERATIONAL'}]}, roundTripTime=189.7 ms, state=CONNECTED}, {address=ac-o2suyf6-shard-00-01.7qtbnuz.mongodb.net:27017, type=REPLICA_SET_SECONDARY, TagSet{[Tag{name='nodeType', value='ELECTABLE'}, Tag{name='provider', value='AWS'}, Tag{name='region', value='EU_WEST_3'}, Tag{name='workloadType', value='OPERATIONAL'}]}, roundTripTime=191.0 ms, state=CONNECTED}]
13:52:29.653 [cluster-ClusterId{value='63dfa66445532c417eff7dfd', description='null'}-ac-o2suyf6-shard-00-02.7qtbnuz.mongodb.net:27017] DEBUG org.mongodb.driver.cluster - Checking status of ac-o2suyf6-shard-00-02.7qtbnuz.mongodb.net:27017
13:52:29.653 [cluster-ClusterId{value='63dfa66445532c417eff7dfd', description='null'}-ac-o2suyf6-shard-00-00.7qtbnuz.mongodb.net:27017] DEBUG org.mongodb.driver.cluster - Updating cluster description to  {type=REPLICA_SET, servers=[{address=ac-o2suyf6-shard-00-00.7qtbnuz.mongodb.net:27017, type=REPLICA_SET_SECONDARY, TagSet{[Tag{name='nodeType', value='ELECTABLE'}, Tag{name='provider', value='AWS'}, Tag{name='region', value='EU_WEST_3'}, Tag{name='workloadType', value='OPERATIONAL'}]}, roundTripTime=188.6 ms, state=CONNECTED}, {address=ac-o2suyf6-shard-00-02.7qtbnuz.mongodb.net:27017, type=REPLICA_SET_PRIMARY, TagSet{[Tag{name='nodeType', value='ELECTABLE'}, Tag{name='provider', value='AWS'}, Tag{name='region', value='EU_WEST_3'}, Tag{name='workloadType', value='OPERATIONAL'}]}, roundTripTime=189.7 ms, state=CONNECTED}, {address=ac-o2suyf6-shard-00-01.7qtbnuz.mongodb.net:27017, type=REPLICA_SET_SECONDARY, TagSet{[Tag{name='nodeType', value='ELECTABLE'}, Tag{name='provider', value='AWS'}, Tag{name='region', value='EU_WEST_3'}, Tag{name='workloadType', value='OPERATIONAL'}]}, roundTripTime=191.0 ms, state=CONNECTED}]
13:52:29.653 [cluster-ClusterId{value='63dfa66445532c417eff7dfd', description='null'}-ac-o2suyf6-shard-00-00.7qtbnuz.mongodb.net:27017] DEBUG org.mongodb.driver.cluster - Checking status of ac-o2suyf6-shard-00-00.7qtbnuz.mongodb.net:27017
13:52:29.666 [cluster-rtt-ClusterId{value='63dfa66445532c417eff7dfd', description='null'}-ac-o2suyf6-shard-00-01.7qtbnuz.mongodb.net:27017] DEBUG org.mongodb.driver.protocol.command - Sending command '{"hello": 1, "$db": "admin", "$clusterTime": {"clusterTime": {"$timestamp": {"t": 1675601548, "i": 4}}, "signature": {"hash": {"$binary": {"base64": "o+s9jnG+UCyz6rSXn5/CNMsvFJg=", "subType": "00"}}, "keyId": 7161871216054108163}}}' with request id 46 to database admin on connection [connectionId{localValue:5, serverValue:169860}] to server ac-o2suyf6-shard-00-01.7qtbnuz.mongodb.net:27017
13:52:29.666 [cluster-rtt-ClusterId{value='63dfa66445532c417eff7dfd', description='null'}-ac-o2suyf6-shard-00-00.7qtbnuz.mongodb.net:27017] DEBUG org.mongodb.driver.protocol.command - Sending command '{"hello": 1, "$db": "admin", "$clusterTime": {"clusterTime": {"$timestamp": {"t": 1675601548, "i": 4}}, "signature": {"hash": {"$binary": {"base64": "o+s9jnG+UCyz6rSXn5/CNMsvFJg=", "subType": "00"}}, "keyId": 7161871216054108163}}}' with request id 47 to database admin on connection [connectionId{localValue:2, serverValue:174158}] to server ac-o2suyf6-shard-00-00.7qtbnuz.mongodb.net:27017
13:52:29.682 [cluster-rtt-ClusterId{value='63dfa66445532c417eff7dfd', description='null'}-ac-o2suyf6-shard-00-02.7qtbnuz.mongodb.net:27017] DEBUG org.mongodb.driver.protocol.command - Sending command '{"hello": 1, "$db": "admin", "$clusterTime": {"clusterTime": {"$timestamp": {"t": 1675601548, "i": 4}}, "signature": {"hash": {"$binary": {"base64": "o+s9jnG+UCyz6rSXn5/CNMsvFJg=", "subType": "00"}}, "keyId": 7161871216054108163}}}' with request id 48 to database admin on connection [connectionId{localValue:4, serverValue:173256}] to server ac-o2suyf6-shard-00-02.7qtbnuz.mongodb.net:27017
13:52:29.701 [cluster-rtt-ClusterId{value='63dfa66445532c417eff7dfd', description='null'}-ac-o2suyf6-shard-00-00.7qtbnuz.mongodb.net:27017] DEBUG org.mongodb.driver.protocol.command - Execution of command with request id 47 completed successfully in 35.70 ms on connection [connectionId{localValue:2, serverValue:174158}] to server ac-o2suyf6-shard-00-00.7qtbnuz.mongodb.net:27017
13:52:29.701 [cluster-rtt-ClusterId{value='63dfa66445532c417eff7dfd', description='null'}-ac-o2suyf6-shard-00-01.7qtbnuz.mongodb.net:27017] DEBUG org.mongodb.driver.protocol.command - Execution of command with request id 46 completed successfully in 35.84 ms on connection [connectionId{localValue:5, serverValue:169860}] to server ac-o2suyf6-shard-00-01.7qtbnuz.mongodb.net:27017
13:52:29.719 [cluster-rtt-ClusterId{value='63dfa66445532c417eff7dfd', description='null'}-ac-o2suyf6-shard-00-02.7qtbnuz.mongodb.net:27017] DEBUG org.mongodb.driver.protocol.command - Execution of command with request id 48 completed successfully in 37.96 ms on connection [connectionId{localValue:4, serverValue:173256}] to server ac-o2suyf6-shard-00-02.7qtbnuz.mongodb.net:27017
13:52:29.818 [Test worker] DEBUG io.mockk.impl.instantiation.AbstractMockFactory - Creating mockk for MaquinaRepositoryCached name=repoM#480
13:52:29.819 [Test worker] DEBUG io.mockk.impl.instantiation.AbstractMockFactory - Creating mockk for PedidoRepositoryCached name=repoPedido#481
13:52:29.819 [Test worker] DEBUG io.mockk.impl.instantiation.AbstractMockFactory - Creating mockk for ProductoRepositoryCached name=repoProd#482
13:52:29.819 [Test worker] DEBUG io.mockk.impl.instantiation.AbstractMockFactory - Creating mockk for TareaRepositoryCached name=repoTarea#483
13:52:29.819 [Test worker] DEBUG io.mockk.impl.instantiation.AbstractMockFactory - Creating mockk for TurnoRepositoryCached name=repoTurno#484
13:52:29.819 [Test worker] DEBUG io.mockk.impl.instantiation.AbstractMockFactory - Creating mockk for UserRepositoryCached name=repoUser#485
13:52:29.826 [Test worker @coroutine#430] DEBUG io.mockk.impl.instantiation.AbstractMockFactory - Creating mockk for Tarea name=child of repoTarea#483#486
13:52:29.827 [DefaultDispatcher-worker-1 @coroutine#433] DEBUG io.mockk.impl.recording.states.AnsweringState - Answering null on TareaRepositoryCached(repoTarea#483).findByUUID(40f2dadb-7a72-453b-8bb3-2258a4adc258, continuation {})
13:52:30.517 [Test worker] DEBUG io.mockk.impl.instantiation.AbstractMockFactory - Creating mockk for MaquinaRepositoryCached name=repoM#487
13:52:30.517 [Test worker] DEBUG io.mockk.impl.instantiation.AbstractMockFactory - Creating mockk for PedidoRepositoryCached name=repoPedido#488
13:52:30.517 [Test worker] DEBUG io.mockk.impl.instantiation.AbstractMockFactory - Creating mockk for ProductoRepositoryCached name=repoProd#489
13:52:30.517 [Test worker] DEBUG io.mockk.impl.instantiation.AbstractMockFactory - Creating mockk for TareaRepositoryCached name=repoTarea#490
13:52:30.517 [Test worker] DEBUG io.mockk.impl.instantiation.AbstractMockFactory - Creating mockk for TurnoRepositoryCached name=repoTurno#491
13:52:30.518 [Test worker] DEBUG io.mockk.impl.instantiation.AbstractMockFactory - Creating mockk for UserRepositoryCached name=repoUser#492
13:52:30.522 [Test worker @coroutine#436] DEBUG io.mockk.impl.instantiation.AbstractMockFactory - Creating mockk for Producto name=child of repoProd#489#493
13:52:30.524 [Test worker @coroutine#436] DEBUG io.mockk.impl.instantiation.AbstractMockFactory - Creating mockk for Producto name=child of repoProd#489#494
13:52:31.314 [Test worker] DEBUG io.mockk.impl.instantiation.AbstractMockFactory - Creating mockk for MaquinaRepositoryCached name=repoM#495
13:52:31.315 [Test worker] DEBUG io.mockk.impl.instantiation.AbstractMockFactory - Creating mockk for PedidoRepositoryCached name=repoPedido#496
13:52:31.315 [Test worker] DEBUG io.mockk.impl.instantiation.AbstractMockFactory - Creating mockk for ProductoRepositoryCached name=repoProd#497
13:52:31.315 [Test worker] DEBUG io.mockk.impl.instantiation.AbstractMockFactory - Creating mockk for TareaRepositoryCached name=repoTarea#498
13:52:31.315 [Test worker] DEBUG io.mockk.impl.instantiation.AbstractMockFactory - Creating mockk for TurnoRepositoryCached name=repoTurno#499
13:52:31.315 [Test worker] DEBUG io.mockk.impl.instantiation.AbstractMockFactory - Creating mockk for UserRepositoryCached name=repoUser#500
13:52:31.321 [Test worker @coroutine#444] DEBUG io.mockk.impl.instantiation.AbstractMockFactory - Creating mockk for User name=child of repoUser#500#501
13:52:31.323 [Test worker @coroutine#444] DEBUG io.mockk.impl.instantiation.AbstractMockFactory - Creating mockk for User name=child of repoUser#500#502
13:52:31.325 [DefaultDispatcher-worker-1 @coroutine#449] DEBUG io.mockk.impl.recording.states.AnsweringState - Answering User(id=63dfa68f45532c417eff8022, uuid=93a98d69-0006-48a7-b34f-05b596ea839a, nombre=Maria, apellido=Martinez, telefono=632120281, email=email2@email.com, password=contra, perfil=CLIENT, activo=true) on UserRepositoryCached(repoUser#500).findByUUID(93a98d69-0006-48a7-b34f-05b596ea839a, continuation {})
13:52:31.325 [DefaultDispatcher-worker-1 @coroutine#449] DEBUG io.mockk.impl.recording.states.AnsweringState - Answering User(id=63dfa68f45532c417eff8022, uuid=93a98d69-0006-48a7-b34f-05b596ea839a, nombre=Maria, apellido=Martinez, telefono=632120281, email=email2@email.com, password=contra, perfil=CLIENT, activo=true) on UserRepositoryCached(repoUser#500).delete(63dfa68f45532c417eff8022, continuation {})
13:52:32.047 [Test worker] DEBUG io.mockk.impl.instantiation.AbstractMockFactory - Creating mockk for MaquinaRepositoryCached name=repoM#503
13:52:32.047 [Test worker] DEBUG io.mockk.impl.instantiation.AbstractMockFactory - Creating mockk for PedidoRepositoryCached name=repoPedido#504
13:52:32.047 [Test worker] DEBUG io.mockk.impl.instantiation.AbstractMockFactory - Creating mockk for ProductoRepositoryCached name=repoProd#505
13:52:32.048 [Test worker] DEBUG io.mockk.impl.instantiation.AbstractMockFactory - Creating mockk for TareaRepositoryCached name=repoTarea#506
13:52:32.048 [Test worker] DEBUG io.mockk.impl.instantiation.AbstractMockFactory - Creating mockk for TurnoRepositoryCached name=repoTurno#507
13:52:32.048 [Test worker] DEBUG io.mockk.impl.instantiation.AbstractMockFactory - Creating mockk for UserRepositoryCached name=repoUser#508
13:52:32.054 [Test worker @coroutine#452] DEBUG io.mockk.impl.instantiation.AbstractMockFactory - Creating mockk for Tarea name=child of repoTarea#506#509
13:52:32.056 [Test worker @coroutine#452] DEBUG io.mockk.impl.instantiation.AbstractMockFactory - Creating mockk for Tarea name=child of repoTarea#506#510
13:52:32.060 [DefaultDispatcher-worker-1 @coroutine#457] DEBUG io.mockk.impl.recording.states.AnsweringState - Answering Tarea(id=63dfa69045532c417eff8030, uuid=93a98d69-0013-48a7-b34f-05b596ea83cc, raquetaId=93a98d69-0001-48a7-b34f-05b596ea83ba, precio=36.4, tipo=PERSONALIZACION, finalizada=true, pedidoId=93a98d69-0010-48a7-b34f-05b596ea8acc, productoAdquiridoId=93a98d69-0004-48a7-b34f-05b596ea83aa, peso=10, balance=2.0, rigidez=5, tensionHorizontal=null, cordajeHorizontalId=null, tensionVertical=null, cordajeVerticalId=null, dosNudos=null) on TareaRepositoryCached(repoTarea#506).findByUUID(93a98d69-0013-48a7-b34f-05b596ea83cc, continuation {})
13:52:32.060 [DefaultDispatcher-worker-1 @coroutine#457] DEBUG io.mockk.impl.recording.states.AnsweringState - Answering Tarea(id=63dfa69045532c417eff8030, uuid=93a98d69-0013-48a7-b34f-05b596ea83cc, raquetaId=93a98d69-0001-48a7-b34f-05b596ea83ba, precio=36.4, tipo=PERSONALIZACION, finalizada=true, pedidoId=93a98d69-0010-48a7-b34f-05b596ea8acc, productoAdquiridoId=93a98d69-0004-48a7-b34f-05b596ea83aa, peso=10, balance=2.0, rigidez=5, tensionHorizontal=null, cordajeHorizontalId=null, tensionVertical=null, cordajeVerticalId=null, dosNudos=null) on TareaRepositoryCached(repoTarea#506).setFinalizada(63dfa69045532c417eff8030, continuation {})
13:52:32.060 [DefaultDispatcher-worker-1 @coroutine#457] DEBUG koin.repositories.producto.ProductoRepository - findByUUID(93a98d69-0001-48a7-b34f-05b596ea83ba)
13:52:32.062 [AsyncGetter-5-thread-1] DEBUG org.mongodb.driver.protocol.command - Sending command '{"find": "producto", "filter": {}, "batchSize": 64, "$db": "practica03mongoIvanLoli", "$clusterTime": {"clusterTime": {"$timestamp": {"t": 1675601548, "i": 5}}, "signature": {"hash": {"$binary": {"base64": "o+s9jnG+UCyz6rSXn5/CNMsvFJg=", "subType": "00"}}, "keyId": 7161871216054108163}}, "lsid": {"id": {"$binary": {"base64": "GufSMHdrQSyEi1m74LkJJA==", "subType": "04"}}}}' with request id 49 to database practica03mongoIvanLoli on connection [connectionId{localValue:7, serverValue:173256}] to server ac-o2suyf6-shard-00-02.7qtbnuz.mongodb.net:27017
13:52:32.097 [async-channel-group-0-handler-executor] DEBUG org.mongodb.driver.protocol.command - Execution of command with request id 49 completed successfully in 36.53 ms on connection [connectionId{localValue:7, serverValue:173256}] to server ac-o2suyf6-shard-00-02.7qtbnuz.mongodb.net:27017
13:52:32.098 [async-channel-group-0-handler-executor] DEBUG org.mongodb.driver.operation - Received batch of 4 documents with cursorId 0 from server ac-o2suyf6-shard-00-02.7qtbnuz.mongodb.net:27017
13:52:32.842 [Test worker] DEBUG io.mockk.impl.instantiation.AbstractMockFactory - Creating mockk for MaquinaRepositoryCached name=repoM#511
13:52:32.842 [Test worker] DEBUG io.mockk.impl.instantiation.AbstractMockFactory - Creating mockk for PedidoRepositoryCached name=repoPedido#512
13:52:32.843 [Test worker] DEBUG io.mockk.impl.instantiation.AbstractMockFactory - Creating mockk for ProductoRepositoryCached name=repoProd#513
13:52:32.843 [Test worker] DEBUG io.mockk.impl.instantiation.AbstractMockFactory - Creating mockk for TareaRepositoryCached name=repoTarea#514
13:52:32.843 [Test worker] DEBUG io.mockk.impl.instantiation.AbstractMockFactory - Creating mockk for TurnoRepositoryCached name=repoTurno#515
13:52:32.843 [Test worker] DEBUG io.mockk.impl.instantiation.AbstractMockFactory - Creating mockk for UserRepositoryCached name=repoUser#516
13:52:32.849 [Test worker @coroutine#460] DEBUG io.mockk.impl.instantiation.AbstractMockFactory - Creating mockk for Producto name=child of repoProd#513#517
13:52:32.852 [DefaultDispatcher-worker-1 @coroutine#463] DEBUG io.mockk.impl.recording.states.AnsweringState - Answering Producto(id=63dfa69045532c417eff8038, uuid=93a98d69-0004-48a7-b34f-05b596ea83aa, tipo=FUNDAS, marca=MarcaZ, modelo=ModeloZ, precio=36.4, stock=8) on ProductoRepositoryCached(repoProd#513).findByUUID(93a98d69-0004-48a7-b34f-05b596ea83aa, continuation {})
13:52:33.610 [Test worker] DEBUG io.mockk.impl.instantiation.AbstractMockFactory - Creating mockk for MaquinaRepositoryCached name=repoM#518
13:52:33.610 [Test worker] DEBUG io.mockk.impl.instantiation.AbstractMockFactory - Creating mockk for PedidoRepositoryCached name=repoPedido#519
13:52:33.610 [Test worker] DEBUG io.mockk.impl.instantiation.AbstractMockFactory - Creating mockk for ProductoRepositoryCached name=repoProd#520
13:52:33.611 [Test worker] DEBUG io.mockk.impl.instantiation.AbstractMockFactory - Creating mockk for TareaRepositoryCached name=repoTarea#521
13:52:33.611 [Test worker] DEBUG io.mockk.impl.instantiation.AbstractMockFactory - Creating mockk for TurnoRepositoryCached name=repoTurno#522
13:52:33.611 [Test worker] DEBUG io.mockk.impl.instantiation.AbstractMockFactory - Creating mockk for UserRepositoryCached name=repoUser#523
13:52:33.619 [Test worker @coroutine#466] DEBUG io.mockk.impl.instantiation.AbstractMockFactory - Creating mockk for Pedido name=child of repoPedido#519#524
13:52:33.622 [Test worker @coroutine#466] DEBUG io.mockk.impl.instantiation.AbstractMockFactory - Creating mockk for Flow name=child of repoTarea#521#525
13:52:33.624 [Test worker @coroutine#466] DEBUG io.mockk.impl.instantiation.AbstractMockFactory - Creating mockk for Tarea name=child of repoTarea#521#526
13:52:33.627 [Test worker @coroutine#466] DEBUG io.mockk.impl.instantiation.AbstractMockFactory - Creating mockk for Pedido name=child of repoPedido#519#527
13:52:33.630 [DefaultDispatcher-worker-1 @coroutine#475] DEBUG io.mockk.impl.recording.states.AnsweringState - Answering Pedido(id=63dfa69145532c417eff8043, uuid=93a98d69-0010-48a7-b34f-05b596ea8acc, userId=93a98d69-0006-48a7-b34f-05b596ea839a, state=PROCESO, fechaEntrada=2013-10-10, fechaSalida=2023-12-12, topeEntrega=2023-12-14, precio=0.0) on PedidoRepositoryCached(repoPedido#519).findByUUID(93a98d69-0010-48a7-b34f-05b596ea8acc, continuation {})
13:52:33.631 [DefaultDispatcher-worker-1 @coroutine#475] DEBUG io.mockk.impl.recording.states.AnsweringState - Answering kotlinx.coroutines.flow.FlowKt__BuildersKt$flowOf$$inlined$unsafeFlow$1@312dd184 on TareaRepositoryCached(repoTarea#521).findAll(continuation {})
13:52:33.631 [DefaultDispatcher-worker-1 @coroutine#475] DEBUG io.mockk.impl.recording.states.AnsweringState - Answering Pedido(id=63dfa69145532c417eff8043, uuid=93a98d69-0010-48a7-b34f-05b596ea8acc, userId=93a98d69-0006-48a7-b34f-05b596ea839a, state=PROCESO, fechaEntrada=2013-10-10, fechaSalida=2023-12-12, topeEntrega=2023-12-14, precio=0.0) on PedidoRepositoryCached(repoPedido#519).delete(63dfa69145532c417eff8043, continuation {})
13:52:33.631 [DefaultDispatcher-worker-1 @coroutine#475] DEBUG koin.repositories.tarea.TareaRepository - findAll()
13:52:33.632 [AsyncGetter-5-thread-1] DEBUG org.mongodb.driver.protocol.command - Sending command '{"find": "tarea", "filter": {}, "batchSize": 64, "$db": "practica03mongoIvanLoli", "$clusterTime": {"clusterTime": {"$timestamp": {"t": 1675601550, "i": 5}}, "signature": {"hash": {"$binary": {"base64": "i/OT+b0tSftwMZ4At9m/HeTtI+8=", "subType": "00"}}, "keyId": 7161871216054108163}}, "lsid": {"id": {"$binary": {"base64": "GufSMHdrQSyEi1m74LkJJA==", "subType": "04"}}}}' with request id 50 to database practica03mongoIvanLoli on connection [connectionId{localValue:7, serverValue:173256}] to server ac-o2suyf6-shard-00-02.7qtbnuz.mongodb.net:27017
13:52:33.686 [async-channel-group-0-handler-executor] DEBUG org.mongodb.driver.protocol.command - Execution of command with request id 50 completed successfully in 53.72 ms on connection [connectionId{localValue:7, serverValue:173256}] to server ac-o2suyf6-shard-00-02.7qtbnuz.mongodb.net:27017
13:52:33.687 [async-channel-group-0-handler-executor] DEBUG org.mongodb.driver.operation - Received batch of 6 documents with cursorId 0 from server ac-o2suyf6-shard-00-02.7qtbnuz.mongodb.net:27017
13:52:33.687 [DefaultDispatcher-worker-1 @coroutine#475] DEBUG koin.repositories.user.UserRepository - findByUUID(93a98d69-0006-48a7-b34f-05b596ea839a)
13:52:33.691 [AsyncGetter-5-thread-1] DEBUG org.mongodb.driver.protocol.command - Sending command '{"find": "user", "filter": {}, "batchSize": 64, "$db": "practica03mongoIvanLoli", "$clusterTime": {"clusterTime": {"$timestamp": {"t": 1675601552, "i": 3}}, "signature": {"hash": {"$binary": {"base64": "3+oIXbcLaokHpiL1JItslw2txK8=", "subType": "00"}}, "keyId": 7161871216054108163}}, "lsid": {"id": {"$binary": {"base64": "GufSMHdrQSyEi1m74LkJJA==", "subType": "04"}}}}' with request id 51 to database practica03mongoIvanLoli on connection [connectionId{localValue:7, serverValue:173256}] to server ac-o2suyf6-shard-00-02.7qtbnuz.mongodb.net:27017
13:52:33.728 [async-channel-group-0-handler-executor] DEBUG org.mongodb.driver.protocol.command - Execution of command with request id 51 completed successfully in 36.98 ms on connection [connectionId{localValue:7, serverValue:173256}] to server ac-o2suyf6-shard-00-02.7qtbnuz.mongodb.net:27017
13:52:33.728 [async-channel-group-0-handler-executor] DEBUG org.mongodb.driver.operation - Received batch of 3 documents with cursorId 0 from server ac-o2suyf6-shard-00-02.7qtbnuz.mongodb.net:27017
13:52:34.452 [Test worker] DEBUG io.mockk.impl.instantiation.AbstractMockFactory - Creating mockk for MaquinaRepositoryCached name=repoM#528
13:52:34.452 [Test worker] DEBUG io.mockk.impl.instantiation.AbstractMockFactory - Creating mockk for PedidoRepositoryCached name=repoPedido#529
13:52:34.452 [Test worker] DEBUG io.mockk.impl.instantiation.AbstractMockFactory - Creating mockk for ProductoRepositoryCached name=repoProd#530
13:52:34.452 [Test worker] DEBUG io.mockk.impl.instantiation.AbstractMockFactory - Creating mockk for TareaRepositoryCached name=repoTarea#531
13:52:34.453 [Test worker] DEBUG io.mockk.impl.instantiation.AbstractMockFactory - Creating mockk for TurnoRepositoryCached name=repoTurno#532
13:52:34.454 [Test worker] DEBUG io.mockk.impl.instantiation.AbstractMockFactory - Creating mockk for UserRepositoryCached name=repoUser#533
13:52:34.460 [Test worker @coroutine#478] DEBUG io.mockk.impl.instantiation.AbstractMockFactory - Creating mockk for Producto name=child of repoProd#530#534
13:52:34.463 [DefaultDispatcher-worker-1 @coroutine#481] DEBUG io.mockk.impl.recording.states.AnsweringState - Answering null on ProductoRepositoryCached(repoProd#530).findByUUID(cd5bc008-926e-46ba-8123-3f96d4ba8172, continuation {})
13:52:35.182 [Test worker] DEBUG io.mockk.impl.instantiation.AbstractMockFactory - Creating mockk for MaquinaRepositoryCached name=repoM#535
13:52:35.182 [Test worker] DEBUG io.mockk.impl.instantiation.AbstractMockFactory - Creating mockk for PedidoRepositoryCached name=repoPedido#536
13:52:35.183 [Test worker] DEBUG io.mockk.impl.instantiation.AbstractMockFactory - Creating mockk for ProductoRepositoryCached name=repoProd#537
13:52:35.183 [Test worker] DEBUG io.mockk.impl.instantiation.AbstractMockFactory - Creating mockk for TareaRepositoryCached name=repoTarea#538
13:52:35.183 [Test worker] DEBUG io.mockk.impl.instantiation.AbstractMockFactory - Creating mockk for TurnoRepositoryCached name=repoTurno#539
13:52:35.183 [Test worker] DEBUG io.mockk.impl.instantiation.AbstractMockFactory - Creating mockk for UserRepositoryCached name=repoUser#540
13:52:35.189 [Test worker @coroutine#484] DEBUG io.mockk.impl.instantiation.AbstractMockFactory - Creating mockk for Turno name=child of repoTurno#539#541
13:52:35.191 [Test worker @coroutine#484] DEBUG io.mockk.impl.instantiation.AbstractMockFactory - Creating mockk for Turno name=child of repoTurno#539#542
13:52:35.938 [Test worker] DEBUG io.mockk.impl.instantiation.AbstractMockFactory - Creating mockk for MaquinaRepositoryCached name=repoM#543
13:52:35.939 [Test worker] DEBUG io.mockk.impl.instantiation.AbstractMockFactory - Creating mockk for PedidoRepositoryCached name=repoPedido#544
13:52:35.939 [Test worker] DEBUG io.mockk.impl.instantiation.AbstractMockFactory - Creating mockk for ProductoRepositoryCached name=repoProd#545
13:52:35.939 [Test worker] DEBUG io.mockk.impl.instantiation.AbstractMockFactory - Creating mockk for TareaRepositoryCached name=repoTarea#546
13:52:35.939 [Test worker] DEBUG io.mockk.impl.instantiation.AbstractMockFactory - Creating mockk for TurnoRepositoryCached name=repoTurno#547
13:52:35.939 [Test worker] DEBUG io.mockk.impl.instantiation.AbstractMockFactory - Creating mockk for UserRepositoryCached name=repoUser#548
13:52:35.944 [Test worker @coroutine#492] DEBUG io.mockk.impl.instantiation.AbstractMockFactory - Creating mockk for Maquina name=child of repoM#543#549
13:52:36.658 [Test worker] DEBUG io.mockk.impl.instantiation.AbstractMockFactory - Creating mockk for MaquinaRepositoryCached name=repoM#550
13:52:36.658 [Test worker] DEBUG io.mockk.impl.instantiation.AbstractMockFactory - Creating mockk for PedidoRepositoryCached name=repoPedido#551
13:52:36.658 [Test worker] DEBUG io.mockk.impl.instantiation.AbstractMockFactory - Creating mockk for ProductoRepositoryCached name=repoProd#552
13:52:36.658 [Test worker] DEBUG io.mockk.impl.instantiation.AbstractMockFactory - Creating mockk for TareaRepositoryCached name=repoTarea#553
13:52:36.658 [Test worker] DEBUG io.mockk.impl.instantiation.AbstractMockFactory - Creating mockk for TurnoRepositoryCached name=repoTurno#554
13:52:36.658 [Test worker] DEBUG io.mockk.impl.instantiation.AbstractMockFactory - Creating mockk for UserRepositoryCached name=repoUser#555
13:52:36.664 [Test worker @coroutine#496] DEBUG io.mockk.impl.instantiation.AbstractMockFactory - Creating mockk for Turno name=child of repoTurno#554#556
13:52:37.344 [Test worker] DEBUG io.mockk.impl.instantiation.AbstractMockFactory - Creating mockk for MaquinaRepositoryCached name=repoM#557
13:52:37.344 [Test worker] DEBUG io.mockk.impl.instantiation.AbstractMockFactory - Creating mockk for PedidoRepositoryCached name=repoPedido#558
13:52:37.345 [Test worker] DEBUG io.mockk.impl.instantiation.AbstractMockFactory - Creating mockk for ProductoRepositoryCached name=repoProd#559
13:52:37.345 [Test worker] DEBUG io.mockk.impl.instantiation.AbstractMockFactory - Creating mockk for TareaRepositoryCached name=repoTarea#560
13:52:37.345 [Test worker] DEBUG io.mockk.impl.instantiation.AbstractMockFactory - Creating mockk for TurnoRepositoryCached name=repoTurno#561
13:52:37.345 [Test worker] DEBUG io.mockk.impl.instantiation.AbstractMockFactory - Creating mockk for UserRepositoryCached name=repoUser#562
13:52:37.352 [Test worker @coroutine#500] DEBUG io.mockk.impl.instantiation.AbstractMockFactory - Creating mockk for Tarea name=child of repoTarea#560#563
13:52:38.194 [Test worker] DEBUG io.mockk.impl.instantiation.AbstractMockFactory - Creating mockk for MaquinaRepositoryCached name=repoM#564
13:52:38.194 [Test worker] DEBUG io.mockk.impl.instantiation.AbstractMockFactory - Creating mockk for PedidoRepositoryCached name=repoPedido#565
13:52:38.194 [Test worker] DEBUG io.mockk.impl.instantiation.AbstractMockFactory - Creating mockk for ProductoRepositoryCached name=repoProd#566
13:52:38.194 [Test worker] DEBUG io.mockk.impl.instantiation.AbstractMockFactory - Creating mockk for TareaRepositoryCached name=repoTarea#567
13:52:38.194 [Test worker] DEBUG io.mockk.impl.instantiation.AbstractMockFactory - Creating mockk for TurnoRepositoryCached name=repoTurno#568
13:52:38.194 [Test worker] DEBUG io.mockk.impl.instantiation.AbstractMockFactory - Creating mockk for UserRepositoryCached name=repoUser#569
13:52:38.200 [Test worker @coroutine#504] DEBUG io.mockk.impl.instantiation.AbstractMockFactory - Creating mockk for User name=child of repoUser#569#570
13:52:38.202 [Test worker @coroutine#504] DEBUG io.mockk.impl.instantiation.AbstractMockFactory - Creating mockk for User name=child of repoUser#569#571
13:52:38.204 [DefaultDispatcher-worker-1 @coroutine#509] DEBUG io.mockk.impl.recording.states.AnsweringState - Answering User(id=63dfa69645532c417eff807c, uuid=93a98d69-0006-48a7-b34f-05b596ea839a, nombre=Maria, apellido=Martinez, telefono=632120281, email=email2@email.com, password=contra, perfil=CLIENT, activo=true) on UserRepositoryCached(repoUser#569).findByUUID(93a98d69-0006-48a7-b34f-05b596ea839a, continuation {})
13:52:38.204 [DefaultDispatcher-worker-1 @coroutine#509] DEBUG io.mockk.impl.recording.states.AnsweringState - Answering null on UserRepositoryCached(repoUser#569).delete(63dfa69645532c417eff807c, continuation {})
13:52:38.913 [Test worker] DEBUG io.mockk.impl.instantiation.AbstractMockFactory - Creating mockk for MaquinaRepositoryCached name=repoM#572
13:52:38.914 [Test worker] DEBUG io.mockk.impl.instantiation.AbstractMockFactory - Creating mockk for PedidoRepositoryCached name=repoPedido#573
13:52:38.914 [Test worker] DEBUG io.mockk.impl.instantiation.AbstractMockFactory - Creating mockk for ProductoRepositoryCached name=repoProd#574
13:52:38.914 [Test worker] DEBUG io.mockk.impl.instantiation.AbstractMockFactory - Creating mockk for TareaRepositoryCached name=repoTarea#575
13:52:38.914 [Test worker] DEBUG io.mockk.impl.instantiation.AbstractMockFactory - Creating mockk for TurnoRepositoryCached name=repoTurno#576
13:52:38.914 [Test worker] DEBUG io.mockk.impl.instantiation.AbstractMockFactory - Creating mockk for UserRepositoryCached name=repoUser#577
13:52:38.920 [Test worker @coroutine#512] DEBUG io.mockk.impl.instantiation.AbstractMockFactory - Creating mockk for User name=child of repoUser#577#578
13:52:38.922 [DefaultDispatcher-worker-1 @coroutine#516] DEBUG io.mockk.impl.recording.states.AnsweringState - Answering null on UserRepositoryCached(repoUser#577).findById(1, continuation {})
13:52:39.639 [Test worker] DEBUG io.mockk.impl.instantiation.AbstractMockFactory - Creating mockk for MaquinaRepositoryCached name=repoM#579
13:52:39.639 [Test worker] DEBUG io.mockk.impl.instantiation.AbstractMockFactory - Creating mockk for PedidoRepositoryCached name=repoPedido#580
13:52:39.639 [Test worker] DEBUG io.mockk.impl.instantiation.AbstractMockFactory - Creating mockk for ProductoRepositoryCached name=repoProd#581
13:52:39.639 [Test worker] DEBUG io.mockk.impl.instantiation.AbstractMockFactory - Creating mockk for TareaRepositoryCached name=repoTarea#582
13:52:39.639 [Test worker] DEBUG io.mockk.impl.instantiation.AbstractMockFactory - Creating mockk for TurnoRepositoryCached name=repoTurno#583
13:52:39.639 [Test worker] DEBUG io.mockk.impl.instantiation.AbstractMockFactory - Creating mockk for UserRepositoryCached name=repoUser#584
13:52:39.644 [Test worker @coroutine#519] DEBUG io.mockk.impl.instantiation.AbstractMockFactory - Creating mockk for Producto name=child of repoProd#581#585
13:52:39.646 [Test worker @coroutine#519] DEBUG io.mockk.impl.instantiation.AbstractMockFactory - Creating mockk for Producto name=child of repoProd#581#586
13:52:39.683 [cluster-ClusterId{value='63dfa66445532c417eff7dfd', description='null'}-ac-o2suyf6-shard-00-01.7qtbnuz.mongodb.net:27017] DEBUG org.mongodb.driver.cluster - Updating cluster description to  {type=REPLICA_SET, servers=[{address=ac-o2suyf6-shard-00-00.7qtbnuz.mongodb.net:27017, type=REPLICA_SET_SECONDARY, TagSet{[Tag{name='nodeType', value='ELECTABLE'}, Tag{name='provider', value='AWS'}, Tag{name='region', value='EU_WEST_3'}, Tag{name='workloadType', value='OPERATIONAL'}]}, roundTripTime=188.6 ms, state=CONNECTED}, {address=ac-o2suyf6-shard-00-02.7qtbnuz.mongodb.net:27017, type=REPLICA_SET_PRIMARY, TagSet{[Tag{name='nodeType', value='ELECTABLE'}, Tag{name='provider', value='AWS'}, Tag{name='region', value='EU_WEST_3'}, Tag{name='workloadType', value='OPERATIONAL'}]}, roundTripTime=189.7 ms, state=CONNECTED}, {address=ac-o2suyf6-shard-00-01.7qtbnuz.mongodb.net:27017, type=REPLICA_SET_SECONDARY, TagSet{[Tag{name='nodeType', value='ELECTABLE'}, Tag{name='provider', value='AWS'}, Tag{name='region', value='EU_WEST_3'}, Tag{name='workloadType', value='OPERATIONAL'}]}, roundTripTime=160.1 ms, state=CONNECTED}]
13:52:39.684 [cluster-ClusterId{value='63dfa66445532c417eff7dfd', description='null'}-ac-o2suyf6-shard-00-01.7qtbnuz.mongodb.net:27017] DEBUG org.mongodb.driver.cluster - Checking status of ac-o2suyf6-shard-00-01.7qtbnuz.mongodb.net:27017
13:52:39.684 [cluster-ClusterId{value='63dfa66445532c417eff7dfd', description='null'}-ac-o2suyf6-shard-00-00.7qtbnuz.mongodb.net:27017] DEBUG org.mongodb.driver.cluster - Updating cluster description to  {type=REPLICA_SET, servers=[{address=ac-o2suyf6-shard-00-00.7qtbnuz.mongodb.net:27017, type=REPLICA_SET_SECONDARY, TagSet{[Tag{name='nodeType', value='ELECTABLE'}, Tag{name='provider', value='AWS'}, Tag{name='region', value='EU_WEST_3'}, Tag{name='workloadType', value='OPERATIONAL'}]}, roundTripTime=158.2 ms, state=CONNECTED}, {address=ac-o2suyf6-shard-00-02.7qtbnuz.mongodb.net:27017, type=REPLICA_SET_PRIMARY, TagSet{[Tag{name='nodeType', value='ELECTABLE'}, Tag{name='provider', value='AWS'}, Tag{name='region', value='EU_WEST_3'}, Tag{name='workloadType', value='OPERATIONAL'}]}, roundTripTime=189.7 ms, state=CONNECTED}, {address=ac-o2suyf6-shard-00-01.7qtbnuz.mongodb.net:27017, type=REPLICA_SET_SECONDARY, TagSet{[Tag{name='nodeType', value='ELECTABLE'}, Tag{name='provider', value='AWS'}, Tag{name='region', value='EU_WEST_3'}, Tag{name='workloadType', value='OPERATIONAL'}]}, roundTripTime=160.1 ms, state=CONNECTED}]
13:52:39.684 [cluster-ClusterId{value='63dfa66445532c417eff7dfd', description='null'}-ac-o2suyf6-shard-00-00.7qtbnuz.mongodb.net:27017] DEBUG org.mongodb.driver.cluster - Checking status of ac-o2suyf6-shard-00-00.7qtbnuz.mongodb.net:27017
13:52:39.684 [cluster-ClusterId{value='63dfa66445532c417eff7dfd', description='null'}-ac-o2suyf6-shard-00-02.7qtbnuz.mongodb.net:27017] DEBUG org.mongodb.driver.cluster - Updating cluster description to  {type=REPLICA_SET, servers=[{address=ac-o2suyf6-shard-00-00.7qtbnuz.mongodb.net:27017, type=REPLICA_SET_SECONDARY, TagSet{[Tag{name='nodeType', value='ELECTABLE'}, Tag{name='provider', value='AWS'}, Tag{name='region', value='EU_WEST_3'}, Tag{name='workloadType', value='OPERATIONAL'}]}, roundTripTime=158.2 ms, state=CONNECTED}, {address=ac-o2suyf6-shard-00-02.7qtbnuz.mongodb.net:27017, type=REPLICA_SET_PRIMARY, TagSet{[Tag{name='nodeType', value='ELECTABLE'}, Tag{name='provider', value='AWS'}, Tag{name='region', value='EU_WEST_3'}, Tag{name='workloadType', value='OPERATIONAL'}]}, roundTripTime=159.5 ms, state=CONNECTED}, {address=ac-o2suyf6-shard-00-01.7qtbnuz.mongodb.net:27017, type=REPLICA_SET_SECONDARY, TagSet{[Tag{name='nodeType', value='ELECTABLE'}, Tag{name='provider', value='AWS'}, Tag{name='region', value='EU_WEST_3'}, Tag{name='workloadType', value='OPERATIONAL'}]}, roundTripTime=160.1 ms, state=CONNECTED}]
13:52:39.684 [cluster-ClusterId{value='63dfa66445532c417eff7dfd', description='null'}-ac-o2suyf6-shard-00-02.7qtbnuz.mongodb.net:27017] DEBUG org.mongodb.driver.cluster - Checking status of ac-o2suyf6-shard-00-02.7qtbnuz.mongodb.net:27017
13:52:39.713 [cluster-rtt-ClusterId{value='63dfa66445532c417eff7dfd', description='null'}-ac-o2suyf6-shard-00-00.7qtbnuz.mongodb.net:27017] DEBUG org.mongodb.driver.protocol.command - Sending command '{"hello": 1, "$db": "admin", "$clusterTime": {"clusterTime": {"$timestamp": {"t": 1675601558, "i": 3}}, "signature": {"hash": {"$binary": {"base64": "q6sg/JAEN3YwPhY3s9lexgDxIWs=", "subType": "00"}}, "keyId": 7161871216054108163}}}' with request id 53 to database admin on connection [connectionId{localValue:2, serverValue:174158}] to server ac-o2suyf6-shard-00-00.7qtbnuz.mongodb.net:27017
13:52:39.713 [cluster-rtt-ClusterId{value='63dfa66445532c417eff7dfd', description='null'}-ac-o2suyf6-shard-00-01.7qtbnuz.mongodb.net:27017] DEBUG org.mongodb.driver.protocol.command - Sending command '{"hello": 1, "$db": "admin", "$clusterTime": {"clusterTime": {"$timestamp": {"t": 1675601558, "i": 3}}, "signature": {"hash": {"$binary": {"base64": "q6sg/JAEN3YwPhY3s9lexgDxIWs=", "subType": "00"}}, "keyId": 7161871216054108163}}}' with request id 52 to database admin on connection [connectionId{localValue:5, serverValue:169860}] to server ac-o2suyf6-shard-00-01.7qtbnuz.mongodb.net:27017
13:52:39.729 [cluster-rtt-ClusterId{value='63dfa66445532c417eff7dfd', description='null'}-ac-o2suyf6-shard-00-02.7qtbnuz.mongodb.net:27017] DEBUG org.mongodb.driver.protocol.command - Sending command '{"hello": 1, "$db": "admin", "$clusterTime": {"clusterTime": {"$timestamp": {"t": 1675601558, "i": 3}}, "signature": {"hash": {"$binary": {"base64": "q6sg/JAEN3YwPhY3s9lexgDxIWs=", "subType": "00"}}, "keyId": 7161871216054108163}}}' with request id 54 to database admin on connection [connectionId{localValue:4, serverValue:173256}] to server ac-o2suyf6-shard-00-02.7qtbnuz.mongodb.net:27017
13:52:39.750 [cluster-rtt-ClusterId{value='63dfa66445532c417eff7dfd', description='null'}-ac-o2suyf6-shard-00-01.7qtbnuz.mongodb.net:27017] DEBUG org.mongodb.driver.protocol.command - Execution of command with request id 52 completed successfully in 36.71 ms on connection [connectionId{localValue:5, serverValue:169860}] to server ac-o2suyf6-shard-00-01.7qtbnuz.mongodb.net:27017
13:52:39.750 [cluster-rtt-ClusterId{value='63dfa66445532c417eff7dfd', description='null'}-ac-o2suyf6-shard-00-00.7qtbnuz.mongodb.net:27017] DEBUG org.mongodb.driver.protocol.command - Execution of command with request id 53 completed successfully in 36.79 ms on connection [connectionId{localValue:2, serverValue:174158}] to server ac-o2suyf6-shard-00-00.7qtbnuz.mongodb.net:27017
13:52:39.771 [cluster-rtt-ClusterId{value='63dfa66445532c417eff7dfd', description='null'}-ac-o2suyf6-shard-00-02.7qtbnuz.mongodb.net:27017] DEBUG org.mongodb.driver.protocol.command - Execution of command with request id 54 completed successfully in 42.84 ms on connection [connectionId{localValue:4, serverValue:173256}] to server ac-o2suyf6-shard-00-02.7qtbnuz.mongodb.net:27017
13:52:40.408 [Test worker] DEBUG io.mockk.impl.instantiation.AbstractMockFactory - Creating mockk for MaquinaRepositoryCached name=repoM#587
13:52:40.409 [Test worker] DEBUG io.mockk.impl.instantiation.AbstractMockFactory - Creating mockk for PedidoRepositoryCached name=repoPedido#588
13:52:40.409 [Test worker] DEBUG io.mockk.impl.instantiation.AbstractMockFactory - Creating mockk for ProductoRepositoryCached name=repoProd#589
13:52:40.409 [Test worker] DEBUG io.mockk.impl.instantiation.AbstractMockFactory - Creating mockk for TareaRepositoryCached name=repoTarea#590
13:52:40.409 [Test worker] DEBUG io.mockk.impl.instantiation.AbstractMockFactory - Creating mockk for TurnoRepositoryCached name=repoTurno#591
13:52:40.409 [Test worker] DEBUG io.mockk.impl.instantiation.AbstractMockFactory - Creating mockk for UserRepositoryCached name=repoUser#592
13:52:40.414 [Test worker @coroutine#527] DEBUG io.mockk.impl.instantiation.AbstractMockFactory - Creating mockk for Pedido name=child of repoPedido#588#593
13:52:40.416 [Test worker @coroutine#527] DEBUG io.mockk.impl.instantiation.AbstractMockFactory - Creating mockk for Pedido name=child of repoPedido#588#594
13:52:41.157 [Test worker] DEBUG io.mockk.impl.instantiation.AbstractMockFactory - Creating mockk for MaquinaRepositoryCached name=repoM#595
13:52:41.158 [Test worker] DEBUG io.mockk.impl.instantiation.AbstractMockFactory - Creating mockk for PedidoRepositoryCached name=repoPedido#596
13:52:41.158 [Test worker] DEBUG io.mockk.impl.instantiation.AbstractMockFactory - Creating mockk for ProductoRepositoryCached name=repoProd#597
13:52:41.159 [Test worker] DEBUG io.mockk.impl.instantiation.AbstractMockFactory - Creating mockk for TareaRepositoryCached name=repoTarea#598
13:52:41.159 [Test worker] DEBUG io.mockk.impl.instantiation.AbstractMockFactory - Creating mockk for TurnoRepositoryCached name=repoTurno#599
13:52:41.159 [Test worker] DEBUG io.mockk.impl.instantiation.AbstractMockFactory - Creating mockk for UserRepositoryCached name=repoUser#600
13:52:41.163 [Test worker @coroutine#535] DEBUG io.mockk.impl.instantiation.AbstractMockFactory - Creating mockk for User name=child of repoUser#600#601
13:52:41.165 [Test worker @coroutine#535] DEBUG io.mockk.impl.instantiation.AbstractMockFactory - Creating mockk for User name=child of repoUser#600#602
13:52:41.167 [Test worker @coroutine#535] DEBUG io.mockk.impl.instantiation.AbstractMockFactory - Creating mockk for User name=child of repoUser#600#603
13:52:41.169 [Test worker @coroutine#535] DEBUG io.mockk.impl.instantiation.AbstractMockFactory - Creating mockk for User name=child of repoUser#600#604
13:52:41.171 [DefaultDispatcher-worker-1] DEBUG io.mockk.impl.recording.states.AnsweringState - Answering null on UserRepositoryCached(repoUser#600).findByUUID(93a98d69-6da6-48a7-b34f-aaaaaaaaaaaa, continuation {})
13:52:41.171 [DefaultDispatcher-worker-1] DEBUG io.mockk.impl.recording.states.AnsweringState - Answering null on UserRepositoryCached(repoUser#600).findByEmail(loli@gmail.com, continuation {})
13:52:41.171 [DefaultDispatcher-worker-1] DEBUG io.mockk.impl.recording.states.AnsweringState - Answering null on UserRepositoryCached(repoUser#600).findByPhone(632855327, continuation {})
13:52:41.527 [DefaultDispatcher-worker-1] DEBUG io.mockk.impl.recording.states.AnsweringState - Answering User(id=63dfa69945532c417eff80a4, uuid=93a98d69-0006-48a7-b34f-05b596ea839a, nombre=Maria, apellido=Martinez, telefono=632120281, email=email2@email.com, password=contra, perfil=CLIENT, activo=true) on UserRepositoryCached(repoUser#600).save(User(id=63dfa69945532c417eff80ab, uuid=93a98d69-6da6-48a7-b34f-aaaaaaaaaaaa, nombre=Daniel, apellido=Rodriguez, telefono=632855327, email=loli@gmail.com, password=$2a$12$463IzT1McasBhcw38lTi7.aWq4DM7L.VuM60IusV.lWGYQQI.YmA., perfil=ADMIN, activo=true), continuation {})
13:52:42.191 [Test worker] DEBUG io.mockk.impl.instantiation.AbstractMockFactory - Creating mockk for MaquinaRepositoryCached name=repoM#605
13:52:42.192 [Test worker] DEBUG io.mockk.impl.instantiation.AbstractMockFactory - Creating mockk for PedidoRepositoryCached name=repoPedido#606
13:52:42.192 [Test worker] DEBUG io.mockk.impl.instantiation.AbstractMockFactory - Creating mockk for ProductoRepositoryCached name=repoProd#607
13:52:42.192 [Test worker] DEBUG io.mockk.impl.instantiation.AbstractMockFactory - Creating mockk for TareaRepositoryCached name=repoTarea#608
13:52:42.192 [Test worker] DEBUG io.mockk.impl.instantiation.AbstractMockFactory - Creating mockk for TurnoRepositoryCached name=repoTurno#609
13:52:42.192 [Test worker] DEBUG io.mockk.impl.instantiation.AbstractMockFactory - Creating mockk for UserRepositoryCached name=repoUser#610
13:52:42.196 [Test worker @coroutine#545] DEBUG io.mockk.impl.instantiation.AbstractMockFactory - Creating mockk for Producto name=child of repoProd#607#611
13:52:42.199 [Test worker @coroutine#545] DEBUG io.mockk.impl.instantiation.AbstractMockFactory - Creating mockk for Producto name=child of repoProd#607#612
13:52:42.201 [DefaultDispatcher-worker-1 @coroutine#550] DEBUG io.mockk.impl.recording.states.AnsweringState - Answering Producto(id=63dfa69a45532c417eff80b1, uuid=93a98d69-0004-48a7-b34f-05b596ea83aa, tipo=FUNDAS, marca=MarcaZ, modelo=ModeloZ, precio=36.4, stock=8) on ProductoRepositoryCached(repoProd#607).findByUUID(93a98d69-0004-48a7-b34f-05b596ea83aa, continuation {})
13:52:42.201 [DefaultDispatcher-worker-1 @coroutine#550] DEBUG io.mockk.impl.recording.states.AnsweringState - Answering null on ProductoRepositoryCached(repoProd#607).decreaseStock(63dfa69a45532c417eff80b1, continuation {})
13:52:42.975 [Test worker] DEBUG io.mockk.impl.instantiation.AbstractMockFactory - Creating mockk for MaquinaRepositoryCached name=repoM#613
13:52:42.975 [Test worker] DEBUG io.mockk.impl.instantiation.AbstractMockFactory - Creating mockk for PedidoRepositoryCached name=repoPedido#614
13:52:42.975 [Test worker] DEBUG io.mockk.impl.instantiation.AbstractMockFactory - Creating mockk for ProductoRepositoryCached name=repoProd#615
13:52:42.976 [Test worker] DEBUG io.mockk.impl.instantiation.AbstractMockFactory - Creating mockk for TareaRepositoryCached name=repoTarea#616
13:52:42.976 [Test worker] DEBUG io.mockk.impl.instantiation.AbstractMockFactory - Creating mockk for TurnoRepositoryCached name=repoTurno#617
13:52:42.976 [Test worker] DEBUG io.mockk.impl.instantiation.AbstractMockFactory - Creating mockk for UserRepositoryCached name=repoUser#618
13:52:42.981 [Test worker @coroutine#553] DEBUG io.mockk.impl.instantiation.AbstractMockFactory - Creating mockk for Turno name=child of repoTurno#617#619
13:52:42.983 [Test worker @coroutine#553] DEBUG io.mockk.impl.instantiation.AbstractMockFactory - Creating mockk for Turno name=child of repoTurno#617#620
13:52:42.985 [DefaultDispatcher-worker-1 @coroutine#558] DEBUG io.mockk.impl.recording.states.AnsweringState - Answering Turno(id=63dfa69a45532c417eff80bf, uuid=93a98d69-0019-48a7-b34f-05b596ea8abc, workerId=93a98d69-0007-48a7-b34f-05b596ea839c, maquinaId=93a98d69-0008-48a7-b34f-05b596ea83bb, horaInicio=2002-10-14T10:09, horaFin=2002-10-14T16:49, numPedidosActivos=2, tarea1Id=93a98d69-0013-48a7-b34f-05b596ea83cc, tarea2Id=null, finalizado=false) on TurnoRepositoryCached(repoTurno#617).findByUUID(93a98d69-0019-48a7-b34f-05b596ea8abc, continuation {})
13:52:42.985 [DefaultDispatcher-worker-1 @coroutine#558] DEBUG io.mockk.impl.recording.states.AnsweringState - Answering Turno(id=63dfa69a45532c417eff80bf, uuid=93a98d69-0019-48a7-b34f-05b596ea8abc, workerId=93a98d69-0007-48a7-b34f-05b596ea839c, maquinaId=93a98d69-0008-48a7-b34f-05b596ea83bb, horaInicio=2002-10-14T10:09, horaFin=2002-10-14T16:49, numPedidosActivos=2, tarea1Id=93a98d69-0013-48a7-b34f-05b596ea83cc, tarea2Id=null, finalizado=false) on TurnoRepositoryCached(repoTurno#617).delete(63dfa69a45532c417eff80bf, continuation {})
13:52:42.986 [DefaultDispatcher-worker-1 @coroutine#558] DEBUG koin.repositories.user.UserRepository - findByUUID(93a98d69-0007-48a7-b34f-05b596ea839c)
13:52:42.987 [AsyncGetter-5-thread-1] DEBUG org.mongodb.driver.protocol.command - Sending command '{"find": "user", "filter": {}, "batchSize": 64, "$db": "practica03mongoIvanLoli", "$clusterTime": {"clusterTime": {"$timestamp": {"t": 1675601558, "i": 3}}, "signature": {"hash": {"$binary": {"base64": "q6sg/JAEN3YwPhY3s9lexgDxIWs=", "subType": "00"}}, "keyId": 7161871216054108163}}, "lsid": {"id": {"$binary": {"base64": "GufSMHdrQSyEi1m74LkJJA==", "subType": "04"}}}}' with request id 55 to database practica03mongoIvanLoli on connection [connectionId{localValue:7, serverValue:173256}] to server ac-o2suyf6-shard-00-02.7qtbnuz.mongodb.net:27017
13:52:43.048 [async-channel-group-0-handler-executor] DEBUG org.mongodb.driver.protocol.command - Execution of command with request id 55 completed successfully in 61.69 ms on connection [connectionId{localValue:7, serverValue:173256}] to server ac-o2suyf6-shard-00-02.7qtbnuz.mongodb.net:27017
13:52:43.049 [async-channel-group-0-handler-executor] DEBUG org.mongodb.driver.operation - Received batch of 3 documents with cursorId 0 from server ac-o2suyf6-shard-00-02.7qtbnuz.mongodb.net:27017
13:52:43.050 [DefaultDispatcher-worker-1 @coroutine#558] DEBUG koin.repositories.maquina.MaquinaRepository - findByUUID(93a98d69-0008-48a7-b34f-05b596ea83bb)
13:52:43.051 [AsyncGetter-5-thread-1] DEBUG org.mongodb.driver.protocol.command - Sending command '{"find": "maquina", "filter": {}, "batchSize": 64, "$db": "practica03mongoIvanLoli", "$clusterTime": {"clusterTime": {"$timestamp": {"t": 1675601561, "i": 7}}, "signature": {"hash": {"$binary": {"base64": "aLLT6bOxEqGe5uFgaSnBch0q1mU=", "subType": "00"}}, "keyId": 7161871216054108163}}, "lsid": {"id": {"$binary": {"base64": "GufSMHdrQSyEi1m74LkJJA==", "subType": "04"}}}}' with request id 56 to database practica03mongoIvanLoli on connection [connectionId{localValue:7, serverValue:173256}] to server ac-o2suyf6-shard-00-02.7qtbnuz.mongodb.net:27017
13:52:43.087 [async-channel-group-0-handler-executor] DEBUG org.mongodb.driver.protocol.command - Execution of command with request id 56 completed successfully in 36.28 ms on connection [connectionId{localValue:7, serverValue:173256}] to server ac-o2suyf6-shard-00-02.7qtbnuz.mongodb.net:27017
13:52:43.088 [async-channel-group-0-handler-executor] DEBUG org.mongodb.driver.operation - Received batch of 2 documents with cursorId 0 from server ac-o2suyf6-shard-00-02.7qtbnuz.mongodb.net:27017
13:52:43.089 [DefaultDispatcher-worker-1 @coroutine#558] DEBUG koin.repositories.tarea.TareaRepository - findByUUID(93a98d69-0013-48a7-b34f-05b596ea83cc)
13:52:43.090 [AsyncGetter-5-thread-1] DEBUG org.mongodb.driver.protocol.command - Sending command '{"find": "tarea", "filter": {}, "batchSize": 64, "$db": "practica03mongoIvanLoli", "$clusterTime": {"clusterTime": {"$timestamp": {"t": 1675601561, "i": 7}}, "signature": {"hash": {"$binary": {"base64": "aLLT6bOxEqGe5uFgaSnBch0q1mU=", "subType": "00"}}, "keyId": 7161871216054108163}}, "lsid": {"id": {"$binary": {"base64": "GufSMHdrQSyEi1m74LkJJA==", "subType": "04"}}}}' with request id 57 to database practica03mongoIvanLoli on connection [connectionId{localValue:7, serverValue:173256}] to server ac-o2suyf6-shard-00-02.7qtbnuz.mongodb.net:27017
13:52:43.128 [async-channel-group-0-handler-executor] DEBUG org.mongodb.driver.protocol.command - Execution of command with request id 57 completed successfully in 37.23 ms on connection [connectionId{localValue:7, serverValue:173256}] to server ac-o2suyf6-shard-00-02.7qtbnuz.mongodb.net:27017
13:52:43.129 [async-channel-group-0-handler-executor] DEBUG org.mongodb.driver.operation - Received batch of 6 documents with cursorId 0 from server ac-o2suyf6-shard-00-02.7qtbnuz.mongodb.net:27017
13:52:43.858 [Test worker] DEBUG io.mockk.impl.instantiation.AbstractMockFactory - Creating mockk for MaquinaRepositoryCached name=repoM#621
13:52:43.858 [Test worker] DEBUG io.mockk.impl.instantiation.AbstractMockFactory - Creating mockk for PedidoRepositoryCached name=repoPedido#622
13:52:43.858 [Test worker] DEBUG io.mockk.impl.instantiation.AbstractMockFactory - Creating mockk for ProductoRepositoryCached name=repoProd#623
13:52:43.858 [Test worker] DEBUG io.mockk.impl.instantiation.AbstractMockFactory - Creating mockk for TareaRepositoryCached name=repoTarea#624
13:52:43.859 [Test worker] DEBUG io.mockk.impl.instantiation.AbstractMockFactory - Creating mockk for TurnoRepositoryCached name=repoTurno#625
13:52:43.859 [Test worker] DEBUG io.mockk.impl.instantiation.AbstractMockFactory - Creating mockk for UserRepositoryCached name=repoUser#626
13:52:43.863 [Test worker @coroutine#561] DEBUG io.mockk.impl.instantiation.AbstractMockFactory - Creating mockk for Flow name=child of repoM#621#627
13:52:43.865 [DefaultDispatcher-worker-1 @coroutine#564] DEBUG io.mockk.impl.recording.states.AnsweringState - Answering kotlinx.coroutines.flow.FlowKt__BuildersKt$flowOf$$inlined$unsafeFlow$1@3af2a865 on MaquinaRepositoryCached(repoM#621).findAll(continuation {})
13:52:44.585 [Test worker] DEBUG io.mockk.impl.instantiation.AbstractMockFactory - Creating mockk for MaquinaRepositoryCached name=repoM#628
13:52:44.585 [Test worker] DEBUG io.mockk.impl.instantiation.AbstractMockFactory - Creating mockk for PedidoRepositoryCached name=repoPedido#629
13:52:44.585 [Test worker] DEBUG io.mockk.impl.instantiation.AbstractMockFactory - Creating mockk for ProductoRepositoryCached name=repoProd#630
13:52:44.585 [Test worker] DEBUG io.mockk.impl.instantiation.AbstractMockFactory - Creating mockk for TareaRepositoryCached name=repoTarea#631
13:52:44.585 [Test worker] DEBUG io.mockk.impl.instantiation.AbstractMockFactory - Creating mockk for TurnoRepositoryCached name=repoTurno#632
13:52:44.585 [Test worker] DEBUG io.mockk.impl.instantiation.AbstractMockFactory - Creating mockk for UserRepositoryCached name=repoUser#633
13:52:44.591 [Test worker @coroutine#567] DEBUG io.mockk.impl.instantiation.AbstractMockFactory - Creating mockk for Tarea name=child of repoTarea#631#634
13:52:44.593 [Test worker @coroutine#567] DEBUG io.mockk.impl.instantiation.AbstractMockFactory - Creating mockk for Tarea name=child of repoTarea#631#635
13:52:45.450 [Test worker] DEBUG io.mockk.impl.instantiation.AbstractMockFactory - Creating mockk for MaquinaRepositoryCached name=repoM#636
13:52:45.450 [Test worker] DEBUG io.mockk.impl.instantiation.AbstractMockFactory - Creating mockk for PedidoRepositoryCached name=repoPedido#637
13:52:45.450 [Test worker] DEBUG io.mockk.impl.instantiation.AbstractMockFactory - Creating mockk for ProductoRepositoryCached name=repoProd#638
13:52:45.450 [Test worker] DEBUG io.mockk.impl.instantiation.AbstractMockFactory - Creating mockk for TareaRepositoryCached name=repoTarea#639
13:52:45.451 [Test worker] DEBUG io.mockk.impl.instantiation.AbstractMockFactory - Creating mockk for TurnoRepositoryCached name=repoTurno#640
13:52:45.451 [Test worker] DEBUG io.mockk.impl.instantiation.AbstractMockFactory - Creating mockk for UserRepositoryCached name=repoUser#641
13:52:45.457 [Test worker @coroutine#575] DEBUG io.mockk.impl.instantiation.AbstractMockFactory - Creating mockk for User name=child of repoUser#641#642
13:52:45.459 [Test worker @coroutine#575] DEBUG io.mockk.impl.instantiation.AbstractMockFactory - Creating mockk for User name=child of repoUser#641#643
13:52:46.175 [Test worker] DEBUG io.mockk.impl.instantiation.AbstractMockFactory - Creating mockk for MaquinaRepositoryCached name=repoM#644
13:52:46.175 [Test worker] DEBUG io.mockk.impl.instantiation.AbstractMockFactory - Creating mockk for PedidoRepositoryCached name=repoPedido#645
13:52:46.175 [Test worker] DEBUG io.mockk.impl.instantiation.AbstractMockFactory - Creating mockk for ProductoRepositoryCached name=repoProd#646
13:52:46.176 [Test worker] DEBUG io.mockk.impl.instantiation.AbstractMockFactory - Creating mockk for TareaRepositoryCached name=repoTarea#647
13:52:46.177 [Test worker] DEBUG io.mockk.impl.instantiation.AbstractMockFactory - Creating mockk for TurnoRepositoryCached name=repoTurno#648
13:52:46.177 [Test worker] DEBUG io.mockk.impl.instantiation.AbstractMockFactory - Creating mockk for UserRepositoryCached name=repoUser#649
13:52:46.182 [Test worker @coroutine#583] DEBUG io.mockk.impl.instantiation.AbstractMockFactory - Creating mockk for User name=child of repoUser#649#650
13:52:46.183 [Test worker @coroutine#583] DEBUG io.mockk.impl.instantiation.AbstractMockFactory - Creating mockk for User name=child of repoUser#649#651
13:52:46.185 [Test worker @coroutine#583] DEBUG io.mockk.impl.instantiation.AbstractMockFactory - Creating mockk for User name=child of repoUser#649#652
13:52:46.187 [Test worker @coroutine#583] DEBUG io.mockk.impl.instantiation.AbstractMockFactory - Creating mockk for User name=child of repoUser#649#653
13:52:46.866 [Test worker] DEBUG io.mockk.impl.instantiation.AbstractMockFactory - Creating mockk for MaquinaRepositoryCached name=repoM#654
13:52:46.866 [Test worker] DEBUG io.mockk.impl.instantiation.AbstractMockFactory - Creating mockk for PedidoRepositoryCached name=repoPedido#655
13:52:46.866 [Test worker] DEBUG io.mockk.impl.instantiation.AbstractMockFactory - Creating mockk for ProductoRepositoryCached name=repoProd#656
13:52:46.867 [Test worker] DEBUG io.mockk.impl.instantiation.AbstractMockFactory - Creating mockk for TareaRepositoryCached name=repoTarea#657
13:52:46.868 [Test worker] DEBUG io.mockk.impl.instantiation.AbstractMockFactory - Creating mockk for TurnoRepositoryCached name=repoTurno#658
13:52:46.868 [Test worker] DEBUG io.mockk.impl.instantiation.AbstractMockFactory - Creating mockk for UserRepositoryCached name=repoUser#659
13:52:46.872 [Test worker @coroutine#593] DEBUG io.mockk.impl.instantiation.AbstractMockFactory - Creating mockk for Producto name=child of repoProd#656#660
13:52:47.594 [Test worker] DEBUG io.mockk.impl.instantiation.AbstractMockFactory - Creating mockk for MaquinaRepositoryCached name=repoM#661
13:52:47.595 [Test worker] DEBUG io.mockk.impl.instantiation.AbstractMockFactory - Creating mockk for PedidoRepositoryCached name=repoPedido#662
13:52:47.595 [Test worker] DEBUG io.mockk.impl.instantiation.AbstractMockFactory - Creating mockk for ProductoRepositoryCached name=repoProd#663
13:52:47.595 [Test worker] DEBUG io.mockk.impl.instantiation.AbstractMockFactory - Creating mockk for TareaRepositoryCached name=repoTarea#664
13:52:47.595 [Test worker] DEBUG io.mockk.impl.instantiation.AbstractMockFactory - Creating mockk for TurnoRepositoryCached name=repoTurno#665
13:52:47.595 [Test worker] DEBUG io.mockk.impl.instantiation.AbstractMockFactory - Creating mockk for UserRepositoryCached name=repoUser#666
13:52:47.602 [Test worker @coroutine#597] DEBUG io.mockk.impl.instantiation.AbstractMockFactory - Creating mockk for Producto name=child of repoProd#663#667
13:52:47.604 [Test worker @coroutine#597] DEBUG io.mockk.impl.instantiation.AbstractMockFactory - Creating mockk for Producto name=child of repoProd#663#668
13:52:47.606 [DefaultDispatcher-worker-1 @coroutine#602] DEBUG io.mockk.impl.recording.states.AnsweringState - Answering Producto(id=63dfa69f45532c417eff80f7, uuid=93a98d69-0004-48a7-b34f-05b596ea83aa, tipo=FUNDAS, marca=MarcaZ, modelo=ModeloZ, precio=36.4, stock=8) on ProductoRepositoryCached(repoProd#663).findByUUID(93a98d69-0004-48a7-b34f-05b596ea83aa, continuation {})
13:52:47.607 [DefaultDispatcher-worker-1 @coroutine#602] DEBUG io.mockk.impl.recording.states.AnsweringState - Answering null on ProductoRepositoryCached(repoProd#663).delete(63dfa69f45532c417eff80f7, continuation {})
13:52:48.358 [Test worker] DEBUG io.mockk.impl.instantiation.AbstractMockFactory - Creating mockk for MaquinaRepositoryCached name=repoM#669
13:52:48.358 [Test worker] DEBUG io.mockk.impl.instantiation.AbstractMockFactory - Creating mockk for PedidoRepositoryCached name=repoPedido#670
13:52:48.358 [Test worker] DEBUG io.mockk.impl.instantiation.AbstractMockFactory - Creating mockk for ProductoRepositoryCached name=repoProd#671
13:52:48.358 [Test worker] DEBUG io.mockk.impl.instantiation.AbstractMockFactory - Creating mockk for TareaRepositoryCached name=repoTarea#672
13:52:48.359 [Test worker] DEBUG io.mockk.impl.instantiation.AbstractMockFactory - Creating mockk for TurnoRepositoryCached name=repoTurno#673
13:52:48.359 [Test worker] DEBUG io.mockk.impl.instantiation.AbstractMockFactory - Creating mockk for UserRepositoryCached name=repoUser#674
13:52:48.364 [Test worker @coroutine#605] DEBUG io.mockk.impl.instantiation.AbstractMockFactory - Creating mockk for Maquina name=child of repoM#669#675
13:52:48.366 [DefaultDispatcher-worker-1 @coroutine#608] DEBUG io.mockk.impl.recording.states.AnsweringState - Answering null on MaquinaRepositoryCached(repoM#669).findByUUID(10047496-b6cc-4c97-85d4-ec60b60e4f42, continuation {})
]]></system-out>
  <system-err><![CDATA[]]></system-err>
</testsuite>
