<?xml version="1.0" encoding="UTF-8"?>
<testsuite name="koin.repositories.pedido.PedidoRepositoryCachedTest" tests="7" skipped="0" failures="0" errors="0" timestamp="2023-02-10T19:54:44" hostname="LOLI-LAPTOP" time="0.082">
  <properties/>
  <testcase name="delete()" classname="koin.repositories.pedido.PedidoRepositoryCachedTest" time="0.019"/>
  <testcase name="findAll()" classname="koin.repositories.pedido.PedidoRepositoryCachedTest" time="0.014"/>
  <testcase name="findById()" classname="koin.repositories.pedido.PedidoRepositoryCachedTest" time="0.01"/>
  <testcase name="findByUUID()" classname="koin.repositories.pedido.PedidoRepositoryCachedTest" time="0.011"/>
  <testcase name="save()" classname="koin.repositories.pedido.PedidoRepositoryCachedTest" time="0.01"/>
  <testcase name="findByUUIDNotExists()" classname="koin.repositories.pedido.PedidoRepositoryCachedTest" time="0.008"/>
  <testcase name="findByIdNotExists()" classname="koin.repositories.pedido.PedidoRepositoryCachedTest" time="0.007"/>
  <system-out><![CDATA[20:54:44.256 [Test worker] DEBUG koin.services.cache.pedido.PedidoCache - Initializing PedidoCache...
20:54:44.260 [Test worker] DEBUG io.mockk.impl.instantiation.AbstractMockFactory - Creating spyk for PedidoCache name=cache#686
20:54:44.290 [Test worker] DEBUG io.mockk.impl.instantiation.AbstractMockFactory - Creating mockk for PedidoRepository name=repo#687
20:54:44.322 [DefaultDispatcher-worker-2 @coroutine#704] DEBUG io.mockk.impl.recording.states.AnsweringState - Answering 60000 on PedidoCache(cache#686).getRefreshTime()
20:54:44.327 [Test worker @coroutine#705] DEBUG io.mockk.impl.instantiation.AbstractMockFactory - Creating mockk for Pedido name=child of repo#687#688
20:54:44.330 [Test worker @coroutine#705] DEBUG io.mockk.impl.instantiation.AbstractMockFactory - Creating mockk for Pedido name=child of repo#687#689
20:54:44.333 [DefaultDispatcher-worker-2] DEBUG io.mockk.impl.recording.states.AnsweringState - Answering Pedido(id=63e6a10461c2a601272c4ffd, uuid=93a98d69-0010-48a7-b34f-05b596ea8acc, userId=93a98d69-0006-48a7-b34f-05b596ea839a, state=PROCESO, fechaEntrada=2013-10-10, fechaSalida=2023-12-12, topeEntrega=2023-12-14, precio=0.0) on PedidoRepository(repo#687).delete(63e6a10461c2a601272c4ffd, continuation {})
20:54:44.334 [DefaultDispatcher-worker-2] DEBUG io.mockk.impl.recording.states.AnsweringState - Answering io.github.reactivecircus.cache4k.RealCache@44f04630 on PedidoCache(cache#686).getCache()
20:54:44.343 [Test worker @coroutine#713] DEBUG io.mockk.impl.instantiation.AbstractMockFactory - Creating mockk for Flow name=child of repo#687#690
20:54:44.346 [DefaultDispatcher-worker-2] DEBUG io.mockk.impl.recording.states.AnsweringState - Answering kotlinx.coroutines.flow.FlowKt__BuildersKt$flowOf$$inlined$unsafeFlow$2@48ecf22a on PedidoRepository(repo#687).findAll(continuation {})
20:54:44.356 [Test worker @coroutine#719] DEBUG io.mockk.impl.instantiation.AbstractMockFactory - Creating mockk for Pedido name=child of repo#687#691
20:54:44.358 [DefaultDispatcher-worker-2] DEBUG io.mockk.impl.recording.states.AnsweringState - Answering Pedido(id=63e6a10461c2a601272c4ffd, uuid=93a98d69-0010-48a7-b34f-05b596ea8acc, userId=93a98d69-0006-48a7-b34f-05b596ea839a, state=PROCESO, fechaEntrada=2013-10-10, fechaSalida=2023-12-12, topeEntrega=2023-12-14, precio=0.0) on PedidoRepository(repo#687).findById(63e6a10461c2a601272c4ffd, continuation {})
20:54:44.367 [Test worker @coroutine#725] DEBUG io.mockk.impl.instantiation.AbstractMockFactory - Creating mockk for Pedido name=child of repo#687#692
20:54:44.369 [DefaultDispatcher-worker-2] DEBUG io.mockk.impl.recording.states.AnsweringState - Answering io.github.reactivecircus.cache4k.RealCache@44f04630 on PedidoCache(cache#686).getCache()
20:54:44.369 [DefaultDispatcher-worker-2] DEBUG io.mockk.impl.recording.states.AnsweringState - Answering Pedido(id=63e6a10461c2a601272c4ffd, uuid=93a98d69-0010-48a7-b34f-05b596ea8acc, userId=93a98d69-0006-48a7-b34f-05b596ea839a, state=PROCESO, fechaEntrada=2013-10-10, fechaSalida=2023-12-12, topeEntrega=2023-12-14, precio=0.0) on PedidoRepository(repo#687).findByUUID(93a98d69-0010-48a7-b34f-05b596ea8acc, continuation {})
20:54:44.374 [Test worker @background work runner#728] DEBUG io.mockk.impl.instantiation.AbstractMockFactory - Creating mockk for Pedido name=child of repo#687#693
20:54:44.378 [Test worker @coroutine#731] DEBUG io.mockk.impl.instantiation.AbstractMockFactory - Creating mockk for Pedido name=child of repo#687#694
20:54:44.381 [DefaultDispatcher-worker-2] DEBUG io.mockk.impl.recording.states.AnsweringState - Answering Pedido(id=63e6a10461c2a601272c4ffd, uuid=93a98d69-0010-48a7-b34f-05b596ea8acc, userId=93a98d69-0006-48a7-b34f-05b596ea839a, state=PROCESO, fechaEntrada=2013-10-10, fechaSalida=2023-12-12, topeEntrega=2023-12-14, precio=0.0) on PedidoRepository(repo#687).save(Pedido(id=63e6a10461c2a601272c4ffd, uuid=93a98d69-0010-48a7-b34f-05b596ea8acc, userId=93a98d69-0006-48a7-b34f-05b596ea839a, state=PROCESO, fechaEntrada=2013-10-10, fechaSalida=2023-12-12, topeEntrega=2023-12-14, precio=0.0), continuation {})
20:54:44.391 [DefaultDispatcher-worker-2] DEBUG io.mockk.impl.recording.states.AnsweringState - Answering io.github.reactivecircus.cache4k.RealCache@44f04630 on PedidoCache(cache#686).getCache()
20:54:44.392 [DefaultDispatcher-worker-2] DEBUG io.mockk.impl.recording.states.AnsweringState - Answering null on PedidoRepository(repo#687).findByUUID(32c0632d-ddf2-48e8-9eef-abb4e8355132, continuation {})
20:54:44.400 [DefaultDispatcher-worker-2] DEBUG io.mockk.impl.recording.states.AnsweringState - Answering null on PedidoRepository(repo#687).findById(63e6a10461c2a601272c4ffe, continuation {})
]]></system-out>
  <system-err><![CDATA[]]></system-err>
</testsuite>
