<?xml version="1.0" encoding="UTF-8"?>
<testsuite name="koin.repositories.tarea.TareaRepositoryCachedTest" tests="8" skipped="0" failures="0" errors="0" timestamp="2023-02-02T22:41:53" hostname="LOLI-LAPTOP" time="1.129">
  <properties/>
  <testcase name="setFinalizada()" classname="koin.repositories.tarea.TareaRepositoryCachedTest" time="0.011"/>
  <testcase name="delete()" classname="koin.repositories.tarea.TareaRepositoryCachedTest" time="0.011"/>
  <testcase name="findAll()" classname="koin.repositories.tarea.TareaRepositoryCachedTest" time="0.712"/>
  <testcase name="findById()" classname="koin.repositories.tarea.TareaRepositoryCachedTest" time="0.019"/>
  <testcase name="findByUUID()" classname="koin.repositories.tarea.TareaRepositoryCachedTest" time="0.016"/>
  <testcase name="save()" classname="koin.repositories.tarea.TareaRepositoryCachedTest" time="0.338"/>
  <testcase name="findByUUIDNotExists()" classname="koin.repositories.tarea.TareaRepositoryCachedTest" time="0.01"/>
  <testcase name="findByIdNotExists()" classname="koin.repositories.tarea.TareaRepositoryCachedTest" time="0.01"/>
  <system-out><![CDATA[23:41:53.851 [Test worker] DEBUG koin.services.cache.tarea.TareaCache - Initializing TareaCache...
23:41:53.854 [Test worker] DEBUG io.mockk.impl.instantiation.AbstractMockFactory - Creating spyk for TareaCache name=cache#705
23:41:53.885 [Test worker] DEBUG io.mockk.impl.instantiation.AbstractMockFactory - Creating mockk for TareaRepository name=repo#706
23:41:53.935 [DefaultDispatcher-worker-2 @coroutine#888] DEBUG io.mockk.impl.recording.states.AnsweringState - Answering 60000 on TareaCache(cache#705).getRefreshTime()
23:41:53.939 [Test worker @coroutine#889] DEBUG io.mockk.impl.instantiation.AbstractMockFactory - Creating mockk for Tarea name=child of repo#706#707
23:41:53.941 [DefaultDispatcher-worker-2] DEBUG io.mockk.impl.recording.states.AnsweringState - Answering Tarea(id=63dc3c311b23f96d9c839871, uuid=93a98d69-0013-48a7-b34f-05b596ea83cc, raquetaId=93a98d69-0001-48a7-b34f-05b596ea83ba, precio=0.0, tipo=ADQUISICION, finalizada=false, pedidoId=93a98d69-0010-48a7-b34f-05b596ea8acc, productoAdquiridoId=93a98d69-0004-48a7-b34f-05b596ea83aa, peso=null, balance=null, rigidez=null, tensionHorizontal=null, cordajeHorizontalId=null, tensionVertical=null, cordajeVerticalId=null, dosNudos=null) on TareaRepository(repo#706).setFinalizada(63dc3c311b23f96d9c839871, continuation {})
23:41:53.948 [Test worker @coroutine#895] DEBUG io.mockk.impl.instantiation.AbstractMockFactory - Creating mockk for Tarea name=child of repo#706#708
23:41:53.950 [Test worker @coroutine#895] DEBUG io.mockk.impl.instantiation.AbstractMockFactory - Creating mockk for Tarea name=child of repo#706#709
23:41:53.951 [DefaultDispatcher-worker-2] DEBUG io.mockk.impl.recording.states.AnsweringState - Answering Tarea(id=63dc3c311b23f96d9c839871, uuid=93a98d69-0013-48a7-b34f-05b596ea83cc, raquetaId=93a98d69-0001-48a7-b34f-05b596ea83ba, precio=0.0, tipo=ADQUISICION, finalizada=false, pedidoId=93a98d69-0010-48a7-b34f-05b596ea8acc, productoAdquiridoId=93a98d69-0004-48a7-b34f-05b596ea83aa, peso=null, balance=null, rigidez=null, tensionHorizontal=null, cordajeHorizontalId=null, tensionVertical=null, cordajeVerticalId=null, dosNudos=null) on TareaRepository(repo#706).delete(63dc3c311b23f96d9c839871, continuation {})
23:41:53.953 [DefaultDispatcher-worker-2] DEBUG io.mockk.impl.recording.states.AnsweringState - Answering io.github.reactivecircus.cache4k.RealCache@372a343d on TareaCache(cache#705).getCache()
23:41:53.960 [Test worker @coroutine#903] DEBUG io.mockk.impl.instantiation.AbstractMockFactory - Creating mockk for Flow name=child of repo#706#710
23:41:53.966 [DefaultDispatcher-worker-2] DEBUG io.mockk.impl.recording.states.AnsweringState - Answering kotlinx.coroutines.flow.FlowKt__BuildersKt$flowOf$$inlined$unsafeFlow$2@bbbc9d7 on TareaRepository(repo#706).findAll(continuation {})
23:41:54.675 [Test worker @coroutine#925] DEBUG io.mockk.impl.instantiation.AbstractMockFactory - Creating mockk for Tarea name=child of repo#706#711
23:41:54.678 [DefaultDispatcher-worker-9] DEBUG io.mockk.impl.recording.states.AnsweringState - Answering Tarea(id=63dc3c311b23f96d9c839871, uuid=93a98d69-0013-48a7-b34f-05b596ea83cc, raquetaId=93a98d69-0001-48a7-b34f-05b596ea83ba, precio=0.0, tipo=ADQUISICION, finalizada=false, pedidoId=93a98d69-0010-48a7-b34f-05b596ea8acc, productoAdquiridoId=93a98d69-0004-48a7-b34f-05b596ea83aa, peso=null, balance=null, rigidez=null, tensionHorizontal=null, cordajeHorizontalId=null, tensionVertical=null, cordajeVerticalId=null, dosNudos=null) on TareaRepository(repo#706).findById(63dc3c311b23f96d9c839871, continuation {})
23:41:54.694 [Test worker @coroutine#931] DEBUG io.mockk.impl.instantiation.AbstractMockFactory - Creating mockk for Tarea name=child of repo#706#712
23:41:54.697 [DefaultDispatcher-worker-9] DEBUG io.mockk.impl.recording.states.AnsweringState - Answering io.github.reactivecircus.cache4k.RealCache@372a343d on TareaCache(cache#705).getCache()
23:41:54.698 [DefaultDispatcher-worker-9] DEBUG io.mockk.impl.recording.states.AnsweringState - Answering Tarea(id=63dc3c311b23f96d9c839871, uuid=93a98d69-0013-48a7-b34f-05b596ea83cc, raquetaId=93a98d69-0001-48a7-b34f-05b596ea83ba, precio=0.0, tipo=ADQUISICION, finalizada=false, pedidoId=93a98d69-0010-48a7-b34f-05b596ea8acc, productoAdquiridoId=93a98d69-0004-48a7-b34f-05b596ea83aa, peso=null, balance=null, rigidez=null, tensionHorizontal=null, cordajeHorizontalId=null, tensionVertical=null, cordajeVerticalId=null, dosNudos=null) on TareaRepository(repo#706).findByUUID(93a98d69-0013-48a7-b34f-05b596ea83cc, continuation {})
23:41:54.705 [Test worker @background work runner#934] DEBUG io.mockk.impl.instantiation.AbstractMockFactory - Creating mockk for Tarea name=child of repo#706#713
23:41:54.711 [Test worker @coroutine#937] DEBUG io.mockk.impl.instantiation.AbstractMockFactory - Creating mockk for Tarea name=child of repo#706#714
23:41:54.713 [DefaultDispatcher-worker-9] DEBUG io.mockk.impl.recording.states.AnsweringState - Answering Tarea(id=63dc3c311b23f96d9c839871, uuid=93a98d69-0013-48a7-b34f-05b596ea83cc, raquetaId=93a98d69-0001-48a7-b34f-05b596ea83ba, precio=0.0, tipo=ADQUISICION, finalizada=false, pedidoId=93a98d69-0010-48a7-b34f-05b596ea8acc, productoAdquiridoId=93a98d69-0004-48a7-b34f-05b596ea83aa, peso=null, balance=null, rigidez=null, tensionHorizontal=null, cordajeHorizontalId=null, tensionVertical=null, cordajeVerticalId=null, dosNudos=null) on TareaRepository(repo#706).save(Tarea(id=63dc3c311b23f96d9c839871, uuid=93a98d69-0013-48a7-b34f-05b596ea83cc, raquetaId=93a98d69-0001-48a7-b34f-05b596ea83ba, precio=0.0, tipo=ADQUISICION, finalizada=false, pedidoId=93a98d69-0010-48a7-b34f-05b596ea8acc, productoAdquiridoId=93a98d69-0004-48a7-b34f-05b596ea83aa, peso=null, balance=null, rigidez=null, tensionHorizontal=null, cordajeHorizontalId=null, tensionVertical=null, cordajeVerticalId=null, dosNudos=null), continuation {})
23:41:55.049 [DefaultDispatcher-worker-14] DEBUG io.mockk.impl.recording.states.AnsweringState - Answering io.github.reactivecircus.cache4k.RealCache@372a343d on TareaCache(cache#705).getCache()
23:41:55.050 [DefaultDispatcher-worker-14] DEBUG io.mockk.impl.recording.states.AnsweringState - Answering null on TareaRepository(repo#706).findByUUID(e304ac7a-fcbc-425a-897c-74a7b05c219b, continuation {})
23:41:55.059 [DefaultDispatcher-worker-14] DEBUG io.mockk.impl.recording.states.AnsweringState - Answering null on TareaRepository(repo#706).findById(63dc3c331b23f96d9c83993a, continuation {})
]]></system-out>
  <system-err><![CDATA[]]></system-err>
</testsuite>
