<?xml version="1.0" encoding="UTF-8"?>
<testsuite name="koin.repositories.user.UserRepositoryTest" tests="8" skipped="0" failures="0" errors="0" timestamp="2023-02-07T21:49:48" hostname="LOLI-LAPTOP" time="0.903">
  <properties/>
  <testcase name="delete()" classname="koin.repositories.user.UserRepositoryTest" time="0.181"/>
  <testcase name="findAll()" classname="koin.repositories.user.UserRepositoryTest" time="0.099"/>
  <testcase name="findById()" classname="koin.repositories.user.UserRepositoryTest" time="0.092"/>
  <testcase name="findByUuid()" classname="koin.repositories.user.UserRepositoryTest" time="0.091"/>
  <testcase name="save()" classname="koin.repositories.user.UserRepositoryTest" time="0.091"/>
  <testcase name="findByIdNotExists()" classname="koin.repositories.user.UserRepositoryTest" time="0.085"/>
  <testcase name="deleteNotExists()" classname="koin.repositories.user.UserRepositoryTest" time="0.126"/>
  <testcase name="setInactive()" classname="koin.repositories.user.UserRepositoryTest" time="0.137"/>
  <system-out><![CDATA[22:49:48.234 [AsyncGetter-5-thread-1] DEBUG org.mongodb.driver.protocol.command - Sending command '{"drop": "user", "$db": "practica03mongoIvanLoli", "$clusterTime": {"clusterTime": {"$timestamp": {"t": 1675806584, "i": 5}}, "signature": {"hash": {"$binary": {"base64": "pHRstiStOMhcpEXFhH4lpweDc48=", "subType": "00"}}, "keyId": 7161871216054108163}}, "lsid": {"id": {"$binary": {"base64": "xbe9yt96RfCuB/EkkSIjyQ==", "subType": "04"}}}}' with request id 175 to database practica03mongoIvanLoli on connection [connectionId{localValue:11, serverValue:216638}] to server ac-o2suyf6-shard-00-02.7qtbnuz.mongodb.net:27017
22:49:48.318 [async-channel-group-0-handler-executor] DEBUG org.mongodb.driver.protocol.command - Execution of command with request id 175 completed successfully in 82.69 ms on connection [connectionId{localValue:11, serverValue:216638}] to server ac-o2suyf6-shard-00-02.7qtbnuz.mongodb.net:27017
22:49:48.326 [AsyncGetter-5-thread-1] DEBUG org.mongodb.driver.protocol.command - Sending command '{"update": "user", "ordered": true, "txnNumber": 61, "$db": "practica03mongoIvanLoli", "$clusterTime": {"clusterTime": {"$timestamp": {"t": 1675806586, "i": 2}}, "signature": {"hash": {"$binary": {"base64": "iu2PNx3V586acOEGecmsph2Sb6U=", "subType": "00"}}, "keyId": 7161871216054108163}}, "lsid": {"id": {"$binary": {"base64": "xbe9yt96RfCuB/EkkSIjyQ==", "subType": "04"}}}, "updates": [{"q": {"_id": {"$oid": "63e2c77c285de2538ba4e41d"}}, "u": {"_id": {"$oid": "63e2c77c285de2538ba4e41d"}, "uuid": {"$binary": {"base64": "EREAAGmNqZO6g+qWtQUAAA==", "subType": "03"}}, "nombre": "loli", "apellido": "test", "telefono": "123456789", "email": "loli@test.com", "password": "lolitest", "perfil": "ADMIN", "activo": true}, "upsert": true}]}' with request id 176 to database practica03mongoIvanLoli on connection [connectionId{localValue:11, serverValue:216638}] to server ac-o2suyf6-shard-00-02.7qtbnuz.mongodb.net:27017
22:49:48.404 [async-channel-group-0-handler-executor] DEBUG org.mongodb.driver.protocol.command - Execution of command with request id 176 completed successfully in 78.69 ms on connection [connectionId{localValue:11, serverValue:216638}] to server ac-o2suyf6-shard-00-02.7qtbnuz.mongodb.net:27017
22:49:48.412 [DefaultDispatcher-worker-8 @coroutine#1226] DEBUG koin.repositories.user.UserRepository - delete(63e2c77c285de2538ba4e41d)
22:49:48.414 [AsyncGetter-5-thread-1] DEBUG org.mongodb.driver.protocol.command - Sending command '{"find": "user", "filter": {"_id": {"$oid": "63e2c77c285de2538ba4e41d"}}, "limit": 1, "singleBatch": true, "$db": "practica03mongoIvanLoli", "$clusterTime": {"clusterTime": {"$timestamp": {"t": 1675806586, "i": 4}}, "signature": {"hash": {"$binary": {"base64": "iu2PNx3V586acOEGecmsph2Sb6U=", "subType": "00"}}, "keyId": 7161871216054108163}}, "lsid": {"id": {"$binary": {"base64": "xbe9yt96RfCuB/EkkSIjyQ==", "subType": "04"}}}}' with request id 177 to database practica03mongoIvanLoli on connection [connectionId{localValue:11, serverValue:216638}] to server ac-o2suyf6-shard-00-02.7qtbnuz.mongodb.net:27017
22:49:48.451 [async-channel-group-0-handler-executor] DEBUG org.mongodb.driver.protocol.command - Execution of command with request id 177 completed successfully in 37.81 ms on connection [connectionId{localValue:11, serverValue:216638}] to server ac-o2suyf6-shard-00-02.7qtbnuz.mongodb.net:27017
22:49:48.452 [async-channel-group-0-handler-executor] DEBUG org.mongodb.driver.operation - Received batch of 1 documents with cursorId 0 from server ac-o2suyf6-shard-00-02.7qtbnuz.mongodb.net:27017
22:49:48.454 [AsyncGetter-5-thread-1] DEBUG org.mongodb.driver.protocol.command - Sending command '{"delete": "user", "ordered": true, "txnNumber": 62, "$db": "practica03mongoIvanLoli", "$clusterTime": {"clusterTime": {"$timestamp": {"t": 1675806586, "i": 4}}, "signature": {"hash": {"$binary": {"base64": "iu2PNx3V586acOEGecmsph2Sb6U=", "subType": "00"}}, "keyId": 7161871216054108163}}, "lsid": {"id": {"$binary": {"base64": "xbe9yt96RfCuB/EkkSIjyQ==", "subType": "04"}}}, "deletes": [{"q": {"_id": {"$oid": "63e2c77c285de2538ba4e41d"}}, "limit": 1}]}' with request id 178 to database practica03mongoIvanLoli on connection [connectionId{localValue:11, serverValue:216638}] to server ac-o2suyf6-shard-00-02.7qtbnuz.mongodb.net:27017
22:49:48.496 [async-channel-group-0-handler-executor] DEBUG org.mongodb.driver.protocol.command - Execution of command with request id 178 completed successfully in 42.51 ms on connection [connectionId{localValue:11, serverValue:216638}] to server ac-o2suyf6-shard-00-02.7qtbnuz.mongodb.net:27017
22:49:48.501 [AsyncGetter-5-thread-1] DEBUG org.mongodb.driver.protocol.command - Sending command '{"update": "user", "ordered": true, "txnNumber": 63, "$db": "practica03mongoIvanLoli", "$clusterTime": {"clusterTime": {"$timestamp": {"t": 1675806586, "i": 5}}, "signature": {"hash": {"$binary": {"base64": "iu2PNx3V586acOEGecmsph2Sb6U=", "subType": "00"}}, "keyId": 7161871216054108163}}, "lsid": {"id": {"$binary": {"base64": "xbe9yt96RfCuB/EkkSIjyQ==", "subType": "04"}}}, "updates": [{"q": {"_id": {"$oid": "63e2c77c285de2538ba4e41d"}}, "u": {"_id": {"$oid": "63e2c77c285de2538ba4e41d"}, "uuid": {"$binary": {"base64": "EREAAGmNqZO6g+qWtQUAAA==", "subType": "03"}}, "nombre": "loli", "apellido": "test", "telefono": "123456789", "email": "loli@test.com", "password": "lolitest", "perfil": "ADMIN", "activo": true}, "upsert": true}]}' with request id 179 to database practica03mongoIvanLoli on connection [connectionId{localValue:11, serverValue:216638}] to server ac-o2suyf6-shard-00-02.7qtbnuz.mongodb.net:27017
22:49:48.544 [async-channel-group-0-handler-executor] DEBUG org.mongodb.driver.protocol.command - Execution of command with request id 179 completed successfully in 42.73 ms on connection [connectionId{localValue:11, serverValue:216638}] to server ac-o2suyf6-shard-00-02.7qtbnuz.mongodb.net:27017
22:49:48.552 [DefaultDispatcher-worker-8 @coroutine#1231] DEBUG koin.repositories.user.UserRepository - findAll()
22:49:48.553 [AsyncGetter-5-thread-1] DEBUG org.mongodb.driver.protocol.command - Sending command '{"find": "user", "filter": {}, "batchSize": 64, "$db": "practica03mongoIvanLoli", "$clusterTime": {"clusterTime": {"$timestamp": {"t": 1675806586, "i": 6}}, "signature": {"hash": {"$binary": {"base64": "iu2PNx3V586acOEGecmsph2Sb6U=", "subType": "00"}}, "keyId": 7161871216054108163}}, "lsid": {"id": {"$binary": {"base64": "xbe9yt96RfCuB/EkkSIjyQ==", "subType": "04"}}}}' with request id 180 to database practica03mongoIvanLoli on connection [connectionId{localValue:11, serverValue:216638}] to server ac-o2suyf6-shard-00-02.7qtbnuz.mongodb.net:27017
22:49:48.592 [async-channel-group-0-handler-executor] DEBUG org.mongodb.driver.protocol.command - Execution of command with request id 180 completed successfully in 39.65 ms on connection [connectionId{localValue:11, serverValue:216638}] to server ac-o2suyf6-shard-00-02.7qtbnuz.mongodb.net:27017
22:49:48.592 [async-channel-group-0-handler-executor] DEBUG org.mongodb.driver.operation - Received batch of 1 documents with cursorId 0 from server ac-o2suyf6-shard-00-02.7qtbnuz.mongodb.net:27017
22:49:48.600 [AsyncGetter-5-thread-1] DEBUG org.mongodb.driver.protocol.command - Sending command '{"update": "user", "ordered": true, "txnNumber": 64, "$db": "practica03mongoIvanLoli", "$clusterTime": {"clusterTime": {"$timestamp": {"t": 1675806586, "i": 7}}, "signature": {"hash": {"$binary": {"base64": "iu2PNx3V586acOEGecmsph2Sb6U=", "subType": "00"}}, "keyId": 7161871216054108163}}, "lsid": {"id": {"$binary": {"base64": "xbe9yt96RfCuB/EkkSIjyQ==", "subType": "04"}}}, "updates": [{"q": {"_id": {"$oid": "63e2c77c285de2538ba4e41d"}}, "u": {"_id": {"$oid": "63e2c77c285de2538ba4e41d"}, "uuid": {"$binary": {"base64": "EREAAGmNqZO6g+qWtQUAAA==", "subType": "03"}}, "nombre": "loli", "apellido": "test", "telefono": "123456789", "email": "loli@test.com", "password": "lolitest", "perfil": "ADMIN", "activo": true}, "upsert": true}]}' with request id 181 to database practica03mongoIvanLoli on connection [connectionId{localValue:11, serverValue:216638}] to server ac-o2suyf6-shard-00-02.7qtbnuz.mongodb.net:27017
22:49:48.641 [async-channel-group-0-handler-executor] DEBUG org.mongodb.driver.protocol.command - Execution of command with request id 181 completed successfully in 41.25 ms on connection [connectionId{localValue:11, serverValue:216638}] to server ac-o2suyf6-shard-00-02.7qtbnuz.mongodb.net:27017
22:49:48.649 [DefaultDispatcher-worker-8 @coroutine#1237] DEBUG koin.repositories.user.UserRepository - findById(63e2c77c285de2538ba4e41d)
22:49:48.650 [AsyncGetter-5-thread-1] DEBUG org.mongodb.driver.protocol.command - Sending command '{"find": "user", "filter": {"_id": {"$oid": "63e2c77c285de2538ba4e41d"}}, "limit": 1, "singleBatch": true, "$db": "practica03mongoIvanLoli", "$clusterTime": {"clusterTime": {"$timestamp": {"t": 1675806586, "i": 7}}, "signature": {"hash": {"$binary": {"base64": "iu2PNx3V586acOEGecmsph2Sb6U=", "subType": "00"}}, "keyId": 7161871216054108163}}, "lsid": {"id": {"$binary": {"base64": "xbe9yt96RfCuB/EkkSIjyQ==", "subType": "04"}}}}' with request id 182 to database practica03mongoIvanLoli on connection [connectionId{localValue:11, serverValue:216638}] to server ac-o2suyf6-shard-00-02.7qtbnuz.mongodb.net:27017
22:49:48.689 [async-channel-group-0-handler-executor] DEBUG org.mongodb.driver.protocol.command - Execution of command with request id 182 completed successfully in 38.37 ms on connection [connectionId{localValue:11, serverValue:216638}] to server ac-o2suyf6-shard-00-02.7qtbnuz.mongodb.net:27017
22:49:48.689 [async-channel-group-0-handler-executor] DEBUG org.mongodb.driver.operation - Received batch of 1 documents with cursorId 0 from server ac-o2suyf6-shard-00-02.7qtbnuz.mongodb.net:27017
22:49:48.692 [AsyncGetter-5-thread-1] DEBUG org.mongodb.driver.protocol.command - Sending command '{"update": "user", "ordered": true, "txnNumber": 65, "$db": "practica03mongoIvanLoli", "$clusterTime": {"clusterTime": {"$timestamp": {"t": 1675806586, "i": 7}}, "signature": {"hash": {"$binary": {"base64": "iu2PNx3V586acOEGecmsph2Sb6U=", "subType": "00"}}, "keyId": 7161871216054108163}}, "lsid": {"id": {"$binary": {"base64": "xbe9yt96RfCuB/EkkSIjyQ==", "subType": "04"}}}, "updates": [{"q": {"_id": {"$oid": "63e2c77c285de2538ba4e41d"}}, "u": {"_id": {"$oid": "63e2c77c285de2538ba4e41d"}, "uuid": {"$binary": {"base64": "EREAAGmNqZO6g+qWtQUAAA==", "subType": "03"}}, "nombre": "loli", "apellido": "test", "telefono": "123456789", "email": "loli@test.com", "password": "lolitest", "perfil": "ADMIN", "activo": true}, "upsert": true}]}' with request id 183 to database practica03mongoIvanLoli on connection [connectionId{localValue:11, serverValue:216638}] to server ac-o2suyf6-shard-00-02.7qtbnuz.mongodb.net:27017
22:49:48.732 [async-channel-group-0-handler-executor] DEBUG org.mongodb.driver.protocol.command - Execution of command with request id 183 completed successfully in 39.67 ms on connection [connectionId{localValue:11, serverValue:216638}] to server ac-o2suyf6-shard-00-02.7qtbnuz.mongodb.net:27017
22:49:48.737 [DefaultDispatcher-worker-8 @coroutine#1242] DEBUG koin.repositories.user.UserRepository - findByUUID(93a98d69-0000-1111-0000-05b596ea83ba)
22:49:48.738 [AsyncGetter-5-thread-1] DEBUG org.mongodb.driver.protocol.command - Sending command '{"find": "user", "filter": {}, "batchSize": 64, "$db": "practica03mongoIvanLoli", "$clusterTime": {"clusterTime": {"$timestamp": {"t": 1675806586, "i": 9}}, "signature": {"hash": {"$binary": {"base64": "iu2PNx3V586acOEGecmsph2Sb6U=", "subType": "00"}}, "keyId": 7161871216054108163}}, "lsid": {"id": {"$binary": {"base64": "xbe9yt96RfCuB/EkkSIjyQ==", "subType": "04"}}}}' with request id 184 to database practica03mongoIvanLoli on connection [connectionId{localValue:11, serverValue:216638}] to server ac-o2suyf6-shard-00-02.7qtbnuz.mongodb.net:27017
22:49:48.775 [async-channel-group-0-handler-executor] DEBUG org.mongodb.driver.protocol.command - Execution of command with request id 184 completed successfully in 37.37 ms on connection [connectionId{localValue:11, serverValue:216638}] to server ac-o2suyf6-shard-00-02.7qtbnuz.mongodb.net:27017
22:49:48.776 [async-channel-group-0-handler-executor] DEBUG org.mongodb.driver.operation - Received batch of 1 documents with cursorId 0 from server ac-o2suyf6-shard-00-02.7qtbnuz.mongodb.net:27017
22:49:48.784 [AsyncGetter-5-thread-1] DEBUG org.mongodb.driver.protocol.command - Sending command '{"update": "user", "ordered": true, "txnNumber": 66, "$db": "practica03mongoIvanLoli", "$clusterTime": {"clusterTime": {"$timestamp": {"t": 1675806586, "i": 9}}, "signature": {"hash": {"$binary": {"base64": "iu2PNx3V586acOEGecmsph2Sb6U=", "subType": "00"}}, "keyId": 7161871216054108163}}, "lsid": {"id": {"$binary": {"base64": "xbe9yt96RfCuB/EkkSIjyQ==", "subType": "04"}}}, "updates": [{"q": {"_id": {"$oid": "63e2c77c285de2538ba4e41d"}}, "u": {"_id": {"$oid": "63e2c77c285de2538ba4e41d"}, "uuid": {"$binary": {"base64": "EREAAGmNqZO6g+qWtQUAAA==", "subType": "03"}}, "nombre": "loli", "apellido": "test", "telefono": "123456789", "email": "loli@test.com", "password": "lolitest", "perfil": "ADMIN", "activo": true}, "upsert": true}]}' with request id 185 to database practica03mongoIvanLoli on connection [connectionId{localValue:11, serverValue:216638}] to server ac-o2suyf6-shard-00-02.7qtbnuz.mongodb.net:27017
22:49:48.822 [async-channel-group-0-handler-executor] DEBUG org.mongodb.driver.protocol.command - Execution of command with request id 185 completed successfully in 38.01 ms on connection [connectionId{localValue:11, serverValue:216638}] to server ac-o2suyf6-shard-00-02.7qtbnuz.mongodb.net:27017
22:49:48.829 [DefaultDispatcher-worker-8 @coroutine#1247] DEBUG koin.repositories.user.UserRepository - save(User(id=63e2c77c285de2538ba4e41d, uuid=93a98d69-0000-1111-0000-05b596ea83ba, nombre=loli, apellido=test, telefono=123456789, email=loli@test.com, password=lolitest, perfil=ADMIN, activo=true))
22:49:48.831 [AsyncGetter-5-thread-1] DEBUG org.mongodb.driver.protocol.command - Sending command '{"update": "user", "ordered": true, "txnNumber": 67, "$db": "practica03mongoIvanLoli", "$clusterTime": {"clusterTime": {"$timestamp": {"t": 1675806586, "i": 9}}, "signature": {"hash": {"$binary": {"base64": "iu2PNx3V586acOEGecmsph2Sb6U=", "subType": "00"}}, "keyId": 7161871216054108163}}, "lsid": {"id": {"$binary": {"base64": "xbe9yt96RfCuB/EkkSIjyQ==", "subType": "04"}}}, "updates": [{"q": {"_id": {"$oid": "63e2c77c285de2538ba4e41d"}}, "u": {"_id": {"$oid": "63e2c77c285de2538ba4e41d"}, "uuid": {"$binary": {"base64": "EREAAGmNqZO6g+qWtQUAAA==", "subType": "03"}}, "nombre": "loli", "apellido": "test", "telefono": "123456789", "email": "loli@test.com", "password": "lolitest", "perfil": "ADMIN", "activo": true}, "upsert": true}]}' with request id 186 to database practica03mongoIvanLoli on connection [connectionId{localValue:11, serverValue:216638}] to server ac-o2suyf6-shard-00-02.7qtbnuz.mongodb.net:27017
22:49:48.870 [async-channel-group-0-handler-executor] DEBUG org.mongodb.driver.protocol.command - Execution of command with request id 186 completed successfully in 39.31 ms on connection [connectionId{localValue:11, serverValue:216638}] to server ac-o2suyf6-shard-00-02.7qtbnuz.mongodb.net:27017
22:49:48.876 [AsyncGetter-5-thread-1] DEBUG org.mongodb.driver.protocol.command - Sending command '{"update": "user", "ordered": true, "txnNumber": 68, "$db": "practica03mongoIvanLoli", "$clusterTime": {"clusterTime": {"$timestamp": {"t": 1675806586, "i": 9}}, "signature": {"hash": {"$binary": {"base64": "iu2PNx3V586acOEGecmsph2Sb6U=", "subType": "00"}}, "keyId": 7161871216054108163}}, "lsid": {"id": {"$binary": {"base64": "xbe9yt96RfCuB/EkkSIjyQ==", "subType": "04"}}}, "updates": [{"q": {"_id": {"$oid": "63e2c77c285de2538ba4e41d"}}, "u": {"_id": {"$oid": "63e2c77c285de2538ba4e41d"}, "uuid": {"$binary": {"base64": "EREAAGmNqZO6g+qWtQUAAA==", "subType": "03"}}, "nombre": "loli", "apellido": "test", "telefono": "123456789", "email": "loli@test.com", "password": "lolitest", "perfil": "ADMIN", "activo": true}, "upsert": true}]}' with request id 187 to database practica03mongoIvanLoli on connection [connectionId{localValue:11, serverValue:216638}] to server ac-o2suyf6-shard-00-02.7qtbnuz.mongodb.net:27017
22:49:48.913 [async-channel-group-0-handler-executor] DEBUG org.mongodb.driver.protocol.command - Execution of command with request id 187 completed successfully in 38.45 ms on connection [connectionId{localValue:11, serverValue:216638}] to server ac-o2suyf6-shard-00-02.7qtbnuz.mongodb.net:27017
22:49:48.917 [DefaultDispatcher-worker-8 @coroutine#1252] DEBUG koin.repositories.user.UserRepository - findById(63e2c77c285de2538ba4e41e)
22:49:48.918 [AsyncGetter-5-thread-1] DEBUG org.mongodb.driver.protocol.command - Sending command '{"find": "user", "filter": {"_id": {"$oid": "63e2c77c285de2538ba4e41e"}}, "limit": 1, "singleBatch": true, "$db": "practica03mongoIvanLoli", "$clusterTime": {"clusterTime": {"$timestamp": {"t": 1675806586, "i": 9}}, "signature": {"hash": {"$binary": {"base64": "iu2PNx3V586acOEGecmsph2Sb6U=", "subType": "00"}}, "keyId": 7161871216054108163}}, "lsid": {"id": {"$binary": {"base64": "xbe9yt96RfCuB/EkkSIjyQ==", "subType": "04"}}}}' with request id 188 to database practica03mongoIvanLoli on connection [connectionId{localValue:11, serverValue:216638}] to server ac-o2suyf6-shard-00-02.7qtbnuz.mongodb.net:27017
22:49:48.957 [async-channel-group-0-handler-executor] DEBUG org.mongodb.driver.protocol.command - Execution of command with request id 188 completed successfully in 38.73 ms on connection [connectionId{localValue:11, serverValue:216638}] to server ac-o2suyf6-shard-00-02.7qtbnuz.mongodb.net:27017
22:49:48.957 [async-channel-group-0-handler-executor] DEBUG org.mongodb.driver.operation - Received batch of 0 documents with cursorId 0 from server ac-o2suyf6-shard-00-02.7qtbnuz.mongodb.net:27017
22:49:48.960 [AsyncGetter-5-thread-1] DEBUG org.mongodb.driver.protocol.command - Sending command '{"update": "user", "ordered": true, "txnNumber": 69, "$db": "practica03mongoIvanLoli", "$clusterTime": {"clusterTime": {"$timestamp": {"t": 1675806586, "i": 9}}, "signature": {"hash": {"$binary": {"base64": "iu2PNx3V586acOEGecmsph2Sb6U=", "subType": "00"}}, "keyId": 7161871216054108163}}, "lsid": {"id": {"$binary": {"base64": "xbe9yt96RfCuB/EkkSIjyQ==", "subType": "04"}}}, "updates": [{"q": {"_id": {"$oid": "63e2c77c285de2538ba4e41d"}}, "u": {"_id": {"$oid": "63e2c77c285de2538ba4e41d"}, "uuid": {"$binary": {"base64": "EREAAGmNqZO6g+qWtQUAAA==", "subType": "03"}}, "nombre": "loli", "apellido": "test", "telefono": "123456789", "email": "loli@test.com", "password": "lolitest", "perfil": "ADMIN", "activo": true}, "upsert": true}]}' with request id 189 to database practica03mongoIvanLoli on connection [connectionId{localValue:11, serverValue:216638}] to server ac-o2suyf6-shard-00-02.7qtbnuz.mongodb.net:27017
22:49:48.999 [async-channel-group-0-handler-executor] DEBUG org.mongodb.driver.protocol.command - Execution of command with request id 189 completed successfully in 39.55 ms on connection [connectionId{localValue:11, serverValue:216638}] to server ac-o2suyf6-shard-00-02.7qtbnuz.mongodb.net:27017
22:49:49.004 [DefaultDispatcher-worker-8 @coroutine#1257] DEBUG koin.repositories.user.UserRepository - delete(63e2c77d285de2538ba4e41f)
22:49:49.005 [AsyncGetter-5-thread-1] DEBUG org.mongodb.driver.protocol.command - Sending command '{"find": "user", "filter": {"_id": {"$oid": "63e2c77d285de2538ba4e41f"}}, "limit": 1, "singleBatch": true, "$db": "practica03mongoIvanLoli", "$clusterTime": {"clusterTime": {"$timestamp": {"t": 1675806586, "i": 9}}, "signature": {"hash": {"$binary": {"base64": "iu2PNx3V586acOEGecmsph2Sb6U=", "subType": "00"}}, "keyId": 7161871216054108163}}, "lsid": {"id": {"$binary": {"base64": "xbe9yt96RfCuB/EkkSIjyQ==", "subType": "04"}}}}' with request id 190 to database practica03mongoIvanLoli on connection [connectionId{localValue:11, serverValue:216638}] to server ac-o2suyf6-shard-00-02.7qtbnuz.mongodb.net:27017
22:49:49.043 [async-channel-group-0-handler-executor] DEBUG org.mongodb.driver.protocol.command - Execution of command with request id 190 completed successfully in 37.80 ms on connection [connectionId{localValue:11, serverValue:216638}] to server ac-o2suyf6-shard-00-02.7qtbnuz.mongodb.net:27017
22:49:49.043 [async-channel-group-0-handler-executor] DEBUG org.mongodb.driver.operation - Received batch of 0 documents with cursorId 0 from server ac-o2suyf6-shard-00-02.7qtbnuz.mongodb.net:27017
22:49:49.045 [AsyncGetter-5-thread-1] DEBUG org.mongodb.driver.protocol.command - Sending command '{"delete": "user", "ordered": true, "txnNumber": 70, "$db": "practica03mongoIvanLoli", "$clusterTime": {"clusterTime": {"$timestamp": {"t": 1675806586, "i": 10}}, "signature": {"hash": {"$binary": {"base64": "iu2PNx3V586acOEGecmsph2Sb6U=", "subType": "00"}}, "keyId": 7161871216054108163}}, "lsid": {"id": {"$binary": {"base64": "xbe9yt96RfCuB/EkkSIjyQ==", "subType": "04"}}}, "deletes": [{"q": {"_id": {"$oid": "63e2c77d285de2538ba4e41f"}}, "limit": 1}]}' with request id 191 to database practica03mongoIvanLoli on connection [connectionId{localValue:11, serverValue:216638}] to server ac-o2suyf6-shard-00-02.7qtbnuz.mongodb.net:27017
22:49:49.083 [async-channel-group-0-handler-executor] DEBUG org.mongodb.driver.protocol.command - Execution of command with request id 191 completed successfully in 38.29 ms on connection [connectionId{localValue:11, serverValue:216638}] to server ac-o2suyf6-shard-00-02.7qtbnuz.mongodb.net:27017
22:49:49.086 [AsyncGetter-5-thread-1] DEBUG org.mongodb.driver.protocol.command - Sending command '{"update": "user", "ordered": true, "txnNumber": 71, "$db": "practica03mongoIvanLoli", "$clusterTime": {"clusterTime": {"$timestamp": {"t": 1675806586, "i": 10}}, "signature": {"hash": {"$binary": {"base64": "iu2PNx3V586acOEGecmsph2Sb6U=", "subType": "00"}}, "keyId": 7161871216054108163}}, "lsid": {"id": {"$binary": {"base64": "xbe9yt96RfCuB/EkkSIjyQ==", "subType": "04"}}}, "updates": [{"q": {"_id": {"$oid": "63e2c77c285de2538ba4e41d"}}, "u": {"_id": {"$oid": "63e2c77c285de2538ba4e41d"}, "uuid": {"$binary": {"base64": "EREAAGmNqZO6g+qWtQUAAA==", "subType": "03"}}, "nombre": "loli", "apellido": "test", "telefono": "123456789", "email": "loli@test.com", "password": "lolitest", "perfil": "ADMIN", "activo": true}, "upsert": true}]}' with request id 192 to database practica03mongoIvanLoli on connection [connectionId{localValue:11, serverValue:216638}] to server ac-o2suyf6-shard-00-02.7qtbnuz.mongodb.net:27017
22:49:49.126 [async-channel-group-0-handler-executor] DEBUG org.mongodb.driver.protocol.command - Execution of command with request id 192 completed successfully in 39.99 ms on connection [connectionId{localValue:11, serverValue:216638}] to server ac-o2suyf6-shard-00-02.7qtbnuz.mongodb.net:27017
22:49:49.133 [DefaultDispatcher-worker-8 @coroutine#1262] DEBUG koin.repositories.user.UserRepository - setInactive(63e2c77c285de2538ba4e41d)
22:49:49.134 [AsyncGetter-5-thread-1] DEBUG org.mongodb.driver.protocol.command - Sending command '{"find": "user", "filter": {"_id": {"$oid": "63e2c77c285de2538ba4e41d"}}, "limit": 1, "singleBatch": true, "$db": "practica03mongoIvanLoli", "$clusterTime": {"clusterTime": {"$timestamp": {"t": 1675806586, "i": 10}}, "signature": {"hash": {"$binary": {"base64": "iu2PNx3V586acOEGecmsph2Sb6U=", "subType": "00"}}, "keyId": 7161871216054108163}}, "lsid": {"id": {"$binary": {"base64": "xbe9yt96RfCuB/EkkSIjyQ==", "subType": "04"}}}}' with request id 193 to database practica03mongoIvanLoli on connection [connectionId{localValue:11, serverValue:216638}] to server ac-o2suyf6-shard-00-02.7qtbnuz.mongodb.net:27017
22:49:49.173 [async-channel-group-0-handler-executor] DEBUG org.mongodb.driver.protocol.command - Execution of command with request id 193 completed successfully in 38.70 ms on connection [connectionId{localValue:11, serverValue:216638}] to server ac-o2suyf6-shard-00-02.7qtbnuz.mongodb.net:27017
22:49:49.174 [async-channel-group-0-handler-executor] DEBUG org.mongodb.driver.operation - Received batch of 1 documents with cursorId 0 from server ac-o2suyf6-shard-00-02.7qtbnuz.mongodb.net:27017
22:49:49.175 [AsyncGetter-5-thread-1] DEBUG org.mongodb.driver.protocol.command - Sending command '{"update": "user", "ordered": true, "txnNumber": 72, "$db": "practica03mongoIvanLoli", "$clusterTime": {"clusterTime": {"$timestamp": {"t": 1675806586, "i": 10}}, "signature": {"hash": {"$binary": {"base64": "iu2PNx3V586acOEGecmsph2Sb6U=", "subType": "00"}}, "keyId": 7161871216054108163}}, "lsid": {"id": {"$binary": {"base64": "xbe9yt96RfCuB/EkkSIjyQ==", "subType": "04"}}}, "updates": [{"q": {"_id": {"$oid": "63e2c77c285de2538ba4e41d"}}, "u": {"_id": {"$oid": "63e2c77c285de2538ba4e41d"}, "uuid": {"$binary": {"base64": "EREAAGmNqZO6g+qWtQUAAA==", "subType": "03"}}, "nombre": "loli", "apellido": "test", "telefono": "123456789", "email": "loli@test.com", "password": "lolitest", "perfil": "ADMIN", "activo": false}, "upsert": true}]}' with request id 194 to database practica03mongoIvanLoli on connection [connectionId{localValue:11, serverValue:216638}] to server ac-o2suyf6-shard-00-02.7qtbnuz.mongodb.net:27017
22:49:49.218 [async-channel-group-0-handler-executor] DEBUG org.mongodb.driver.protocol.command - Execution of command with request id 194 completed successfully in 43.55 ms on connection [connectionId{localValue:11, serverValue:216638}] to server ac-o2suyf6-shard-00-02.7qtbnuz.mongodb.net:27017
22:49:49.223 [AsyncGetter-5-thread-1] DEBUG org.mongodb.driver.protocol.command - Sending command '{"drop": "user", "$db": "practica03mongoIvanLoli", "$clusterTime": {"clusterTime": {"$timestamp": {"t": 1675806587, "i": 1}}, "signature": {"hash": {"$binary": {"base64": "iC9Ll0N0Q6xrYo74t5hmZljp1GA=", "subType": "00"}}, "keyId": 7161871216054108163}}, "lsid": {"id": {"$binary": {"base64": "xbe9yt96RfCuB/EkkSIjyQ==", "subType": "04"}}}}' with request id 195 to database practica03mongoIvanLoli on connection [connectionId{localValue:11, serverValue:216638}] to server ac-o2suyf6-shard-00-02.7qtbnuz.mongodb.net:27017
22:49:49.273 [async-channel-group-0-handler-executor] DEBUG org.mongodb.driver.protocol.command - Execution of command with request id 195 completed successfully in 49.37 ms on connection [connectionId{localValue:11, serverValue:216638}] to server ac-o2suyf6-shard-00-02.7qtbnuz.mongodb.net:27017
]]></system-out>
  <system-err><![CDATA[]]></system-err>
</testsuite>
