<?xml version="1.0" encoding="UTF-8"?>
<testsuite name="koin.repositories.turno.TurnoRepositoryTest" tests="8" skipped="0" failures="0" errors="0" timestamp="2023-02-10T19:47:45" hostname="LOLI-LAPTOP" time="1.071">
  <properties/>
  <testcase name="setFinalizado()" classname="koin.repositories.turno.TurnoRepositoryTest" time="0.213"/>
  <testcase name="delete()" classname="koin.repositories.turno.TurnoRepositoryTest" time="0.161"/>
  <testcase name="findAll()" classname="koin.repositories.turno.TurnoRepositoryTest" time="0.109"/>
  <testcase name="findById()" classname="koin.repositories.turno.TurnoRepositoryTest" time="0.099"/>
  <testcase name="findByUuid()" classname="koin.repositories.turno.TurnoRepositoryTest" time="0.106"/>
  <testcase name="save()" classname="koin.repositories.turno.TurnoRepositoryTest" time="0.114"/>
  <testcase name="findByIdNotExists()" classname="koin.repositories.turno.TurnoRepositoryTest" time="0.098"/>
  <testcase name="deleteNotExists()" classname="koin.repositories.turno.TurnoRepositoryTest" time="0.168"/>
  <system-out><![CDATA[20:47:45.781 [AsyncGetter-5-thread-1] DEBUG org.mongodb.driver.protocol.command - Sending command '{"drop": "turno", "$db": "practica03mongoIvanLoli", "$clusterTime": {"clusterTime": {"$timestamp": {"t": 1676058462, "i": 2}}, "signature": {"hash": {"$binary": {"base64": "svcM8cIQOyDBbiop+ZDVK+oMZAc=", "subType": "00"}}, "keyId": 7161871216054108163}}, "lsid": {"id": {"$binary": {"base64": "sH556KejSCSwUATTPzPu5w==", "subType": "04"}}}}' with request id 148 to database practica03mongoIvanLoli on connection [connectionId{localValue:11, serverValue:268597}] to server ac-o2suyf6-shard-00-02.7qtbnuz.mongodb.net:27017
20:47:45.798 [cluster-rtt-ClusterId{value='63e69f2e3d878c607c736d73', description='null'}-ac-o2suyf6-shard-00-00.7qtbnuz.mongodb.net:27017] DEBUG org.mongodb.driver.protocol.command - Sending command '{"hello": 1, "$db": "admin", "$clusterTime": {"clusterTime": {"$timestamp": {"t": 1676058462, "i": 2}}, "signature": {"hash": {"$binary": {"base64": "svcM8cIQOyDBbiop+ZDVK+oMZAc=", "subType": "00"}}, "keyId": 7161871216054108163}}}' with request id 151 to database admin on connection [connectionId{localValue:1, serverValue:269192}] to server ac-o2suyf6-shard-00-00.7qtbnuz.mongodb.net:27017
20:47:45.798 [cluster-rtt-ClusterId{value='63e69f2e3d878c607c736d73', description='null'}-ac-o2suyf6-shard-00-02.7qtbnuz.mongodb.net:27017] DEBUG org.mongodb.driver.protocol.command - Sending command '{"hello": 1, "$db": "admin", "$clusterTime": {"clusterTime": {"$timestamp": {"t": 1676058462, "i": 2}}, "signature": {"hash": {"$binary": {"base64": "svcM8cIQOyDBbiop+ZDVK+oMZAc=", "subType": "00"}}, "keyId": 7161871216054108163}}}' with request id 150 to database admin on connection [connectionId{localValue:4, serverValue:268608}] to server ac-o2suyf6-shard-00-02.7qtbnuz.mongodb.net:27017
20:47:45.798 [cluster-rtt-ClusterId{value='63e69f2e3d878c607c736d73', description='null'}-ac-o2suyf6-shard-00-01.7qtbnuz.mongodb.net:27017] DEBUG org.mongodb.driver.protocol.command - Sending command '{"hello": 1, "$db": "admin", "$clusterTime": {"clusterTime": {"$timestamp": {"t": 1676058462, "i": 2}}, "signature": {"hash": {"$binary": {"base64": "svcM8cIQOyDBbiop+ZDVK+oMZAc=", "subType": "00"}}, "keyId": 7161871216054108163}}}' with request id 149 to database admin on connection [connectionId{localValue:6, serverValue:264658}] to server ac-o2suyf6-shard-00-01.7qtbnuz.mongodb.net:27017
20:47:45.863 [cluster-rtt-ClusterId{value='63e69f2e3d878c607c736d73', description='null'}-ac-o2suyf6-shard-00-02.7qtbnuz.mongodb.net:27017] DEBUG org.mongodb.driver.protocol.command - Execution of command with request id 150 completed successfully in 64.61 ms on connection [connectionId{localValue:4, serverValue:268608}] to server ac-o2suyf6-shard-00-02.7qtbnuz.mongodb.net:27017
20:47:45.863 [cluster-rtt-ClusterId{value='63e69f2e3d878c607c736d73', description='null'}-ac-o2suyf6-shard-00-01.7qtbnuz.mongodb.net:27017] DEBUG org.mongodb.driver.protocol.command - Execution of command with request id 149 completed successfully in 64.56 ms on connection [connectionId{localValue:6, serverValue:264658}] to server ac-o2suyf6-shard-00-01.7qtbnuz.mongodb.net:27017
20:47:45.863 [cluster-rtt-ClusterId{value='63e69f2e3d878c607c736d73', description='null'}-ac-o2suyf6-shard-00-00.7qtbnuz.mongodb.net:27017] DEBUG org.mongodb.driver.protocol.command - Execution of command with request id 151 completed successfully in 64.67 ms on connection [connectionId{localValue:1, serverValue:269192}] to server ac-o2suyf6-shard-00-00.7qtbnuz.mongodb.net:27017
20:47:45.877 [async-channel-group-0-handler-executor] DEBUG org.mongodb.driver.protocol.command - Execution of command with request id 148 completed successfully in 95.90 ms on connection [connectionId{localValue:11, serverValue:268597}] to server ac-o2suyf6-shard-00-02.7qtbnuz.mongodb.net:27017
20:47:45.878 [cluster-ClusterId{value='63e69f2e3d878c607c736d73', description='null'}-ac-o2suyf6-shard-00-01.7qtbnuz.mongodb.net:27017] DEBUG org.mongodb.driver.cluster - Updating cluster description to  {type=REPLICA_SET, servers=[{address=ac-o2suyf6-shard-00-00.7qtbnuz.mongodb.net:27017, type=REPLICA_SET_SECONDARY, TagSet{[Tag{name='nodeType', value='ELECTABLE'}, Tag{name='provider', value='AWS'}, Tag{name='region', value='EU_WEST_3'}, Tag{name='workloadType', value='OPERATIONAL'}]}, roundTripTime=86.1 ms, state=CONNECTED}, {address=ac-o2suyf6-shard-00-02.7qtbnuz.mongodb.net:27017, type=REPLICA_SET_PRIMARY, TagSet{[Tag{name='nodeType', value='ELECTABLE'}, Tag{name='provider', value='AWS'}, Tag{name='region', value='EU_WEST_3'}, Tag{name='workloadType', value='OPERATIONAL'}]}, roundTripTime=85.7 ms, state=CONNECTED}, {address=ac-o2suyf6-shard-00-01.7qtbnuz.mongodb.net:27017, type=REPLICA_SET_SECONDARY, TagSet{[Tag{name='nodeType', value='ELECTABLE'}, Tag{name='provider', value='AWS'}, Tag{name='region', value='EU_WEST_3'}, Tag{name='workloadType', value='OPERATIONAL'}]}, roundTripTime=50.8 ms, state=CONNECTED}]
20:47:45.878 [cluster-ClusterId{value='63e69f2e3d878c607c736d73', description='null'}-ac-o2suyf6-shard-00-01.7qtbnuz.mongodb.net:27017] DEBUG org.mongodb.driver.cluster - Checking status of ac-o2suyf6-shard-00-01.7qtbnuz.mongodb.net:27017
20:47:45.886 [cluster-ClusterId{value='63e69f2e3d878c607c736d73', description='null'}-ac-o2suyf6-shard-00-00.7qtbnuz.mongodb.net:27017] DEBUG org.mongodb.driver.cluster - Updating cluster description to  {type=REPLICA_SET, servers=[{address=ac-o2suyf6-shard-00-00.7qtbnuz.mongodb.net:27017, type=REPLICA_SET_SECONDARY, TagSet{[Tag{name='nodeType', value='ELECTABLE'}, Tag{name='provider', value='AWS'}, Tag{name='region', value='EU_WEST_3'}, Tag{name='workloadType', value='OPERATIONAL'}]}, roundTripTime=51.2 ms, state=CONNECTED}, {address=ac-o2suyf6-shard-00-02.7qtbnuz.mongodb.net:27017, type=REPLICA_SET_PRIMARY, TagSet{[Tag{name='nodeType', value='ELECTABLE'}, Tag{name='provider', value='AWS'}, Tag{name='region', value='EU_WEST_3'}, Tag{name='workloadType', value='OPERATIONAL'}]}, roundTripTime=85.7 ms, state=CONNECTED}, {address=ac-o2suyf6-shard-00-01.7qtbnuz.mongodb.net:27017, type=REPLICA_SET_SECONDARY, TagSet{[Tag{name='nodeType', value='ELECTABLE'}, Tag{name='provider', value='AWS'}, Tag{name='region', value='EU_WEST_3'}, Tag{name='workloadType', value='OPERATIONAL'}]}, roundTripTime=50.8 ms, state=CONNECTED}]
20:47:45.887 [cluster-ClusterId{value='63e69f2e3d878c607c736d73', description='null'}-ac-o2suyf6-shard-00-00.7qtbnuz.mongodb.net:27017] DEBUG org.mongodb.driver.cluster - Checking status of ac-o2suyf6-shard-00-00.7qtbnuz.mongodb.net:27017
20:47:45.897 [cluster-ClusterId{value='63e69f2e3d878c607c736d73', description='null'}-ac-o2suyf6-shard-00-02.7qtbnuz.mongodb.net:27017] DEBUG org.mongodb.driver.cluster - Updating cluster description to  {type=REPLICA_SET, servers=[{address=ac-o2suyf6-shard-00-00.7qtbnuz.mongodb.net:27017, type=REPLICA_SET_SECONDARY, TagSet{[Tag{name='nodeType', value='ELECTABLE'}, Tag{name='provider', value='AWS'}, Tag{name='region', value='EU_WEST_3'}, Tag{name='workloadType', value='OPERATIONAL'}]}, roundTripTime=51.2 ms, state=CONNECTED}, {address=ac-o2suyf6-shard-00-02.7qtbnuz.mongodb.net:27017, type=REPLICA_SET_PRIMARY, TagSet{[Tag{name='nodeType', value='ELECTABLE'}, Tag{name='provider', value='AWS'}, Tag{name='region', value='EU_WEST_3'}, Tag{name='workloadType', value='OPERATIONAL'}]}, roundTripTime=55.2 ms, state=CONNECTED}, {address=ac-o2suyf6-shard-00-01.7qtbnuz.mongodb.net:27017, type=REPLICA_SET_SECONDARY, TagSet{[Tag{name='nodeType', value='ELECTABLE'}, Tag{name='provider', value='AWS'}, Tag{name='region', value='EU_WEST_3'}, Tag{name='workloadType', value='OPERATIONAL'}]}, roundTripTime=50.8 ms, state=CONNECTED}]
20:47:45.897 [cluster-ClusterId{value='63e69f2e3d878c607c736d73', description='null'}-ac-o2suyf6-shard-00-02.7qtbnuz.mongodb.net:27017] DEBUG org.mongodb.driver.cluster - Checking status of ac-o2suyf6-shard-00-02.7qtbnuz.mongodb.net:27017
20:47:45.900 [AsyncGetter-5-thread-1] DEBUG org.mongodb.driver.protocol.command - Sending command '{"update": "turno", "ordered": true, "txnNumber": 49, "$db": "practica03mongoIvanLoli", "$clusterTime": {"clusterTime": {"$timestamp": {"t": 1676058462, "i": 5}}, "signature": {"hash": {"$binary": {"base64": "svcM8cIQOyDBbiop+ZDVK+oMZAc=", "subType": "00"}}, "keyId": 7161871216054108163}}, "lsid": {"id": {"$binary": {"base64": "sH556KejSCSwUATTPzPu5w==", "subType": "04"}}}, "updates": [{"q": {"_id": {"$oid": "63e69f613d878c607c73715a"}}, "u": {"_id": {"$oid": "63e69f613d878c607c73715a"}, "uuid": {"$binary": {"base64": "p0gZAGmNqZO8iuqWtQVPsw==", "subType": "03"}}, "workerId": {"$binary": {"base64": "p0gHAGmNqZOcg+qWtQVPsw==", "subType": "03"}}, "maquinaId": {"$binary": {"base64": "p0gIAGmNqZO7g+qWtQVPsw==", "subType": "03"}}, "horaInicio": {"$date": "2002-10-14T10:09:00Z"}, "horaFin": {"$date": "2002-10-14T16:49:00Z"}, "numPedidosActivos": 2, "tarea1Id": {"$binary": {"base64": "p0gVAGmNqZOriuqWtQVPsw==", "subType": "03"}}, "tarea2Id": {"$binary": {"base64": "p0gRAGmNqZPKg+qWtQVPsw==",  ...' with request id 152 to database practica03mongoIvanLoli on connection [connectionId{localValue:11, serverValue:268597}] to server ac-o2suyf6-shard-00-02.7qtbnuz.mongodb.net:27017
20:47:45.981 [async-channel-group-0-handler-executor] DEBUG org.mongodb.driver.protocol.command - Execution of command with request id 152 completed successfully in 81.84 ms on connection [connectionId{localValue:11, serverValue:268597}] to server ac-o2suyf6-shard-00-02.7qtbnuz.mongodb.net:27017
20:47:45.988 [DefaultDispatcher-worker-11 @coroutine#1064] DEBUG koin.repositories.turno.TurnoRepository - setFinalizado(63e69f613d878c607c73715a)
20:47:45.990 [AsyncGetter-5-thread-1] DEBUG org.mongodb.driver.protocol.command - Sending command '{"find": "turno", "filter": {"_id": {"$oid": "63e69f613d878c607c73715a"}}, "limit": 1, "singleBatch": true, "$db": "practica03mongoIvanLoli", "$clusterTime": {"clusterTime": {"$timestamp": {"t": 1676058462, "i": 7}}, "signature": {"hash": {"$binary": {"base64": "svcM8cIQOyDBbiop+ZDVK+oMZAc=", "subType": "00"}}, "keyId": 7161871216054108163}}, "lsid": {"id": {"$binary": {"base64": "sH556KejSCSwUATTPzPu5w==", "subType": "04"}}}}' with request id 153 to database practica03mongoIvanLoli on connection [connectionId{localValue:11, serverValue:268597}] to server ac-o2suyf6-shard-00-02.7qtbnuz.mongodb.net:27017
20:47:46.032 [async-channel-group-0-handler-executor] DEBUG org.mongodb.driver.protocol.command - Execution of command with request id 153 completed successfully in 42.28 ms on connection [connectionId{localValue:11, serverValue:268597}] to server ac-o2suyf6-shard-00-02.7qtbnuz.mongodb.net:27017
20:47:46.035 [async-channel-group-0-handler-executor] DEBUG org.mongodb.driver.operation - Received batch of 1 documents with cursorId 0 from server ac-o2suyf6-shard-00-02.7qtbnuz.mongodb.net:27017
20:47:46.037 [AsyncGetter-5-thread-1] DEBUG org.mongodb.driver.protocol.command - Sending command '{"update": "turno", "ordered": true, "txnNumber": 50, "$db": "practica03mongoIvanLoli", "$clusterTime": {"clusterTime": {"$timestamp": {"t": 1676058462, "i": 8}}, "signature": {"hash": {"$binary": {"base64": "svcM8cIQOyDBbiop+ZDVK+oMZAc=", "subType": "00"}}, "keyId": 7161871216054108163}}, "lsid": {"id": {"$binary": {"base64": "sH556KejSCSwUATTPzPu5w==", "subType": "04"}}}, "updates": [{"q": {"_id": {"$oid": "63e69f613d878c607c73715a"}}, "u": {"_id": {"$oid": "63e69f613d878c607c73715a"}, "uuid": {"$binary": {"base64": "p0gZAGmNqZO8iuqWtQVPsw==", "subType": "03"}}, "workerId": {"$binary": {"base64": "p0gHAGmNqZOcg+qWtQVPsw==", "subType": "03"}}, "maquinaId": {"$binary": {"base64": "p0gIAGmNqZO7g+qWtQVPsw==", "subType": "03"}}, "horaInicio": {"$date": "2002-10-14T10:09:00Z"}, "horaFin": {"$date": "2002-10-14T16:49:00Z"}, "numPedidosActivos": 2, "tarea1Id": {"$binary": {"base64": "p0gVAGmNqZOriuqWtQVPsw==", "subType": "03"}}, "tarea2Id": {"$binary": {"base64": "p0gRAGmNqZPKg+qWtQVPsw==",  ...' with request id 154 to database practica03mongoIvanLoli on connection [connectionId{localValue:11, serverValue:268597}] to server ac-o2suyf6-shard-00-02.7qtbnuz.mongodb.net:27017
20:47:46.085 [async-channel-group-0-handler-executor] DEBUG org.mongodb.driver.protocol.command - Execution of command with request id 154 completed successfully in 48.74 ms on connection [connectionId{localValue:11, serverValue:268597}] to server ac-o2suyf6-shard-00-02.7qtbnuz.mongodb.net:27017
20:47:46.094 [AsyncGetter-5-thread-1] DEBUG org.mongodb.driver.protocol.command - Sending command '{"update": "turno", "ordered": true, "txnNumber": 51, "$db": "practica03mongoIvanLoli", "$clusterTime": {"clusterTime": {"$timestamp": {"t": 1676058462, "i": 9}}, "signature": {"hash": {"$binary": {"base64": "svcM8cIQOyDBbiop+ZDVK+oMZAc=", "subType": "00"}}, "keyId": 7161871216054108163}}, "lsid": {"id": {"$binary": {"base64": "sH556KejSCSwUATTPzPu5w==", "subType": "04"}}}, "updates": [{"q": {"_id": {"$oid": "63e69f613d878c607c73715a"}}, "u": {"_id": {"$oid": "63e69f613d878c607c73715a"}, "uuid": {"$binary": {"base64": "p0gZAGmNqZO8iuqWtQVPsw==", "subType": "03"}}, "workerId": {"$binary": {"base64": "p0gHAGmNqZOcg+qWtQVPsw==", "subType": "03"}}, "maquinaId": {"$binary": {"base64": "p0gIAGmNqZO7g+qWtQVPsw==", "subType": "03"}}, "horaInicio": {"$date": "2002-10-14T10:09:00Z"}, "horaFin": {"$date": "2002-10-14T16:49:00Z"}, "numPedidosActivos": 2, "tarea1Id": {"$binary": {"base64": "p0gVAGmNqZOriuqWtQVPsw==", "subType": "03"}}, "tarea2Id": {"$binary": {"base64": "p0gRAGmNqZPKg+qWtQVPsw==",  ...' with request id 155 to database practica03mongoIvanLoli on connection [connectionId{localValue:11, serverValue:268597}] to server ac-o2suyf6-shard-00-02.7qtbnuz.mongodb.net:27017
20:47:46.148 [async-channel-group-0-handler-executor] DEBUG org.mongodb.driver.protocol.command - Execution of command with request id 155 completed successfully in 55.39 ms on connection [connectionId{localValue:11, serverValue:268597}] to server ac-o2suyf6-shard-00-02.7qtbnuz.mongodb.net:27017
20:47:46.154 [DefaultDispatcher-worker-11 @coroutine#1069] DEBUG koin.repositories.turno.TurnoRepository - delete(63e69f613d878c607c73715a)
20:47:46.155 [AsyncGetter-5-thread-1] DEBUG org.mongodb.driver.protocol.command - Sending command '{"find": "turno", "filter": {"_id": {"$oid": "63e69f613d878c607c73715a"}}, "limit": 1, "singleBatch": true, "$db": "practica03mongoIvanLoli", "$clusterTime": {"clusterTime": {"$timestamp": {"t": 1676058462, "i": 11}}, "signature": {"hash": {"$binary": {"base64": "svcM8cIQOyDBbiop+ZDVK+oMZAc=", "subType": "00"}}, "keyId": 7161871216054108163}}, "lsid": {"id": {"$binary": {"base64": "sH556KejSCSwUATTPzPu5w==", "subType": "04"}}}}' with request id 156 to database practica03mongoIvanLoli on connection [connectionId{localValue:11, serverValue:268597}] to server ac-o2suyf6-shard-00-02.7qtbnuz.mongodb.net:27017
20:47:46.198 [async-channel-group-0-handler-executor] DEBUG org.mongodb.driver.protocol.command - Execution of command with request id 156 completed successfully in 44.07 ms on connection [connectionId{localValue:11, serverValue:268597}] to server ac-o2suyf6-shard-00-02.7qtbnuz.mongodb.net:27017
20:47:46.199 [async-channel-group-0-handler-executor] DEBUG org.mongodb.driver.operation - Received batch of 1 documents with cursorId 0 from server ac-o2suyf6-shard-00-02.7qtbnuz.mongodb.net:27017
20:47:46.201 [AsyncGetter-5-thread-1] DEBUG org.mongodb.driver.protocol.command - Sending command '{"delete": "turno", "ordered": true, "txnNumber": 52, "$db": "practica03mongoIvanLoli", "$clusterTime": {"clusterTime": {"$timestamp": {"t": 1676058462, "i": 11}}, "signature": {"hash": {"$binary": {"base64": "svcM8cIQOyDBbiop+ZDVK+oMZAc=", "subType": "00"}}, "keyId": 7161871216054108163}}, "lsid": {"id": {"$binary": {"base64": "sH556KejSCSwUATTPzPu5w==", "subType": "04"}}}, "deletes": [{"q": {"_id": {"$oid": "63e69f613d878c607c73715a"}}, "limit": 1}]}' with request id 157 to database practica03mongoIvanLoli on connection [connectionId{localValue:11, serverValue:268597}] to server ac-o2suyf6-shard-00-02.7qtbnuz.mongodb.net:27017
20:47:46.251 [async-channel-group-0-handler-executor] DEBUG org.mongodb.driver.protocol.command - Execution of command with request id 157 completed successfully in 49.72 ms on connection [connectionId{localValue:11, serverValue:268597}] to server ac-o2suyf6-shard-00-02.7qtbnuz.mongodb.net:27017
20:47:46.255 [AsyncGetter-5-thread-1] DEBUG org.mongodb.driver.protocol.command - Sending command '{"update": "turno", "ordered": true, "txnNumber": 53, "$db": "practica03mongoIvanLoli", "$clusterTime": {"clusterTime": {"$timestamp": {"t": 1676058462, "i": 12}}, "signature": {"hash": {"$binary": {"base64": "svcM8cIQOyDBbiop+ZDVK+oMZAc=", "subType": "00"}}, "keyId": 7161871216054108163}}, "lsid": {"id": {"$binary": {"base64": "sH556KejSCSwUATTPzPu5w==", "subType": "04"}}}, "updates": [{"q": {"_id": {"$oid": "63e69f613d878c607c73715a"}}, "u": {"_id": {"$oid": "63e69f613d878c607c73715a"}, "uuid": {"$binary": {"base64": "p0gZAGmNqZO8iuqWtQVPsw==", "subType": "03"}}, "workerId": {"$binary": {"base64": "p0gHAGmNqZOcg+qWtQVPsw==", "subType": "03"}}, "maquinaId": {"$binary": {"base64": "p0gIAGmNqZO7g+qWtQVPsw==", "subType": "03"}}, "horaInicio": {"$date": "2002-10-14T10:09:00Z"}, "horaFin": {"$date": "2002-10-14T16:49:00Z"}, "numPedidosActivos": 2, "tarea1Id": {"$binary": {"base64": "p0gVAGmNqZOriuqWtQVPsw==", "subType": "03"}}, "tarea2Id": {"$binary": {"base64": "p0gRAGmNqZPKg+qWtQVPsw==", ...' with request id 158 to database practica03mongoIvanLoli on connection [connectionId{localValue:11, serverValue:268597}] to server ac-o2suyf6-shard-00-02.7qtbnuz.mongodb.net:27017
20:47:46.306 [async-channel-group-0-handler-executor] DEBUG org.mongodb.driver.protocol.command - Execution of command with request id 158 completed successfully in 51.31 ms on connection [connectionId{localValue:11, serverValue:268597}] to server ac-o2suyf6-shard-00-02.7qtbnuz.mongodb.net:27017
20:47:46.312 [DefaultDispatcher-worker-11 @coroutine#1074] DEBUG koin.repositories.turno.TurnoRepository - findAll()
20:47:46.313 [AsyncGetter-5-thread-1] DEBUG org.mongodb.driver.protocol.command - Sending command '{"find": "turno", "filter": {}, "batchSize": 64, "$db": "practica03mongoIvanLoli", "$clusterTime": {"clusterTime": {"$timestamp": {"t": 1676058462, "i": 13}}, "signature": {"hash": {"$binary": {"base64": "svcM8cIQOyDBbiop+ZDVK+oMZAc=", "subType": "00"}}, "keyId": 7161871216054108163}}, "lsid": {"id": {"$binary": {"base64": "sH556KejSCSwUATTPzPu5w==", "subType": "04"}}}}' with request id 159 to database practica03mongoIvanLoli on connection [connectionId{localValue:11, serverValue:268597}] to server ac-o2suyf6-shard-00-02.7qtbnuz.mongodb.net:27017
20:47:46.357 [async-channel-group-0-handler-executor] DEBUG org.mongodb.driver.protocol.command - Execution of command with request id 159 completed successfully in 44.68 ms on connection [connectionId{localValue:11, serverValue:268597}] to server ac-o2suyf6-shard-00-02.7qtbnuz.mongodb.net:27017
20:47:46.358 [async-channel-group-0-handler-executor] DEBUG org.mongodb.driver.operation - Received batch of 1 documents with cursorId 0 from server ac-o2suyf6-shard-00-02.7qtbnuz.mongodb.net:27017
20:47:46.365 [AsyncGetter-5-thread-1] DEBUG org.mongodb.driver.protocol.command - Sending command '{"update": "turno", "ordered": true, "txnNumber": 54, "$db": "practica03mongoIvanLoli", "$clusterTime": {"clusterTime": {"$timestamp": {"t": 1676058462, "i": 14}}, "signature": {"hash": {"$binary": {"base64": "svcM8cIQOyDBbiop+ZDVK+oMZAc=", "subType": "00"}}, "keyId": 7161871216054108163}}, "lsid": {"id": {"$binary": {"base64": "sH556KejSCSwUATTPzPu5w==", "subType": "04"}}}, "updates": [{"q": {"_id": {"$oid": "63e69f613d878c607c73715a"}}, "u": {"_id": {"$oid": "63e69f613d878c607c73715a"}, "uuid": {"$binary": {"base64": "p0gZAGmNqZO8iuqWtQVPsw==", "subType": "03"}}, "workerId": {"$binary": {"base64": "p0gHAGmNqZOcg+qWtQVPsw==", "subType": "03"}}, "maquinaId": {"$binary": {"base64": "p0gIAGmNqZO7g+qWtQVPsw==", "subType": "03"}}, "horaInicio": {"$date": "2002-10-14T10:09:00Z"}, "horaFin": {"$date": "2002-10-14T16:49:00Z"}, "numPedidosActivos": 2, "tarea1Id": {"$binary": {"base64": "p0gVAGmNqZOriuqWtQVPsw==", "subType": "03"}}, "tarea2Id": {"$binary": {"base64": "p0gRAGmNqZPKg+qWtQVPsw==", ...' with request id 160 to database practica03mongoIvanLoli on connection [connectionId{localValue:11, serverValue:268597}] to server ac-o2suyf6-shard-00-02.7qtbnuz.mongodb.net:27017
20:47:46.410 [async-channel-group-0-handler-executor] DEBUG org.mongodb.driver.protocol.command - Execution of command with request id 160 completed successfully in 45.67 ms on connection [connectionId{localValue:11, serverValue:268597}] to server ac-o2suyf6-shard-00-02.7qtbnuz.mongodb.net:27017
20:47:46.415 [DefaultDispatcher-worker-11 @coroutine#1080] DEBUG koin.repositories.turno.TurnoRepository - findById(63e69f613d878c607c73715a)
20:47:46.417 [AsyncGetter-5-thread-1] DEBUG org.mongodb.driver.protocol.command - Sending command '{"find": "turno", "filter": {"_id": {"$oid": "63e69f613d878c607c73715a"}}, "limit": 1, "singleBatch": true, "$db": "practica03mongoIvanLoli", "$clusterTime": {"clusterTime": {"$timestamp": {"t": 1676058462, "i": 14}}, "signature": {"hash": {"$binary": {"base64": "svcM8cIQOyDBbiop+ZDVK+oMZAc=", "subType": "00"}}, "keyId": 7161871216054108163}}, "lsid": {"id": {"$binary": {"base64": "sH556KejSCSwUATTPzPu5w==", "subType": "04"}}}}' with request id 161 to database practica03mongoIvanLoli on connection [connectionId{localValue:11, serverValue:268597}] to server ac-o2suyf6-shard-00-02.7qtbnuz.mongodb.net:27017
20:47:46.459 [async-channel-group-0-handler-executor] DEBUG org.mongodb.driver.protocol.command - Execution of command with request id 161 completed successfully in 41.94 ms on connection [connectionId{localValue:11, serverValue:268597}] to server ac-o2suyf6-shard-00-02.7qtbnuz.mongodb.net:27017
20:47:46.460 [async-channel-group-0-handler-executor] DEBUG org.mongodb.driver.operation - Received batch of 1 documents with cursorId 0 from server ac-o2suyf6-shard-00-02.7qtbnuz.mongodb.net:27017
20:47:46.463 [AsyncGetter-5-thread-1] DEBUG org.mongodb.driver.protocol.command - Sending command '{"update": "turno", "ordered": true, "txnNumber": 55, "$db": "practica03mongoIvanLoli", "$clusterTime": {"clusterTime": {"$timestamp": {"t": 1676058462, "i": 14}}, "signature": {"hash": {"$binary": {"base64": "svcM8cIQOyDBbiop+ZDVK+oMZAc=", "subType": "00"}}, "keyId": 7161871216054108163}}, "lsid": {"id": {"$binary": {"base64": "sH556KejSCSwUATTPzPu5w==", "subType": "04"}}}, "updates": [{"q": {"_id": {"$oid": "63e69f613d878c607c73715a"}}, "u": {"_id": {"$oid": "63e69f613d878c607c73715a"}, "uuid": {"$binary": {"base64": "p0gZAGmNqZO8iuqWtQVPsw==", "subType": "03"}}, "workerId": {"$binary": {"base64": "p0gHAGmNqZOcg+qWtQVPsw==", "subType": "03"}}, "maquinaId": {"$binary": {"base64": "p0gIAGmNqZO7g+qWtQVPsw==", "subType": "03"}}, "horaInicio": {"$date": "2002-10-14T10:09:00Z"}, "horaFin": {"$date": "2002-10-14T16:49:00Z"}, "numPedidosActivos": 2, "tarea1Id": {"$binary": {"base64": "p0gVAGmNqZOriuqWtQVPsw==", "subType": "03"}}, "tarea2Id": {"$binary": {"base64": "p0gRAGmNqZPKg+qWtQVPsw==", ...' with request id 162 to database practica03mongoIvanLoli on connection [connectionId{localValue:11, serverValue:268597}] to server ac-o2suyf6-shard-00-02.7qtbnuz.mongodb.net:27017
20:47:46.509 [async-channel-group-0-handler-executor] DEBUG org.mongodb.driver.protocol.command - Execution of command with request id 162 completed successfully in 45.33 ms on connection [connectionId{localValue:11, serverValue:268597}] to server ac-o2suyf6-shard-00-02.7qtbnuz.mongodb.net:27017
20:47:46.515 [DefaultDispatcher-worker-11 @coroutine#1085] DEBUG koin.repositories.turno.TurnoRepository - findByUUID(93a98d69-0019-48a7-b34f-05b596ea8abc)
20:47:46.518 [AsyncGetter-5-thread-1] DEBUG org.mongodb.driver.protocol.command - Sending command '{"find": "turno", "filter": {}, "batchSize": 64, "$db": "practica03mongoIvanLoli", "$clusterTime": {"clusterTime": {"$timestamp": {"t": 1676058462, "i": 15}}, "signature": {"hash": {"$binary": {"base64": "svcM8cIQOyDBbiop+ZDVK+oMZAc=", "subType": "00"}}, "keyId": 7161871216054108163}}, "lsid": {"id": {"$binary": {"base64": "sH556KejSCSwUATTPzPu5w==", "subType": "04"}}}}' with request id 163 to database practica03mongoIvanLoli on connection [connectionId{localValue:11, serverValue:268597}] to server ac-o2suyf6-shard-00-02.7qtbnuz.mongodb.net:27017
20:47:46.563 [async-channel-group-0-handler-executor] DEBUG org.mongodb.driver.protocol.command - Execution of command with request id 163 completed successfully in 44.55 ms on connection [connectionId{localValue:11, serverValue:268597}] to server ac-o2suyf6-shard-00-02.7qtbnuz.mongodb.net:27017
20:47:46.563 [async-channel-group-0-handler-executor] DEBUG org.mongodb.driver.operation - Received batch of 1 documents with cursorId 0 from server ac-o2suyf6-shard-00-02.7qtbnuz.mongodb.net:27017
20:47:46.571 [AsyncGetter-5-thread-1] DEBUG org.mongodb.driver.protocol.command - Sending command '{"update": "turno", "ordered": true, "txnNumber": 56, "$db": "practica03mongoIvanLoli", "$clusterTime": {"clusterTime": {"$timestamp": {"t": 1676058462, "i": 15}}, "signature": {"hash": {"$binary": {"base64": "svcM8cIQOyDBbiop+ZDVK+oMZAc=", "subType": "00"}}, "keyId": 7161871216054108163}}, "lsid": {"id": {"$binary": {"base64": "sH556KejSCSwUATTPzPu5w==", "subType": "04"}}}, "updates": [{"q": {"_id": {"$oid": "63e69f613d878c607c73715a"}}, "u": {"_id": {"$oid": "63e69f613d878c607c73715a"}, "uuid": {"$binary": {"base64": "p0gZAGmNqZO8iuqWtQVPsw==", "subType": "03"}}, "workerId": {"$binary": {"base64": "p0gHAGmNqZOcg+qWtQVPsw==", "subType": "03"}}, "maquinaId": {"$binary": {"base64": "p0gIAGmNqZO7g+qWtQVPsw==", "subType": "03"}}, "horaInicio": {"$date": "2002-10-14T10:09:00Z"}, "horaFin": {"$date": "2002-10-14T16:49:00Z"}, "numPedidosActivos": 2, "tarea1Id": {"$binary": {"base64": "p0gVAGmNqZOriuqWtQVPsw==", "subType": "03"}}, "tarea2Id": {"$binary": {"base64": "p0gRAGmNqZPKg+qWtQVPsw==", ...' with request id 164 to database practica03mongoIvanLoli on connection [connectionId{localValue:11, serverValue:268597}] to server ac-o2suyf6-shard-00-02.7qtbnuz.mongodb.net:27017
20:47:46.615 [async-channel-group-0-handler-executor] DEBUG org.mongodb.driver.protocol.command - Execution of command with request id 164 completed successfully in 45.00 ms on connection [connectionId{localValue:11, serverValue:268597}] to server ac-o2suyf6-shard-00-02.7qtbnuz.mongodb.net:27017
20:47:46.621 [DefaultDispatcher-worker-11 @coroutine#1090] DEBUG koin.repositories.turno.TurnoRepository - save(Turno(id=63e69f613d878c607c73715a, uuid=93a98d69-0019-48a7-b34f-05b596ea8abc, workerId=93a98d69-0007-48a7-b34f-05b596ea839c, maquinaId=93a98d69-0008-48a7-b34f-05b596ea83bb, horaInicio=2002-10-14T10:09, horaFin=2002-10-14T16:49, numPedidosActivos=2, tarea1Id=93a98d69-0015-48a7-b34f-05b596ea8aab, tarea2Id=93a98d69-0011-48a7-b34f-05b596ea83ca, finalizado=false))
20:47:46.624 [AsyncGetter-5-thread-1] DEBUG org.mongodb.driver.protocol.command - Sending command '{"update": "turno", "ordered": true, "txnNumber": 57, "$db": "practica03mongoIvanLoli", "$clusterTime": {"clusterTime": {"$timestamp": {"t": 1676058462, "i": 15}}, "signature": {"hash": {"$binary": {"base64": "svcM8cIQOyDBbiop+ZDVK+oMZAc=", "subType": "00"}}, "keyId": 7161871216054108163}}, "lsid": {"id": {"$binary": {"base64": "sH556KejSCSwUATTPzPu5w==", "subType": "04"}}}, "updates": [{"q": {"_id": {"$oid": "63e69f613d878c607c73715a"}}, "u": {"_id": {"$oid": "63e69f613d878c607c73715a"}, "uuid": {"$binary": {"base64": "p0gZAGmNqZO8iuqWtQVPsw==", "subType": "03"}}, "workerId": {"$binary": {"base64": "p0gHAGmNqZOcg+qWtQVPsw==", "subType": "03"}}, "maquinaId": {"$binary": {"base64": "p0gIAGmNqZO7g+qWtQVPsw==", "subType": "03"}}, "horaInicio": {"$date": "2002-10-14T10:09:00Z"}, "horaFin": {"$date": "2002-10-14T16:49:00Z"}, "numPedidosActivos": 2, "tarea1Id": {"$binary": {"base64": "p0gVAGmNqZOriuqWtQVPsw==", "subType": "03"}}, "tarea2Id": {"$binary": {"base64": "p0gRAGmNqZPKg+qWtQVPsw==", ...' with request id 165 to database practica03mongoIvanLoli on connection [connectionId{localValue:11, serverValue:268597}] to server ac-o2suyf6-shard-00-02.7qtbnuz.mongodb.net:27017
20:47:46.680 [async-channel-group-0-handler-executor] DEBUG org.mongodb.driver.protocol.command - Execution of command with request id 165 completed successfully in 56.42 ms on connection [connectionId{localValue:11, serverValue:268597}] to server ac-o2suyf6-shard-00-02.7qtbnuz.mongodb.net:27017
20:47:46.686 [AsyncGetter-5-thread-1] DEBUG org.mongodb.driver.protocol.command - Sending command '{"update": "turno", "ordered": true, "txnNumber": 58, "$db": "practica03mongoIvanLoli", "$clusterTime": {"clusterTime": {"$timestamp": {"t": 1676058462, "i": 15}}, "signature": {"hash": {"$binary": {"base64": "svcM8cIQOyDBbiop+ZDVK+oMZAc=", "subType": "00"}}, "keyId": 7161871216054108163}}, "lsid": {"id": {"$binary": {"base64": "sH556KejSCSwUATTPzPu5w==", "subType": "04"}}}, "updates": [{"q": {"_id": {"$oid": "63e69f613d878c607c73715a"}}, "u": {"_id": {"$oid": "63e69f613d878c607c73715a"}, "uuid": {"$binary": {"base64": "p0gZAGmNqZO8iuqWtQVPsw==", "subType": "03"}}, "workerId": {"$binary": {"base64": "p0gHAGmNqZOcg+qWtQVPsw==", "subType": "03"}}, "maquinaId": {"$binary": {"base64": "p0gIAGmNqZO7g+qWtQVPsw==", "subType": "03"}}, "horaInicio": {"$date": "2002-10-14T10:09:00Z"}, "horaFin": {"$date": "2002-10-14T16:49:00Z"}, "numPedidosActivos": 2, "tarea1Id": {"$binary": {"base64": "p0gVAGmNqZOriuqWtQVPsw==", "subType": "03"}}, "tarea2Id": {"$binary": {"base64": "p0gRAGmNqZPKg+qWtQVPsw==", ...' with request id 166 to database practica03mongoIvanLoli on connection [connectionId{localValue:11, serverValue:268597}] to server ac-o2suyf6-shard-00-02.7qtbnuz.mongodb.net:27017
20:47:46.731 [async-channel-group-0-handler-executor] DEBUG org.mongodb.driver.protocol.command - Execution of command with request id 166 completed successfully in 45.24 ms on connection [connectionId{localValue:11, serverValue:268597}] to server ac-o2suyf6-shard-00-02.7qtbnuz.mongodb.net:27017
20:47:46.733 [DefaultDispatcher-worker-11 @coroutine#1095] DEBUG koin.repositories.turno.TurnoRepository - findById(63e69f623d878c607c73715b)
20:47:46.735 [AsyncGetter-5-thread-1] DEBUG org.mongodb.driver.protocol.command - Sending command '{"find": "turno", "filter": {"_id": {"$oid": "63e69f623d878c607c73715b"}}, "limit": 1, "singleBatch": true, "$db": "practica03mongoIvanLoli", "$clusterTime": {"clusterTime": {"$timestamp": {"t": 1676058463, "i": 1}}, "signature": {"hash": {"$binary": {"base64": "+sE0urVM2Zy58NOJLAwpx67c+Mk=", "subType": "00"}}, "keyId": 7161871216054108163}}, "lsid": {"id": {"$binary": {"base64": "sH556KejSCSwUATTPzPu5w==", "subType": "04"}}}}' with request id 167 to database practica03mongoIvanLoli on connection [connectionId{localValue:11, serverValue:268597}] to server ac-o2suyf6-shard-00-02.7qtbnuz.mongodb.net:27017
20:47:46.781 [async-channel-group-0-handler-executor] DEBUG org.mongodb.driver.protocol.command - Execution of command with request id 167 completed successfully in 46.49 ms on connection [connectionId{localValue:11, serverValue:268597}] to server ac-o2suyf6-shard-00-02.7qtbnuz.mongodb.net:27017
20:47:46.781 [async-channel-group-0-handler-executor] DEBUG org.mongodb.driver.operation - Received batch of 0 documents with cursorId 0 from server ac-o2suyf6-shard-00-02.7qtbnuz.mongodb.net:27017
20:47:46.784 [AsyncGetter-5-thread-1] DEBUG org.mongodb.driver.protocol.command - Sending command '{"update": "turno", "ordered": true, "txnNumber": 59, "$db": "practica03mongoIvanLoli", "$clusterTime": {"clusterTime": {"$timestamp": {"t": 1676058463, "i": 1}}, "signature": {"hash": {"$binary": {"base64": "+sE0urVM2Zy58NOJLAwpx67c+Mk=", "subType": "00"}}, "keyId": 7161871216054108163}}, "lsid": {"id": {"$binary": {"base64": "sH556KejSCSwUATTPzPu5w==", "subType": "04"}}}, "updates": [{"q": {"_id": {"$oid": "63e69f613d878c607c73715a"}}, "u": {"_id": {"$oid": "63e69f613d878c607c73715a"}, "uuid": {"$binary": {"base64": "p0gZAGmNqZO8iuqWtQVPsw==", "subType": "03"}}, "workerId": {"$binary": {"base64": "p0gHAGmNqZOcg+qWtQVPsw==", "subType": "03"}}, "maquinaId": {"$binary": {"base64": "p0gIAGmNqZO7g+qWtQVPsw==", "subType": "03"}}, "horaInicio": {"$date": "2002-10-14T10:09:00Z"}, "horaFin": {"$date": "2002-10-14T16:49:00Z"}, "numPedidosActivos": 2, "tarea1Id": {"$binary": {"base64": "p0gVAGmNqZOriuqWtQVPsw==", "subType": "03"}}, "tarea2Id": {"$binary": {"base64": "p0gRAGmNqZPKg+qWtQVPsw==",  ...' with request id 168 to database practica03mongoIvanLoli on connection [connectionId{localValue:11, serverValue:268597}] to server ac-o2suyf6-shard-00-02.7qtbnuz.mongodb.net:27017
20:47:46.827 [async-channel-group-0-handler-executor] DEBUG org.mongodb.driver.protocol.command - Execution of command with request id 168 completed successfully in 43.11 ms on connection [connectionId{localValue:11, serverValue:268597}] to server ac-o2suyf6-shard-00-02.7qtbnuz.mongodb.net:27017
20:47:46.830 [DefaultDispatcher-worker-11 @coroutine#1100] DEBUG koin.repositories.turno.TurnoRepository - delete(63e69f623d878c607c73715c)
20:47:46.832 [AsyncGetter-5-thread-1] DEBUG org.mongodb.driver.protocol.command - Sending command '{"find": "turno", "filter": {"_id": {"$oid": "63e69f623d878c607c73715c"}}, "limit": 1, "singleBatch": true, "$db": "practica03mongoIvanLoli", "$clusterTime": {"clusterTime": {"$timestamp": {"t": 1676058463, "i": 1}}, "signature": {"hash": {"$binary": {"base64": "+sE0urVM2Zy58NOJLAwpx67c+Mk=", "subType": "00"}}, "keyId": 7161871216054108163}}, "lsid": {"id": {"$binary": {"base64": "sH556KejSCSwUATTPzPu5w==", "subType": "04"}}}}' with request id 169 to database practica03mongoIvanLoli on connection [connectionId{localValue:11, serverValue:268597}] to server ac-o2suyf6-shard-00-02.7qtbnuz.mongodb.net:27017
20:47:46.904 [async-channel-group-0-handler-executor] DEBUG org.mongodb.driver.protocol.command - Execution of command with request id 169 completed successfully in 72.44 ms on connection [connectionId{localValue:11, serverValue:268597}] to server ac-o2suyf6-shard-00-02.7qtbnuz.mongodb.net:27017
20:47:46.904 [async-channel-group-0-handler-executor] DEBUG org.mongodb.driver.operation - Received batch of 0 documents with cursorId 0 from server ac-o2suyf6-shard-00-02.7qtbnuz.mongodb.net:27017
20:47:46.906 [AsyncGetter-5-thread-1] DEBUG org.mongodb.driver.protocol.command - Sending command '{"delete": "turno", "ordered": true, "txnNumber": 60, "$db": "practica03mongoIvanLoli", "$clusterTime": {"clusterTime": {"$timestamp": {"t": 1676058463, "i": 1}}, "signature": {"hash": {"$binary": {"base64": "+sE0urVM2Zy58NOJLAwpx67c+Mk=", "subType": "00"}}, "keyId": 7161871216054108163}}, "lsid": {"id": {"$binary": {"base64": "sH556KejSCSwUATTPzPu5w==", "subType": "04"}}}, "deletes": [{"q": {"_id": {"$oid": "63e69f623d878c607c73715c"}}, "limit": 1}]}' with request id 170 to database practica03mongoIvanLoli on connection [connectionId{localValue:11, serverValue:268597}] to server ac-o2suyf6-shard-00-02.7qtbnuz.mongodb.net:27017
20:47:46.948 [async-channel-group-0-handler-executor] DEBUG org.mongodb.driver.protocol.command - Execution of command with request id 170 completed successfully in 42.91 ms on connection [connectionId{localValue:11, serverValue:268597}] to server ac-o2suyf6-shard-00-02.7qtbnuz.mongodb.net:27017
20:47:46.951 [AsyncGetter-5-thread-1] DEBUG org.mongodb.driver.protocol.command - Sending command '{"drop": "turno", "$db": "practica03mongoIvanLoli", "$clusterTime": {"clusterTime": {"$timestamp": {"t": 1676058463, "i": 1}}, "signature": {"hash": {"$binary": {"base64": "+sE0urVM2Zy58NOJLAwpx67c+Mk=", "subType": "00"}}, "keyId": 7161871216054108163}}, "lsid": {"id": {"$binary": {"base64": "sH556KejSCSwUATTPzPu5w==", "subType": "04"}}}}' with request id 171 to database practica03mongoIvanLoli on connection [connectionId{localValue:11, serverValue:268597}] to server ac-o2suyf6-shard-00-02.7qtbnuz.mongodb.net:27017
20:47:47.004 [async-channel-group-0-handler-executor] DEBUG org.mongodb.driver.protocol.command - Execution of command with request id 171 completed successfully in 52.44 ms on connection [connectionId{localValue:11, serverValue:268597}] to server ac-o2suyf6-shard-00-02.7qtbnuz.mongodb.net:27017
]]></system-out>
  <system-err><![CDATA[]]></system-err>
</testsuite>
