<?xml version="1.0" encoding="UTF-8"?>
<testsuite name="koin.repositories.pedido.PedidoRepositoryTest" tests="7" skipped="0" failures="0" errors="0" timestamp="2023-02-02T22:41:51" hostname="LOLI-LAPTOP" time="0.823">
  <properties/>
  <testcase name="delete()" classname="koin.repositories.pedido.PedidoRepositoryTest" time="0.188"/>
  <testcase name="findAll()" classname="koin.repositories.pedido.PedidoRepositoryTest" time="0.099"/>
  <testcase name="findById()" classname="koin.repositories.pedido.PedidoRepositoryTest" time="0.105"/>
  <testcase name="findByUuid()" classname="koin.repositories.pedido.PedidoRepositoryTest" time="0.095"/>
  <testcase name="save()" classname="koin.repositories.pedido.PedidoRepositoryTest" time="0.096"/>
  <testcase name="findByIdNotExists()" classname="koin.repositories.pedido.PedidoRepositoryTest" time="0.091"/>
  <testcase name="deleteNotExists()" classname="koin.repositories.pedido.PedidoRepositoryTest" time="0.149"/>
  <system-out><![CDATA[23:41:51.494 [AsyncGetter-5-thread-1] DEBUG org.mongodb.driver.protocol.command - Sending command '{"drop": "pedido", "$db": "practica03mongoIvanLoli", "$clusterTime": {"clusterTime": {"$timestamp": {"t": 1675377711, "i": 3}}, "signature": {"hash": {"$binary": {"base64": "Cs4mhzpLYMYX9Siv1syaYWUAWn8=", "subType": "00"}}, "keyId": 7161871216054108163}}, "lsid": {"id": {"$binary": {"base64": "nuXtmKpPQPG6K0CQKaFtYQ==", "subType": "04"}}}}' with request id 91 to database practica03mongoIvanLoli on connection [connectionId{localValue:34, serverValue:127384}] to server ac-o2suyf6-shard-00-02.7qtbnuz.mongodb.net:27017
23:41:51.546 [async-channel-group-0-handler-executor] DEBUG org.mongodb.driver.protocol.command - Execution of command with request id 91 completed successfully in 51.88 ms on connection [connectionId{localValue:34, serverValue:127384}] to server ac-o2suyf6-shard-00-02.7qtbnuz.mongodb.net:27017
23:41:51.552 [AsyncGetter-5-thread-1] DEBUG org.mongodb.driver.protocol.command - Sending command '{"update": "pedido", "ordered": true, "txnNumber": 13, "$db": "practica03mongoIvanLoli", "$clusterTime": {"clusterTime": {"$timestamp": {"t": 1675377711, "i": 6}}, "signature": {"hash": {"$binary": {"base64": "Cs4mhzpLYMYX9Siv1syaYWUAWn8=", "subType": "00"}}, "keyId": 7161871216054108163}}, "lsid": {"id": {"$binary": {"base64": "nuXtmKpPQPG6K0CQKaFtYQ==", "subType": "04"}}}, "updates": [{"q": {"_id": {"$oid": "63dc3c2f1b23f96d9c839869"}}, "u": {"_id": {"$oid": "63dc3c2f1b23f96d9c839869"}, "uuid": {"$binary": {"base64": "p0gQAGmNqZPMiuqWtQVPsw==", "subType": "03"}}, "userId": {"$binary": {"base64": "p0gGAGmNqZOag+qWtQVPsw==", "subType": "03"}}, "state": "PROCESO", "fechaEntrada": {"$date": "2013-10-10T00:00:00Z"}, "fechaSalida": {"$date": "2023-12-12T00:00:00Z"}, "topeEntrega": {"$date": "2023-12-14T00:00:00Z"}, "precio": 0.0}, "upsert": true}]}' with request id 92 to database practica03mongoIvanLoli on connection [connectionId{localValue:34, serverValue:127384}] to server ac-o2suyf6-shard-00-02.7qtbnuz.mongodb.net:27017
23:41:51.635 [async-channel-group-0-handler-executor] DEBUG org.mongodb.driver.protocol.command - Execution of command with request id 92 completed successfully in 83.19 ms on connection [connectionId{localValue:34, serverValue:127384}] to server ac-o2suyf6-shard-00-02.7qtbnuz.mongodb.net:27017
23:41:51.641 [DefaultDispatcher-worker-1 @coroutine#754] DEBUG koin.repositories.pedido.PedidoRepository - delete(63dc3c2f1b23f96d9c839869)
23:41:51.643 [AsyncGetter-5-thread-1] DEBUG org.mongodb.driver.protocol.command - Sending command '{"find": "pedido", "filter": {"_id": {"$oid": "63dc3c2f1b23f96d9c839869"}}, "limit": 1, "singleBatch": true, "$db": "practica03mongoIvanLoli", "$clusterTime": {"clusterTime": {"$timestamp": {"t": 1675377711, "i": 8}}, "signature": {"hash": {"$binary": {"base64": "Cs4mhzpLYMYX9Siv1syaYWUAWn8=", "subType": "00"}}, "keyId": 7161871216054108163}}, "lsid": {"id": {"$binary": {"base64": "nuXtmKpPQPG6K0CQKaFtYQ==", "subType": "04"}}}}' with request id 93 to database practica03mongoIvanLoli on connection [connectionId{localValue:34, serverValue:127384}] to server ac-o2suyf6-shard-00-02.7qtbnuz.mongodb.net:27017
23:41:51.683 [async-channel-group-0-handler-executor] DEBUG org.mongodb.driver.protocol.command - Execution of command with request id 93 completed successfully in 40.59 ms on connection [connectionId{localValue:34, serverValue:127384}] to server ac-o2suyf6-shard-00-02.7qtbnuz.mongodb.net:27017
23:41:51.684 [async-channel-group-0-handler-executor] DEBUG org.mongodb.driver.operation - Received batch of 1 documents with cursorId 0 from server ac-o2suyf6-shard-00-02.7qtbnuz.mongodb.net:27017
23:41:51.685 [AsyncGetter-5-thread-1] DEBUG org.mongodb.driver.protocol.command - Sending command '{"delete": "pedido", "ordered": true, "txnNumber": 14, "$db": "practica03mongoIvanLoli", "$clusterTime": {"clusterTime": {"$timestamp": {"t": 1675377711, "i": 8}}, "signature": {"hash": {"$binary": {"base64": "Cs4mhzpLYMYX9Siv1syaYWUAWn8=", "subType": "00"}}, "keyId": 7161871216054108163}}, "lsid": {"id": {"$binary": {"base64": "nuXtmKpPQPG6K0CQKaFtYQ==", "subType": "04"}}}, "deletes": [{"q": {"_id": {"$oid": "63dc3c2f1b23f96d9c839869"}}, "limit": 1}]}' with request id 94 to database practica03mongoIvanLoli on connection [connectionId{localValue:34, serverValue:127384}] to server ac-o2suyf6-shard-00-02.7qtbnuz.mongodb.net:27017
23:41:51.731 [async-channel-group-0-handler-executor] DEBUG org.mongodb.driver.protocol.command - Execution of command with request id 94 completed successfully in 45.68 ms on connection [connectionId{localValue:34, serverValue:127384}] to server ac-o2suyf6-shard-00-02.7qtbnuz.mongodb.net:27017
23:41:51.736 [AsyncGetter-5-thread-1] DEBUG org.mongodb.driver.protocol.command - Sending command '{"update": "pedido", "ordered": true, "txnNumber": 15, "$db": "practica03mongoIvanLoli", "$clusterTime": {"clusterTime": {"$timestamp": {"t": 1675377711, "i": 9}}, "signature": {"hash": {"$binary": {"base64": "Cs4mhzpLYMYX9Siv1syaYWUAWn8=", "subType": "00"}}, "keyId": 7161871216054108163}}, "lsid": {"id": {"$binary": {"base64": "nuXtmKpPQPG6K0CQKaFtYQ==", "subType": "04"}}}, "updates": [{"q": {"_id": {"$oid": "63dc3c2f1b23f96d9c839869"}}, "u": {"_id": {"$oid": "63dc3c2f1b23f96d9c839869"}, "uuid": {"$binary": {"base64": "p0gQAGmNqZPMiuqWtQVPsw==", "subType": "03"}}, "userId": {"$binary": {"base64": "p0gGAGmNqZOag+qWtQVPsw==", "subType": "03"}}, "state": "PROCESO", "fechaEntrada": {"$date": "2013-10-10T00:00:00Z"}, "fechaSalida": {"$date": "2023-12-12T00:00:00Z"}, "topeEntrega": {"$date": "2023-12-14T00:00:00Z"}, "precio": 0.0}, "upsert": true}]}' with request id 95 to database practica03mongoIvanLoli on connection [connectionId{localValue:34, serverValue:127384}] to server ac-o2suyf6-shard-00-02.7qtbnuz.mongodb.net:27017
23:41:51.782 [async-channel-group-0-handler-executor] DEBUG org.mongodb.driver.protocol.command - Execution of command with request id 95 completed successfully in 46.31 ms on connection [connectionId{localValue:34, serverValue:127384}] to server ac-o2suyf6-shard-00-02.7qtbnuz.mongodb.net:27017
23:41:51.788 [DefaultDispatcher-worker-1 @coroutine#759] DEBUG koin.repositories.pedido.PedidoRepository - findAll()
23:41:51.790 [AsyncGetter-5-thread-1] DEBUG org.mongodb.driver.protocol.command - Sending command '{"find": "pedido", "filter": {}, "batchSize": 64, "$db": "practica03mongoIvanLoli", "$clusterTime": {"clusterTime": {"$timestamp": {"t": 1675377711, "i": 11}}, "signature": {"hash": {"$binary": {"base64": "Cs4mhzpLYMYX9Siv1syaYWUAWn8=", "subType": "00"}}, "keyId": 7161871216054108163}}, "lsid": {"id": {"$binary": {"base64": "nuXtmKpPQPG6K0CQKaFtYQ==", "subType": "04"}}}}' with request id 96 to database practica03mongoIvanLoli on connection [connectionId{localValue:34, serverValue:127384}] to server ac-o2suyf6-shard-00-02.7qtbnuz.mongodb.net:27017
23:41:51.830 [async-channel-group-0-handler-executor] DEBUG org.mongodb.driver.protocol.command - Execution of command with request id 96 completed successfully in 39.96 ms on connection [connectionId{localValue:34, serverValue:127384}] to server ac-o2suyf6-shard-00-02.7qtbnuz.mongodb.net:27017
23:41:51.830 [async-channel-group-0-handler-executor] DEBUG org.mongodb.driver.operation - Received batch of 1 documents with cursorId 0 from server ac-o2suyf6-shard-00-02.7qtbnuz.mongodb.net:27017
23:41:51.836 [AsyncGetter-5-thread-1] DEBUG org.mongodb.driver.protocol.command - Sending command '{"update": "pedido", "ordered": true, "txnNumber": 16, "$db": "practica03mongoIvanLoli", "$clusterTime": {"clusterTime": {"$timestamp": {"t": 1675377711, "i": 12}}, "signature": {"hash": {"$binary": {"base64": "Cs4mhzpLYMYX9Siv1syaYWUAWn8=", "subType": "00"}}, "keyId": 7161871216054108163}}, "lsid": {"id": {"$binary": {"base64": "nuXtmKpPQPG6K0CQKaFtYQ==", "subType": "04"}}}, "updates": [{"q": {"_id": {"$oid": "63dc3c2f1b23f96d9c839869"}}, "u": {"_id": {"$oid": "63dc3c2f1b23f96d9c839869"}, "uuid": {"$binary": {"base64": "p0gQAGmNqZPMiuqWtQVPsw==", "subType": "03"}}, "userId": {"$binary": {"base64": "p0gGAGmNqZOag+qWtQVPsw==", "subType": "03"}}, "state": "PROCESO", "fechaEntrada": {"$date": "2013-10-10T00:00:00Z"}, "fechaSalida": {"$date": "2023-12-12T00:00:00Z"}, "topeEntrega": {"$date": "2023-12-14T00:00:00Z"}, "precio": 0.0}, "upsert": true}]}' with request id 97 to database practica03mongoIvanLoli on connection [connectionId{localValue:34, serverValue:127384}] to server ac-o2suyf6-shard-00-02.7qtbnuz.mongodb.net:27017
23:41:51.876 [async-channel-group-0-handler-executor] DEBUG org.mongodb.driver.protocol.command - Execution of command with request id 97 completed successfully in 40.56 ms on connection [connectionId{localValue:34, serverValue:127384}] to server ac-o2suyf6-shard-00-02.7qtbnuz.mongodb.net:27017
23:41:51.882 [DefaultDispatcher-worker-1 @coroutine#765] DEBUG koin.repositories.pedido.PedidoRepository - findById(63dc3c2f1b23f96d9c839869)
23:41:51.885 [AsyncGetter-5-thread-1] DEBUG org.mongodb.driver.protocol.command - Sending command '{"find": "pedido", "filter": {"_id": {"$oid": "63dc3c2f1b23f96d9c839869"}}, "limit": 1, "singleBatch": true, "$db": "practica03mongoIvanLoli", "$clusterTime": {"clusterTime": {"$timestamp": {"t": 1675377711, "i": 12}}, "signature": {"hash": {"$binary": {"base64": "Cs4mhzpLYMYX9Siv1syaYWUAWn8=", "subType": "00"}}, "keyId": 7161871216054108163}}, "lsid": {"id": {"$binary": {"base64": "nuXtmKpPQPG6K0CQKaFtYQ==", "subType": "04"}}}}' with request id 98 to database practica03mongoIvanLoli on connection [connectionId{localValue:34, serverValue:127384}] to server ac-o2suyf6-shard-00-02.7qtbnuz.mongodb.net:27017
23:41:51.936 [async-channel-group-0-handler-executor] DEBUG org.mongodb.driver.protocol.command - Execution of command with request id 98 completed successfully in 51.68 ms on connection [connectionId{localValue:34, serverValue:127384}] to server ac-o2suyf6-shard-00-02.7qtbnuz.mongodb.net:27017
23:41:51.936 [async-channel-group-0-handler-executor] DEBUG org.mongodb.driver.operation - Received batch of 1 documents with cursorId 0 from server ac-o2suyf6-shard-00-02.7qtbnuz.mongodb.net:27017
23:41:51.941 [AsyncGetter-5-thread-1] DEBUG org.mongodb.driver.protocol.command - Sending command '{"update": "pedido", "ordered": true, "txnNumber": 17, "$db": "practica03mongoIvanLoli", "$clusterTime": {"clusterTime": {"$timestamp": {"t": 1675377711, "i": 12}}, "signature": {"hash": {"$binary": {"base64": "Cs4mhzpLYMYX9Siv1syaYWUAWn8=", "subType": "00"}}, "keyId": 7161871216054108163}}, "lsid": {"id": {"$binary": {"base64": "nuXtmKpPQPG6K0CQKaFtYQ==", "subType": "04"}}}, "updates": [{"q": {"_id": {"$oid": "63dc3c2f1b23f96d9c839869"}}, "u": {"_id": {"$oid": "63dc3c2f1b23f96d9c839869"}, "uuid": {"$binary": {"base64": "p0gQAGmNqZPMiuqWtQVPsw==", "subType": "03"}}, "userId": {"$binary": {"base64": "p0gGAGmNqZOag+qWtQVPsw==", "subType": "03"}}, "state": "PROCESO", "fechaEntrada": {"$date": "2013-10-10T00:00:00Z"}, "fechaSalida": {"$date": "2023-12-12T00:00:00Z"}, "topeEntrega": {"$date": "2023-12-14T00:00:00Z"}, "precio": 0.0}, "upsert": true}]}' with request id 99 to database practica03mongoIvanLoli on connection [connectionId{localValue:34, serverValue:127384}] to server ac-o2suyf6-shard-00-02.7qtbnuz.mongodb.net:27017
23:41:51.982 [async-channel-group-0-handler-executor] DEBUG org.mongodb.driver.protocol.command - Execution of command with request id 99 completed successfully in 41.03 ms on connection [connectionId{localValue:34, serverValue:127384}] to server ac-o2suyf6-shard-00-02.7qtbnuz.mongodb.net:27017
23:41:51.985 [DefaultDispatcher-worker-1 @coroutine#770] DEBUG koin.repositories.pedido.PedidoRepository - findByUUID(93a98d69-0010-48a7-b34f-05b596ea8acc)
23:41:51.986 [AsyncGetter-5-thread-1] DEBUG org.mongodb.driver.protocol.command - Sending command '{"find": "pedido", "filter": {}, "batchSize": 64, "$db": "practica03mongoIvanLoli", "$clusterTime": {"clusterTime": {"$timestamp": {"t": 1675377711, "i": 12}}, "signature": {"hash": {"$binary": {"base64": "Cs4mhzpLYMYX9Siv1syaYWUAWn8=", "subType": "00"}}, "keyId": 7161871216054108163}}, "lsid": {"id": {"$binary": {"base64": "nuXtmKpPQPG6K0CQKaFtYQ==", "subType": "04"}}}}' with request id 100 to database practica03mongoIvanLoli on connection [connectionId{localValue:34, serverValue:127384}] to server ac-o2suyf6-shard-00-02.7qtbnuz.mongodb.net:27017
23:41:52.028 [async-channel-group-0-handler-executor] DEBUG org.mongodb.driver.protocol.command - Execution of command with request id 100 completed successfully in 42.37 ms on connection [connectionId{localValue:34, serverValue:127384}] to server ac-o2suyf6-shard-00-02.7qtbnuz.mongodb.net:27017
23:41:52.029 [async-channel-group-0-handler-executor] DEBUG org.mongodb.driver.operation - Received batch of 1 documents with cursorId 0 from server ac-o2suyf6-shard-00-02.7qtbnuz.mongodb.net:27017
23:41:52.035 [AsyncGetter-5-thread-1] DEBUG org.mongodb.driver.protocol.command - Sending command '{"update": "pedido", "ordered": true, "txnNumber": 18, "$db": "practica03mongoIvanLoli", "$clusterTime": {"clusterTime": {"$timestamp": {"t": 1675377711, "i": 12}}, "signature": {"hash": {"$binary": {"base64": "Cs4mhzpLYMYX9Siv1syaYWUAWn8=", "subType": "00"}}, "keyId": 7161871216054108163}}, "lsid": {"id": {"$binary": {"base64": "nuXtmKpPQPG6K0CQKaFtYQ==", "subType": "04"}}}, "updates": [{"q": {"_id": {"$oid": "63dc3c2f1b23f96d9c839869"}}, "u": {"_id": {"$oid": "63dc3c2f1b23f96d9c839869"}, "uuid": {"$binary": {"base64": "p0gQAGmNqZPMiuqWtQVPsw==", "subType": "03"}}, "userId": {"$binary": {"base64": "p0gGAGmNqZOag+qWtQVPsw==", "subType": "03"}}, "state": "PROCESO", "fechaEntrada": {"$date": "2013-10-10T00:00:00Z"}, "fechaSalida": {"$date": "2023-12-12T00:00:00Z"}, "topeEntrega": {"$date": "2023-12-14T00:00:00Z"}, "precio": 0.0}, "upsert": true}]}' with request id 101 to database practica03mongoIvanLoli on connection [connectionId{localValue:34, serverValue:127384}] to server ac-o2suyf6-shard-00-02.7qtbnuz.mongodb.net:27017
23:41:52.077 [async-channel-group-0-handler-executor] DEBUG org.mongodb.driver.protocol.command - Execution of command with request id 101 completed successfully in 42.37 ms on connection [connectionId{localValue:34, serverValue:127384}] to server ac-o2suyf6-shard-00-02.7qtbnuz.mongodb.net:27017
23:41:52.083 [DefaultDispatcher-worker-1 @coroutine#775] DEBUG koin.repositories.pedido.PedidoRepository - save(Pedido(id=63dc3c2f1b23f96d9c839869, uuid=93a98d69-0010-48a7-b34f-05b596ea8acc, userId=93a98d69-0006-48a7-b34f-05b596ea839a, state=PROCESO, fechaEntrada=2013-10-10, fechaSalida=2023-12-12, topeEntrega=2023-12-14, precio=0.0))
23:41:52.085 [AsyncGetter-5-thread-1] DEBUG org.mongodb.driver.protocol.command - Sending command '{"update": "pedido", "ordered": true, "txnNumber": 19, "$db": "practica03mongoIvanLoli", "$clusterTime": {"clusterTime": {"$timestamp": {"t": 1675377711, "i": 12}}, "signature": {"hash": {"$binary": {"base64": "Cs4mhzpLYMYX9Siv1syaYWUAWn8=", "subType": "00"}}, "keyId": 7161871216054108163}}, "lsid": {"id": {"$binary": {"base64": "nuXtmKpPQPG6K0CQKaFtYQ==", "subType": "04"}}}, "updates": [{"q": {"_id": {"$oid": "63dc3c2f1b23f96d9c839869"}}, "u": {"_id": {"$oid": "63dc3c2f1b23f96d9c839869"}, "uuid": {"$binary": {"base64": "p0gQAGmNqZPMiuqWtQVPsw==", "subType": "03"}}, "userId": {"$binary": {"base64": "p0gGAGmNqZOag+qWtQVPsw==", "subType": "03"}}, "state": "PROCESO", "fechaEntrada": {"$date": "2013-10-10T00:00:00Z"}, "fechaSalida": {"$date": "2023-12-12T00:00:00Z"}, "topeEntrega": {"$date": "2023-12-14T00:00:00Z"}, "precio": 0.0}, "upsert": true}]}' with request id 102 to database practica03mongoIvanLoli on connection [connectionId{localValue:34, serverValue:127384}] to server ac-o2suyf6-shard-00-02.7qtbnuz.mongodb.net:27017
23:41:52.126 [async-channel-group-0-handler-executor] DEBUG org.mongodb.driver.protocol.command - Execution of command with request id 102 completed successfully in 40.97 ms on connection [connectionId{localValue:34, serverValue:127384}] to server ac-o2suyf6-shard-00-02.7qtbnuz.mongodb.net:27017
23:41:52.131 [AsyncGetter-5-thread-1] DEBUG org.mongodb.driver.protocol.command - Sending command '{"update": "pedido", "ordered": true, "txnNumber": 20, "$db": "practica03mongoIvanLoli", "$clusterTime": {"clusterTime": {"$timestamp": {"t": 1675377711, "i": 12}}, "signature": {"hash": {"$binary": {"base64": "Cs4mhzpLYMYX9Siv1syaYWUAWn8=", "subType": "00"}}, "keyId": 7161871216054108163}}, "lsid": {"id": {"$binary": {"base64": "nuXtmKpPQPG6K0CQKaFtYQ==", "subType": "04"}}}, "updates": [{"q": {"_id": {"$oid": "63dc3c2f1b23f96d9c839869"}}, "u": {"_id": {"$oid": "63dc3c2f1b23f96d9c839869"}, "uuid": {"$binary": {"base64": "p0gQAGmNqZPMiuqWtQVPsw==", "subType": "03"}}, "userId": {"$binary": {"base64": "p0gGAGmNqZOag+qWtQVPsw==", "subType": "03"}}, "state": "PROCESO", "fechaEntrada": {"$date": "2013-10-10T00:00:00Z"}, "fechaSalida": {"$date": "2023-12-12T00:00:00Z"}, "topeEntrega": {"$date": "2023-12-14T00:00:00Z"}, "precio": 0.0}, "upsert": true}]}' with request id 103 to database practica03mongoIvanLoli on connection [connectionId{localValue:34, serverValue:127384}] to server ac-o2suyf6-shard-00-02.7qtbnuz.mongodb.net:27017
23:41:52.172 [async-channel-group-0-handler-executor] DEBUG org.mongodb.driver.protocol.command - Execution of command with request id 103 completed successfully in 41.48 ms on connection [connectionId{localValue:34, serverValue:127384}] to server ac-o2suyf6-shard-00-02.7qtbnuz.mongodb.net:27017
23:41:52.177 [DefaultDispatcher-worker-1 @coroutine#780] DEBUG koin.repositories.pedido.PedidoRepository - findById(63dc3c301b23f96d9c83986a)
23:41:52.179 [AsyncGetter-5-thread-1] DEBUG org.mongodb.driver.protocol.command - Sending command '{"find": "pedido", "filter": {"_id": {"$oid": "63dc3c301b23f96d9c83986a"}}, "limit": 1, "singleBatch": true, "$db": "practica03mongoIvanLoli", "$clusterTime": {"clusterTime": {"$timestamp": {"t": 1675377711, "i": 12}}, "signature": {"hash": {"$binary": {"base64": "Cs4mhzpLYMYX9Siv1syaYWUAWn8=", "subType": "00"}}, "keyId": 7161871216054108163}}, "lsid": {"id": {"$binary": {"base64": "nuXtmKpPQPG6K0CQKaFtYQ==", "subType": "04"}}}}' with request id 104 to database practica03mongoIvanLoli on connection [connectionId{localValue:34, serverValue:127384}] to server ac-o2suyf6-shard-00-02.7qtbnuz.mongodb.net:27017
23:41:52.219 [async-channel-group-0-handler-executor] DEBUG org.mongodb.driver.protocol.command - Execution of command with request id 104 completed successfully in 40.94 ms on connection [connectionId{localValue:34, serverValue:127384}] to server ac-o2suyf6-shard-00-02.7qtbnuz.mongodb.net:27017
23:41:52.220 [async-channel-group-0-handler-executor] DEBUG org.mongodb.driver.operation - Received batch of 0 documents with cursorId 0 from server ac-o2suyf6-shard-00-02.7qtbnuz.mongodb.net:27017
23:41:52.223 [AsyncGetter-5-thread-1] DEBUG org.mongodb.driver.protocol.command - Sending command '{"update": "pedido", "ordered": true, "txnNumber": 21, "$db": "practica03mongoIvanLoli", "$clusterTime": {"clusterTime": {"$timestamp": {"t": 1675377711, "i": 12}}, "signature": {"hash": {"$binary": {"base64": "Cs4mhzpLYMYX9Siv1syaYWUAWn8=", "subType": "00"}}, "keyId": 7161871216054108163}}, "lsid": {"id": {"$binary": {"base64": "nuXtmKpPQPG6K0CQKaFtYQ==", "subType": "04"}}}, "updates": [{"q": {"_id": {"$oid": "63dc3c2f1b23f96d9c839869"}}, "u": {"_id": {"$oid": "63dc3c2f1b23f96d9c839869"}, "uuid": {"$binary": {"base64": "p0gQAGmNqZPMiuqWtQVPsw==", "subType": "03"}}, "userId": {"$binary": {"base64": "p0gGAGmNqZOag+qWtQVPsw==", "subType": "03"}}, "state": "PROCESO", "fechaEntrada": {"$date": "2013-10-10T00:00:00Z"}, "fechaSalida": {"$date": "2023-12-12T00:00:00Z"}, "topeEntrega": {"$date": "2023-12-14T00:00:00Z"}, "precio": 0.0}, "upsert": true}]}' with request id 105 to database practica03mongoIvanLoli on connection [connectionId{localValue:34, serverValue:127384}] to server ac-o2suyf6-shard-00-02.7qtbnuz.mongodb.net:27017
23:41:52.272 [async-channel-group-0-handler-executor] DEBUG org.mongodb.driver.protocol.command - Execution of command with request id 105 completed successfully in 49.72 ms on connection [connectionId{localValue:34, serverValue:127384}] to server ac-o2suyf6-shard-00-02.7qtbnuz.mongodb.net:27017
23:41:52.276 [DefaultDispatcher-worker-1 @coroutine#785] DEBUG koin.repositories.pedido.PedidoRepository - delete(63dc3c301b23f96d9c83986b)
23:41:52.278 [AsyncGetter-5-thread-1] DEBUG org.mongodb.driver.protocol.command - Sending command '{"find": "pedido", "filter": {"_id": {"$oid": "63dc3c301b23f96d9c83986b"}}, "limit": 1, "singleBatch": true, "$db": "practica03mongoIvanLoli", "$clusterTime": {"clusterTime": {"$timestamp": {"t": 1675377711, "i": 12}}, "signature": {"hash": {"$binary": {"base64": "Cs4mhzpLYMYX9Siv1syaYWUAWn8=", "subType": "00"}}, "keyId": 7161871216054108163}}, "lsid": {"id": {"$binary": {"base64": "nuXtmKpPQPG6K0CQKaFtYQ==", "subType": "04"}}}}' with request id 106 to database practica03mongoIvanLoli on connection [connectionId{localValue:34, serverValue:127384}] to server ac-o2suyf6-shard-00-02.7qtbnuz.mongodb.net:27017
23:41:52.319 [async-channel-group-0-handler-executor] DEBUG org.mongodb.driver.protocol.command - Execution of command with request id 106 completed successfully in 41.51 ms on connection [connectionId{localValue:34, serverValue:127384}] to server ac-o2suyf6-shard-00-02.7qtbnuz.mongodb.net:27017
23:41:52.319 [async-channel-group-0-handler-executor] DEBUG org.mongodb.driver.operation - Received batch of 0 documents with cursorId 0 from server ac-o2suyf6-shard-00-02.7qtbnuz.mongodb.net:27017
23:41:52.324 [AsyncGetter-5-thread-1] DEBUG org.mongodb.driver.protocol.command - Sending command '{"delete": "pedido", "ordered": true, "txnNumber": 22, "$db": "practica03mongoIvanLoli", "$clusterTime": {"clusterTime": {"$timestamp": {"t": 1675377711, "i": 12}}, "signature": {"hash": {"$binary": {"base64": "Cs4mhzpLYMYX9Siv1syaYWUAWn8=", "subType": "00"}}, "keyId": 7161871216054108163}}, "lsid": {"id": {"$binary": {"base64": "nuXtmKpPQPG6K0CQKaFtYQ==", "subType": "04"}}}, "deletes": [{"q": {"_id": {"$oid": "63dc3c301b23f96d9c83986b"}}, "limit": 1}]}' with request id 107 to database practica03mongoIvanLoli on connection [connectionId{localValue:34, serverValue:127384}] to server ac-o2suyf6-shard-00-02.7qtbnuz.mongodb.net:27017
23:41:52.368 [async-channel-group-0-handler-executor] DEBUG org.mongodb.driver.protocol.command - Execution of command with request id 107 completed successfully in 44.33 ms on connection [connectionId{localValue:34, serverValue:127384}] to server ac-o2suyf6-shard-00-02.7qtbnuz.mongodb.net:27017
23:41:52.371 [AsyncGetter-5-thread-1] DEBUG org.mongodb.driver.protocol.command - Sending command '{"drop": "pedido", "$db": "practica03mongoIvanLoli", "$clusterTime": {"clusterTime": {"$timestamp": {"t": 1675377712, "i": 1}}, "signature": {"hash": {"$binary": {"base64": "jscmVWj+guqlqqNjL6EX6J3M1P4=", "subType": "00"}}, "keyId": 7161871216054108163}}, "lsid": {"id": {"$binary": {"base64": "nuXtmKpPQPG6K0CQKaFtYQ==", "subType": "04"}}}}' with request id 108 to database practica03mongoIvanLoli on connection [connectionId{localValue:34, serverValue:127384}] to server ac-o2suyf6-shard-00-02.7qtbnuz.mongodb.net:27017
23:41:52.436 [async-channel-group-0-handler-executor] DEBUG org.mongodb.driver.protocol.command - Execution of command with request id 108 completed successfully in 64.17 ms on connection [connectionId{localValue:34, serverValue:127384}] to server ac-o2suyf6-shard-00-02.7qtbnuz.mongodb.net:27017
]]></system-out>
  <system-err><![CDATA[]]></system-err>
</testsuite>
