<?xml version="1.0" encoding="UTF-8"?>
<testsuite name="koin.repositories.user.UserRepositoryCachedTest" tests="11" skipped="0" failures="0" errors="0" timestamp="2023-02-10T19:47:47" hostname="LOLI-LAPTOP" time="9.595">
  <properties/>
  <testcase name="delete()" classname="koin.repositories.user.UserRepositoryCachedTest" time="0.019"/>
  <testcase name="findAll()" classname="koin.repositories.user.UserRepositoryCachedTest" time="3.019"/>
  <testcase name="findById()" classname="koin.repositories.user.UserRepositoryCachedTest" time="0.007"/>
  <testcase name="findByUUID()" classname="koin.repositories.user.UserRepositoryCachedTest" time="0.009"/>
  <testcase name="save()" classname="koin.repositories.user.UserRepositoryCachedTest" time="0.007"/>
  <testcase name="findByUUIDNotExists()" classname="koin.repositories.user.UserRepositoryCachedTest" time="0.006"/>
  <testcase name="findByIdNotExists()" classname="koin.repositories.user.UserRepositoryCachedTest" time="0.004"/>
  <testcase name="findByEmail()" classname="koin.repositories.user.UserRepositoryCachedTest" time="3.043"/>
  <testcase name="findByPhone()" classname="koin.repositories.user.UserRepositoryCachedTest" time="3.052"/>
  <testcase name="findByIdNumerical()" classname="koin.repositories.user.UserRepositoryCachedTest" time="0.417"/>
  <testcase name="setInactive()" classname="koin.repositories.user.UserRepositoryCachedTest" time="0.011"/>
  <system-out><![CDATA[20:47:47.010 [Test worker] DEBUG koin.services.cache.user.UserCache - Initializing UserCache...
20:47:47.014 [Test worker] DEBUG io.mockk.impl.instantiation.AbstractMockFactory - Creating spyk for UserCache name=cache#725
20:47:47.044 [Test worker] DEBUG io.mockk.impl.instantiation.AbstractMockFactory - Creating mockk for UserRepository name=repo#726
20:47:47.082 [DefaultDispatcher-worker-6 @coroutine#1104] DEBUG io.mockk.impl.recording.states.AnsweringState - Answering 60000 on UserCache(cache#725).getRefreshTime()
20:47:47.086 [Test worker @coroutine#1105] DEBUG io.mockk.impl.instantiation.AbstractMockFactory - Creating mockk for User name=child of repo#726#727
20:47:47.091 [Test worker @coroutine#1105] DEBUG io.mockk.impl.instantiation.AbstractMockFactory - Creating mockk for User name=child of repo#726#728
20:47:47.093 [DefaultDispatcher-worker-6] DEBUG io.mockk.impl.recording.states.AnsweringState - Answering User(id=63e69f633d878c607c73715d, uuid=93a98d69-0000-1111-0000-05b596ea83ba, nombre=loli, apellido=test, telefono=123456789, email=loli@test.com, password=lolitest, perfil=ADMIN, activo=true) on UserRepository(repo#726).delete(63e69f633d878c607c73715d, continuation {})
20:47:47.095 [DefaultDispatcher-worker-6] DEBUG io.mockk.impl.recording.states.AnsweringState - Answering io.github.reactivecircus.cache4k.RealCache@ea31072 on UserCache(cache#725).getCache()
20:47:47.101 [Test worker @coroutine#1113] DEBUG io.mockk.impl.instantiation.AbstractMockFactory - Creating mockk for Flow name=child of repo#726#729
20:47:47.104 [DefaultDispatcher-worker-6] DEBUG io.mockk.impl.recording.states.AnsweringState - Answering kotlinx.coroutines.flow.FlowKt__BuildersKt$flowOf$$inlined$unsafeFlow$2@7ae4fcb2 on UserRepository(repo#726).findAll(continuation {})
20:47:50.119 [Test worker @coroutine#1132] DEBUG io.mockk.impl.instantiation.AbstractMockFactory - Creating mockk for User name=child of repo#726#730
20:47:50.121 [DefaultDispatcher-worker-13] DEBUG io.mockk.impl.recording.states.AnsweringState - Answering User(id=63e69f633d878c607c73715d, uuid=93a98d69-0000-1111-0000-05b596ea83ba, nombre=loli, apellido=test, telefono=123456789, email=loli@test.com, password=lolitest, perfil=ADMIN, activo=true) on UserRepository(repo#726).findById(63e69f633d878c607c73715d, continuation {})
20:47:50.127 [Test worker @coroutine#1138] DEBUG io.mockk.impl.instantiation.AbstractMockFactory - Creating mockk for User name=child of repo#726#731
20:47:50.129 [DefaultDispatcher-worker-13] DEBUG io.mockk.impl.recording.states.AnsweringState - Answering io.github.reactivecircus.cache4k.RealCache@ea31072 on UserCache(cache#725).getCache()
20:47:50.130 [DefaultDispatcher-worker-13] DEBUG io.mockk.impl.recording.states.AnsweringState - Answering User(id=63e69f633d878c607c73715d, uuid=93a98d69-0000-1111-0000-05b596ea83ba, nombre=loli, apellido=test, telefono=123456789, email=loli@test.com, password=lolitest, perfil=ADMIN, activo=true) on UserRepository(repo#726).findByUUID(93a98d69-0000-1111-0000-05b596ea83ba, continuation {})
20:47:50.133 [Test worker @background work runner#1141] DEBUG io.mockk.impl.instantiation.AbstractMockFactory - Creating mockk for User name=child of repo#726#732
20:47:50.136 [Test worker @coroutine#1144] DEBUG io.mockk.impl.instantiation.AbstractMockFactory - Creating mockk for User name=child of repo#726#733
20:47:50.138 [DefaultDispatcher-worker-13] DEBUG io.mockk.impl.recording.states.AnsweringState - Answering User(id=63e69f633d878c607c73715d, uuid=93a98d69-0000-1111-0000-05b596ea83ba, nombre=loli, apellido=test, telefono=123456789, email=loli@test.com, password=lolitest, perfil=ADMIN, activo=true) on UserRepository(repo#726).save(User(id=63e69f633d878c607c73715d, uuid=93a98d69-0000-1111-0000-05b596ea83ba, nombre=loli, apellido=test, telefono=123456789, email=loli@test.com, password=lolitest, perfil=ADMIN, activo=true), continuation {})
20:47:50.144 [DefaultDispatcher-worker-13] DEBUG io.mockk.impl.recording.states.AnsweringState - Answering io.github.reactivecircus.cache4k.RealCache@ea31072 on UserCache(cache#725).getCache()
20:47:50.145 [DefaultDispatcher-worker-13] DEBUG io.mockk.impl.recording.states.AnsweringState - Answering null on UserRepository(repo#726).findByUUID(933727c7-4598-45b0-abfc-4be4772e047c, continuation {})
20:47:50.149 [DefaultDispatcher-worker-13] DEBUG io.mockk.impl.recording.states.AnsweringState - Answering null on UserRepository(repo#726).findById(63e69f663d878c607c737168, continuation {})
20:47:50.155 [DefaultDispatcher-worker-13] DEBUG io.mockk.impl.recording.states.AnsweringState - Answering kotlinx.coroutines.flow.FlowKt__BuildersKt$flowOf$$inlined$unsafeFlow$2@1541a710 on UserRepository(repo#726).findAll(continuation {})
20:47:53.199 [DefaultDispatcher-worker-10] DEBUG io.mockk.impl.recording.states.AnsweringState - Answering kotlinx.coroutines.flow.FlowKt__BuildersKt$flowOf$$inlined$unsafeFlow$2@24d0d32 on UserRepository(repo#726).findAll(continuation {})
20:47:55.865 [cluster-rtt-ClusterId{value='63e69f2e3d878c607c736d73', description='null'}-ac-o2suyf6-shard-00-02.7qtbnuz.mongodb.net:27017] DEBUG org.mongodb.driver.protocol.command - Sending command '{"hello": 1, "$db": "admin", "$clusterTime": {"clusterTime": {"$timestamp": {"t": 1676058463, "i": 2}}, "signature": {"hash": {"$binary": {"base64": "+sE0urVM2Zy58NOJLAwpx67c+Mk=", "subType": "00"}}, "keyId": 7161871216054108163}}}' with request id 172 to database admin on connection [connectionId{localValue:4, serverValue:268608}] to server ac-o2suyf6-shard-00-02.7qtbnuz.mongodb.net:27017
20:47:55.865 [cluster-rtt-ClusterId{value='63e69f2e3d878c607c736d73', description='null'}-ac-o2suyf6-shard-00-00.7qtbnuz.mongodb.net:27017] DEBUG org.mongodb.driver.protocol.command - Sending command '{"hello": 1, "$db": "admin", "$clusterTime": {"clusterTime": {"$timestamp": {"t": 1676058463, "i": 2}}, "signature": {"hash": {"$binary": {"base64": "+sE0urVM2Zy58NOJLAwpx67c+Mk=", "subType": "00"}}, "keyId": 7161871216054108163}}}' with request id 173 to database admin on connection [connectionId{localValue:1, serverValue:269192}] to server ac-o2suyf6-shard-00-00.7qtbnuz.mongodb.net:27017
20:47:55.865 [cluster-rtt-ClusterId{value='63e69f2e3d878c607c736d73', description='null'}-ac-o2suyf6-shard-00-01.7qtbnuz.mongodb.net:27017] DEBUG org.mongodb.driver.protocol.command - Sending command '{"hello": 1, "$db": "admin", "$clusterTime": {"clusterTime": {"$timestamp": {"t": 1676058463, "i": 2}}, "signature": {"hash": {"$binary": {"base64": "+sE0urVM2Zy58NOJLAwpx67c+Mk=", "subType": "00"}}, "keyId": 7161871216054108163}}}' with request id 174 to database admin on connection [connectionId{localValue:6, serverValue:264658}] to server ac-o2suyf6-shard-00-01.7qtbnuz.mongodb.net:27017
20:47:55.888 [cluster-ClusterId{value='63e69f2e3d878c607c736d73', description='null'}-ac-o2suyf6-shard-00-01.7qtbnuz.mongodb.net:27017] DEBUG org.mongodb.driver.cluster - Updating cluster description to  {type=REPLICA_SET, servers=[{address=ac-o2suyf6-shard-00-00.7qtbnuz.mongodb.net:27017, type=REPLICA_SET_SECONDARY, TagSet{[Tag{name='nodeType', value='ELECTABLE'}, Tag{name='provider', value='AWS'}, Tag{name='region', value='EU_WEST_3'}, Tag{name='workloadType', value='OPERATIONAL'}]}, roundTripTime=51.2 ms, state=CONNECTED}, {address=ac-o2suyf6-shard-00-02.7qtbnuz.mongodb.net:27017, type=REPLICA_SET_PRIMARY, TagSet{[Tag{name='nodeType', value='ELECTABLE'}, Tag{name='provider', value='AWS'}, Tag{name='region', value='EU_WEST_3'}, Tag{name='workloadType', value='OPERATIONAL'}]}, roundTripTime=55.2 ms, state=CONNECTED}, {address=ac-o2suyf6-shard-00-01.7qtbnuz.mongodb.net:27017, type=REPLICA_SET_SECONDARY, TagSet{[Tag{name='nodeType', value='ELECTABLE'}, Tag{name='provider', value='AWS'}, Tag{name='region', value='EU_WEST_3'}, Tag{name='workloadType', value='OPERATIONAL'}]}, roundTripTime=50.8 ms, state=CONNECTED}]
20:47:55.888 [cluster-ClusterId{value='63e69f2e3d878c607c736d73', description='null'}-ac-o2suyf6-shard-00-01.7qtbnuz.mongodb.net:27017] DEBUG org.mongodb.driver.cluster - Checking status of ac-o2suyf6-shard-00-01.7qtbnuz.mongodb.net:27017
20:47:55.898 [cluster-ClusterId{value='63e69f2e3d878c607c736d73', description='null'}-ac-o2suyf6-shard-00-00.7qtbnuz.mongodb.net:27017] DEBUG org.mongodb.driver.cluster - Updating cluster description to  {type=REPLICA_SET, servers=[{address=ac-o2suyf6-shard-00-00.7qtbnuz.mongodb.net:27017, type=REPLICA_SET_SECONDARY, TagSet{[Tag{name='nodeType', value='ELECTABLE'}, Tag{name='provider', value='AWS'}, Tag{name='region', value='EU_WEST_3'}, Tag{name='workloadType', value='OPERATIONAL'}]}, roundTripTime=51.2 ms, state=CONNECTED}, {address=ac-o2suyf6-shard-00-02.7qtbnuz.mongodb.net:27017, type=REPLICA_SET_PRIMARY, TagSet{[Tag{name='nodeType', value='ELECTABLE'}, Tag{name='provider', value='AWS'}, Tag{name='region', value='EU_WEST_3'}, Tag{name='workloadType', value='OPERATIONAL'}]}, roundTripTime=55.2 ms, state=CONNECTED}, {address=ac-o2suyf6-shard-00-01.7qtbnuz.mongodb.net:27017, type=REPLICA_SET_SECONDARY, TagSet{[Tag{name='nodeType', value='ELECTABLE'}, Tag{name='provider', value='AWS'}, Tag{name='region', value='EU_WEST_3'}, Tag{name='workloadType', value='OPERATIONAL'}]}, roundTripTime=50.8 ms, state=CONNECTED}]
20:47:55.898 [cluster-ClusterId{value='63e69f2e3d878c607c736d73', description='null'}-ac-o2suyf6-shard-00-00.7qtbnuz.mongodb.net:27017] DEBUG org.mongodb.driver.cluster - Checking status of ac-o2suyf6-shard-00-00.7qtbnuz.mongodb.net:27017
20:47:55.906 [cluster-ClusterId{value='63e69f2e3d878c607c736d73', description='null'}-ac-o2suyf6-shard-00-02.7qtbnuz.mongodb.net:27017] DEBUG org.mongodb.driver.cluster - Updating cluster description to  {type=REPLICA_SET, servers=[{address=ac-o2suyf6-shard-00-00.7qtbnuz.mongodb.net:27017, type=REPLICA_SET_SECONDARY, TagSet{[Tag{name='nodeType', value='ELECTABLE'}, Tag{name='provider', value='AWS'}, Tag{name='region', value='EU_WEST_3'}, Tag{name='workloadType', value='OPERATIONAL'}]}, roundTripTime=51.2 ms, state=CONNECTED}, {address=ac-o2suyf6-shard-00-02.7qtbnuz.mongodb.net:27017, type=REPLICA_SET_PRIMARY, TagSet{[Tag{name='nodeType', value='ELECTABLE'}, Tag{name='provider', value='AWS'}, Tag{name='region', value='EU_WEST_3'}, Tag{name='workloadType', value='OPERATIONAL'}]}, roundTripTime=55.2 ms, state=CONNECTED}, {address=ac-o2suyf6-shard-00-01.7qtbnuz.mongodb.net:27017, type=REPLICA_SET_SECONDARY, TagSet{[Tag{name='nodeType', value='ELECTABLE'}, Tag{name='provider', value='AWS'}, Tag{name='region', value='EU_WEST_3'}, Tag{name='workloadType', value='OPERATIONAL'}]}, roundTripTime=50.8 ms, state=CONNECTED}]
20:47:55.906 [cluster-ClusterId{value='63e69f2e3d878c607c736d73', description='null'}-ac-o2suyf6-shard-00-02.7qtbnuz.mongodb.net:27017] DEBUG org.mongodb.driver.cluster - Checking status of ac-o2suyf6-shard-00-02.7qtbnuz.mongodb.net:27017
20:47:55.924 [cluster-rtt-ClusterId{value='63e69f2e3d878c607c736d73', description='null'}-ac-o2suyf6-shard-00-01.7qtbnuz.mongodb.net:27017] DEBUG org.mongodb.driver.protocol.command - Execution of command with request id 174 completed successfully in 59.17 ms on connection [connectionId{localValue:6, serverValue:264658}] to server ac-o2suyf6-shard-00-01.7qtbnuz.mongodb.net:27017
20:47:55.924 [cluster-rtt-ClusterId{value='63e69f2e3d878c607c736d73', description='null'}-ac-o2suyf6-shard-00-02.7qtbnuz.mongodb.net:27017] DEBUG org.mongodb.driver.protocol.command - Execution of command with request id 172 completed successfully in 59.32 ms on connection [connectionId{localValue:4, serverValue:268608}] to server ac-o2suyf6-shard-00-02.7qtbnuz.mongodb.net:27017
20:47:55.924 [cluster-rtt-ClusterId{value='63e69f2e3d878c607c736d73', description='null'}-ac-o2suyf6-shard-00-00.7qtbnuz.mongodb.net:27017] DEBUG org.mongodb.driver.protocol.command - Execution of command with request id 173 completed successfully in 59.20 ms on connection [connectionId{localValue:1, serverValue:269192}] to server ac-o2suyf6-shard-00-00.7qtbnuz.mongodb.net:27017
20:47:56.668 [Test worker @coroutine#1215] DEBUG io.mockk.impl.instantiation.AbstractMockFactory - Creating mockk for User name=child of repo#726#734
20:47:56.671 [DefaultDispatcher-worker-8] DEBUG io.mockk.impl.recording.states.AnsweringState - Answering User(id=63e69f633d878c607c73715d, uuid=93a98d69-0000-1111-0000-05b596ea83ba, nombre=loli, apellido=test, telefono=123456789, email=loli@test.com, password=lolitest, perfil=ADMIN, activo=true) on UserRepository(repo#726).setInactive(63e69f633d878c607c73715d, continuation {})
]]></system-out>
  <system-err><![CDATA[]]></system-err>
</testsuite>
