<?xml version="1.0" encoding="UTF-8"?>
<testsuite name="koin.controllers.ControllerTest" tests="88" skipped="0" failures="0" errors="0" timestamp="2023-02-10T19:53:50" hostname="LOLI-LAPTOP" time="51.997">
  <properties/>
  <testcase name="findPedidoNotExistsById()" classname="koin.controllers.ControllerTest" time="0.455"/>
  <testcase name="createUserIncorrect()" classname="koin.controllers.ControllerTest" time="0.098"/>
  <testcase name="deleteUserIncorrectToken()" classname="koin.controllers.ControllerTest" time="0.042"/>
  <testcase name="createTurnoIncorrect()" classname="koin.controllers.ControllerTest" time="0.068"/>
  <testcase name="findAllUsersSuccess()" classname="koin.controllers.ControllerTest" time="0.164"/>
  <testcase name="findAllTurnosError()" classname="koin.controllers.ControllerTest" time="0.014"/>
  <testcase name="setFinalizadoTurnoIncorrectToken()" classname="koin.controllers.ControllerTest" time="0.015"/>
  <testcase name="deleteTurnoIncorrectNull()" classname="koin.controllers.ControllerTest" time="0.017"/>
  <testcase name="createMaquinaCorrect()" classname="koin.controllers.ControllerTest" time="0.094"/>
  <testcase name="deleteProductoCorrect()" classname="koin.controllers.ControllerTest" time="0.06"/>
  <testcase name="setInactiveUserIncorrectNull()" classname="koin.controllers.ControllerTest" time="0.02"/>
  <testcase name="createTareaCorrect()" classname="koin.controllers.ControllerTest" time="1.565"/>
  <testcase name="deleteTurnoIncorrect()" classname="koin.controllers.ControllerTest" time="0.01"/>
  <testcase name="createProductoCorrect()" classname="koin.controllers.ControllerTest" time="0.011"/>
  <testcase name="decreaseStockProductoCorrect()" classname="koin.controllers.ControllerTest" time="0.032"/>
  <testcase name="findMaquinaById()" classname="koin.controllers.ControllerTest" time="0.011"/>
  <testcase name="setInactiveMaquinaIncorrectToken()" classname="koin.controllers.ControllerTest" time="0.013"/>
  <testcase name="deleteMaquinaCorrect()" classname="koin.controllers.ControllerTest" time="0.014"/>
  <testcase name="setFinalizadaTareaIncorrectToken()" classname="koin.controllers.ControllerTest" time="0.014"/>
  <testcase name="createPedidoCorrect()" classname="koin.controllers.ControllerTest" time="0.418"/>
  <testcase name="setInactiveMaquinaIncorrectNull()" classname="koin.controllers.ControllerTest" time="0.013"/>
  <testcase name="deleteMaquinaIncorrectToken()" classname="koin.controllers.ControllerTest" time="0.012"/>
  <testcase name="deleteMaquinaIncorrect()" classname="koin.controllers.ControllerTest" time="0.01"/>
  <testcase name="setInactiveMaquinaCorrect()" classname="koin.controllers.ControllerTest" time="0.013"/>
  <testcase name="deleteTareaIncorrectNull()" classname="koin.controllers.ControllerTest" time="0.015"/>
  <testcase name="findAllTareasSuccess()" classname="koin.controllers.ControllerTest" time="0.072"/>
  <testcase name="findAllPedidosError()" classname="koin.controllers.ControllerTest" time="0.01"/>
  <testcase name="setFinalizadoTurnoCorrect()" classname="koin.controllers.ControllerTest" time="0.162"/>
  <testcase name="findAllProductosError()" classname="koin.controllers.ControllerTest" time="0.011"/>
  <testcase name="findAllPedidosSuccess()" classname="koin.controllers.ControllerTest" time="0.126"/>
  <testcase name="findUserNotExistsByUUID()" classname="koin.controllers.ControllerTest" time="0.011"/>
  <testcase name="findTareaById()" classname="koin.controllers.ControllerTest" time="0.073"/>
  <testcase name="deleteProductoIncorrect()" classname="koin.controllers.ControllerTest" time="0.011"/>
  <testcase name="setFinalizadaTareaIncorrectNull()" classname="koin.controllers.ControllerTest" time="0.011"/>
  <testcase name="deleteTareaCorrect()" classname="koin.controllers.ControllerTest" time="0.053"/>
  <testcase name="findAllTareasError()" classname="koin.controllers.ControllerTest" time="0.008"/>
  <testcase name="deletePedidoIncorrect()" classname="koin.controllers.ControllerTest" time="0.013"/>
  <testcase name="setFinalizadoTurnoIncorrectNull()" classname="koin.controllers.ControllerTest" time="0.011"/>
  <testcase name="createPedidoIncorrect()" classname="koin.controllers.ControllerTest" time="0.007"/>
  <testcase name="deleteTareaIncorrectToken()" classname="koin.controllers.ControllerTest" time="0.011"/>
  <testcase name="findUserById()" classname="koin.controllers.ControllerTest" time="0.009"/>
  <testcase name="decreaseStockProductoIncorrectToken()" classname="koin.controllers.ControllerTest" time="0.012"/>
  <testcase name="findAllMaquinasSuccess()" classname="koin.controllers.ControllerTest" time="0.01"/>
  <testcase name="findTurnoNotExistsById()" classname="koin.controllers.ControllerTest" time="0.011"/>
  <testcase name="createPedidoIncorrectToken()" classname="koin.controllers.ControllerTest" time="0.008"/>
  <testcase name="deleteMaquinaIncorrectNull()" classname="koin.controllers.ControllerTest" time="0.013"/>
  <testcase name="findUserByUUID()" classname="koin.controllers.ControllerTest" time="0.009"/>
  <testcase name="createMaquinaIncorrectToken()" classname="koin.controllers.ControllerTest" time="0.008"/>
  <testcase name="createProductoIncorrectToken()" classname="koin.controllers.ControllerTest" time="0.007"/>
  <testcase name="findTurnoById()" classname="koin.controllers.ControllerTest" time="0.144"/>
  <testcase name="findAllTurnosSuccess()" classname="koin.controllers.ControllerTest" time="0.153"/>
  <testcase name="deleteUserIncorrect()" classname="koin.controllers.ControllerTest" time="0.01"/>
  <testcase name="setInactiveUserIncorrectToken()" classname="koin.controllers.ControllerTest" time="0.01"/>
  <testcase name="deletePedidoIncorrectNull()" classname="koin.controllers.ControllerTest" time="0.018"/>
  <testcase name="createTareaIncorrectToken()" classname="koin.controllers.ControllerTest" time="0.008"/>
  <testcase name="findPedidoById()" classname="koin.controllers.ControllerTest" time="0.112"/>
  <testcase name="findAllProductosSuccess()" classname="koin.controllers.ControllerTest" time="0.008"/>
  <testcase name="setFinalizadaTareaIncorrect()" classname="koin.controllers.ControllerTest" time="0.01"/>
  <testcase name="deleteTurnoIncorrectToken()" classname="koin.controllers.ControllerTest" time="0.011"/>
  <testcase name="setInactiveUserCorrect()" classname="koin.controllers.ControllerTest" time="0.011"/>
  <testcase name="setInactiveMaquinaIncorrect()" classname="koin.controllers.ControllerTest" time="0.01"/>
  <testcase name="createTurnoCorrect()" classname="koin.controllers.ControllerTest" time="0.245"/>
  <testcase name="findAllUsersError()" classname="koin.controllers.ControllerTest" time="0.008"/>
  <testcase name="findTareaNotExistsById()" classname="koin.controllers.ControllerTest" time="0.01"/>
  <testcase name="deleteProductoIncorrectToken()" classname="koin.controllers.ControllerTest" time="0.01"/>
  <testcase name="deleteUserCorrect()" classname="koin.controllers.ControllerTest" time="0.011"/>
  <testcase name="setFinalizadaTareaCorrect()" classname="koin.controllers.ControllerTest" time="0.075"/>
  <testcase name="findProductoById()" classname="koin.controllers.ControllerTest" time="0.012"/>
  <testcase name="deletePedidoCorrect()" classname="koin.controllers.ControllerTest" time="0.117"/>
  <testcase name="findProductoNotExistsById()" classname="koin.controllers.ControllerTest" time="0.009"/>
  <testcase name="setFinalizadoTurnoIncorrect()" classname="koin.controllers.ControllerTest" time="0.011"/>
  <testcase name="createMaquinaIncorrect()" classname="koin.controllers.ControllerTest" time="0.01"/>
  <testcase name="createTurnoIncorrectToken()" classname="koin.controllers.ControllerTest" time="0.006"/>
  <testcase name="createTareaIncorrect()" classname="koin.controllers.ControllerTest" time="0.006"/>
  <testcase name="deleteUserIncorrectNull()" classname="koin.controllers.ControllerTest" time="0.012"/>
  <testcase name="findUserNotExistsById()" classname="koin.controllers.ControllerTest" time="0.01"/>
  <testcase name="decreaseStockProductoIncorrect()" classname="koin.controllers.ControllerTest" time="0.011"/>
  <testcase name="deletePedidoIncorrectToken()" classname="koin.controllers.ControllerTest" time="0.014"/>
  <testcase name="createUserCorrect()" classname="koin.controllers.ControllerTest" time="0.296"/>
  <testcase name="decreaseStockProductoIncorrectNull()" classname="koin.controllers.ControllerTest" time="0.012"/>
  <testcase name="deleteTurnoCorrect()" classname="koin.controllers.ControllerTest" time="0.158"/>
  <testcase name="findAllMaquinasError()" classname="koin.controllers.ControllerTest" time="0.007"/>
  <testcase name="deleteTareaIncorrect()" classname="koin.controllers.ControllerTest" time="0.009"/>
  <testcase name="setInactiveUserIncorrect()" classname="koin.controllers.ControllerTest" time="0.01"/>
  <testcase name="createUserIncorrectToken()" classname="koin.controllers.ControllerTest" time="0.013"/>
  <testcase name="createProductoIncorrect()" classname="koin.controllers.ControllerTest" time="0.008"/>
  <testcase name="deleteProductoIncorrectNull()" classname="koin.controllers.ControllerTest" time="0.015"/>
  <testcase name="findMaquinaNotExistsById()" classname="koin.controllers.ControllerTest" time="0.01"/>
  <system-out><![CDATA[20:53:49.862 [Test worker] DEBUG io.mockk.impl.instantiation.AbstractMockFactory - Creating mockk for MaquinaRepositoryCached name=repoM#1
20:53:50.195 [Test worker] DEBUG io.mockk.impl.instantiation.AbstractMockFactory - Creating mockk for PedidoRepositoryCached name=repoPedido#2
20:53:50.241 [Test worker] DEBUG io.mockk.impl.instantiation.AbstractMockFactory - Creating mockk for ProductoRepositoryCached name=repoProd#3
20:53:50.289 [Test worker] DEBUG io.mockk.impl.instantiation.AbstractMockFactory - Creating mockk for TareaRepositoryCached name=repoTarea#4
20:53:50.333 [Test worker] DEBUG io.mockk.impl.instantiation.AbstractMockFactory - Creating mockk for TurnoRepositoryCached name=repoTurno#5
20:53:50.362 [Test worker] DEBUG io.mockk.impl.instantiation.AbstractMockFactory - Creating mockk for UserRepositoryCached name=repoUser#6
20:53:50.744 [Test worker @coroutine#1] DEBUG io.mockk.impl.instantiation.AbstractMockFactory - Creating mockk for Pedido name=child of repoPedido#2#7
20:53:50.775 [DefaultDispatcher-worker-1 @coroutine#4] DEBUG io.mockk.impl.recording.states.AnsweringState - Answering null on PedidoRepositoryCached(repoPedido#2).findByUUID(2e608a09-0425-4a55-ab41-7453f1e8d39d, continuation {})
20:53:51.578 [Test worker] DEBUG io.mockk.impl.instantiation.AbstractMockFactory - Creating mockk for MaquinaRepositoryCached name=repoM#8
20:53:51.579 [Test worker] DEBUG io.mockk.impl.instantiation.AbstractMockFactory - Creating mockk for PedidoRepositoryCached name=repoPedido#9
20:53:51.580 [Test worker] DEBUG io.mockk.impl.instantiation.AbstractMockFactory - Creating mockk for ProductoRepositoryCached name=repoProd#10
20:53:51.580 [Test worker] DEBUG io.mockk.impl.instantiation.AbstractMockFactory - Creating mockk for TareaRepositoryCached name=repoTarea#11
20:53:51.580 [Test worker] DEBUG io.mockk.impl.instantiation.AbstractMockFactory - Creating mockk for TurnoRepositoryCached name=repoTurno#12
20:53:51.580 [Test worker] DEBUG io.mockk.impl.instantiation.AbstractMockFactory - Creating mockk for UserRepositoryCached name=repoUser#13
20:53:51.646 [Test worker @coroutine#7] DEBUG io.mockk.impl.instantiation.AbstractMockFactory - Creating mockk for User name=child of repoUser#13#14
20:53:51.650 [Test worker @coroutine#7] DEBUG io.mockk.impl.instantiation.AbstractMockFactory - Creating mockk for User name=child of repoUser#13#15
20:53:51.654 [Test worker @coroutine#7] DEBUG io.mockk.impl.instantiation.AbstractMockFactory - Creating mockk for User name=child of repoUser#13#16
20:53:51.657 [Test worker @coroutine#7] DEBUG io.mockk.impl.instantiation.AbstractMockFactory - Creating mockk for User name=child of repoUser#13#17
20:53:52.244 [Test worker] DEBUG io.mockk.impl.instantiation.AbstractMockFactory - Creating mockk for MaquinaRepositoryCached name=repoM#18
20:53:52.245 [Test worker] DEBUG io.mockk.impl.instantiation.AbstractMockFactory - Creating mockk for PedidoRepositoryCached name=repoPedido#19
20:53:52.245 [Test worker] DEBUG io.mockk.impl.instantiation.AbstractMockFactory - Creating mockk for ProductoRepositoryCached name=repoProd#20
20:53:52.246 [Test worker] DEBUG io.mockk.impl.instantiation.AbstractMockFactory - Creating mockk for TareaRepositoryCached name=repoTarea#21
20:53:52.246 [Test worker] DEBUG io.mockk.impl.instantiation.AbstractMockFactory - Creating mockk for TurnoRepositoryCached name=repoTurno#22
20:53:52.247 [Test worker] DEBUG io.mockk.impl.instantiation.AbstractMockFactory - Creating mockk for UserRepositoryCached name=repoUser#23
20:53:52.256 [Test worker @coroutine#17] DEBUG io.mockk.impl.instantiation.AbstractMockFactory - Creating mockk for User name=child of repoUser#23#24
20:53:52.260 [Test worker @coroutine#17] DEBUG io.mockk.impl.instantiation.AbstractMockFactory - Creating mockk for User name=child of repoUser#23#25
20:53:52.884 [Test worker] DEBUG io.mockk.impl.instantiation.AbstractMockFactory - Creating mockk for MaquinaRepositoryCached name=repoM#26
20:53:52.884 [Test worker] DEBUG io.mockk.impl.instantiation.AbstractMockFactory - Creating mockk for PedidoRepositoryCached name=repoPedido#27
20:53:52.885 [Test worker] DEBUG io.mockk.impl.instantiation.AbstractMockFactory - Creating mockk for ProductoRepositoryCached name=repoProd#28
20:53:52.885 [Test worker] DEBUG io.mockk.impl.instantiation.AbstractMockFactory - Creating mockk for TareaRepositoryCached name=repoTarea#29
20:53:52.885 [Test worker] DEBUG io.mockk.impl.instantiation.AbstractMockFactory - Creating mockk for TurnoRepositoryCached name=repoTurno#30
20:53:52.885 [Test worker] DEBUG io.mockk.impl.instantiation.AbstractMockFactory - Creating mockk for UserRepositoryCached name=repoUser#31
20:53:52.951 [Test worker @coroutine#25] DEBUG io.mockk.impl.instantiation.AbstractMockFactory - Creating mockk for Turno name=child of repoTurno#30#32
20:53:53.563 [Test worker] DEBUG io.mockk.impl.instantiation.AbstractMockFactory - Creating mockk for MaquinaRepositoryCached name=repoM#33
20:53:53.564 [Test worker] DEBUG io.mockk.impl.instantiation.AbstractMockFactory - Creating mockk for PedidoRepositoryCached name=repoPedido#34
20:53:53.564 [Test worker] DEBUG io.mockk.impl.instantiation.AbstractMockFactory - Creating mockk for ProductoRepositoryCached name=repoProd#35
20:53:53.565 [Test worker] DEBUG io.mockk.impl.instantiation.AbstractMockFactory - Creating mockk for TareaRepositoryCached name=repoTarea#36
20:53:53.565 [Test worker] DEBUG io.mockk.impl.instantiation.AbstractMockFactory - Creating mockk for TurnoRepositoryCached name=repoTurno#37
20:53:53.565 [Test worker] DEBUG io.mockk.impl.instantiation.AbstractMockFactory - Creating mockk for UserRepositoryCached name=repoUser#38
20:53:53.713 [Test worker @coroutine#29] DEBUG io.mockk.impl.instantiation.AbstractMockFactory - Creating mockk for Flow name=child of repoUser#38#39
20:53:53.721 [DefaultDispatcher-worker-2 @coroutine#32] DEBUG io.mockk.impl.recording.states.AnsweringState - Answering kotlinx.coroutines.flow.FlowKt__BuildersKt$flowOf$$inlined$unsafeFlow$2@60dc82c8 on UserRepositoryCached(repoUser#38).findAll(continuation {})
20:53:54.353 [Test worker] DEBUG io.mockk.impl.instantiation.AbstractMockFactory - Creating mockk for MaquinaRepositoryCached name=repoM#40
20:53:54.353 [Test worker] DEBUG io.mockk.impl.instantiation.AbstractMockFactory - Creating mockk for PedidoRepositoryCached name=repoPedido#41
20:53:54.354 [Test worker] DEBUG io.mockk.impl.instantiation.AbstractMockFactory - Creating mockk for ProductoRepositoryCached name=repoProd#42
20:53:54.354 [Test worker] DEBUG io.mockk.impl.instantiation.AbstractMockFactory - Creating mockk for TareaRepositoryCached name=repoTarea#43
20:53:54.354 [Test worker] DEBUG io.mockk.impl.instantiation.AbstractMockFactory - Creating mockk for TurnoRepositoryCached name=repoTurno#44
20:53:54.354 [Test worker] DEBUG io.mockk.impl.instantiation.AbstractMockFactory - Creating mockk for UserRepositoryCached name=repoUser#45
20:53:54.363 [Test worker @coroutine#35] DEBUG io.mockk.impl.instantiation.AbstractMockFactory - Creating mockk for Flow name=child of repoTurno#44#46
20:53:54.367 [DefaultDispatcher-worker-2 @coroutine#38] DEBUG io.mockk.impl.recording.states.AnsweringState - Answering kotlinx.coroutines.flow.FlowKt__BuildersKt$flowOf$$inlined$unsafeFlow$1@471b73ca on TurnoRepositoryCached(repoTurno#44).findAll(continuation {})
20:53:54.945 [Test worker] DEBUG io.mockk.impl.instantiation.AbstractMockFactory - Creating mockk for MaquinaRepositoryCached name=repoM#47
20:53:54.945 [Test worker] DEBUG io.mockk.impl.instantiation.AbstractMockFactory - Creating mockk for PedidoRepositoryCached name=repoPedido#48
20:53:54.946 [Test worker] DEBUG io.mockk.impl.instantiation.AbstractMockFactory - Creating mockk for ProductoRepositoryCached name=repoProd#49
20:53:54.946 [Test worker] DEBUG io.mockk.impl.instantiation.AbstractMockFactory - Creating mockk for TareaRepositoryCached name=repoTarea#50
20:53:54.946 [Test worker] DEBUG io.mockk.impl.instantiation.AbstractMockFactory - Creating mockk for TurnoRepositoryCached name=repoTurno#51
20:53:54.947 [Test worker] DEBUG io.mockk.impl.instantiation.AbstractMockFactory - Creating mockk for UserRepositoryCached name=repoUser#52
20:53:54.954 [Test worker @coroutine#41] DEBUG io.mockk.impl.instantiation.AbstractMockFactory - Creating mockk for Turno name=child of repoTurno#51#53
20:53:54.958 [Test worker @coroutine#41] DEBUG io.mockk.impl.instantiation.AbstractMockFactory - Creating mockk for Turno name=child of repoTurno#51#54
20:53:55.534 [Test worker] DEBUG io.mockk.impl.instantiation.AbstractMockFactory - Creating mockk for MaquinaRepositoryCached name=repoM#55
20:53:55.535 [Test worker] DEBUG io.mockk.impl.instantiation.AbstractMockFactory - Creating mockk for PedidoRepositoryCached name=repoPedido#56
20:53:55.535 [Test worker] DEBUG io.mockk.impl.instantiation.AbstractMockFactory - Creating mockk for ProductoRepositoryCached name=repoProd#57
20:53:55.536 [Test worker] DEBUG io.mockk.impl.instantiation.AbstractMockFactory - Creating mockk for TareaRepositoryCached name=repoTarea#58
20:53:55.536 [Test worker] DEBUG io.mockk.impl.instantiation.AbstractMockFactory - Creating mockk for TurnoRepositoryCached name=repoTurno#59
20:53:55.537 [Test worker] DEBUG io.mockk.impl.instantiation.AbstractMockFactory - Creating mockk for UserRepositoryCached name=repoUser#60
20:53:55.544 [Test worker @coroutine#49] DEBUG io.mockk.impl.instantiation.AbstractMockFactory - Creating mockk for Turno name=child of repoTurno#59#61
20:53:55.547 [Test worker @coroutine#49] DEBUG io.mockk.impl.instantiation.AbstractMockFactory - Creating mockk for Turno name=child of repoTurno#59#62
20:53:55.553 [DefaultDispatcher-worker-2 @coroutine#54] DEBUG io.mockk.impl.recording.states.AnsweringState - Answering Turno(id=63e6a0d361c2a601272c4cc4, uuid=93a98d69-0019-48a7-b34f-05b596ea8abc, workerId=93a98d69-0007-48a7-b34f-05b596ea839c, maquinaId=93a98d69-0008-48a7-b34f-05b596ea83bb, horaInicio=2002-10-14T10:09, horaFin=2002-10-14T16:49, numPedidosActivos=2, tarea1Id=93a98d69-0013-48a7-b34f-05b596ea83cc, tarea2Id=null, finalizado=false) on TurnoRepositoryCached(repoTurno#59).findByUUID(93a98d69-0019-48a7-b34f-05b596ea8abc, continuation {})
20:53:55.553 [DefaultDispatcher-worker-2 @coroutine#54] DEBUG io.mockk.impl.recording.states.AnsweringState - Answering null on TurnoRepositoryCached(repoTurno#59).delete(63e6a0d361c2a601272c4cc4, continuation {})
20:53:56.137 [Test worker] DEBUG io.mockk.impl.instantiation.AbstractMockFactory - Creating mockk for MaquinaRepositoryCached name=repoM#63
20:53:56.137 [Test worker] DEBUG io.mockk.impl.instantiation.AbstractMockFactory - Creating mockk for PedidoRepositoryCached name=repoPedido#64
20:53:56.137 [Test worker] DEBUG io.mockk.impl.instantiation.AbstractMockFactory - Creating mockk for ProductoRepositoryCached name=repoProd#65
20:53:56.138 [Test worker] DEBUG io.mockk.impl.instantiation.AbstractMockFactory - Creating mockk for TareaRepositoryCached name=repoTarea#66
20:53:56.139 [Test worker] DEBUG io.mockk.impl.instantiation.AbstractMockFactory - Creating mockk for TurnoRepositoryCached name=repoTurno#67
20:53:56.139 [Test worker] DEBUG io.mockk.impl.instantiation.AbstractMockFactory - Creating mockk for UserRepositoryCached name=repoUser#68
20:53:56.195 [Test worker @coroutine#57] DEBUG io.mockk.impl.instantiation.AbstractMockFactory - Creating mockk for Maquina name=child of repoM#63#69
20:53:56.201 [DefaultDispatcher-worker-2] DEBUG io.mockk.impl.recording.states.AnsweringState - Answering Maquina(id=63e6a0d461c2a601272c4ccd, uuid=93a98d69-0008-48a7-b34f-05b596ea83bb, modelo=RTX-3080TI, marca=Nvidia, fechaAdquisicion=2022-11-10, numeroSerie=123456789X, tipo=PERSONALIZADORA, activa=true, isManual=null, maxTension=null, minTension=null, measuresManeuverability=true, measuresRigidity=false, measuresBalance=true) on MaquinaRepositoryCached(repoM#63).save(Maquina(id=63e6a0d461c2a601272c4ccf, uuid=93a98d69-6da6-48a7-b34f-05b596aaaaca, modelo=Encordadora Inicial, marca=Marca Inicial, fechaAdquisicion=2023-02-10, numeroSerie=123456789-XD, tipo=ENCORDADORA, activa=true, isManual=false, maxTension=7.0, minTension=2.5, measuresManeuverability=null, measuresRigidity=null, measuresBalance=null), continuation {})
20:53:56.831 [Test worker] DEBUG io.mockk.impl.instantiation.AbstractMockFactory - Creating mockk for MaquinaRepositoryCached name=repoM#70
20:53:56.832 [Test worker] DEBUG io.mockk.impl.instantiation.AbstractMockFactory - Creating mockk for PedidoRepositoryCached name=repoPedido#71
20:53:56.832 [Test worker] DEBUG io.mockk.impl.instantiation.AbstractMockFactory - Creating mockk for ProductoRepositoryCached name=repoProd#72
20:53:56.832 [Test worker] DEBUG io.mockk.impl.instantiation.AbstractMockFactory - Creating mockk for TareaRepositoryCached name=repoTarea#73
20:53:56.832 [Test worker] DEBUG io.mockk.impl.instantiation.AbstractMockFactory - Creating mockk for TurnoRepositoryCached name=repoTurno#74
20:53:56.832 [Test worker] DEBUG io.mockk.impl.instantiation.AbstractMockFactory - Creating mockk for UserRepositoryCached name=repoUser#75
20:53:56.880 [Test worker @coroutine#61] DEBUG io.mockk.impl.instantiation.AbstractMockFactory - Creating mockk for Producto name=child of repoProd#72#76
20:53:56.884 [Test worker @coroutine#61] DEBUG io.mockk.impl.instantiation.AbstractMockFactory - Creating mockk for Producto name=child of repoProd#72#77
20:53:56.889 [DefaultDispatcher-worker-2 @coroutine#66] DEBUG io.mockk.impl.recording.states.AnsweringState - Answering Producto(id=63e6a0d461c2a601272c4cd5, uuid=93a98d69-0004-48a7-b34f-05b596ea83aa, tipo=FUNDAS, marca=MarcaZ, modelo=ModeloZ, precio=36.4, stock=8) on ProductoRepositoryCached(repoProd#72).findByUUID(93a98d69-0004-48a7-b34f-05b596ea83aa, continuation {})
20:53:56.890 [DefaultDispatcher-worker-2 @coroutine#66] DEBUG io.mockk.impl.recording.states.AnsweringState - Answering Producto(id=63e6a0d461c2a601272c4cd5, uuid=93a98d69-0004-48a7-b34f-05b596ea83aa, tipo=FUNDAS, marca=MarcaZ, modelo=ModeloZ, precio=36.4, stock=8) on ProductoRepositoryCached(repoProd#72).delete(63e6a0d461c2a601272c4cd5, continuation {})
20:53:57.498 [Test worker] DEBUG io.mockk.impl.instantiation.AbstractMockFactory - Creating mockk for MaquinaRepositoryCached name=repoM#78
20:53:57.507 [Test worker] DEBUG io.mockk.impl.instantiation.AbstractMockFactory - Creating mockk for PedidoRepositoryCached name=repoPedido#79
20:53:57.510 [Test worker] DEBUG io.mockk.impl.instantiation.AbstractMockFactory - Creating mockk for ProductoRepositoryCached name=repoProd#80
20:53:57.511 [Test worker] DEBUG io.mockk.impl.instantiation.AbstractMockFactory - Creating mockk for TareaRepositoryCached name=repoTarea#81
20:53:57.512 [Test worker] DEBUG io.mockk.impl.instantiation.AbstractMockFactory - Creating mockk for TurnoRepositoryCached name=repoTurno#82
20:53:57.512 [Test worker] DEBUG io.mockk.impl.instantiation.AbstractMockFactory - Creating mockk for UserRepositoryCached name=repoUser#83
20:53:57.521 [Test worker @coroutine#69] DEBUG io.mockk.impl.instantiation.AbstractMockFactory - Creating mockk for User name=child of repoUser#83#84
20:53:57.526 [Test worker @coroutine#69] DEBUG io.mockk.impl.instantiation.AbstractMockFactory - Creating mockk for User name=child of repoUser#83#85
20:53:57.532 [DefaultDispatcher-worker-2 @coroutine#74] DEBUG io.mockk.impl.recording.states.AnsweringState - Answering User(id=63e6a0d561c2a601272c4cdd, uuid=93a98d69-0006-48a7-b34f-05b596ea839a, nombre=Maria, apellido=Martinez, telefono=632120281, email=email2@email.com, password=contra, perfil=CLIENT, activo=true) on UserRepositoryCached(repoUser#83).findByUUID(93a98d69-0006-48a7-b34f-05b596ea839a, continuation {})
20:53:57.532 [DefaultDispatcher-worker-2 @coroutine#74] DEBUG io.mockk.impl.recording.states.AnsweringState - Answering null on UserRepositoryCached(repoUser#83).setInactive(63e6a0d561c2a601272c4cdd, continuation {})
20:53:58.172 [Test worker] DEBUG io.mockk.impl.instantiation.AbstractMockFactory - Creating mockk for MaquinaRepositoryCached name=repoM#86
20:53:58.173 [Test worker] DEBUG io.mockk.impl.instantiation.AbstractMockFactory - Creating mockk for PedidoRepositoryCached name=repoPedido#87
20:53:58.173 [Test worker] DEBUG io.mockk.impl.instantiation.AbstractMockFactory - Creating mockk for ProductoRepositoryCached name=repoProd#88
20:53:58.173 [Test worker] DEBUG io.mockk.impl.instantiation.AbstractMockFactory - Creating mockk for TareaRepositoryCached name=repoTarea#89
20:53:58.174 [Test worker] DEBUG io.mockk.impl.instantiation.AbstractMockFactory - Creating mockk for TurnoRepositoryCached name=repoTurno#90
20:53:58.174 [Test worker] DEBUG io.mockk.impl.instantiation.AbstractMockFactory - Creating mockk for UserRepositoryCached name=repoUser#91
20:53:58.235 [Test worker @coroutine#77] DEBUG io.mockk.impl.instantiation.AbstractMockFactory - Creating mockk for Tarea name=child of repoTarea#89#92
20:53:58.240 [DefaultDispatcher-worker-2] DEBUG io.mockk.impl.recording.states.AnsweringState - Answering Tarea(id=63e6a0d661c2a601272c4ceb, uuid=93a98d69-0013-48a7-b34f-05b596ea83cc, raquetaId=93a98d69-0001-48a7-b34f-05b596ea83ba, precio=36.4, tipo=PERSONALIZACION, finalizada=true, pedidoId=93a98d69-0010-48a7-b34f-05b596ea8acc, productoAdquiridoId=93a98d69-0004-48a7-b34f-05b596ea83aa, peso=10, balance=2.0, rigidez=5, tensionHorizontal=null, cordajeHorizontalId=null, tensionVertical=null, cordajeVerticalId=null, dosNudos=null) on TareaRepositoryCached(repoTarea#89).save(Tarea(id=63e6a0d661c2a601272c4cee, uuid=93a98d69-6da6-48a7-b34f-05b596aaabaa, raquetaId=93a98d69-6da6-48a7-b34f-05b596aaaaac, precio=60.0, tipo=PERSONALIZACION, finalizada=false, pedidoId=93a98d69-6da6-48a7-b34f-05b596aaabac, productoAdquiridoId=null, peso=10, balance=2.0, rigidez=5, tensionHorizontal=null, cordajeHorizontalId=null, tensionVertical=null, cordajeVerticalId=null, dosNudos=null), continuation {})
20:53:58.255 [DefaultDispatcher-worker-2] DEBUG koin.repositories.producto.ProductoRepository - findByUUID(93a98d69-0001-48a7-b34f-05b596ea83ba)
20:53:58.258 [DefaultDispatcher-worker-2] DEBUG koin.db.DBManager - Initializing connection to MongoDB
Initializing connection to MongoDB : mongodb+srv://loli:1707@drmdam2023.7qtbnuz.mongodb.net/practica03mongoIvanLoli
20:53:58.608 [DefaultDispatcher-worker-2] INFO org.mongodb.driver.client - MongoClient with metadata {"driver": {"name": "mongo-java-driver|reactive-streams|kmongo", "version": "4.7.2"}, "os": {"type": "Windows", "name": "Windows 10", "architecture": "amd64", "version": "10.0"}, "platform": "Java/BellSoft/17.0.4.1+1-LTS|Kotlin/1.8.0"} created with settings MongoClientSettings{readPreference=primary, writeConcern=WriteConcern{w=null, wTimeout=null ms, journal=null}, retryWrites=true, retryReads=true, readConcern=ReadConcern{level=null}, credential=MongoCredential{mechanism=null, userName='loli', source='admin', password=<hidden>, mechanismProperties=<hidden>}, streamFactoryFactory=null, commandListeners=[], codecRegistry=ProvidersCodecRegistry{codecProviders=[ProvidersCodecRegistry{codecProviders=[ValueCodecProvider{}, BsonValueCodecProvider{}, DBRefCodecProvider{}, DBObjectCodecProvider{}, DocumentCodecProvider{}, IterableCodecProvider{}, MapCodecProvider{}, GeoJsonCodecProvider{}, GridFSFileCodecProvider{}, Jsr310CodecProvider{}, JsonObjectCodecProvider{}, BsonCodecProvider{}, EnumCodecProvider{}, com.mongodb.Jep395RecordCodecProvider@5eaa0a18]}, org.litote.kmongo.service.CustomCodecProvider@e76b9f4, ProvidersCodecRegistry{codecProviders=[org.litote.kmongo.jackson.JacksonCodecProvider@cb4ce92]}]}, clusterSettings={hosts=[127.0.0.1:27017], srvHost=drmdam2023.7qtbnuz.mongodb.net, srvServiceName=mongodb, mode=MULTIPLE, requiredClusterType=REPLICA_SET, requiredReplicaSetName='atlas-kaecge-shard-0', serverSelector='null', clusterListeners='[]', serverSelectionTimeout='30000 ms', localThreshold='30000 ms'}, socketSettings=SocketSettings{connectTimeoutMS=10000, readTimeoutMS=0, receiveBufferSize=0, sendBufferSize=0}, heartbeatSocketSettings=SocketSettings{connectTimeoutMS=10000, readTimeoutMS=10000, receiveBufferSize=0, sendBufferSize=0}, connectionPoolSettings=ConnectionPoolSettings{maxSize=100, minSize=0, maxWaitTimeMS=120000, maxConnectionLifeTimeMS=0, maxConnectionIdleTimeMS=0, maintenanceInitialDelayMS=0, maintenanceFrequencyMS=60000, connectionPoolListeners=[], maxConnecting=2}, serverSettings=ServerSettings{heartbeatFrequencyMS=10000, minHeartbeatFrequencyMS=500, serverListeners='[]', serverMonitorListeners='[]'}, sslSettings=SslSettings{enabled=true, invalidHostNameAllowed=false, context=null}, applicationName='null', compressorList=[], uuidRepresentation=UNSPECIFIED, serverApi=null, autoEncryptionSettings=null, contextProvider=null}
20:53:58.693 [cluster-ClusterId{value='63e6a0d661c2a601272c4cef', description='null'}-srv-drmdam2023.7qtbnuz.mongodb.net] INFO org.mongodb.driver.cluster - Adding discovered server ac-o2suyf6-shard-00-00.7qtbnuz.mongodb.net:27017 to client view of cluster
20:53:58.728 [cluster-ClusterId{value='63e6a0d661c2a601272c4cef', description='null'}-srv-drmdam2023.7qtbnuz.mongodb.net] INFO org.mongodb.driver.cluster - Adding discovered server ac-o2suyf6-shard-00-02.7qtbnuz.mongodb.net:27017 to client view of cluster
20:53:58.729 [cluster-ClusterId{value='63e6a0d661c2a601272c4cef', description='null'}-srv-drmdam2023.7qtbnuz.mongodb.net] INFO org.mongodb.driver.cluster - Adding discovered server ac-o2suyf6-shard-00-01.7qtbnuz.mongodb.net:27017 to client view of cluster
20:53:58.730 [cluster-ClusterId{value='63e6a0d661c2a601272c4cef', description='null'}-srv-drmdam2023.7qtbnuz.mongodb.net] DEBUG org.mongodb.driver.cluster - Updating cluster description to  {type=REPLICA_SET, servers=[{address=ac-o2suyf6-shard-00-00.7qtbnuz.mongodb.net:27017, type=UNKNOWN, state=CONNECTING}, {address=ac-o2suyf6-shard-00-02.7qtbnuz.mongodb.net:27017, type=UNKNOWN, state=CONNECTING}, {address=ac-o2suyf6-shard-00-01.7qtbnuz.mongodb.net:27017, type=UNKNOWN, state=CONNECTING}]
20:53:58.746 [DefaultDispatcher-worker-2] DEBUG reactor.util.Loggers$LoggerFactory - Using Slf4j logging framework
20:53:58.807 [DefaultDispatcher-worker-2] INFO org.mongodb.driver.cluster - No server chosen by com.mongodb.reactivestreams.client.internal.ClientSessionHelper$$Lambda$477/0x000000080114a248@7ad8867e from cluster description ClusterDescription{type=REPLICA_SET, connectionMode=MULTIPLE, serverDescriptions=[ServerDescription{address=ac-o2suyf6-shard-00-00.7qtbnuz.mongodb.net:27017, type=UNKNOWN, state=CONNECTING}, ServerDescription{address=ac-o2suyf6-shard-00-02.7qtbnuz.mongodb.net:27017, type=UNKNOWN, state=CONNECTING}, ServerDescription{address=ac-o2suyf6-shard-00-01.7qtbnuz.mongodb.net:27017, type=UNKNOWN, state=CONNECTING}]}. Waiting for 30000 ms before timing out
20:53:58.983 [Thread-7] DEBUG org.mongodb.driver.connection.tls - initialized direct buffer deallocator for java >= 9
20:53:59.299 [cluster-rtt-ClusterId{value='63e6a0d661c2a601272c4cef', description='null'}-ac-o2suyf6-shard-00-02.7qtbnuz.mongodb.net:27017] INFO org.mongodb.driver.connection - Opened connection [connectionId{localValue:3, serverValue:268695}] to ac-o2suyf6-shard-00-02.7qtbnuz.mongodb.net:27017
20:53:59.299 [cluster-ClusterId{value='63e6a0d661c2a601272c4cef', description='null'}-ac-o2suyf6-shard-00-02.7qtbnuz.mongodb.net:27017] INFO org.mongodb.driver.connection - Opened connection [connectionId{localValue:2, serverValue:268686}] to ac-o2suyf6-shard-00-02.7qtbnuz.mongodb.net:27017
20:53:59.299 [cluster-ClusterId{value='63e6a0d661c2a601272c4cef', description='null'}-ac-o2suyf6-shard-00-01.7qtbnuz.mongodb.net:27017] INFO org.mongodb.driver.connection - Opened connection [connectionId{localValue:5, serverValue:264752}] to ac-o2suyf6-shard-00-01.7qtbnuz.mongodb.net:27017
20:53:59.299 [cluster-rtt-ClusterId{value='63e6a0d661c2a601272c4cef', description='null'}-ac-o2suyf6-shard-00-01.7qtbnuz.mongodb.net:27017] INFO org.mongodb.driver.connection - Opened connection [connectionId{localValue:1, serverValue:264752}] to ac-o2suyf6-shard-00-01.7qtbnuz.mongodb.net:27017
20:53:59.299 [cluster-ClusterId{value='63e6a0d661c2a601272c4cef', description='null'}-ac-o2suyf6-shard-00-00.7qtbnuz.mongodb.net:27017] INFO org.mongodb.driver.connection - Opened connection [connectionId{localValue:6, serverValue:269286}] to ac-o2suyf6-shard-00-00.7qtbnuz.mongodb.net:27017
20:53:59.299 [cluster-rtt-ClusterId{value='63e6a0d661c2a601272c4cef', description='null'}-ac-o2suyf6-shard-00-00.7qtbnuz.mongodb.net:27017] INFO org.mongodb.driver.connection - Opened connection [connectionId{localValue:4, serverValue:269285}] to ac-o2suyf6-shard-00-00.7qtbnuz.mongodb.net:27017
20:53:59.309 [cluster-ClusterId{value='63e6a0d661c2a601272c4cef', description='null'}-ac-o2suyf6-shard-00-02.7qtbnuz.mongodb.net:27017] INFO org.mongodb.driver.cluster - Monitor thread successfully connected to server with description ServerDescription{address=ac-o2suyf6-shard-00-02.7qtbnuz.mongodb.net:27017, type=REPLICA_SET_PRIMARY, state=CONNECTED, ok=true, minWireVersion=0, maxWireVersion=13, maxDocumentSize=16777216, logicalSessionTimeoutMinutes=30, roundTripTimeNanos=305802700, setName='atlas-kaecge-shard-0', canonicalAddress=ac-o2suyf6-shard-00-02.7qtbnuz.mongodb.net:27017, hosts=[ac-o2suyf6-shard-00-01.7qtbnuz.mongodb.net:27017, ac-o2suyf6-shard-00-00.7qtbnuz.mongodb.net:27017, ac-o2suyf6-shard-00-02.7qtbnuz.mongodb.net:27017], passives=[], arbiters=[], primary='ac-o2suyf6-shard-00-02.7qtbnuz.mongodb.net:27017', tagSet=TagSet{[Tag{name='nodeType', value='ELECTABLE'}, Tag{name='provider', value='AWS'}, Tag{name='region', value='EU_WEST_3'}, Tag{name='workloadType', value='OPERATIONAL'}]}, electionId=7fffffff000000000000001b, setVersion=2, topologyVersion=TopologyVersion{processId=63d2ddec9b5717a95fe9a7d0, counter=6}, lastWriteDate=Fri Feb 10 20:53:55 CET 2023, lastUpdateTimeNanos=1579343584321500}
20:53:59.309 [cluster-ClusterId{value='63e6a0d661c2a601272c4cef', description='null'}-ac-o2suyf6-shard-00-01.7qtbnuz.mongodb.net:27017] INFO org.mongodb.driver.cluster - Monitor thread successfully connected to server with description ServerDescription{address=ac-o2suyf6-shard-00-01.7qtbnuz.mongodb.net:27017, type=REPLICA_SET_SECONDARY, state=CONNECTED, ok=true, minWireVersion=0, maxWireVersion=13, maxDocumentSize=16777216, logicalSessionTimeoutMinutes=30, roundTripTimeNanos=306234500, setName='atlas-kaecge-shard-0', canonicalAddress=ac-o2suyf6-shard-00-01.7qtbnuz.mongodb.net:27017, hosts=[ac-o2suyf6-shard-00-01.7qtbnuz.mongodb.net:27017, ac-o2suyf6-shard-00-00.7qtbnuz.mongodb.net:27017, ac-o2suyf6-shard-00-02.7qtbnuz.mongodb.net:27017], passives=[], arbiters=[], primary='ac-o2suyf6-shard-00-02.7qtbnuz.mongodb.net:27017', tagSet=TagSet{[Tag{name='nodeType', value='ELECTABLE'}, Tag{name='provider', value='AWS'}, Tag{name='region', value='EU_WEST_3'}, Tag{name='workloadType', value='OPERATIONAL'}]}, electionId=null, setVersion=2, topologyVersion=TopologyVersion{processId=63d2df20846ff8d608cb12a0, counter=3}, lastWriteDate=Fri Feb 10 20:53:55 CET 2023, lastUpdateTimeNanos=1579343584169000}
20:53:59.309 [cluster-ClusterId{value='63e6a0d661c2a601272c4cef', description='null'}-ac-o2suyf6-shard-00-00.7qtbnuz.mongodb.net:27017] INFO org.mongodb.driver.cluster - Monitor thread successfully connected to server with description ServerDescription{address=ac-o2suyf6-shard-00-00.7qtbnuz.mongodb.net:27017, type=REPLICA_SET_SECONDARY, state=CONNECTED, ok=true, minWireVersion=0, maxWireVersion=13, maxDocumentSize=16777216, logicalSessionTimeoutMinutes=30, roundTripTimeNanos=305897500, setName='atlas-kaecge-shard-0', canonicalAddress=ac-o2suyf6-shard-00-00.7qtbnuz.mongodb.net:27017, hosts=[ac-o2suyf6-shard-00-01.7qtbnuz.mongodb.net:27017, ac-o2suyf6-shard-00-00.7qtbnuz.mongodb.net:27017, ac-o2suyf6-shard-00-02.7qtbnuz.mongodb.net:27017], passives=[], arbiters=[], primary='ac-o2suyf6-shard-00-02.7qtbnuz.mongodb.net:27017', tagSet=TagSet{[Tag{name='nodeType', value='ELECTABLE'}, Tag{name='provider', value='AWS'}, Tag{name='region', value='EU_WEST_3'}, Tag{name='workloadType', value='OPERATIONAL'}]}, electionId=null, setVersion=2, topologyVersion=TopologyVersion{processId=63d2dcc17e78c4cb32f7500c, counter=4}, lastWriteDate=Fri Feb 10 20:53:55 CET 2023, lastUpdateTimeNanos=1579343584169000}
20:53:59.312 [cluster-ClusterId{value='63e6a0d661c2a601272c4cef', description='null'}-ac-o2suyf6-shard-00-00.7qtbnuz.mongodb.net:27017] DEBUG org.mongodb.driver.connection - Marking the connection pool for ServerId{clusterId=ClusterId{value='63e6a0d661c2a601272c4cef', description='null'}, address=ac-o2suyf6-shard-00-00.7qtbnuz.mongodb.net:27017} as 'ready'
20:53:59.313 [MaintenanceTimer-2-thread-1] DEBUG org.mongodb.driver.connection - Pruning pooled connections to ac-o2suyf6-shard-00-00.7qtbnuz.mongodb.net:27017
20:53:59.314 [cluster-ClusterId{value='63e6a0d661c2a601272c4cef', description='null'}-ac-o2suyf6-shard-00-00.7qtbnuz.mongodb.net:27017] DEBUG org.mongodb.driver.cluster - Updating cluster description to  {type=REPLICA_SET, servers=[{address=ac-o2suyf6-shard-00-00.7qtbnuz.mongodb.net:27017, type=REPLICA_SET_SECONDARY, TagSet{[Tag{name='nodeType', value='ELECTABLE'}, Tag{name='provider', value='AWS'}, Tag{name='region', value='EU_WEST_3'}, Tag{name='workloadType', value='OPERATIONAL'}]}, roundTripTime=305.9 ms, state=CONNECTED}, {address=ac-o2suyf6-shard-00-02.7qtbnuz.mongodb.net:27017, type=UNKNOWN, state=CONNECTING}, {address=ac-o2suyf6-shard-00-01.7qtbnuz.mongodb.net:27017, type=UNKNOWN, state=CONNECTING}]
20:53:59.315 [cluster-ClusterId{value='63e6a0d661c2a601272c4cef', description='null'}-ac-o2suyf6-shard-00-00.7qtbnuz.mongodb.net:27017] DEBUG org.mongodb.driver.cluster - Checking status of ac-o2suyf6-shard-00-00.7qtbnuz.mongodb.net:27017
20:53:59.315 [cluster-ClusterId{value='63e6a0d661c2a601272c4cef', description='null'}-ac-o2suyf6-shard-00-02.7qtbnuz.mongodb.net:27017] DEBUG org.mongodb.driver.connection - Marking the connection pool for ServerId{clusterId=ClusterId{value='63e6a0d661c2a601272c4cef', description='null'}, address=ac-o2suyf6-shard-00-02.7qtbnuz.mongodb.net:27017} as 'ready'
20:53:59.315 [cluster-ClusterId{value='63e6a0d661c2a601272c4cef', description='null'}-ac-o2suyf6-shard-00-02.7qtbnuz.mongodb.net:27017] INFO org.mongodb.driver.cluster - Setting max election id to 7fffffff000000000000001b from replica set primary ac-o2suyf6-shard-00-02.7qtbnuz.mongodb.net:27017
20:53:59.315 [cluster-ClusterId{value='63e6a0d661c2a601272c4cef', description='null'}-ac-o2suyf6-shard-00-02.7qtbnuz.mongodb.net:27017] INFO org.mongodb.driver.cluster - Setting max set version to 2 from replica set primary ac-o2suyf6-shard-00-02.7qtbnuz.mongodb.net:27017
20:53:59.315 [cluster-ClusterId{value='63e6a0d661c2a601272c4cef', description='null'}-ac-o2suyf6-shard-00-02.7qtbnuz.mongodb.net:27017] INFO org.mongodb.driver.cluster - Discovered replica set primary ac-o2suyf6-shard-00-02.7qtbnuz.mongodb.net:27017
20:53:59.316 [cluster-ClusterId{value='63e6a0d661c2a601272c4cef', description='null'}-ac-o2suyf6-shard-00-02.7qtbnuz.mongodb.net:27017] DEBUG org.mongodb.driver.cluster - Updating cluster description to  {type=REPLICA_SET, servers=[{address=ac-o2suyf6-shard-00-00.7qtbnuz.mongodb.net:27017, type=REPLICA_SET_SECONDARY, TagSet{[Tag{name='nodeType', value='ELECTABLE'}, Tag{name='provider', value='AWS'}, Tag{name='region', value='EU_WEST_3'}, Tag{name='workloadType', value='OPERATIONAL'}]}, roundTripTime=305.9 ms, state=CONNECTED}, {address=ac-o2suyf6-shard-00-02.7qtbnuz.mongodb.net:27017, type=REPLICA_SET_PRIMARY, TagSet{[Tag{name='nodeType', value='ELECTABLE'}, Tag{name='provider', value='AWS'}, Tag{name='region', value='EU_WEST_3'}, Tag{name='workloadType', value='OPERATIONAL'}]}, roundTripTime=305.8 ms, state=CONNECTED}, {address=ac-o2suyf6-shard-00-01.7qtbnuz.mongodb.net:27017, type=UNKNOWN, state=CONNECTING}]
20:53:59.316 [cluster-ClusterId{value='63e6a0d661c2a601272c4cef', description='null'}-ac-o2suyf6-shard-00-02.7qtbnuz.mongodb.net:27017] DEBUG org.mongodb.driver.cluster - Checking status of ac-o2suyf6-shard-00-02.7qtbnuz.mongodb.net:27017
20:53:59.316 [cluster-ClusterId{value='63e6a0d661c2a601272c4cef', description='null'}-ac-o2suyf6-shard-00-01.7qtbnuz.mongodb.net:27017] DEBUG org.mongodb.driver.connection - Marking the connection pool for ServerId{clusterId=ClusterId{value='63e6a0d661c2a601272c4cef', description='null'}, address=ac-o2suyf6-shard-00-01.7qtbnuz.mongodb.net:27017} as 'ready'
20:53:59.316 [cluster-ClusterId{value='63e6a0d661c2a601272c4cef', description='null'}-ac-o2suyf6-shard-00-01.7qtbnuz.mongodb.net:27017] DEBUG org.mongodb.driver.cluster - Updating cluster description to  {type=REPLICA_SET, servers=[{address=ac-o2suyf6-shard-00-00.7qtbnuz.mongodb.net:27017, type=REPLICA_SET_SECONDARY, TagSet{[Tag{name='nodeType', value='ELECTABLE'}, Tag{name='provider', value='AWS'}, Tag{name='region', value='EU_WEST_3'}, Tag{name='workloadType', value='OPERATIONAL'}]}, roundTripTime=305.9 ms, state=CONNECTED}, {address=ac-o2suyf6-shard-00-02.7qtbnuz.mongodb.net:27017, type=REPLICA_SET_PRIMARY, TagSet{[Tag{name='nodeType', value='ELECTABLE'}, Tag{name='provider', value='AWS'}, Tag{name='region', value='EU_WEST_3'}, Tag{name='workloadType', value='OPERATIONAL'}]}, roundTripTime=305.8 ms, state=CONNECTED}, {address=ac-o2suyf6-shard-00-01.7qtbnuz.mongodb.net:27017, type=REPLICA_SET_SECONDARY, TagSet{[Tag{name='nodeType', value='ELECTABLE'}, Tag{name='provider', value='AWS'}, Tag{name='region', value='EU_WEST_3'}, Tag{name='workloadType', value='OPERATIONAL'}]}, roundTripTime=306.2 ms, state=CONNECTED}]
20:53:59.316 [cluster-ClusterId{value='63e6a0d661c2a601272c4cef', description='null'}-ac-o2suyf6-shard-00-01.7qtbnuz.mongodb.net:27017] DEBUG org.mongodb.driver.cluster - Checking status of ac-o2suyf6-shard-00-01.7qtbnuz.mongodb.net:27017
20:53:59.318 [MaintenanceTimer-6-thread-1] DEBUG org.mongodb.driver.connection - Pruning pooled connections to ac-o2suyf6-shard-00-01.7qtbnuz.mongodb.net:27017
20:53:59.318 [MaintenanceTimer-4-thread-1] DEBUG org.mongodb.driver.connection - Pruning pooled connections to ac-o2suyf6-shard-00-02.7qtbnuz.mongodb.net:27017
20:53:59.671 [async-channel-group-0-handler-executor] INFO org.mongodb.driver.connection - Opened connection [connectionId{localValue:7, serverValue:268692}] to ac-o2suyf6-shard-00-02.7qtbnuz.mongodb.net:27017
20:53:59.685 [async-channel-group-0-handler-executor] DEBUG org.mongodb.driver.protocol.command - Sending command '{"find": "producto", "filter": {}, "batchSize": 64, "$db": "practica03mongoIvanLoli", "lsid": {"id": {"$binary": {"base64": "iaaDCEpQRkC2MlqJ67VcNQ==", "subType": "04"}}}}' with request id 13 to database practica03mongoIvanLoli on connection [connectionId{localValue:7, serverValue:268692}] to server ac-o2suyf6-shard-00-02.7qtbnuz.mongodb.net:27017
20:53:59.725 [async-channel-group-0-handler-executor] DEBUG org.mongodb.driver.protocol.command - Execution of command with request id 13 completed successfully in 43.28 ms on connection [connectionId{localValue:7, serverValue:268692}] to server ac-o2suyf6-shard-00-02.7qtbnuz.mongodb.net:27017
20:53:59.728 [async-channel-group-0-handler-executor] DEBUG org.mongodb.driver.operation - Received batch of 0 documents with cursorId 0 from server ac-o2suyf6-shard-00-02.7qtbnuz.mongodb.net:27017
20:54:00.286 [Test worker] DEBUG io.mockk.impl.instantiation.AbstractMockFactory - Creating mockk for MaquinaRepositoryCached name=repoM#93
20:54:00.287 [Test worker] DEBUG io.mockk.impl.instantiation.AbstractMockFactory - Creating mockk for PedidoRepositoryCached name=repoPedido#94
20:54:00.287 [Test worker] DEBUG io.mockk.impl.instantiation.AbstractMockFactory - Creating mockk for ProductoRepositoryCached name=repoProd#95
20:54:00.287 [Test worker] DEBUG io.mockk.impl.instantiation.AbstractMockFactory - Creating mockk for TareaRepositoryCached name=repoTarea#96
20:54:00.288 [Test worker] DEBUG io.mockk.impl.instantiation.AbstractMockFactory - Creating mockk for TurnoRepositoryCached name=repoTurno#97
20:54:00.288 [Test worker] DEBUG io.mockk.impl.instantiation.AbstractMockFactory - Creating mockk for UserRepositoryCached name=repoUser#98
20:54:00.294 [Test worker @coroutine#81] DEBUG io.mockk.impl.instantiation.AbstractMockFactory - Creating mockk for Turno name=child of repoTurno#97#99
20:54:00.296 [Test worker @coroutine#81] DEBUG io.mockk.impl.instantiation.AbstractMockFactory - Creating mockk for Turno name=child of repoTurno#97#100
20:54:00.844 [Test worker] DEBUG io.mockk.impl.instantiation.AbstractMockFactory - Creating mockk for MaquinaRepositoryCached name=repoM#101
20:54:00.844 [Test worker] DEBUG io.mockk.impl.instantiation.AbstractMockFactory - Creating mockk for PedidoRepositoryCached name=repoPedido#102
20:54:00.844 [Test worker] DEBUG io.mockk.impl.instantiation.AbstractMockFactory - Creating mockk for ProductoRepositoryCached name=repoProd#103
20:54:00.844 [Test worker] DEBUG io.mockk.impl.instantiation.AbstractMockFactory - Creating mockk for TareaRepositoryCached name=repoTarea#104
20:54:00.845 [Test worker] DEBUG io.mockk.impl.instantiation.AbstractMockFactory - Creating mockk for TurnoRepositoryCached name=repoTurno#105
20:54:00.845 [Test worker] DEBUG io.mockk.impl.instantiation.AbstractMockFactory - Creating mockk for UserRepositoryCached name=repoUser#106
20:54:00.852 [Test worker @coroutine#89] DEBUG io.mockk.impl.instantiation.AbstractMockFactory - Creating mockk for Producto name=child of repoProd#103#107
20:54:00.856 [DefaultDispatcher-worker-2] DEBUG io.mockk.impl.recording.states.AnsweringState - Answering Producto(id=63e6a0d861c2a601272c4cff, uuid=93a98d69-0004-48a7-b34f-05b596ea83aa, tipo=FUNDAS, marca=MarcaZ, modelo=ModeloZ, precio=36.4, stock=8) on ProductoRepositoryCached(repoProd#103).save(Producto(id=63e6a0d861c2a601272c4d04, uuid=93a98d69-6da6-48a7-b34f-05b596aaaaac, tipo=RAQUETAS, marca=Marca Inicial, modelo=Raqueta inicial, precio=40.0, stock=15), continuation {})
20:54:01.371 [Test worker] DEBUG io.mockk.impl.instantiation.AbstractMockFactory - Creating mockk for MaquinaRepositoryCached name=repoM#108
20:54:01.371 [Test worker] DEBUG io.mockk.impl.instantiation.AbstractMockFactory - Creating mockk for PedidoRepositoryCached name=repoPedido#109
20:54:01.371 [Test worker] DEBUG io.mockk.impl.instantiation.AbstractMockFactory - Creating mockk for ProductoRepositoryCached name=repoProd#110
20:54:01.371 [Test worker] DEBUG io.mockk.impl.instantiation.AbstractMockFactory - Creating mockk for TareaRepositoryCached name=repoTarea#111
20:54:01.372 [Test worker] DEBUG io.mockk.impl.instantiation.AbstractMockFactory - Creating mockk for TurnoRepositoryCached name=repoTurno#112
20:54:01.372 [Test worker] DEBUG io.mockk.impl.instantiation.AbstractMockFactory - Creating mockk for UserRepositoryCached name=repoUser#113
20:54:01.378 [Test worker @coroutine#93] DEBUG io.mockk.impl.instantiation.AbstractMockFactory - Creating mockk for Producto name=child of repoProd#110#114
20:54:01.398 [Test worker @coroutine#93] DEBUG io.mockk.impl.instantiation.AbstractMockFactory - Creating mockk for Producto name=child of repoProd#110#115
20:54:01.404 [DefaultDispatcher-worker-2 @coroutine#98] DEBUG io.mockk.impl.recording.states.AnsweringState - Answering Producto(id=63e6a0d961c2a601272c4d0a, uuid=93a98d69-0004-48a7-b34f-05b596ea83aa, tipo=FUNDAS, marca=MarcaZ, modelo=ModeloZ, precio=36.4, stock=8) on ProductoRepositoryCached(repoProd#110).findByUUID(93a98d69-0004-48a7-b34f-05b596ea83aa, continuation {})
20:54:01.404 [DefaultDispatcher-worker-2 @coroutine#98] DEBUG io.mockk.impl.recording.states.AnsweringState - Answering Producto(id=63e6a0d961c2a601272c4d0a, uuid=93a98d69-0004-48a7-b34f-05b596ea83aa, tipo=FUNDAS, marca=MarcaZ, modelo=ModeloZ, precio=36.4, stock=8) on ProductoRepositoryCached(repoProd#110).decreaseStock(63e6a0d961c2a601272c4d0a, continuation {})
20:54:01.918 [Test worker] DEBUG io.mockk.impl.instantiation.AbstractMockFactory - Creating mockk for MaquinaRepositoryCached name=repoM#116
20:54:01.919 [Test worker] DEBUG io.mockk.impl.instantiation.AbstractMockFactory - Creating mockk for PedidoRepositoryCached name=repoPedido#117
20:54:01.920 [Test worker] DEBUG io.mockk.impl.instantiation.AbstractMockFactory - Creating mockk for ProductoRepositoryCached name=repoProd#118
20:54:01.920 [Test worker] DEBUG io.mockk.impl.instantiation.AbstractMockFactory - Creating mockk for TareaRepositoryCached name=repoTarea#119
20:54:01.920 [Test worker] DEBUG io.mockk.impl.instantiation.AbstractMockFactory - Creating mockk for TurnoRepositoryCached name=repoTurno#120
20:54:01.921 [Test worker] DEBUG io.mockk.impl.instantiation.AbstractMockFactory - Creating mockk for UserRepositoryCached name=repoUser#121
20:54:01.927 [Test worker @coroutine#101] DEBUG io.mockk.impl.instantiation.AbstractMockFactory - Creating mockk for Maquina name=child of repoM#116#122
20:54:01.931 [DefaultDispatcher-worker-2 @coroutine#104] DEBUG io.mockk.impl.recording.states.AnsweringState - Answering Maquina(id=63e6a0d961c2a601272c4d17, uuid=93a98d69-0008-48a7-b34f-05b596ea83bb, modelo=RTX-3080TI, marca=Nvidia, fechaAdquisicion=2022-11-10, numeroSerie=123456789X, tipo=PERSONALIZADORA, activa=true, isManual=null, maxTension=null, minTension=null, measuresManeuverability=true, measuresRigidity=false, measuresBalance=true) on MaquinaRepositoryCached(repoM#116).findByUUID(93a98d69-0008-48a7-b34f-05b596ea83bb, continuation {})
20:54:02.451 [Test worker] DEBUG io.mockk.impl.instantiation.AbstractMockFactory - Creating mockk for MaquinaRepositoryCached name=repoM#123
20:54:02.451 [Test worker] DEBUG io.mockk.impl.instantiation.AbstractMockFactory - Creating mockk for PedidoRepositoryCached name=repoPedido#124
20:54:02.452 [Test worker] DEBUG io.mockk.impl.instantiation.AbstractMockFactory - Creating mockk for ProductoRepositoryCached name=repoProd#125
20:54:02.452 [Test worker] DEBUG io.mockk.impl.instantiation.AbstractMockFactory - Creating mockk for TareaRepositoryCached name=repoTarea#126
20:54:02.452 [Test worker] DEBUG io.mockk.impl.instantiation.AbstractMockFactory - Creating mockk for TurnoRepositoryCached name=repoTurno#127
20:54:02.453 [Test worker] DEBUG io.mockk.impl.instantiation.AbstractMockFactory - Creating mockk for UserRepositoryCached name=repoUser#128
20:54:02.460 [Test worker @coroutine#106] DEBUG io.mockk.impl.instantiation.AbstractMockFactory - Creating mockk for Maquina name=child of repoM#123#129
20:54:02.462 [Test worker @coroutine#106] DEBUG io.mockk.impl.instantiation.AbstractMockFactory - Creating mockk for Maquina name=child of repoM#123#130
20:54:02.979 [Test worker] DEBUG io.mockk.impl.instantiation.AbstractMockFactory - Creating mockk for MaquinaRepositoryCached name=repoM#131
20:54:02.980 [Test worker] DEBUG io.mockk.impl.instantiation.AbstractMockFactory - Creating mockk for PedidoRepositoryCached name=repoPedido#132
20:54:02.980 [Test worker] DEBUG io.mockk.impl.instantiation.AbstractMockFactory - Creating mockk for ProductoRepositoryCached name=repoProd#133
20:54:02.980 [Test worker] DEBUG io.mockk.impl.instantiation.AbstractMockFactory - Creating mockk for TareaRepositoryCached name=repoTarea#134
20:54:02.980 [Test worker] DEBUG io.mockk.impl.instantiation.AbstractMockFactory - Creating mockk for TurnoRepositoryCached name=repoTurno#135
20:54:02.981 [Test worker] DEBUG io.mockk.impl.instantiation.AbstractMockFactory - Creating mockk for UserRepositoryCached name=repoUser#136
20:54:02.988 [Test worker @coroutine#114] DEBUG io.mockk.impl.instantiation.AbstractMockFactory - Creating mockk for Maquina name=child of repoM#131#137
20:54:02.990 [Test worker @coroutine#114] DEBUG io.mockk.impl.instantiation.AbstractMockFactory - Creating mockk for Maquina name=child of repoM#131#138
20:54:02.994 [DefaultDispatcher-worker-2 @coroutine#119] DEBUG io.mockk.impl.recording.states.AnsweringState - Answering Maquina(id=63e6a0da61c2a601272c4d2b, uuid=93a98d69-0008-48a7-b34f-05b596ea83bb, modelo=RTX-3080TI, marca=Nvidia, fechaAdquisicion=2022-11-10, numeroSerie=123456789X, tipo=PERSONALIZADORA, activa=true, isManual=null, maxTension=null, minTension=null, measuresManeuverability=true, measuresRigidity=false, measuresBalance=true) on MaquinaRepositoryCached(repoM#131).findByUUID(93a98d69-0008-48a7-b34f-05b596ea83bb, continuation {})
20:54:02.994 [DefaultDispatcher-worker-2 @coroutine#119] DEBUG io.mockk.impl.recording.states.AnsweringState - Answering Maquina(id=63e6a0da61c2a601272c4d2b, uuid=93a98d69-0008-48a7-b34f-05b596ea83bb, modelo=RTX-3080TI, marca=Nvidia, fechaAdquisicion=2022-11-10, numeroSerie=123456789X, tipo=PERSONALIZADORA, activa=true, isManual=null, maxTension=null, minTension=null, measuresManeuverability=true, measuresRigidity=false, measuresBalance=true) on MaquinaRepositoryCached(repoM#131).delete(63e6a0da61c2a601272c4d2b, continuation {})
20:54:03.511 [Test worker] DEBUG io.mockk.impl.instantiation.AbstractMockFactory - Creating mockk for MaquinaRepositoryCached name=repoM#139
20:54:03.512 [Test worker] DEBUG io.mockk.impl.instantiation.AbstractMockFactory - Creating mockk for PedidoRepositoryCached name=repoPedido#140
20:54:03.513 [Test worker] DEBUG io.mockk.impl.instantiation.AbstractMockFactory - Creating mockk for ProductoRepositoryCached name=repoProd#141
20:54:03.513 [Test worker] DEBUG io.mockk.impl.instantiation.AbstractMockFactory - Creating mockk for TareaRepositoryCached name=repoTarea#142
20:54:03.514 [Test worker] DEBUG io.mockk.impl.instantiation.AbstractMockFactory - Creating mockk for TurnoRepositoryCached name=repoTurno#143
20:54:03.514 [Test worker] DEBUG io.mockk.impl.instantiation.AbstractMockFactory - Creating mockk for UserRepositoryCached name=repoUser#144
20:54:03.521 [Test worker @coroutine#122] DEBUG io.mockk.impl.instantiation.AbstractMockFactory - Creating mockk for Tarea name=child of repoTarea#142#145
20:54:03.524 [Test worker @coroutine#122] DEBUG io.mockk.impl.instantiation.AbstractMockFactory - Creating mockk for Tarea name=child of repoTarea#142#146
20:54:04.049 [Test worker] DEBUG io.mockk.impl.instantiation.AbstractMockFactory - Creating mockk for MaquinaRepositoryCached name=repoM#147
20:54:04.050 [Test worker] DEBUG io.mockk.impl.instantiation.AbstractMockFactory - Creating mockk for PedidoRepositoryCached name=repoPedido#148
20:54:04.050 [Test worker] DEBUG io.mockk.impl.instantiation.AbstractMockFactory - Creating mockk for ProductoRepositoryCached name=repoProd#149
20:54:04.050 [Test worker] DEBUG io.mockk.impl.instantiation.AbstractMockFactory - Creating mockk for TareaRepositoryCached name=repoTarea#150
20:54:04.050 [Test worker] DEBUG io.mockk.impl.instantiation.AbstractMockFactory - Creating mockk for TurnoRepositoryCached name=repoTurno#151
20:54:04.051 [Test worker] DEBUG io.mockk.impl.instantiation.AbstractMockFactory - Creating mockk for UserRepositoryCached name=repoUser#152
20:54:04.057 [Test worker @coroutine#130] DEBUG io.mockk.impl.instantiation.AbstractMockFactory - Creating mockk for User name=child of repoUser#152#153
20:54:04.059 [Test worker @coroutine#130] DEBUG io.mockk.impl.instantiation.AbstractMockFactory - Creating mockk for Tarea name=child of repoTarea#150#154
20:54:04.062 [Test worker @coroutine#130] DEBUG io.mockk.impl.instantiation.AbstractMockFactory - Creating mockk for Pedido name=child of repoPedido#148#155
20:54:04.351 [DefaultDispatcher-worker-2] DEBUG io.mockk.impl.recording.states.AnsweringState - Answering User(id=63e6a0dc61c2a601272c4d3a, uuid=93a98d69-0006-48a7-b34f-05b596ea839a, nombre=Maria, apellido=Martinez, telefono=632120281, email=email2@email.com, password=contra, perfil=CLIENT, activo=true) on UserRepositoryCached(repoUser#152).findByUUID(93a98d69-6da6-48a7-b34f-05b596aaaaaa, continuation {})
20:54:04.352 [DefaultDispatcher-worker-2] DEBUG io.mockk.impl.recording.states.AnsweringState - Answering Tarea(id=63e6a0dc61c2a601272c4d3e, uuid=93a98d69-0013-48a7-b34f-05b596ea83cc, raquetaId=93a98d69-0001-48a7-b34f-05b596ea83ba, precio=36.4, tipo=PERSONALIZACION, finalizada=true, pedidoId=93a98d69-0010-48a7-b34f-05b596ea8acc, productoAdquiridoId=93a98d69-0004-48a7-b34f-05b596ea83aa, peso=10, balance=2.0, rigidez=5, tensionHorizontal=null, cordajeHorizontalId=null, tensionVertical=null, cordajeVerticalId=null, dosNudos=null) on TareaRepositoryCached(repoTarea#150).save(Tarea(id=63e6a0dc61c2a601272c4d42, uuid=93a98d69-6da6-48a7-b34f-05b596aaaacc, raquetaId=93a98d69-6da6-48a7-b34f-05b596aaaaac, precio=15.0, tipo=ADQUISICION, finalizada=false, pedidoId=93a98d69-6da6-48a7-b34f-05b596aaabac, productoAdquiridoId=93a98d69-6da6-48a7-b34f-05b596aaaabb, peso=null, balance=null, rigidez=null, tensionHorizontal=null, cordajeHorizontalId=null, tensionVertical=null, cordajeVerticalId=null, dosNudos=null), continuation {})
20:54:04.352 [DefaultDispatcher-worker-2] DEBUG io.mockk.impl.recording.states.AnsweringState - Answering Tarea(id=63e6a0dc61c2a601272c4d3e, uuid=93a98d69-0013-48a7-b34f-05b596ea83cc, raquetaId=93a98d69-0001-48a7-b34f-05b596ea83ba, precio=36.4, tipo=PERSONALIZACION, finalizada=true, pedidoId=93a98d69-0010-48a7-b34f-05b596ea8acc, productoAdquiridoId=93a98d69-0004-48a7-b34f-05b596ea83aa, peso=10, balance=2.0, rigidez=5, tensionHorizontal=null, cordajeHorizontalId=null, tensionVertical=null, cordajeVerticalId=null, dosNudos=null) on TareaRepositoryCached(repoTarea#150).save(Tarea(id=63e6a0dc61c2a601272c4d43, uuid=93a98d69-6da6-48a7-b34f-05b596aaabab, raquetaId=93a98d69-6da6-48a7-b34f-05b596aaaaac, precio=56.0, tipo=ENCORDADO, finalizada=false, pedidoId=93a98d69-6da6-48a7-b34f-05b596aaabac, productoAdquiridoId=null, peso=null, balance=null, rigidez=null, tensionHorizontal=6.0, cordajeHorizontalId=93a98d69-6da6-48a7-b34f-05b596aaaaba, tensionVertical=6.5, cordajeVerticalId=93a98d69-6da6-48a7-b34f-05b596aaaaba, dosNudos=true), continuation {})
20:54:04.352 [DefaultDispatcher-worker-2] DEBUG io.mockk.impl.recording.states.AnsweringState - Answering Tarea(id=63e6a0dc61c2a601272c4d3e, uuid=93a98d69-0013-48a7-b34f-05b596ea83cc, raquetaId=93a98d69-0001-48a7-b34f-05b596ea83ba, precio=36.4, tipo=PERSONALIZACION, finalizada=true, pedidoId=93a98d69-0010-48a7-b34f-05b596ea8acc, productoAdquiridoId=93a98d69-0004-48a7-b34f-05b596ea83aa, peso=10, balance=2.0, rigidez=5, tensionHorizontal=null, cordajeHorizontalId=null, tensionVertical=null, cordajeVerticalId=null, dosNudos=null) on TareaRepositoryCached(repoTarea#150).save(Tarea(id=63e6a0dc61c2a601272c4d44, uuid=93a98d69-6da6-48a7-b34f-05b596aaabaa, raquetaId=93a98d69-6da6-48a7-b34f-05b596aaaaac, precio=60.0, tipo=PERSONALIZACION, finalizada=false, pedidoId=93a98d69-6da6-48a7-b34f-05b596aaabac, productoAdquiridoId=null, peso=10, balance=2.0, rigidez=5, tensionHorizontal=null, cordajeHorizontalId=null, tensionVertical=null, cordajeVerticalId=null, dosNudos=null), continuation {})
20:54:04.355 [DefaultDispatcher-worker-2] DEBUG io.mockk.impl.recording.states.AnsweringState - Answering Pedido(id=63e6a0dc61c2a601272c4d3d, uuid=93a98d69-0010-48a7-b34f-05b596ea8acc, userId=93a98d69-0006-48a7-b34f-05b596ea839a, state=PROCESO, fechaEntrada=2013-10-10, fechaSalida=2023-12-12, topeEntrega=2023-12-14, precio=0.0) on PedidoRepositoryCached(repoPedido#148).save(Pedido(id=63e6a0dc61c2a601272c4d48, uuid=93a98d69-6da6-48a7-b34f-05b596aaabac, userId=93a98d69-6da6-48a7-b34f-05b596aaaaaa, state=PROCESO, fechaEntrada=2023-02-10, fechaSalida=2023-02-11, topeEntrega=2023-02-24, precio=131.0), continuation {})
20:54:04.360 [DefaultDispatcher-worker-2] DEBUG koin.repositories.tarea.TareaRepository - findAll()
20:54:04.365 [AsyncGetter-5-thread-1] DEBUG org.mongodb.driver.protocol.command - Sending command '{"find": "tarea", "filter": {}, "batchSize": 64, "$db": "practica03mongoIvanLoli", "$clusterTime": {"clusterTime": {"$timestamp": {"t": 1676058836, "i": 2}}, "signature": {"hash": {"$binary": {"base64": "xVczolqVhE1HwY2f+m9C1A8kbSE=", "subType": "00"}}, "keyId": 7161871216054108163}}, "lsid": {"id": {"$binary": {"base64": "iaaDCEpQRkC2MlqJ67VcNQ==", "subType": "04"}}}}' with request id 14 to database practica03mongoIvanLoli on connection [connectionId{localValue:7, serverValue:268692}] to server ac-o2suyf6-shard-00-02.7qtbnuz.mongodb.net:27017
20:54:04.419 [async-channel-group-0-handler-executor] DEBUG org.mongodb.driver.protocol.command - Execution of command with request id 14 completed successfully in 54.60 ms on connection [connectionId{localValue:7, serverValue:268692}] to server ac-o2suyf6-shard-00-02.7qtbnuz.mongodb.net:27017
20:54:04.419 [async-channel-group-0-handler-executor] DEBUG org.mongodb.driver.operation - Received batch of 0 documents with cursorId 0 from server ac-o2suyf6-shard-00-02.7qtbnuz.mongodb.net:27017
20:54:04.424 [DefaultDispatcher-worker-2] DEBUG koin.repositories.user.UserRepository - findByUUID(93a98d69-0006-48a7-b34f-05b596ea839a)
20:54:04.427 [AsyncGetter-5-thread-1] DEBUG org.mongodb.driver.protocol.command - Sending command '{"find": "user", "filter": {}, "batchSize": 64, "$db": "practica03mongoIvanLoli", "$clusterTime": {"clusterTime": {"$timestamp": {"t": 1676058840, "i": 6}}, "signature": {"hash": {"$binary": {"base64": "Wj/0utqUh+VVU2kfONNRmLzP9nI=", "subType": "00"}}, "keyId": 7161871216054108163}}, "lsid": {"id": {"$binary": {"base64": "iaaDCEpQRkC2MlqJ67VcNQ==", "subType": "04"}}}}' with request id 15 to database practica03mongoIvanLoli on connection [connectionId{localValue:7, serverValue:268692}] to server ac-o2suyf6-shard-00-02.7qtbnuz.mongodb.net:27017
20:54:04.467 [async-channel-group-0-handler-executor] DEBUG org.mongodb.driver.protocol.command - Execution of command with request id 15 completed successfully in 39.41 ms on connection [connectionId{localValue:7, serverValue:268692}] to server ac-o2suyf6-shard-00-02.7qtbnuz.mongodb.net:27017
20:54:04.467 [async-channel-group-0-handler-executor] DEBUG org.mongodb.driver.operation - Received batch of 0 documents with cursorId 0 from server ac-o2suyf6-shard-00-02.7qtbnuz.mongodb.net:27017
20:54:04.993 [Test worker] DEBUG io.mockk.impl.instantiation.AbstractMockFactory - Creating mockk for MaquinaRepositoryCached name=repoM#156
20:54:04.993 [Test worker] DEBUG io.mockk.impl.instantiation.AbstractMockFactory - Creating mockk for PedidoRepositoryCached name=repoPedido#157
20:54:04.993 [Test worker] DEBUG io.mockk.impl.instantiation.AbstractMockFactory - Creating mockk for ProductoRepositoryCached name=repoProd#158
20:54:04.994 [Test worker] DEBUG io.mockk.impl.instantiation.AbstractMockFactory - Creating mockk for TareaRepositoryCached name=repoTarea#159
20:54:04.994 [Test worker] DEBUG io.mockk.impl.instantiation.AbstractMockFactory - Creating mockk for TurnoRepositoryCached name=repoTurno#160
20:54:04.994 [Test worker] DEBUG io.mockk.impl.instantiation.AbstractMockFactory - Creating mockk for UserRepositoryCached name=repoUser#161
20:54:05.000 [Test worker @coroutine#138] DEBUG io.mockk.impl.instantiation.AbstractMockFactory - Creating mockk for Maquina name=child of repoM#156#162
20:54:05.002 [Test worker @coroutine#138] DEBUG io.mockk.impl.instantiation.AbstractMockFactory - Creating mockk for Maquina name=child of repoM#156#163
20:54:05.006 [DefaultDispatcher-worker-2 @coroutine#143] DEBUG io.mockk.impl.recording.states.AnsweringState - Answering Maquina(id=63e6a0dc61c2a601272c4d51, uuid=93a98d69-0008-48a7-b34f-05b596ea83bb, modelo=RTX-3080TI, marca=Nvidia, fechaAdquisicion=2022-11-10, numeroSerie=123456789X, tipo=PERSONALIZADORA, activa=true, isManual=null, maxTension=null, minTension=null, measuresManeuverability=true, measuresRigidity=false, measuresBalance=true) on MaquinaRepositoryCached(repoM#156).findByUUID(93a98d69-0008-48a7-b34f-05b596ea83bb, continuation {})
20:54:05.006 [DefaultDispatcher-worker-2 @coroutine#143] DEBUG io.mockk.impl.recording.states.AnsweringState - Answering null on MaquinaRepositoryCached(repoM#156).setInactive(63e6a0dc61c2a601272c4d51, continuation {})
20:54:05.539 [Test worker] DEBUG io.mockk.impl.instantiation.AbstractMockFactory - Creating mockk for MaquinaRepositoryCached name=repoM#164
20:54:05.539 [Test worker] DEBUG io.mockk.impl.instantiation.AbstractMockFactory - Creating mockk for PedidoRepositoryCached name=repoPedido#165
20:54:05.540 [Test worker] DEBUG io.mockk.impl.instantiation.AbstractMockFactory - Creating mockk for ProductoRepositoryCached name=repoProd#166
20:54:05.540 [Test worker] DEBUG io.mockk.impl.instantiation.AbstractMockFactory - Creating mockk for TareaRepositoryCached name=repoTarea#167
20:54:05.540 [Test worker] DEBUG io.mockk.impl.instantiation.AbstractMockFactory - Creating mockk for TurnoRepositoryCached name=repoTurno#168
20:54:05.540 [Test worker] DEBUG io.mockk.impl.instantiation.AbstractMockFactory - Creating mockk for UserRepositoryCached name=repoUser#169
20:54:05.547 [Test worker @coroutine#146] DEBUG io.mockk.impl.instantiation.AbstractMockFactory - Creating mockk for Maquina name=child of repoM#164#170
20:54:05.550 [Test worker @coroutine#146] DEBUG io.mockk.impl.instantiation.AbstractMockFactory - Creating mockk for Maquina name=child of repoM#164#171
20:54:06.069 [Test worker] DEBUG io.mockk.impl.instantiation.AbstractMockFactory - Creating mockk for MaquinaRepositoryCached name=repoM#172
20:54:06.070 [Test worker] DEBUG io.mockk.impl.instantiation.AbstractMockFactory - Creating mockk for PedidoRepositoryCached name=repoPedido#173
20:54:06.070 [Test worker] DEBUG io.mockk.impl.instantiation.AbstractMockFactory - Creating mockk for ProductoRepositoryCached name=repoProd#174
20:54:06.070 [Test worker] DEBUG io.mockk.impl.instantiation.AbstractMockFactory - Creating mockk for TareaRepositoryCached name=repoTarea#175
20:54:06.070 [Test worker] DEBUG io.mockk.impl.instantiation.AbstractMockFactory - Creating mockk for TurnoRepositoryCached name=repoTurno#176
20:54:06.070 [Test worker] DEBUG io.mockk.impl.instantiation.AbstractMockFactory - Creating mockk for UserRepositoryCached name=repoUser#177
20:54:06.075 [Test worker @coroutine#154] DEBUG io.mockk.impl.instantiation.AbstractMockFactory - Creating mockk for Maquina name=child of repoM#172#178
20:54:06.077 [Test worker @coroutine#154] DEBUG io.mockk.impl.instantiation.AbstractMockFactory - Creating mockk for Maquina name=child of repoM#172#179
20:54:06.605 [Test worker] DEBUG io.mockk.impl.instantiation.AbstractMockFactory - Creating mockk for MaquinaRepositoryCached name=repoM#180
20:54:06.605 [Test worker] DEBUG io.mockk.impl.instantiation.AbstractMockFactory - Creating mockk for PedidoRepositoryCached name=repoPedido#181
20:54:06.605 [Test worker] DEBUG io.mockk.impl.instantiation.AbstractMockFactory - Creating mockk for ProductoRepositoryCached name=repoProd#182
20:54:06.606 [Test worker] DEBUG io.mockk.impl.instantiation.AbstractMockFactory - Creating mockk for TareaRepositoryCached name=repoTarea#183
20:54:06.606 [Test worker] DEBUG io.mockk.impl.instantiation.AbstractMockFactory - Creating mockk for TurnoRepositoryCached name=repoTurno#184
20:54:06.606 [Test worker] DEBUG io.mockk.impl.instantiation.AbstractMockFactory - Creating mockk for UserRepositoryCached name=repoUser#185
20:54:06.613 [Test worker @coroutine#162] DEBUG io.mockk.impl.instantiation.AbstractMockFactory - Creating mockk for Maquina name=child of repoM#180#186
20:54:06.615 [Test worker @coroutine#162] DEBUG io.mockk.impl.instantiation.AbstractMockFactory - Creating mockk for Maquina name=child of repoM#180#187
20:54:06.618 [DefaultDispatcher-worker-2 @coroutine#167] DEBUG io.mockk.impl.recording.states.AnsweringState - Answering Maquina(id=63e6a0de61c2a601272c4d6f, uuid=93a98d69-0008-48a7-b34f-05b596ea83bb, modelo=RTX-3080TI, marca=Nvidia, fechaAdquisicion=2022-11-10, numeroSerie=123456789X, tipo=PERSONALIZADORA, activa=true, isManual=null, maxTension=null, minTension=null, measuresManeuverability=true, measuresRigidity=false, measuresBalance=true) on MaquinaRepositoryCached(repoM#180).findByUUID(93a98d69-0008-48a7-b34f-05b596ea83bb, continuation {})
20:54:06.618 [DefaultDispatcher-worker-2 @coroutine#167] DEBUG io.mockk.impl.recording.states.AnsweringState - Answering Maquina(id=63e6a0de61c2a601272c4d6f, uuid=93a98d69-0008-48a7-b34f-05b596ea83bb, modelo=RTX-3080TI, marca=Nvidia, fechaAdquisicion=2022-11-10, numeroSerie=123456789X, tipo=PERSONALIZADORA, activa=true, isManual=null, maxTension=null, minTension=null, measuresManeuverability=true, measuresRigidity=false, measuresBalance=true) on MaquinaRepositoryCached(repoM#180).setInactive(63e6a0de61c2a601272c4d6f, continuation {})
20:54:07.137 [Test worker] DEBUG io.mockk.impl.instantiation.AbstractMockFactory - Creating mockk for MaquinaRepositoryCached name=repoM#188
20:54:07.138 [Test worker] DEBUG io.mockk.impl.instantiation.AbstractMockFactory - Creating mockk for PedidoRepositoryCached name=repoPedido#189
20:54:07.138 [Test worker] DEBUG io.mockk.impl.instantiation.AbstractMockFactory - Creating mockk for ProductoRepositoryCached name=repoProd#190
20:54:07.138 [Test worker] DEBUG io.mockk.impl.instantiation.AbstractMockFactory - Creating mockk for TareaRepositoryCached name=repoTarea#191
20:54:07.139 [Test worker] DEBUG io.mockk.impl.instantiation.AbstractMockFactory - Creating mockk for TurnoRepositoryCached name=repoTurno#192
20:54:07.139 [Test worker] DEBUG io.mockk.impl.instantiation.AbstractMockFactory - Creating mockk for UserRepositoryCached name=repoUser#193
20:54:07.144 [Test worker @coroutine#170] DEBUG io.mockk.impl.instantiation.AbstractMockFactory - Creating mockk for Tarea name=child of repoTarea#191#194
20:54:07.148 [Test worker @coroutine#170] DEBUG io.mockk.impl.instantiation.AbstractMockFactory - Creating mockk for Tarea name=child of repoTarea#191#195
20:54:07.153 [DefaultDispatcher-worker-2 @coroutine#175] DEBUG io.mockk.impl.recording.states.AnsweringState - Answering Tarea(id=63e6a0df61c2a601272c4d78, uuid=93a98d69-0013-48a7-b34f-05b596ea83cc, raquetaId=93a98d69-0001-48a7-b34f-05b596ea83ba, precio=36.4, tipo=PERSONALIZACION, finalizada=true, pedidoId=93a98d69-0010-48a7-b34f-05b596ea8acc, productoAdquiridoId=93a98d69-0004-48a7-b34f-05b596ea83aa, peso=10, balance=2.0, rigidez=5, tensionHorizontal=null, cordajeHorizontalId=null, tensionVertical=null, cordajeVerticalId=null, dosNudos=null) on TareaRepositoryCached(repoTarea#191).findByUUID(93a98d69-0013-48a7-b34f-05b596ea83cc, continuation {})
20:54:07.153 [DefaultDispatcher-worker-2 @coroutine#175] DEBUG io.mockk.impl.recording.states.AnsweringState - Answering null on TareaRepositoryCached(repoTarea#191).delete(63e6a0df61c2a601272c4d78, continuation {})
20:54:07.699 [Test worker] DEBUG io.mockk.impl.instantiation.AbstractMockFactory - Creating mockk for MaquinaRepositoryCached name=repoM#196
20:54:07.699 [Test worker] DEBUG io.mockk.impl.instantiation.AbstractMockFactory - Creating mockk for PedidoRepositoryCached name=repoPedido#197
20:54:07.700 [Test worker] DEBUG io.mockk.impl.instantiation.AbstractMockFactory - Creating mockk for ProductoRepositoryCached name=repoProd#198
20:54:07.700 [Test worker] DEBUG io.mockk.impl.instantiation.AbstractMockFactory - Creating mockk for TareaRepositoryCached name=repoTarea#199
20:54:07.700 [Test worker] DEBUG io.mockk.impl.instantiation.AbstractMockFactory - Creating mockk for TurnoRepositoryCached name=repoTurno#200
20:54:07.700 [Test worker] DEBUG io.mockk.impl.instantiation.AbstractMockFactory - Creating mockk for UserRepositoryCached name=repoUser#201
20:54:07.705 [Test worker @coroutine#178] DEBUG io.mockk.impl.instantiation.AbstractMockFactory - Creating mockk for Flow name=child of repoTarea#199#202
20:54:07.709 [DefaultDispatcher-worker-2 @coroutine#181] DEBUG io.mockk.impl.recording.states.AnsweringState - Answering kotlinx.coroutines.flow.FlowKt__BuildersKt$flowOf$$inlined$unsafeFlow$2@11fa60f8 on TareaRepositoryCached(repoTarea#199).findAll(continuation {})
20:54:07.709 [DefaultDispatcher-worker-2 @coroutine#181] DEBUG koin.repositories.producto.ProductoRepository - findByUUID(93a98d69-0001-48a7-b34f-05b596ea83ba)
20:54:07.711 [AsyncGetter-5-thread-1] DEBUG org.mongodb.driver.protocol.command - Sending command '{"find": "producto", "filter": {}, "batchSize": 64, "$db": "practica03mongoIvanLoli", "$clusterTime": {"clusterTime": {"$timestamp": {"t": 1676058840, "i": 6}}, "signature": {"hash": {"$binary": {"base64": "Wj/0utqUh+VVU2kfONNRmLzP9nI=", "subType": "00"}}, "keyId": 7161871216054108163}}, "lsid": {"id": {"$binary": {"base64": "iaaDCEpQRkC2MlqJ67VcNQ==", "subType": "04"}}}}' with request id 16 to database practica03mongoIvanLoli on connection [connectionId{localValue:7, serverValue:268692}] to server ac-o2suyf6-shard-00-02.7qtbnuz.mongodb.net:27017
20:54:07.770 [async-channel-group-0-handler-executor] DEBUG org.mongodb.driver.protocol.command - Execution of command with request id 16 completed successfully in 59.87 ms on connection [connectionId{localValue:7, serverValue:268692}] to server ac-o2suyf6-shard-00-02.7qtbnuz.mongodb.net:27017
20:54:07.770 [async-channel-group-0-handler-executor] DEBUG org.mongodb.driver.operation - Received batch of 0 documents with cursorId 0 from server ac-o2suyf6-shard-00-02.7qtbnuz.mongodb.net:27017
20:54:08.290 [Test worker] DEBUG io.mockk.impl.instantiation.AbstractMockFactory - Creating mockk for MaquinaRepositoryCached name=repoM#203
20:54:08.290 [Test worker] DEBUG io.mockk.impl.instantiation.AbstractMockFactory - Creating mockk for PedidoRepositoryCached name=repoPedido#204
20:54:08.290 [Test worker] DEBUG io.mockk.impl.instantiation.AbstractMockFactory - Creating mockk for ProductoRepositoryCached name=repoProd#205
20:54:08.291 [Test worker] DEBUG io.mockk.impl.instantiation.AbstractMockFactory - Creating mockk for TareaRepositoryCached name=repoTarea#206
20:54:08.291 [Test worker] DEBUG io.mockk.impl.instantiation.AbstractMockFactory - Creating mockk for TurnoRepositoryCached name=repoTurno#207
20:54:08.291 [Test worker] DEBUG io.mockk.impl.instantiation.AbstractMockFactory - Creating mockk for UserRepositoryCached name=repoUser#208
20:54:08.297 [Test worker @coroutine#184] DEBUG io.mockk.impl.instantiation.AbstractMockFactory - Creating mockk for Flow name=child of repoPedido#204#209
20:54:08.300 [DefaultDispatcher-worker-2 @coroutine#187] DEBUG io.mockk.impl.recording.states.AnsweringState - Answering kotlinx.coroutines.flow.FlowKt__BuildersKt$flowOf$$inlined$unsafeFlow$1@5d152187 on PedidoRepositoryCached(repoPedido#204).findAll(continuation {})
20:54:08.834 [Test worker] DEBUG io.mockk.impl.instantiation.AbstractMockFactory - Creating mockk for MaquinaRepositoryCached name=repoM#210
20:54:08.835 [Test worker] DEBUG io.mockk.impl.instantiation.AbstractMockFactory - Creating mockk for PedidoRepositoryCached name=repoPedido#211
20:54:08.835 [Test worker] DEBUG io.mockk.impl.instantiation.AbstractMockFactory - Creating mockk for ProductoRepositoryCached name=repoProd#212
20:54:08.835 [Test worker] DEBUG io.mockk.impl.instantiation.AbstractMockFactory - Creating mockk for TareaRepositoryCached name=repoTarea#213
20:54:08.836 [Test worker] DEBUG io.mockk.impl.instantiation.AbstractMockFactory - Creating mockk for TurnoRepositoryCached name=repoTurno#214
20:54:08.837 [Test worker] DEBUG io.mockk.impl.instantiation.AbstractMockFactory - Creating mockk for UserRepositoryCached name=repoUser#215
20:54:08.845 [Test worker @coroutine#190] DEBUG io.mockk.impl.instantiation.AbstractMockFactory - Creating mockk for Turno name=child of repoTurno#214#216
20:54:08.848 [Test worker @coroutine#190] DEBUG io.mockk.impl.instantiation.AbstractMockFactory - Creating mockk for Turno name=child of repoTurno#214#217
20:54:08.850 [DefaultDispatcher-worker-2 @coroutine#195] DEBUG io.mockk.impl.recording.states.AnsweringState - Answering Turno(id=63e6a0e061c2a601272c4d98, uuid=93a98d69-0019-48a7-b34f-05b596ea8abc, workerId=93a98d69-0007-48a7-b34f-05b596ea839c, maquinaId=93a98d69-0008-48a7-b34f-05b596ea83bb, horaInicio=2002-10-14T10:09, horaFin=2002-10-14T16:49, numPedidosActivos=2, tarea1Id=93a98d69-0013-48a7-b34f-05b596ea83cc, tarea2Id=null, finalizado=false) on TurnoRepositoryCached(repoTurno#214).findByUUID(93a98d69-0019-48a7-b34f-05b596ea8abc, continuation {})
20:54:08.851 [DefaultDispatcher-worker-2 @coroutine#195] DEBUG io.mockk.impl.recording.states.AnsweringState - Answering Turno(id=63e6a0e061c2a601272c4d98, uuid=93a98d69-0019-48a7-b34f-05b596ea8abc, workerId=93a98d69-0007-48a7-b34f-05b596ea839c, maquinaId=93a98d69-0008-48a7-b34f-05b596ea83bb, horaInicio=2002-10-14T10:09, horaFin=2002-10-14T16:49, numPedidosActivos=2, tarea1Id=93a98d69-0013-48a7-b34f-05b596ea83cc, tarea2Id=null, finalizado=false) on TurnoRepositoryCached(repoTurno#214).setFinalizado(63e6a0e061c2a601272c4d98, continuation {})
20:54:08.854 [DefaultDispatcher-worker-2 @coroutine#195] DEBUG koin.repositories.user.UserRepository - findByUUID(93a98d69-0007-48a7-b34f-05b596ea839c)
20:54:08.855 [AsyncGetter-5-thread-1] DEBUG org.mongodb.driver.protocol.command - Sending command '{"find": "user", "filter": {}, "batchSize": 64, "$db": "practica03mongoIvanLoli", "$clusterTime": {"clusterTime": {"$timestamp": {"t": 1676058844, "i": 6}}, "signature": {"hash": {"$binary": {"base64": "Mkp7V15mHbjYyc+xg4arOk8b5CE=", "subType": "00"}}, "keyId": 7161871216054108163}}, "lsid": {"id": {"$binary": {"base64": "iaaDCEpQRkC2MlqJ67VcNQ==", "subType": "04"}}}}' with request id 17 to database practica03mongoIvanLoli on connection [connectionId{localValue:7, serverValue:268692}] to server ac-o2suyf6-shard-00-02.7qtbnuz.mongodb.net:27017
20:54:08.904 [async-channel-group-0-handler-executor] DEBUG org.mongodb.driver.protocol.command - Execution of command with request id 17 completed successfully in 48.82 ms on connection [connectionId{localValue:7, serverValue:268692}] to server ac-o2suyf6-shard-00-02.7qtbnuz.mongodb.net:27017
20:54:08.904 [async-channel-group-0-handler-executor] DEBUG org.mongodb.driver.operation - Received batch of 0 documents with cursorId 0 from server ac-o2suyf6-shard-00-02.7qtbnuz.mongodb.net:27017
20:54:08.908 [DefaultDispatcher-worker-2 @coroutine#195] DEBUG koin.repositories.maquina.MaquinaRepository - findByUUID(93a98d69-0008-48a7-b34f-05b596ea83bb)
20:54:08.911 [AsyncGetter-5-thread-1] DEBUG org.mongodb.driver.protocol.command - Sending command '{"find": "maquina", "filter": {}, "batchSize": 64, "$db": "practica03mongoIvanLoli", "$clusterTime": {"clusterTime": {"$timestamp": {"t": 1676058845, "i": 1}}, "signature": {"hash": {"$binary": {"base64": "A1llthl3nnmlZWyzSFnZehySwsM=", "subType": "00"}}, "keyId": 7161871216054108163}}, "lsid": {"id": {"$binary": {"base64": "iaaDCEpQRkC2MlqJ67VcNQ==", "subType": "04"}}}}' with request id 18 to database practica03mongoIvanLoli on connection [connectionId{localValue:7, serverValue:268692}] to server ac-o2suyf6-shard-00-02.7qtbnuz.mongodb.net:27017
20:54:08.951 [async-channel-group-0-handler-executor] DEBUG org.mongodb.driver.protocol.command - Execution of command with request id 18 completed successfully in 40.08 ms on connection [connectionId{localValue:7, serverValue:268692}] to server ac-o2suyf6-shard-00-02.7qtbnuz.mongodb.net:27017
20:54:08.951 [async-channel-group-0-handler-executor] DEBUG org.mongodb.driver.operation - Received batch of 0 documents with cursorId 0 from server ac-o2suyf6-shard-00-02.7qtbnuz.mongodb.net:27017
20:54:08.955 [DefaultDispatcher-worker-2 @coroutine#195] DEBUG koin.repositories.tarea.TareaRepository - findByUUID(93a98d69-0013-48a7-b34f-05b596ea83cc)
20:54:08.958 [AsyncGetter-5-thread-1] DEBUG org.mongodb.driver.protocol.command - Sending command '{"find": "tarea", "filter": {}, "batchSize": 64, "$db": "practica03mongoIvanLoli", "$clusterTime": {"clusterTime": {"$timestamp": {"t": 1676058845, "i": 1}}, "signature": {"hash": {"$binary": {"base64": "A1llthl3nnmlZWyzSFnZehySwsM=", "subType": "00"}}, "keyId": 7161871216054108163}}, "lsid": {"id": {"$binary": {"base64": "iaaDCEpQRkC2MlqJ67VcNQ==", "subType": "04"}}}}' with request id 19 to database practica03mongoIvanLoli on connection [connectionId{localValue:7, serverValue:268692}] to server ac-o2suyf6-shard-00-02.7qtbnuz.mongodb.net:27017
20:54:09.000 [async-channel-group-0-handler-executor] DEBUG org.mongodb.driver.protocol.command - Execution of command with request id 19 completed successfully in 41.15 ms on connection [connectionId{localValue:7, serverValue:268692}] to server ac-o2suyf6-shard-00-02.7qtbnuz.mongodb.net:27017
20:54:09.000 [async-channel-group-0-handler-executor] DEBUG org.mongodb.driver.operation - Received batch of 0 documents with cursorId 0 from server ac-o2suyf6-shard-00-02.7qtbnuz.mongodb.net:27017
20:54:09.300 [cluster-rtt-ClusterId{value='63e6a0d661c2a601272c4cef', description='null'}-ac-o2suyf6-shard-00-00.7qtbnuz.mongodb.net:27017] DEBUG org.mongodb.driver.protocol.command - Sending command '{"hello": 1, "$db": "admin", "$clusterTime": {"clusterTime": {"$timestamp": {"t": 1676058845, "i": 1}}, "signature": {"hash": {"$binary": {"base64": "A1llthl3nnmlZWyzSFnZehySwsM=", "subType": "00"}}, "keyId": 7161871216054108163}}}' with request id 20 to database admin on connection [connectionId{localValue:4, serverValue:269285}] to server ac-o2suyf6-shard-00-00.7qtbnuz.mongodb.net:27017
20:54:09.314 [cluster-rtt-ClusterId{value='63e6a0d661c2a601272c4cef', description='null'}-ac-o2suyf6-shard-00-02.7qtbnuz.mongodb.net:27017] DEBUG org.mongodb.driver.protocol.command - Sending command '{"hello": 1, "$db": "admin", "$clusterTime": {"clusterTime": {"$timestamp": {"t": 1676058845, "i": 1}}, "signature": {"hash": {"$binary": {"base64": "A1llthl3nnmlZWyzSFnZehySwsM=", "subType": "00"}}, "keyId": 7161871216054108163}}}' with request id 22 to database admin on connection [connectionId{localValue:3, serverValue:268695}] to server ac-o2suyf6-shard-00-02.7qtbnuz.mongodb.net:27017
20:54:09.314 [cluster-rtt-ClusterId{value='63e6a0d661c2a601272c4cef', description='null'}-ac-o2suyf6-shard-00-01.7qtbnuz.mongodb.net:27017] DEBUG org.mongodb.driver.protocol.command - Sending command '{"hello": 1, "$db": "admin", "$clusterTime": {"clusterTime": {"$timestamp": {"t": 1676058845, "i": 1}}, "signature": {"hash": {"$binary": {"base64": "A1llthl3nnmlZWyzSFnZehySwsM=", "subType": "00"}}, "keyId": 7161871216054108163}}}' with request id 21 to database admin on connection [connectionId{localValue:1, serverValue:264752}] to server ac-o2suyf6-shard-00-01.7qtbnuz.mongodb.net:27017
20:54:09.353 [cluster-rtt-ClusterId{value='63e6a0d661c2a601272c4cef', description='null'}-ac-o2suyf6-shard-00-01.7qtbnuz.mongodb.net:27017] DEBUG org.mongodb.driver.protocol.command - Execution of command with request id 21 completed successfully in 39.26 ms on connection [connectionId{localValue:1, serverValue:264752}] to server ac-o2suyf6-shard-00-01.7qtbnuz.mongodb.net:27017
20:54:09.353 [cluster-rtt-ClusterId{value='63e6a0d661c2a601272c4cef', description='null'}-ac-o2suyf6-shard-00-00.7qtbnuz.mongodb.net:27017] DEBUG org.mongodb.driver.protocol.command - Execution of command with request id 20 completed successfully in 53.37 ms on connection [connectionId{localValue:4, serverValue:269285}] to server ac-o2suyf6-shard-00-00.7qtbnuz.mongodb.net:27017
20:54:09.354 [cluster-rtt-ClusterId{value='63e6a0d661c2a601272c4cef', description='null'}-ac-o2suyf6-shard-00-02.7qtbnuz.mongodb.net:27017] DEBUG org.mongodb.driver.protocol.command - Execution of command with request id 22 completed successfully in 39.25 ms on connection [connectionId{localValue:3, serverValue:268695}] to server ac-o2suyf6-shard-00-02.7qtbnuz.mongodb.net:27017
20:54:09.362 [cluster-ClusterId{value='63e6a0d661c2a601272c4cef', description='null'}-ac-o2suyf6-shard-00-01.7qtbnuz.mongodb.net:27017] DEBUG org.mongodb.driver.cluster - Updating cluster description to  {type=REPLICA_SET, servers=[{address=ac-o2suyf6-shard-00-00.7qtbnuz.mongodb.net:27017, type=REPLICA_SET_SECONDARY, TagSet{[Tag{name='nodeType', value='ELECTABLE'}, Tag{name='provider', value='AWS'}, Tag{name='region', value='EU_WEST_3'}, Tag{name='workloadType', value='OPERATIONAL'}]}, roundTripTime=305.9 ms, state=CONNECTED}, {address=ac-o2suyf6-shard-00-02.7qtbnuz.mongodb.net:27017, type=REPLICA_SET_PRIMARY, TagSet{[Tag{name='nodeType', value='ELECTABLE'}, Tag{name='provider', value='AWS'}, Tag{name='region', value='EU_WEST_3'}, Tag{name='workloadType', value='OPERATIONAL'}]}, roundTripTime=305.8 ms, state=CONNECTED}, {address=ac-o2suyf6-shard-00-01.7qtbnuz.mongodb.net:27017, type=REPLICA_SET_SECONDARY, TagSet{[Tag{name='nodeType', value='ELECTABLE'}, Tag{name='provider', value='AWS'}, Tag{name='region', value='EU_WEST_3'}, Tag{name='workloadType', value='OPERATIONAL'}]}, roundTripTime=253.2 ms, state=CONNECTED}]
20:54:09.362 [cluster-ClusterId{value='63e6a0d661c2a601272c4cef', description='null'}-ac-o2suyf6-shard-00-01.7qtbnuz.mongodb.net:27017] DEBUG org.mongodb.driver.cluster - Checking status of ac-o2suyf6-shard-00-01.7qtbnuz.mongodb.net:27017
20:54:09.362 [cluster-ClusterId{value='63e6a0d661c2a601272c4cef', description='null'}-ac-o2suyf6-shard-00-02.7qtbnuz.mongodb.net:27017] DEBUG org.mongodb.driver.cluster - Updating cluster description to  {type=REPLICA_SET, servers=[{address=ac-o2suyf6-shard-00-00.7qtbnuz.mongodb.net:27017, type=REPLICA_SET_SECONDARY, TagSet{[Tag{name='nodeType', value='ELECTABLE'}, Tag{name='provider', value='AWS'}, Tag{name='region', value='EU_WEST_3'}, Tag{name='workloadType', value='OPERATIONAL'}]}, roundTripTime=305.9 ms, state=CONNECTED}, {address=ac-o2suyf6-shard-00-02.7qtbnuz.mongodb.net:27017, type=REPLICA_SET_PRIMARY, TagSet{[Tag{name='nodeType', value='ELECTABLE'}, Tag{name='provider', value='AWS'}, Tag{name='region', value='EU_WEST_3'}, Tag{name='workloadType', value='OPERATIONAL'}]}, roundTripTime=252.8 ms, state=CONNECTED}, {address=ac-o2suyf6-shard-00-01.7qtbnuz.mongodb.net:27017, type=REPLICA_SET_SECONDARY, TagSet{[Tag{name='nodeType', value='ELECTABLE'}, Tag{name='provider', value='AWS'}, Tag{name='region', value='EU_WEST_3'}, Tag{name='workloadType', value='OPERATIONAL'}]}, roundTripTime=253.2 ms, state=CONNECTED}]
20:54:09.362 [cluster-ClusterId{value='63e6a0d661c2a601272c4cef', description='null'}-ac-o2suyf6-shard-00-02.7qtbnuz.mongodb.net:27017] DEBUG org.mongodb.driver.cluster - Checking status of ac-o2suyf6-shard-00-02.7qtbnuz.mongodb.net:27017
20:54:09.370 [cluster-ClusterId{value='63e6a0d661c2a601272c4cef', description='null'}-ac-o2suyf6-shard-00-00.7qtbnuz.mongodb.net:27017] DEBUG org.mongodb.driver.cluster - Updating cluster description to  {type=REPLICA_SET, servers=[{address=ac-o2suyf6-shard-00-00.7qtbnuz.mongodb.net:27017, type=REPLICA_SET_SECONDARY, TagSet{[Tag{name='nodeType', value='ELECTABLE'}, Tag{name='provider', value='AWS'}, Tag{name='region', value='EU_WEST_3'}, Tag{name='workloadType', value='OPERATIONAL'}]}, roundTripTime=255.6 ms, state=CONNECTED}, {address=ac-o2suyf6-shard-00-02.7qtbnuz.mongodb.net:27017, type=REPLICA_SET_PRIMARY, TagSet{[Tag{name='nodeType', value='ELECTABLE'}, Tag{name='provider', value='AWS'}, Tag{name='region', value='EU_WEST_3'}, Tag{name='workloadType', value='OPERATIONAL'}]}, roundTripTime=252.8 ms, state=CONNECTED}, {address=ac-o2suyf6-shard-00-01.7qtbnuz.mongodb.net:27017, type=REPLICA_SET_SECONDARY, TagSet{[Tag{name='nodeType', value='ELECTABLE'}, Tag{name='provider', value='AWS'}, Tag{name='region', value='EU_WEST_3'}, Tag{name='workloadType', value='OPERATIONAL'}]}, roundTripTime=253.2 ms, state=CONNECTED}]
20:54:09.370 [cluster-ClusterId{value='63e6a0d661c2a601272c4cef', description='null'}-ac-o2suyf6-shard-00-00.7qtbnuz.mongodb.net:27017] DEBUG org.mongodb.driver.cluster - Checking status of ac-o2suyf6-shard-00-00.7qtbnuz.mongodb.net:27017
20:54:09.520 [Test worker] DEBUG io.mockk.impl.instantiation.AbstractMockFactory - Creating mockk for MaquinaRepositoryCached name=repoM#218
20:54:09.520 [Test worker] DEBUG io.mockk.impl.instantiation.AbstractMockFactory - Creating mockk for PedidoRepositoryCached name=repoPedido#219
20:54:09.520 [Test worker] DEBUG io.mockk.impl.instantiation.AbstractMockFactory - Creating mockk for ProductoRepositoryCached name=repoProd#220
20:54:09.520 [Test worker] DEBUG io.mockk.impl.instantiation.AbstractMockFactory - Creating mockk for TareaRepositoryCached name=repoTarea#221
20:54:09.521 [Test worker] DEBUG io.mockk.impl.instantiation.AbstractMockFactory - Creating mockk for TurnoRepositoryCached name=repoTurno#222
20:54:09.521 [Test worker] DEBUG io.mockk.impl.instantiation.AbstractMockFactory - Creating mockk for UserRepositoryCached name=repoUser#223
20:54:09.526 [Test worker @coroutine#198] DEBUG io.mockk.impl.instantiation.AbstractMockFactory - Creating mockk for Flow name=child of repoProd#220#224
20:54:09.531 [DefaultDispatcher-worker-2 @coroutine#201] DEBUG io.mockk.impl.recording.states.AnsweringState - Answering kotlinx.coroutines.flow.FlowKt__BuildersKt$flowOf$$inlined$unsafeFlow$1@f083bf on ProductoRepositoryCached(repoProd#220).findAll(continuation {})
20:54:10.072 [Test worker] DEBUG io.mockk.impl.instantiation.AbstractMockFactory - Creating mockk for MaquinaRepositoryCached name=repoM#225
20:54:10.072 [Test worker] DEBUG io.mockk.impl.instantiation.AbstractMockFactory - Creating mockk for PedidoRepositoryCached name=repoPedido#226
20:54:10.073 [Test worker] DEBUG io.mockk.impl.instantiation.AbstractMockFactory - Creating mockk for ProductoRepositoryCached name=repoProd#227
20:54:10.073 [Test worker] DEBUG io.mockk.impl.instantiation.AbstractMockFactory - Creating mockk for TareaRepositoryCached name=repoTarea#228
20:54:10.073 [Test worker] DEBUG io.mockk.impl.instantiation.AbstractMockFactory - Creating mockk for TurnoRepositoryCached name=repoTurno#229
20:54:10.073 [Test worker] DEBUG io.mockk.impl.instantiation.AbstractMockFactory - Creating mockk for UserRepositoryCached name=repoUser#230
20:54:10.082 [Test worker @coroutine#204] DEBUG io.mockk.impl.instantiation.AbstractMockFactory - Creating mockk for Flow name=child of repoPedido#226#231
20:54:10.084 [DefaultDispatcher-worker-2 @coroutine#207] DEBUG io.mockk.impl.recording.states.AnsweringState - Answering kotlinx.coroutines.flow.FlowKt__BuildersKt$flowOf$$inlined$unsafeFlow$2@46ed359d on PedidoRepositoryCached(repoPedido#226).findAll(continuation {})
20:54:10.085 [DefaultDispatcher-worker-2 @coroutine#207] DEBUG koin.repositories.tarea.TareaRepository - findAll()
20:54:10.087 [AsyncGetter-5-thread-1] DEBUG org.mongodb.driver.protocol.command - Sending command '{"find": "tarea", "filter": {}, "batchSize": 64, "$db": "practica03mongoIvanLoli", "$clusterTime": {"clusterTime": {"$timestamp": {"t": 1676058845, "i": 3}}, "signature": {"hash": {"$binary": {"base64": "A1llthl3nnmlZWyzSFnZehySwsM=", "subType": "00"}}, "keyId": 7161871216054108163}}, "lsid": {"id": {"$binary": {"base64": "iaaDCEpQRkC2MlqJ67VcNQ==", "subType": "04"}}}}' with request id 23 to database practica03mongoIvanLoli on connection [connectionId{localValue:7, serverValue:268692}] to server ac-o2suyf6-shard-00-02.7qtbnuz.mongodb.net:27017
20:54:10.125 [async-channel-group-0-handler-executor] DEBUG org.mongodb.driver.protocol.command - Execution of command with request id 23 completed successfully in 39.33 ms on connection [connectionId{localValue:7, serverValue:268692}] to server ac-o2suyf6-shard-00-02.7qtbnuz.mongodb.net:27017
20:54:10.126 [async-channel-group-0-handler-executor] DEBUG org.mongodb.driver.operation - Received batch of 0 documents with cursorId 0 from server ac-o2suyf6-shard-00-02.7qtbnuz.mongodb.net:27017
20:54:10.127 [DefaultDispatcher-worker-2 @coroutine#207] DEBUG koin.repositories.user.UserRepository - findByUUID(93a98d69-0006-48a7-b34f-05b596ea839a)
20:54:10.127 [AsyncGetter-5-thread-1] DEBUG org.mongodb.driver.protocol.command - Sending command '{"find": "user", "filter": {}, "batchSize": 64, "$db": "practica03mongoIvanLoli", "$clusterTime": {"clusterTime": {"$timestamp": {"t": 1676058846, "i": 3}}, "signature": {"hash": {"$binary": {"base64": "Iu4hGXMzth84280MGsr1N+CwXjs=", "subType": "00"}}, "keyId": 7161871216054108163}}, "lsid": {"id": {"$binary": {"base64": "iaaDCEpQRkC2MlqJ67VcNQ==", "subType": "04"}}}}' with request id 24 to database practica03mongoIvanLoli on connection [connectionId{localValue:7, serverValue:268692}] to server ac-o2suyf6-shard-00-02.7qtbnuz.mongodb.net:27017
20:54:10.201 [async-channel-group-0-handler-executor] DEBUG org.mongodb.driver.protocol.command - Execution of command with request id 24 completed successfully in 73.51 ms on connection [connectionId{localValue:7, serverValue:268692}] to server ac-o2suyf6-shard-00-02.7qtbnuz.mongodb.net:27017
20:54:10.201 [async-channel-group-0-handler-executor] DEBUG org.mongodb.driver.operation - Received batch of 0 documents with cursorId 0 from server ac-o2suyf6-shard-00-02.7qtbnuz.mongodb.net:27017
20:54:10.716 [Test worker] DEBUG io.mockk.impl.instantiation.AbstractMockFactory - Creating mockk for MaquinaRepositoryCached name=repoM#232
20:54:10.717 [Test worker] DEBUG io.mockk.impl.instantiation.AbstractMockFactory - Creating mockk for PedidoRepositoryCached name=repoPedido#233
20:54:10.717 [Test worker] DEBUG io.mockk.impl.instantiation.AbstractMockFactory - Creating mockk for ProductoRepositoryCached name=repoProd#234
20:54:10.717 [Test worker] DEBUG io.mockk.impl.instantiation.AbstractMockFactory - Creating mockk for TareaRepositoryCached name=repoTarea#235
20:54:10.717 [Test worker] DEBUG io.mockk.impl.instantiation.AbstractMockFactory - Creating mockk for TurnoRepositoryCached name=repoTurno#236
20:54:10.717 [Test worker] DEBUG io.mockk.impl.instantiation.AbstractMockFactory - Creating mockk for UserRepositoryCached name=repoUser#237
20:54:10.723 [Test worker @coroutine#210] DEBUG io.mockk.impl.instantiation.AbstractMockFactory - Creating mockk for User name=child of repoUser#237#238
20:54:10.728 [DefaultDispatcher-worker-2 @coroutine#213] DEBUG io.mockk.impl.recording.states.AnsweringState - Answering null on UserRepositoryCached(repoUser#237).findByUUID(f8d03fda-27ed-4472-81a6-a1291f30e9be, continuation {})
20:54:11.247 [Test worker] DEBUG io.mockk.impl.instantiation.AbstractMockFactory - Creating mockk for MaquinaRepositoryCached name=repoM#239
20:54:11.247 [Test worker] DEBUG io.mockk.impl.instantiation.AbstractMockFactory - Creating mockk for PedidoRepositoryCached name=repoPedido#240
20:54:11.247 [Test worker] DEBUG io.mockk.impl.instantiation.AbstractMockFactory - Creating mockk for ProductoRepositoryCached name=repoProd#241
20:54:11.248 [Test worker] DEBUG io.mockk.impl.instantiation.AbstractMockFactory - Creating mockk for TareaRepositoryCached name=repoTarea#242
20:54:11.248 [Test worker] DEBUG io.mockk.impl.instantiation.AbstractMockFactory - Creating mockk for TurnoRepositoryCached name=repoTurno#243
20:54:11.248 [Test worker] DEBUG io.mockk.impl.instantiation.AbstractMockFactory - Creating mockk for UserRepositoryCached name=repoUser#244
20:54:11.254 [Test worker @coroutine#216] DEBUG io.mockk.impl.instantiation.AbstractMockFactory - Creating mockk for Tarea name=child of repoTarea#242#245
20:54:11.257 [DefaultDispatcher-worker-2 @coroutine#219] DEBUG io.mockk.impl.recording.states.AnsweringState - Answering Tarea(id=63e6a0e361c2a601272c4dbe, uuid=93a98d69-0013-48a7-b34f-05b596ea83cc, raquetaId=93a98d69-0001-48a7-b34f-05b596ea83ba, precio=36.4, tipo=PERSONALIZACION, finalizada=true, pedidoId=93a98d69-0010-48a7-b34f-05b596ea8acc, productoAdquiridoId=93a98d69-0004-48a7-b34f-05b596ea83aa, peso=10, balance=2.0, rigidez=5, tensionHorizontal=null, cordajeHorizontalId=null, tensionVertical=null, cordajeVerticalId=null, dosNudos=null) on TareaRepositoryCached(repoTarea#242).findByUUID(93a98d69-0013-48a7-b34f-05b596ea83cc, continuation {})
20:54:11.257 [DefaultDispatcher-worker-2 @coroutine#219] DEBUG koin.repositories.producto.ProductoRepository - findByUUID(93a98d69-0001-48a7-b34f-05b596ea83ba)
20:54:11.260 [AsyncGetter-5-thread-1] DEBUG org.mongodb.driver.protocol.command - Sending command '{"find": "producto", "filter": {}, "batchSize": 64, "$db": "practica03mongoIvanLoli", "$clusterTime": {"clusterTime": {"$timestamp": {"t": 1676058846, "i": 3}}, "signature": {"hash": {"$binary": {"base64": "Iu4hGXMzth84280MGsr1N+CwXjs=", "subType": "00"}}, "keyId": 7161871216054108163}}, "lsid": {"id": {"$binary": {"base64": "iaaDCEpQRkC2MlqJ67VcNQ==", "subType": "04"}}}}' with request id 25 to database practica03mongoIvanLoli on connection [connectionId{localValue:7, serverValue:268692}] to server ac-o2suyf6-shard-00-02.7qtbnuz.mongodb.net:27017
20:54:11.320 [async-channel-group-0-handler-executor] DEBUG org.mongodb.driver.protocol.command - Execution of command with request id 25 completed successfully in 60.94 ms on connection [connectionId{localValue:7, serverValue:268692}] to server ac-o2suyf6-shard-00-02.7qtbnuz.mongodb.net:27017
20:54:11.321 [async-channel-group-0-handler-executor] DEBUG org.mongodb.driver.operation - Received batch of 0 documents with cursorId 0 from server ac-o2suyf6-shard-00-02.7qtbnuz.mongodb.net:27017
20:54:11.837 [Test worker] DEBUG io.mockk.impl.instantiation.AbstractMockFactory - Creating mockk for MaquinaRepositoryCached name=repoM#246
20:54:11.838 [Test worker] DEBUG io.mockk.impl.instantiation.AbstractMockFactory - Creating mockk for PedidoRepositoryCached name=repoPedido#247
20:54:11.838 [Test worker] DEBUG io.mockk.impl.instantiation.AbstractMockFactory - Creating mockk for ProductoRepositoryCached name=repoProd#248
20:54:11.838 [Test worker] DEBUG io.mockk.impl.instantiation.AbstractMockFactory - Creating mockk for TareaRepositoryCached name=repoTarea#249
20:54:11.838 [Test worker] DEBUG io.mockk.impl.instantiation.AbstractMockFactory - Creating mockk for TurnoRepositoryCached name=repoTurno#250
20:54:11.839 [Test worker] DEBUG io.mockk.impl.instantiation.AbstractMockFactory - Creating mockk for UserRepositoryCached name=repoUser#251
20:54:11.844 [Test worker @coroutine#222] DEBUG io.mockk.impl.instantiation.AbstractMockFactory - Creating mockk for Producto name=child of repoProd#248#252
20:54:11.846 [Test worker @coroutine#222] DEBUG io.mockk.impl.instantiation.AbstractMockFactory - Creating mockk for Producto name=child of repoProd#248#253
20:54:12.358 [Test worker] DEBUG io.mockk.impl.instantiation.AbstractMockFactory - Creating mockk for MaquinaRepositoryCached name=repoM#254
20:54:12.359 [Test worker] DEBUG io.mockk.impl.instantiation.AbstractMockFactory - Creating mockk for PedidoRepositoryCached name=repoPedido#255
20:54:12.359 [Test worker] DEBUG io.mockk.impl.instantiation.AbstractMockFactory - Creating mockk for ProductoRepositoryCached name=repoProd#256
20:54:12.359 [Test worker] DEBUG io.mockk.impl.instantiation.AbstractMockFactory - Creating mockk for TareaRepositoryCached name=repoTarea#257
20:54:12.359 [Test worker] DEBUG io.mockk.impl.instantiation.AbstractMockFactory - Creating mockk for TurnoRepositoryCached name=repoTurno#258
20:54:12.360 [Test worker] DEBUG io.mockk.impl.instantiation.AbstractMockFactory - Creating mockk for UserRepositoryCached name=repoUser#259
20:54:12.365 [Test worker @coroutine#230] DEBUG io.mockk.impl.instantiation.AbstractMockFactory - Creating mockk for Tarea name=child of repoTarea#257#260
20:54:12.367 [Test worker @coroutine#230] DEBUG io.mockk.impl.instantiation.AbstractMockFactory - Creating mockk for Tarea name=child of repoTarea#257#261
20:54:12.370 [DefaultDispatcher-worker-2 @coroutine#235] DEBUG io.mockk.impl.recording.states.AnsweringState - Answering Tarea(id=63e6a0e461c2a601272c4dd2, uuid=93a98d69-0013-48a7-b34f-05b596ea83cc, raquetaId=93a98d69-0001-48a7-b34f-05b596ea83ba, precio=36.4, tipo=PERSONALIZACION, finalizada=true, pedidoId=93a98d69-0010-48a7-b34f-05b596ea8acc, productoAdquiridoId=93a98d69-0004-48a7-b34f-05b596ea83aa, peso=10, balance=2.0, rigidez=5, tensionHorizontal=null, cordajeHorizontalId=null, tensionVertical=null, cordajeVerticalId=null, dosNudos=null) on TareaRepositoryCached(repoTarea#257).findByUUID(93a98d69-0013-48a7-b34f-05b596ea83cc, continuation {})
20:54:12.370 [DefaultDispatcher-worker-2 @coroutine#235] DEBUG io.mockk.impl.recording.states.AnsweringState - Answering null on TareaRepositoryCached(repoTarea#257).setFinalizada(63e6a0e461c2a601272c4dd2, continuation {})
20:54:12.881 [Test worker] DEBUG io.mockk.impl.instantiation.AbstractMockFactory - Creating mockk for MaquinaRepositoryCached name=repoM#262
20:54:12.881 [Test worker] DEBUG io.mockk.impl.instantiation.AbstractMockFactory - Creating mockk for PedidoRepositoryCached name=repoPedido#263
20:54:12.881 [Test worker] DEBUG io.mockk.impl.instantiation.AbstractMockFactory - Creating mockk for ProductoRepositoryCached name=repoProd#264
20:54:12.882 [Test worker] DEBUG io.mockk.impl.instantiation.AbstractMockFactory - Creating mockk for TareaRepositoryCached name=repoTarea#265
20:54:12.882 [Test worker] DEBUG io.mockk.impl.instantiation.AbstractMockFactory - Creating mockk for TurnoRepositoryCached name=repoTurno#266
20:54:12.882 [Test worker] DEBUG io.mockk.impl.instantiation.AbstractMockFactory - Creating mockk for UserRepositoryCached name=repoUser#267
20:54:12.887 [Test worker @coroutine#238] DEBUG io.mockk.impl.instantiation.AbstractMockFactory - Creating mockk for Tarea name=child of repoTarea#265#268
20:54:12.889 [Test worker @coroutine#238] DEBUG io.mockk.impl.instantiation.AbstractMockFactory - Creating mockk for Tarea name=child of repoTarea#265#269
20:54:12.893 [DefaultDispatcher-worker-2 @coroutine#243] DEBUG io.mockk.impl.recording.states.AnsweringState - Answering Tarea(id=63e6a0e461c2a601272c4ddc, uuid=93a98d69-0013-48a7-b34f-05b596ea83cc, raquetaId=93a98d69-0001-48a7-b34f-05b596ea83ba, precio=36.4, tipo=PERSONALIZACION, finalizada=true, pedidoId=93a98d69-0010-48a7-b34f-05b596ea8acc, productoAdquiridoId=93a98d69-0004-48a7-b34f-05b596ea83aa, peso=10, balance=2.0, rigidez=5, tensionHorizontal=null, cordajeHorizontalId=null, tensionVertical=null, cordajeVerticalId=null, dosNudos=null) on TareaRepositoryCached(repoTarea#265).findByUUID(93a98d69-0013-48a7-b34f-05b596ea83cc, continuation {})
20:54:12.893 [DefaultDispatcher-worker-2 @coroutine#243] DEBUG io.mockk.impl.recording.states.AnsweringState - Answering Tarea(id=63e6a0e461c2a601272c4ddc, uuid=93a98d69-0013-48a7-b34f-05b596ea83cc, raquetaId=93a98d69-0001-48a7-b34f-05b596ea83ba, precio=36.4, tipo=PERSONALIZACION, finalizada=true, pedidoId=93a98d69-0010-48a7-b34f-05b596ea8acc, productoAdquiridoId=93a98d69-0004-48a7-b34f-05b596ea83aa, peso=10, balance=2.0, rigidez=5, tensionHorizontal=null, cordajeHorizontalId=null, tensionVertical=null, cordajeVerticalId=null, dosNudos=null) on TareaRepositoryCached(repoTarea#265).delete(63e6a0e461c2a601272c4ddc, continuation {})
20:54:12.893 [DefaultDispatcher-worker-2 @coroutine#243] DEBUG koin.repositories.producto.ProductoRepository - findByUUID(93a98d69-0001-48a7-b34f-05b596ea83ba)
20:54:12.895 [AsyncGetter-5-thread-1] DEBUG org.mongodb.driver.protocol.command - Sending command '{"find": "producto", "filter": {}, "batchSize": 64, "$db": "practica03mongoIvanLoli", "$clusterTime": {"clusterTime": {"$timestamp": {"t": 1676058847, "i": 2}}, "signature": {"hash": {"$binary": {"base64": "g11NX6TYklrctv0TXFSYBvWH9hY=", "subType": "00"}}, "keyId": 7161871216054108163}}, "lsid": {"id": {"$binary": {"base64": "iaaDCEpQRkC2MlqJ67VcNQ==", "subType": "04"}}}}' with request id 26 to database practica03mongoIvanLoli on connection [connectionId{localValue:7, serverValue:268692}] to server ac-o2suyf6-shard-00-02.7qtbnuz.mongodb.net:27017
20:54:12.933 [async-channel-group-0-handler-executor] DEBUG org.mongodb.driver.protocol.command - Execution of command with request id 26 completed successfully in 39.32 ms on connection [connectionId{localValue:7, serverValue:268692}] to server ac-o2suyf6-shard-00-02.7qtbnuz.mongodb.net:27017
20:54:12.933 [async-channel-group-0-handler-executor] DEBUG org.mongodb.driver.operation - Received batch of 0 documents with cursorId 0 from server ac-o2suyf6-shard-00-02.7qtbnuz.mongodb.net:27017
20:54:13.457 [Test worker] DEBUG io.mockk.impl.instantiation.AbstractMockFactory - Creating mockk for MaquinaRepositoryCached name=repoM#270
20:54:13.457 [Test worker] DEBUG io.mockk.impl.instantiation.AbstractMockFactory - Creating mockk for PedidoRepositoryCached name=repoPedido#271
20:54:13.457 [Test worker] DEBUG io.mockk.impl.instantiation.AbstractMockFactory - Creating mockk for ProductoRepositoryCached name=repoProd#272
20:54:13.457 [Test worker] DEBUG io.mockk.impl.instantiation.AbstractMockFactory - Creating mockk for TareaRepositoryCached name=repoTarea#273
20:54:13.457 [Test worker] DEBUG io.mockk.impl.instantiation.AbstractMockFactory - Creating mockk for TurnoRepositoryCached name=repoTurno#274
20:54:13.457 [Test worker] DEBUG io.mockk.impl.instantiation.AbstractMockFactory - Creating mockk for UserRepositoryCached name=repoUser#275
20:54:13.464 [Test worker @coroutine#246] DEBUG io.mockk.impl.instantiation.AbstractMockFactory - Creating mockk for Flow name=child of repoTarea#273#276
20:54:13.465 [DefaultDispatcher-worker-2 @coroutine#249] DEBUG io.mockk.impl.recording.states.AnsweringState - Answering kotlinx.coroutines.flow.FlowKt__BuildersKt$flowOf$$inlined$unsafeFlow$1@923ef19 on TareaRepositoryCached(repoTarea#273).findAll(continuation {})
20:54:14.000 [Test worker] DEBUG io.mockk.impl.instantiation.AbstractMockFactory - Creating mockk for MaquinaRepositoryCached name=repoM#277
20:54:14.001 [Test worker] DEBUG io.mockk.impl.instantiation.AbstractMockFactory - Creating mockk for PedidoRepositoryCached name=repoPedido#278
20:54:14.001 [Test worker] DEBUG io.mockk.impl.instantiation.AbstractMockFactory - Creating mockk for ProductoRepositoryCached name=repoProd#279
20:54:14.001 [Test worker] DEBUG io.mockk.impl.instantiation.AbstractMockFactory - Creating mockk for TareaRepositoryCached name=repoTarea#280
20:54:14.001 [Test worker] DEBUG io.mockk.impl.instantiation.AbstractMockFactory - Creating mockk for TurnoRepositoryCached name=repoTurno#281
20:54:14.001 [Test worker] DEBUG io.mockk.impl.instantiation.AbstractMockFactory - Creating mockk for UserRepositoryCached name=repoUser#282
20:54:14.006 [Test worker @coroutine#252] DEBUG io.mockk.impl.instantiation.AbstractMockFactory - Creating mockk for Pedido name=child of repoPedido#278#283
20:54:14.008 [Test worker @coroutine#252] DEBUG io.mockk.impl.instantiation.AbstractMockFactory - Creating mockk for Pedido name=child of repoPedido#278#284
20:54:14.532 [Test worker] DEBUG io.mockk.impl.instantiation.AbstractMockFactory - Creating mockk for MaquinaRepositoryCached name=repoM#285
20:54:14.532 [Test worker] DEBUG io.mockk.impl.instantiation.AbstractMockFactory - Creating mockk for PedidoRepositoryCached name=repoPedido#286
20:54:14.534 [Test worker] DEBUG io.mockk.impl.instantiation.AbstractMockFactory - Creating mockk for ProductoRepositoryCached name=repoProd#287
20:54:14.534 [Test worker] DEBUG io.mockk.impl.instantiation.AbstractMockFactory - Creating mockk for TareaRepositoryCached name=repoTarea#288
20:54:14.534 [Test worker] DEBUG io.mockk.impl.instantiation.AbstractMockFactory - Creating mockk for TurnoRepositoryCached name=repoTurno#289
20:54:14.534 [Test worker] DEBUG io.mockk.impl.instantiation.AbstractMockFactory - Creating mockk for UserRepositoryCached name=repoUser#290
20:54:14.544 [Test worker @coroutine#260] DEBUG io.mockk.impl.instantiation.AbstractMockFactory - Creating mockk for Turno name=child of repoTurno#289#291
20:54:14.546 [Test worker @coroutine#260] DEBUG io.mockk.impl.instantiation.AbstractMockFactory - Creating mockk for Turno name=child of repoTurno#289#292
20:54:14.548 [DefaultDispatcher-worker-2 @coroutine#265] DEBUG io.mockk.impl.recording.states.AnsweringState - Answering Turno(id=63e6a0e661c2a601272c4dfc, uuid=93a98d69-0019-48a7-b34f-05b596ea8abc, workerId=93a98d69-0007-48a7-b34f-05b596ea839c, maquinaId=93a98d69-0008-48a7-b34f-05b596ea83bb, horaInicio=2002-10-14T10:09, horaFin=2002-10-14T16:49, numPedidosActivos=2, tarea1Id=93a98d69-0013-48a7-b34f-05b596ea83cc, tarea2Id=null, finalizado=false) on TurnoRepositoryCached(repoTurno#289).findByUUID(93a98d69-0019-48a7-b34f-05b596ea8abc, continuation {})
20:54:14.549 [DefaultDispatcher-worker-2 @coroutine#265] DEBUG io.mockk.impl.recording.states.AnsweringState - Answering null on TurnoRepositoryCached(repoTurno#289).setFinalizado(63e6a0e661c2a601272c4dfc, continuation {})
20:54:15.064 [Test worker] DEBUG io.mockk.impl.instantiation.AbstractMockFactory - Creating mockk for MaquinaRepositoryCached name=repoM#293
20:54:15.064 [Test worker] DEBUG io.mockk.impl.instantiation.AbstractMockFactory - Creating mockk for PedidoRepositoryCached name=repoPedido#294
20:54:15.064 [Test worker] DEBUG io.mockk.impl.instantiation.AbstractMockFactory - Creating mockk for ProductoRepositoryCached name=repoProd#295
20:54:15.064 [Test worker] DEBUG io.mockk.impl.instantiation.AbstractMockFactory - Creating mockk for TareaRepositoryCached name=repoTarea#296
20:54:15.065 [Test worker] DEBUG io.mockk.impl.instantiation.AbstractMockFactory - Creating mockk for TurnoRepositoryCached name=repoTurno#297
20:54:15.065 [Test worker] DEBUG io.mockk.impl.instantiation.AbstractMockFactory - Creating mockk for UserRepositoryCached name=repoUser#298
20:54:15.070 [Test worker @coroutine#268] DEBUG io.mockk.impl.instantiation.AbstractMockFactory - Creating mockk for Pedido name=child of repoPedido#294#299
20:54:15.616 [Test worker] DEBUG io.mockk.impl.instantiation.AbstractMockFactory - Creating mockk for MaquinaRepositoryCached name=repoM#300
20:54:15.617 [Test worker] DEBUG io.mockk.impl.instantiation.AbstractMockFactory - Creating mockk for PedidoRepositoryCached name=repoPedido#301
20:54:15.617 [Test worker] DEBUG io.mockk.impl.instantiation.AbstractMockFactory - Creating mockk for ProductoRepositoryCached name=repoProd#302
20:54:15.617 [Test worker] DEBUG io.mockk.impl.instantiation.AbstractMockFactory - Creating mockk for TareaRepositoryCached name=repoTarea#303
20:54:15.617 [Test worker] DEBUG io.mockk.impl.instantiation.AbstractMockFactory - Creating mockk for TurnoRepositoryCached name=repoTurno#304
20:54:15.617 [Test worker] DEBUG io.mockk.impl.instantiation.AbstractMockFactory - Creating mockk for UserRepositoryCached name=repoUser#305
20:54:15.624 [Test worker @coroutine#272] DEBUG io.mockk.impl.instantiation.AbstractMockFactory - Creating mockk for Tarea name=child of repoTarea#303#306
20:54:15.626 [Test worker @coroutine#272] DEBUG io.mockk.impl.instantiation.AbstractMockFactory - Creating mockk for Tarea name=child of repoTarea#303#307
20:54:16.151 [Test worker] DEBUG io.mockk.impl.instantiation.AbstractMockFactory - Creating mockk for MaquinaRepositoryCached name=repoM#308
20:54:16.151 [Test worker] DEBUG io.mockk.impl.instantiation.AbstractMockFactory - Creating mockk for PedidoRepositoryCached name=repoPedido#309
20:54:16.152 [Test worker] DEBUG io.mockk.impl.instantiation.AbstractMockFactory - Creating mockk for ProductoRepositoryCached name=repoProd#310
20:54:16.152 [Test worker] DEBUG io.mockk.impl.instantiation.AbstractMockFactory - Creating mockk for TareaRepositoryCached name=repoTarea#311
20:54:16.152 [Test worker] DEBUG io.mockk.impl.instantiation.AbstractMockFactory - Creating mockk for TurnoRepositoryCached name=repoTurno#312
20:54:16.152 [Test worker] DEBUG io.mockk.impl.instantiation.AbstractMockFactory - Creating mockk for UserRepositoryCached name=repoUser#313
20:54:16.158 [Test worker @coroutine#280] DEBUG io.mockk.impl.instantiation.AbstractMockFactory - Creating mockk for User name=child of repoUser#313#314
20:54:16.161 [DefaultDispatcher-worker-2 @coroutine#284] DEBUG io.mockk.impl.recording.states.AnsweringState - Answering User(id=63e6a0e861c2a601272c4e14, uuid=93a98d69-0006-48a7-b34f-05b596ea839a, nombre=Maria, apellido=Martinez, telefono=632120281, email=email2@email.com, password=contra, perfil=CLIENT, activo=true) on UserRepositoryCached(repoUser#313).findById(1, continuation {})
20:54:16.686 [Test worker] DEBUG io.mockk.impl.instantiation.AbstractMockFactory - Creating mockk for MaquinaRepositoryCached name=repoM#315
20:54:16.686 [Test worker] DEBUG io.mockk.impl.instantiation.AbstractMockFactory - Creating mockk for PedidoRepositoryCached name=repoPedido#316
20:54:16.686 [Test worker] DEBUG io.mockk.impl.instantiation.AbstractMockFactory - Creating mockk for ProductoRepositoryCached name=repoProd#317
20:54:16.686 [Test worker] DEBUG io.mockk.impl.instantiation.AbstractMockFactory - Creating mockk for TareaRepositoryCached name=repoTarea#318
20:54:16.687 [Test worker] DEBUG io.mockk.impl.instantiation.AbstractMockFactory - Creating mockk for TurnoRepositoryCached name=repoTurno#319
20:54:16.687 [Test worker] DEBUG io.mockk.impl.instantiation.AbstractMockFactory - Creating mockk for UserRepositoryCached name=repoUser#320
20:54:16.692 [Test worker @coroutine#287] DEBUG io.mockk.impl.instantiation.AbstractMockFactory - Creating mockk for Producto name=child of repoProd#317#321
20:54:16.695 [Test worker @coroutine#287] DEBUG io.mockk.impl.instantiation.AbstractMockFactory - Creating mockk for Producto name=child of repoProd#317#322
20:54:17.224 [Test worker] DEBUG io.mockk.impl.instantiation.AbstractMockFactory - Creating mockk for MaquinaRepositoryCached name=repoM#323
20:54:17.224 [Test worker] DEBUG io.mockk.impl.instantiation.AbstractMockFactory - Creating mockk for PedidoRepositoryCached name=repoPedido#324
20:54:17.224 [Test worker] DEBUG io.mockk.impl.instantiation.AbstractMockFactory - Creating mockk for ProductoRepositoryCached name=repoProd#325
20:54:17.225 [Test worker] DEBUG io.mockk.impl.instantiation.AbstractMockFactory - Creating mockk for TareaRepositoryCached name=repoTarea#326
20:54:17.225 [Test worker] DEBUG io.mockk.impl.instantiation.AbstractMockFactory - Creating mockk for TurnoRepositoryCached name=repoTurno#327
20:54:17.225 [Test worker] DEBUG io.mockk.impl.instantiation.AbstractMockFactory - Creating mockk for UserRepositoryCached name=repoUser#328
20:54:17.229 [Test worker @coroutine#294] DEBUG io.mockk.impl.instantiation.AbstractMockFactory - Creating mockk for Flow name=child of repoM#323#329
20:54:17.233 [DefaultDispatcher-worker-2 @coroutine#297] DEBUG io.mockk.impl.recording.states.AnsweringState - Answering kotlinx.coroutines.flow.FlowKt__BuildersKt$flowOf$$inlined$unsafeFlow$2@265cd8f5 on MaquinaRepositoryCached(repoM#323).findAll(continuation {})
20:54:17.744 [Test worker] DEBUG io.mockk.impl.instantiation.AbstractMockFactory - Creating mockk for MaquinaRepositoryCached name=repoM#330
20:54:17.744 [Test worker] DEBUG io.mockk.impl.instantiation.AbstractMockFactory - Creating mockk for PedidoRepositoryCached name=repoPedido#331
20:54:17.744 [Test worker] DEBUG io.mockk.impl.instantiation.AbstractMockFactory - Creating mockk for ProductoRepositoryCached name=repoProd#332
20:54:17.745 [Test worker] DEBUG io.mockk.impl.instantiation.AbstractMockFactory - Creating mockk for TareaRepositoryCached name=repoTarea#333
20:54:17.745 [Test worker] DEBUG io.mockk.impl.instantiation.AbstractMockFactory - Creating mockk for TurnoRepositoryCached name=repoTurno#334
20:54:17.748 [Test worker] DEBUG io.mockk.impl.instantiation.AbstractMockFactory - Creating mockk for UserRepositoryCached name=repoUser#335
20:54:17.753 [Test worker @coroutine#300] DEBUG io.mockk.impl.instantiation.AbstractMockFactory - Creating mockk for Turno name=child of repoTurno#334#336
20:54:17.758 [DefaultDispatcher-worker-2 @coroutine#303] DEBUG io.mockk.impl.recording.states.AnsweringState - Answering null on TurnoRepositoryCached(repoTurno#334).findByUUID(f31517ad-3eb3-4559-a086-d923561b60c2, continuation {})
20:54:18.268 [Test worker] DEBUG io.mockk.impl.instantiation.AbstractMockFactory - Creating mockk for MaquinaRepositoryCached name=repoM#337
20:54:18.268 [Test worker] DEBUG io.mockk.impl.instantiation.AbstractMockFactory - Creating mockk for PedidoRepositoryCached name=repoPedido#338
20:54:18.268 [Test worker] DEBUG io.mockk.impl.instantiation.AbstractMockFactory - Creating mockk for ProductoRepositoryCached name=repoProd#339
20:54:18.269 [Test worker] DEBUG io.mockk.impl.instantiation.AbstractMockFactory - Creating mockk for TareaRepositoryCached name=repoTarea#340
20:54:18.269 [Test worker] DEBUG io.mockk.impl.instantiation.AbstractMockFactory - Creating mockk for TurnoRepositoryCached name=repoTurno#341
20:54:18.269 [Test worker] DEBUG io.mockk.impl.instantiation.AbstractMockFactory - Creating mockk for UserRepositoryCached name=repoUser#342
20:54:18.275 [Test worker @coroutine#306] DEBUG io.mockk.impl.instantiation.AbstractMockFactory - Creating mockk for Pedido name=child of repoPedido#338#343
20:54:18.796 [Test worker] DEBUG io.mockk.impl.instantiation.AbstractMockFactory - Creating mockk for MaquinaRepositoryCached name=repoM#344
20:54:18.796 [Test worker] DEBUG io.mockk.impl.instantiation.AbstractMockFactory - Creating mockk for PedidoRepositoryCached name=repoPedido#345
20:54:18.796 [Test worker] DEBUG io.mockk.impl.instantiation.AbstractMockFactory - Creating mockk for ProductoRepositoryCached name=repoProd#346
20:54:18.796 [Test worker] DEBUG io.mockk.impl.instantiation.AbstractMockFactory - Creating mockk for TareaRepositoryCached name=repoTarea#347
20:54:18.797 [Test worker] DEBUG io.mockk.impl.instantiation.AbstractMockFactory - Creating mockk for TurnoRepositoryCached name=repoTurno#348
20:54:18.797 [Test worker] DEBUG io.mockk.impl.instantiation.AbstractMockFactory - Creating mockk for UserRepositoryCached name=repoUser#349
20:54:18.802 [Test worker @coroutine#310] DEBUG io.mockk.impl.instantiation.AbstractMockFactory - Creating mockk for Maquina name=child of repoM#344#350
20:54:18.804 [Test worker @coroutine#310] DEBUG io.mockk.impl.instantiation.AbstractMockFactory - Creating mockk for Maquina name=child of repoM#344#351
20:54:18.808 [DefaultDispatcher-worker-2 @coroutine#315] DEBUG io.mockk.impl.recording.states.AnsweringState - Answering Maquina(id=63e6a0ea61c2a601272c4e4b, uuid=93a98d69-0008-48a7-b34f-05b596ea83bb, modelo=RTX-3080TI, marca=Nvidia, fechaAdquisicion=2022-11-10, numeroSerie=123456789X, tipo=PERSONALIZADORA, activa=true, isManual=null, maxTension=null, minTension=null, measuresManeuverability=true, measuresRigidity=false, measuresBalance=true) on MaquinaRepositoryCached(repoM#344).findByUUID(93a98d69-0008-48a7-b34f-05b596ea83bb, continuation {})
20:54:18.808 [DefaultDispatcher-worker-2 @coroutine#315] DEBUG io.mockk.impl.recording.states.AnsweringState - Answering null on MaquinaRepositoryCached(repoM#344).delete(63e6a0ea61c2a601272c4e4b, continuation {})
20:54:19.330 [Test worker] DEBUG io.mockk.impl.instantiation.AbstractMockFactory - Creating mockk for MaquinaRepositoryCached name=repoM#352
20:54:19.330 [Test worker] DEBUG io.mockk.impl.instantiation.AbstractMockFactory - Creating mockk for PedidoRepositoryCached name=repoPedido#353
20:54:19.331 [Test worker] DEBUG io.mockk.impl.instantiation.AbstractMockFactory - Creating mockk for ProductoRepositoryCached name=repoProd#354
20:54:19.331 [Test worker] DEBUG io.mockk.impl.instantiation.AbstractMockFactory - Creating mockk for TareaRepositoryCached name=repoTarea#355
20:54:19.331 [Test worker] DEBUG io.mockk.impl.instantiation.AbstractMockFactory - Creating mockk for TurnoRepositoryCached name=repoTurno#356
20:54:19.331 [Test worker] DEBUG io.mockk.impl.instantiation.AbstractMockFactory - Creating mockk for UserRepositoryCached name=repoUser#357
20:54:19.336 [Test worker @coroutine#318] DEBUG io.mockk.impl.instantiation.AbstractMockFactory - Creating mockk for User name=child of repoUser#357#358
20:54:19.338 [DefaultDispatcher-worker-2 @coroutine#321] DEBUG io.mockk.impl.recording.states.AnsweringState - Answering User(id=63e6a0eb61c2a601272c4e50, uuid=93a98d69-0006-48a7-b34f-05b596ea839a, nombre=Maria, apellido=Martinez, telefono=632120281, email=email2@email.com, password=contra, perfil=CLIENT, activo=true) on UserRepositoryCached(repoUser#357).findByUUID(93a98d69-0006-48a7-b34f-05b596ea839a, continuation {})
20:54:19.366 [cluster-rtt-ClusterId{value='63e6a0d661c2a601272c4cef', description='null'}-ac-o2suyf6-shard-00-01.7qtbnuz.mongodb.net:27017] DEBUG org.mongodb.driver.protocol.command - Sending command '{"hello": 1, "$db": "admin", "$clusterTime": {"clusterTime": {"$timestamp": {"t": 1676058849, "i": 3}}, "signature": {"hash": {"$binary": {"base64": "bz7wS0kfRyCGZkFp1XGaPJS6Kv4=", "subType": "00"}}, "keyId": 7161871216054108163}}}' with request id 29 to database admin on connection [connectionId{localValue:1, serverValue:264752}] to server ac-o2suyf6-shard-00-01.7qtbnuz.mongodb.net:27017
20:54:19.366 [cluster-rtt-ClusterId{value='63e6a0d661c2a601272c4cef', description='null'}-ac-o2suyf6-shard-00-00.7qtbnuz.mongodb.net:27017] DEBUG org.mongodb.driver.protocol.command - Sending command '{"hello": 1, "$db": "admin", "$clusterTime": {"clusterTime": {"$timestamp": {"t": 1676058849, "i": 3}}, "signature": {"hash": {"$binary": {"base64": "bz7wS0kfRyCGZkFp1XGaPJS6Kv4=", "subType": "00"}}, "keyId": 7161871216054108163}}}' with request id 28 to database admin on connection [connectionId{localValue:4, serverValue:269285}] to server ac-o2suyf6-shard-00-00.7qtbnuz.mongodb.net:27017
20:54:19.366 [cluster-rtt-ClusterId{value='63e6a0d661c2a601272c4cef', description='null'}-ac-o2suyf6-shard-00-02.7qtbnuz.mongodb.net:27017] DEBUG org.mongodb.driver.protocol.command - Sending command '{"hello": 1, "$db": "admin", "$clusterTime": {"clusterTime": {"$timestamp": {"t": 1676058849, "i": 3}}, "signature": {"hash": {"$binary": {"base64": "bz7wS0kfRyCGZkFp1XGaPJS6Kv4=", "subType": "00"}}, "keyId": 7161871216054108163}}}' with request id 27 to database admin on connection [connectionId{localValue:3, serverValue:268695}] to server ac-o2suyf6-shard-00-02.7qtbnuz.mongodb.net:27017
20:54:19.388 [cluster-ClusterId{value='63e6a0d661c2a601272c4cef', description='null'}-ac-o2suyf6-shard-00-02.7qtbnuz.mongodb.net:27017] DEBUG org.mongodb.driver.cluster - Updating cluster description to  {type=REPLICA_SET, servers=[{address=ac-o2suyf6-shard-00-00.7qtbnuz.mongodb.net:27017, type=REPLICA_SET_SECONDARY, TagSet{[Tag{name='nodeType', value='ELECTABLE'}, Tag{name='provider', value='AWS'}, Tag{name='region', value='EU_WEST_3'}, Tag{name='workloadType', value='OPERATIONAL'}]}, roundTripTime=255.6 ms, state=CONNECTED}, {address=ac-o2suyf6-shard-00-02.7qtbnuz.mongodb.net:27017, type=REPLICA_SET_PRIMARY, TagSet{[Tag{name='nodeType', value='ELECTABLE'}, Tag{name='provider', value='AWS'}, Tag{name='region', value='EU_WEST_3'}, Tag{name='workloadType', value='OPERATIONAL'}]}, roundTripTime=252.8 ms, state=CONNECTED}, {address=ac-o2suyf6-shard-00-01.7qtbnuz.mongodb.net:27017, type=REPLICA_SET_SECONDARY, TagSet{[Tag{name='nodeType', value='ELECTABLE'}, Tag{name='provider', value='AWS'}, Tag{name='region', value='EU_WEST_3'}, Tag{name='workloadType', value='OPERATIONAL'}]}, roundTripTime=253.2 ms, state=CONNECTED}]
20:54:19.388 [cluster-ClusterId{value='63e6a0d661c2a601272c4cef', description='null'}-ac-o2suyf6-shard-00-02.7qtbnuz.mongodb.net:27017] DEBUG org.mongodb.driver.cluster - Checking status of ac-o2suyf6-shard-00-02.7qtbnuz.mongodb.net:27017
20:54:19.388 [cluster-ClusterId{value='63e6a0d661c2a601272c4cef', description='null'}-ac-o2suyf6-shard-00-01.7qtbnuz.mongodb.net:27017] DEBUG org.mongodb.driver.cluster - Updating cluster description to  {type=REPLICA_SET, servers=[{address=ac-o2suyf6-shard-00-00.7qtbnuz.mongodb.net:27017, type=REPLICA_SET_SECONDARY, TagSet{[Tag{name='nodeType', value='ELECTABLE'}, Tag{name='provider', value='AWS'}, Tag{name='region', value='EU_WEST_3'}, Tag{name='workloadType', value='OPERATIONAL'}]}, roundTripTime=255.6 ms, state=CONNECTED}, {address=ac-o2suyf6-shard-00-02.7qtbnuz.mongodb.net:27017, type=REPLICA_SET_PRIMARY, TagSet{[Tag{name='nodeType', value='ELECTABLE'}, Tag{name='provider', value='AWS'}, Tag{name='region', value='EU_WEST_3'}, Tag{name='workloadType', value='OPERATIONAL'}]}, roundTripTime=252.8 ms, state=CONNECTED}, {address=ac-o2suyf6-shard-00-01.7qtbnuz.mongodb.net:27017, type=REPLICA_SET_SECONDARY, TagSet{[Tag{name='nodeType', value='ELECTABLE'}, Tag{name='provider', value='AWS'}, Tag{name='region', value='EU_WEST_3'}, Tag{name='workloadType', value='OPERATIONAL'}]}, roundTripTime=253.2 ms, state=CONNECTED}]
20:54:19.388 [cluster-ClusterId{value='63e6a0d661c2a601272c4cef', description='null'}-ac-o2suyf6-shard-00-01.7qtbnuz.mongodb.net:27017] DEBUG org.mongodb.driver.cluster - Checking status of ac-o2suyf6-shard-00-01.7qtbnuz.mongodb.net:27017
20:54:19.388 [cluster-ClusterId{value='63e6a0d661c2a601272c4cef', description='null'}-ac-o2suyf6-shard-00-00.7qtbnuz.mongodb.net:27017] DEBUG org.mongodb.driver.cluster - Updating cluster description to  {type=REPLICA_SET, servers=[{address=ac-o2suyf6-shard-00-00.7qtbnuz.mongodb.net:27017, type=REPLICA_SET_SECONDARY, TagSet{[Tag{name='nodeType', value='ELECTABLE'}, Tag{name='provider', value='AWS'}, Tag{name='region', value='EU_WEST_3'}, Tag{name='workloadType', value='OPERATIONAL'}]}, roundTripTime=255.6 ms, state=CONNECTED}, {address=ac-o2suyf6-shard-00-02.7qtbnuz.mongodb.net:27017, type=REPLICA_SET_PRIMARY, TagSet{[Tag{name='nodeType', value='ELECTABLE'}, Tag{name='provider', value='AWS'}, Tag{name='region', value='EU_WEST_3'}, Tag{name='workloadType', value='OPERATIONAL'}]}, roundTripTime=252.8 ms, state=CONNECTED}, {address=ac-o2suyf6-shard-00-01.7qtbnuz.mongodb.net:27017, type=REPLICA_SET_SECONDARY, TagSet{[Tag{name='nodeType', value='ELECTABLE'}, Tag{name='provider', value='AWS'}, Tag{name='region', value='EU_WEST_3'}, Tag{name='workloadType', value='OPERATIONAL'}]}, roundTripTime=253.2 ms, state=CONNECTED}]
20:54:19.388 [cluster-ClusterId{value='63e6a0d661c2a601272c4cef', description='null'}-ac-o2suyf6-shard-00-00.7qtbnuz.mongodb.net:27017] DEBUG org.mongodb.driver.cluster - Checking status of ac-o2suyf6-shard-00-00.7qtbnuz.mongodb.net:27017
20:54:19.419 [cluster-rtt-ClusterId{value='63e6a0d661c2a601272c4cef', description='null'}-ac-o2suyf6-shard-00-01.7qtbnuz.mongodb.net:27017] DEBUG org.mongodb.driver.protocol.command - Execution of command with request id 29 completed successfully in 52.20 ms on connection [connectionId{localValue:1, serverValue:264752}] to server ac-o2suyf6-shard-00-01.7qtbnuz.mongodb.net:27017
20:54:19.419 [cluster-rtt-ClusterId{value='63e6a0d661c2a601272c4cef', description='null'}-ac-o2suyf6-shard-00-00.7qtbnuz.mongodb.net:27017] DEBUG org.mongodb.driver.protocol.command - Execution of command with request id 28 completed successfully in 52.20 ms on connection [connectionId{localValue:4, serverValue:269285}] to server ac-o2suyf6-shard-00-00.7qtbnuz.mongodb.net:27017
20:54:19.419 [cluster-rtt-ClusterId{value='63e6a0d661c2a601272c4cef', description='null'}-ac-o2suyf6-shard-00-02.7qtbnuz.mongodb.net:27017] DEBUG org.mongodb.driver.protocol.command - Execution of command with request id 27 completed successfully in 52.26 ms on connection [connectionId{localValue:3, serverValue:268695}] to server ac-o2suyf6-shard-00-02.7qtbnuz.mongodb.net:27017
20:54:19.862 [Test worker] DEBUG io.mockk.impl.instantiation.AbstractMockFactory - Creating mockk for MaquinaRepositoryCached name=repoM#359
20:54:19.863 [Test worker] DEBUG io.mockk.impl.instantiation.AbstractMockFactory - Creating mockk for PedidoRepositoryCached name=repoPedido#360
20:54:19.863 [Test worker] DEBUG io.mockk.impl.instantiation.AbstractMockFactory - Creating mockk for ProductoRepositoryCached name=repoProd#361
20:54:19.863 [Test worker] DEBUG io.mockk.impl.instantiation.AbstractMockFactory - Creating mockk for TareaRepositoryCached name=repoTarea#362
20:54:19.863 [Test worker] DEBUG io.mockk.impl.instantiation.AbstractMockFactory - Creating mockk for TurnoRepositoryCached name=repoTurno#363
20:54:19.863 [Test worker] DEBUG io.mockk.impl.instantiation.AbstractMockFactory - Creating mockk for UserRepositoryCached name=repoUser#364
20:54:19.870 [Test worker @coroutine#324] DEBUG io.mockk.impl.instantiation.AbstractMockFactory - Creating mockk for Maquina name=child of repoM#359#365
20:54:20.399 [Test worker] DEBUG io.mockk.impl.instantiation.AbstractMockFactory - Creating mockk for MaquinaRepositoryCached name=repoM#366
20:54:20.399 [Test worker] DEBUG io.mockk.impl.instantiation.AbstractMockFactory - Creating mockk for PedidoRepositoryCached name=repoPedido#367
20:54:20.399 [Test worker] DEBUG io.mockk.impl.instantiation.AbstractMockFactory - Creating mockk for ProductoRepositoryCached name=repoProd#368
20:54:20.399 [Test worker] DEBUG io.mockk.impl.instantiation.AbstractMockFactory - Creating mockk for TareaRepositoryCached name=repoTarea#369
20:54:20.400 [Test worker] DEBUG io.mockk.impl.instantiation.AbstractMockFactory - Creating mockk for TurnoRepositoryCached name=repoTurno#370
20:54:20.400 [Test worker] DEBUG io.mockk.impl.instantiation.AbstractMockFactory - Creating mockk for UserRepositoryCached name=repoUser#371
20:54:20.405 [Test worker @coroutine#328] DEBUG io.mockk.impl.instantiation.AbstractMockFactory - Creating mockk for Producto name=child of repoProd#368#372
20:54:20.933 [Test worker] DEBUG io.mockk.impl.instantiation.AbstractMockFactory - Creating mockk for MaquinaRepositoryCached name=repoM#373
20:54:20.933 [Test worker] DEBUG io.mockk.impl.instantiation.AbstractMockFactory - Creating mockk for PedidoRepositoryCached name=repoPedido#374
20:54:20.933 [Test worker] DEBUG io.mockk.impl.instantiation.AbstractMockFactory - Creating mockk for ProductoRepositoryCached name=repoProd#375
20:54:20.933 [Test worker] DEBUG io.mockk.impl.instantiation.AbstractMockFactory - Creating mockk for TareaRepositoryCached name=repoTarea#376
20:54:20.934 [Test worker] DEBUG io.mockk.impl.instantiation.AbstractMockFactory - Creating mockk for TurnoRepositoryCached name=repoTurno#377
20:54:20.934 [Test worker] DEBUG io.mockk.impl.instantiation.AbstractMockFactory - Creating mockk for UserRepositoryCached name=repoUser#378
20:54:20.939 [Test worker @coroutine#332] DEBUG io.mockk.impl.instantiation.AbstractMockFactory - Creating mockk for Turno name=child of repoTurno#377#379
20:54:20.941 [DefaultDispatcher-worker-2 @coroutine#335] DEBUG io.mockk.impl.recording.states.AnsweringState - Answering Turno(id=63e6a0ec61c2a601272c4e74, uuid=93a98d69-0019-48a7-b34f-05b596ea8abc, workerId=93a98d69-0007-48a7-b34f-05b596ea839c, maquinaId=93a98d69-0008-48a7-b34f-05b596ea83bb, horaInicio=2002-10-14T10:09, horaFin=2002-10-14T16:49, numPedidosActivos=2, tarea1Id=93a98d69-0013-48a7-b34f-05b596ea83cc, tarea2Id=null, finalizado=false) on TurnoRepositoryCached(repoTurno#377).findByUUID(93a98d69-0019-48a7-b34f-05b596ea8abc, continuation {})
20:54:20.941 [DefaultDispatcher-worker-2 @coroutine#335] DEBUG koin.repositories.user.UserRepository - findByUUID(93a98d69-0007-48a7-b34f-05b596ea839c)
20:54:20.943 [AsyncGetter-5-thread-1] DEBUG org.mongodb.driver.protocol.command - Sending command '{"find": "user", "filter": {}, "batchSize": 64, "$db": "practica03mongoIvanLoli", "$clusterTime": {"clusterTime": {"$timestamp": {"t": 1676058855, "i": 5}}, "signature": {"hash": {"$binary": {"base64": "FZTwoQiG9uotnwPnmh98N02/+Tc=", "subType": "00"}}, "keyId": 7161871216054108163}}, "lsid": {"id": {"$binary": {"base64": "iaaDCEpQRkC2MlqJ67VcNQ==", "subType": "04"}}}}' with request id 30 to database practica03mongoIvanLoli on connection [connectionId{localValue:7, serverValue:268692}] to server ac-o2suyf6-shard-00-02.7qtbnuz.mongodb.net:27017
20:54:20.981 [async-channel-group-0-handler-executor] DEBUG org.mongodb.driver.protocol.command - Execution of command with request id 30 completed successfully in 38.96 ms on connection [connectionId{localValue:7, serverValue:268692}] to server ac-o2suyf6-shard-00-02.7qtbnuz.mongodb.net:27017
20:54:20.981 [async-channel-group-0-handler-executor] DEBUG org.mongodb.driver.operation - Received batch of 0 documents with cursorId 0 from server ac-o2suyf6-shard-00-02.7qtbnuz.mongodb.net:27017
20:54:20.982 [DefaultDispatcher-worker-2 @coroutine#335] DEBUG koin.repositories.maquina.MaquinaRepository - findByUUID(93a98d69-0008-48a7-b34f-05b596ea83bb)
20:54:20.984 [AsyncGetter-5-thread-1] DEBUG org.mongodb.driver.protocol.command - Sending command '{"find": "maquina", "filter": {}, "batchSize": 64, "$db": "practica03mongoIvanLoli", "$clusterTime": {"clusterTime": {"$timestamp": {"t": 1676058857, "i": 2}}, "signature": {"hash": {"$binary": {"base64": "OWMBukYHvmd0GJ0W2q8V8w8A1QQ=", "subType": "00"}}, "keyId": 7161871216054108163}}, "lsid": {"id": {"$binary": {"base64": "iaaDCEpQRkC2MlqJ67VcNQ==", "subType": "04"}}}}' with request id 31 to database practica03mongoIvanLoli on connection [connectionId{localValue:7, serverValue:268692}] to server ac-o2suyf6-shard-00-02.7qtbnuz.mongodb.net:27017
20:54:21.029 [async-channel-group-0-handler-executor] DEBUG org.mongodb.driver.protocol.command - Execution of command with request id 31 completed successfully in 45.78 ms on connection [connectionId{localValue:7, serverValue:268692}] to server ac-o2suyf6-shard-00-02.7qtbnuz.mongodb.net:27017
20:54:21.029 [async-channel-group-0-handler-executor] DEBUG org.mongodb.driver.operation - Received batch of 0 documents with cursorId 0 from server ac-o2suyf6-shard-00-02.7qtbnuz.mongodb.net:27017
20:54:21.030 [DefaultDispatcher-worker-2 @coroutine#335] DEBUG koin.repositories.tarea.TareaRepository - findByUUID(93a98d69-0013-48a7-b34f-05b596ea83cc)
20:54:21.031 [AsyncGetter-5-thread-1] DEBUG org.mongodb.driver.protocol.command - Sending command '{"find": "tarea", "filter": {}, "batchSize": 64, "$db": "practica03mongoIvanLoli", "$clusterTime": {"clusterTime": {"$timestamp": {"t": 1676058857, "i": 2}}, "signature": {"hash": {"$binary": {"base64": "OWMBukYHvmd0GJ0W2q8V8w8A1QQ=", "subType": "00"}}, "keyId": 7161871216054108163}}, "lsid": {"id": {"$binary": {"base64": "iaaDCEpQRkC2MlqJ67VcNQ==", "subType": "04"}}}}' with request id 32 to database practica03mongoIvanLoli on connection [connectionId{localValue:7, serverValue:268692}] to server ac-o2suyf6-shard-00-02.7qtbnuz.mongodb.net:27017
20:54:21.077 [async-channel-group-0-handler-executor] DEBUG org.mongodb.driver.protocol.command - Execution of command with request id 32 completed successfully in 45.60 ms on connection [connectionId{localValue:7, serverValue:268692}] to server ac-o2suyf6-shard-00-02.7qtbnuz.mongodb.net:27017
20:54:21.077 [async-channel-group-0-handler-executor] DEBUG org.mongodb.driver.operation - Received batch of 0 documents with cursorId 0 from server ac-o2suyf6-shard-00-02.7qtbnuz.mongodb.net:27017
20:54:21.599 [Test worker] DEBUG io.mockk.impl.instantiation.AbstractMockFactory - Creating mockk for MaquinaRepositoryCached name=repoM#380
20:54:21.600 [Test worker] DEBUG io.mockk.impl.instantiation.AbstractMockFactory - Creating mockk for PedidoRepositoryCached name=repoPedido#381
20:54:21.600 [Test worker] DEBUG io.mockk.impl.instantiation.AbstractMockFactory - Creating mockk for ProductoRepositoryCached name=repoProd#382
20:54:21.601 [Test worker] DEBUG io.mockk.impl.instantiation.AbstractMockFactory - Creating mockk for TareaRepositoryCached name=repoTarea#383
20:54:21.601 [Test worker] DEBUG io.mockk.impl.instantiation.AbstractMockFactory - Creating mockk for TurnoRepositoryCached name=repoTurno#384
20:54:21.601 [Test worker] DEBUG io.mockk.impl.instantiation.AbstractMockFactory - Creating mockk for UserRepositoryCached name=repoUser#385
20:54:21.608 [Test worker @coroutine#338] DEBUG io.mockk.impl.instantiation.AbstractMockFactory - Creating mockk for Flow name=child of repoTurno#384#386
20:54:21.610 [DefaultDispatcher-worker-2 @coroutine#341] DEBUG io.mockk.impl.recording.states.AnsweringState - Answering kotlinx.coroutines.flow.FlowKt__BuildersKt$flowOf$$inlined$unsafeFlow$2@1a121018 on TurnoRepositoryCached(repoTurno#384).findAll(continuation {})
20:54:21.611 [DefaultDispatcher-worker-2 @coroutine#341] DEBUG koin.repositories.user.UserRepository - findByUUID(93a98d69-0007-48a7-b34f-05b596ea839c)
20:54:21.612 [AsyncGetter-5-thread-1] DEBUG org.mongodb.driver.protocol.command - Sending command '{"find": "user", "filter": {}, "batchSize": 64, "$db": "practica03mongoIvanLoli", "$clusterTime": {"clusterTime": {"$timestamp": {"t": 1676058857, "i": 2}}, "signature": {"hash": {"$binary": {"base64": "OWMBukYHvmd0GJ0W2q8V8w8A1QQ=", "subType": "00"}}, "keyId": 7161871216054108163}}, "lsid": {"id": {"$binary": {"base64": "iaaDCEpQRkC2MlqJ67VcNQ==", "subType": "04"}}}}' with request id 33 to database practica03mongoIvanLoli on connection [connectionId{localValue:7, serverValue:268692}] to server ac-o2suyf6-shard-00-02.7qtbnuz.mongodb.net:27017
20:54:21.670 [async-channel-group-0-handler-executor] DEBUG org.mongodb.driver.protocol.command - Execution of command with request id 33 completed successfully in 58.54 ms on connection [connectionId{localValue:7, serverValue:268692}] to server ac-o2suyf6-shard-00-02.7qtbnuz.mongodb.net:27017
20:54:21.670 [async-channel-group-0-handler-executor] DEBUG org.mongodb.driver.operation - Received batch of 0 documents with cursorId 0 from server ac-o2suyf6-shard-00-02.7qtbnuz.mongodb.net:27017
20:54:21.670 [DefaultDispatcher-worker-2 @coroutine#341] DEBUG koin.repositories.maquina.MaquinaRepository - findByUUID(93a98d69-0008-48a7-b34f-05b596ea83bb)
20:54:21.671 [AsyncGetter-5-thread-1] DEBUG org.mongodb.driver.protocol.command - Sending command '{"find": "maquina", "filter": {}, "batchSize": 64, "$db": "practica03mongoIvanLoli", "$clusterTime": {"clusterTime": {"$timestamp": {"t": 1676058858, "i": 1}}, "signature": {"hash": {"$binary": {"base64": "yHOHtUL2GEEvSmnDtyxdZ/MBID4=", "subType": "00"}}, "keyId": 7161871216054108163}}, "lsid": {"id": {"$binary": {"base64": "iaaDCEpQRkC2MlqJ67VcNQ==", "subType": "04"}}}}' with request id 34 to database practica03mongoIvanLoli on connection [connectionId{localValue:7, serverValue:268692}] to server ac-o2suyf6-shard-00-02.7qtbnuz.mongodb.net:27017
20:54:21.711 [async-channel-group-0-handler-executor] DEBUG org.mongodb.driver.protocol.command - Execution of command with request id 34 completed successfully in 40.37 ms on connection [connectionId{localValue:7, serverValue:268692}] to server ac-o2suyf6-shard-00-02.7qtbnuz.mongodb.net:27017
20:54:21.712 [async-channel-group-0-handler-executor] DEBUG org.mongodb.driver.operation - Received batch of 0 documents with cursorId 0 from server ac-o2suyf6-shard-00-02.7qtbnuz.mongodb.net:27017
20:54:21.712 [DefaultDispatcher-worker-2 @coroutine#341] DEBUG koin.repositories.tarea.TareaRepository - findByUUID(93a98d69-0013-48a7-b34f-05b596ea83cc)
20:54:21.713 [AsyncGetter-5-thread-1] DEBUG org.mongodb.driver.protocol.command - Sending command '{"find": "tarea", "filter": {}, "batchSize": 64, "$db": "practica03mongoIvanLoli", "$clusterTime": {"clusterTime": {"$timestamp": {"t": 1676058858, "i": 1}}, "signature": {"hash": {"$binary": {"base64": "yHOHtUL2GEEvSmnDtyxdZ/MBID4=", "subType": "00"}}, "keyId": 7161871216054108163}}, "lsid": {"id": {"$binary": {"base64": "iaaDCEpQRkC2MlqJ67VcNQ==", "subType": "04"}}}}' with request id 35 to database practica03mongoIvanLoli on connection [connectionId{localValue:7, serverValue:268692}] to server ac-o2suyf6-shard-00-02.7qtbnuz.mongodb.net:27017
20:54:21.752 [async-channel-group-0-handler-executor] DEBUG org.mongodb.driver.protocol.command - Execution of command with request id 35 completed successfully in 39.51 ms on connection [connectionId{localValue:7, serverValue:268692}] to server ac-o2suyf6-shard-00-02.7qtbnuz.mongodb.net:27017
20:54:21.752 [async-channel-group-0-handler-executor] DEBUG org.mongodb.driver.operation - Received batch of 0 documents with cursorId 0 from server ac-o2suyf6-shard-00-02.7qtbnuz.mongodb.net:27017
20:54:22.273 [Test worker] DEBUG io.mockk.impl.instantiation.AbstractMockFactory - Creating mockk for MaquinaRepositoryCached name=repoM#387
20:54:22.274 [Test worker] DEBUG io.mockk.impl.instantiation.AbstractMockFactory - Creating mockk for PedidoRepositoryCached name=repoPedido#388
20:54:22.274 [Test worker] DEBUG io.mockk.impl.instantiation.AbstractMockFactory - Creating mockk for ProductoRepositoryCached name=repoProd#389
20:54:22.274 [Test worker] DEBUG io.mockk.impl.instantiation.AbstractMockFactory - Creating mockk for TareaRepositoryCached name=repoTarea#390
20:54:22.275 [Test worker] DEBUG io.mockk.impl.instantiation.AbstractMockFactory - Creating mockk for TurnoRepositoryCached name=repoTurno#391
20:54:22.275 [Test worker] DEBUG io.mockk.impl.instantiation.AbstractMockFactory - Creating mockk for UserRepositoryCached name=repoUser#392
20:54:22.280 [Test worker @coroutine#344] DEBUG io.mockk.impl.instantiation.AbstractMockFactory - Creating mockk for User name=child of repoUser#392#393
20:54:22.283 [Test worker @coroutine#344] DEBUG io.mockk.impl.instantiation.AbstractMockFactory - Creating mockk for User name=child of repoUser#392#394
20:54:22.805 [Test worker] DEBUG io.mockk.impl.instantiation.AbstractMockFactory - Creating mockk for MaquinaRepositoryCached name=repoM#395
20:54:22.806 [Test worker] DEBUG io.mockk.impl.instantiation.AbstractMockFactory - Creating mockk for PedidoRepositoryCached name=repoPedido#396
20:54:22.806 [Test worker] DEBUG io.mockk.impl.instantiation.AbstractMockFactory - Creating mockk for ProductoRepositoryCached name=repoProd#397
20:54:22.806 [Test worker] DEBUG io.mockk.impl.instantiation.AbstractMockFactory - Creating mockk for TareaRepositoryCached name=repoTarea#398
20:54:22.806 [Test worker] DEBUG io.mockk.impl.instantiation.AbstractMockFactory - Creating mockk for TurnoRepositoryCached name=repoTurno#399
20:54:22.806 [Test worker] DEBUG io.mockk.impl.instantiation.AbstractMockFactory - Creating mockk for UserRepositoryCached name=repoUser#400
20:54:22.811 [Test worker @coroutine#352] DEBUG io.mockk.impl.instantiation.AbstractMockFactory - Creating mockk for User name=child of repoUser#400#401
20:54:22.813 [Test worker @coroutine#352] DEBUG io.mockk.impl.instantiation.AbstractMockFactory - Creating mockk for User name=child of repoUser#400#402
20:54:23.337 [Test worker] DEBUG io.mockk.impl.instantiation.AbstractMockFactory - Creating mockk for MaquinaRepositoryCached name=repoM#403
20:54:23.338 [Test worker] DEBUG io.mockk.impl.instantiation.AbstractMockFactory - Creating mockk for PedidoRepositoryCached name=repoPedido#404
20:54:23.338 [Test worker] DEBUG io.mockk.impl.instantiation.AbstractMockFactory - Creating mockk for ProductoRepositoryCached name=repoProd#405
20:54:23.338 [Test worker] DEBUG io.mockk.impl.instantiation.AbstractMockFactory - Creating mockk for TareaRepositoryCached name=repoTarea#406
20:54:23.338 [Test worker] DEBUG io.mockk.impl.instantiation.AbstractMockFactory - Creating mockk for TurnoRepositoryCached name=repoTurno#407
20:54:23.338 [Test worker] DEBUG io.mockk.impl.instantiation.AbstractMockFactory - Creating mockk for UserRepositoryCached name=repoUser#408
20:54:23.344 [Test worker @coroutine#360] DEBUG io.mockk.impl.instantiation.AbstractMockFactory - Creating mockk for Pedido name=child of repoPedido#404#409
20:54:23.346 [Test worker @coroutine#360] DEBUG io.mockk.impl.instantiation.AbstractMockFactory - Creating mockk for Flow name=child of repoTarea#406#410
20:54:23.348 [Test worker @coroutine#360] DEBUG io.mockk.impl.instantiation.AbstractMockFactory - Creating mockk for Tarea name=child of repoTarea#406#411
20:54:23.350 [Test worker @coroutine#360] DEBUG io.mockk.impl.instantiation.AbstractMockFactory - Creating mockk for Pedido name=child of repoPedido#404#412
20:54:23.353 [DefaultDispatcher-worker-2 @coroutine#369] DEBUG io.mockk.impl.recording.states.AnsweringState - Answering Pedido(id=63e6a0ef61c2a601272c4e99, uuid=93a98d69-0010-48a7-b34f-05b596ea8acc, userId=93a98d69-0006-48a7-b34f-05b596ea839a, state=PROCESO, fechaEntrada=2013-10-10, fechaSalida=2023-12-12, topeEntrega=2023-12-14, precio=0.0) on PedidoRepositoryCached(repoPedido#404).findByUUID(93a98d69-0010-48a7-b34f-05b596ea8acc, continuation {})
20:54:23.353 [DefaultDispatcher-worker-2 @coroutine#369] DEBUG io.mockk.impl.recording.states.AnsweringState - Answering kotlinx.coroutines.flow.FlowKt__BuildersKt$flowOf$$inlined$unsafeFlow$1@1b5df088 on TareaRepositoryCached(repoTarea#406).findAll(continuation {})
20:54:23.356 [DefaultDispatcher-worker-2 @coroutine#369] DEBUG io.mockk.impl.recording.states.AnsweringState - Answering null on PedidoRepositoryCached(repoPedido#404).delete(63e6a0ef61c2a601272c4e99, continuation {})
20:54:23.871 [Test worker] DEBUG io.mockk.impl.instantiation.AbstractMockFactory - Creating mockk for MaquinaRepositoryCached name=repoM#413
20:54:23.871 [Test worker] DEBUG io.mockk.impl.instantiation.AbstractMockFactory - Creating mockk for PedidoRepositoryCached name=repoPedido#414
20:54:23.871 [Test worker] DEBUG io.mockk.impl.instantiation.AbstractMockFactory - Creating mockk for ProductoRepositoryCached name=repoProd#415
20:54:23.871 [Test worker] DEBUG io.mockk.impl.instantiation.AbstractMockFactory - Creating mockk for TareaRepositoryCached name=repoTarea#416
20:54:23.871 [Test worker] DEBUG io.mockk.impl.instantiation.AbstractMockFactory - Creating mockk for TurnoRepositoryCached name=repoTurno#417
20:54:23.871 [Test worker] DEBUG io.mockk.impl.instantiation.AbstractMockFactory - Creating mockk for UserRepositoryCached name=repoUser#418
20:54:23.877 [Test worker @coroutine#372] DEBUG io.mockk.impl.instantiation.AbstractMockFactory - Creating mockk for Tarea name=child of repoTarea#416#419
20:54:24.408 [Test worker] DEBUG io.mockk.impl.instantiation.AbstractMockFactory - Creating mockk for MaquinaRepositoryCached name=repoM#420
20:54:24.408 [Test worker] DEBUG io.mockk.impl.instantiation.AbstractMockFactory - Creating mockk for PedidoRepositoryCached name=repoPedido#421
20:54:24.408 [Test worker] DEBUG io.mockk.impl.instantiation.AbstractMockFactory - Creating mockk for ProductoRepositoryCached name=repoProd#422
20:54:24.408 [Test worker] DEBUG io.mockk.impl.instantiation.AbstractMockFactory - Creating mockk for TareaRepositoryCached name=repoTarea#423
20:54:24.408 [Test worker] DEBUG io.mockk.impl.instantiation.AbstractMockFactory - Creating mockk for TurnoRepositoryCached name=repoTurno#424
20:54:24.409 [Test worker] DEBUG io.mockk.impl.instantiation.AbstractMockFactory - Creating mockk for UserRepositoryCached name=repoUser#425
20:54:24.416 [Test worker @coroutine#376] DEBUG io.mockk.impl.instantiation.AbstractMockFactory - Creating mockk for Pedido name=child of repoPedido#421#426
20:54:24.418 [DefaultDispatcher-worker-2 @coroutine#379] DEBUG io.mockk.impl.recording.states.AnsweringState - Answering Pedido(id=63e6a0f061c2a601272c4ead, uuid=93a98d69-0010-48a7-b34f-05b596ea8acc, userId=93a98d69-0006-48a7-b34f-05b596ea839a, state=PROCESO, fechaEntrada=2013-10-10, fechaSalida=2023-12-12, topeEntrega=2023-12-14, precio=0.0) on PedidoRepositoryCached(repoPedido#421).findByUUID(93a98d69-0010-48a7-b34f-05b596ea8acc, continuation {})
20:54:24.419 [DefaultDispatcher-worker-2 @coroutine#379] DEBUG koin.repositories.tarea.TareaRepository - findAll()
20:54:24.420 [AsyncGetter-5-thread-1] DEBUG org.mongodb.driver.protocol.command - Sending command '{"find": "tarea", "filter": {}, "batchSize": 64, "$db": "practica03mongoIvanLoli", "$clusterTime": {"clusterTime": {"$timestamp": {"t": 1676058858, "i": 3}}, "signature": {"hash": {"$binary": {"base64": "yHOHtUL2GEEvSmnDtyxdZ/MBID4=", "subType": "00"}}, "keyId": 7161871216054108163}}, "lsid": {"id": {"$binary": {"base64": "iaaDCEpQRkC2MlqJ67VcNQ==", "subType": "04"}}}}' with request id 36 to database practica03mongoIvanLoli on connection [connectionId{localValue:7, serverValue:268692}] to server ac-o2suyf6-shard-00-02.7qtbnuz.mongodb.net:27017
20:54:24.478 [async-channel-group-0-handler-executor] DEBUG org.mongodb.driver.protocol.command - Execution of command with request id 36 completed successfully in 58.66 ms on connection [connectionId{localValue:7, serverValue:268692}] to server ac-o2suyf6-shard-00-02.7qtbnuz.mongodb.net:27017
20:54:24.478 [async-channel-group-0-handler-executor] DEBUG org.mongodb.driver.operation - Received batch of 0 documents with cursorId 0 from server ac-o2suyf6-shard-00-02.7qtbnuz.mongodb.net:27017
20:54:24.478 [DefaultDispatcher-worker-2 @coroutine#379] DEBUG koin.repositories.user.UserRepository - findByUUID(93a98d69-0006-48a7-b34f-05b596ea839a)
20:54:24.479 [AsyncGetter-5-thread-1] DEBUG org.mongodb.driver.protocol.command - Sending command '{"find": "user", "filter": {}, "batchSize": 64, "$db": "practica03mongoIvanLoli", "$clusterTime": {"clusterTime": {"$timestamp": {"t": 1676058860, "i": 5}}, "signature": {"hash": {"$binary": {"base64": "uyovlwCINoQp09d7lwEIuYZ77Fs=", "subType": "00"}}, "keyId": 7161871216054108163}}, "lsid": {"id": {"$binary": {"base64": "iaaDCEpQRkC2MlqJ67VcNQ==", "subType": "04"}}}}' with request id 37 to database practica03mongoIvanLoli on connection [connectionId{localValue:7, serverValue:268692}] to server ac-o2suyf6-shard-00-02.7qtbnuz.mongodb.net:27017
20:54:24.519 [async-channel-group-0-handler-executor] DEBUG org.mongodb.driver.protocol.command - Execution of command with request id 37 completed successfully in 40.46 ms on connection [connectionId{localValue:7, serverValue:268692}] to server ac-o2suyf6-shard-00-02.7qtbnuz.mongodb.net:27017
20:54:24.519 [async-channel-group-0-handler-executor] DEBUG org.mongodb.driver.operation - Received batch of 0 documents with cursorId 0 from server ac-o2suyf6-shard-00-02.7qtbnuz.mongodb.net:27017
20:54:25.047 [Test worker] DEBUG io.mockk.impl.instantiation.AbstractMockFactory - Creating mockk for MaquinaRepositoryCached name=repoM#427
20:54:25.047 [Test worker] DEBUG io.mockk.impl.instantiation.AbstractMockFactory - Creating mockk for PedidoRepositoryCached name=repoPedido#428
20:54:25.047 [Test worker] DEBUG io.mockk.impl.instantiation.AbstractMockFactory - Creating mockk for ProductoRepositoryCached name=repoProd#429
20:54:25.047 [Test worker] DEBUG io.mockk.impl.instantiation.AbstractMockFactory - Creating mockk for TareaRepositoryCached name=repoTarea#430
20:54:25.048 [Test worker] DEBUG io.mockk.impl.instantiation.AbstractMockFactory - Creating mockk for TurnoRepositoryCached name=repoTurno#431
20:54:25.048 [Test worker] DEBUG io.mockk.impl.instantiation.AbstractMockFactory - Creating mockk for UserRepositoryCached name=repoUser#432
20:54:25.053 [Test worker @coroutine#382] DEBUG io.mockk.impl.instantiation.AbstractMockFactory - Creating mockk for Flow name=child of repoProd#429#433
20:54:25.055 [DefaultDispatcher-worker-2 @coroutine#385] DEBUG io.mockk.impl.recording.states.AnsweringState - Answering kotlinx.coroutines.flow.FlowKt__BuildersKt$flowOf$$inlined$unsafeFlow$2@14a1588f on ProductoRepositoryCached(repoProd#429).findAll(continuation {})
20:54:25.576 [Test worker] DEBUG io.mockk.impl.instantiation.AbstractMockFactory - Creating mockk for MaquinaRepositoryCached name=repoM#434
20:54:25.576 [Test worker] DEBUG io.mockk.impl.instantiation.AbstractMockFactory - Creating mockk for PedidoRepositoryCached name=repoPedido#435
20:54:25.576 [Test worker] DEBUG io.mockk.impl.instantiation.AbstractMockFactory - Creating mockk for ProductoRepositoryCached name=repoProd#436
20:54:25.576 [Test worker] DEBUG io.mockk.impl.instantiation.AbstractMockFactory - Creating mockk for TareaRepositoryCached name=repoTarea#437
20:54:25.577 [Test worker] DEBUG io.mockk.impl.instantiation.AbstractMockFactory - Creating mockk for TurnoRepositoryCached name=repoTurno#438
20:54:25.577 [Test worker] DEBUG io.mockk.impl.instantiation.AbstractMockFactory - Creating mockk for UserRepositoryCached name=repoUser#439
20:54:25.582 [Test worker @coroutine#388] DEBUG io.mockk.impl.instantiation.AbstractMockFactory - Creating mockk for Tarea name=child of repoTarea#437#440
20:54:25.584 [Test worker @coroutine#388] DEBUG io.mockk.impl.instantiation.AbstractMockFactory - Creating mockk for Tarea name=child of repoTarea#437#441
20:54:26.114 [Test worker] DEBUG io.mockk.impl.instantiation.AbstractMockFactory - Creating mockk for MaquinaRepositoryCached name=repoM#442
20:54:26.115 [Test worker] DEBUG io.mockk.impl.instantiation.AbstractMockFactory - Creating mockk for PedidoRepositoryCached name=repoPedido#443
20:54:26.115 [Test worker] DEBUG io.mockk.impl.instantiation.AbstractMockFactory - Creating mockk for ProductoRepositoryCached name=repoProd#444
20:54:26.115 [Test worker] DEBUG io.mockk.impl.instantiation.AbstractMockFactory - Creating mockk for TareaRepositoryCached name=repoTarea#445
20:54:26.117 [Test worker] DEBUG io.mockk.impl.instantiation.AbstractMockFactory - Creating mockk for TurnoRepositoryCached name=repoTurno#446
20:54:26.118 [Test worker] DEBUG io.mockk.impl.instantiation.AbstractMockFactory - Creating mockk for UserRepositoryCached name=repoUser#447
20:54:26.123 [Test worker @coroutine#395] DEBUG io.mockk.impl.instantiation.AbstractMockFactory - Creating mockk for Turno name=child of repoTurno#446#448
20:54:26.125 [Test worker @coroutine#395] DEBUG io.mockk.impl.instantiation.AbstractMockFactory - Creating mockk for Turno name=child of repoTurno#446#449
20:54:26.643 [Test worker] DEBUG io.mockk.impl.instantiation.AbstractMockFactory - Creating mockk for MaquinaRepositoryCached name=repoM#450
20:54:26.644 [Test worker] DEBUG io.mockk.impl.instantiation.AbstractMockFactory - Creating mockk for PedidoRepositoryCached name=repoPedido#451
20:54:26.644 [Test worker] DEBUG io.mockk.impl.instantiation.AbstractMockFactory - Creating mockk for ProductoRepositoryCached name=repoProd#452
20:54:26.644 [Test worker] DEBUG io.mockk.impl.instantiation.AbstractMockFactory - Creating mockk for TareaRepositoryCached name=repoTarea#453
20:54:26.644 [Test worker] DEBUG io.mockk.impl.instantiation.AbstractMockFactory - Creating mockk for TurnoRepositoryCached name=repoTurno#454
20:54:26.644 [Test worker] DEBUG io.mockk.impl.instantiation.AbstractMockFactory - Creating mockk for UserRepositoryCached name=repoUser#455
20:54:26.651 [Test worker @coroutine#403] DEBUG io.mockk.impl.instantiation.AbstractMockFactory - Creating mockk for User name=child of repoUser#455#456
20:54:26.653 [Test worker @coroutine#403] DEBUG io.mockk.impl.instantiation.AbstractMockFactory - Creating mockk for User name=child of repoUser#455#457
20:54:26.655 [DefaultDispatcher-worker-2 @coroutine#408] DEBUG io.mockk.impl.recording.states.AnsweringState - Answering User(id=63e6a0f261c2a601272c4ed2, uuid=93a98d69-0006-48a7-b34f-05b596ea839a, nombre=Maria, apellido=Martinez, telefono=632120281, email=email2@email.com, password=contra, perfil=CLIENT, activo=true) on UserRepositoryCached(repoUser#455).findByUUID(93a98d69-0006-48a7-b34f-05b596ea839a, continuation {})
20:54:26.656 [DefaultDispatcher-worker-2 @coroutine#408] DEBUG io.mockk.impl.recording.states.AnsweringState - Answering User(id=63e6a0f261c2a601272c4ed2, uuid=93a98d69-0006-48a7-b34f-05b596ea839a, nombre=Maria, apellido=Martinez, telefono=632120281, email=email2@email.com, password=contra, perfil=CLIENT, activo=true) on UserRepositoryCached(repoUser#455).setInactive(63e6a0f261c2a601272c4ed2, continuation {})
20:54:27.177 [Test worker] DEBUG io.mockk.impl.instantiation.AbstractMockFactory - Creating mockk for MaquinaRepositoryCached name=repoM#458
20:54:27.178 [Test worker] DEBUG io.mockk.impl.instantiation.AbstractMockFactory - Creating mockk for PedidoRepositoryCached name=repoPedido#459
20:54:27.178 [Test worker] DEBUG io.mockk.impl.instantiation.AbstractMockFactory - Creating mockk for ProductoRepositoryCached name=repoProd#460
20:54:27.178 [Test worker] DEBUG io.mockk.impl.instantiation.AbstractMockFactory - Creating mockk for TareaRepositoryCached name=repoTarea#461
20:54:27.179 [Test worker] DEBUG io.mockk.impl.instantiation.AbstractMockFactory - Creating mockk for TurnoRepositoryCached name=repoTurno#462
20:54:27.179 [Test worker] DEBUG io.mockk.impl.instantiation.AbstractMockFactory - Creating mockk for UserRepositoryCached name=repoUser#463
20:54:27.184 [Test worker @coroutine#411] DEBUG io.mockk.impl.instantiation.AbstractMockFactory - Creating mockk for Maquina name=child of repoM#458#464
20:54:27.186 [Test worker @coroutine#411] DEBUG io.mockk.impl.instantiation.AbstractMockFactory - Creating mockk for Maquina name=child of repoM#458#465
20:54:27.706 [Test worker] DEBUG io.mockk.impl.instantiation.AbstractMockFactory - Creating mockk for MaquinaRepositoryCached name=repoM#466
20:54:27.707 [Test worker] DEBUG io.mockk.impl.instantiation.AbstractMockFactory - Creating mockk for PedidoRepositoryCached name=repoPedido#467
20:54:27.707 [Test worker] DEBUG io.mockk.impl.instantiation.AbstractMockFactory - Creating mockk for ProductoRepositoryCached name=repoProd#468
20:54:27.707 [Test worker] DEBUG io.mockk.impl.instantiation.AbstractMockFactory - Creating mockk for TareaRepositoryCached name=repoTarea#469
20:54:27.708 [Test worker] DEBUG io.mockk.impl.instantiation.AbstractMockFactory - Creating mockk for TurnoRepositoryCached name=repoTurno#470
20:54:27.708 [Test worker] DEBUG io.mockk.impl.instantiation.AbstractMockFactory - Creating mockk for UserRepositoryCached name=repoUser#471
20:54:27.715 [Test worker @coroutine#419] DEBUG io.mockk.impl.instantiation.AbstractMockFactory - Creating mockk for Turno name=child of repoTurno#470#472
20:54:27.722 [DefaultDispatcher-worker-2] DEBUG koin.repositories.pedido.PedidoRepository - findByUUID(93a98d69-6da6-48a7-b34f-05b596aaabac)
20:54:27.726 [AsyncGetter-5-thread-1] DEBUG org.mongodb.driver.protocol.command - Sending command '{"find": "pedido", "filter": {}, "batchSize": 64, "$db": "practica03mongoIvanLoli", "$clusterTime": {"clusterTime": {"$timestamp": {"t": 1676058860, "i": 5}}, "signature": {"hash": {"$binary": {"base64": "uyovlwCINoQp09d7lwEIuYZ77Fs=", "subType": "00"}}, "keyId": 7161871216054108163}}, "lsid": {"id": {"$binary": {"base64": "iaaDCEpQRkC2MlqJ67VcNQ==", "subType": "04"}}}}' with request id 38 to database practica03mongoIvanLoli on connection [connectionId{localValue:7, serverValue:268692}] to server ac-o2suyf6-shard-00-02.7qtbnuz.mongodb.net:27017
20:54:27.782 [async-channel-group-0-handler-executor] DEBUG org.mongodb.driver.protocol.command - Execution of command with request id 38 completed successfully in 56.70 ms on connection [connectionId{localValue:7, serverValue:268692}] to server ac-o2suyf6-shard-00-02.7qtbnuz.mongodb.net:27017
20:54:27.782 [async-channel-group-0-handler-executor] DEBUG org.mongodb.driver.operation - Received batch of 0 documents with cursorId 0 from server ac-o2suyf6-shard-00-02.7qtbnuz.mongodb.net:27017
20:54:27.783 [DefaultDispatcher-worker-2] DEBUG koin.repositories.pedido.PedidoRepository - findByUUID(93a98d69-6da6-48a7-b34f-05b596aaabac)
20:54:27.784 [AsyncGetter-5-thread-1] DEBUG org.mongodb.driver.protocol.command - Sending command '{"find": "pedido", "filter": {}, "batchSize": 64, "$db": "practica03mongoIvanLoli", "$clusterTime": {"clusterTime": {"$timestamp": {"t": 1676058864, "i": 1}}, "signature": {"hash": {"$binary": {"base64": "41wVPn3yRksTVtQ/54T3RUXv9no=", "subType": "00"}}, "keyId": 7161871216054108163}}, "lsid": {"id": {"$binary": {"base64": "iaaDCEpQRkC2MlqJ67VcNQ==", "subType": "04"}}}}' with request id 39 to database practica03mongoIvanLoli on connection [connectionId{localValue:7, serverValue:268692}] to server ac-o2suyf6-shard-00-02.7qtbnuz.mongodb.net:27017
20:54:27.823 [async-channel-group-0-handler-executor] DEBUG org.mongodb.driver.protocol.command - Execution of command with request id 39 completed successfully in 40.29 ms on connection [connectionId{localValue:7, serverValue:268692}] to server ac-o2suyf6-shard-00-02.7qtbnuz.mongodb.net:27017
20:54:27.823 [async-channel-group-0-handler-executor] DEBUG org.mongodb.driver.operation - Received batch of 0 documents with cursorId 0 from server ac-o2suyf6-shard-00-02.7qtbnuz.mongodb.net:27017
20:54:27.824 [DefaultDispatcher-worker-2] DEBUG io.mockk.impl.recording.states.AnsweringState - Answering Turno(id=63e6a0f361c2a601272c4eec, uuid=93a98d69-0019-48a7-b34f-05b596ea8abc, workerId=93a98d69-0007-48a7-b34f-05b596ea839c, maquinaId=93a98d69-0008-48a7-b34f-05b596ea83bb, horaInicio=2002-10-14T10:09, horaFin=2002-10-14T16:49, numPedidosActivos=2, tarea1Id=93a98d69-0013-48a7-b34f-05b596ea83cc, tarea2Id=null, finalizado=false) on TurnoRepositoryCached(repoTurno#470).save(Turno(id=63e6a0f361c2a601272c4ef2, uuid=93a98d69-6da6-48a7-b34f-05b596aaabba, workerId=93a98d69-6da6-48a7-b34f-05b596aaaaab, maquinaId=93a98d69-6da6-48a7-b34f-05b596aaaaca, horaInicio=2023-02-10T22:53:47.849741, horaFin=2023-02-11T00:53:47.849741, numPedidosActivos=0, tarea1Id=93a98d69-6da6-48a7-b34f-05b596aaabab, tarea2Id=93a98d69-6da6-48a7-b34f-05b596aaaacc, finalizado=false), continuation {})
20:54:27.824 [DefaultDispatcher-worker-2] DEBUG koin.repositories.user.UserRepository - findByUUID(93a98d69-0007-48a7-b34f-05b596ea839c)
20:54:27.826 [AsyncGetter-5-thread-1] DEBUG org.mongodb.driver.protocol.command - Sending command '{"find": "user", "filter": {}, "batchSize": 64, "$db": "practica03mongoIvanLoli", "$clusterTime": {"clusterTime": {"$timestamp": {"t": 1676058864, "i": 1}}, "signature": {"hash": {"$binary": {"base64": "41wVPn3yRksTVtQ/54T3RUXv9no=", "subType": "00"}}, "keyId": 7161871216054108163}}, "lsid": {"id": {"$binary": {"base64": "iaaDCEpQRkC2MlqJ67VcNQ==", "subType": "04"}}}}' with request id 40 to database practica03mongoIvanLoli on connection [connectionId{localValue:7, serverValue:268692}] to server ac-o2suyf6-shard-00-02.7qtbnuz.mongodb.net:27017
20:54:27.866 [async-channel-group-0-handler-executor] DEBUG org.mongodb.driver.protocol.command - Execution of command with request id 40 completed successfully in 39.87 ms on connection [connectionId{localValue:7, serverValue:268692}] to server ac-o2suyf6-shard-00-02.7qtbnuz.mongodb.net:27017
20:54:27.866 [async-channel-group-0-handler-executor] DEBUG org.mongodb.driver.operation - Received batch of 0 documents with cursorId 0 from server ac-o2suyf6-shard-00-02.7qtbnuz.mongodb.net:27017
20:54:27.867 [DefaultDispatcher-worker-2] DEBUG koin.repositories.maquina.MaquinaRepository - findByUUID(93a98d69-0008-48a7-b34f-05b596ea83bb)
20:54:27.867 [AsyncGetter-5-thread-1] DEBUG org.mongodb.driver.protocol.command - Sending command '{"find": "maquina", "filter": {}, "batchSize": 64, "$db": "practica03mongoIvanLoli", "$clusterTime": {"clusterTime": {"$timestamp": {"t": 1676058864, "i": 2}}, "signature": {"hash": {"$binary": {"base64": "41wVPn3yRksTVtQ/54T3RUXv9no=", "subType": "00"}}, "keyId": 7161871216054108163}}, "lsid": {"id": {"$binary": {"base64": "iaaDCEpQRkC2MlqJ67VcNQ==", "subType": "04"}}}}' with request id 41 to database practica03mongoIvanLoli on connection [connectionId{localValue:7, serverValue:268692}] to server ac-o2suyf6-shard-00-02.7qtbnuz.mongodb.net:27017
20:54:27.910 [async-channel-group-0-handler-executor] DEBUG org.mongodb.driver.protocol.command - Execution of command with request id 41 completed successfully in 42.19 ms on connection [connectionId{localValue:7, serverValue:268692}] to server ac-o2suyf6-shard-00-02.7qtbnuz.mongodb.net:27017
20:54:27.910 [async-channel-group-0-handler-executor] DEBUG org.mongodb.driver.operation - Received batch of 0 documents with cursorId 0 from server ac-o2suyf6-shard-00-02.7qtbnuz.mongodb.net:27017
20:54:27.910 [DefaultDispatcher-worker-2] DEBUG koin.repositories.tarea.TareaRepository - findByUUID(93a98d69-0013-48a7-b34f-05b596ea83cc)
20:54:27.911 [AsyncGetter-5-thread-1] DEBUG org.mongodb.driver.protocol.command - Sending command '{"find": "tarea", "filter": {}, "batchSize": 64, "$db": "practica03mongoIvanLoli", "$clusterTime": {"clusterTime": {"$timestamp": {"t": 1676058864, "i": 3}}, "signature": {"hash": {"$binary": {"base64": "41wVPn3yRksTVtQ/54T3RUXv9no=", "subType": "00"}}, "keyId": 7161871216054108163}}, "lsid": {"id": {"$binary": {"base64": "iaaDCEpQRkC2MlqJ67VcNQ==", "subType": "04"}}}}' with request id 42 to database practica03mongoIvanLoli on connection [connectionId{localValue:7, serverValue:268692}] to server ac-o2suyf6-shard-00-02.7qtbnuz.mongodb.net:27017
20:54:27.949 [async-channel-group-0-handler-executor] DEBUG org.mongodb.driver.protocol.command - Execution of command with request id 42 completed successfully in 38.57 ms on connection [connectionId{localValue:7, serverValue:268692}] to server ac-o2suyf6-shard-00-02.7qtbnuz.mongodb.net:27017
20:54:27.949 [async-channel-group-0-handler-executor] DEBUG org.mongodb.driver.operation - Received batch of 0 documents with cursorId 0 from server ac-o2suyf6-shard-00-02.7qtbnuz.mongodb.net:27017
20:54:28.477 [Test worker] DEBUG io.mockk.impl.instantiation.AbstractMockFactory - Creating mockk for MaquinaRepositoryCached name=repoM#473
20:54:28.478 [Test worker] DEBUG io.mockk.impl.instantiation.AbstractMockFactory - Creating mockk for PedidoRepositoryCached name=repoPedido#474
20:54:28.478 [Test worker] DEBUG io.mockk.impl.instantiation.AbstractMockFactory - Creating mockk for ProductoRepositoryCached name=repoProd#475
20:54:28.478 [Test worker] DEBUG io.mockk.impl.instantiation.AbstractMockFactory - Creating mockk for TareaRepositoryCached name=repoTarea#476
20:54:28.478 [Test worker] DEBUG io.mockk.impl.instantiation.AbstractMockFactory - Creating mockk for TurnoRepositoryCached name=repoTurno#477
20:54:28.478 [Test worker] DEBUG io.mockk.impl.instantiation.AbstractMockFactory - Creating mockk for UserRepositoryCached name=repoUser#478
20:54:28.483 [Test worker @coroutine#423] DEBUG io.mockk.impl.instantiation.AbstractMockFactory - Creating mockk for Flow name=child of repoUser#478#479
20:54:28.485 [DefaultDispatcher-worker-2 @coroutine#426] DEBUG io.mockk.impl.recording.states.AnsweringState - Answering kotlinx.coroutines.flow.FlowKt__BuildersKt$flowOf$$inlined$unsafeFlow$1@70861214 on UserRepositoryCached(repoUser#478).findAll(continuation {})
20:54:29.004 [Test worker] DEBUG io.mockk.impl.instantiation.AbstractMockFactory - Creating mockk for MaquinaRepositoryCached name=repoM#480
20:54:29.004 [Test worker] DEBUG io.mockk.impl.instantiation.AbstractMockFactory - Creating mockk for PedidoRepositoryCached name=repoPedido#481
20:54:29.004 [Test worker] DEBUG io.mockk.impl.instantiation.AbstractMockFactory - Creating mockk for ProductoRepositoryCached name=repoProd#482
20:54:29.005 [Test worker] DEBUG io.mockk.impl.instantiation.AbstractMockFactory - Creating mockk for TareaRepositoryCached name=repoTarea#483
20:54:29.005 [Test worker] DEBUG io.mockk.impl.instantiation.AbstractMockFactory - Creating mockk for TurnoRepositoryCached name=repoTurno#484
20:54:29.005 [Test worker] DEBUG io.mockk.impl.instantiation.AbstractMockFactory - Creating mockk for UserRepositoryCached name=repoUser#485
20:54:29.011 [Test worker @coroutine#429] DEBUG io.mockk.impl.instantiation.AbstractMockFactory - Creating mockk for Tarea name=child of repoTarea#483#486
20:54:29.013 [DefaultDispatcher-worker-2 @coroutine#432] DEBUG io.mockk.impl.recording.states.AnsweringState - Answering null on TareaRepositoryCached(repoTarea#483).findByUUID(310f5ec8-ebcf-44d2-b140-860d868d1430, continuation {})
20:54:29.403 [cluster-ClusterId{value='63e6a0d661c2a601272c4cef', description='null'}-ac-o2suyf6-shard-00-02.7qtbnuz.mongodb.net:27017] DEBUG org.mongodb.driver.cluster - Updating cluster description to  {type=REPLICA_SET, servers=[{address=ac-o2suyf6-shard-00-00.7qtbnuz.mongodb.net:27017, type=REPLICA_SET_SECONDARY, TagSet{[Tag{name='nodeType', value='ELECTABLE'}, Tag{name='provider', value='AWS'}, Tag{name='region', value='EU_WEST_3'}, Tag{name='workloadType', value='OPERATIONAL'}]}, roundTripTime=255.6 ms, state=CONNECTED}, {address=ac-o2suyf6-shard-00-02.7qtbnuz.mongodb.net:27017, type=REPLICA_SET_PRIMARY, TagSet{[Tag{name='nodeType', value='ELECTABLE'}, Tag{name='provider', value='AWS'}, Tag{name='region', value='EU_WEST_3'}, Tag{name='workloadType', value='OPERATIONAL'}]}, roundTripTime=212.8 ms, state=CONNECTED}, {address=ac-o2suyf6-shard-00-01.7qtbnuz.mongodb.net:27017, type=REPLICA_SET_SECONDARY, TagSet{[Tag{name='nodeType', value='ELECTABLE'}, Tag{name='provider', value='AWS'}, Tag{name='region', value='EU_WEST_3'}, Tag{name='workloadType', value='OPERATIONAL'}]}, roundTripTime=253.2 ms, state=CONNECTED}]
20:54:29.403 [cluster-ClusterId{value='63e6a0d661c2a601272c4cef', description='null'}-ac-o2suyf6-shard-00-02.7qtbnuz.mongodb.net:27017] DEBUG org.mongodb.driver.cluster - Checking status of ac-o2suyf6-shard-00-02.7qtbnuz.mongodb.net:27017
20:54:29.403 [cluster-ClusterId{value='63e6a0d661c2a601272c4cef', description='null'}-ac-o2suyf6-shard-00-00.7qtbnuz.mongodb.net:27017] DEBUG org.mongodb.driver.cluster - Updating cluster description to  {type=REPLICA_SET, servers=[{address=ac-o2suyf6-shard-00-00.7qtbnuz.mongodb.net:27017, type=REPLICA_SET_SECONDARY, TagSet{[Tag{name='nodeType', value='ELECTABLE'}, Tag{name='provider', value='AWS'}, Tag{name='region', value='EU_WEST_3'}, Tag{name='workloadType', value='OPERATIONAL'}]}, roundTripTime=215.1 ms, state=CONNECTED}, {address=ac-o2suyf6-shard-00-02.7qtbnuz.mongodb.net:27017, type=REPLICA_SET_PRIMARY, TagSet{[Tag{name='nodeType', value='ELECTABLE'}, Tag{name='provider', value='AWS'}, Tag{name='region', value='EU_WEST_3'}, Tag{name='workloadType', value='OPERATIONAL'}]}, roundTripTime=212.8 ms, state=CONNECTED}, {address=ac-o2suyf6-shard-00-01.7qtbnuz.mongodb.net:27017, type=REPLICA_SET_SECONDARY, TagSet{[Tag{name='nodeType', value='ELECTABLE'}, Tag{name='provider', value='AWS'}, Tag{name='region', value='EU_WEST_3'}, Tag{name='workloadType', value='OPERATIONAL'}]}, roundTripTime=253.2 ms, state=CONNECTED}]
20:54:29.403 [cluster-ClusterId{value='63e6a0d661c2a601272c4cef', description='null'}-ac-o2suyf6-shard-00-00.7qtbnuz.mongodb.net:27017] DEBUG org.mongodb.driver.cluster - Checking status of ac-o2suyf6-shard-00-00.7qtbnuz.mongodb.net:27017
20:54:29.404 [cluster-ClusterId{value='63e6a0d661c2a601272c4cef', description='null'}-ac-o2suyf6-shard-00-01.7qtbnuz.mongodb.net:27017] DEBUG org.mongodb.driver.cluster - Updating cluster description to  {type=REPLICA_SET, servers=[{address=ac-o2suyf6-shard-00-00.7qtbnuz.mongodb.net:27017, type=REPLICA_SET_SECONDARY, TagSet{[Tag{name='nodeType', value='ELECTABLE'}, Tag{name='provider', value='AWS'}, Tag{name='region', value='EU_WEST_3'}, Tag{name='workloadType', value='OPERATIONAL'}]}, roundTripTime=215.1 ms, state=CONNECTED}, {address=ac-o2suyf6-shard-00-02.7qtbnuz.mongodb.net:27017, type=REPLICA_SET_PRIMARY, TagSet{[Tag{name='nodeType', value='ELECTABLE'}, Tag{name='provider', value='AWS'}, Tag{name='region', value='EU_WEST_3'}, Tag{name='workloadType', value='OPERATIONAL'}]}, roundTripTime=212.8 ms, state=CONNECTED}, {address=ac-o2suyf6-shard-00-01.7qtbnuz.mongodb.net:27017, type=REPLICA_SET_SECONDARY, TagSet{[Tag{name='nodeType', value='ELECTABLE'}, Tag{name='provider', value='AWS'}, Tag{name='region', value='EU_WEST_3'}, Tag{name='workloadType', value='OPERATIONAL'}]}, roundTripTime=213.1 ms, state=CONNECTED}]
20:54:29.404 [cluster-ClusterId{value='63e6a0d661c2a601272c4cef', description='null'}-ac-o2suyf6-shard-00-01.7qtbnuz.mongodb.net:27017] DEBUG org.mongodb.driver.cluster - Checking status of ac-o2suyf6-shard-00-01.7qtbnuz.mongodb.net:27017
20:54:29.432 [cluster-rtt-ClusterId{value='63e6a0d661c2a601272c4cef', description='null'}-ac-o2suyf6-shard-00-00.7qtbnuz.mongodb.net:27017] DEBUG org.mongodb.driver.protocol.command - Sending command '{"hello": 1, "$db": "admin", "$clusterTime": {"clusterTime": {"$timestamp": {"t": 1676058865, "i": 5}}, "signature": {"hash": {"$binary": {"base64": "a0Yureh5kUZupWpVFmcIPFRy7c4=", "subType": "00"}}, "keyId": 7161871216054108163}}}' with request id 45 to database admin on connection [connectionId{localValue:4, serverValue:269285}] to server ac-o2suyf6-shard-00-00.7qtbnuz.mongodb.net:27017
20:54:29.432 [cluster-rtt-ClusterId{value='63e6a0d661c2a601272c4cef', description='null'}-ac-o2suyf6-shard-00-02.7qtbnuz.mongodb.net:27017] DEBUG org.mongodb.driver.protocol.command - Sending command '{"hello": 1, "$db": "admin", "$clusterTime": {"clusterTime": {"$timestamp": {"t": 1676058865, "i": 5}}, "signature": {"hash": {"$binary": {"base64": "a0Yureh5kUZupWpVFmcIPFRy7c4=", "subType": "00"}}, "keyId": 7161871216054108163}}}' with request id 44 to database admin on connection [connectionId{localValue:3, serverValue:268695}] to server ac-o2suyf6-shard-00-02.7qtbnuz.mongodb.net:27017
20:54:29.432 [cluster-rtt-ClusterId{value='63e6a0d661c2a601272c4cef', description='null'}-ac-o2suyf6-shard-00-01.7qtbnuz.mongodb.net:27017] DEBUG org.mongodb.driver.protocol.command - Sending command '{"hello": 1, "$db": "admin", "$clusterTime": {"clusterTime": {"$timestamp": {"t": 1676058865, "i": 5}}, "signature": {"hash": {"$binary": {"base64": "a0Yureh5kUZupWpVFmcIPFRy7c4=", "subType": "00"}}, "keyId": 7161871216054108163}}}' with request id 43 to database admin on connection [connectionId{localValue:1, serverValue:264752}] to server ac-o2suyf6-shard-00-01.7qtbnuz.mongodb.net:27017
20:54:29.467 [cluster-rtt-ClusterId{value='63e6a0d661c2a601272c4cef', description='null'}-ac-o2suyf6-shard-00-01.7qtbnuz.mongodb.net:27017] DEBUG org.mongodb.driver.protocol.command - Execution of command with request id 43 completed successfully in 34.41 ms on connection [connectionId{localValue:1, serverValue:264752}] to server ac-o2suyf6-shard-00-01.7qtbnuz.mongodb.net:27017
20:54:29.467 [cluster-rtt-ClusterId{value='63e6a0d661c2a601272c4cef', description='null'}-ac-o2suyf6-shard-00-00.7qtbnuz.mongodb.net:27017] DEBUG org.mongodb.driver.protocol.command - Execution of command with request id 45 completed successfully in 34.41 ms on connection [connectionId{localValue:4, serverValue:269285}] to server ac-o2suyf6-shard-00-00.7qtbnuz.mongodb.net:27017
20:54:29.467 [cluster-rtt-ClusterId{value='63e6a0d661c2a601272c4cef', description='null'}-ac-o2suyf6-shard-00-02.7qtbnuz.mongodb.net:27017] DEBUG org.mongodb.driver.protocol.command - Execution of command with request id 44 completed successfully in 34.41 ms on connection [connectionId{localValue:3, serverValue:268695}] to server ac-o2suyf6-shard-00-02.7qtbnuz.mongodb.net:27017
20:54:29.537 [Test worker] DEBUG io.mockk.impl.instantiation.AbstractMockFactory - Creating mockk for MaquinaRepositoryCached name=repoM#487
20:54:29.537 [Test worker] DEBUG io.mockk.impl.instantiation.AbstractMockFactory - Creating mockk for PedidoRepositoryCached name=repoPedido#488
20:54:29.537 [Test worker] DEBUG io.mockk.impl.instantiation.AbstractMockFactory - Creating mockk for ProductoRepositoryCached name=repoProd#489
20:54:29.537 [Test worker] DEBUG io.mockk.impl.instantiation.AbstractMockFactory - Creating mockk for TareaRepositoryCached name=repoTarea#490
20:54:29.538 [Test worker] DEBUG io.mockk.impl.instantiation.AbstractMockFactory - Creating mockk for TurnoRepositoryCached name=repoTurno#491
20:54:29.538 [Test worker] DEBUG io.mockk.impl.instantiation.AbstractMockFactory - Creating mockk for UserRepositoryCached name=repoUser#492
20:54:29.543 [Test worker @coroutine#435] DEBUG io.mockk.impl.instantiation.AbstractMockFactory - Creating mockk for Producto name=child of repoProd#489#493
20:54:29.545 [Test worker @coroutine#435] DEBUG io.mockk.impl.instantiation.AbstractMockFactory - Creating mockk for Producto name=child of repoProd#489#494
20:54:30.067 [Test worker] DEBUG io.mockk.impl.instantiation.AbstractMockFactory - Creating mockk for MaquinaRepositoryCached name=repoM#495
20:54:30.067 [Test worker] DEBUG io.mockk.impl.instantiation.AbstractMockFactory - Creating mockk for PedidoRepositoryCached name=repoPedido#496
20:54:30.068 [Test worker] DEBUG io.mockk.impl.instantiation.AbstractMockFactory - Creating mockk for ProductoRepositoryCached name=repoProd#497
20:54:30.068 [Test worker] DEBUG io.mockk.impl.instantiation.AbstractMockFactory - Creating mockk for TareaRepositoryCached name=repoTarea#498
20:54:30.068 [Test worker] DEBUG io.mockk.impl.instantiation.AbstractMockFactory - Creating mockk for TurnoRepositoryCached name=repoTurno#499
20:54:30.068 [Test worker] DEBUG io.mockk.impl.instantiation.AbstractMockFactory - Creating mockk for UserRepositoryCached name=repoUser#500
20:54:30.073 [Test worker @coroutine#443] DEBUG io.mockk.impl.instantiation.AbstractMockFactory - Creating mockk for User name=child of repoUser#500#501
20:54:30.075 [Test worker @coroutine#443] DEBUG io.mockk.impl.instantiation.AbstractMockFactory - Creating mockk for User name=child of repoUser#500#502
20:54:30.078 [DefaultDispatcher-worker-2 @coroutine#448] DEBUG io.mockk.impl.recording.states.AnsweringState - Answering User(id=63e6a0f661c2a601272c4f14, uuid=93a98d69-0006-48a7-b34f-05b596ea839a, nombre=Maria, apellido=Martinez, telefono=632120281, email=email2@email.com, password=contra, perfil=CLIENT, activo=true) on UserRepositoryCached(repoUser#500).findByUUID(93a98d69-0006-48a7-b34f-05b596ea839a, continuation {})
20:54:30.078 [DefaultDispatcher-worker-2 @coroutine#448] DEBUG io.mockk.impl.recording.states.AnsweringState - Answering User(id=63e6a0f661c2a601272c4f14, uuid=93a98d69-0006-48a7-b34f-05b596ea839a, nombre=Maria, apellido=Martinez, telefono=632120281, email=email2@email.com, password=contra, perfil=CLIENT, activo=true) on UserRepositoryCached(repoUser#500).delete(63e6a0f661c2a601272c4f14, continuation {})
20:54:30.612 [Test worker] DEBUG io.mockk.impl.instantiation.AbstractMockFactory - Creating mockk for MaquinaRepositoryCached name=repoM#503
20:54:30.612 [Test worker] DEBUG io.mockk.impl.instantiation.AbstractMockFactory - Creating mockk for PedidoRepositoryCached name=repoPedido#504
20:54:30.612 [Test worker] DEBUG io.mockk.impl.instantiation.AbstractMockFactory - Creating mockk for ProductoRepositoryCached name=repoProd#505
20:54:30.612 [Test worker] DEBUG io.mockk.impl.instantiation.AbstractMockFactory - Creating mockk for TareaRepositoryCached name=repoTarea#506
20:54:30.612 [Test worker] DEBUG io.mockk.impl.instantiation.AbstractMockFactory - Creating mockk for TurnoRepositoryCached name=repoTurno#507
20:54:30.612 [Test worker] DEBUG io.mockk.impl.instantiation.AbstractMockFactory - Creating mockk for UserRepositoryCached name=repoUser#508
20:54:30.620 [Test worker @coroutine#451] DEBUG io.mockk.impl.instantiation.AbstractMockFactory - Creating mockk for Tarea name=child of repoTarea#506#509
20:54:30.623 [Test worker @coroutine#451] DEBUG io.mockk.impl.instantiation.AbstractMockFactory - Creating mockk for Tarea name=child of repoTarea#506#510
20:54:30.626 [DefaultDispatcher-worker-2 @coroutine#456] DEBUG io.mockk.impl.recording.states.AnsweringState - Answering Tarea(id=63e6a0f661c2a601272c4f22, uuid=93a98d69-0013-48a7-b34f-05b596ea83cc, raquetaId=93a98d69-0001-48a7-b34f-05b596ea83ba, precio=36.4, tipo=PERSONALIZACION, finalizada=true, pedidoId=93a98d69-0010-48a7-b34f-05b596ea8acc, productoAdquiridoId=93a98d69-0004-48a7-b34f-05b596ea83aa, peso=10, balance=2.0, rigidez=5, tensionHorizontal=null, cordajeHorizontalId=null, tensionVertical=null, cordajeVerticalId=null, dosNudos=null) on TareaRepositoryCached(repoTarea#506).findByUUID(93a98d69-0013-48a7-b34f-05b596ea83cc, continuation {})
20:54:30.626 [DefaultDispatcher-worker-2 @coroutine#456] DEBUG io.mockk.impl.recording.states.AnsweringState - Answering Tarea(id=63e6a0f661c2a601272c4f22, uuid=93a98d69-0013-48a7-b34f-05b596ea83cc, raquetaId=93a98d69-0001-48a7-b34f-05b596ea83ba, precio=36.4, tipo=PERSONALIZACION, finalizada=true, pedidoId=93a98d69-0010-48a7-b34f-05b596ea8acc, productoAdquiridoId=93a98d69-0004-48a7-b34f-05b596ea83aa, peso=10, balance=2.0, rigidez=5, tensionHorizontal=null, cordajeHorizontalId=null, tensionVertical=null, cordajeVerticalId=null, dosNudos=null) on TareaRepositoryCached(repoTarea#506).setFinalizada(63e6a0f661c2a601272c4f22, continuation {})
20:54:30.626 [DefaultDispatcher-worker-2 @coroutine#456] DEBUG koin.repositories.producto.ProductoRepository - findByUUID(93a98d69-0001-48a7-b34f-05b596ea83ba)
20:54:30.627 [AsyncGetter-5-thread-1] DEBUG org.mongodb.driver.protocol.command - Sending command '{"find": "producto", "filter": {}, "batchSize": 64, "$db": "practica03mongoIvanLoli", "$clusterTime": {"clusterTime": {"$timestamp": {"t": 1676058865, "i": 5}}, "signature": {"hash": {"$binary": {"base64": "a0Yureh5kUZupWpVFmcIPFRy7c4=", "subType": "00"}}, "keyId": 7161871216054108163}}, "lsid": {"id": {"$binary": {"base64": "iaaDCEpQRkC2MlqJ67VcNQ==", "subType": "04"}}}}' with request id 46 to database practica03mongoIvanLoli on connection [connectionId{localValue:7, serverValue:268692}] to server ac-o2suyf6-shard-00-02.7qtbnuz.mongodb.net:27017
20:54:30.686 [async-channel-group-0-handler-executor] DEBUG org.mongodb.driver.protocol.command - Execution of command with request id 46 completed successfully in 58.49 ms on connection [connectionId{localValue:7, serverValue:268692}] to server ac-o2suyf6-shard-00-02.7qtbnuz.mongodb.net:27017
20:54:30.686 [async-channel-group-0-handler-executor] DEBUG org.mongodb.driver.operation - Received batch of 0 documents with cursorId 0 from server ac-o2suyf6-shard-00-02.7qtbnuz.mongodb.net:27017
20:54:31.213 [Test worker] DEBUG io.mockk.impl.instantiation.AbstractMockFactory - Creating mockk for MaquinaRepositoryCached name=repoM#511
20:54:31.213 [Test worker] DEBUG io.mockk.impl.instantiation.AbstractMockFactory - Creating mockk for PedidoRepositoryCached name=repoPedido#512
20:54:31.214 [Test worker] DEBUG io.mockk.impl.instantiation.AbstractMockFactory - Creating mockk for ProductoRepositoryCached name=repoProd#513
20:54:31.214 [Test worker] DEBUG io.mockk.impl.instantiation.AbstractMockFactory - Creating mockk for TareaRepositoryCached name=repoTarea#514
20:54:31.214 [Test worker] DEBUG io.mockk.impl.instantiation.AbstractMockFactory - Creating mockk for TurnoRepositoryCached name=repoTurno#515
20:54:31.214 [Test worker] DEBUG io.mockk.impl.instantiation.AbstractMockFactory - Creating mockk for UserRepositoryCached name=repoUser#516
20:54:31.221 [Test worker @coroutine#459] DEBUG io.mockk.impl.instantiation.AbstractMockFactory - Creating mockk for Producto name=child of repoProd#513#517
20:54:31.225 [DefaultDispatcher-worker-2 @coroutine#462] DEBUG io.mockk.impl.recording.states.AnsweringState - Answering Producto(id=63e6a0f761c2a601272c4f2a, uuid=93a98d69-0004-48a7-b34f-05b596ea83aa, tipo=FUNDAS, marca=MarcaZ, modelo=ModeloZ, precio=36.4, stock=8) on ProductoRepositoryCached(repoProd#513).findByUUID(93a98d69-0004-48a7-b34f-05b596ea83aa, continuation {})
20:54:31.750 [Test worker] DEBUG io.mockk.impl.instantiation.AbstractMockFactory - Creating mockk for MaquinaRepositoryCached name=repoM#518
20:54:31.751 [Test worker] DEBUG io.mockk.impl.instantiation.AbstractMockFactory - Creating mockk for PedidoRepositoryCached name=repoPedido#519
20:54:31.751 [Test worker] DEBUG io.mockk.impl.instantiation.AbstractMockFactory - Creating mockk for ProductoRepositoryCached name=repoProd#520
20:54:31.752 [Test worker] DEBUG io.mockk.impl.instantiation.AbstractMockFactory - Creating mockk for TareaRepositoryCached name=repoTarea#521
20:54:31.752 [Test worker] DEBUG io.mockk.impl.instantiation.AbstractMockFactory - Creating mockk for TurnoRepositoryCached name=repoTurno#522
20:54:31.752 [Test worker] DEBUG io.mockk.impl.instantiation.AbstractMockFactory - Creating mockk for UserRepositoryCached name=repoUser#523
20:54:31.759 [Test worker @coroutine#465] DEBUG io.mockk.impl.instantiation.AbstractMockFactory - Creating mockk for Pedido name=child of repoPedido#519#524
20:54:31.761 [Test worker @coroutine#465] DEBUG io.mockk.impl.instantiation.AbstractMockFactory - Creating mockk for Flow name=child of repoTarea#521#525
20:54:31.763 [Test worker @coroutine#465] DEBUG io.mockk.impl.instantiation.AbstractMockFactory - Creating mockk for Tarea name=child of repoTarea#521#526
20:54:31.765 [Test worker @coroutine#465] DEBUG io.mockk.impl.instantiation.AbstractMockFactory - Creating mockk for Pedido name=child of repoPedido#519#527
20:54:31.769 [DefaultDispatcher-worker-2 @coroutine#474] DEBUG io.mockk.impl.recording.states.AnsweringState - Answering Pedido(id=63e6a0f761c2a601272c4f35, uuid=93a98d69-0010-48a7-b34f-05b596ea8acc, userId=93a98d69-0006-48a7-b34f-05b596ea839a, state=PROCESO, fechaEntrada=2013-10-10, fechaSalida=2023-12-12, topeEntrega=2023-12-14, precio=0.0) on PedidoRepositoryCached(repoPedido#519).findByUUID(93a98d69-0010-48a7-b34f-05b596ea8acc, continuation {})
20:54:31.770 [DefaultDispatcher-worker-2 @coroutine#474] DEBUG io.mockk.impl.recording.states.AnsweringState - Answering kotlinx.coroutines.flow.FlowKt__BuildersKt$flowOf$$inlined$unsafeFlow$1@569b7a4 on TareaRepositoryCached(repoTarea#521).findAll(continuation {})
20:54:31.770 [DefaultDispatcher-worker-2 @coroutine#474] DEBUG io.mockk.impl.recording.states.AnsweringState - Answering Pedido(id=63e6a0f761c2a601272c4f35, uuid=93a98d69-0010-48a7-b34f-05b596ea8acc, userId=93a98d69-0006-48a7-b34f-05b596ea839a, state=PROCESO, fechaEntrada=2013-10-10, fechaSalida=2023-12-12, topeEntrega=2023-12-14, precio=0.0) on PedidoRepositoryCached(repoPedido#519).delete(63e6a0f761c2a601272c4f35, continuation {})
20:54:31.770 [DefaultDispatcher-worker-2 @coroutine#474] DEBUG koin.repositories.tarea.TareaRepository - findAll()
20:54:31.771 [AsyncGetter-5-thread-1] DEBUG org.mongodb.driver.protocol.command - Sending command '{"find": "tarea", "filter": {}, "batchSize": 64, "$db": "practica03mongoIvanLoli", "$clusterTime": {"clusterTime": {"$timestamp": {"t": 1676058866, "i": 237}}, "signature": {"hash": {"$binary": {"base64": "pMarBfpL2fcu3JGE8hSwg+jwYAI=", "subType": "00"}}, "keyId": 7161871216054108163}}, "lsid": {"id": {"$binary": {"base64": "iaaDCEpQRkC2MlqJ67VcNQ==", "subType": "04"}}}}' with request id 47 to database practica03mongoIvanLoli on connection [connectionId{localValue:7, serverValue:268692}] to server ac-o2suyf6-shard-00-02.7qtbnuz.mongodb.net:27017
20:54:31.826 [async-channel-group-0-handler-executor] DEBUG org.mongodb.driver.protocol.command - Execution of command with request id 47 completed successfully in 55.20 ms on connection [connectionId{localValue:7, serverValue:268692}] to server ac-o2suyf6-shard-00-02.7qtbnuz.mongodb.net:27017
20:54:31.826 [async-channel-group-0-handler-executor] DEBUG org.mongodb.driver.operation - Received batch of 0 documents with cursorId 0 from server ac-o2suyf6-shard-00-02.7qtbnuz.mongodb.net:27017
20:54:31.827 [DefaultDispatcher-worker-2 @coroutine#474] DEBUG koin.repositories.user.UserRepository - findByUUID(93a98d69-0006-48a7-b34f-05b596ea839a)
20:54:31.828 [AsyncGetter-5-thread-1] DEBUG org.mongodb.driver.protocol.command - Sending command '{"find": "user", "filter": {}, "batchSize": 64, "$db": "practica03mongoIvanLoli", "$clusterTime": {"clusterTime": {"$timestamp": {"t": 1676058867, "i": 5}}, "signature": {"hash": {"$binary": {"base64": "etmtx1uv3HiKuedCmQmCq1t4OjA=", "subType": "00"}}, "keyId": 7161871216054108163}}, "lsid": {"id": {"$binary": {"base64": "iaaDCEpQRkC2MlqJ67VcNQ==", "subType": "04"}}}}' with request id 48 to database practica03mongoIvanLoli on connection [connectionId{localValue:7, serverValue:268692}] to server ac-o2suyf6-shard-00-02.7qtbnuz.mongodb.net:27017
20:54:31.868 [async-channel-group-0-handler-executor] DEBUG org.mongodb.driver.protocol.command - Execution of command with request id 48 completed successfully in 39.63 ms on connection [connectionId{localValue:7, serverValue:268692}] to server ac-o2suyf6-shard-00-02.7qtbnuz.mongodb.net:27017
20:54:31.868 [async-channel-group-0-handler-executor] DEBUG org.mongodb.driver.operation - Received batch of 0 documents with cursorId 0 from server ac-o2suyf6-shard-00-02.7qtbnuz.mongodb.net:27017
20:54:32.389 [Test worker] DEBUG io.mockk.impl.instantiation.AbstractMockFactory - Creating mockk for MaquinaRepositoryCached name=repoM#528
20:54:32.390 [Test worker] DEBUG io.mockk.impl.instantiation.AbstractMockFactory - Creating mockk for PedidoRepositoryCached name=repoPedido#529
20:54:32.390 [Test worker] DEBUG io.mockk.impl.instantiation.AbstractMockFactory - Creating mockk for ProductoRepositoryCached name=repoProd#530
20:54:32.390 [Test worker] DEBUG io.mockk.impl.instantiation.AbstractMockFactory - Creating mockk for TareaRepositoryCached name=repoTarea#531
20:54:32.391 [Test worker] DEBUG io.mockk.impl.instantiation.AbstractMockFactory - Creating mockk for TurnoRepositoryCached name=repoTurno#532
20:54:32.391 [Test worker] DEBUG io.mockk.impl.instantiation.AbstractMockFactory - Creating mockk for UserRepositoryCached name=repoUser#533
20:54:32.396 [Test worker @coroutine#477] DEBUG io.mockk.impl.instantiation.AbstractMockFactory - Creating mockk for Producto name=child of repoProd#530#534
20:54:32.398 [DefaultDispatcher-worker-2 @coroutine#480] DEBUG io.mockk.impl.recording.states.AnsweringState - Answering null on ProductoRepositoryCached(repoProd#530).findByUUID(a2c106e5-1aa2-4f5c-ba43-23fd5557694d, continuation {})
20:54:32.918 [Test worker] DEBUG io.mockk.impl.instantiation.AbstractMockFactory - Creating mockk for MaquinaRepositoryCached name=repoM#535
20:54:32.918 [Test worker] DEBUG io.mockk.impl.instantiation.AbstractMockFactory - Creating mockk for PedidoRepositoryCached name=repoPedido#536
20:54:32.918 [Test worker] DEBUG io.mockk.impl.instantiation.AbstractMockFactory - Creating mockk for ProductoRepositoryCached name=repoProd#537
20:54:32.918 [Test worker] DEBUG io.mockk.impl.instantiation.AbstractMockFactory - Creating mockk for TareaRepositoryCached name=repoTarea#538
20:54:32.919 [Test worker] DEBUG io.mockk.impl.instantiation.AbstractMockFactory - Creating mockk for TurnoRepositoryCached name=repoTurno#539
20:54:32.919 [Test worker] DEBUG io.mockk.impl.instantiation.AbstractMockFactory - Creating mockk for UserRepositoryCached name=repoUser#540
20:54:32.924 [Test worker @coroutine#483] DEBUG io.mockk.impl.instantiation.AbstractMockFactory - Creating mockk for Turno name=child of repoTurno#539#541
20:54:32.926 [Test worker @coroutine#483] DEBUG io.mockk.impl.instantiation.AbstractMockFactory - Creating mockk for Turno name=child of repoTurno#539#542
20:54:33.446 [Test worker] DEBUG io.mockk.impl.instantiation.AbstractMockFactory - Creating mockk for MaquinaRepositoryCached name=repoM#543
20:54:33.446 [Test worker] DEBUG io.mockk.impl.instantiation.AbstractMockFactory - Creating mockk for PedidoRepositoryCached name=repoPedido#544
20:54:33.446 [Test worker] DEBUG io.mockk.impl.instantiation.AbstractMockFactory - Creating mockk for ProductoRepositoryCached name=repoProd#545
20:54:33.446 [Test worker] DEBUG io.mockk.impl.instantiation.AbstractMockFactory - Creating mockk for TareaRepositoryCached name=repoTarea#546
20:54:33.446 [Test worker] DEBUG io.mockk.impl.instantiation.AbstractMockFactory - Creating mockk for TurnoRepositoryCached name=repoTurno#547
20:54:33.446 [Test worker] DEBUG io.mockk.impl.instantiation.AbstractMockFactory - Creating mockk for UserRepositoryCached name=repoUser#548
20:54:33.454 [Test worker @coroutine#491] DEBUG io.mockk.impl.instantiation.AbstractMockFactory - Creating mockk for Maquina name=child of repoM#543#549
20:54:33.968 [Test worker] DEBUG io.mockk.impl.instantiation.AbstractMockFactory - Creating mockk for MaquinaRepositoryCached name=repoM#550
20:54:33.969 [Test worker] DEBUG io.mockk.impl.instantiation.AbstractMockFactory - Creating mockk for PedidoRepositoryCached name=repoPedido#551
20:54:33.969 [Test worker] DEBUG io.mockk.impl.instantiation.AbstractMockFactory - Creating mockk for ProductoRepositoryCached name=repoProd#552
20:54:33.969 [Test worker] DEBUG io.mockk.impl.instantiation.AbstractMockFactory - Creating mockk for TareaRepositoryCached name=repoTarea#553
20:54:33.969 [Test worker] DEBUG io.mockk.impl.instantiation.AbstractMockFactory - Creating mockk for TurnoRepositoryCached name=repoTurno#554
20:54:33.969 [Test worker] DEBUG io.mockk.impl.instantiation.AbstractMockFactory - Creating mockk for UserRepositoryCached name=repoUser#555
20:54:33.974 [Test worker @coroutine#495] DEBUG io.mockk.impl.instantiation.AbstractMockFactory - Creating mockk for Turno name=child of repoTurno#554#556
20:54:34.493 [Test worker] DEBUG io.mockk.impl.instantiation.AbstractMockFactory - Creating mockk for MaquinaRepositoryCached name=repoM#557
20:54:34.494 [Test worker] DEBUG io.mockk.impl.instantiation.AbstractMockFactory - Creating mockk for PedidoRepositoryCached name=repoPedido#558
20:54:34.494 [Test worker] DEBUG io.mockk.impl.instantiation.AbstractMockFactory - Creating mockk for ProductoRepositoryCached name=repoProd#559
20:54:34.494 [Test worker] DEBUG io.mockk.impl.instantiation.AbstractMockFactory - Creating mockk for TareaRepositoryCached name=repoTarea#560
20:54:34.494 [Test worker] DEBUG io.mockk.impl.instantiation.AbstractMockFactory - Creating mockk for TurnoRepositoryCached name=repoTurno#561
20:54:34.494 [Test worker] DEBUG io.mockk.impl.instantiation.AbstractMockFactory - Creating mockk for UserRepositoryCached name=repoUser#562
20:54:34.499 [Test worker @coroutine#499] DEBUG io.mockk.impl.instantiation.AbstractMockFactory - Creating mockk for Tarea name=child of repoTarea#560#563
20:54:35.017 [Test worker] DEBUG io.mockk.impl.instantiation.AbstractMockFactory - Creating mockk for MaquinaRepositoryCached name=repoM#564
20:54:35.017 [Test worker] DEBUG io.mockk.impl.instantiation.AbstractMockFactory - Creating mockk for PedidoRepositoryCached name=repoPedido#565
20:54:35.017 [Test worker] DEBUG io.mockk.impl.instantiation.AbstractMockFactory - Creating mockk for ProductoRepositoryCached name=repoProd#566
20:54:35.017 [Test worker] DEBUG io.mockk.impl.instantiation.AbstractMockFactory - Creating mockk for TareaRepositoryCached name=repoTarea#567
20:54:35.017 [Test worker] DEBUG io.mockk.impl.instantiation.AbstractMockFactory - Creating mockk for TurnoRepositoryCached name=repoTurno#568
20:54:35.017 [Test worker] DEBUG io.mockk.impl.instantiation.AbstractMockFactory - Creating mockk for UserRepositoryCached name=repoUser#569
20:54:35.023 [Test worker @coroutine#503] DEBUG io.mockk.impl.instantiation.AbstractMockFactory - Creating mockk for User name=child of repoUser#569#570
20:54:35.024 [Test worker @coroutine#503] DEBUG io.mockk.impl.instantiation.AbstractMockFactory - Creating mockk for User name=child of repoUser#569#571
20:54:35.027 [DefaultDispatcher-worker-2 @coroutine#508] DEBUG io.mockk.impl.recording.states.AnsweringState - Answering User(id=63e6a0fb61c2a601272c4f6e, uuid=93a98d69-0006-48a7-b34f-05b596ea839a, nombre=Maria, apellido=Martinez, telefono=632120281, email=email2@email.com, password=contra, perfil=CLIENT, activo=true) on UserRepositoryCached(repoUser#569).findByUUID(93a98d69-0006-48a7-b34f-05b596ea839a, continuation {})
20:54:35.027 [DefaultDispatcher-worker-2 @coroutine#508] DEBUG io.mockk.impl.recording.states.AnsweringState - Answering null on UserRepositoryCached(repoUser#569).delete(63e6a0fb61c2a601272c4f6e, continuation {})
20:54:35.550 [Test worker] DEBUG io.mockk.impl.instantiation.AbstractMockFactory - Creating mockk for MaquinaRepositoryCached name=repoM#572
20:54:35.551 [Test worker] DEBUG io.mockk.impl.instantiation.AbstractMockFactory - Creating mockk for PedidoRepositoryCached name=repoPedido#573
20:54:35.551 [Test worker] DEBUG io.mockk.impl.instantiation.AbstractMockFactory - Creating mockk for ProductoRepositoryCached name=repoProd#574
20:54:35.551 [Test worker] DEBUG io.mockk.impl.instantiation.AbstractMockFactory - Creating mockk for TareaRepositoryCached name=repoTarea#575
20:54:35.551 [Test worker] DEBUG io.mockk.impl.instantiation.AbstractMockFactory - Creating mockk for TurnoRepositoryCached name=repoTurno#576
20:54:35.551 [Test worker] DEBUG io.mockk.impl.instantiation.AbstractMockFactory - Creating mockk for UserRepositoryCached name=repoUser#577
20:54:35.559 [Test worker @coroutine#511] DEBUG io.mockk.impl.instantiation.AbstractMockFactory - Creating mockk for User name=child of repoUser#577#578
20:54:35.561 [DefaultDispatcher-worker-2 @coroutine#515] DEBUG io.mockk.impl.recording.states.AnsweringState - Answering null on UserRepositoryCached(repoUser#577).findById(1, continuation {})
20:54:36.084 [Test worker] DEBUG io.mockk.impl.instantiation.AbstractMockFactory - Creating mockk for MaquinaRepositoryCached name=repoM#579
20:54:36.084 [Test worker] DEBUG io.mockk.impl.instantiation.AbstractMockFactory - Creating mockk for PedidoRepositoryCached name=repoPedido#580
20:54:36.084 [Test worker] DEBUG io.mockk.impl.instantiation.AbstractMockFactory - Creating mockk for ProductoRepositoryCached name=repoProd#581
20:54:36.084 [Test worker] DEBUG io.mockk.impl.instantiation.AbstractMockFactory - Creating mockk for TareaRepositoryCached name=repoTarea#582
20:54:36.085 [Test worker] DEBUG io.mockk.impl.instantiation.AbstractMockFactory - Creating mockk for TurnoRepositoryCached name=repoTurno#583
20:54:36.085 [Test worker] DEBUG io.mockk.impl.instantiation.AbstractMockFactory - Creating mockk for UserRepositoryCached name=repoUser#584
20:54:36.090 [Test worker @coroutine#518] DEBUG io.mockk.impl.instantiation.AbstractMockFactory - Creating mockk for Producto name=child of repoProd#581#585
20:54:36.092 [Test worker @coroutine#518] DEBUG io.mockk.impl.instantiation.AbstractMockFactory - Creating mockk for Producto name=child of repoProd#581#586
20:54:36.614 [Test worker] DEBUG io.mockk.impl.instantiation.AbstractMockFactory - Creating mockk for MaquinaRepositoryCached name=repoM#587
20:54:36.614 [Test worker] DEBUG io.mockk.impl.instantiation.AbstractMockFactory - Creating mockk for PedidoRepositoryCached name=repoPedido#588
20:54:36.614 [Test worker] DEBUG io.mockk.impl.instantiation.AbstractMockFactory - Creating mockk for ProductoRepositoryCached name=repoProd#589
20:54:36.614 [Test worker] DEBUG io.mockk.impl.instantiation.AbstractMockFactory - Creating mockk for TareaRepositoryCached name=repoTarea#590
20:54:36.615 [Test worker] DEBUG io.mockk.impl.instantiation.AbstractMockFactory - Creating mockk for TurnoRepositoryCached name=repoTurno#591
20:54:36.615 [Test worker] DEBUG io.mockk.impl.instantiation.AbstractMockFactory - Creating mockk for UserRepositoryCached name=repoUser#592
20:54:36.621 [Test worker @coroutine#526] DEBUG io.mockk.impl.instantiation.AbstractMockFactory - Creating mockk for Pedido name=child of repoPedido#588#593
20:54:36.623 [Test worker @coroutine#526] DEBUG io.mockk.impl.instantiation.AbstractMockFactory - Creating mockk for Pedido name=child of repoPedido#588#594
20:54:37.148 [Test worker] DEBUG io.mockk.impl.instantiation.AbstractMockFactory - Creating mockk for MaquinaRepositoryCached name=repoM#595
20:54:37.148 [Test worker] DEBUG io.mockk.impl.instantiation.AbstractMockFactory - Creating mockk for PedidoRepositoryCached name=repoPedido#596
20:54:37.148 [Test worker] DEBUG io.mockk.impl.instantiation.AbstractMockFactory - Creating mockk for ProductoRepositoryCached name=repoProd#597
20:54:37.148 [Test worker] DEBUG io.mockk.impl.instantiation.AbstractMockFactory - Creating mockk for TareaRepositoryCached name=repoTarea#598
20:54:37.149 [Test worker] DEBUG io.mockk.impl.instantiation.AbstractMockFactory - Creating mockk for TurnoRepositoryCached name=repoTurno#599
20:54:37.149 [Test worker] DEBUG io.mockk.impl.instantiation.AbstractMockFactory - Creating mockk for UserRepositoryCached name=repoUser#600
20:54:37.154 [Test worker @coroutine#534] DEBUG io.mockk.impl.instantiation.AbstractMockFactory - Creating mockk for User name=child of repoUser#600#601
20:54:37.157 [Test worker @coroutine#534] DEBUG io.mockk.impl.instantiation.AbstractMockFactory - Creating mockk for User name=child of repoUser#600#602
20:54:37.159 [Test worker @coroutine#534] DEBUG io.mockk.impl.instantiation.AbstractMockFactory - Creating mockk for User name=child of repoUser#600#603
20:54:37.162 [Test worker @coroutine#534] DEBUG io.mockk.impl.instantiation.AbstractMockFactory - Creating mockk for User name=child of repoUser#600#604
20:54:37.164 [DefaultDispatcher-worker-2] DEBUG io.mockk.impl.recording.states.AnsweringState - Answering null on UserRepositoryCached(repoUser#600).findByUUID(93a98d69-6da6-48a7-b34f-aaaaaaaaaaaa, continuation {})
20:54:37.164 [DefaultDispatcher-worker-2] DEBUG io.mockk.impl.recording.states.AnsweringState - Answering null on UserRepositoryCached(repoUser#600).findByEmail(loli@gmail.com, continuation {})
20:54:37.164 [DefaultDispatcher-worker-2] DEBUG io.mockk.impl.recording.states.AnsweringState - Answering null on UserRepositoryCached(repoUser#600).findByPhone(632855327, continuation {})
20:54:37.444 [DefaultDispatcher-worker-2] DEBUG io.mockk.impl.recording.states.AnsweringState - Answering User(id=63e6a0fd61c2a601272c4f96, uuid=93a98d69-0006-48a7-b34f-05b596ea839a, nombre=Maria, apellido=Martinez, telefono=632120281, email=email2@email.com, password=contra, perfil=CLIENT, activo=true) on UserRepositoryCached(repoUser#600).save(User(id=63e6a0fd61c2a601272c4f9d, uuid=93a98d69-6da6-48a7-b34f-aaaaaaaaaaaa, nombre=Daniel, apellido=Rodriguez, telefono=632855327, email=loli@gmail.com, password=$2a$12$7eFJB46RgqakyhtVyx0dcOLJcShKzVeZ8P1zdM16fGPkE8XnF5oFi, perfil=ADMIN, activo=true), continuation {})
20:54:37.960 [Test worker] DEBUG io.mockk.impl.instantiation.AbstractMockFactory - Creating mockk for MaquinaRepositoryCached name=repoM#605
20:54:37.961 [Test worker] DEBUG io.mockk.impl.instantiation.AbstractMockFactory - Creating mockk for PedidoRepositoryCached name=repoPedido#606
20:54:37.961 [Test worker] DEBUG io.mockk.impl.instantiation.AbstractMockFactory - Creating mockk for ProductoRepositoryCached name=repoProd#607
20:54:37.961 [Test worker] DEBUG io.mockk.impl.instantiation.AbstractMockFactory - Creating mockk for TareaRepositoryCached name=repoTarea#608
20:54:37.961 [Test worker] DEBUG io.mockk.impl.instantiation.AbstractMockFactory - Creating mockk for TurnoRepositoryCached name=repoTurno#609
20:54:37.961 [Test worker] DEBUG io.mockk.impl.instantiation.AbstractMockFactory - Creating mockk for UserRepositoryCached name=repoUser#610
20:54:37.966 [Test worker @coroutine#544] DEBUG io.mockk.impl.instantiation.AbstractMockFactory - Creating mockk for Producto name=child of repoProd#607#611
20:54:37.970 [Test worker @coroutine#544] DEBUG io.mockk.impl.instantiation.AbstractMockFactory - Creating mockk for Producto name=child of repoProd#607#612
20:54:37.972 [DefaultDispatcher-worker-2 @coroutine#549] DEBUG io.mockk.impl.recording.states.AnsweringState - Answering Producto(id=63e6a0fd61c2a601272c4fa3, uuid=93a98d69-0004-48a7-b34f-05b596ea83aa, tipo=FUNDAS, marca=MarcaZ, modelo=ModeloZ, precio=36.4, stock=8) on ProductoRepositoryCached(repoProd#607).findByUUID(93a98d69-0004-48a7-b34f-05b596ea83aa, continuation {})
20:54:37.972 [DefaultDispatcher-worker-2 @coroutine#549] DEBUG io.mockk.impl.recording.states.AnsweringState - Answering null on ProductoRepositoryCached(repoProd#607).decreaseStock(63e6a0fd61c2a601272c4fa3, continuation {})
20:54:38.543 [Test worker] DEBUG io.mockk.impl.instantiation.AbstractMockFactory - Creating mockk for MaquinaRepositoryCached name=repoM#613
20:54:38.543 [Test worker] DEBUG io.mockk.impl.instantiation.AbstractMockFactory - Creating mockk for PedidoRepositoryCached name=repoPedido#614
20:54:38.544 [Test worker] DEBUG io.mockk.impl.instantiation.AbstractMockFactory - Creating mockk for ProductoRepositoryCached name=repoProd#615
20:54:38.544 [Test worker] DEBUG io.mockk.impl.instantiation.AbstractMockFactory - Creating mockk for TareaRepositoryCached name=repoTarea#616
20:54:38.545 [Test worker] DEBUG io.mockk.impl.instantiation.AbstractMockFactory - Creating mockk for TurnoRepositoryCached name=repoTurno#617
20:54:38.545 [Test worker] DEBUG io.mockk.impl.instantiation.AbstractMockFactory - Creating mockk for UserRepositoryCached name=repoUser#618
20:54:38.549 [Test worker @coroutine#552] DEBUG io.mockk.impl.instantiation.AbstractMockFactory - Creating mockk for Turno name=child of repoTurno#617#619
20:54:38.553 [Test worker @coroutine#552] DEBUG io.mockk.impl.instantiation.AbstractMockFactory - Creating mockk for Turno name=child of repoTurno#617#620
20:54:38.556 [DefaultDispatcher-worker-2 @coroutine#557] DEBUG io.mockk.impl.recording.states.AnsweringState - Answering Turno(id=63e6a0fe61c2a601272c4fb1, uuid=93a98d69-0019-48a7-b34f-05b596ea8abc, workerId=93a98d69-0007-48a7-b34f-05b596ea839c, maquinaId=93a98d69-0008-48a7-b34f-05b596ea83bb, horaInicio=2002-10-14T10:09, horaFin=2002-10-14T16:49, numPedidosActivos=2, tarea1Id=93a98d69-0013-48a7-b34f-05b596ea83cc, tarea2Id=null, finalizado=false) on TurnoRepositoryCached(repoTurno#617).findByUUID(93a98d69-0019-48a7-b34f-05b596ea8abc, continuation {})
20:54:38.556 [DefaultDispatcher-worker-2 @coroutine#557] DEBUG io.mockk.impl.recording.states.AnsweringState - Answering Turno(id=63e6a0fe61c2a601272c4fb1, uuid=93a98d69-0019-48a7-b34f-05b596ea8abc, workerId=93a98d69-0007-48a7-b34f-05b596ea839c, maquinaId=93a98d69-0008-48a7-b34f-05b596ea83bb, horaInicio=2002-10-14T10:09, horaFin=2002-10-14T16:49, numPedidosActivos=2, tarea1Id=93a98d69-0013-48a7-b34f-05b596ea83cc, tarea2Id=null, finalizado=false) on TurnoRepositoryCached(repoTurno#617).delete(63e6a0fe61c2a601272c4fb1, continuation {})
20:54:38.556 [DefaultDispatcher-worker-2 @coroutine#557] DEBUG koin.repositories.user.UserRepository - findByUUID(93a98d69-0007-48a7-b34f-05b596ea839c)
20:54:38.559 [AsyncGetter-5-thread-1] DEBUG org.mongodb.driver.protocol.command - Sending command '{"find": "user", "filter": {}, "batchSize": 64, "$db": "practica03mongoIvanLoli", "$clusterTime": {"clusterTime": {"$timestamp": {"t": 1676058867, "i": 5}}, "signature": {"hash": {"$binary": {"base64": "etmtx1uv3HiKuedCmQmCq1t4OjA=", "subType": "00"}}, "keyId": 7161871216054108163}}, "lsid": {"id": {"$binary": {"base64": "iaaDCEpQRkC2MlqJ67VcNQ==", "subType": "04"}}}}' with request id 49 to database practica03mongoIvanLoli on connection [connectionId{localValue:7, serverValue:268692}] to server ac-o2suyf6-shard-00-02.7qtbnuz.mongodb.net:27017
20:54:38.616 [async-channel-group-0-handler-executor] DEBUG org.mongodb.driver.protocol.command - Execution of command with request id 49 completed successfully in 56.86 ms on connection [connectionId{localValue:7, serverValue:268692}] to server ac-o2suyf6-shard-00-02.7qtbnuz.mongodb.net:27017
20:54:38.616 [async-channel-group-0-handler-executor] DEBUG org.mongodb.driver.operation - Received batch of 0 documents with cursorId 0 from server ac-o2suyf6-shard-00-02.7qtbnuz.mongodb.net:27017
20:54:38.616 [DefaultDispatcher-worker-2 @coroutine#557] DEBUG koin.repositories.maquina.MaquinaRepository - findByUUID(93a98d69-0008-48a7-b34f-05b596ea83bb)
20:54:38.618 [AsyncGetter-5-thread-1] DEBUG org.mongodb.driver.protocol.command - Sending command '{"find": "maquina", "filter": {}, "batchSize": 64, "$db": "practica03mongoIvanLoli", "$clusterTime": {"clusterTime": {"$timestamp": {"t": 1676058875, "i": 15}}, "signature": {"hash": {"$binary": {"base64": "Zwcv3a4JbTjFhZ33lOhO/WCPuu4=", "subType": "00"}}, "keyId": 7161871216054108163}}, "lsid": {"id": {"$binary": {"base64": "iaaDCEpQRkC2MlqJ67VcNQ==", "subType": "04"}}}}' with request id 50 to database practica03mongoIvanLoli on connection [connectionId{localValue:7, serverValue:268692}] to server ac-o2suyf6-shard-00-02.7qtbnuz.mongodb.net:27017
20:54:38.659 [async-channel-group-0-handler-executor] DEBUG org.mongodb.driver.protocol.command - Execution of command with request id 50 completed successfully in 41.33 ms on connection [connectionId{localValue:7, serverValue:268692}] to server ac-o2suyf6-shard-00-02.7qtbnuz.mongodb.net:27017
20:54:38.659 [async-channel-group-0-handler-executor] DEBUG org.mongodb.driver.operation - Received batch of 0 documents with cursorId 0 from server ac-o2suyf6-shard-00-02.7qtbnuz.mongodb.net:27017
20:54:38.659 [DefaultDispatcher-worker-2 @coroutine#557] DEBUG koin.repositories.tarea.TareaRepository - findByUUID(93a98d69-0013-48a7-b34f-05b596ea83cc)
20:54:38.661 [AsyncGetter-5-thread-1] DEBUG org.mongodb.driver.protocol.command - Sending command '{"find": "tarea", "filter": {}, "batchSize": 64, "$db": "practica03mongoIvanLoli", "$clusterTime": {"clusterTime": {"$timestamp": {"t": 1676058875, "i": 16}}, "signature": {"hash": {"$binary": {"base64": "Zwcv3a4JbTjFhZ33lOhO/WCPuu4=", "subType": "00"}}, "keyId": 7161871216054108163}}, "lsid": {"id": {"$binary": {"base64": "iaaDCEpQRkC2MlqJ67VcNQ==", "subType": "04"}}}}' with request id 51 to database practica03mongoIvanLoli on connection [connectionId{localValue:7, serverValue:268692}] to server ac-o2suyf6-shard-00-02.7qtbnuz.mongodb.net:27017
20:54:38.700 [async-channel-group-0-handler-executor] DEBUG org.mongodb.driver.protocol.command - Execution of command with request id 51 completed successfully in 39.42 ms on connection [connectionId{localValue:7, serverValue:268692}] to server ac-o2suyf6-shard-00-02.7qtbnuz.mongodb.net:27017
20:54:38.700 [async-channel-group-0-handler-executor] DEBUG org.mongodb.driver.operation - Received batch of 0 documents with cursorId 0 from server ac-o2suyf6-shard-00-02.7qtbnuz.mongodb.net:27017
20:54:39.272 [Test worker] DEBUG io.mockk.impl.instantiation.AbstractMockFactory - Creating mockk for MaquinaRepositoryCached name=repoM#621
20:54:39.273 [Test worker] DEBUG io.mockk.impl.instantiation.AbstractMockFactory - Creating mockk for PedidoRepositoryCached name=repoPedido#622
20:54:39.274 [Test worker] DEBUG io.mockk.impl.instantiation.AbstractMockFactory - Creating mockk for ProductoRepositoryCached name=repoProd#623
20:54:39.274 [Test worker] DEBUG io.mockk.impl.instantiation.AbstractMockFactory - Creating mockk for TareaRepositoryCached name=repoTarea#624
20:54:39.274 [Test worker] DEBUG io.mockk.impl.instantiation.AbstractMockFactory - Creating mockk for TurnoRepositoryCached name=repoTurno#625
20:54:39.274 [Test worker] DEBUG io.mockk.impl.instantiation.AbstractMockFactory - Creating mockk for UserRepositoryCached name=repoUser#626
20:54:39.279 [Test worker @coroutine#560] DEBUG io.mockk.impl.instantiation.AbstractMockFactory - Creating mockk for Flow name=child of repoM#621#627
20:54:39.281 [DefaultDispatcher-worker-2 @coroutine#563] DEBUG io.mockk.impl.recording.states.AnsweringState - Answering kotlinx.coroutines.flow.FlowKt__BuildersKt$flowOf$$inlined$unsafeFlow$1@2f4cc97a on MaquinaRepositoryCached(repoM#621).findAll(continuation {})
20:54:39.444 [cluster-ClusterId{value='63e6a0d661c2a601272c4cef', description='null'}-ac-o2suyf6-shard-00-01.7qtbnuz.mongodb.net:27017] DEBUG org.mongodb.driver.cluster - Updating cluster description to  {type=REPLICA_SET, servers=[{address=ac-o2suyf6-shard-00-00.7qtbnuz.mongodb.net:27017, type=REPLICA_SET_SECONDARY, TagSet{[Tag{name='nodeType', value='ELECTABLE'}, Tag{name='provider', value='AWS'}, Tag{name='region', value='EU_WEST_3'}, Tag{name='workloadType', value='OPERATIONAL'}]}, roundTripTime=215.1 ms, state=CONNECTED}, {address=ac-o2suyf6-shard-00-02.7qtbnuz.mongodb.net:27017, type=REPLICA_SET_PRIMARY, TagSet{[Tag{name='nodeType', value='ELECTABLE'}, Tag{name='provider', value='AWS'}, Tag{name='region', value='EU_WEST_3'}, Tag{name='workloadType', value='OPERATIONAL'}]}, roundTripTime=212.8 ms, state=CONNECTED}, {address=ac-o2suyf6-shard-00-01.7qtbnuz.mongodb.net:27017, type=REPLICA_SET_SECONDARY, TagSet{[Tag{name='nodeType', value='ELECTABLE'}, Tag{name='provider', value='AWS'}, Tag{name='region', value='EU_WEST_3'}, Tag{name='workloadType', value='OPERATIONAL'}]}, roundTripTime=177.5 ms, state=CONNECTED}]
20:54:39.445 [cluster-ClusterId{value='63e6a0d661c2a601272c4cef', description='null'}-ac-o2suyf6-shard-00-01.7qtbnuz.mongodb.net:27017] DEBUG org.mongodb.driver.cluster - Checking status of ac-o2suyf6-shard-00-01.7qtbnuz.mongodb.net:27017
20:54:39.445 [cluster-ClusterId{value='63e6a0d661c2a601272c4cef', description='null'}-ac-o2suyf6-shard-00-02.7qtbnuz.mongodb.net:27017] DEBUG org.mongodb.driver.cluster - Updating cluster description to  {type=REPLICA_SET, servers=[{address=ac-o2suyf6-shard-00-00.7qtbnuz.mongodb.net:27017, type=REPLICA_SET_SECONDARY, TagSet{[Tag{name='nodeType', value='ELECTABLE'}, Tag{name='provider', value='AWS'}, Tag{name='region', value='EU_WEST_3'}, Tag{name='workloadType', value='OPERATIONAL'}]}, roundTripTime=215.1 ms, state=CONNECTED}, {address=ac-o2suyf6-shard-00-02.7qtbnuz.mongodb.net:27017, type=REPLICA_SET_PRIMARY, TagSet{[Tag{name='nodeType', value='ELECTABLE'}, Tag{name='provider', value='AWS'}, Tag{name='region', value='EU_WEST_3'}, Tag{name='workloadType', value='OPERATIONAL'}]}, roundTripTime=177.3 ms, state=CONNECTED}, {address=ac-o2suyf6-shard-00-01.7qtbnuz.mongodb.net:27017, type=REPLICA_SET_SECONDARY, TagSet{[Tag{name='nodeType', value='ELECTABLE'}, Tag{name='provider', value='AWS'}, Tag{name='region', value='EU_WEST_3'}, Tag{name='workloadType', value='OPERATIONAL'}]}, roundTripTime=177.5 ms, state=CONNECTED}]
20:54:39.445 [cluster-ClusterId{value='63e6a0d661c2a601272c4cef', description='null'}-ac-o2suyf6-shard-00-02.7qtbnuz.mongodb.net:27017] DEBUG org.mongodb.driver.cluster - Checking status of ac-o2suyf6-shard-00-02.7qtbnuz.mongodb.net:27017
20:54:39.445 [cluster-ClusterId{value='63e6a0d661c2a601272c4cef', description='null'}-ac-o2suyf6-shard-00-00.7qtbnuz.mongodb.net:27017] DEBUG org.mongodb.driver.cluster - Updating cluster description to  {type=REPLICA_SET, servers=[{address=ac-o2suyf6-shard-00-00.7qtbnuz.mongodb.net:27017, type=REPLICA_SET_SECONDARY, TagSet{[Tag{name='nodeType', value='ELECTABLE'}, Tag{name='provider', value='AWS'}, Tag{name='region', value='EU_WEST_3'}, Tag{name='workloadType', value='OPERATIONAL'}]}, roundTripTime=179.1 ms, state=CONNECTED}, {address=ac-o2suyf6-shard-00-02.7qtbnuz.mongodb.net:27017, type=REPLICA_SET_PRIMARY, TagSet{[Tag{name='nodeType', value='ELECTABLE'}, Tag{name='provider', value='AWS'}, Tag{name='region', value='EU_WEST_3'}, Tag{name='workloadType', value='OPERATIONAL'}]}, roundTripTime=177.3 ms, state=CONNECTED}, {address=ac-o2suyf6-shard-00-01.7qtbnuz.mongodb.net:27017, type=REPLICA_SET_SECONDARY, TagSet{[Tag{name='nodeType', value='ELECTABLE'}, Tag{name='provider', value='AWS'}, Tag{name='region', value='EU_WEST_3'}, Tag{name='workloadType', value='OPERATIONAL'}]}, roundTripTime=177.5 ms, state=CONNECTED}]
20:54:39.445 [cluster-ClusterId{value='63e6a0d661c2a601272c4cef', description='null'}-ac-o2suyf6-shard-00-00.7qtbnuz.mongodb.net:27017] DEBUG org.mongodb.driver.cluster - Checking status of ac-o2suyf6-shard-00-00.7qtbnuz.mongodb.net:27017
20:54:39.475 [cluster-rtt-ClusterId{value='63e6a0d661c2a601272c4cef', description='null'}-ac-o2suyf6-shard-00-02.7qtbnuz.mongodb.net:27017] DEBUG org.mongodb.driver.protocol.command - Sending command '{"hello": 1, "$db": "admin", "$clusterTime": {"clusterTime": {"$timestamp": {"t": 1676058875, "i": 20}}, "signature": {"hash": {"$binary": {"base64": "Zwcv3a4JbTjFhZ33lOhO/WCPuu4=", "subType": "00"}}, "keyId": 7161871216054108163}}}' with request id 52 to database admin on connection [connectionId{localValue:3, serverValue:268695}] to server ac-o2suyf6-shard-00-02.7qtbnuz.mongodb.net:27017
20:54:39.475 [cluster-rtt-ClusterId{value='63e6a0d661c2a601272c4cef', description='null'}-ac-o2suyf6-shard-00-00.7qtbnuz.mongodb.net:27017] DEBUG org.mongodb.driver.protocol.command - Sending command '{"hello": 1, "$db": "admin", "$clusterTime": {"clusterTime": {"$timestamp": {"t": 1676058875, "i": 20}}, "signature": {"hash": {"$binary": {"base64": "Zwcv3a4JbTjFhZ33lOhO/WCPuu4=", "subType": "00"}}, "keyId": 7161871216054108163}}}' with request id 53 to database admin on connection [connectionId{localValue:4, serverValue:269285}] to server ac-o2suyf6-shard-00-00.7qtbnuz.mongodb.net:27017
20:54:39.475 [cluster-rtt-ClusterId{value='63e6a0d661c2a601272c4cef', description='null'}-ac-o2suyf6-shard-00-01.7qtbnuz.mongodb.net:27017] DEBUG org.mongodb.driver.protocol.command - Sending command '{"hello": 1, "$db": "admin", "$clusterTime": {"clusterTime": {"$timestamp": {"t": 1676058875, "i": 20}}, "signature": {"hash": {"$binary": {"base64": "Zwcv3a4JbTjFhZ33lOhO/WCPuu4=", "subType": "00"}}, "keyId": 7161871216054108163}}}' with request id 54 to database admin on connection [connectionId{localValue:1, serverValue:264752}] to server ac-o2suyf6-shard-00-01.7qtbnuz.mongodb.net:27017
20:54:39.508 [cluster-rtt-ClusterId{value='63e6a0d661c2a601272c4cef', description='null'}-ac-o2suyf6-shard-00-02.7qtbnuz.mongodb.net:27017] DEBUG org.mongodb.driver.protocol.command - Execution of command with request id 52 completed successfully in 33.66 ms on connection [connectionId{localValue:3, serverValue:268695}] to server ac-o2suyf6-shard-00-02.7qtbnuz.mongodb.net:27017
20:54:39.508 [cluster-rtt-ClusterId{value='63e6a0d661c2a601272c4cef', description='null'}-ac-o2suyf6-shard-00-01.7qtbnuz.mongodb.net:27017] DEBUG org.mongodb.driver.protocol.command - Execution of command with request id 54 completed successfully in 33.68 ms on connection [connectionId{localValue:1, serverValue:264752}] to server ac-o2suyf6-shard-00-01.7qtbnuz.mongodb.net:27017
20:54:39.508 [cluster-rtt-ClusterId{value='63e6a0d661c2a601272c4cef', description='null'}-ac-o2suyf6-shard-00-00.7qtbnuz.mongodb.net:27017] DEBUG org.mongodb.driver.protocol.command - Execution of command with request id 53 completed successfully in 33.68 ms on connection [connectionId{localValue:4, serverValue:269285}] to server ac-o2suyf6-shard-00-00.7qtbnuz.mongodb.net:27017
20:54:39.803 [Test worker] DEBUG io.mockk.impl.instantiation.AbstractMockFactory - Creating mockk for MaquinaRepositoryCached name=repoM#628
20:54:39.804 [Test worker] DEBUG io.mockk.impl.instantiation.AbstractMockFactory - Creating mockk for PedidoRepositoryCached name=repoPedido#629
20:54:39.804 [Test worker] DEBUG io.mockk.impl.instantiation.AbstractMockFactory - Creating mockk for ProductoRepositoryCached name=repoProd#630
20:54:39.804 [Test worker] DEBUG io.mockk.impl.instantiation.AbstractMockFactory - Creating mockk for TareaRepositoryCached name=repoTarea#631
20:54:39.804 [Test worker] DEBUG io.mockk.impl.instantiation.AbstractMockFactory - Creating mockk for TurnoRepositoryCached name=repoTurno#632
20:54:39.804 [Test worker] DEBUG io.mockk.impl.instantiation.AbstractMockFactory - Creating mockk for UserRepositoryCached name=repoUser#633
20:54:39.809 [Test worker @coroutine#566] DEBUG io.mockk.impl.instantiation.AbstractMockFactory - Creating mockk for Tarea name=child of repoTarea#631#634
20:54:39.811 [Test worker @coroutine#566] DEBUG io.mockk.impl.instantiation.AbstractMockFactory - Creating mockk for Tarea name=child of repoTarea#631#635
20:54:40.358 [Test worker] DEBUG io.mockk.impl.instantiation.AbstractMockFactory - Creating mockk for MaquinaRepositoryCached name=repoM#636
20:54:40.359 [Test worker] DEBUG io.mockk.impl.instantiation.AbstractMockFactory - Creating mockk for PedidoRepositoryCached name=repoPedido#637
20:54:40.359 [Test worker] DEBUG io.mockk.impl.instantiation.AbstractMockFactory - Creating mockk for ProductoRepositoryCached name=repoProd#638
20:54:40.359 [Test worker] DEBUG io.mockk.impl.instantiation.AbstractMockFactory - Creating mockk for TareaRepositoryCached name=repoTarea#639
20:54:40.359 [Test worker] DEBUG io.mockk.impl.instantiation.AbstractMockFactory - Creating mockk for TurnoRepositoryCached name=repoTurno#640
20:54:40.359 [Test worker] DEBUG io.mockk.impl.instantiation.AbstractMockFactory - Creating mockk for UserRepositoryCached name=repoUser#641
20:54:40.363 [Test worker @coroutine#574] DEBUG io.mockk.impl.instantiation.AbstractMockFactory - Creating mockk for User name=child of repoUser#641#642
20:54:40.365 [Test worker @coroutine#574] DEBUG io.mockk.impl.instantiation.AbstractMockFactory - Creating mockk for User name=child of repoUser#641#643
20:54:40.895 [Test worker] DEBUG io.mockk.impl.instantiation.AbstractMockFactory - Creating mockk for MaquinaRepositoryCached name=repoM#644
20:54:40.895 [Test worker] DEBUG io.mockk.impl.instantiation.AbstractMockFactory - Creating mockk for PedidoRepositoryCached name=repoPedido#645
20:54:40.895 [Test worker] DEBUG io.mockk.impl.instantiation.AbstractMockFactory - Creating mockk for ProductoRepositoryCached name=repoProd#646
20:54:40.895 [Test worker] DEBUG io.mockk.impl.instantiation.AbstractMockFactory - Creating mockk for TareaRepositoryCached name=repoTarea#647
20:54:40.895 [Test worker] DEBUG io.mockk.impl.instantiation.AbstractMockFactory - Creating mockk for TurnoRepositoryCached name=repoTurno#648
20:54:40.895 [Test worker] DEBUG io.mockk.impl.instantiation.AbstractMockFactory - Creating mockk for UserRepositoryCached name=repoUser#649
20:54:40.900 [Test worker @coroutine#582] DEBUG io.mockk.impl.instantiation.AbstractMockFactory - Creating mockk for User name=child of repoUser#649#650
20:54:40.903 [Test worker @coroutine#582] DEBUG io.mockk.impl.instantiation.AbstractMockFactory - Creating mockk for User name=child of repoUser#649#651
20:54:40.904 [Test worker @coroutine#582] DEBUG io.mockk.impl.instantiation.AbstractMockFactory - Creating mockk for User name=child of repoUser#649#652
20:54:40.906 [Test worker @coroutine#582] DEBUG io.mockk.impl.instantiation.AbstractMockFactory - Creating mockk for User name=child of repoUser#649#653
20:54:41.428 [Test worker] DEBUG io.mockk.impl.instantiation.AbstractMockFactory - Creating mockk for MaquinaRepositoryCached name=repoM#654
20:54:41.429 [Test worker] DEBUG io.mockk.impl.instantiation.AbstractMockFactory - Creating mockk for PedidoRepositoryCached name=repoPedido#655
20:54:41.429 [Test worker] DEBUG io.mockk.impl.instantiation.AbstractMockFactory - Creating mockk for ProductoRepositoryCached name=repoProd#656
20:54:41.429 [Test worker] DEBUG io.mockk.impl.instantiation.AbstractMockFactory - Creating mockk for TareaRepositoryCached name=repoTarea#657
20:54:41.429 [Test worker] DEBUG io.mockk.impl.instantiation.AbstractMockFactory - Creating mockk for TurnoRepositoryCached name=repoTurno#658
20:54:41.429 [Test worker] DEBUG io.mockk.impl.instantiation.AbstractMockFactory - Creating mockk for UserRepositoryCached name=repoUser#659
20:54:41.435 [Test worker @coroutine#592] DEBUG io.mockk.impl.instantiation.AbstractMockFactory - Creating mockk for Producto name=child of repoProd#656#660
20:54:41.957 [Test worker] DEBUG io.mockk.impl.instantiation.AbstractMockFactory - Creating mockk for MaquinaRepositoryCached name=repoM#661
20:54:41.957 [Test worker] DEBUG io.mockk.impl.instantiation.AbstractMockFactory - Creating mockk for PedidoRepositoryCached name=repoPedido#662
20:54:41.957 [Test worker] DEBUG io.mockk.impl.instantiation.AbstractMockFactory - Creating mockk for ProductoRepositoryCached name=repoProd#663
20:54:41.957 [Test worker] DEBUG io.mockk.impl.instantiation.AbstractMockFactory - Creating mockk for TareaRepositoryCached name=repoTarea#664
20:54:41.957 [Test worker] DEBUG io.mockk.impl.instantiation.AbstractMockFactory - Creating mockk for TurnoRepositoryCached name=repoTurno#665
20:54:41.957 [Test worker] DEBUG io.mockk.impl.instantiation.AbstractMockFactory - Creating mockk for UserRepositoryCached name=repoUser#666
20:54:41.962 [Test worker @coroutine#596] DEBUG io.mockk.impl.instantiation.AbstractMockFactory - Creating mockk for Producto name=child of repoProd#663#667
20:54:41.964 [Test worker @coroutine#596] DEBUG io.mockk.impl.instantiation.AbstractMockFactory - Creating mockk for Producto name=child of repoProd#663#668
20:54:41.969 [DefaultDispatcher-worker-2 @coroutine#601] DEBUG io.mockk.impl.recording.states.AnsweringState - Answering Producto(id=63e6a10161c2a601272c4fe9, uuid=93a98d69-0004-48a7-b34f-05b596ea83aa, tipo=FUNDAS, marca=MarcaZ, modelo=ModeloZ, precio=36.4, stock=8) on ProductoRepositoryCached(repoProd#663).findByUUID(93a98d69-0004-48a7-b34f-05b596ea83aa, continuation {})
20:54:41.970 [DefaultDispatcher-worker-2 @coroutine#601] DEBUG io.mockk.impl.recording.states.AnsweringState - Answering null on ProductoRepositoryCached(repoProd#663).delete(63e6a10161c2a601272c4fe9, continuation {})
20:54:42.492 [Test worker] DEBUG io.mockk.impl.instantiation.AbstractMockFactory - Creating mockk for MaquinaRepositoryCached name=repoM#669
20:54:42.492 [Test worker] DEBUG io.mockk.impl.instantiation.AbstractMockFactory - Creating mockk for PedidoRepositoryCached name=repoPedido#670
20:54:42.492 [Test worker] DEBUG io.mockk.impl.instantiation.AbstractMockFactory - Creating mockk for ProductoRepositoryCached name=repoProd#671
20:54:42.492 [Test worker] DEBUG io.mockk.impl.instantiation.AbstractMockFactory - Creating mockk for TareaRepositoryCached name=repoTarea#672
20:54:42.492 [Test worker] DEBUG io.mockk.impl.instantiation.AbstractMockFactory - Creating mockk for TurnoRepositoryCached name=repoTurno#673
20:54:42.493 [Test worker] DEBUG io.mockk.impl.instantiation.AbstractMockFactory - Creating mockk for UserRepositoryCached name=repoUser#674
20:54:42.498 [Test worker @coroutine#604] DEBUG io.mockk.impl.instantiation.AbstractMockFactory - Creating mockk for Maquina name=child of repoM#669#675
20:54:42.502 [DefaultDispatcher-worker-2 @coroutine#607] DEBUG io.mockk.impl.recording.states.AnsweringState - Answering null on MaquinaRepositoryCached(repoM#669).findByUUID(2496ca5c-0091-4a13-b5fc-e0cd367d286c, continuation {})
]]></system-out>
  <system-err><![CDATA[]]></system-err>
</testsuite>
