<?xml version="1.0" encoding="UTF-8"?>
<testsuite name="koin.repositories.turno.TurnoRepositoryCachedTest" tests="8" skipped="0" failures="0" errors="0" timestamp="2023-02-05T12:52:54" hostname="LOLI-LAPTOP" time="0.089">
  <properties/>
  <testcase name="setFinalizado()" classname="koin.repositories.turno.TurnoRepositoryCachedTest" time="0.012"/>
  <testcase name="delete()" classname="koin.repositories.turno.TurnoRepositoryCachedTest" time="0.013"/>
  <testcase name="findAll()" classname="koin.repositories.turno.TurnoRepositoryCachedTest" time="0.01"/>
  <testcase name="findById()" classname="koin.repositories.turno.TurnoRepositoryCachedTest" time="0.009"/>
  <testcase name="findByUUID()" classname="koin.repositories.turno.TurnoRepositoryCachedTest" time="0.013"/>
  <testcase name="save()" classname="koin.repositories.turno.TurnoRepositoryCachedTest" time="0.013"/>
  <testcase name="findByUUIDNotExists()" classname="koin.repositories.turno.TurnoRepositoryCachedTest" time="0.008"/>
  <testcase name="findByIdNotExists()" classname="koin.repositories.turno.TurnoRepositoryCachedTest" time="0.009"/>
  <system-out><![CDATA[13:52:54.870 [Test worker] DEBUG koin.services.cache.turno.TurnoCache - Initializing TurnoCache...
13:52:54.874 [Test worker] DEBUG io.mockk.impl.instantiation.AbstractMockFactory - Creating spyk for TurnoCache name=cache#715
13:52:54.924 [Test worker] DEBUG io.mockk.impl.instantiation.AbstractMockFactory - Creating mockk for TurnoRepository name=repo#716
13:52:54.965 [DefaultDispatcher-worker-7 @coroutine#1011] DEBUG io.mockk.impl.recording.states.AnsweringState - Answering 60000 on TurnoCache(cache#715).getRefreshTime()
13:52:54.970 [Test worker @coroutine#1012] DEBUG io.mockk.impl.instantiation.AbstractMockFactory - Creating mockk for Turno name=child of repo#716#717
13:52:54.972 [DefaultDispatcher-worker-7] DEBUG io.mockk.impl.recording.states.AnsweringState - Answering Turno(id=63dfa6a645532c417eff81e2, uuid=93a98d69-0019-48a7-b34f-05b596ea8abc, workerId=93a98d69-0007-48a7-b34f-05b596ea839c, maquinaId=93a98d69-0008-48a7-b34f-05b596ea83bb, horaInicio=2002-10-14T10:09, horaFin=2002-10-14T16:49, numPedidosActivos=2, tarea1Id=93a98d69-0015-48a7-b34f-05b596ea8aab, tarea2Id=93a98d69-0011-48a7-b34f-05b596ea83ca, finalizado=false) on TurnoRepository(repo#716).setFinalizado(63dfa6a645532c417eff81e2, continuation {})
13:52:54.979 [Test worker @coroutine#1018] DEBUG io.mockk.impl.instantiation.AbstractMockFactory - Creating mockk for Turno name=child of repo#716#718
13:52:54.981 [Test worker @coroutine#1018] DEBUG io.mockk.impl.instantiation.AbstractMockFactory - Creating mockk for Turno name=child of repo#716#719
13:52:54.983 [DefaultDispatcher-worker-7] DEBUG io.mockk.impl.recording.states.AnsweringState - Answering Turno(id=63dfa6a645532c417eff81e2, uuid=93a98d69-0019-48a7-b34f-05b596ea8abc, workerId=93a98d69-0007-48a7-b34f-05b596ea839c, maquinaId=93a98d69-0008-48a7-b34f-05b596ea83bb, horaInicio=2002-10-14T10:09, horaFin=2002-10-14T16:49, numPedidosActivos=2, tarea1Id=93a98d69-0015-48a7-b34f-05b596ea8aab, tarea2Id=93a98d69-0011-48a7-b34f-05b596ea83ca, finalizado=false) on TurnoRepository(repo#716).delete(63dfa6a645532c417eff81e2, continuation {})
13:52:54.985 [DefaultDispatcher-worker-7] DEBUG io.mockk.impl.recording.states.AnsweringState - Answering io.github.reactivecircus.cache4k.RealCache@3f70201c on TurnoCache(cache#715).getCache()
13:52:54.993 [Test worker @coroutine#1026] DEBUG io.mockk.impl.instantiation.AbstractMockFactory - Creating mockk for Flow name=child of repo#716#720
13:52:54.994 [DefaultDispatcher-worker-7] DEBUG io.mockk.impl.recording.states.AnsweringState - Answering kotlinx.coroutines.flow.FlowKt__BuildersKt$flowOf$$inlined$unsafeFlow$2@309221e6 on TurnoRepository(repo#716).findAll(continuation {})
13:52:55.002 [Test worker @coroutine#1032] DEBUG io.mockk.impl.instantiation.AbstractMockFactory - Creating mockk for Turno name=child of repo#716#721
13:52:55.004 [DefaultDispatcher-worker-7] DEBUG io.mockk.impl.recording.states.AnsweringState - Answering Turno(id=63dfa6a645532c417eff81e2, uuid=93a98d69-0019-48a7-b34f-05b596ea8abc, workerId=93a98d69-0007-48a7-b34f-05b596ea839c, maquinaId=93a98d69-0008-48a7-b34f-05b596ea83bb, horaInicio=2002-10-14T10:09, horaFin=2002-10-14T16:49, numPedidosActivos=2, tarea1Id=93a98d69-0015-48a7-b34f-05b596ea8aab, tarea2Id=93a98d69-0011-48a7-b34f-05b596ea83ca, finalizado=false) on TurnoRepository(repo#716).findById(63dfa6a645532c417eff81e2, continuation {})
13:52:55.012 [Test worker @coroutine#1038] DEBUG io.mockk.impl.instantiation.AbstractMockFactory - Creating mockk for Turno name=child of repo#716#722
13:52:55.015 [DefaultDispatcher-worker-7] DEBUG io.mockk.impl.recording.states.AnsweringState - Answering io.github.reactivecircus.cache4k.RealCache@3f70201c on TurnoCache(cache#715).getCache()
13:52:55.015 [DefaultDispatcher-worker-7] DEBUG io.mockk.impl.recording.states.AnsweringState - Answering Turno(id=63dfa6a645532c417eff81e2, uuid=93a98d69-0019-48a7-b34f-05b596ea8abc, workerId=93a98d69-0007-48a7-b34f-05b596ea839c, maquinaId=93a98d69-0008-48a7-b34f-05b596ea83bb, horaInicio=2002-10-14T10:09, horaFin=2002-10-14T16:49, numPedidosActivos=2, tarea1Id=93a98d69-0015-48a7-b34f-05b596ea8aab, tarea2Id=93a98d69-0011-48a7-b34f-05b596ea83ca, finalizado=false) on TurnoRepository(repo#716).findByUUID(93a98d69-0019-48a7-b34f-05b596ea8abc, continuation {})
13:52:55.021 [Test worker @background work runner#1041] DEBUG io.mockk.impl.instantiation.AbstractMockFactory - Creating mockk for Turno name=child of repo#716#723
13:52:55.027 [Test worker @coroutine#1044] DEBUG io.mockk.impl.instantiation.AbstractMockFactory - Creating mockk for Turno name=child of repo#716#724
13:52:55.029 [DefaultDispatcher-worker-7] DEBUG io.mockk.impl.recording.states.AnsweringState - Answering Turno(id=63dfa6a645532c417eff81e2, uuid=93a98d69-0019-48a7-b34f-05b596ea8abc, workerId=93a98d69-0007-48a7-b34f-05b596ea839c, maquinaId=93a98d69-0008-48a7-b34f-05b596ea83bb, horaInicio=2002-10-14T10:09, horaFin=2002-10-14T16:49, numPedidosActivos=2, tarea1Id=93a98d69-0015-48a7-b34f-05b596ea8aab, tarea2Id=93a98d69-0011-48a7-b34f-05b596ea83ca, finalizado=false) on TurnoRepository(repo#716).save(Turno(id=63dfa6a645532c417eff81e2, uuid=93a98d69-0019-48a7-b34f-05b596ea8abc, workerId=93a98d69-0007-48a7-b34f-05b596ea839c, maquinaId=93a98d69-0008-48a7-b34f-05b596ea83bb, horaInicio=2002-10-14T10:09, horaFin=2002-10-14T16:49, numPedidosActivos=2, tarea1Id=93a98d69-0015-48a7-b34f-05b596ea8aab, tarea2Id=93a98d69-0011-48a7-b34f-05b596ea83ca, finalizado=false), continuation {})
13:52:55.040 [DefaultDispatcher-worker-7] DEBUG io.mockk.impl.recording.states.AnsweringState - Answering io.github.reactivecircus.cache4k.RealCache@3f70201c on TurnoCache(cache#715).getCache()
13:52:55.041 [DefaultDispatcher-worker-7] DEBUG io.mockk.impl.recording.states.AnsweringState - Answering null on TurnoRepository(repo#716).findByUUID(48c0cfb8-eae6-453d-b58b-bfdbf7306d44, continuation {})
13:52:55.049 [DefaultDispatcher-worker-7] DEBUG io.mockk.impl.recording.states.AnsweringState - Answering null on TurnoRepository(repo#716).findById(63dfa6a745532c417eff81e3, continuation {})
]]></system-out>
  <system-err><![CDATA[]]></system-err>
</testsuite>
