<?xml version="1.0" encoding="UTF-8"?>
<testsuite name="koin.repositories.maquina.MaquinaRepositoryTest" tests="8" skipped="0" failures="0" errors="0" timestamp="2023-02-07T21:49:30" hostname="LOLI-LAPTOP" time="1.053">
  <properties/>
  <testcase name="delete()" classname="koin.repositories.maquina.MaquinaRepositoryTest" time="0.296"/>
  <testcase name="findAll()" classname="koin.repositories.maquina.MaquinaRepositoryTest" time="0.1"/>
  <testcase name="findById()" classname="koin.repositories.maquina.MaquinaRepositoryTest" time="0.09"/>
  <testcase name="findByUuid()" classname="koin.repositories.maquina.MaquinaRepositoryTest" time="0.088"/>
  <testcase name="save()" classname="koin.repositories.maquina.MaquinaRepositoryTest" time="0.111"/>
  <testcase name="findByIdNotExists()" classname="koin.repositories.maquina.MaquinaRepositoryTest" time="0.093"/>
  <testcase name="deleteNotExists()" classname="koin.repositories.maquina.MaquinaRepositoryTest" time="0.131"/>
  <testcase name="setInactive()" classname="koin.repositories.maquina.MaquinaRepositoryTest" time="0.143"/>
  <system-out><![CDATA[22:49:30.460 [AsyncGetter-5-thread-1] DEBUG org.mongodb.driver.protocol.command - Sending command '{"drop": "maquina", "$db": "practica03mongoIvanLoli", "$clusterTime": {"clusterTime": {"$timestamp": {"t": 1675806564, "i": 8}}, "signature": {"hash": {"$binary": {"base64": "K0mRdDBmMWQvLYJIpDC7JpFMLoM=", "subType": "00"}}, "keyId": 7161871216054108163}}, "lsid": {"id": {"$binary": {"base64": "xbe9yt96RfCuB/EkkSIjyQ==", "subType": "04"}}}}' with request id 64 to database practica03mongoIvanLoli on connection [connectionId{localValue:11, serverValue:216638}] to server ac-o2suyf6-shard-00-02.7qtbnuz.mongodb.net:27017
22:49:30.528 [async-channel-group-0-handler-executor] DEBUG org.mongodb.driver.protocol.command - Execution of command with request id 64 completed successfully in 68.89 ms on connection [connectionId{localValue:11, serverValue:216638}] to server ac-o2suyf6-shard-00-02.7qtbnuz.mongodb.net:27017
22:49:30.645 [AsyncGetter-5-thread-1] DEBUG org.mongodb.driver.protocol.command - Sending command '{"update": "maquina", "ordered": true, "txnNumber": 1, "$db": "practica03mongoIvanLoli", "$clusterTime": {"clusterTime": {"$timestamp": {"t": 1675806568, "i": 4}}, "signature": {"hash": {"$binary": {"base64": "FnX50vsP5YhRleMeOjhD2dlAq3A=", "subType": "00"}}, "keyId": 7161871216054108163}}, "lsid": {"id": {"$binary": {"base64": "xbe9yt96RfCuB/EkkSIjyQ==", "subType": "04"}}}, "updates": [{"q": {"_id": {"$oid": "63e2c76a285de2538ba4e31d"}}, "u": {"_id": {"$oid": "63e2c76a285de2538ba4e31d"}, "uuid": {"$binary": {"base64": "p0imbWmNqZO8g+qWtQVPsw==", "subType": "03"}}, "modelo": "RTX-3080TI", "marca": "Nvidia", "fechaAdquisicion": {"$date": "2022-11-10T00:00:00Z"}, "numeroSerie": "123456789X", "tipo": "PERSONALIZADORA", "activa": true, "isManual": null, "maxTension": null, "minTension": null, "measuresManeuverability": true, "measuresRigidity": false, "measuresBalance": true}, "upsert": true}]}' with request id 65 to database practica03mongoIvanLoli on connection [connectionId{localValue:11, serverValue:216638}] to server ac-o2suyf6-shard-00-02.7qtbnuz.mongodb.net:27017
22:49:30.719 [async-channel-group-0-handler-executor] DEBUG org.mongodb.driver.protocol.command - Execution of command with request id 65 completed successfully in 77.64 ms on connection [connectionId{localValue:11, serverValue:216638}] to server ac-o2suyf6-shard-00-02.7qtbnuz.mongodb.net:27017
22:49:30.730 [DefaultDispatcher-worker-2 @coroutine#666] DEBUG koin.repositories.maquina.MaquinaRepository - delete(63e2c76a285de2538ba4e31d)
22:49:30.732 [AsyncGetter-5-thread-1] DEBUG org.mongodb.driver.protocol.command - Sending command '{"find": "maquina", "filter": {"_id": {"$oid": "63e2c76a285de2538ba4e31d"}}, "limit": 1, "singleBatch": true, "$db": "practica03mongoIvanLoli", "$clusterTime": {"clusterTime": {"$timestamp": {"t": 1675806568, "i": 7}}, "signature": {"hash": {"$binary": {"base64": "FnX50vsP5YhRleMeOjhD2dlAq3A=", "subType": "00"}}, "keyId": 7161871216054108163}}, "lsid": {"id": {"$binary": {"base64": "xbe9yt96RfCuB/EkkSIjyQ==", "subType": "04"}}}}' with request id 66 to database practica03mongoIvanLoli on connection [connectionId{localValue:11, serverValue:216638}] to server ac-o2suyf6-shard-00-02.7qtbnuz.mongodb.net:27017
22:49:30.771 [async-channel-group-0-handler-executor] DEBUG org.mongodb.driver.protocol.command - Execution of command with request id 66 completed successfully in 38.70 ms on connection [connectionId{localValue:11, serverValue:216638}] to server ac-o2suyf6-shard-00-02.7qtbnuz.mongodb.net:27017
22:49:30.771 [async-channel-group-0-handler-executor] DEBUG org.mongodb.driver.operation - Received batch of 1 documents with cursorId 0 from server ac-o2suyf6-shard-00-02.7qtbnuz.mongodb.net:27017
22:49:30.778 [AsyncGetter-5-thread-1] DEBUG org.mongodb.driver.protocol.command - Sending command '{"delete": "maquina", "ordered": true, "txnNumber": 2, "$db": "practica03mongoIvanLoli", "$clusterTime": {"clusterTime": {"$timestamp": {"t": 1675806568, "i": 8}}, "signature": {"hash": {"$binary": {"base64": "FnX50vsP5YhRleMeOjhD2dlAq3A=", "subType": "00"}}, "keyId": 7161871216054108163}}, "lsid": {"id": {"$binary": {"base64": "xbe9yt96RfCuB/EkkSIjyQ==", "subType": "04"}}}, "deletes": [{"q": {"_id": {"$oid": "63e2c76a285de2538ba4e31d"}}, "limit": 1}]}' with request id 67 to database practica03mongoIvanLoli on connection [connectionId{localValue:11, serverValue:216638}] to server ac-o2suyf6-shard-00-02.7qtbnuz.mongodb.net:27017
22:49:30.821 [async-channel-group-0-handler-executor] DEBUG org.mongodb.driver.protocol.command - Execution of command with request id 67 completed successfully in 43.52 ms on connection [connectionId{localValue:11, serverValue:216638}] to server ac-o2suyf6-shard-00-02.7qtbnuz.mongodb.net:27017
22:49:30.829 [AsyncGetter-5-thread-1] DEBUG org.mongodb.driver.protocol.command - Sending command '{"update": "maquina", "ordered": true, "txnNumber": 3, "$db": "practica03mongoIvanLoli", "$clusterTime": {"clusterTime": {"$timestamp": {"t": 1675806568, "i": 9}}, "signature": {"hash": {"$binary": {"base64": "FnX50vsP5YhRleMeOjhD2dlAq3A=", "subType": "00"}}, "keyId": 7161871216054108163}}, "lsid": {"id": {"$binary": {"base64": "xbe9yt96RfCuB/EkkSIjyQ==", "subType": "04"}}}, "updates": [{"q": {"_id": {"$oid": "63e2c76a285de2538ba4e31d"}}, "u": {"_id": {"$oid": "63e2c76a285de2538ba4e31d"}, "uuid": {"$binary": {"base64": "p0imbWmNqZO8g+qWtQVPsw==", "subType": "03"}}, "modelo": "RTX-3080TI", "marca": "Nvidia", "fechaAdquisicion": {"$date": "2022-11-10T00:00:00Z"}, "numeroSerie": "123456789X", "tipo": "PERSONALIZADORA", "activa": true, "isManual": null, "maxTension": null, "minTension": null, "measuresManeuverability": true, "measuresRigidity": false, "measuresBalance": true}, "upsert": true}]}' with request id 68 to database practica03mongoIvanLoli on connection [connectionId{localValue:11, serverValue:216638}] to server ac-o2suyf6-shard-00-02.7qtbnuz.mongodb.net:27017
22:49:30.872 [async-channel-group-0-handler-executor] DEBUG org.mongodb.driver.protocol.command - Execution of command with request id 68 completed successfully in 43.80 ms on connection [connectionId{localValue:11, serverValue:216638}] to server ac-o2suyf6-shard-00-02.7qtbnuz.mongodb.net:27017
22:49:30.880 [DefaultDispatcher-worker-2 @coroutine#671] DEBUG koin.repositories.maquina.MaquinaRepository - findAll()
22:49:30.882 [AsyncGetter-5-thread-1] DEBUG org.mongodb.driver.protocol.command - Sending command '{"find": "maquina", "filter": {}, "batchSize": 64, "$db": "practica03mongoIvanLoli", "$clusterTime": {"clusterTime": {"$timestamp": {"t": 1675806568, "i": 10}}, "signature": {"hash": {"$binary": {"base64": "FnX50vsP5YhRleMeOjhD2dlAq3A=", "subType": "00"}}, "keyId": 7161871216054108163}}, "lsid": {"id": {"$binary": {"base64": "xbe9yt96RfCuB/EkkSIjyQ==", "subType": "04"}}}}' with request id 69 to database practica03mongoIvanLoli on connection [connectionId{localValue:11, serverValue:216638}] to server ac-o2suyf6-shard-00-02.7qtbnuz.mongodb.net:27017
22:49:30.920 [async-channel-group-0-handler-executor] DEBUG org.mongodb.driver.protocol.command - Execution of command with request id 69 completed successfully in 38.17 ms on connection [connectionId{localValue:11, serverValue:216638}] to server ac-o2suyf6-shard-00-02.7qtbnuz.mongodb.net:27017
22:49:30.921 [async-channel-group-0-handler-executor] DEBUG org.mongodb.driver.operation - Received batch of 1 documents with cursorId 0 from server ac-o2suyf6-shard-00-02.7qtbnuz.mongodb.net:27017
22:49:30.930 [AsyncGetter-5-thread-1] DEBUG org.mongodb.driver.protocol.command - Sending command '{"update": "maquina", "ordered": true, "txnNumber": 4, "$db": "practica03mongoIvanLoli", "$clusterTime": {"clusterTime": {"$timestamp": {"t": 1675806568, "i": 10}}, "signature": {"hash": {"$binary": {"base64": "FnX50vsP5YhRleMeOjhD2dlAq3A=", "subType": "00"}}, "keyId": 7161871216054108163}}, "lsid": {"id": {"$binary": {"base64": "xbe9yt96RfCuB/EkkSIjyQ==", "subType": "04"}}}, "updates": [{"q": {"_id": {"$oid": "63e2c76a285de2538ba4e31d"}}, "u": {"_id": {"$oid": "63e2c76a285de2538ba4e31d"}, "uuid": {"$binary": {"base64": "p0imbWmNqZO8g+qWtQVPsw==", "subType": "03"}}, "modelo": "RTX-3080TI", "marca": "Nvidia", "fechaAdquisicion": {"$date": "2022-11-10T00:00:00Z"}, "numeroSerie": "123456789X", "tipo": "PERSONALIZADORA", "activa": true, "isManual": null, "maxTension": null, "minTension": null, "measuresManeuverability": true, "measuresRigidity": false, "measuresBalance": true}, "upsert": true}]}' with request id 70 to database practica03mongoIvanLoli on connection [connectionId{localValue:11, serverValue:216638}] to server ac-o2suyf6-shard-00-02.7qtbnuz.mongodb.net:27017
22:49:30.969 [async-channel-group-0-handler-executor] DEBUG org.mongodb.driver.protocol.command - Execution of command with request id 70 completed successfully in 39.90 ms on connection [connectionId{localValue:11, serverValue:216638}] to server ac-o2suyf6-shard-00-02.7qtbnuz.mongodb.net:27017
22:49:30.976 [DefaultDispatcher-worker-2 @coroutine#677] DEBUG koin.repositories.maquina.MaquinaRepository - findById(63e2c76a285de2538ba4e31d)
22:49:30.978 [AsyncGetter-5-thread-1] DEBUG org.mongodb.driver.protocol.command - Sending command '{"find": "maquina", "filter": {"_id": {"$oid": "63e2c76a285de2538ba4e31d"}}, "limit": 1, "singleBatch": true, "$db": "practica03mongoIvanLoli", "$clusterTime": {"clusterTime": {"$timestamp": {"t": 1675806568, "i": 10}}, "signature": {"hash": {"$binary": {"base64": "FnX50vsP5YhRleMeOjhD2dlAq3A=", "subType": "00"}}, "keyId": 7161871216054108163}}, "lsid": {"id": {"$binary": {"base64": "xbe9yt96RfCuB/EkkSIjyQ==", "subType": "04"}}}}' with request id 71 to database practica03mongoIvanLoli on connection [connectionId{localValue:11, serverValue:216638}] to server ac-o2suyf6-shard-00-02.7qtbnuz.mongodb.net:27017
22:49:31.015 [async-channel-group-0-handler-executor] DEBUG org.mongodb.driver.protocol.command - Execution of command with request id 71 completed successfully in 37.17 ms on connection [connectionId{localValue:11, serverValue:216638}] to server ac-o2suyf6-shard-00-02.7qtbnuz.mongodb.net:27017
22:49:31.015 [async-channel-group-0-handler-executor] DEBUG org.mongodb.driver.operation - Received batch of 1 documents with cursorId 0 from server ac-o2suyf6-shard-00-02.7qtbnuz.mongodb.net:27017
22:49:31.019 [AsyncGetter-5-thread-1] DEBUG org.mongodb.driver.protocol.command - Sending command '{"update": "maquina", "ordered": true, "txnNumber": 5, "$db": "practica03mongoIvanLoli", "$clusterTime": {"clusterTime": {"$timestamp": {"t": 1675806568, "i": 10}}, "signature": {"hash": {"$binary": {"base64": "FnX50vsP5YhRleMeOjhD2dlAq3A=", "subType": "00"}}, "keyId": 7161871216054108163}}, "lsid": {"id": {"$binary": {"base64": "xbe9yt96RfCuB/EkkSIjyQ==", "subType": "04"}}}, "updates": [{"q": {"_id": {"$oid": "63e2c76a285de2538ba4e31d"}}, "u": {"_id": {"$oid": "63e2c76a285de2538ba4e31d"}, "uuid": {"$binary": {"base64": "p0imbWmNqZO8g+qWtQVPsw==", "subType": "03"}}, "modelo": "RTX-3080TI", "marca": "Nvidia", "fechaAdquisicion": {"$date": "2022-11-10T00:00:00Z"}, "numeroSerie": "123456789X", "tipo": "PERSONALIZADORA", "activa": true, "isManual": null, "maxTension": null, "minTension": null, "measuresManeuverability": true, "measuresRigidity": false, "measuresBalance": true}, "upsert": true}]}' with request id 72 to database practica03mongoIvanLoli on connection [connectionId{localValue:11, serverValue:216638}] to server ac-o2suyf6-shard-00-02.7qtbnuz.mongodb.net:27017
22:49:31.057 [async-channel-group-0-handler-executor] DEBUG org.mongodb.driver.protocol.command - Execution of command with request id 72 completed successfully in 37.65 ms on connection [connectionId{localValue:11, serverValue:216638}] to server ac-o2suyf6-shard-00-02.7qtbnuz.mongodb.net:27017
22:49:31.060 [DefaultDispatcher-worker-2 @coroutine#682] DEBUG koin.repositories.maquina.MaquinaRepository - findByUUID(93a98d69-6da6-48a7-b34f-05b596ea83bc)
22:49:31.061 [AsyncGetter-5-thread-1] DEBUG org.mongodb.driver.protocol.command - Sending command '{"find": "maquina", "filter": {}, "batchSize": 64, "$db": "practica03mongoIvanLoli", "$clusterTime": {"clusterTime": {"$timestamp": {"t": 1675806568, "i": 10}}, "signature": {"hash": {"$binary": {"base64": "FnX50vsP5YhRleMeOjhD2dlAq3A=", "subType": "00"}}, "keyId": 7161871216054108163}}, "lsid": {"id": {"$binary": {"base64": "xbe9yt96RfCuB/EkkSIjyQ==", "subType": "04"}}}}' with request id 73 to database practica03mongoIvanLoli on connection [connectionId{localValue:11, serverValue:216638}] to server ac-o2suyf6-shard-00-02.7qtbnuz.mongodb.net:27017
22:49:31.099 [async-channel-group-0-handler-executor] DEBUG org.mongodb.driver.protocol.command - Execution of command with request id 73 completed successfully in 37.59 ms on connection [connectionId{localValue:11, serverValue:216638}] to server ac-o2suyf6-shard-00-02.7qtbnuz.mongodb.net:27017
22:49:31.099 [async-channel-group-0-handler-executor] DEBUG org.mongodb.driver.operation - Received batch of 1 documents with cursorId 0 from server ac-o2suyf6-shard-00-02.7qtbnuz.mongodb.net:27017
22:49:31.108 [AsyncGetter-5-thread-1] DEBUG org.mongodb.driver.protocol.command - Sending command '{"update": "maquina", "ordered": true, "txnNumber": 6, "$db": "practica03mongoIvanLoli", "$clusterTime": {"clusterTime": {"$timestamp": {"t": 1675806568, "i": 10}}, "signature": {"hash": {"$binary": {"base64": "FnX50vsP5YhRleMeOjhD2dlAq3A=", "subType": "00"}}, "keyId": 7161871216054108163}}, "lsid": {"id": {"$binary": {"base64": "xbe9yt96RfCuB/EkkSIjyQ==", "subType": "04"}}}, "updates": [{"q": {"_id": {"$oid": "63e2c76a285de2538ba4e31d"}}, "u": {"_id": {"$oid": "63e2c76a285de2538ba4e31d"}, "uuid": {"$binary": {"base64": "p0imbWmNqZO8g+qWtQVPsw==", "subType": "03"}}, "modelo": "RTX-3080TI", "marca": "Nvidia", "fechaAdquisicion": {"$date": "2022-11-10T00:00:00Z"}, "numeroSerie": "123456789X", "tipo": "PERSONALIZADORA", "activa": true, "isManual": null, "maxTension": null, "minTension": null, "measuresManeuverability": true, "measuresRigidity": false, "measuresBalance": true}, "upsert": true}]}' with request id 74 to database practica03mongoIvanLoli on connection [connectionId{localValue:11, serverValue:216638}] to server ac-o2suyf6-shard-00-02.7qtbnuz.mongodb.net:27017
22:49:31.164 [async-channel-group-0-handler-executor] DEBUG org.mongodb.driver.protocol.command - Execution of command with request id 74 completed successfully in 56.57 ms on connection [connectionId{localValue:11, serverValue:216638}] to server ac-o2suyf6-shard-00-02.7qtbnuz.mongodb.net:27017
22:49:31.172 [DefaultDispatcher-worker-2 @coroutine#687] DEBUG koin.repositories.maquina.MaquinaRepository - save(Maquina(id=63e2c76a285de2538ba4e31d, uuid=93a98d69-6da6-48a7-b34f-05b596ea83bc, modelo=RTX-3080TI, marca=Nvidia, fechaAdquisicion=2022-11-10, numeroSerie=123456789X, tipo=PERSONALIZADORA, activa=true, isManual=null, maxTension=null, minTension=null, measuresManeuverability=true, measuresRigidity=false, measuresBalance=true))
22:49:31.175 [AsyncGetter-5-thread-1] DEBUG org.mongodb.driver.protocol.command - Sending command '{"update": "maquina", "ordered": true, "txnNumber": 7, "$db": "practica03mongoIvanLoli", "$clusterTime": {"clusterTime": {"$timestamp": {"t": 1675806568, "i": 10}}, "signature": {"hash": {"$binary": {"base64": "FnX50vsP5YhRleMeOjhD2dlAq3A=", "subType": "00"}}, "keyId": 7161871216054108163}}, "lsid": {"id": {"$binary": {"base64": "xbe9yt96RfCuB/EkkSIjyQ==", "subType": "04"}}}, "updates": [{"q": {"_id": {"$oid": "63e2c76a285de2538ba4e31d"}}, "u": {"_id": {"$oid": "63e2c76a285de2538ba4e31d"}, "uuid": {"$binary": {"base64": "p0imbWmNqZO8g+qWtQVPsw==", "subType": "03"}}, "modelo": "RTX-3080TI", "marca": "Nvidia", "fechaAdquisicion": {"$date": "2022-11-10T00:00:00Z"}, "numeroSerie": "123456789X", "tipo": "PERSONALIZADORA", "activa": true, "isManual": null, "maxTension": null, "minTension": null, "measuresManeuverability": true, "measuresRigidity": false, "measuresBalance": true}, "upsert": true}]}' with request id 75 to database practica03mongoIvanLoli on connection [connectionId{localValue:11, serverValue:216638}] to server ac-o2suyf6-shard-00-02.7qtbnuz.mongodb.net:27017
22:49:31.213 [async-channel-group-0-handler-executor] DEBUG org.mongodb.driver.protocol.command - Execution of command with request id 75 completed successfully in 38.54 ms on connection [connectionId{localValue:11, serverValue:216638}] to server ac-o2suyf6-shard-00-02.7qtbnuz.mongodb.net:27017
22:49:31.218 [AsyncGetter-5-thread-1] DEBUG org.mongodb.driver.protocol.command - Sending command '{"update": "maquina", "ordered": true, "txnNumber": 8, "$db": "practica03mongoIvanLoli", "$clusterTime": {"clusterTime": {"$timestamp": {"t": 1675806568, "i": 10}}, "signature": {"hash": {"$binary": {"base64": "FnX50vsP5YhRleMeOjhD2dlAq3A=", "subType": "00"}}, "keyId": 7161871216054108163}}, "lsid": {"id": {"$binary": {"base64": "xbe9yt96RfCuB/EkkSIjyQ==", "subType": "04"}}}, "updates": [{"q": {"_id": {"$oid": "63e2c76a285de2538ba4e31d"}}, "u": {"_id": {"$oid": "63e2c76a285de2538ba4e31d"}, "uuid": {"$binary": {"base64": "p0imbWmNqZO8g+qWtQVPsw==", "subType": "03"}}, "modelo": "RTX-3080TI", "marca": "Nvidia", "fechaAdquisicion": {"$date": "2022-11-10T00:00:00Z"}, "numeroSerie": "123456789X", "tipo": "PERSONALIZADORA", "activa": true, "isManual": null, "maxTension": null, "minTension": null, "measuresManeuverability": true, "measuresRigidity": false, "measuresBalance": true}, "upsert": true}]}' with request id 76 to database practica03mongoIvanLoli on connection [connectionId{localValue:11, serverValue:216638}] to server ac-o2suyf6-shard-00-02.7qtbnuz.mongodb.net:27017
22:49:31.257 [async-channel-group-0-handler-executor] DEBUG org.mongodb.driver.protocol.command - Execution of command with request id 76 completed successfully in 39.46 ms on connection [connectionId{localValue:11, serverValue:216638}] to server ac-o2suyf6-shard-00-02.7qtbnuz.mongodb.net:27017
22:49:31.261 [DefaultDispatcher-worker-2 @coroutine#692] DEBUG koin.repositories.maquina.MaquinaRepository - findById(63e2c76b285de2538ba4e31e)
22:49:31.262 [AsyncGetter-5-thread-1] DEBUG org.mongodb.driver.protocol.command - Sending command '{"find": "maquina", "filter": {"_id": {"$oid": "63e2c76b285de2538ba4e31e"}}, "limit": 1, "singleBatch": true, "$db": "practica03mongoIvanLoli", "$clusterTime": {"clusterTime": {"$timestamp": {"t": 1675806569, "i": 2}}, "signature": {"hash": {"$binary": {"base64": "XpAYQdEDL3STBZ0o0aG/b0/FX6c=", "subType": "00"}}, "keyId": 7161871216054108163}}, "lsid": {"id": {"$binary": {"base64": "xbe9yt96RfCuB/EkkSIjyQ==", "subType": "04"}}}}' with request id 77 to database practica03mongoIvanLoli on connection [connectionId{localValue:11, serverValue:216638}] to server ac-o2suyf6-shard-00-02.7qtbnuz.mongodb.net:27017
22:49:31.307 [async-channel-group-0-handler-executor] DEBUG org.mongodb.driver.protocol.command - Execution of command with request id 77 completed successfully in 44.77 ms on connection [connectionId{localValue:11, serverValue:216638}] to server ac-o2suyf6-shard-00-02.7qtbnuz.mongodb.net:27017
22:49:31.307 [async-channel-group-0-handler-executor] DEBUG org.mongodb.driver.operation - Received batch of 0 documents with cursorId 0 from server ac-o2suyf6-shard-00-02.7qtbnuz.mongodb.net:27017
22:49:31.313 [AsyncGetter-5-thread-1] DEBUG org.mongodb.driver.protocol.command - Sending command '{"update": "maquina", "ordered": true, "txnNumber": 9, "$db": "practica03mongoIvanLoli", "$clusterTime": {"clusterTime": {"$timestamp": {"t": 1675806569, "i": 3}}, "signature": {"hash": {"$binary": {"base64": "XpAYQdEDL3STBZ0o0aG/b0/FX6c=", "subType": "00"}}, "keyId": 7161871216054108163}}, "lsid": {"id": {"$binary": {"base64": "xbe9yt96RfCuB/EkkSIjyQ==", "subType": "04"}}}, "updates": [{"q": {"_id": {"$oid": "63e2c76a285de2538ba4e31d"}}, "u": {"_id": {"$oid": "63e2c76a285de2538ba4e31d"}, "uuid": {"$binary": {"base64": "p0imbWmNqZO8g+qWtQVPsw==", "subType": "03"}}, "modelo": "RTX-3080TI", "marca": "Nvidia", "fechaAdquisicion": {"$date": "2022-11-10T00:00:00Z"}, "numeroSerie": "123456789X", "tipo": "PERSONALIZADORA", "activa": true, "isManual": null, "maxTension": null, "minTension": null, "measuresManeuverability": true, "measuresRigidity": false, "measuresBalance": true}, "upsert": true}]}' with request id 78 to database practica03mongoIvanLoli on connection [connectionId{localValue:11, serverValue:216638}] to server ac-o2suyf6-shard-00-02.7qtbnuz.mongodb.net:27017
22:49:31.351 [async-channel-group-0-handler-executor] DEBUG org.mongodb.driver.protocol.command - Execution of command with request id 78 completed successfully in 39.46 ms on connection [connectionId{localValue:11, serverValue:216638}] to server ac-o2suyf6-shard-00-02.7qtbnuz.mongodb.net:27017
22:49:31.359 [DefaultDispatcher-worker-2 @coroutine#697] DEBUG koin.repositories.maquina.MaquinaRepository - delete(63e2c76b285de2538ba4e31f)
22:49:31.361 [AsyncGetter-5-thread-1] DEBUG org.mongodb.driver.protocol.command - Sending command '{"find": "maquina", "filter": {"_id": {"$oid": "63e2c76b285de2538ba4e31f"}}, "limit": 1, "singleBatch": true, "$db": "practica03mongoIvanLoli", "$clusterTime": {"clusterTime": {"$timestamp": {"t": 1675806569, "i": 3}}, "signature": {"hash": {"$binary": {"base64": "XpAYQdEDL3STBZ0o0aG/b0/FX6c=", "subType": "00"}}, "keyId": 7161871216054108163}}, "lsid": {"id": {"$binary": {"base64": "xbe9yt96RfCuB/EkkSIjyQ==", "subType": "04"}}}}' with request id 79 to database practica03mongoIvanLoli on connection [connectionId{localValue:11, serverValue:216638}] to server ac-o2suyf6-shard-00-02.7qtbnuz.mongodb.net:27017
22:49:31.398 [async-channel-group-0-handler-executor] DEBUG org.mongodb.driver.protocol.command - Execution of command with request id 79 completed successfully in 37.86 ms on connection [connectionId{localValue:11, serverValue:216638}] to server ac-o2suyf6-shard-00-02.7qtbnuz.mongodb.net:27017
22:49:31.398 [async-channel-group-0-handler-executor] DEBUG org.mongodb.driver.operation - Received batch of 0 documents with cursorId 0 from server ac-o2suyf6-shard-00-02.7qtbnuz.mongodb.net:27017
22:49:31.400 [AsyncGetter-5-thread-1] DEBUG org.mongodb.driver.protocol.command - Sending command '{"delete": "maquina", "ordered": true, "txnNumber": 10, "$db": "practica03mongoIvanLoli", "$clusterTime": {"clusterTime": {"$timestamp": {"t": 1675806569, "i": 3}}, "signature": {"hash": {"$binary": {"base64": "XpAYQdEDL3STBZ0o0aG/b0/FX6c=", "subType": "00"}}, "keyId": 7161871216054108163}}, "lsid": {"id": {"$binary": {"base64": "xbe9yt96RfCuB/EkkSIjyQ==", "subType": "04"}}}, "deletes": [{"q": {"_id": {"$oid": "63e2c76b285de2538ba4e31f"}}, "limit": 1}]}' with request id 80 to database practica03mongoIvanLoli on connection [connectionId{localValue:11, serverValue:216638}] to server ac-o2suyf6-shard-00-02.7qtbnuz.mongodb.net:27017
22:49:31.438 [async-channel-group-0-handler-executor] DEBUG org.mongodb.driver.protocol.command - Execution of command with request id 80 completed successfully in 38.79 ms on connection [connectionId{localValue:11, serverValue:216638}] to server ac-o2suyf6-shard-00-02.7qtbnuz.mongodb.net:27017
22:49:31.442 [AsyncGetter-5-thread-1] DEBUG org.mongodb.driver.protocol.command - Sending command '{"update": "maquina", "ordered": true, "txnNumber": 11, "$db": "practica03mongoIvanLoli", "$clusterTime": {"clusterTime": {"$timestamp": {"t": 1675806569, "i": 3}}, "signature": {"hash": {"$binary": {"base64": "XpAYQdEDL3STBZ0o0aG/b0/FX6c=", "subType": "00"}}, "keyId": 7161871216054108163}}, "lsid": {"id": {"$binary": {"base64": "xbe9yt96RfCuB/EkkSIjyQ==", "subType": "04"}}}, "updates": [{"q": {"_id": {"$oid": "63e2c76a285de2538ba4e31d"}}, "u": {"_id": {"$oid": "63e2c76a285de2538ba4e31d"}, "uuid": {"$binary": {"base64": "p0imbWmNqZO8g+qWtQVPsw==", "subType": "03"}}, "modelo": "RTX-3080TI", "marca": "Nvidia", "fechaAdquisicion": {"$date": "2022-11-10T00:00:00Z"}, "numeroSerie": "123456789X", "tipo": "PERSONALIZADORA", "activa": true, "isManual": null, "maxTension": null, "minTension": null, "measuresManeuverability": true, "measuresRigidity": false, "measuresBalance": true}, "upsert": true}]}' with request id 81 to database practica03mongoIvanLoli on connection [connectionId{localValue:11, serverValue:216638}] to server ac-o2suyf6-shard-00-02.7qtbnuz.mongodb.net:27017
22:49:31.481 [async-channel-group-0-handler-executor] DEBUG org.mongodb.driver.protocol.command - Execution of command with request id 81 completed successfully in 39.78 ms on connection [connectionId{localValue:11, serverValue:216638}] to server ac-o2suyf6-shard-00-02.7qtbnuz.mongodb.net:27017
22:49:31.491 [DefaultDispatcher-worker-2 @coroutine#702] DEBUG koin.repositories.maquina.MaquinaRepository - setInactive(63e2c76a285de2538ba4e31d)
22:49:31.493 [AsyncGetter-5-thread-1] DEBUG org.mongodb.driver.protocol.command - Sending command '{"find": "maquina", "filter": {"_id": {"$oid": "63e2c76a285de2538ba4e31d"}}, "limit": 1, "singleBatch": true, "$db": "practica03mongoIvanLoli", "$clusterTime": {"clusterTime": {"$timestamp": {"t": 1675806569, "i": 3}}, "signature": {"hash": {"$binary": {"base64": "XpAYQdEDL3STBZ0o0aG/b0/FX6c=", "subType": "00"}}, "keyId": 7161871216054108163}}, "lsid": {"id": {"$binary": {"base64": "xbe9yt96RfCuB/EkkSIjyQ==", "subType": "04"}}}}' with request id 82 to database practica03mongoIvanLoli on connection [connectionId{localValue:11, serverValue:216638}] to server ac-o2suyf6-shard-00-02.7qtbnuz.mongodb.net:27017
22:49:31.531 [async-channel-group-0-handler-executor] DEBUG org.mongodb.driver.protocol.command - Execution of command with request id 82 completed successfully in 38.39 ms on connection [connectionId{localValue:11, serverValue:216638}] to server ac-o2suyf6-shard-00-02.7qtbnuz.mongodb.net:27017
22:49:31.532 [async-channel-group-0-handler-executor] DEBUG org.mongodb.driver.operation - Received batch of 1 documents with cursorId 0 from server ac-o2suyf6-shard-00-02.7qtbnuz.mongodb.net:27017
22:49:31.534 [AsyncGetter-5-thread-1] DEBUG org.mongodb.driver.protocol.command - Sending command '{"update": "maquina", "ordered": true, "txnNumber": 12, "$db": "practica03mongoIvanLoli", "$clusterTime": {"clusterTime": {"$timestamp": {"t": 1675806569, "i": 3}}, "signature": {"hash": {"$binary": {"base64": "XpAYQdEDL3STBZ0o0aG/b0/FX6c=", "subType": "00"}}, "keyId": 7161871216054108163}}, "lsid": {"id": {"$binary": {"base64": "xbe9yt96RfCuB/EkkSIjyQ==", "subType": "04"}}}, "updates": [{"q": {"_id": {"$oid": "63e2c76a285de2538ba4e31d"}}, "u": {"_id": {"$oid": "63e2c76a285de2538ba4e31d"}, "uuid": {"$binary": {"base64": "p0imbWmNqZO8g+qWtQVPsw==", "subType": "03"}}, "modelo": "RTX-3080TI", "marca": "Nvidia", "fechaAdquisicion": {"$date": "2022-11-10T00:00:00Z"}, "numeroSerie": "123456789X", "tipo": "PERSONALIZADORA", "activa": false, "isManual": null, "maxTension": null, "minTension": null, "measuresManeuverability": true, "measuresRigidity": false, "measuresBalance": true}, "upsert": true}]}' with request id 83 to database practica03mongoIvanLoli on connection [connectionId{localValue:11, serverValue:216638}] to server ac-o2suyf6-shard-00-02.7qtbnuz.mongodb.net:27017
22:49:31.579 [async-channel-group-0-handler-executor] DEBUG org.mongodb.driver.protocol.command - Execution of command with request id 83 completed successfully in 45.38 ms on connection [connectionId{localValue:11, serverValue:216638}] to server ac-o2suyf6-shard-00-02.7qtbnuz.mongodb.net:27017
22:49:31.586 [AsyncGetter-5-thread-1] DEBUG org.mongodb.driver.protocol.command - Sending command '{"drop": "maquina", "$db": "practica03mongoIvanLoli", "$clusterTime": {"clusterTime": {"$timestamp": {"t": 1675806569, "i": 5}}, "signature": {"hash": {"$binary": {"base64": "XpAYQdEDL3STBZ0o0aG/b0/FX6c=", "subType": "00"}}, "keyId": 7161871216054108163}}, "lsid": {"id": {"$binary": {"base64": "xbe9yt96RfCuB/EkkSIjyQ==", "subType": "04"}}}}' with request id 84 to database practica03mongoIvanLoli on connection [connectionId{localValue:11, serverValue:216638}] to server ac-o2suyf6-shard-00-02.7qtbnuz.mongodb.net:27017
22:49:31.633 [async-channel-group-0-handler-executor] DEBUG org.mongodb.driver.protocol.command - Execution of command with request id 84 completed successfully in 47.45 ms on connection [connectionId{localValue:11, serverValue:216638}] to server ac-o2suyf6-shard-00-02.7qtbnuz.mongodb.net:27017
]]></system-out>
  <system-err><![CDATA[]]></system-err>
</testsuite>
