<?xml version="1.0" encoding="UTF-8"?>
<testsuite name="koin.repositories.user.UserRepositoryTest" tests="8" skipped="0" failures="0" errors="0" timestamp="2023-02-10T19:55:00" hostname="LOLI-LAPTOP" time="1.004">
  <properties/>
  <testcase name="delete()" classname="koin.repositories.user.UserRepositoryTest" time="0.185"/>
  <testcase name="findAll()" classname="koin.repositories.user.UserRepositoryTest" time="0.107"/>
  <testcase name="findById()" classname="koin.repositories.user.UserRepositoryTest" time="0.093"/>
  <testcase name="findByUuid()" classname="koin.repositories.user.UserRepositoryTest" time="0.128"/>
  <testcase name="save()" classname="koin.repositories.user.UserRepositoryTest" time="0.095"/>
  <testcase name="findByIdNotExists()" classname="koin.repositories.user.UserRepositoryTest" time="0.124"/>
  <testcase name="deleteNotExists()" classname="koin.repositories.user.UserRepositoryTest" time="0.129"/>
  <testcase name="setInactive()" classname="koin.repositories.user.UserRepositoryTest" time="0.142"/>
  <system-out><![CDATA[20:55:00.296 [AsyncGetter-5-thread-1] DEBUG org.mongodb.driver.protocol.command - Sending command '{"drop": "user", "$db": "practica03mongoIvanLoli", "$clusterTime": {"clusterTime": {"$timestamp": {"t": 1676058896, "i": 1}}, "signature": {"hash": {"$binary": {"base64": "7QlSccHevJhzcJmDOQ8s7/C77vU=", "subType": "00"}}, "keyId": 7161871216054108163}}, "lsid": {"id": {"$binary": {"base64": "iaaDCEpQRkC2MlqJ67VcNQ==", "subType": "04"}}}}' with request id 166 to database practica03mongoIvanLoli on connection [connectionId{localValue:7, serverValue:268692}] to server ac-o2suyf6-shard-00-02.7qtbnuz.mongodb.net:27017
20:55:00.336 [async-channel-group-0-handler-executor] DEBUG org.mongodb.driver.protocol.command - Execution of command with request id 166 failed to complete successfully in 39.51 ms on connection [connectionId{localValue:7, serverValue:268692}] to server ac-o2suyf6-shard-00-02.7qtbnuz.mongodb.net:27017
com.mongodb.MongoCommandException: Command failed with error 26 (NamespaceNotFound): 'ns not found' on server ac-o2suyf6-shard-00-02.7qtbnuz.mongodb.net:27017. The full response is {"ok": 0.0, "errmsg": "ns not found", "code": 26, "codeName": "NamespaceNotFound", "$clusterTime": {"clusterTime": {"$timestamp": {"t": 1676058896, "i": 3}}, "signature": {"hash": {"$binary": {"base64": "7QlSccHevJhzcJmDOQ8s7/C77vU=", "subType": "00"}}, "keyId": 7161871216054108163}}, "operationTime": {"$timestamp": {"t": 1676058896, "i": 3}}}
	at com.mongodb.internal.connection.ProtocolHelper.getCommandFailureException(ProtocolHelper.java:198)
	at com.mongodb.internal.connection.InternalStreamConnection$2$1.onResult(InternalStreamConnection.java:512)
	at com.mongodb.internal.connection.InternalStreamConnection$2$1.onResult(InternalStreamConnection.java:498)
	at com.mongodb.internal.connection.InternalStreamConnection$MessageHeaderCallback$MessageCallback.onResult(InternalStreamConnection.java:821)
	at com.mongodb.internal.connection.InternalStreamConnection$MessageHeaderCallback$MessageCallback.onResult(InternalStreamConnection.java:785)
	at com.mongodb.internal.connection.InternalStreamConnection$5.completed(InternalStreamConnection.java:645)
	at com.mongodb.internal.connection.InternalStreamConnection$5.completed(InternalStreamConnection.java:642)
	at com.mongodb.internal.connection.AsynchronousChannelStream$BasicCompletionHandler.completed(AsynchronousChannelStream.java:250)
	at com.mongodb.internal.connection.AsynchronousChannelStream$BasicCompletionHandler.completed(AsynchronousChannelStream.java:233)
	at com.mongodb.internal.connection.tlschannel.async.AsynchronousTlsChannel.lambda$read$4(AsynchronousTlsChannel.java:122)
	at java.base/java.util.concurrent.Executors$RunnableAdapter.call(Executors.java:539)
	at java.base/java.util.concurrent.FutureTask.run(FutureTask.java:264)
	at java.base/java.util.concurrent.ThreadPoolExecutor.runWorker(ThreadPoolExecutor.java:1136)
	at java.base/java.util.concurrent.ThreadPoolExecutor$Worker.run(ThreadPoolExecutor.java:635)
	at java.base/java.lang.Thread.run(Thread.java:833)
20:55:00.347 [AsyncGetter-5-thread-1] DEBUG org.mongodb.driver.protocol.command - Sending command '{"update": "user", "ordered": true, "txnNumber": 61, "$db": "practica03mongoIvanLoli", "$clusterTime": {"clusterTime": {"$timestamp": {"t": 1676058896, "i": 3}}, "signature": {"hash": {"$binary": {"base64": "7QlSccHevJhzcJmDOQ8s7/C77vU=", "subType": "00"}}, "keyId": 7161871216054108163}}, "lsid": {"id": {"$binary": {"base64": "iaaDCEpQRkC2MlqJ67VcNQ==", "subType": "04"}}}, "updates": [{"q": {"_id": {"$oid": "63e6a11461c2a601272c50fa"}}, "u": {"_id": {"$oid": "63e6a11461c2a601272c50fa"}, "uuid": {"$binary": {"base64": "EREAAGmNqZO6g+qWtQUAAA==", "subType": "03"}}, "nombre": "loli", "apellido": "test", "telefono": "123456789", "email": "loli@test.com", "password": "lolitest", "perfil": "ADMIN", "activo": true}, "upsert": true}]}' with request id 167 to database practica03mongoIvanLoli on connection [connectionId{localValue:7, serverValue:268692}] to server ac-o2suyf6-shard-00-02.7qtbnuz.mongodb.net:27017
20:55:00.422 [async-channel-group-0-handler-executor] DEBUG org.mongodb.driver.protocol.command - Execution of command with request id 167 completed successfully in 76.15 ms on connection [connectionId{localValue:7, serverValue:268692}] to server ac-o2suyf6-shard-00-02.7qtbnuz.mongodb.net:27017
20:55:00.430 [DefaultDispatcher-worker-9 @coroutine#1224] DEBUG koin.repositories.user.UserRepository - delete(63e6a11461c2a601272c50fa)
20:55:00.431 [AsyncGetter-5-thread-1] DEBUG org.mongodb.driver.protocol.command - Sending command '{"find": "user", "filter": {"_id": {"$oid": "63e6a11461c2a601272c50fa"}}, "limit": 1, "singleBatch": true, "$db": "practica03mongoIvanLoli", "$clusterTime": {"clusterTime": {"$timestamp": {"t": 1676058896, "i": 6}}, "signature": {"hash": {"$binary": {"base64": "7QlSccHevJhzcJmDOQ8s7/C77vU=", "subType": "00"}}, "keyId": 7161871216054108163}}, "lsid": {"id": {"$binary": {"base64": "iaaDCEpQRkC2MlqJ67VcNQ==", "subType": "04"}}}}' with request id 168 to database practica03mongoIvanLoli on connection [connectionId{localValue:7, serverValue:268692}] to server ac-o2suyf6-shard-00-02.7qtbnuz.mongodb.net:27017
20:55:00.471 [async-channel-group-0-handler-executor] DEBUG org.mongodb.driver.protocol.command - Execution of command with request id 168 completed successfully in 39.83 ms on connection [connectionId{localValue:7, serverValue:268692}] to server ac-o2suyf6-shard-00-02.7qtbnuz.mongodb.net:27017
20:55:00.474 [async-channel-group-0-handler-executor] DEBUG org.mongodb.driver.operation - Received batch of 1 documents with cursorId 0 from server ac-o2suyf6-shard-00-02.7qtbnuz.mongodb.net:27017
20:55:00.475 [AsyncGetter-5-thread-1] DEBUG org.mongodb.driver.protocol.command - Sending command '{"delete": "user", "ordered": true, "txnNumber": 62, "$db": "practica03mongoIvanLoli", "$clusterTime": {"clusterTime": {"$timestamp": {"t": 1676058896, "i": 6}}, "signature": {"hash": {"$binary": {"base64": "7QlSccHevJhzcJmDOQ8s7/C77vU=", "subType": "00"}}, "keyId": 7161871216054108163}}, "lsid": {"id": {"$binary": {"base64": "iaaDCEpQRkC2MlqJ67VcNQ==", "subType": "04"}}}, "deletes": [{"q": {"_id": {"$oid": "63e6a11461c2a601272c50fa"}}, "limit": 1}]}' with request id 169 to database practica03mongoIvanLoli on connection [connectionId{localValue:7, serverValue:268692}] to server ac-o2suyf6-shard-00-02.7qtbnuz.mongodb.net:27017
20:55:00.519 [async-channel-group-0-handler-executor] DEBUG org.mongodb.driver.protocol.command - Execution of command with request id 169 completed successfully in 43.91 ms on connection [connectionId{localValue:7, serverValue:268692}] to server ac-o2suyf6-shard-00-02.7qtbnuz.mongodb.net:27017
20:55:00.524 [AsyncGetter-5-thread-1] DEBUG org.mongodb.driver.protocol.command - Sending command '{"update": "user", "ordered": true, "txnNumber": 63, "$db": "practica03mongoIvanLoli", "$clusterTime": {"clusterTime": {"$timestamp": {"t": 1676058897, "i": 1}}, "signature": {"hash": {"$binary": {"base64": "3nUJXMZdqdOP3wtVqEbaFQOqb7s=", "subType": "00"}}, "keyId": 7161871216054108163}}, "lsid": {"id": {"$binary": {"base64": "iaaDCEpQRkC2MlqJ67VcNQ==", "subType": "04"}}}, "updates": [{"q": {"_id": {"$oid": "63e6a11461c2a601272c50fa"}}, "u": {"_id": {"$oid": "63e6a11461c2a601272c50fa"}, "uuid": {"$binary": {"base64": "EREAAGmNqZO6g+qWtQUAAA==", "subType": "03"}}, "nombre": "loli", "apellido": "test", "telefono": "123456789", "email": "loli@test.com", "password": "lolitest", "perfil": "ADMIN", "activo": true}, "upsert": true}]}' with request id 170 to database practica03mongoIvanLoli on connection [connectionId{localValue:7, serverValue:268692}] to server ac-o2suyf6-shard-00-02.7qtbnuz.mongodb.net:27017
20:55:00.574 [async-channel-group-0-handler-executor] DEBUG org.mongodb.driver.protocol.command - Execution of command with request id 170 completed successfully in 50.06 ms on connection [connectionId{localValue:7, serverValue:268692}] to server ac-o2suyf6-shard-00-02.7qtbnuz.mongodb.net:27017
20:55:00.582 [DefaultDispatcher-worker-9 @coroutine#1229] DEBUG koin.repositories.user.UserRepository - findAll()
20:55:00.583 [AsyncGetter-5-thread-1] DEBUG org.mongodb.driver.protocol.command - Sending command '{"find": "user", "filter": {}, "batchSize": 64, "$db": "practica03mongoIvanLoli", "$clusterTime": {"clusterTime": {"$timestamp": {"t": 1676058897, "i": 2}}, "signature": {"hash": {"$binary": {"base64": "3nUJXMZdqdOP3wtVqEbaFQOqb7s=", "subType": "00"}}, "keyId": 7161871216054108163}}, "lsid": {"id": {"$binary": {"base64": "iaaDCEpQRkC2MlqJ67VcNQ==", "subType": "04"}}}}' with request id 171 to database practica03mongoIvanLoli on connection [connectionId{localValue:7, serverValue:268692}] to server ac-o2suyf6-shard-00-02.7qtbnuz.mongodb.net:27017
20:55:00.624 [async-channel-group-0-handler-executor] DEBUG org.mongodb.driver.protocol.command - Execution of command with request id 171 completed successfully in 40.82 ms on connection [connectionId{localValue:7, serverValue:268692}] to server ac-o2suyf6-shard-00-02.7qtbnuz.mongodb.net:27017
20:55:00.624 [async-channel-group-0-handler-executor] DEBUG org.mongodb.driver.operation - Received batch of 1 documents with cursorId 0 from server ac-o2suyf6-shard-00-02.7qtbnuz.mongodb.net:27017
20:55:00.632 [AsyncGetter-5-thread-1] DEBUG org.mongodb.driver.protocol.command - Sending command '{"update": "user", "ordered": true, "txnNumber": 64, "$db": "practica03mongoIvanLoli", "$clusterTime": {"clusterTime": {"$timestamp": {"t": 1676058897, "i": 2}}, "signature": {"hash": {"$binary": {"base64": "3nUJXMZdqdOP3wtVqEbaFQOqb7s=", "subType": "00"}}, "keyId": 7161871216054108163}}, "lsid": {"id": {"$binary": {"base64": "iaaDCEpQRkC2MlqJ67VcNQ==", "subType": "04"}}}, "updates": [{"q": {"_id": {"$oid": "63e6a11461c2a601272c50fa"}}, "u": {"_id": {"$oid": "63e6a11461c2a601272c50fa"}, "uuid": {"$binary": {"base64": "EREAAGmNqZO6g+qWtQUAAA==", "subType": "03"}}, "nombre": "loli", "apellido": "test", "telefono": "123456789", "email": "loli@test.com", "password": "lolitest", "perfil": "ADMIN", "activo": true}, "upsert": true}]}' with request id 172 to database practica03mongoIvanLoli on connection [connectionId{localValue:7, serverValue:268692}] to server ac-o2suyf6-shard-00-02.7qtbnuz.mongodb.net:27017
20:55:00.672 [async-channel-group-0-handler-executor] DEBUG org.mongodb.driver.protocol.command - Execution of command with request id 172 completed successfully in 40.21 ms on connection [connectionId{localValue:7, serverValue:268692}] to server ac-o2suyf6-shard-00-02.7qtbnuz.mongodb.net:27017
20:55:00.679 [DefaultDispatcher-worker-9 @coroutine#1235] DEBUG koin.repositories.user.UserRepository - findById(63e6a11461c2a601272c50fa)
20:55:00.680 [AsyncGetter-5-thread-1] DEBUG org.mongodb.driver.protocol.command - Sending command '{"find": "user", "filter": {"_id": {"$oid": "63e6a11461c2a601272c50fa"}}, "limit": 1, "singleBatch": true, "$db": "practica03mongoIvanLoli", "$clusterTime": {"clusterTime": {"$timestamp": {"t": 1676058897, "i": 3}}, "signature": {"hash": {"$binary": {"base64": "3nUJXMZdqdOP3wtVqEbaFQOqb7s=", "subType": "00"}}, "keyId": 7161871216054108163}}, "lsid": {"id": {"$binary": {"base64": "iaaDCEpQRkC2MlqJ67VcNQ==", "subType": "04"}}}}' with request id 173 to database practica03mongoIvanLoli on connection [connectionId{localValue:7, serverValue:268692}] to server ac-o2suyf6-shard-00-02.7qtbnuz.mongodb.net:27017
20:55:00.720 [async-channel-group-0-handler-executor] DEBUG org.mongodb.driver.protocol.command - Execution of command with request id 173 completed successfully in 39.38 ms on connection [connectionId{localValue:7, serverValue:268692}] to server ac-o2suyf6-shard-00-02.7qtbnuz.mongodb.net:27017
20:55:00.720 [async-channel-group-0-handler-executor] DEBUG org.mongodb.driver.operation - Received batch of 1 documents with cursorId 0 from server ac-o2suyf6-shard-00-02.7qtbnuz.mongodb.net:27017
20:55:00.725 [AsyncGetter-5-thread-1] DEBUG org.mongodb.driver.protocol.command - Sending command '{"update": "user", "ordered": true, "txnNumber": 65, "$db": "practica03mongoIvanLoli", "$clusterTime": {"clusterTime": {"$timestamp": {"t": 1676058897, "i": 3}}, "signature": {"hash": {"$binary": {"base64": "3nUJXMZdqdOP3wtVqEbaFQOqb7s=", "subType": "00"}}, "keyId": 7161871216054108163}}, "lsid": {"id": {"$binary": {"base64": "iaaDCEpQRkC2MlqJ67VcNQ==", "subType": "04"}}}, "updates": [{"q": {"_id": {"$oid": "63e6a11461c2a601272c50fa"}}, "u": {"_id": {"$oid": "63e6a11461c2a601272c50fa"}, "uuid": {"$binary": {"base64": "EREAAGmNqZO6g+qWtQUAAA==", "subType": "03"}}, "nombre": "loli", "apellido": "test", "telefono": "123456789", "email": "loli@test.com", "password": "lolitest", "perfil": "ADMIN", "activo": true}, "upsert": true}]}' with request id 174 to database practica03mongoIvanLoli on connection [connectionId{localValue:7, serverValue:268692}] to server ac-o2suyf6-shard-00-02.7qtbnuz.mongodb.net:27017
20:55:00.795 [async-channel-group-0-handler-executor] DEBUG org.mongodb.driver.protocol.command - Execution of command with request id 174 completed successfully in 71.30 ms on connection [connectionId{localValue:7, serverValue:268692}] to server ac-o2suyf6-shard-00-02.7qtbnuz.mongodb.net:27017
20:55:00.801 [DefaultDispatcher-worker-5 @coroutine#1240] DEBUG koin.repositories.user.UserRepository - findByUUID(93a98d69-0000-1111-0000-05b596ea83ba)
20:55:00.802 [AsyncGetter-5-thread-1] DEBUG org.mongodb.driver.protocol.command - Sending command '{"find": "user", "filter": {}, "batchSize": 64, "$db": "practica03mongoIvanLoli", "$clusterTime": {"clusterTime": {"$timestamp": {"t": 1676058897, "i": 3}}, "signature": {"hash": {"$binary": {"base64": "3nUJXMZdqdOP3wtVqEbaFQOqb7s=", "subType": "00"}}, "keyId": 7161871216054108163}}, "lsid": {"id": {"$binary": {"base64": "iaaDCEpQRkC2MlqJ67VcNQ==", "subType": "04"}}}}' with request id 175 to database practica03mongoIvanLoli on connection [connectionId{localValue:7, serverValue:268692}] to server ac-o2suyf6-shard-00-02.7qtbnuz.mongodb.net:27017
20:55:00.845 [async-channel-group-0-handler-executor] DEBUG org.mongodb.driver.protocol.command - Execution of command with request id 175 completed successfully in 42.70 ms on connection [connectionId{localValue:7, serverValue:268692}] to server ac-o2suyf6-shard-00-02.7qtbnuz.mongodb.net:27017
20:55:00.845 [async-channel-group-0-handler-executor] DEBUG org.mongodb.driver.operation - Received batch of 1 documents with cursorId 0 from server ac-o2suyf6-shard-00-02.7qtbnuz.mongodb.net:27017
20:55:00.853 [AsyncGetter-5-thread-1] DEBUG org.mongodb.driver.protocol.command - Sending command '{"update": "user", "ordered": true, "txnNumber": 66, "$db": "practica03mongoIvanLoli", "$clusterTime": {"clusterTime": {"$timestamp": {"t": 1676058897, "i": 4}}, "signature": {"hash": {"$binary": {"base64": "3nUJXMZdqdOP3wtVqEbaFQOqb7s=", "subType": "00"}}, "keyId": 7161871216054108163}}, "lsid": {"id": {"$binary": {"base64": "iaaDCEpQRkC2MlqJ67VcNQ==", "subType": "04"}}}, "updates": [{"q": {"_id": {"$oid": "63e6a11461c2a601272c50fa"}}, "u": {"_id": {"$oid": "63e6a11461c2a601272c50fa"}, "uuid": {"$binary": {"base64": "EREAAGmNqZO6g+qWtQUAAA==", "subType": "03"}}, "nombre": "loli", "apellido": "test", "telefono": "123456789", "email": "loli@test.com", "password": "lolitest", "perfil": "ADMIN", "activo": true}, "upsert": true}]}' with request id 176 to database practica03mongoIvanLoli on connection [connectionId{localValue:7, serverValue:268692}] to server ac-o2suyf6-shard-00-02.7qtbnuz.mongodb.net:27017
20:55:00.892 [async-channel-group-0-handler-executor] DEBUG org.mongodb.driver.protocol.command - Execution of command with request id 176 completed successfully in 39.59 ms on connection [connectionId{localValue:7, serverValue:268692}] to server ac-o2suyf6-shard-00-02.7qtbnuz.mongodb.net:27017
20:55:00.900 [DefaultDispatcher-worker-5 @coroutine#1245] DEBUG koin.repositories.user.UserRepository - save(User(id=63e6a11461c2a601272c50fa, uuid=93a98d69-0000-1111-0000-05b596ea83ba, nombre=loli, apellido=test, telefono=123456789, email=loli@test.com, password=lolitest, perfil=ADMIN, activo=true))
20:55:00.902 [AsyncGetter-5-thread-1] DEBUG org.mongodb.driver.protocol.command - Sending command '{"update": "user", "ordered": true, "txnNumber": 67, "$db": "practica03mongoIvanLoli", "$clusterTime": {"clusterTime": {"$timestamp": {"t": 1676058897, "i": 5}}, "signature": {"hash": {"$binary": {"base64": "3nUJXMZdqdOP3wtVqEbaFQOqb7s=", "subType": "00"}}, "keyId": 7161871216054108163}}, "lsid": {"id": {"$binary": {"base64": "iaaDCEpQRkC2MlqJ67VcNQ==", "subType": "04"}}}, "updates": [{"q": {"_id": {"$oid": "63e6a11461c2a601272c50fa"}}, "u": {"_id": {"$oid": "63e6a11461c2a601272c50fa"}, "uuid": {"$binary": {"base64": "EREAAGmNqZO6g+qWtQUAAA==", "subType": "03"}}, "nombre": "loli", "apellido": "test", "telefono": "123456789", "email": "loli@test.com", "password": "lolitest", "perfil": "ADMIN", "activo": true}, "upsert": true}]}' with request id 177 to database practica03mongoIvanLoli on connection [connectionId{localValue:7, serverValue:268692}] to server ac-o2suyf6-shard-00-02.7qtbnuz.mongodb.net:27017
20:55:00.942 [async-channel-group-0-handler-executor] DEBUG org.mongodb.driver.protocol.command - Execution of command with request id 177 completed successfully in 40.55 ms on connection [connectionId{localValue:7, serverValue:268692}] to server ac-o2suyf6-shard-00-02.7qtbnuz.mongodb.net:27017
20:55:00.949 [AsyncGetter-5-thread-1] DEBUG org.mongodb.driver.protocol.command - Sending command '{"update": "user", "ordered": true, "txnNumber": 68, "$db": "practica03mongoIvanLoli", "$clusterTime": {"clusterTime": {"$timestamp": {"t": 1676058897, "i": 5}}, "signature": {"hash": {"$binary": {"base64": "3nUJXMZdqdOP3wtVqEbaFQOqb7s=", "subType": "00"}}, "keyId": 7161871216054108163}}, "lsid": {"id": {"$binary": {"base64": "iaaDCEpQRkC2MlqJ67VcNQ==", "subType": "04"}}}, "updates": [{"q": {"_id": {"$oid": "63e6a11461c2a601272c50fa"}}, "u": {"_id": {"$oid": "63e6a11461c2a601272c50fa"}, "uuid": {"$binary": {"base64": "EREAAGmNqZO6g+qWtQUAAA==", "subType": "03"}}, "nombre": "loli", "apellido": "test", "telefono": "123456789", "email": "loli@test.com", "password": "lolitest", "perfil": "ADMIN", "activo": true}, "upsert": true}]}' with request id 178 to database practica03mongoIvanLoli on connection [connectionId{localValue:7, serverValue:268692}] to server ac-o2suyf6-shard-00-02.7qtbnuz.mongodb.net:27017
20:55:01.014 [async-channel-group-0-handler-executor] DEBUG org.mongodb.driver.protocol.command - Execution of command with request id 178 completed successfully in 66.72 ms on connection [connectionId{localValue:7, serverValue:268692}] to server ac-o2suyf6-shard-00-02.7qtbnuz.mongodb.net:27017
20:55:01.020 [DefaultDispatcher-worker-5 @coroutine#1250] DEBUG koin.repositories.user.UserRepository - findById(63e6a11561c2a601272c50fb)
20:55:01.022 [AsyncGetter-5-thread-1] DEBUG org.mongodb.driver.protocol.command - Sending command '{"find": "user", "filter": {"_id": {"$oid": "63e6a11561c2a601272c50fb"}}, "limit": 1, "singleBatch": true, "$db": "practica03mongoIvanLoli", "$clusterTime": {"clusterTime": {"$timestamp": {"t": 1676058897, "i": 5}}, "signature": {"hash": {"$binary": {"base64": "3nUJXMZdqdOP3wtVqEbaFQOqb7s=", "subType": "00"}}, "keyId": 7161871216054108163}}, "lsid": {"id": {"$binary": {"base64": "iaaDCEpQRkC2MlqJ67VcNQ==", "subType": "04"}}}}' with request id 179 to database practica03mongoIvanLoli on connection [connectionId{localValue:7, serverValue:268692}] to server ac-o2suyf6-shard-00-02.7qtbnuz.mongodb.net:27017
20:55:01.069 [async-channel-group-0-handler-executor] DEBUG org.mongodb.driver.protocol.command - Execution of command with request id 179 completed successfully in 47.79 ms on connection [connectionId{localValue:7, serverValue:268692}] to server ac-o2suyf6-shard-00-02.7qtbnuz.mongodb.net:27017
20:55:01.070 [async-channel-group-0-handler-executor] DEBUG org.mongodb.driver.operation - Received batch of 0 documents with cursorId 0 from server ac-o2suyf6-shard-00-02.7qtbnuz.mongodb.net:27017
20:55:01.072 [AsyncGetter-5-thread-1] DEBUG org.mongodb.driver.protocol.command - Sending command '{"update": "user", "ordered": true, "txnNumber": 69, "$db": "practica03mongoIvanLoli", "$clusterTime": {"clusterTime": {"$timestamp": {"t": 1676058897, "i": 5}}, "signature": {"hash": {"$binary": {"base64": "3nUJXMZdqdOP3wtVqEbaFQOqb7s=", "subType": "00"}}, "keyId": 7161871216054108163}}, "lsid": {"id": {"$binary": {"base64": "iaaDCEpQRkC2MlqJ67VcNQ==", "subType": "04"}}}, "updates": [{"q": {"_id": {"$oid": "63e6a11461c2a601272c50fa"}}, "u": {"_id": {"$oid": "63e6a11461c2a601272c50fa"}, "uuid": {"$binary": {"base64": "EREAAGmNqZO6g+qWtQUAAA==", "subType": "03"}}, "nombre": "loli", "apellido": "test", "telefono": "123456789", "email": "loli@test.com", "password": "lolitest", "perfil": "ADMIN", "activo": true}, "upsert": true}]}' with request id 180 to database practica03mongoIvanLoli on connection [connectionId{localValue:7, serverValue:268692}] to server ac-o2suyf6-shard-00-02.7qtbnuz.mongodb.net:27017
20:55:01.112 [async-channel-group-0-handler-executor] DEBUG org.mongodb.driver.protocol.command - Execution of command with request id 180 completed successfully in 39.67 ms on connection [connectionId{localValue:7, serverValue:268692}] to server ac-o2suyf6-shard-00-02.7qtbnuz.mongodb.net:27017
20:55:01.117 [DefaultDispatcher-worker-5 @coroutine#1255] DEBUG koin.repositories.user.UserRepository - delete(63e6a11561c2a601272c50fc)
20:55:01.118 [AsyncGetter-5-thread-1] DEBUG org.mongodb.driver.protocol.command - Sending command '{"find": "user", "filter": {"_id": {"$oid": "63e6a11561c2a601272c50fc"}}, "limit": 1, "singleBatch": true, "$db": "practica03mongoIvanLoli", "$clusterTime": {"clusterTime": {"$timestamp": {"t": 1676058897, "i": 5}}, "signature": {"hash": {"$binary": {"base64": "3nUJXMZdqdOP3wtVqEbaFQOqb7s=", "subType": "00"}}, "keyId": 7161871216054108163}}, "lsid": {"id": {"$binary": {"base64": "iaaDCEpQRkC2MlqJ67VcNQ==", "subType": "04"}}}}' with request id 181 to database practica03mongoIvanLoli on connection [connectionId{localValue:7, serverValue:268692}] to server ac-o2suyf6-shard-00-02.7qtbnuz.mongodb.net:27017
20:55:01.157 [async-channel-group-0-handler-executor] DEBUG org.mongodb.driver.protocol.command - Execution of command with request id 181 completed successfully in 38.85 ms on connection [connectionId{localValue:7, serverValue:268692}] to server ac-o2suyf6-shard-00-02.7qtbnuz.mongodb.net:27017
20:55:01.157 [async-channel-group-0-handler-executor] DEBUG org.mongodb.driver.operation - Received batch of 0 documents with cursorId 0 from server ac-o2suyf6-shard-00-02.7qtbnuz.mongodb.net:27017
20:55:01.158 [AsyncGetter-5-thread-1] DEBUG org.mongodb.driver.protocol.command - Sending command '{"delete": "user", "ordered": true, "txnNumber": 70, "$db": "practica03mongoIvanLoli", "$clusterTime": {"clusterTime": {"$timestamp": {"t": 1676058897, "i": 5}}, "signature": {"hash": {"$binary": {"base64": "3nUJXMZdqdOP3wtVqEbaFQOqb7s=", "subType": "00"}}, "keyId": 7161871216054108163}}, "lsid": {"id": {"$binary": {"base64": "iaaDCEpQRkC2MlqJ67VcNQ==", "subType": "04"}}}, "deletes": [{"q": {"_id": {"$oid": "63e6a11561c2a601272c50fc"}}, "limit": 1}]}' with request id 182 to database practica03mongoIvanLoli on connection [connectionId{localValue:7, serverValue:268692}] to server ac-o2suyf6-shard-00-02.7qtbnuz.mongodb.net:27017
20:55:01.197 [async-channel-group-0-handler-executor] DEBUG org.mongodb.driver.protocol.command - Execution of command with request id 182 completed successfully in 38.73 ms on connection [connectionId{localValue:7, serverValue:268692}] to server ac-o2suyf6-shard-00-02.7qtbnuz.mongodb.net:27017
20:55:01.201 [AsyncGetter-5-thread-1] DEBUG org.mongodb.driver.protocol.command - Sending command '{"update": "user", "ordered": true, "txnNumber": 71, "$db": "practica03mongoIvanLoli", "$clusterTime": {"clusterTime": {"$timestamp": {"t": 1676058897, "i": 5}}, "signature": {"hash": {"$binary": {"base64": "3nUJXMZdqdOP3wtVqEbaFQOqb7s=", "subType": "00"}}, "keyId": 7161871216054108163}}, "lsid": {"id": {"$binary": {"base64": "iaaDCEpQRkC2MlqJ67VcNQ==", "subType": "04"}}}, "updates": [{"q": {"_id": {"$oid": "63e6a11461c2a601272c50fa"}}, "u": {"_id": {"$oid": "63e6a11461c2a601272c50fa"}, "uuid": {"$binary": {"base64": "EREAAGmNqZO6g+qWtQUAAA==", "subType": "03"}}, "nombre": "loli", "apellido": "test", "telefono": "123456789", "email": "loli@test.com", "password": "lolitest", "perfil": "ADMIN", "activo": true}, "upsert": true}]}' with request id 183 to database practica03mongoIvanLoli on connection [connectionId{localValue:7, serverValue:268692}] to server ac-o2suyf6-shard-00-02.7qtbnuz.mongodb.net:27017
20:55:01.242 [async-channel-group-0-handler-executor] DEBUG org.mongodb.driver.protocol.command - Execution of command with request id 183 completed successfully in 40.09 ms on connection [connectionId{localValue:7, serverValue:268692}] to server ac-o2suyf6-shard-00-02.7qtbnuz.mongodb.net:27017
20:55:01.249 [DefaultDispatcher-worker-10 @coroutine#1260] DEBUG koin.repositories.user.UserRepository - setInactive(63e6a11461c2a601272c50fa)
20:55:01.250 [AsyncGetter-5-thread-1] DEBUG org.mongodb.driver.protocol.command - Sending command '{"find": "user", "filter": {"_id": {"$oid": "63e6a11461c2a601272c50fa"}}, "limit": 1, "singleBatch": true, "$db": "practica03mongoIvanLoli", "$clusterTime": {"clusterTime": {"$timestamp": {"t": 1676058897, "i": 5}}, "signature": {"hash": {"$binary": {"base64": "3nUJXMZdqdOP3wtVqEbaFQOqb7s=", "subType": "00"}}, "keyId": 7161871216054108163}}, "lsid": {"id": {"$binary": {"base64": "iaaDCEpQRkC2MlqJ67VcNQ==", "subType": "04"}}}}' with request id 184 to database practica03mongoIvanLoli on connection [connectionId{localValue:7, serverValue:268692}] to server ac-o2suyf6-shard-00-02.7qtbnuz.mongodb.net:27017
20:55:01.289 [async-channel-group-0-handler-executor] DEBUG org.mongodb.driver.protocol.command - Execution of command with request id 184 completed successfully in 39.29 ms on connection [connectionId{localValue:7, serverValue:268692}] to server ac-o2suyf6-shard-00-02.7qtbnuz.mongodb.net:27017
20:55:01.290 [async-channel-group-0-handler-executor] DEBUG org.mongodb.driver.operation - Received batch of 1 documents with cursorId 0 from server ac-o2suyf6-shard-00-02.7qtbnuz.mongodb.net:27017
20:55:01.291 [AsyncGetter-5-thread-1] DEBUG org.mongodb.driver.protocol.command - Sending command '{"update": "user", "ordered": true, "txnNumber": 72, "$db": "practica03mongoIvanLoli", "$clusterTime": {"clusterTime": {"$timestamp": {"t": 1676058897, "i": 5}}, "signature": {"hash": {"$binary": {"base64": "3nUJXMZdqdOP3wtVqEbaFQOqb7s=", "subType": "00"}}, "keyId": 7161871216054108163}}, "lsid": {"id": {"$binary": {"base64": "iaaDCEpQRkC2MlqJ67VcNQ==", "subType": "04"}}}, "updates": [{"q": {"_id": {"$oid": "63e6a11461c2a601272c50fa"}}, "u": {"_id": {"$oid": "63e6a11461c2a601272c50fa"}, "uuid": {"$binary": {"base64": "EREAAGmNqZO6g+qWtQUAAA==", "subType": "03"}}, "nombre": "loli", "apellido": "test", "telefono": "123456789", "email": "loli@test.com", "password": "lolitest", "perfil": "ADMIN", "activo": false}, "upsert": true}]}' with request id 185 to database practica03mongoIvanLoli on connection [connectionId{localValue:7, serverValue:268692}] to server ac-o2suyf6-shard-00-02.7qtbnuz.mongodb.net:27017
20:55:01.337 [async-channel-group-0-handler-executor] DEBUG org.mongodb.driver.protocol.command - Execution of command with request id 185 completed successfully in 45.47 ms on connection [connectionId{localValue:7, serverValue:268692}] to server ac-o2suyf6-shard-00-02.7qtbnuz.mongodb.net:27017
20:55:01.343 [AsyncGetter-5-thread-1] DEBUG org.mongodb.driver.protocol.command - Sending command '{"drop": "user", "$db": "practica03mongoIvanLoli", "$clusterTime": {"clusterTime": {"$timestamp": {"t": 1676058897, "i": 6}}, "signature": {"hash": {"$binary": {"base64": "3nUJXMZdqdOP3wtVqEbaFQOqb7s=", "subType": "00"}}, "keyId": 7161871216054108163}}, "lsid": {"id": {"$binary": {"base64": "iaaDCEpQRkC2MlqJ67VcNQ==", "subType": "04"}}}}' with request id 186 to database practica03mongoIvanLoli on connection [connectionId{localValue:7, serverValue:268692}] to server ac-o2suyf6-shard-00-02.7qtbnuz.mongodb.net:27017
20:55:01.391 [async-channel-group-0-handler-executor] DEBUG org.mongodb.driver.protocol.command - Execution of command with request id 186 completed successfully in 48.70 ms on connection [connectionId{localValue:7, serverValue:268692}] to server ac-o2suyf6-shard-00-02.7qtbnuz.mongodb.net:27017
]]></system-out>
  <system-err><![CDATA[]]></system-err>
</testsuite>
